<?xml version="1.0" encoding="UTF-8"?>
<testsuite xmlns:xsi="http://www.w3.org/2001/XMLSchema-instance" xsi:noNamespaceSchemaLocation="https://maven.apache.org/surefire/maven-surefire-plugin/xsd/surefire-test-report.xsd" version="3.0.2" name="Orchestrator.OrchestratorTests" time="0.61" tests="2" errors="0" skipped="0" failures="0">
  <properties>
    <property name="java.specification.version" value="21"/>
    <property name="sun.jnu.encoding" value="UTF-8"/>
    <property name="java.class.path" value="/app/ARCOS/target/test-classes:/app/ARCOS/target/classes:/home/jules/.m2/repository/io/github/givimad/whisper-jni/1.7.1/whisper-jni-1.7.1.jar:/home/jules/.m2/repository/com/squareup/okhttp3/okhttp/4.12.0/okhttp-4.12.0.jar:/home/jules/.m2/repository/com/squareup/okio/okio/3.6.0/okio-3.6.0.jar:/home/jules/.m2/repository/com/squareup/okio/okio-jvm/3.6.0/okio-jvm-3.6.0.jar:/home/jules/.m2/repository/org/jetbrains/kotlin/kotlin-stdlib-common/1.9.25/kotlin-stdlib-common-1.9.25.jar:/home/jules/.m2/repository/org/jetbrains/kotlin/kotlin-stdlib-jdk8/1.9.25/kotlin-stdlib-jdk8-1.9.25.jar:/home/jules/.m2/repository/org/jetbrains/kotlin/kotlin-stdlib/1.9.25/kotlin-stdlib-1.9.25.jar:/home/jules/.m2/repository/org/jetbrains/annotations/13.0/annotations-13.0.jar:/home/jules/.m2/repository/org/jetbrains/kotlin/kotlin-stdlib-jdk7/1.9.25/kotlin-stdlib-jdk7-1.9.25.jar:/home/jules/.m2/repository/com/google/apis/google-api-services-calendar/v3-rev411-1.25.0/google-api-services-calendar-v3-rev411-1.25.0.jar:/home/jules/.m2/repository/com/google/api-client/google-api-client/1.25.0/google-api-client-1.25.0.jar:/home/jules/.m2/repository/com/google/http-client/google-http-client-jackson2/1.25.0/google-http-client-jackson2-1.25.0.jar:/home/jules/.m2/repository/com/google/oauth-client/google-oauth-client-jetty/1.34.1/google-oauth-client-jetty-1.34.1.jar:/home/jules/.m2/repository/com/google/oauth-client/google-oauth-client-java6/1.34.1/google-oauth-client-java6-1.34.1.jar:/home/jules/.m2/repository/com/google/http-client/google-http-client/1.42.0/google-http-client-1.42.0.jar:/home/jules/.m2/repository/com/fasterxml/jackson/core/jackson-core/2.19.2/jackson-core-2.19.2.jar:/home/jules/.m2/repository/com/fasterxml/jackson/core/jackson-databind/2.19.2/jackson-databind-2.19.2.jar:/home/jules/.m2/repository/com/fasterxml/jackson/core/jackson-annotations/2.19.1/jackson-annotations-2.19.1.jar:/home/jules/.m2/repository/ai/picovoice/porcupine-java/3.0.5/porcupine-java-3.0.5.jar:/home/jules/.m2/repository/org/springframework/boot/spring-boot-starter/3.5.3/spring-boot-starter-3.5.3.jar:/home/jules/.m2/repository/org/springframework/boot/spring-boot/3.5.3/spring-boot-3.5.3.jar:/home/jules/.m2/repository/org/springframework/spring-context/6.2.8/spring-context-6.2.8.jar:/home/jules/.m2/repository/org/springframework/spring-aop/6.2.8/spring-aop-6.2.8.jar:/home/jules/.m2/repository/org/springframework/spring-expression/6.2.8/spring-expression-6.2.8.jar:/home/jules/.m2/repository/org/springframework/boot/spring-boot-autoconfigure/3.5.3/spring-boot-autoconfigure-3.5.3.jar:/home/jules/.m2/repository/org/springframework/boot/spring-boot-starter-logging/3.5.3/spring-boot-starter-logging-3.5.3.jar:/home/jules/.m2/repository/ch/qos/logback/logback-classic/1.5.18/logback-classic-1.5.18.jar:/home/jules/.m2/repository/ch/qos/logback/logback-core/1.5.18/logback-core-1.5.18.jar:/home/jules/.m2/repository/org/apache/logging/log4j/log4j-to-slf4j/2.24.3/log4j-to-slf4j-2.24.3.jar:/home/jules/.m2/repository/org/apache/logging/log4j/log4j-api/2.24.3/log4j-api-2.24.3.jar:/home/jules/.m2/repository/org/slf4j/jul-to-slf4j/2.0.17/jul-to-slf4j-2.0.17.jar:/home/jules/.m2/repository/jakarta/annotation/jakarta.annotation-api/2.1.1/jakarta.annotation-api-2.1.1.jar:/home/jules/.m2/repository/org/springframework/spring-core/6.2.8/spring-core-6.2.8.jar:/home/jules/.m2/repository/org/springframework/spring-jcl/6.2.8/spring-jcl-6.2.8.jar:/home/jules/.m2/repository/org/yaml/snakeyaml/2.4/snakeyaml-2.4.jar:/home/jules/.m2/repository/org/springframework/boot/spring-boot-devtools/3.5.3/spring-boot-devtools-3.5.3.jar:/home/jules/.m2/repository/org/springframework/boot/spring-boot-starter-test/3.5.3/spring-boot-starter-test-3.5.3.jar:/home/jules/.m2/repository/org/springframework/boot/spring-boot-test/3.5.3/spring-boot-test-3.5.3.jar:/home/jules/.m2/repository/org/springframework/boot/spring-boot-test-autoconfigure/3.5.3/spring-boot-test-autoconfigure-3.5.3.jar:/home/jules/.m2/repository/com/jayway/jsonpath/json-path/2.9.0/json-path-2.9.0.jar:/home/jules/.m2/repository/jakarta/xml/bind/jakarta.xml.bind-api/4.0.2/jakarta.xml.bind-api-4.0.2.jar:/home/jules/.m2/repository/jakarta/activation/jakarta.activation-api/2.1.3/jakarta.activation-api-2.1.3.jar:/home/jules/.m2/repository/net/minidev/json-smart/2.5.2/json-smart-2.5.2.jar:/home/jules/.m2/repository/net/minidev/accessors-smart/2.5.2/accessors-smart-2.5.2.jar:/home/jules/.m2/repository/org/ow2/asm/asm/9.7.1/asm-9.7.1.jar:/home/jules/.m2/repository/org/assertj/assertj-core/3.27.3/assertj-core-3.27.3.jar:/home/jules/.m2/repository/net/bytebuddy/byte-buddy/1.17.6/byte-buddy-1.17.6.jar:/home/jules/.m2/repository/org/awaitility/awaitility/4.2.2/awaitility-4.2.2.jar:/home/jules/.m2/repository/org/hamcrest/hamcrest/3.0/hamcrest-3.0.jar:/home/jules/.m2/repository/org/junit/jupiter/junit-jupiter/5.12.2/junit-jupiter-5.12.2.jar:/home/jules/.m2/repository/org/junit/jupiter/junit-jupiter-api/5.12.2/junit-jupiter-api-5.12.2.jar:/home/jules/.m2/repository/org/opentest4j/opentest4j/1.3.0/opentest4j-1.3.0.jar:/home/jules/.m2/repository/org/junit/platform/junit-platform-commons/1.12.2/junit-platform-commons-1.12.2.jar:/home/jules/.m2/repository/org/apiguardian/apiguardian-api/1.1.2/apiguardian-api-1.1.2.jar:/home/jules/.m2/repository/org/junit/jupiter/junit-jupiter-params/5.12.2/junit-jupiter-params-5.12.2.jar:/home/jules/.m2/repository/org/junit/jupiter/junit-jupiter-engine/5.12.2/junit-jupiter-engine-5.12.2.jar:/home/jules/.m2/repository/org/junit/platform/junit-platform-engine/1.12.2/junit-platform-engine-1.12.2.jar:/home/jules/.m2/repository/org/mockito/mockito-core/5.17.0/mockito-core-5.17.0.jar:/home/jules/.m2/repository/net/bytebuddy/byte-buddy-agent/1.17.6/byte-buddy-agent-1.17.6.jar:/home/jules/.m2/repository/org/objenesis/objenesis/3.3/objenesis-3.3.jar:/home/jules/.m2/repository/org/mockito/mockito-junit-jupiter/5.17.0/mockito-junit-jupiter-5.17.0.jar:/home/jules/.m2/repository/org/skyscreamer/jsonassert/1.5.3/jsonassert-1.5.3.jar:/home/jules/.m2/repository/com/vaadin/external/google/android-json/0.0.20131108.vaadin1/android-json-0.0.20131108.vaadin1.jar:/home/jules/.m2/repository/org/springframework/spring-test/6.2.8/spring-test-6.2.8.jar:/home/jules/.m2/repository/org/xmlunit/xmlunit-core/2.10.2/xmlunit-core-2.10.2.jar:/home/jules/.m2/repository/org/springframework/ai/spring-ai-starter-model-mistral-ai/1.0.0/spring-ai-starter-model-mistral-ai-1.0.0.jar:/home/jules/.m2/repository/org/springframework/ai/spring-ai-autoconfigure-model-mistral-ai/1.0.0/spring-ai-autoconfigure-model-mistral-ai-1.0.0.jar:/home/jules/.m2/repository/org/springframework/ai/spring-ai-autoconfigure-model-tool/1.0.0/spring-ai-autoconfigure-model-tool-1.0.0.jar:/home/jules/.m2/repository/org/springframework/ai/spring-ai-autoconfigure-retry/1.0.0/spring-ai-autoconfigure-retry-1.0.0.jar:/home/jules/.m2/repository/org/springframework/ai/spring-ai-autoconfigure-model-chat-observation/1.0.0/spring-ai-autoconfigure-model-chat-observation-1.0.0.jar:/home/jules/.m2/repository/org/springframework/ai/spring-ai-autoconfigure-model-embedding-observation/1.0.0/spring-ai-autoconfigure-model-embedding-observation-1.0.0.jar:/home/jules/.m2/repository/org/springframework/ai/spring-ai-autoconfigure-model-image-observation/1.0.0/spring-ai-autoconfigure-model-image-observation-1.0.0.jar:/home/jules/.m2/repository/org/springframework/ai/spring-ai-mistral-ai/1.0.0/spring-ai-mistral-ai-1.0.0.jar:/home/jules/.m2/repository/org/springframework/ai/spring-ai-model/1.0.0/spring-ai-model-1.0.0.jar:/home/jules/.m2/repository/org/springframework/ai/spring-ai-commons/1.0.0/spring-ai-commons-1.0.0.jar:/home/jules/.m2/repository/io/micrometer/micrometer-core/1.15.1/micrometer-core-1.15.1.jar:/home/jules/.m2/repository/org/hdrhistogram/HdrHistogram/2.2.2/HdrHistogram-2.2.2.jar:/home/jules/.m2/repository/org/latencyutils/LatencyUtils/2.0.3/LatencyUtils-2.0.3.jar:/home/jules/.m2/repository/io/micrometer/context-propagation/1.1.3/context-propagation-1.1.3.jar:/home/jules/.m2/repository/org/springframework/ai/spring-ai-template-st/1.0.0/spring-ai-template-st-1.0.0.jar:/home/jules/.m2/repository/org/antlr/ST4/4.3.4/ST4-4.3.4.jar:/home/jules/.m2/repository/org/antlr/antlr-runtime/3.5.3/antlr-runtime-3.5.3.jar:/home/jules/.m2/repository/org/springframework/spring-messaging/6.2.8/spring-messaging-6.2.8.jar:/home/jules/.m2/repository/org/antlr/antlr4-runtime/4.13.1/antlr4-runtime-4.13.1.jar:/home/jules/.m2/repository/com/github/victools/jsonschema-generator/4.37.0/jsonschema-generator-4.37.0.jar:/home/jules/.m2/repository/com/fasterxml/classmate/1.7.0/classmate-1.7.0.jar:/home/jules/.m2/repository/com/github/victools/jsonschema-module-jackson/4.37.0/jsonschema-module-jackson-4.37.0.jar:/home/jules/.m2/repository/com/github/victools/jsonschema-module-swagger-2/4.37.0/jsonschema-module-swagger-2-4.37.0.jar:/home/jules/.m2/repository/io/swagger/core/v3/swagger-annotations/2.2.25/swagger-annotations-2.2.25.jar:/home/jules/.m2/repository/org/springframework/ai/spring-ai-retry/1.0.0/spring-ai-retry-1.0.0.jar:/home/jules/.m2/repository/org/springframework/retry/spring-retry/2.0.12/spring-retry-2.0.12.jar:/home/jules/.m2/repository/org/springframework/spring-context-support/6.2.8/spring-context-support-6.2.8.jar:/home/jules/.m2/repository/org/springframework/ai/spring-ai-autoconfigure-model-chat-client/1.0.0/spring-ai-autoconfigure-model-chat-client-1.0.0.jar:/home/jules/.m2/repository/org/springframework/ai/spring-ai-client-chat/1.0.0/spring-ai-client-chat-1.0.0.jar:/home/jules/.m2/repository/com/fasterxml/jackson/module/jackson-module-jsonSchema/2.19.1/jackson-module-jsonSchema-2.19.1.jar:/home/jules/.m2/repository/javax/validation/validation-api/1.1.0.Final/validation-api-1.1.0.Final.jar:/home/jules/.m2/repository/com/knuddels/jtokkit/1.1.0/jtokkit-1.1.0.jar:/home/jules/.m2/repository/org/springframework/ai/spring-ai-autoconfigure-model-chat-memory/1.0.0/spring-ai-autoconfigure-model-chat-memory-1.0.0.jar:/home/jules/.m2/repository/org/projectlombok/lombok/1.18.38/lombok-1.18.38.jar:/home/jules/.m2/repository/com/google/cloud/google-cloud-bigquery/2.38.0/google-cloud-bigquery-2.38.0.jar:/home/jules/.m2/repository/com/google/cloud/google-cloud-core/2.33.0/google-cloud-core-2.33.0.jar:/home/jules/.m2/repository/com/google/protobuf/protobuf-java-util/3.25.2/protobuf-java-util-3.25.2.jar:/home/jules/.m2/repository/com/google/api/grpc/proto-google-common-protos/2.34.0/proto-google-common-protos-2.34.0.jar:/home/jules/.m2/repository/com/google/api/grpc/proto-google-iam-v1/1.29.0/proto-google-iam-v1-1.29.0.jar:/home/jules/.m2/repository/com/google/cloud/google-cloud-core-http/2.33.0/google-cloud-core-http-2.33.0.jar:/home/jules/.m2/repository/com/google/oauth-client/google-oauth-client/1.35.0/google-oauth-client-1.35.0.jar:/home/jules/.m2/repository/com/google/http-client/google-http-client-apache-v2/1.44.1/google-http-client-apache-v2-1.44.1.jar:/home/jules/.m2/repository/com/google/http-client/google-http-client-appengine/1.44.1/google-http-client-appengine-1.44.1.jar:/home/jules/.m2/repository/com/google/api/gax-httpjson/2.43.0/gax-httpjson-2.43.0.jar:/home/jules/.m2/repository/io/opencensus/opencensus-api/0.31.1/opencensus-api-0.31.1.jar:/home/jules/.m2/repository/io/opencensus/opencensus-contrib-http-util/0.31.1/opencensus-contrib-http-util-0.31.1.jar:/home/jules/.m2/repository/com/google/http-client/google-http-client-gson/1.44.1/google-http-client-gson-1.44.1.jar:/home/jules/.m2/repository/org/apache/httpcomponents/httpclient/4.5.14/httpclient-4.5.14.jar:/home/jules/.m2/repository/org/apache/httpcomponents/httpcore/4.4.16/httpcore-4.4.16.jar:/home/jules/.m2/repository/com/google/j2objc/j2objc-annotations/2.8/j2objc-annotations-2.8.jar:/home/jules/.m2/repository/io/grpc/grpc-context/1.61.1/grpc-context-1.61.1.jar:/home/jules/.m2/repository/org/checkerframework/checker-compat-qual/2.5.6/checker-compat-qual-2.5.6.jar:/home/jules/.m2/repository/org/checkerframework/checker-qual/3.42.0/checker-qual-3.42.0.jar:/home/jules/.m2/repository/com/google/auth/google-auth-library-credentials/1.23.0/google-auth-library-credentials-1.23.0.jar:/home/jules/.m2/repository/com/google/auth/google-auth-library-oauth2-http/1.23.0/google-auth-library-oauth2-http-1.23.0.jar:/home/jules/.m2/repository/com/google/code/findbugs/jsr305/3.0.2/jsr305-3.0.2.jar:/home/jules/.m2/repository/com/google/apis/google-api-services-bigquery/v2-rev20240211-2.0.0/google-api-services-bigquery-v2-rev20240211-2.0.0.jar:/home/jules/.m2/repository/com/google/api/api-common/2.26.0/api-common-2.26.0.jar:/home/jules/.m2/repository/javax/annotation/javax.annotation-api/1.3.2/javax.annotation-api-1.3.2.jar:/home/jules/.m2/repository/com/google/guava/guava/32.1.3-jre/guava-32.1.3-jre.jar:/home/jules/.m2/repository/com/google/guava/failureaccess/1.0.1/failureaccess-1.0.1.jar:/home/jules/.m2/repository/com/google/guava/listenablefuture/9999.0-empty-to-avoid-conflict-with-guava/listenablefuture-9999.0-empty-to-avoid-conflict-with-guava.jar:/home/jules/.m2/repository/com/google/api/gax/2.43.0/gax-2.43.0.jar:/home/jules/.m2/repository/org/threeten/threetenbp/1.6.8/threetenbp-1.6.8.jar:/home/jules/.m2/repository/com/google/code/gson/gson/2.13.1/gson-2.13.1.jar:/home/jules/.m2/repository/org/threeten/threeten-extra/1.7.2/threeten-extra-1.7.2.jar:/home/jules/.m2/repository/com/google/protobuf/protobuf-java/3.25.2/protobuf-java-3.25.2.jar:/home/jules/.m2/repository/com/google/cloud/google-cloud-bigquerystorage/3.2.0/google-cloud-bigquerystorage-3.2.0.jar:/home/jules/.m2/repository/io/grpc/grpc-api/1.61.1/grpc-api-1.61.1.jar:/home/jules/.m2/repository/io/grpc/grpc-stub/1.61.1/grpc-stub-1.61.1.jar:/home/jules/.m2/repository/io/grpc/grpc-protobuf/1.61.1/grpc-protobuf-1.61.1.jar:/home/jules/.m2/repository/io/grpc/grpc-protobuf-lite/1.61.1/grpc-protobuf-lite-1.61.1.jar:/home/jules/.m2/repository/io/grpc/grpc-util/1.61.1/grpc-util-1.61.1.jar:/home/jules/.m2/repository/io/grpc/grpc-core/1.61.1/grpc-core-1.61.1.jar:/home/jules/.m2/repository/com/google/android/annotations/4.1.1.4/annotations-4.1.1.4.jar:/home/jules/.m2/repository/io/perfmark/perfmark-api/0.27.0/perfmark-api-0.27.0.jar:/home/jules/.m2/repository/org/codehaus/mojo/animal-sniffer-annotations/1.23/animal-sniffer-annotations-1.23.jar:/home/jules/.m2/repository/com/google/auto/value/auto-value/1.10.4/auto-value-1.10.4.jar:/home/jules/.m2/repository/com/google/api/grpc/proto-google-cloud-bigquerystorage-v1beta1/0.174.0/proto-google-cloud-bigquerystorage-v1beta1-0.174.0.jar:/home/jules/.m2/repository/com/google/api/grpc/proto-google-cloud-bigquerystorage-v1beta2/0.174.0/proto-google-cloud-bigquerystorage-v1beta2-0.174.0.jar:/home/jules/.m2/repository/com/google/api/gax-grpc/2.43.0/gax-grpc-2.43.0.jar:/home/jules/.m2/repository/io/grpc/grpc-inprocess/1.61.1/grpc-inprocess-1.61.1.jar:/home/jules/.m2/repository/io/grpc/grpc-alts/1.61.1/grpc-alts-1.61.1.jar:/home/jules/.m2/repository/io/grpc/grpc-grpclb/1.61.1/grpc-grpclb-1.61.1.jar:/home/jules/.m2/repository/org/conscrypt/conscrypt-openjdk-uber/2.5.2/conscrypt-openjdk-uber-2.5.2.jar:/home/jules/.m2/repository/io/grpc/grpc-auth/1.61.1/grpc-auth-1.61.1.jar:/home/jules/.m2/repository/io/grpc/grpc-netty-shaded/1.61.1/grpc-netty-shaded-1.61.1.jar:/home/jules/.m2/repository/io/grpc/grpc-googleapis/1.61.1/grpc-googleapis-1.61.1.jar:/home/jules/.m2/repository/org/json/json/20240205/json-20240205.jar:/home/jules/.m2/repository/commons-codec/commons-codec/1.18.0/commons-codec-1.18.0.jar:/home/jules/.m2/repository/com/google/api/grpc/grpc-google-cloud-bigquerystorage-v1beta1/0.174.0/grpc-google-cloud-bigquerystorage-v1beta1-0.174.0.jar:/home/jules/.m2/repository/com/google/api/grpc/grpc-google-cloud-bigquerystorage-v1beta2/0.174.0/grpc-google-cloud-bigquerystorage-v1beta2-0.174.0.jar:/home/jules/.m2/repository/com/google/api/grpc/grpc-google-cloud-bigquerystorage-v1/3.2.0/grpc-google-cloud-bigquerystorage-v1-3.2.0.jar:/home/jules/.m2/repository/com/google/api/grpc/proto-google-cloud-bigquerystorage-v1/3.2.0/proto-google-cloud-bigquerystorage-v1-3.2.0.jar:/home/jules/.m2/repository/org/apache/arrow/arrow-vector/15.0.0/arrow-vector-15.0.0.jar:/home/jules/.m2/repository/org/apache/arrow/arrow-format/15.0.0/arrow-format-15.0.0.jar:/home/jules/.m2/repository/com/fasterxml/jackson/datatype/jackson-datatype-jsr310/2.19.1/jackson-datatype-jsr310-2.19.1.jar:/home/jules/.m2/repository/com/google/flatbuffers/flatbuffers-java/23.5.26/flatbuffers-java-23.5.26.jar:/home/jules/.m2/repository/org/slf4j/slf4j-api/2.0.17/slf4j-api-2.0.17.jar:/home/jules/.m2/repository/org/eclipse/collections/eclipse-collections/11.1.0/eclipse-collections-11.1.0.jar:/home/jules/.m2/repository/org/eclipse/collections/eclipse-collections-api/11.1.0/eclipse-collections-api-11.1.0.jar:/home/jules/.m2/repository/org/apache/arrow/arrow-memory-core/15.0.0/arrow-memory-core-15.0.0.jar:/home/jules/.m2/repository/org/apache/arrow/arrow-memory-netty/15.0.0/arrow-memory-netty-15.0.0.jar:/home/jules/.m2/repository/io/netty/netty-buffer/4.1.122.Final/netty-buffer-4.1.122.Final.jar:/home/jules/.m2/repository/io/netty/netty-common/4.1.122.Final/netty-common-4.1.122.Final.jar:/home/jules/.m2/repository/com/google/errorprone/error_prone_annotations/2.24.1/error_prone_annotations-2.24.1.jar:/home/jules/.m2/repository/org/jsoup/jsoup/1.17.2/jsoup-1.17.2.jar:/home/jules/.m2/repository/org/springframework/boot/spring-boot-starter-webflux/3.5.3/spring-boot-starter-webflux-3.5.3.jar:/home/jules/.m2/repository/org/springframework/boot/spring-boot-starter-json/3.5.3/spring-boot-starter-json-3.5.3.jar:/home/jules/.m2/repository/com/fasterxml/jackson/datatype/jackson-datatype-jdk8/2.19.1/jackson-datatype-jdk8-2.19.1.jar:/home/jules/.m2/repository/com/fasterxml/jackson/module/jackson-module-parameter-names/2.19.1/jackson-module-parameter-names-2.19.1.jar:/home/jules/.m2/repository/org/springframework/boot/spring-boot-starter-reactor-netty/3.5.3/spring-boot-starter-reactor-netty-3.5.3.jar:/home/jules/.m2/repository/io/projectreactor/netty/reactor-netty-http/1.2.7/reactor-netty-http-1.2.7.jar:/home/jules/.m2/repository/io/netty/netty-codec-http/4.1.122.Final/netty-codec-http-4.1.122.Final.jar:/home/jules/.m2/repository/io/netty/netty-transport/4.1.122.Final/netty-transport-4.1.122.Final.jar:/home/jules/.m2/repository/io/netty/netty-codec/4.1.122.Final/netty-codec-4.1.122.Final.jar:/home/jules/.m2/repository/io/netty/netty-handler/4.1.122.Final/netty-handler-4.1.122.Final.jar:/home/jules/.m2/repository/io/netty/netty-codec-http2/4.1.122.Final/netty-codec-http2-4.1.122.Final.jar:/home/jules/.m2/repository/io/netty/netty-resolver-dns/4.1.122.Final/netty-resolver-dns-4.1.122.Final.jar:/home/jules/.m2/repository/io/netty/netty-resolver/4.1.122.Final/netty-resolver-4.1.122.Final.jar:/home/jules/.m2/repository/io/netty/netty-codec-dns/4.1.122.Final/netty-codec-dns-4.1.122.Final.jar:/home/jules/.m2/repository/io/netty/netty-resolver-dns-native-macos/4.1.122.Final/netty-resolver-dns-native-macos-4.1.122.Final-osx-x86_64.jar:/home/jules/.m2/repository/io/netty/netty-resolver-dns-classes-macos/4.1.122.Final/netty-resolver-dns-classes-macos-4.1.122.Final.jar:/home/jules/.m2/repository/io/netty/netty-transport-native-epoll/4.1.122.Final/netty-transport-native-epoll-4.1.122.Final-linux-x86_64.jar:/home/jules/.m2/repository/io/netty/netty-transport-native-unix-common/4.1.122.Final/netty-transport-native-unix-common-4.1.122.Final.jar:/home/jules/.m2/repository/io/netty/netty-transport-classes-epoll/4.1.122.Final/netty-transport-classes-epoll-4.1.122.Final.jar:/home/jules/.m2/repository/io/projectreactor/netty/reactor-netty-core/1.2.7/reactor-netty-core-1.2.7.jar:/home/jules/.m2/repository/io/netty/netty-handler-proxy/4.1.122.Final/netty-handler-proxy-4.1.122.Final.jar:/home/jules/.m2/repository/io/netty/netty-codec-socks/4.1.122.Final/netty-codec-socks-4.1.122.Final.jar:/home/jules/.m2/repository/org/springframework/spring-web/6.2.8/spring-web-6.2.8.jar:/home/jules/.m2/repository/org/springframework/spring-beans/6.2.8/spring-beans-6.2.8.jar:/home/jules/.m2/repository/io/micrometer/micrometer-observation/1.15.1/micrometer-observation-1.15.1.jar:/home/jules/.m2/repository/io/micrometer/micrometer-commons/1.15.1/micrometer-commons-1.15.1.jar:/home/jules/.m2/repository/org/springframework/spring-webflux/6.2.8/spring-webflux-6.2.8.jar:/home/jules/.m2/repository/io/projectreactor/reactor-test/3.7.7/reactor-test-3.7.7.jar:/home/jules/.m2/repository/io/projectreactor/reactor-core/3.7.7/reactor-core-3.7.7.jar:/home/jules/.m2/repository/org/reactivestreams/reactive-streams/1.0.4/reactive-streams-1.0.4.jar:"/>
    <property name="java.vm.vendor" value="Ubuntu"/>
    <property name="sun.arch.data.model" value="64"/>
    <property name="java.vendor.url" value="https://ubuntu.com/"/>
    <property name="user.timezone" value="Etc/UTC"/>
    <property name="os.name" value="Linux"/>
    <property name="java.vm.specification.version" value="21"/>
    <property name="sun.java.launcher" value="SUN_STANDARD"/>
    <property name="sun.boot.library.path" value="/usr/lib/jvm/java-21-openjdk-amd64/lib"/>
    <property name="sun.java.command" value="/app/ARCOS/target/surefire/surefirebooter-20250906105417506_3.jar /app/ARCOS/target/surefire 2025-09-06T10-54-17_423-jvmRun1 surefire-20250906105417506_1tmp surefire_0-20250906105417506_2tmp"/>
    <property name="jdk.debug" value="release"/>
    <property name="surefire.test.class.path" value="/app/ARCOS/target/test-classes:/app/ARCOS/target/classes:/home/jules/.m2/repository/io/github/givimad/whisper-jni/1.7.1/whisper-jni-1.7.1.jar:/home/jules/.m2/repository/com/squareup/okhttp3/okhttp/4.12.0/okhttp-4.12.0.jar:/home/jules/.m2/repository/com/squareup/okio/okio/3.6.0/okio-3.6.0.jar:/home/jules/.m2/repository/com/squareup/okio/okio-jvm/3.6.0/okio-jvm-3.6.0.jar:/home/jules/.m2/repository/org/jetbrains/kotlin/kotlin-stdlib-common/1.9.25/kotlin-stdlib-common-1.9.25.jar:/home/jules/.m2/repository/org/jetbrains/kotlin/kotlin-stdlib-jdk8/1.9.25/kotlin-stdlib-jdk8-1.9.25.jar:/home/jules/.m2/repository/org/jetbrains/kotlin/kotlin-stdlib/1.9.25/kotlin-stdlib-1.9.25.jar:/home/jules/.m2/repository/org/jetbrains/annotations/13.0/annotations-13.0.jar:/home/jules/.m2/repository/org/jetbrains/kotlin/kotlin-stdlib-jdk7/1.9.25/kotlin-stdlib-jdk7-1.9.25.jar:/home/jules/.m2/repository/com/google/apis/google-api-services-calendar/v3-rev411-1.25.0/google-api-services-calendar-v3-rev411-1.25.0.jar:/home/jules/.m2/repository/com/google/api-client/google-api-client/1.25.0/google-api-client-1.25.0.jar:/home/jules/.m2/repository/com/google/http-client/google-http-client-jackson2/1.25.0/google-http-client-jackson2-1.25.0.jar:/home/jules/.m2/repository/com/google/oauth-client/google-oauth-client-jetty/1.34.1/google-oauth-client-jetty-1.34.1.jar:/home/jules/.m2/repository/com/google/oauth-client/google-oauth-client-java6/1.34.1/google-oauth-client-java6-1.34.1.jar:/home/jules/.m2/repository/com/google/http-client/google-http-client/1.42.0/google-http-client-1.42.0.jar:/home/jules/.m2/repository/com/fasterxml/jackson/core/jackson-core/2.19.2/jackson-core-2.19.2.jar:/home/jules/.m2/repository/com/fasterxml/jackson/core/jackson-databind/2.19.2/jackson-databind-2.19.2.jar:/home/jules/.m2/repository/com/fasterxml/jackson/core/jackson-annotations/2.19.1/jackson-annotations-2.19.1.jar:/home/jules/.m2/repository/ai/picovoice/porcupine-java/3.0.5/porcupine-java-3.0.5.jar:/home/jules/.m2/repository/org/springframework/boot/spring-boot-starter/3.5.3/spring-boot-starter-3.5.3.jar:/home/jules/.m2/repository/org/springframework/boot/spring-boot/3.5.3/spring-boot-3.5.3.jar:/home/jules/.m2/repository/org/springframework/spring-context/6.2.8/spring-context-6.2.8.jar:/home/jules/.m2/repository/org/springframework/spring-aop/6.2.8/spring-aop-6.2.8.jar:/home/jules/.m2/repository/org/springframework/spring-expression/6.2.8/spring-expression-6.2.8.jar:/home/jules/.m2/repository/org/springframework/boot/spring-boot-autoconfigure/3.5.3/spring-boot-autoconfigure-3.5.3.jar:/home/jules/.m2/repository/org/springframework/boot/spring-boot-starter-logging/3.5.3/spring-boot-starter-logging-3.5.3.jar:/home/jules/.m2/repository/ch/qos/logback/logback-classic/1.5.18/logback-classic-1.5.18.jar:/home/jules/.m2/repository/ch/qos/logback/logback-core/1.5.18/logback-core-1.5.18.jar:/home/jules/.m2/repository/org/apache/logging/log4j/log4j-to-slf4j/2.24.3/log4j-to-slf4j-2.24.3.jar:/home/jules/.m2/repository/org/apache/logging/log4j/log4j-api/2.24.3/log4j-api-2.24.3.jar:/home/jules/.m2/repository/org/slf4j/jul-to-slf4j/2.0.17/jul-to-slf4j-2.0.17.jar:/home/jules/.m2/repository/jakarta/annotation/jakarta.annotation-api/2.1.1/jakarta.annotation-api-2.1.1.jar:/home/jules/.m2/repository/org/springframework/spring-core/6.2.8/spring-core-6.2.8.jar:/home/jules/.m2/repository/org/springframework/spring-jcl/6.2.8/spring-jcl-6.2.8.jar:/home/jules/.m2/repository/org/yaml/snakeyaml/2.4/snakeyaml-2.4.jar:/home/jules/.m2/repository/org/springframework/boot/spring-boot-devtools/3.5.3/spring-boot-devtools-3.5.3.jar:/home/jules/.m2/repository/org/springframework/boot/spring-boot-starter-test/3.5.3/spring-boot-starter-test-3.5.3.jar:/home/jules/.m2/repository/org/springframework/boot/spring-boot-test/3.5.3/spring-boot-test-3.5.3.jar:/home/jules/.m2/repository/org/springframework/boot/spring-boot-test-autoconfigure/3.5.3/spring-boot-test-autoconfigure-3.5.3.jar:/home/jules/.m2/repository/com/jayway/jsonpath/json-path/2.9.0/json-path-2.9.0.jar:/home/jules/.m2/repository/jakarta/xml/bind/jakarta.xml.bind-api/4.0.2/jakarta.xml.bind-api-4.0.2.jar:/home/jules/.m2/repository/jakarta/activation/jakarta.activation-api/2.1.3/jakarta.activation-api-2.1.3.jar:/home/jules/.m2/repository/net/minidev/json-smart/2.5.2/json-smart-2.5.2.jar:/home/jules/.m2/repository/net/minidev/accessors-smart/2.5.2/accessors-smart-2.5.2.jar:/home/jules/.m2/repository/org/ow2/asm/asm/9.7.1/asm-9.7.1.jar:/home/jules/.m2/repository/org/assertj/assertj-core/3.27.3/assertj-core-3.27.3.jar:/home/jules/.m2/repository/net/bytebuddy/byte-buddy/1.17.6/byte-buddy-1.17.6.jar:/home/jules/.m2/repository/org/awaitility/awaitility/4.2.2/awaitility-4.2.2.jar:/home/jules/.m2/repository/org/hamcrest/hamcrest/3.0/hamcrest-3.0.jar:/home/jules/.m2/repository/org/junit/jupiter/junit-jupiter/5.12.2/junit-jupiter-5.12.2.jar:/home/jules/.m2/repository/org/junit/jupiter/junit-jupiter-api/5.12.2/junit-jupiter-api-5.12.2.jar:/home/jules/.m2/repository/org/opentest4j/opentest4j/1.3.0/opentest4j-1.3.0.jar:/home/jules/.m2/repository/org/junit/platform/junit-platform-commons/1.12.2/junit-platform-commons-1.12.2.jar:/home/jules/.m2/repository/org/apiguardian/apiguardian-api/1.1.2/apiguardian-api-1.1.2.jar:/home/jules/.m2/repository/org/junit/jupiter/junit-jupiter-params/5.12.2/junit-jupiter-params-5.12.2.jar:/home/jules/.m2/repository/org/junit/jupiter/junit-jupiter-engine/5.12.2/junit-jupiter-engine-5.12.2.jar:/home/jules/.m2/repository/org/junit/platform/junit-platform-engine/1.12.2/junit-platform-engine-1.12.2.jar:/home/jules/.m2/repository/org/mockito/mockito-core/5.17.0/mockito-core-5.17.0.jar:/home/jules/.m2/repository/net/bytebuddy/byte-buddy-agent/1.17.6/byte-buddy-agent-1.17.6.jar:/home/jules/.m2/repository/org/objenesis/objenesis/3.3/objenesis-3.3.jar:/home/jules/.m2/repository/org/mockito/mockito-junit-jupiter/5.17.0/mockito-junit-jupiter-5.17.0.jar:/home/jules/.m2/repository/org/skyscreamer/jsonassert/1.5.3/jsonassert-1.5.3.jar:/home/jules/.m2/repository/com/vaadin/external/google/android-json/0.0.20131108.vaadin1/android-json-0.0.20131108.vaadin1.jar:/home/jules/.m2/repository/org/springframework/spring-test/6.2.8/spring-test-6.2.8.jar:/home/jules/.m2/repository/org/xmlunit/xmlunit-core/2.10.2/xmlunit-core-2.10.2.jar:/home/jules/.m2/repository/org/springframework/ai/spring-ai-starter-model-mistral-ai/1.0.0/spring-ai-starter-model-mistral-ai-1.0.0.jar:/home/jules/.m2/repository/org/springframework/ai/spring-ai-autoconfigure-model-mistral-ai/1.0.0/spring-ai-autoconfigure-model-mistral-ai-1.0.0.jar:/home/jules/.m2/repository/org/springframework/ai/spring-ai-autoconfigure-model-tool/1.0.0/spring-ai-autoconfigure-model-tool-1.0.0.jar:/home/jules/.m2/repository/org/springframework/ai/spring-ai-autoconfigure-retry/1.0.0/spring-ai-autoconfigure-retry-1.0.0.jar:/home/jules/.m2/repository/org/springframework/ai/spring-ai-autoconfigure-model-chat-observation/1.0.0/spring-ai-autoconfigure-model-chat-observation-1.0.0.jar:/home/jules/.m2/repository/org/springframework/ai/spring-ai-autoconfigure-model-embedding-observation/1.0.0/spring-ai-autoconfigure-model-embedding-observation-1.0.0.jar:/home/jules/.m2/repository/org/springframework/ai/spring-ai-autoconfigure-model-image-observation/1.0.0/spring-ai-autoconfigure-model-image-observation-1.0.0.jar:/home/jules/.m2/repository/org/springframework/ai/spring-ai-mistral-ai/1.0.0/spring-ai-mistral-ai-1.0.0.jar:/home/jules/.m2/repository/org/springframework/ai/spring-ai-model/1.0.0/spring-ai-model-1.0.0.jar:/home/jules/.m2/repository/org/springframework/ai/spring-ai-commons/1.0.0/spring-ai-commons-1.0.0.jar:/home/jules/.m2/repository/io/micrometer/micrometer-core/1.15.1/micrometer-core-1.15.1.jar:/home/jules/.m2/repository/org/hdrhistogram/HdrHistogram/2.2.2/HdrHistogram-2.2.2.jar:/home/jules/.m2/repository/org/latencyutils/LatencyUtils/2.0.3/LatencyUtils-2.0.3.jar:/home/jules/.m2/repository/io/micrometer/context-propagation/1.1.3/context-propagation-1.1.3.jar:/home/jules/.m2/repository/org/springframework/ai/spring-ai-template-st/1.0.0/spring-ai-template-st-1.0.0.jar:/home/jules/.m2/repository/org/antlr/ST4/4.3.4/ST4-4.3.4.jar:/home/jules/.m2/repository/org/antlr/antlr-runtime/3.5.3/antlr-runtime-3.5.3.jar:/home/jules/.m2/repository/org/springframework/spring-messaging/6.2.8/spring-messaging-6.2.8.jar:/home/jules/.m2/repository/org/antlr/antlr4-runtime/4.13.1/antlr4-runtime-4.13.1.jar:/home/jules/.m2/repository/com/github/victools/jsonschema-generator/4.37.0/jsonschema-generator-4.37.0.jar:/home/jules/.m2/repository/com/fasterxml/classmate/1.7.0/classmate-1.7.0.jar:/home/jules/.m2/repository/com/github/victools/jsonschema-module-jackson/4.37.0/jsonschema-module-jackson-4.37.0.jar:/home/jules/.m2/repository/com/github/victools/jsonschema-module-swagger-2/4.37.0/jsonschema-module-swagger-2-4.37.0.jar:/home/jules/.m2/repository/io/swagger/core/v3/swagger-annotations/2.2.25/swagger-annotations-2.2.25.jar:/home/jules/.m2/repository/org/springframework/ai/spring-ai-retry/1.0.0/spring-ai-retry-1.0.0.jar:/home/jules/.m2/repository/org/springframework/retry/spring-retry/2.0.12/spring-retry-2.0.12.jar:/home/jules/.m2/repository/org/springframework/spring-context-support/6.2.8/spring-context-support-6.2.8.jar:/home/jules/.m2/repository/org/springframework/ai/spring-ai-autoconfigure-model-chat-client/1.0.0/spring-ai-autoconfigure-model-chat-client-1.0.0.jar:/home/jules/.m2/repository/org/springframework/ai/spring-ai-client-chat/1.0.0/spring-ai-client-chat-1.0.0.jar:/home/jules/.m2/repository/com/fasterxml/jackson/module/jackson-module-jsonSchema/2.19.1/jackson-module-jsonSchema-2.19.1.jar:/home/jules/.m2/repository/javax/validation/validation-api/1.1.0.Final/validation-api-1.1.0.Final.jar:/home/jules/.m2/repository/com/knuddels/jtokkit/1.1.0/jtokkit-1.1.0.jar:/home/jules/.m2/repository/org/springframework/ai/spring-ai-autoconfigure-model-chat-memory/1.0.0/spring-ai-autoconfigure-model-chat-memory-1.0.0.jar:/home/jules/.m2/repository/org/projectlombok/lombok/1.18.38/lombok-1.18.38.jar:/home/jules/.m2/repository/com/google/cloud/google-cloud-bigquery/2.38.0/google-cloud-bigquery-2.38.0.jar:/home/jules/.m2/repository/com/google/cloud/google-cloud-core/2.33.0/google-cloud-core-2.33.0.jar:/home/jules/.m2/repository/com/google/protobuf/protobuf-java-util/3.25.2/protobuf-java-util-3.25.2.jar:/home/jules/.m2/repository/com/google/api/grpc/proto-google-common-protos/2.34.0/proto-google-common-protos-2.34.0.jar:/home/jules/.m2/repository/com/google/api/grpc/proto-google-iam-v1/1.29.0/proto-google-iam-v1-1.29.0.jar:/home/jules/.m2/repository/com/google/cloud/google-cloud-core-http/2.33.0/google-cloud-core-http-2.33.0.jar:/home/jules/.m2/repository/com/google/oauth-client/google-oauth-client/1.35.0/google-oauth-client-1.35.0.jar:/home/jules/.m2/repository/com/google/http-client/google-http-client-apache-v2/1.44.1/google-http-client-apache-v2-1.44.1.jar:/home/jules/.m2/repository/com/google/http-client/google-http-client-appengine/1.44.1/google-http-client-appengine-1.44.1.jar:/home/jules/.m2/repository/com/google/api/gax-httpjson/2.43.0/gax-httpjson-2.43.0.jar:/home/jules/.m2/repository/io/opencensus/opencensus-api/0.31.1/opencensus-api-0.31.1.jar:/home/jules/.m2/repository/io/opencensus/opencensus-contrib-http-util/0.31.1/opencensus-contrib-http-util-0.31.1.jar:/home/jules/.m2/repository/com/google/http-client/google-http-client-gson/1.44.1/google-http-client-gson-1.44.1.jar:/home/jules/.m2/repository/org/apache/httpcomponents/httpclient/4.5.14/httpclient-4.5.14.jar:/home/jules/.m2/repository/org/apache/httpcomponents/httpcore/4.4.16/httpcore-4.4.16.jar:/home/jules/.m2/repository/com/google/j2objc/j2objc-annotations/2.8/j2objc-annotations-2.8.jar:/home/jules/.m2/repository/io/grpc/grpc-context/1.61.1/grpc-context-1.61.1.jar:/home/jules/.m2/repository/org/checkerframework/checker-compat-qual/2.5.6/checker-compat-qual-2.5.6.jar:/home/jules/.m2/repository/org/checkerframework/checker-qual/3.42.0/checker-qual-3.42.0.jar:/home/jules/.m2/repository/com/google/auth/google-auth-library-credentials/1.23.0/google-auth-library-credentials-1.23.0.jar:/home/jules/.m2/repository/com/google/auth/google-auth-library-oauth2-http/1.23.0/google-auth-library-oauth2-http-1.23.0.jar:/home/jules/.m2/repository/com/google/code/findbugs/jsr305/3.0.2/jsr305-3.0.2.jar:/home/jules/.m2/repository/com/google/apis/google-api-services-bigquery/v2-rev20240211-2.0.0/google-api-services-bigquery-v2-rev20240211-2.0.0.jar:/home/jules/.m2/repository/com/google/api/api-common/2.26.0/api-common-2.26.0.jar:/home/jules/.m2/repository/javax/annotation/javax.annotation-api/1.3.2/javax.annotation-api-1.3.2.jar:/home/jules/.m2/repository/com/google/guava/guava/32.1.3-jre/guava-32.1.3-jre.jar:/home/jules/.m2/repository/com/google/guava/failureaccess/1.0.1/failureaccess-1.0.1.jar:/home/jules/.m2/repository/com/google/guava/listenablefuture/9999.0-empty-to-avoid-conflict-with-guava/listenablefuture-9999.0-empty-to-avoid-conflict-with-guava.jar:/home/jules/.m2/repository/com/google/api/gax/2.43.0/gax-2.43.0.jar:/home/jules/.m2/repository/org/threeten/threetenbp/1.6.8/threetenbp-1.6.8.jar:/home/jules/.m2/repository/com/google/code/gson/gson/2.13.1/gson-2.13.1.jar:/home/jules/.m2/repository/org/threeten/threeten-extra/1.7.2/threeten-extra-1.7.2.jar:/home/jules/.m2/repository/com/google/protobuf/protobuf-java/3.25.2/protobuf-java-3.25.2.jar:/home/jules/.m2/repository/com/google/cloud/google-cloud-bigquerystorage/3.2.0/google-cloud-bigquerystorage-3.2.0.jar:/home/jules/.m2/repository/io/grpc/grpc-api/1.61.1/grpc-api-1.61.1.jar:/home/jules/.m2/repository/io/grpc/grpc-stub/1.61.1/grpc-stub-1.61.1.jar:/home/jules/.m2/repository/io/grpc/grpc-protobuf/1.61.1/grpc-protobuf-1.61.1.jar:/home/jules/.m2/repository/io/grpc/grpc-protobuf-lite/1.61.1/grpc-protobuf-lite-1.61.1.jar:/home/jules/.m2/repository/io/grpc/grpc-util/1.61.1/grpc-util-1.61.1.jar:/home/jules/.m2/repository/io/grpc/grpc-core/1.61.1/grpc-core-1.61.1.jar:/home/jules/.m2/repository/com/google/android/annotations/4.1.1.4/annotations-4.1.1.4.jar:/home/jules/.m2/repository/io/perfmark/perfmark-api/0.27.0/perfmark-api-0.27.0.jar:/home/jules/.m2/repository/org/codehaus/mojo/animal-sniffer-annotations/1.23/animal-sniffer-annotations-1.23.jar:/home/jules/.m2/repository/com/google/auto/value/auto-value/1.10.4/auto-value-1.10.4.jar:/home/jules/.m2/repository/com/google/api/grpc/proto-google-cloud-bigquerystorage-v1beta1/0.174.0/proto-google-cloud-bigquerystorage-v1beta1-0.174.0.jar:/home/jules/.m2/repository/com/google/api/grpc/proto-google-cloud-bigquerystorage-v1beta2/0.174.0/proto-google-cloud-bigquerystorage-v1beta2-0.174.0.jar:/home/jules/.m2/repository/com/google/api/gax-grpc/2.43.0/gax-grpc-2.43.0.jar:/home/jules/.m2/repository/io/grpc/grpc-inprocess/1.61.1/grpc-inprocess-1.61.1.jar:/home/jules/.m2/repository/io/grpc/grpc-alts/1.61.1/grpc-alts-1.61.1.jar:/home/jules/.m2/repository/io/grpc/grpc-grpclb/1.61.1/grpc-grpclb-1.61.1.jar:/home/jules/.m2/repository/org/conscrypt/conscrypt-openjdk-uber/2.5.2/conscrypt-openjdk-uber-2.5.2.jar:/home/jules/.m2/repository/io/grpc/grpc-auth/1.61.1/grpc-auth-1.61.1.jar:/home/jules/.m2/repository/io/grpc/grpc-netty-shaded/1.61.1/grpc-netty-shaded-1.61.1.jar:/home/jules/.m2/repository/io/grpc/grpc-googleapis/1.61.1/grpc-googleapis-1.61.1.jar:/home/jules/.m2/repository/org/json/json/20240205/json-20240205.jar:/home/jules/.m2/repository/commons-codec/commons-codec/1.18.0/commons-codec-1.18.0.jar:/home/jules/.m2/repository/com/google/api/grpc/grpc-google-cloud-bigquerystorage-v1beta1/0.174.0/grpc-google-cloud-bigquerystorage-v1beta1-0.174.0.jar:/home/jules/.m2/repository/com/google/api/grpc/grpc-google-cloud-bigquerystorage-v1beta2/0.174.0/grpc-google-cloud-bigquerystorage-v1beta2-0.174.0.jar:/home/jules/.m2/repository/com/google/api/grpc/grpc-google-cloud-bigquerystorage-v1/3.2.0/grpc-google-cloud-bigquerystorage-v1-3.2.0.jar:/home/jules/.m2/repository/com/google/api/grpc/proto-google-cloud-bigquerystorage-v1/3.2.0/proto-google-cloud-bigquerystorage-v1-3.2.0.jar:/home/jules/.m2/repository/org/apache/arrow/arrow-vector/15.0.0/arrow-vector-15.0.0.jar:/home/jules/.m2/repository/org/apache/arrow/arrow-format/15.0.0/arrow-format-15.0.0.jar:/home/jules/.m2/repository/com/fasterxml/jackson/datatype/jackson-datatype-jsr310/2.19.1/jackson-datatype-jsr310-2.19.1.jar:/home/jules/.m2/repository/com/google/flatbuffers/flatbuffers-java/23.5.26/flatbuffers-java-23.5.26.jar:/home/jules/.m2/repository/org/slf4j/slf4j-api/2.0.17/slf4j-api-2.0.17.jar:/home/jules/.m2/repository/org/eclipse/collections/eclipse-collections/11.1.0/eclipse-collections-11.1.0.jar:/home/jules/.m2/repository/org/eclipse/collections/eclipse-collections-api/11.1.0/eclipse-collections-api-11.1.0.jar:/home/jules/.m2/repository/org/apache/arrow/arrow-memory-core/15.0.0/arrow-memory-core-15.0.0.jar:/home/jules/.m2/repository/org/apache/arrow/arrow-memory-netty/15.0.0/arrow-memory-netty-15.0.0.jar:/home/jules/.m2/repository/io/netty/netty-buffer/4.1.122.Final/netty-buffer-4.1.122.Final.jar:/home/jules/.m2/repository/io/netty/netty-common/4.1.122.Final/netty-common-4.1.122.Final.jar:/home/jules/.m2/repository/com/google/errorprone/error_prone_annotations/2.24.1/error_prone_annotations-2.24.1.jar:/home/jules/.m2/repository/org/jsoup/jsoup/1.17.2/jsoup-1.17.2.jar:/home/jules/.m2/repository/org/springframework/boot/spring-boot-starter-webflux/3.5.3/spring-boot-starter-webflux-3.5.3.jar:/home/jules/.m2/repository/org/springframework/boot/spring-boot-starter-json/3.5.3/spring-boot-starter-json-3.5.3.jar:/home/jules/.m2/repository/com/fasterxml/jackson/datatype/jackson-datatype-jdk8/2.19.1/jackson-datatype-jdk8-2.19.1.jar:/home/jules/.m2/repository/com/fasterxml/jackson/module/jackson-module-parameter-names/2.19.1/jackson-module-parameter-names-2.19.1.jar:/home/jules/.m2/repository/org/springframework/boot/spring-boot-starter-reactor-netty/3.5.3/spring-boot-starter-reactor-netty-3.5.3.jar:/home/jules/.m2/repository/io/projectreactor/netty/reactor-netty-http/1.2.7/reactor-netty-http-1.2.7.jar:/home/jules/.m2/repository/io/netty/netty-codec-http/4.1.122.Final/netty-codec-http-4.1.122.Final.jar:/home/jules/.m2/repository/io/netty/netty-transport/4.1.122.Final/netty-transport-4.1.122.Final.jar:/home/jules/.m2/repository/io/netty/netty-codec/4.1.122.Final/netty-codec-4.1.122.Final.jar:/home/jules/.m2/repository/io/netty/netty-handler/4.1.122.Final/netty-handler-4.1.122.Final.jar:/home/jules/.m2/repository/io/netty/netty-codec-http2/4.1.122.Final/netty-codec-http2-4.1.122.Final.jar:/home/jules/.m2/repository/io/netty/netty-resolver-dns/4.1.122.Final/netty-resolver-dns-4.1.122.Final.jar:/home/jules/.m2/repository/io/netty/netty-resolver/4.1.122.Final/netty-resolver-4.1.122.Final.jar:/home/jules/.m2/repository/io/netty/netty-codec-dns/4.1.122.Final/netty-codec-dns-4.1.122.Final.jar:/home/jules/.m2/repository/io/netty/netty-resolver-dns-native-macos/4.1.122.Final/netty-resolver-dns-native-macos-4.1.122.Final-osx-x86_64.jar:/home/jules/.m2/repository/io/netty/netty-resolver-dns-classes-macos/4.1.122.Final/netty-resolver-dns-classes-macos-4.1.122.Final.jar:/home/jules/.m2/repository/io/netty/netty-transport-native-epoll/4.1.122.Final/netty-transport-native-epoll-4.1.122.Final-linux-x86_64.jar:/home/jules/.m2/repository/io/netty/netty-transport-native-unix-common/4.1.122.Final/netty-transport-native-unix-common-4.1.122.Final.jar:/home/jules/.m2/repository/io/netty/netty-transport-classes-epoll/4.1.122.Final/netty-transport-classes-epoll-4.1.122.Final.jar:/home/jules/.m2/repository/io/projectreactor/netty/reactor-netty-core/1.2.7/reactor-netty-core-1.2.7.jar:/home/jules/.m2/repository/io/netty/netty-handler-proxy/4.1.122.Final/netty-handler-proxy-4.1.122.Final.jar:/home/jules/.m2/repository/io/netty/netty-codec-socks/4.1.122.Final/netty-codec-socks-4.1.122.Final.jar:/home/jules/.m2/repository/org/springframework/spring-web/6.2.8/spring-web-6.2.8.jar:/home/jules/.m2/repository/org/springframework/spring-beans/6.2.8/spring-beans-6.2.8.jar:/home/jules/.m2/repository/io/micrometer/micrometer-observation/1.15.1/micrometer-observation-1.15.1.jar:/home/jules/.m2/repository/io/micrometer/micrometer-commons/1.15.1/micrometer-commons-1.15.1.jar:/home/jules/.m2/repository/org/springframework/spring-webflux/6.2.8/spring-webflux-6.2.8.jar:/home/jules/.m2/repository/io/projectreactor/reactor-test/3.7.7/reactor-test-3.7.7.jar:/home/jules/.m2/repository/io/projectreactor/reactor-core/3.7.7/reactor-core-3.7.7.jar:/home/jules/.m2/repository/org/reactivestreams/reactive-streams/1.0.4/reactive-streams-1.0.4.jar:"/>
    <property name="sun.cpu.endian" value="little"/>
    <property name="user.home" value="/home/jules"/>
    <property name="user.language" value="en"/>
    <property name="java.specification.vendor" value="Oracle Corporation"/>
    <property name="java.version.date" value="2025-07-15"/>
    <property name="java.home" value="/usr/lib/jvm/java-21-openjdk-amd64"/>
    <property name="file.separator" value="/"/>
    <property name="basedir" value="/app/ARCOS"/>
    <property name="java.vm.compressedOopsMode" value="32-bit"/>
    <property name="line.separator" value="&#10;"/>
    <property name="java.vm.specification.vendor" value="Oracle Corporation"/>
    <property name="java.specification.name" value="Java Platform API Specification"/>
    <property name="surefire.real.class.path" value="/app/ARCOS/target/surefire/surefirebooter-20250906105417506_3.jar"/>
    <property name="sun.management.compiler" value="HotSpot 64-Bit Tiered Compilers"/>
    <property name="java.runtime.version" value="21.0.8+9-Ubuntu-0ubuntu124.04.1"/>
    <property name="user.name" value="jules"/>
    <property name="stdout.encoding" value="UTF-8"/>
    <property name="path.separator" value=":"/>
    <property name="os.version" value="6.8.0"/>
    <property name="java.runtime.name" value="OpenJDK Runtime Environment"/>
    <property name="file.encoding" value="UTF-8"/>
    <property name="java.vm.name" value="OpenJDK 64-Bit Server VM"/>
    <property name="localRepository" value="/home/jules/.m2/repository"/>
    <property name="java.vendor.url.bug" value="https://bugs.launchpad.net/ubuntu/+source/openjdk-21"/>
    <property name="java.io.tmpdir" value="/tmp"/>
    <property name="java.version" value="21.0.8"/>
    <property name="user.dir" value="/app/ARCOS"/>
    <property name="os.arch" value="amd64"/>
    <property name="java.vm.specification.name" value="Java Virtual Machine Specification"/>
    <property name="native.encoding" value="UTF-8"/>
    <property name="java.library.path" value="/usr/java/packages/lib:/usr/lib/x86_64-linux-gnu/jni:/lib/x86_64-linux-gnu:/usr/lib/x86_64-linux-gnu:/usr/lib/jni:/lib:/usr/lib"/>
    <property name="stderr.encoding" value="UTF-8"/>
    <property name="java.vm.info" value="mixed mode, sharing"/>
    <property name="java.vendor" value="Ubuntu"/>
    <property name="java.vm.version" value="21.0.8+9-Ubuntu-0ubuntu124.04.1"/>
    <property name="sun.io.unicode.encoding" value="UnicodeLittle"/>
    <property name="java.class.version" value="65.0"/>
  </properties>
  <testcase name="testDispatch_InitiativeEvent_CatchesServiceFailure" classname="Orchestrator.OrchestratorTests" time="0.387">
    <system-out><![CDATA[10:54:20.613 [Thread-1] ERROR Orchestrator.Orchestrator -- A critical error occurred in InitiativeService, reverting desire status for desire-1
java.lang.RuntimeException: Critical failure in service
	at Orchestrator.InitiativeService.processInitiative(InitiativeService.java:49)
	at Orchestrator.Orchestrator.dispatch(Orchestrator.java:64)
	at Orchestrator.Orchestrator.start(Orchestrator.java:79)
	at Orchestrator.OrchestratorTests.lambda$runOrchestratorInThread$0(OrchestratorTests.java:71)
	at java.base/java.lang.Thread.run(Thread.java:1583)
10:54:20.614 [Thread-1] ERROR Orchestrator.Orchestrator -- Event queue was interrupted
java.lang.InterruptedException: null
	at EventBus.EventQueue.take(EventQueue.java:58)
	at Orchestrator.Orchestrator.start(Orchestrator.java:78)
	at Orchestrator.OrchestratorTests.lambda$runOrchestratorInThread$0(OrchestratorTests.java:71)
	at java.base/java.lang.Thread.run(Thread.java:1583)
10:54:20.614 [Thread-1] ERROR Orchestrator.Orchestrator -- Event queue was interrupted
java.lang.InterruptedException: null
	at EventBus.EventQueue.take(EventQueue.java:58)
	at Orchestrator.Orchestrator.start(Orchestrator.java:78)
	at Orchestrator.OrchestratorTests.lambda$runOrchestratorInThread$0(OrchestratorTests.java:71)
	at java.base/java.lang.Thread.run(Thread.java:1583)
10:54:20.615 [Thread-1] ERROR Orchestrator.Orchestrator -- Event queue was interrupted
java.lang.InterruptedException: null
	at EventBus.EventQueue.take(EventQueue.java:58)
	at Orchestrator.Orchestrator.start(Orchestrator.java:78)
	at Orchestrator.OrchestratorTests.lambda$runOrchestratorInThread$0(OrchestratorTests.java:71)
	at java.base/java.lang.Thread.run(Thread.java:1583)
10:54:20.616 [Thread-1] ERROR Orchestrator.Orchestrator -- Event queue was interrupted
java.lang.InterruptedException: null
	at EventBus.EventQueue.take(EventQueue.java:58)
	at Orchestrator.Orchestrator.start(Orchestrator.java:78)
	at Orchestrator.OrchestratorTests.lambda$runOrchestratorInThread$0(OrchestratorTests.java:71)
	at java.base/java.lang.Thread.run(Thread.java:1583)
10:54:20.616 [Thread-1] ERROR Orchestrator.Orchestrator -- Event queue was interrupted
java.lang.InterruptedException: null
	at EventBus.EventQueue.take(EventQueue.java:58)
	at Orchestrator.Orchestrator.start(Orchestrator.java:78)
	at Orchestrator.OrchestratorTests.lambda$runOrchestratorInThread$0(OrchestratorTests.java:71)
	at java.base/java.lang.Thread.run(Thread.java:1583)
10:54:20.616 [Thread-1] ERROR Orchestrator.Orchestrator -- Event queue was interrupted
java.lang.InterruptedException: null
	at EventBus.EventQueue.take(EventQueue.java:58)
	at Orchestrator.Orchestrator.start(Orchestrator.java:78)
	at Orchestrator.OrchestratorTests.lambda$runOrchestratorInThread$0(OrchestratorTests.java:71)
	at java.base/java.lang.Thread.run(Thread.java:1583)
10:54:20.617 [Thread-1] ERROR Orchestrator.Orchestrator -- Event queue was interrupted
java.lang.InterruptedException: null
	at EventBus.EventQueue.take(EventQueue.java:58)
	at Orchestrator.Orchestrator.start(Orchestrator.java:78)
	at Orchestrator.OrchestratorTests.lambda$runOrchestratorInThread$0(OrchestratorTests.java:71)
	at java.base/java.lang.Thread.run(Thread.java:1583)
10:54:20.617 [Thread-1] ERROR Orchestrator.Orchestrator -- Event queue was interrupted
java.lang.InterruptedException: null
	at EventBus.EventQueue.take(EventQueue.java:58)
	at Orchestrator.Orchestrator.start(Orchestrator.java:78)
	at Orchestrator.OrchestratorTests.lambda$runOrchestratorInThread$0(OrchestratorTests.java:71)
	at java.base/java.lang.Thread.run(Thread.java:1583)
10:54:20.618 [Thread-1] ERROR Orchestrator.Orchestrator -- Event queue was interrupted
java.lang.InterruptedException: null
	at EventBus.EventQueue.take(EventQueue.java:58)
	at Orchestrator.Orchestrator.start(Orchestrator.java:78)
	at Orchestrator.OrchestratorTests.lambda$runOrchestratorInThread$0(OrchestratorTests.java:71)
	at java.base/java.lang.Thread.run(Thread.java:1583)
10:54:20.618 [Thread-1] ERROR Orchestrator.Orchestrator -- Event queue was interrupted
java.lang.InterruptedException: null
	at EventBus.EventQueue.take(EventQueue.java:58)
	at Orchestrator.Orchestrator.start(Orchestrator.java:78)
	at Orchestrator.OrchestratorTests.lambda$runOrchestratorInThread$0(OrchestratorTests.java:71)
	at java.base/java.lang.Thread.run(Thread.java:1583)
10:54:20.618 [Thread-1] ERROR Orchestrator.Orchestrator -- Event queue was interrupted
java.lang.InterruptedException: null
	at EventBus.EventQueue.take(EventQueue.java:58)
	at Orchestrator.Orchestrator.start(Orchestrator.java:78)
	at Orchestrator.OrchestratorTests.lambda$runOrchestratorInThread$0(OrchestratorTests.java:71)
	at java.base/java.lang.Thread.run(Thread.java:1583)
10:54:20.618 [Thread-1] ERROR Orchestrator.Orchestrator -- Event queue was interrupted
java.lang.InterruptedException: null
	at EventBus.EventQueue.take(EventQueue.java:58)
	at Orchestrator.Orchestrator.start(Orchestrator.java:78)
	at Orchestrator.OrchestratorTests.lambda$runOrchestratorInThread$0(OrchestratorTests.java:71)
	at java.base/java.lang.Thread.run(Thread.java:1583)
10:54:20.620 [Thread-1] ERROR Orchestrator.Orchestrator -- Event queue was interrupted
java.lang.InterruptedException: null
	at EventBus.EventQueue.take(EventQueue.java:58)
	at Orchestrator.Orchestrator.start(Orchestrator.java:78)
	at Orchestrator.OrchestratorTests.lambda$runOrchestratorInThread$0(OrchestratorTests.java:71)
	at java.base/java.lang.Thread.run(Thread.java:1583)
10:54:20.621 [Thread-1] ERROR Orchestrator.Orchestrator -- Event queue was interrupted
java.lang.InterruptedException: null
	at EventBus.EventQueue.take(EventQueue.java:58)
	at Orchestrator.Orchestrator.start(Orchestrator.java:78)
	at Orchestrator.OrchestratorTests.lambda$runOrchestratorInThread$0(OrchestratorTests.java:71)
	at java.base/java.lang.Thread.run(Thread.java:1583)
10:54:20.621 [Thread-1] ERROR Orchestrator.Orchestrator -- Event queue was interrupted
java.lang.InterruptedException: null
	at EventBus.EventQueue.take(EventQueue.java:58)
	at Orchestrator.Orchestrator.start(Orchestrator.java:78)
	at Orchestrator.OrchestratorTests.lambda$runOrchestratorInThread$0(OrchestratorTests.java:71)
	at java.base/java.lang.Thread.run(Thread.java:1583)
10:54:20.621 [Thread-1] ERROR Orchestrator.Orchestrator -- Event queue was interrupted
java.lang.InterruptedException: null
	at EventBus.EventQueue.take(EventQueue.java:58)
	at Orchestrator.Orchestrator.start(Orchestrator.java:78)
	at Orchestrator.OrchestratorTests.lambda$runOrchestratorInThread$0(OrchestratorTests.java:71)
	at java.base/java.lang.Thread.run(Thread.java:1583)
10:54:20.621 [Thread-1] ERROR Orchestrator.Orchestrator -- Event queue was interrupted
java.lang.InterruptedException: null
	at EventBus.EventQueue.take(EventQueue.java:58)
	at Orchestrator.Orchestrator.start(Orchestrator.java:78)
	at Orchestrator.OrchestratorTests.lambda$runOrchestratorInThread$0(OrchestratorTests.java:71)
	at java.base/java.lang.Thread.run(Thread.java:1583)
10:54:20.622 [Thread-1] ERROR Orchestrator.Orchestrator -- Event queue was interrupted
java.lang.InterruptedException: null
	at EventBus.EventQueue.take(EventQueue.java:58)
	at Orchestrator.Orchestrator.start(Orchestrator.java:78)
	at Orchestrator.OrchestratorTests.lambda$runOrchestratorInThread$0(OrchestratorTests.java:71)
	at java.base/java.lang.Thread.run(Thread.java:1583)
10:54:20.622 [Thread-1] ERROR Orchestrator.Orchestrator -- Event queue was interrupted
java.lang.InterruptedException: null
	at EventBus.EventQueue.take(EventQueue.java:58)
	at Orchestrator.Orchestrator.start(Orchestrator.java:78)
	at Orchestrator.OrchestratorTests.lambda$runOrchestratorInThread$0(OrchestratorTests.java:71)
	at java.base/java.lang.Thread.run(Thread.java:1583)
10:54:20.623 [Thread-1] ERROR Orchestrator.Orchestrator -- Event queue was interrupted
java.lang.InterruptedException: null
	at EventBus.EventQueue.take(EventQueue.java:58)
	at Orchestrator.Orchestrator.start(Orchestrator.java:78)
	at Orchestrator.OrchestratorTests.lambda$runOrchestratorInThread$0(OrchestratorTests.java:71)
	at java.base/java.lang.Thread.run(Thread.java:1583)
10:54:20.623 [Thread-1] ERROR Orchestrator.Orchestrator -- Event queue was interrupted
java.lang.InterruptedException: null
	at EventBus.EventQueue.take(EventQueue.java:58)
	at Orchestrator.Orchestrator.start(Orchestrator.java:78)
	at Orchestrator.OrchestratorTests.lambda$runOrchestratorInThread$0(OrchestratorTests.java:71)
	at java.base/java.lang.Thread.run(Thread.java:1583)
10:54:20.624 [Thread-1] ERROR Orchestrator.Orchestrator -- Event queue was interrupted
java.lang.InterruptedException: null
	at EventBus.EventQueue.take(EventQueue.java:58)
	at Orchestrator.Orchestrator.start(Orchestrator.java:78)
	at Orchestrator.OrchestratorTests.lambda$runOrchestratorInThread$0(OrchestratorTests.java:71)
	at java.base/java.lang.Thread.run(Thread.java:1583)
10:54:20.624 [Thread-1] ERROR Orchestrator.Orchestrator -- Event queue was interrupted
java.lang.InterruptedException: null
	at EventBus.EventQueue.take(EventQueue.java:58)
	at Orchestrator.Orchestrator.start(Orchestrator.java:78)
	at Orchestrator.OrchestratorTests.lambda$runOrchestratorInThread$0(OrchestratorTests.java:71)
	at java.base/java.lang.Thread.run(Thread.java:1583)
10:54:20.624 [Thread-1] ERROR Orchestrator.Orchestrator -- Event queue was interrupted
java.lang.InterruptedException: null
	at EventBus.EventQueue.take(EventQueue.java:58)
	at Orchestrator.Orchestrator.start(Orchestrator.java:78)
	at Orchestrator.OrchestratorTests.lambda$runOrchestratorInThread$0(OrchestratorTests.java:71)
	at java.base/java.lang.Thread.run(Thread.java:1583)
10:54:20.625 [Thread-1] ERROR Orchestrator.Orchestrator -- Event queue was interrupted
java.lang.InterruptedException: null
	at EventBus.EventQueue.take(EventQueue.java:58)
	at Orchestrator.Orchestrator.start(Orchestrator.java:78)
	at Orchestrator.OrchestratorTests.lambda$runOrchestratorInThread$0(OrchestratorTests.java:71)
	at java.base/java.lang.Thread.run(Thread.java:1583)
10:54:20.625 [Thread-1] ERROR Orchestrator.Orchestrator -- Event queue was interrupted
java.lang.InterruptedException: null
	at EventBus.EventQueue.take(EventQueue.java:58)
	at Orchestrator.Orchestrator.start(Orchestrator.java:78)
	at Orchestrator.OrchestratorTests.lambda$runOrchestratorInThread$0(OrchestratorTests.java:71)
	at java.base/java.lang.Thread.run(Thread.java:1583)
10:54:20.625 [Thread-1] ERROR Orchestrator.Orchestrator -- Event queue was interrupted
java.lang.InterruptedException: null
	at EventBus.EventQueue.take(EventQueue.java:58)
	at Orchestrator.Orchestrator.start(Orchestrator.java:78)
	at Orchestrator.OrchestratorTests.lambda$runOrchestratorInThread$0(OrchestratorTests.java:71)
	at java.base/java.lang.Thread.run(Thread.java:1583)
10:54:20.626 [Thread-1] ERROR Orchestrator.Orchestrator -- Event queue was interrupted
java.lang.InterruptedException: null
	at EventBus.EventQueue.take(EventQueue.java:58)
	at Orchestrator.Orchestrator.start(Orchestrator.java:78)
	at Orchestrator.OrchestratorTests.lambda$runOrchestratorInThread$0(OrchestratorTests.java:71)
	at java.base/java.lang.Thread.run(Thread.java:1583)
10:54:20.626 [Thread-1] ERROR Orchestrator.Orchestrator -- Event queue was interrupted
java.lang.InterruptedException: null
	at EventBus.EventQueue.take(EventQueue.java:58)
	at Orchestrator.Orchestrator.start(Orchestrator.java:78)
	at Orchestrator.OrchestratorTests.lambda$runOrchestratorInThread$0(OrchestratorTests.java:71)
	at java.base/java.lang.Thread.run(Thread.java:1583)
10:54:20.626 [Thread-1] ERROR Orchestrator.Orchestrator -- Event queue was interrupted
java.lang.InterruptedException: null
	at EventBus.EventQueue.take(EventQueue.java:58)
	at Orchestrator.Orchestrator.start(Orchestrator.java:78)
	at Orchestrator.OrchestratorTests.lambda$runOrchestratorInThread$0(OrchestratorTests.java:71)
	at java.base/java.lang.Thread.run(Thread.java:1583)
10:54:20.626 [Thread-1] ERROR Orchestrator.Orchestrator -- Event queue was interrupted
java.lang.InterruptedException: null
	at EventBus.EventQueue.take(EventQueue.java:58)
	at Orchestrator.Orchestrator.start(Orchestrator.java:78)
	at Orchestrator.OrchestratorTests.lambda$runOrchestratorInThread$0(OrchestratorTests.java:71)
	at java.base/java.lang.Thread.run(Thread.java:1583)
10:54:20.627 [Thread-1] ERROR Orchestrator.Orchestrator -- Event queue was interrupted
java.lang.InterruptedException: null
	at EventBus.EventQueue.take(EventQueue.java:58)
	at Orchestrator.Orchestrator.start(Orchestrator.java:78)
	at Orchestrator.OrchestratorTests.lambda$runOrchestratorInThread$0(OrchestratorTests.java:71)
	at java.base/java.lang.Thread.run(Thread.java:1583)
10:54:20.627 [Thread-1] ERROR Orchestrator.Orchestrator -- Event queue was interrupted
java.lang.InterruptedException: null
	at EventBus.EventQueue.take(EventQueue.java:58)
	at Orchestrator.Orchestrator.start(Orchestrator.java:78)
	at Orchestrator.OrchestratorTests.lambda$runOrchestratorInThread$0(OrchestratorTests.java:71)
	at java.base/java.lang.Thread.run(Thread.java:1583)
10:54:20.627 [Thread-1] ERROR Orchestrator.Orchestrator -- Event queue was interrupted
java.lang.InterruptedException: null
	at EventBus.EventQueue.take(EventQueue.java:58)
	at Orchestrator.Orchestrator.start(Orchestrator.java:78)
	at Orchestrator.OrchestratorTests.lambda$runOrchestratorInThread$0(OrchestratorTests.java:71)
	at java.base/java.lang.Thread.run(Thread.java:1583)
10:54:20.627 [Thread-1] ERROR Orchestrator.Orchestrator -- Event queue was interrupted
java.lang.InterruptedException: null
	at EventBus.EventQueue.take(EventQueue.java:58)
	at Orchestrator.Orchestrator.start(Orchestrator.java:78)
	at Orchestrator.OrchestratorTests.lambda$runOrchestratorInThread$0(OrchestratorTests.java:71)
	at java.base/java.lang.Thread.run(Thread.java:1583)
10:54:20.628 [Thread-1] ERROR Orchestrator.Orchestrator -- Event queue was interrupted
java.lang.InterruptedException: null
	at EventBus.EventQueue.take(EventQueue.java:58)
	at Orchestrator.Orchestrator.start(Orchestrator.java:78)
	at Orchestrator.OrchestratorTests.lambda$runOrchestratorInThread$0(OrchestratorTests.java:71)
	at java.base/java.lang.Thread.run(Thread.java:1583)
10:54:20.628 [Thread-1] ERROR Orchestrator.Orchestrator -- Event queue was interrupted
java.lang.InterruptedException: null
	at EventBus.EventQueue.take(EventQueue.java:58)
	at Orchestrator.Orchestrator.start(Orchestrator.java:78)
	at Orchestrator.OrchestratorTests.lambda$runOrchestratorInThread$0(OrchestratorTests.java:71)
	at java.base/java.lang.Thread.run(Thread.java:1583)
10:54:20.629 [Thread-1] ERROR Orchestrator.Orchestrator -- Event queue was interrupted
java.lang.InterruptedException: null
	at EventBus.EventQueue.take(EventQueue.java:58)
	at Orchestrator.Orchestrator.start(Orchestrator.java:78)
	at Orchestrator.OrchestratorTests.lambda$runOrchestratorInThread$0(OrchestratorTests.java:71)
	at java.base/java.lang.Thread.run(Thread.java:1583)
10:54:20.629 [Thread-1] ERROR Orchestrator.Orchestrator -- Event queue was interrupted
java.lang.InterruptedException: null
	at EventBus.EventQueue.take(EventQueue.java:58)
	at Orchestrator.Orchestrator.start(Orchestrator.java:78)
	at Orchestrator.OrchestratorTests.lambda$runOrchestratorInThread$0(OrchestratorTests.java:71)
	at java.base/java.lang.Thread.run(Thread.java:1583)
10:54:20.629 [Thread-1] ERROR Orchestrator.Orchestrator -- Event queue was interrupted
java.lang.InterruptedException: null
	at EventBus.EventQueue.take(EventQueue.java:58)
	at Orchestrator.Orchestrator.start(Orchestrator.java:78)
	at Orchestrator.OrchestratorTests.lambda$runOrchestratorInThread$0(OrchestratorTests.java:71)
	at java.base/java.lang.Thread.run(Thread.java:1583)
10:54:20.629 [Thread-1] ERROR Orchestrator.Orchestrator -- Event queue was interrupted
java.lang.InterruptedException: null
	at EventBus.EventQueue.take(EventQueue.java:58)
	at Orchestrator.Orchestrator.start(Orchestrator.java:78)
	at Orchestrator.OrchestratorTests.lambda$runOrchestratorInThread$0(OrchestratorTests.java:71)
	at java.base/java.lang.Thread.run(Thread.java:1583)
10:54:20.630 [Thread-1] ERROR Orchestrator.Orchestrator -- Event queue was interrupted
java.lang.InterruptedException: null
	at EventBus.EventQueue.take(EventQueue.java:58)
	at Orchestrator.Orchestrator.start(Orchestrator.java:78)
	at Orchestrator.OrchestratorTests.lambda$runOrchestratorInThread$0(OrchestratorTests.java:71)
	at java.base/java.lang.Thread.run(Thread.java:1583)
10:54:20.630 [Thread-1] ERROR Orchestrator.Orchestrator -- Event queue was interrupted
java.lang.InterruptedException: null
	at EventBus.EventQueue.take(EventQueue.java:58)
	at Orchestrator.Orchestrator.start(Orchestrator.java:78)
	at Orchestrator.OrchestratorTests.lambda$runOrchestratorInThread$0(OrchestratorTests.java:71)
	at java.base/java.lang.Thread.run(Thread.java:1583)
10:54:20.630 [Thread-1] ERROR Orchestrator.Orchestrator -- Event queue was interrupted
java.lang.InterruptedException: null
	at EventBus.EventQueue.take(EventQueue.java:58)
	at Orchestrator.Orchestrator.start(Orchestrator.java:78)
	at Orchestrator.OrchestratorTests.lambda$runOrchestratorInThread$0(OrchestratorTests.java:71)
	at java.base/java.lang.Thread.run(Thread.java:1583)
10:54:20.630 [Thread-1] ERROR Orchestrator.Orchestrator -- Event queue was interrupted
java.lang.InterruptedException: null
	at EventBus.EventQueue.take(EventQueue.java:58)
	at Orchestrator.Orchestrator.start(Orchestrator.java:78)
	at Orchestrator.OrchestratorTests.lambda$runOrchestratorInThread$0(OrchestratorTests.java:71)
	at java.base/java.lang.Thread.run(Thread.java:1583)
10:54:20.631 [Thread-1] ERROR Orchestrator.Orchestrator -- Event queue was interrupted
java.lang.InterruptedException: null
	at EventBus.EventQueue.take(EventQueue.java:58)
	at Orchestrator.Orchestrator.start(Orchestrator.java:78)
	at Orchestrator.OrchestratorTests.lambda$runOrchestratorInThread$0(OrchestratorTests.java:71)
	at java.base/java.lang.Thread.run(Thread.java:1583)
10:54:20.631 [Thread-1] ERROR Orchestrator.Orchestrator -- Event queue was interrupted
java.lang.InterruptedException: null
	at EventBus.EventQueue.take(EventQueue.java:58)
	at Orchestrator.Orchestrator.start(Orchestrator.java:78)
	at Orchestrator.OrchestratorTests.lambda$runOrchestratorInThread$0(OrchestratorTests.java:71)
	at java.base/java.lang.Thread.run(Thread.java:1583)
10:54:20.631 [Thread-1] ERROR Orchestrator.Orchestrator -- Event queue was interrupted
java.lang.InterruptedException: null
	at EventBus.EventQueue.take(EventQueue.java:58)
	at Orchestrator.Orchestrator.start(Orchestrator.java:78)
	at Orchestrator.OrchestratorTests.lambda$runOrchestratorInThread$0(OrchestratorTests.java:71)
	at java.base/java.lang.Thread.run(Thread.java:1583)
10:54:20.632 [Thread-1] ERROR Orchestrator.Orchestrator -- Event queue was interrupted
java.lang.InterruptedException: null
	at EventBus.EventQueue.take(EventQueue.java:58)
	at Orchestrator.Orchestrator.start(Orchestrator.java:78)
	at Orchestrator.OrchestratorTests.lambda$runOrchestratorInThread$0(OrchestratorTests.java:71)
	at java.base/java.lang.Thread.run(Thread.java:1583)
10:54:20.632 [Thread-1] ERROR Orchestrator.Orchestrator -- Event queue was interrupted
java.lang.InterruptedException: null
	at EventBus.EventQueue.take(EventQueue.java:58)
	at Orchestrator.Orchestrator.start(Orchestrator.java:78)
	at Orchestrator.OrchestratorTests.lambda$runOrchestratorInThread$0(OrchestratorTests.java:71)
	at java.base/java.lang.Thread.run(Thread.java:1583)
10:54:20.632 [Thread-1] ERROR Orchestrator.Orchestrator -- Event queue was interrupted
java.lang.InterruptedException: null
	at EventBus.EventQueue.take(EventQueue.java:58)
	at Orchestrator.Orchestrator.start(Orchestrator.java:78)
	at Orchestrator.OrchestratorTests.lambda$runOrchestratorInThread$0(OrchestratorTests.java:71)
	at java.base/java.lang.Thread.run(Thread.java:1583)
10:54:20.632 [Thread-1] ERROR Orchestrator.Orchestrator -- Event queue was interrupted
java.lang.InterruptedException: null
	at EventBus.EventQueue.take(EventQueue.java:58)
	at Orchestrator.Orchestrator.start(Orchestrator.java:78)
	at Orchestrator.OrchestratorTests.lambda$runOrchestratorInThread$0(OrchestratorTests.java:71)
	at java.base/java.lang.Thread.run(Thread.java:1583)
10:54:20.633 [Thread-1] ERROR Orchestrator.Orchestrator -- Event queue was interrupted
java.lang.InterruptedException: null
	at EventBus.EventQueue.take(EventQueue.java:58)
	at Orchestrator.Orchestrator.start(Orchestrator.java:78)
	at Orchestrator.OrchestratorTests.lambda$runOrchestratorInThread$0(OrchestratorTests.java:71)
	at java.base/java.lang.Thread.run(Thread.java:1583)
10:54:20.633 [Thread-1] ERROR Orchestrator.Orchestrator -- Event queue was interrupted
java.lang.InterruptedException: null
	at EventBus.EventQueue.take(EventQueue.java:58)
	at Orchestrator.Orchestrator.start(Orchestrator.java:78)
	at Orchestrator.OrchestratorTests.lambda$runOrchestratorInThread$0(OrchestratorTests.java:71)
	at java.base/java.lang.Thread.run(Thread.java:1583)
10:54:20.633 [Thread-1] ERROR Orchestrator.Orchestrator -- Event queue was interrupted
java.lang.InterruptedException: null
	at EventBus.EventQueue.take(EventQueue.java:58)
	at Orchestrator.Orchestrator.start(Orchestrator.java:78)
	at Orchestrator.OrchestratorTests.lambda$runOrchestratorInThread$0(OrchestratorTests.java:71)
	at java.base/java.lang.Thread.run(Thread.java:1583)
10:54:20.634 [Thread-1] ERROR Orchestrator.Orchestrator -- Event queue was interrupted
java.lang.InterruptedException: null
	at EventBus.EventQueue.take(EventQueue.java:58)
	at Orchestrator.Orchestrator.start(Orchestrator.java:78)
	at Orchestrator.OrchestratorTests.lambda$runOrchestratorInThread$0(OrchestratorTests.java:71)
	at java.base/java.lang.Thread.run(Thread.java:1583)
10:54:20.634 [Thread-1] ERROR Orchestrator.Orchestrator -- Event queue was interrupted
java.lang.InterruptedException: null
	at EventBus.EventQueue.take(EventQueue.java:58)
	at Orchestrator.Orchestrator.start(Orchestrator.java:78)
	at Orchestrator.OrchestratorTests.lambda$runOrchestratorInThread$0(OrchestratorTests.java:71)
	at java.base/java.lang.Thread.run(Thread.java:1583)
10:54:20.634 [Thread-1] ERROR Orchestrator.Orchestrator -- Event queue was interrupted
java.lang.InterruptedException: null
	at EventBus.EventQueue.take(EventQueue.java:58)
	at Orchestrator.Orchestrator.start(Orchestrator.java:78)
	at Orchestrator.OrchestratorTests.lambda$runOrchestratorInThread$0(OrchestratorTests.java:71)
	at java.base/java.lang.Thread.run(Thread.java:1583)
10:54:20.635 [Thread-1] ERROR Orchestrator.Orchestrator -- Event queue was interrupted
java.lang.InterruptedException: null
	at EventBus.EventQueue.take(EventQueue.java:58)
	at Orchestrator.Orchestrator.start(Orchestrator.java:78)
	at Orchestrator.OrchestratorTests.lambda$runOrchestratorInThread$0(OrchestratorTests.java:71)
	at java.base/java.lang.Thread.run(Thread.java:1583)
10:54:20.635 [Thread-1] ERROR Orchestrator.Orchestrator -- Event queue was interrupted
java.lang.InterruptedException: null
	at EventBus.EventQueue.take(EventQueue.java:58)
	at Orchestrator.Orchestrator.start(Orchestrator.java:78)
	at Orchestrator.OrchestratorTests.lambda$runOrchestratorInThread$0(OrchestratorTests.java:71)
	at java.base/java.lang.Thread.run(Thread.java:1583)
10:54:20.635 [Thread-1] ERROR Orchestrator.Orchestrator -- Event queue was interrupted
java.lang.InterruptedException: null
	at EventBus.EventQueue.take(EventQueue.java:58)
	at Orchestrator.Orchestrator.start(Orchestrator.java:78)
	at Orchestrator.OrchestratorTests.lambda$runOrchestratorInThread$0(OrchestratorTests.java:71)
	at java.base/java.lang.Thread.run(Thread.java:1583)
10:54:20.635 [Thread-1] ERROR Orchestrator.Orchestrator -- Event queue was interrupted
java.lang.InterruptedException: null
	at EventBus.EventQueue.take(EventQueue.java:58)
	at Orchestrator.Orchestrator.start(Orchestrator.java:78)
	at Orchestrator.OrchestratorTests.lambda$runOrchestratorInThread$0(OrchestratorTests.java:71)
	at java.base/java.lang.Thread.run(Thread.java:1583)
10:54:20.636 [Thread-1] ERROR Orchestrator.Orchestrator -- Event queue was interrupted
java.lang.InterruptedException: null
	at EventBus.EventQueue.take(EventQueue.java:58)
	at Orchestrator.Orchestrator.start(Orchestrator.java:78)
	at Orchestrator.OrchestratorTests.lambda$runOrchestratorInThread$0(OrchestratorTests.java:71)
	at java.base/java.lang.Thread.run(Thread.java:1583)
10:54:20.636 [Thread-1] ERROR Orchestrator.Orchestrator -- Event queue was interrupted
java.lang.InterruptedException: null
	at EventBus.EventQueue.take(EventQueue.java:58)
	at Orchestrator.Orchestrator.start(Orchestrator.java:78)
	at Orchestrator.OrchestratorTests.lambda$runOrchestratorInThread$0(OrchestratorTests.java:71)
	at java.base/java.lang.Thread.run(Thread.java:1583)
10:54:20.636 [Thread-1] ERROR Orchestrator.Orchestrator -- Event queue was interrupted
java.lang.InterruptedException: null
	at EventBus.EventQueue.take(EventQueue.java:58)
	at Orchestrator.Orchestrator.start(Orchestrator.java:78)
	at Orchestrator.OrchestratorTests.lambda$runOrchestratorInThread$0(OrchestratorTests.java:71)
	at java.base/java.lang.Thread.run(Thread.java:1583)
10:54:20.636 [Thread-1] ERROR Orchestrator.Orchestrator -- Event queue was interrupted
java.lang.InterruptedException: null
	at EventBus.EventQueue.take(EventQueue.java:58)
	at Orchestrator.Orchestrator.start(Orchestrator.java:78)
	at Orchestrator.OrchestratorTests.lambda$runOrchestratorInThread$0(OrchestratorTests.java:71)
	at java.base/java.lang.Thread.run(Thread.java:1583)
10:54:20.637 [Thread-1] ERROR Orchestrator.Orchestrator -- Event queue was interrupted
java.lang.InterruptedException: null
	at EventBus.EventQueue.take(EventQueue.java:58)
	at Orchestrator.Orchestrator.start(Orchestrator.java:78)
	at Orchestrator.OrchestratorTests.lambda$runOrchestratorInThread$0(OrchestratorTests.java:71)
	at java.base/java.lang.Thread.run(Thread.java:1583)
10:54:20.637 [Thread-1] ERROR Orchestrator.Orchestrator -- Event queue was interrupted
java.lang.InterruptedException: null
	at EventBus.EventQueue.take(EventQueue.java:58)
	at Orchestrator.Orchestrator.start(Orchestrator.java:78)
	at Orchestrator.OrchestratorTests.lambda$runOrchestratorInThread$0(OrchestratorTests.java:71)
	at java.base/java.lang.Thread.run(Thread.java:1583)
10:54:20.637 [Thread-1] ERROR Orchestrator.Orchestrator -- Event queue was interrupted
java.lang.InterruptedException: null
	at EventBus.EventQueue.take(EventQueue.java:58)
	at Orchestrator.Orchestrator.start(Orchestrator.java:78)
	at Orchestrator.OrchestratorTests.lambda$runOrchestratorInThread$0(OrchestratorTests.java:71)
	at java.base/java.lang.Thread.run(Thread.java:1583)
10:54:20.637 [Thread-1] ERROR Orchestrator.Orchestrator -- Event queue was interrupted
java.lang.InterruptedException: null
	at EventBus.EventQueue.take(EventQueue.java:58)
	at Orchestrator.Orchestrator.start(Orchestrator.java:78)
	at Orchestrator.OrchestratorTests.lambda$runOrchestratorInThread$0(OrchestratorTests.java:71)
	at java.base/java.lang.Thread.run(Thread.java:1583)
10:54:20.638 [Thread-1] ERROR Orchestrator.Orchestrator -- Event queue was interrupted
java.lang.InterruptedException: null
	at EventBus.EventQueue.take(EventQueue.java:58)
	at Orchestrator.Orchestrator.start(Orchestrator.java:78)
	at Orchestrator.OrchestratorTests.lambda$runOrchestratorInThread$0(OrchestratorTests.java:71)
	at java.base/java.lang.Thread.run(Thread.java:1583)
10:54:20.638 [Thread-1] ERROR Orchestrator.Orchestrator -- Event queue was interrupted
java.lang.InterruptedException: null
	at EventBus.EventQueue.take(EventQueue.java:58)
	at Orchestrator.Orchestrator.start(Orchestrator.java:78)
	at Orchestrator.OrchestratorTests.lambda$runOrchestratorInThread$0(OrchestratorTests.java:71)
	at java.base/java.lang.Thread.run(Thread.java:1583)
10:54:20.638 [Thread-1] ERROR Orchestrator.Orchestrator -- Event queue was interrupted
java.lang.InterruptedException: null
	at EventBus.EventQueue.take(EventQueue.java:58)
	at Orchestrator.Orchestrator.start(Orchestrator.java:78)
	at Orchestrator.OrchestratorTests.lambda$runOrchestratorInThread$0(OrchestratorTests.java:71)
	at java.base/java.lang.Thread.run(Thread.java:1583)
10:54:20.639 [Thread-1] ERROR Orchestrator.Orchestrator -- Event queue was interrupted
java.lang.InterruptedException: null
	at EventBus.EventQueue.take(EventQueue.java:58)
	at Orchestrator.Orchestrator.start(Orchestrator.java:78)
	at Orchestrator.OrchestratorTests.lambda$runOrchestratorInThread$0(OrchestratorTests.java:71)
	at java.base/java.lang.Thread.run(Thread.java:1583)
10:54:20.639 [Thread-1] ERROR Orchestrator.Orchestrator -- Event queue was interrupted
java.lang.InterruptedException: null
	at EventBus.EventQueue.take(EventQueue.java:58)
	at Orchestrator.Orchestrator.start(Orchestrator.java:78)
	at Orchestrator.OrchestratorTests.lambda$runOrchestratorInThread$0(OrchestratorTests.java:71)
	at java.base/java.lang.Thread.run(Thread.java:1583)
10:54:20.639 [Thread-1] ERROR Orchestrator.Orchestrator -- Event queue was interrupted
java.lang.InterruptedException: null
	at EventBus.EventQueue.take(EventQueue.java:58)
	at Orchestrator.Orchestrator.start(Orchestrator.java:78)
	at Orchestrator.OrchestratorTests.lambda$runOrchestratorInThread$0(OrchestratorTests.java:71)
	at java.base/java.lang.Thread.run(Thread.java:1583)
10:54:20.640 [Thread-1] ERROR Orchestrator.Orchestrator -- Event queue was interrupted
java.lang.InterruptedException: null
	at EventBus.EventQueue.take(EventQueue.java:58)
	at Orchestrator.Orchestrator.start(Orchestrator.java:78)
	at Orchestrator.OrchestratorTests.lambda$runOrchestratorInThread$0(OrchestratorTests.java:71)
	at java.base/java.lang.Thread.run(Thread.java:1583)
10:54:20.640 [Thread-1] ERROR Orchestrator.Orchestrator -- Event queue was interrupted
java.lang.InterruptedException: null
	at EventBus.EventQueue.take(EventQueue.java:58)
	at Orchestrator.Orchestrator.start(Orchestrator.java:78)
	at Orchestrator.OrchestratorTests.lambda$runOrchestratorInThread$0(OrchestratorTests.java:71)
	at java.base/java.lang.Thread.run(Thread.java:1583)
10:54:20.640 [Thread-1] ERROR Orchestrator.Orchestrator -- Event queue was interrupted
java.lang.InterruptedException: null
	at EventBus.EventQueue.take(EventQueue.java:58)
	at Orchestrator.Orchestrator.start(Orchestrator.java:78)
	at Orchestrator.OrchestratorTests.lambda$runOrchestratorInThread$0(OrchestratorTests.java:71)
	at java.base/java.lang.Thread.run(Thread.java:1583)
10:54:20.641 [Thread-1] ERROR Orchestrator.Orchestrator -- Event queue was interrupted
java.lang.InterruptedException: null
	at EventBus.EventQueue.take(EventQueue.java:58)
	at Orchestrator.Orchestrator.start(Orchestrator.java:78)
	at Orchestrator.OrchestratorTests.lambda$runOrchestratorInThread$0(OrchestratorTests.java:71)
	at java.base/java.lang.Thread.run(Thread.java:1583)
10:54:20.641 [Thread-1] ERROR Orchestrator.Orchestrator -- Event queue was interrupted
java.lang.InterruptedException: null
	at EventBus.EventQueue.take(EventQueue.java:58)
	at Orchestrator.Orchestrator.start(Orchestrator.java:78)
	at Orchestrator.OrchestratorTests.lambda$runOrchestratorInThread$0(OrchestratorTests.java:71)
	at java.base/java.lang.Thread.run(Thread.java:1583)
10:54:20.641 [Thread-1] ERROR Orchestrator.Orchestrator -- Event queue was interrupted
java.lang.InterruptedException: null
	at EventBus.EventQueue.take(EventQueue.java:58)
	at Orchestrator.Orchestrator.start(Orchestrator.java:78)
	at Orchestrator.OrchestratorTests.lambda$runOrchestratorInThread$0(OrchestratorTests.java:71)
	at java.base/java.lang.Thread.run(Thread.java:1583)
10:54:20.641 [Thread-1] ERROR Orchestrator.Orchestrator -- Event queue was interrupted
java.lang.InterruptedException: null
	at EventBus.EventQueue.take(EventQueue.java:58)
	at Orchestrator.Orchestrator.start(Orchestrator.java:78)
	at Orchestrator.OrchestratorTests.lambda$runOrchestratorInThread$0(OrchestratorTests.java:71)
	at java.base/java.lang.Thread.run(Thread.java:1583)
10:54:20.642 [Thread-1] ERROR Orchestrator.Orchestrator -- Event queue was interrupted
java.lang.InterruptedException: null
	at EventBus.EventQueue.take(EventQueue.java:58)
	at Orchestrator.Orchestrator.start(Orchestrator.java:78)
	at Orchestrator.OrchestratorTests.lambda$runOrchestratorInThread$0(OrchestratorTests.java:71)
	at java.base/java.lang.Thread.run(Thread.java:1583)
10:54:20.642 [Thread-1] ERROR Orchestrator.Orchestrator -- Event queue was interrupted
java.lang.InterruptedException: null
	at EventBus.EventQueue.take(EventQueue.java:58)
	at Orchestrator.Orchestrator.start(Orchestrator.java:78)
	at Orchestrator.OrchestratorTests.lambda$runOrchestratorInThread$0(OrchestratorTests.java:71)
	at java.base/java.lang.Thread.run(Thread.java:1583)
10:54:20.642 [Thread-1] ERROR Orchestrator.Orchestrator -- Event queue was interrupted
java.lang.InterruptedException: null
	at EventBus.EventQueue.take(EventQueue.java:58)
	at Orchestrator.Orchestrator.start(Orchestrator.java:78)
	at Orchestrator.OrchestratorTests.lambda$runOrchestratorInThread$0(OrchestratorTests.java:71)
	at java.base/java.lang.Thread.run(Thread.java:1583)
10:54:20.642 [Thread-1] ERROR Orchestrator.Orchestrator -- Event queue was interrupted
java.lang.InterruptedException: null
	at EventBus.EventQueue.take(EventQueue.java:58)
	at Orchestrator.Orchestrator.start(Orchestrator.java:78)
	at Orchestrator.OrchestratorTests.lambda$runOrchestratorInThread$0(OrchestratorTests.java:71)
	at java.base/java.lang.Thread.run(Thread.java:1583)
10:54:20.643 [Thread-1] ERROR Orchestrator.Orchestrator -- Event queue was interrupted
java.lang.InterruptedException: null
	at EventBus.EventQueue.take(EventQueue.java:58)
	at Orchestrator.Orchestrator.start(Orchestrator.java:78)
	at Orchestrator.OrchestratorTests.lambda$runOrchestratorInThread$0(OrchestratorTests.java:71)
	at java.base/java.lang.Thread.run(Thread.java:1583)
10:54:20.643 [Thread-1] ERROR Orchestrator.Orchestrator -- Event queue was interrupted
java.lang.InterruptedException: null
	at EventBus.EventQueue.take(EventQueue.java:58)
	at Orchestrator.Orchestrator.start(Orchestrator.java:78)
	at Orchestrator.OrchestratorTests.lambda$runOrchestratorInThread$0(OrchestratorTests.java:71)
	at java.base/java.lang.Thread.run(Thread.java:1583)
10:54:20.643 [Thread-1] ERROR Orchestrator.Orchestrator -- Event queue was interrupted
java.lang.InterruptedException: null
	at EventBus.EventQueue.take(EventQueue.java:58)
	at Orchestrator.Orchestrator.start(Orchestrator.java:78)
	at Orchestrator.OrchestratorTests.lambda$runOrchestratorInThread$0(OrchestratorTests.java:71)
	at java.base/java.lang.Thread.run(Thread.java:1583)
10:54:20.643 [Thread-1] ERROR Orchestrator.Orchestrator -- Event queue was interrupted
java.lang.InterruptedException: null
	at EventBus.EventQueue.take(EventQueue.java:58)
	at Orchestrator.Orchestrator.start(Orchestrator.java:78)
	at Orchestrator.OrchestratorTests.lambda$runOrchestratorInThread$0(OrchestratorTests.java:71)
	at java.base/java.lang.Thread.run(Thread.java:1583)
10:54:20.644 [Thread-1] ERROR Orchestrator.Orchestrator -- Event queue was interrupted
java.lang.InterruptedException: null
	at EventBus.EventQueue.take(EventQueue.java:58)
	at Orchestrator.Orchestrator.start(Orchestrator.java:78)
	at Orchestrator.OrchestratorTests.lambda$runOrchestratorInThread$0(OrchestratorTests.java:71)
	at java.base/java.lang.Thread.run(Thread.java:1583)
10:54:20.644 [Thread-1] ERROR Orchestrator.Orchestrator -- Event queue was interrupted
java.lang.InterruptedException: null
	at EventBus.EventQueue.take(EventQueue.java:58)
	at Orchestrator.Orchestrator.start(Orchestrator.java:78)
	at Orchestrator.OrchestratorTests.lambda$runOrchestratorInThread$0(OrchestratorTests.java:71)
	at java.base/java.lang.Thread.run(Thread.java:1583)
10:54:20.644 [Thread-1] ERROR Orchestrator.Orchestrator -- Event queue was interrupted
java.lang.InterruptedException: null
	at EventBus.EventQueue.take(EventQueue.java:58)
	at Orchestrator.Orchestrator.start(Orchestrator.java:78)
	at Orchestrator.OrchestratorTests.lambda$runOrchestratorInThread$0(OrchestratorTests.java:71)
	at java.base/java.lang.Thread.run(Thread.java:1583)
10:54:20.644 [Thread-1] ERROR Orchestrator.Orchestrator -- Event queue was interrupted
java.lang.InterruptedException: null
	at EventBus.EventQueue.take(EventQueue.java:58)
	at Orchestrator.Orchestrator.start(Orchestrator.java:78)
	at Orchestrator.OrchestratorTests.lambda$runOrchestratorInThread$0(OrchestratorTests.java:71)
	at java.base/java.lang.Thread.run(Thread.java:1583)
10:54:20.644 [Thread-1] ERROR Orchestrator.Orchestrator -- Event queue was interrupted
java.lang.InterruptedException: null
	at EventBus.EventQueue.take(EventQueue.java:58)
	at Orchestrator.Orchestrator.start(Orchestrator.java:78)
	at Orchestrator.OrchestratorTests.lambda$runOrchestratorInThread$0(OrchestratorTests.java:71)
	at java.base/java.lang.Thread.run(Thread.java:1583)
10:54:20.645 [Thread-1] ERROR Orchestrator.Orchestrator -- Event queue was interrupted
java.lang.InterruptedException: null
	at EventBus.EventQueue.take(EventQueue.java:58)
	at Orchestrator.Orchestrator.start(Orchestrator.java:78)
	at Orchestrator.OrchestratorTests.lambda$runOrchestratorInThread$0(OrchestratorTests.java:71)
	at java.base/java.lang.Thread.run(Thread.java:1583)
10:54:20.645 [Thread-1] ERROR Orchestrator.Orchestrator -- Event queue was interrupted
java.lang.InterruptedException: null
	at EventBus.EventQueue.take(EventQueue.java:58)
	at Orchestrator.Orchestrator.start(Orchestrator.java:78)
	at Orchestrator.OrchestratorTests.lambda$runOrchestratorInThread$0(OrchestratorTests.java:71)
	at java.base/java.lang.Thread.run(Thread.java:1583)
10:54:20.645 [Thread-1] ERROR Orchestrator.Orchestrator -- Event queue was interrupted
java.lang.InterruptedException: null
	at EventBus.EventQueue.take(EventQueue.java:58)
	at Orchestrator.Orchestrator.start(Orchestrator.java:78)
	at Orchestrator.OrchestratorTests.lambda$runOrchestratorInThread$0(OrchestratorTests.java:71)
	at java.base/java.lang.Thread.run(Thread.java:1583)
10:54:20.645 [Thread-1] ERROR Orchestrator.Orchestrator -- Event queue was interrupted
java.lang.InterruptedException: null
	at EventBus.EventQueue.take(EventQueue.java:58)
	at Orchestrator.Orchestrator.start(Orchestrator.java:78)
	at Orchestrator.OrchestratorTests.lambda$runOrchestratorInThread$0(OrchestratorTests.java:71)
	at java.base/java.lang.Thread.run(Thread.java:1583)
10:54:20.646 [Thread-1] ERROR Orchestrator.Orchestrator -- Event queue was interrupted
java.lang.InterruptedException: null
	at EventBus.EventQueue.take(EventQueue.java:58)
	at Orchestrator.Orchestrator.start(Orchestrator.java:78)
	at Orchestrator.OrchestratorTests.lambda$runOrchestratorInThread$0(OrchestratorTests.java:71)
	at java.base/java.lang.Thread.run(Thread.java:1583)
10:54:20.646 [Thread-1] ERROR Orchestrator.Orchestrator -- Event queue was interrupted
java.lang.InterruptedException: null
	at EventBus.EventQueue.take(EventQueue.java:58)
	at Orchestrator.Orchestrator.start(Orchestrator.java:78)
	at Orchestrator.OrchestratorTests.lambda$runOrchestratorInThread$0(OrchestratorTests.java:71)
	at java.base/java.lang.Thread.run(Thread.java:1583)
10:54:20.646 [Thread-1] ERROR Orchestrator.Orchestrator -- Event queue was interrupted
java.lang.InterruptedException: null
	at EventBus.EventQueue.take(EventQueue.java:58)
	at Orchestrator.Orchestrator.start(Orchestrator.java:78)
	at Orchestrator.OrchestratorTests.lambda$runOrchestratorInThread$0(OrchestratorTests.java:71)
	at java.base/java.lang.Thread.run(Thread.java:1583)
10:54:20.647 [Thread-1] ERROR Orchestrator.Orchestrator -- Event queue was interrupted
java.lang.InterruptedException: null
	at EventBus.EventQueue.take(EventQueue.java:58)
	at Orchestrator.Orchestrator.start(Orchestrator.java:78)
	at Orchestrator.OrchestratorTests.lambda$runOrchestratorInThread$0(OrchestratorTests.java:71)
	at java.base/java.lang.Thread.run(Thread.java:1583)
10:54:20.647 [Thread-1] ERROR Orchestrator.Orchestrator -- Event queue was interrupted
java.lang.InterruptedException: null
	at EventBus.EventQueue.take(EventQueue.java:58)
	at Orchestrator.Orchestrator.start(Orchestrator.java:78)
	at Orchestrator.OrchestratorTests.lambda$runOrchestratorInThread$0(OrchestratorTests.java:71)
	at java.base/java.lang.Thread.run(Thread.java:1583)
10:54:20.647 [Thread-1] ERROR Orchestrator.Orchestrator -- Event queue was interrupted
java.lang.InterruptedException: null
	at EventBus.EventQueue.take(EventQueue.java:58)
	at Orchestrator.Orchestrator.start(Orchestrator.java:78)
	at Orchestrator.OrchestratorTests.lambda$runOrchestratorInThread$0(OrchestratorTests.java:71)
	at java.base/java.lang.Thread.run(Thread.java:1583)
10:54:20.647 [Thread-1] ERROR Orchestrator.Orchestrator -- Event queue was interrupted
java.lang.InterruptedException: null
	at EventBus.EventQueue.take(EventQueue.java:58)
	at Orchestrator.Orchestrator.start(Orchestrator.java:78)
	at Orchestrator.OrchestratorTests.lambda$runOrchestratorInThread$0(OrchestratorTests.java:71)
	at java.base/java.lang.Thread.run(Thread.java:1583)
10:54:20.648 [Thread-1] ERROR Orchestrator.Orchestrator -- Event queue was interrupted
java.lang.InterruptedException: null
	at EventBus.EventQueue.take(EventQueue.java:58)
	at Orchestrator.Orchestrator.start(Orchestrator.java:78)
	at Orchestrator.OrchestratorTests.lambda$runOrchestratorInThread$0(OrchestratorTests.java:71)
	at java.base/java.lang.Thread.run(Thread.java:1583)
10:54:20.648 [Thread-1] ERROR Orchestrator.Orchestrator -- Event queue was interrupted
java.lang.InterruptedException: null
	at EventBus.EventQueue.take(EventQueue.java:58)
	at Orchestrator.Orchestrator.start(Orchestrator.java:78)
	at Orchestrator.OrchestratorTests.lambda$runOrchestratorInThread$0(OrchestratorTests.java:71)
	at java.base/java.lang.Thread.run(Thread.java:1583)
10:54:20.648 [Thread-1] ERROR Orchestrator.Orchestrator -- Event queue was interrupted
java.lang.InterruptedException: null
	at EventBus.EventQueue.take(EventQueue.java:58)
	at Orchestrator.Orchestrator.start(Orchestrator.java:78)
	at Orchestrator.OrchestratorTests.lambda$runOrchestratorInThread$0(OrchestratorTests.java:71)
	at java.base/java.lang.Thread.run(Thread.java:1583)
10:54:20.651 [Thread-1] ERROR Orchestrator.Orchestrator -- Event queue was interrupted
java.lang.InterruptedException: null
	at EventBus.EventQueue.take(EventQueue.java:58)
	at Orchestrator.Orchestrator.start(Orchestrator.java:78)
	at Orchestrator.OrchestratorTests.lambda$runOrchestratorInThread$0(OrchestratorTests.java:71)
	at java.base/java.lang.Thread.run(Thread.java:1583)
10:54:20.651 [Thread-1] ERROR Orchestrator.Orchestrator -- Event queue was interrupted
java.lang.InterruptedException: null
	at EventBus.EventQueue.take(EventQueue.java:58)
	at Orchestrator.Orchestrator.start(Orchestrator.java:78)
	at Orchestrator.OrchestratorTests.lambda$runOrchestratorInThread$0(OrchestratorTests.java:71)
	at java.base/java.lang.Thread.run(Thread.java:1583)
10:54:20.651 [Thread-1] ERROR Orchestrator.Orchestrator -- Event queue was interrupted
java.lang.InterruptedException: null
	at EventBus.EventQueue.take(EventQueue.java:58)
	at Orchestrator.Orchestrator.start(Orchestrator.java:78)
	at Orchestrator.OrchestratorTests.lambda$runOrchestratorInThread$0(OrchestratorTests.java:71)
	at java.base/java.lang.Thread.run(Thread.java:1583)
10:54:20.652 [Thread-1] ERROR Orchestrator.Orchestrator -- Event queue was interrupted
java.lang.InterruptedException: null
	at EventBus.EventQueue.take(EventQueue.java:58)
	at Orchestrator.Orchestrator.start(Orchestrator.java:78)
	at Orchestrator.OrchestratorTests.lambda$runOrchestratorInThread$0(OrchestratorTests.java:71)
	at java.base/java.lang.Thread.run(Thread.java:1583)
10:54:20.652 [Thread-1] ERROR Orchestrator.Orchestrator -- Event queue was interrupted
java.lang.InterruptedException: null
	at EventBus.EventQueue.take(EventQueue.java:58)
	at Orchestrator.Orchestrator.start(Orchestrator.java:78)
	at Orchestrator.OrchestratorTests.lambda$runOrchestratorInThread$0(OrchestratorTests.java:71)
	at java.base/java.lang.Thread.run(Thread.java:1583)
10:54:20.652 [Thread-1] ERROR Orchestrator.Orchestrator -- Event queue was interrupted
java.lang.InterruptedException: null
	at EventBus.EventQueue.take(EventQueue.java:58)
	at Orchestrator.Orchestrator.start(Orchestrator.java:78)
	at Orchestrator.OrchestratorTests.lambda$runOrchestratorInThread$0(OrchestratorTests.java:71)
	at java.base/java.lang.Thread.run(Thread.java:1583)
10:54:20.652 [Thread-1] ERROR Orchestrator.Orchestrator -- Event queue was interrupted
java.lang.InterruptedException: null
	at EventBus.EventQueue.take(EventQueue.java:58)
	at Orchestrator.Orchestrator.start(Orchestrator.java:78)
	at Orchestrator.OrchestratorTests.lambda$runOrchestratorInThread$0(OrchestratorTests.java:71)
	at java.base/java.lang.Thread.run(Thread.java:1583)
10:54:20.652 [Thread-1] ERROR Orchestrator.Orchestrator -- Event queue was interrupted
java.lang.InterruptedException: null
	at EventBus.EventQueue.take(EventQueue.java:58)
	at Orchestrator.Orchestrator.start(Orchestrator.java:78)
	at Orchestrator.OrchestratorTests.lambda$runOrchestratorInThread$0(OrchestratorTests.java:71)
	at java.base/java.lang.Thread.run(Thread.java:1583)
10:54:20.653 [Thread-1] ERROR Orchestrator.Orchestrator -- Event queue was interrupted
java.lang.InterruptedException: null
	at EventBus.EventQueue.take(EventQueue.java:58)
	at Orchestrator.Orchestrator.start(Orchestrator.java:78)
	at Orchestrator.OrchestratorTests.lambda$runOrchestratorInThread$0(OrchestratorTests.java:71)
	at java.base/java.lang.Thread.run(Thread.java:1583)
10:54:20.653 [Thread-1] ERROR Orchestrator.Orchestrator -- Event queue was interrupted
java.lang.InterruptedException: null
	at EventBus.EventQueue.take(EventQueue.java:58)
	at Orchestrator.Orchestrator.start(Orchestrator.java:78)
	at Orchestrator.OrchestratorTests.lambda$runOrchestratorInThread$0(OrchestratorTests.java:71)
	at java.base/java.lang.Thread.run(Thread.java:1583)
10:54:20.653 [Thread-1] ERROR Orchestrator.Orchestrator -- Event queue was interrupted
java.lang.InterruptedException: null
	at EventBus.EventQueue.take(EventQueue.java:58)
	at Orchestrator.Orchestrator.start(Orchestrator.java:78)
	at Orchestrator.OrchestratorTests.lambda$runOrchestratorInThread$0(OrchestratorTests.java:71)
	at java.base/java.lang.Thread.run(Thread.java:1583)
10:54:20.653 [Thread-1] ERROR Orchestrator.Orchestrator -- Event queue was interrupted
java.lang.InterruptedException: null
	at EventBus.EventQueue.take(EventQueue.java:58)
	at Orchestrator.Orchestrator.start(Orchestrator.java:78)
	at Orchestrator.OrchestratorTests.lambda$runOrchestratorInThread$0(OrchestratorTests.java:71)
	at java.base/java.lang.Thread.run(Thread.java:1583)
10:54:20.653 [Thread-1] ERROR Orchestrator.Orchestrator -- Event queue was interrupted
java.lang.InterruptedException: null
	at EventBus.EventQueue.take(EventQueue.java:58)
	at Orchestrator.Orchestrator.start(Orchestrator.java:78)
	at Orchestrator.OrchestratorTests.lambda$runOrchestratorInThread$0(OrchestratorTests.java:71)
	at java.base/java.lang.Thread.run(Thread.java:1583)
10:54:20.654 [Thread-1] ERROR Orchestrator.Orchestrator -- Event queue was interrupted
java.lang.InterruptedException: null
	at EventBus.EventQueue.take(EventQueue.java:58)
	at Orchestrator.Orchestrator.start(Orchestrator.java:78)
	at Orchestrator.OrchestratorTests.lambda$runOrchestratorInThread$0(OrchestratorTests.java:71)
	at java.base/java.lang.Thread.run(Thread.java:1583)
10:54:20.654 [Thread-1] ERROR Orchestrator.Orchestrator -- Event queue was interrupted
java.lang.InterruptedException: null
	at EventBus.EventQueue.take(EventQueue.java:58)
	at Orchestrator.Orchestrator.start(Orchestrator.java:78)
	at Orchestrator.OrchestratorTests.lambda$runOrchestratorInThread$0(OrchestratorTests.java:71)
	at java.base/java.lang.Thread.run(Thread.java:1583)
10:54:20.654 [Thread-1] ERROR Orchestrator.Orchestrator -- Event queue was interrupted
java.lang.InterruptedException: null
	at EventBus.EventQueue.take(EventQueue.java:58)
	at Orchestrator.Orchestrator.start(Orchestrator.java:78)
	at Orchestrator.OrchestratorTests.lambda$runOrchestratorInThread$0(OrchestratorTests.java:71)
	at java.base/java.lang.Thread.run(Thread.java:1583)
10:54:20.654 [Thread-1] ERROR Orchestrator.Orchestrator -- Event queue was interrupted
java.lang.InterruptedException: null
	at EventBus.EventQueue.take(EventQueue.java:58)
	at Orchestrator.Orchestrator.start(Orchestrator.java:78)
	at Orchestrator.OrchestratorTests.lambda$runOrchestratorInThread$0(OrchestratorTests.java:71)
	at java.base/java.lang.Thread.run(Thread.java:1583)
10:54:20.654 [Thread-1] ERROR Orchestrator.Orchestrator -- Event queue was interrupted
java.lang.InterruptedException: null
	at EventBus.EventQueue.take(EventQueue.java:58)
	at Orchestrator.Orchestrator.start(Orchestrator.java:78)
	at Orchestrator.OrchestratorTests.lambda$runOrchestratorInThread$0(OrchestratorTests.java:71)
	at java.base/java.lang.Thread.run(Thread.java:1583)
10:54:20.655 [Thread-1] ERROR Orchestrator.Orchestrator -- Event queue was interrupted
java.lang.InterruptedException: null
	at EventBus.EventQueue.take(EventQueue.java:58)
	at Orchestrator.Orchestrator.start(Orchestrator.java:78)
	at Orchestrator.OrchestratorTests.lambda$runOrchestratorInThread$0(OrchestratorTests.java:71)
	at java.base/java.lang.Thread.run(Thread.java:1583)
10:54:20.655 [Thread-1] ERROR Orchestrator.Orchestrator -- Event queue was interrupted
java.lang.InterruptedException: null
	at EventBus.EventQueue.take(EventQueue.java:58)
	at Orchestrator.Orchestrator.start(Orchestrator.java:78)
	at Orchestrator.OrchestratorTests.lambda$runOrchestratorInThread$0(OrchestratorTests.java:71)
	at java.base/java.lang.Thread.run(Thread.java:1583)
10:54:20.655 [Thread-1] ERROR Orchestrator.Orchestrator -- Event queue was interrupted
java.lang.InterruptedException: null
	at EventBus.EventQueue.take(EventQueue.java:58)
	at Orchestrator.Orchestrator.start(Orchestrator.java:78)
	at Orchestrator.OrchestratorTests.lambda$runOrchestratorInThread$0(OrchestratorTests.java:71)
	at java.base/java.lang.Thread.run(Thread.java:1583)
10:54:20.655 [Thread-1] ERROR Orchestrator.Orchestrator -- Event queue was interrupted
java.lang.InterruptedException: null
	at EventBus.EventQueue.take(EventQueue.java:58)
	at Orchestrator.Orchestrator.start(Orchestrator.java:78)
	at Orchestrator.OrchestratorTests.lambda$runOrchestratorInThread$0(OrchestratorTests.java:71)
	at java.base/java.lang.Thread.run(Thread.java:1583)
10:54:20.656 [Thread-1] ERROR Orchestrator.Orchestrator -- Event queue was interrupted
java.lang.InterruptedException: null
	at EventBus.EventQueue.take(EventQueue.java:58)
	at Orchestrator.Orchestrator.start(Orchestrator.java:78)
	at Orchestrator.OrchestratorTests.lambda$runOrchestratorInThread$0(OrchestratorTests.java:71)
	at java.base/java.lang.Thread.run(Thread.java:1583)
10:54:20.656 [Thread-1] ERROR Orchestrator.Orchestrator -- Event queue was interrupted
java.lang.InterruptedException: null
	at EventBus.EventQueue.take(EventQueue.java:58)
	at Orchestrator.Orchestrator.start(Orchestrator.java:78)
	at Orchestrator.OrchestratorTests.lambda$runOrchestratorInThread$0(OrchestratorTests.java:71)
	at java.base/java.lang.Thread.run(Thread.java:1583)
10:54:20.656 [Thread-1] ERROR Orchestrator.Orchestrator -- Event queue was interrupted
java.lang.InterruptedException: null
	at EventBus.EventQueue.take(EventQueue.java:58)
	at Orchestrator.Orchestrator.start(Orchestrator.java:78)
	at Orchestrator.OrchestratorTests.lambda$runOrchestratorInThread$0(OrchestratorTests.java:71)
	at java.base/java.lang.Thread.run(Thread.java:1583)
10:54:20.657 [Thread-1] ERROR Orchestrator.Orchestrator -- Event queue was interrupted
java.lang.InterruptedException: null
	at EventBus.EventQueue.take(EventQueue.java:58)
	at Orchestrator.Orchestrator.start(Orchestrator.java:78)
	at Orchestrator.OrchestratorTests.lambda$runOrchestratorInThread$0(OrchestratorTests.java:71)
	at java.base/java.lang.Thread.run(Thread.java:1583)
10:54:20.657 [Thread-1] ERROR Orchestrator.Orchestrator -- Event queue was interrupted
java.lang.InterruptedException: null
	at EventBus.EventQueue.take(EventQueue.java:58)
	at Orchestrator.Orchestrator.start(Orchestrator.java:78)
	at Orchestrator.OrchestratorTests.lambda$runOrchestratorInThread$0(OrchestratorTests.java:71)
	at java.base/java.lang.Thread.run(Thread.java:1583)
10:54:20.657 [Thread-1] ERROR Orchestrator.Orchestrator -- Event queue was interrupted
java.lang.InterruptedException: null
	at EventBus.EventQueue.take(EventQueue.java:58)
	at Orchestrator.Orchestrator.start(Orchestrator.java:78)
	at Orchestrator.OrchestratorTests.lambda$runOrchestratorInThread$0(OrchestratorTests.java:71)
	at java.base/java.lang.Thread.run(Thread.java:1583)
10:54:20.657 [Thread-1] ERROR Orchestrator.Orchestrator -- Event queue was interrupted
java.lang.InterruptedException: null
	at EventBus.EventQueue.take(EventQueue.java:58)
	at Orchestrator.Orchestrator.start(Orchestrator.java:78)
	at Orchestrator.OrchestratorTests.lambda$runOrchestratorInThread$0(OrchestratorTests.java:71)
	at java.base/java.lang.Thread.run(Thread.java:1583)
10:54:20.658 [Thread-1] ERROR Orchestrator.Orchestrator -- Event queue was interrupted
java.lang.InterruptedException: null
	at EventBus.EventQueue.take(EventQueue.java:58)
	at Orchestrator.Orchestrator.start(Orchestrator.java:78)
	at Orchestrator.OrchestratorTests.lambda$runOrchestratorInThread$0(OrchestratorTests.java:71)
	at java.base/java.lang.Thread.run(Thread.java:1583)
10:54:20.658 [Thread-1] ERROR Orchestrator.Orchestrator -- Event queue was interrupted
java.lang.InterruptedException: null
	at EventBus.EventQueue.take(EventQueue.java:58)
	at Orchestrator.Orchestrator.start(Orchestrator.java:78)
	at Orchestrator.OrchestratorTests.lambda$runOrchestratorInThread$0(OrchestratorTests.java:71)
	at java.base/java.lang.Thread.run(Thread.java:1583)
10:54:20.658 [Thread-1] ERROR Orchestrator.Orchestrator -- Event queue was interrupted
java.lang.InterruptedException: null
	at EventBus.EventQueue.take(EventQueue.java:58)
	at Orchestrator.Orchestrator.start(Orchestrator.java:78)
	at Orchestrator.OrchestratorTests.lambda$runOrchestratorInThread$0(OrchestratorTests.java:71)
	at java.base/java.lang.Thread.run(Thread.java:1583)
10:54:20.658 [Thread-1] ERROR Orchestrator.Orchestrator -- Event queue was interrupted
java.lang.InterruptedException: null
	at EventBus.EventQueue.take(EventQueue.java:58)
	at Orchestrator.Orchestrator.start(Orchestrator.java:78)
	at Orchestrator.OrchestratorTests.lambda$runOrchestratorInThread$0(OrchestratorTests.java:71)
	at java.base/java.lang.Thread.run(Thread.java:1583)
10:54:20.658 [Thread-1] ERROR Orchestrator.Orchestrator -- Event queue was interrupted
java.lang.InterruptedException: null
	at EventBus.EventQueue.take(EventQueue.java:58)
	at Orchestrator.Orchestrator.start(Orchestrator.java:78)
	at Orchestrator.OrchestratorTests.lambda$runOrchestratorInThread$0(OrchestratorTests.java:71)
	at java.base/java.lang.Thread.run(Thread.java:1583)
10:54:20.659 [Thread-1] ERROR Orchestrator.Orchestrator -- Event queue was interrupted
java.lang.InterruptedException: null
	at EventBus.EventQueue.take(EventQueue.java:58)
	at Orchestrator.Orchestrator.start(Orchestrator.java:78)
	at Orchestrator.OrchestratorTests.lambda$runOrchestratorInThread$0(OrchestratorTests.java:71)
	at java.base/java.lang.Thread.run(Thread.java:1583)
10:54:20.659 [Thread-1] ERROR Orchestrator.Orchestrator -- Event queue was interrupted
java.lang.InterruptedException: null
	at EventBus.EventQueue.take(EventQueue.java:58)
	at Orchestrator.Orchestrator.start(Orchestrator.java:78)
	at Orchestrator.OrchestratorTests.lambda$runOrchestratorInThread$0(OrchestratorTests.java:71)
	at java.base/java.lang.Thread.run(Thread.java:1583)
10:54:20.659 [Thread-1] ERROR Orchestrator.Orchestrator -- Event queue was interrupted
java.lang.InterruptedException: null
	at EventBus.EventQueue.take(EventQueue.java:58)
	at Orchestrator.Orchestrator.start(Orchestrator.java:78)
	at Orchestrator.OrchestratorTests.lambda$runOrchestratorInThread$0(OrchestratorTests.java:71)
	at java.base/java.lang.Thread.run(Thread.java:1583)
10:54:20.659 [Thread-1] ERROR Orchestrator.Orchestrator -- Event queue was interrupted
java.lang.InterruptedException: null
	at EventBus.EventQueue.take(EventQueue.java:58)
	at Orchestrator.Orchestrator.start(Orchestrator.java:78)
	at Orchestrator.OrchestratorTests.lambda$runOrchestratorInThread$0(OrchestratorTests.java:71)
	at java.base/java.lang.Thread.run(Thread.java:1583)
10:54:20.659 [Thread-1] ERROR Orchestrator.Orchestrator -- Event queue was interrupted
java.lang.InterruptedException: null
	at EventBus.EventQueue.take(EventQueue.java:58)
	at Orchestrator.Orchestrator.start(Orchestrator.java:78)
	at Orchestrator.OrchestratorTests.lambda$runOrchestratorInThread$0(OrchestratorTests.java:71)
	at java.base/java.lang.Thread.run(Thread.java:1583)
10:54:20.660 [Thread-1] ERROR Orchestrator.Orchestrator -- Event queue was interrupted
java.lang.InterruptedException: null
	at EventBus.EventQueue.take(EventQueue.java:58)
	at Orchestrator.Orchestrator.start(Orchestrator.java:78)
	at Orchestrator.OrchestratorTests.lambda$runOrchestratorInThread$0(OrchestratorTests.java:71)
	at java.base/java.lang.Thread.run(Thread.java:1583)
10:54:20.660 [Thread-1] ERROR Orchestrator.Orchestrator -- Event queue was interrupted
java.lang.InterruptedException: null
	at EventBus.EventQueue.take(EventQueue.java:58)
	at Orchestrator.Orchestrator.start(Orchestrator.java:78)
	at Orchestrator.OrchestratorTests.lambda$runOrchestratorInThread$0(OrchestratorTests.java:71)
	at java.base/java.lang.Thread.run(Thread.java:1583)
10:54:20.660 [Thread-1] ERROR Orchestrator.Orchestrator -- Event queue was interrupted
java.lang.InterruptedException: null
	at EventBus.EventQueue.take(EventQueue.java:58)
	at Orchestrator.Orchestrator.start(Orchestrator.java:78)
	at Orchestrator.OrchestratorTests.lambda$runOrchestratorInThread$0(OrchestratorTests.java:71)
	at java.base/java.lang.Thread.run(Thread.java:1583)
10:54:20.660 [Thread-1] ERROR Orchestrator.Orchestrator -- Event queue was interrupted
java.lang.InterruptedException: null
	at EventBus.EventQueue.take(EventQueue.java:58)
	at Orchestrator.Orchestrator.start(Orchestrator.java:78)
	at Orchestrator.OrchestratorTests.lambda$runOrchestratorInThread$0(OrchestratorTests.java:71)
	at java.base/java.lang.Thread.run(Thread.java:1583)
10:54:20.660 [Thread-1] ERROR Orchestrator.Orchestrator -- Event queue was interrupted
java.lang.InterruptedException: null
	at EventBus.EventQueue.take(EventQueue.java:58)
	at Orchestrator.Orchestrator.start(Orchestrator.java:78)
	at Orchestrator.OrchestratorTests.lambda$runOrchestratorInThread$0(OrchestratorTests.java:71)
	at java.base/java.lang.Thread.run(Thread.java:1583)
10:54:20.660 [Thread-1] ERROR Orchestrator.Orchestrator -- Event queue was interrupted
java.lang.InterruptedException: null
	at EventBus.EventQueue.take(EventQueue.java:58)
	at Orchestrator.Orchestrator.start(Orchestrator.java:78)
	at Orchestrator.OrchestratorTests.lambda$runOrchestratorInThread$0(OrchestratorTests.java:71)
	at java.base/java.lang.Thread.run(Thread.java:1583)
10:54:20.661 [Thread-1] ERROR Orchestrator.Orchestrator -- Event queue was interrupted
java.lang.InterruptedException: null
	at EventBus.EventQueue.take(EventQueue.java:58)
	at Orchestrator.Orchestrator.start(Orchestrator.java:78)
	at Orchestrator.OrchestratorTests.lambda$runOrchestratorInThread$0(OrchestratorTests.java:71)
	at java.base/java.lang.Thread.run(Thread.java:1583)
10:54:20.661 [Thread-1] ERROR Orchestrator.Orchestrator -- Event queue was interrupted
java.lang.InterruptedException: null
	at EventBus.EventQueue.take(EventQueue.java:58)
	at Orchestrator.Orchestrator.start(Orchestrator.java:78)
	at Orchestrator.OrchestratorTests.lambda$runOrchestratorInThread$0(OrchestratorTests.java:71)
	at java.base/java.lang.Thread.run(Thread.java:1583)
10:54:20.661 [Thread-1] ERROR Orchestrator.Orchestrator -- Event queue was interrupted
java.lang.InterruptedException: null
	at EventBus.EventQueue.take(EventQueue.java:58)
	at Orchestrator.Orchestrator.start(Orchestrator.java:78)
	at Orchestrator.OrchestratorTests.lambda$runOrchestratorInThread$0(OrchestratorTests.java:71)
	at java.base/java.lang.Thread.run(Thread.java:1583)
10:54:20.661 [Thread-1] ERROR Orchestrator.Orchestrator -- Event queue was interrupted
java.lang.InterruptedException: null
	at EventBus.EventQueue.take(EventQueue.java:58)
	at Orchestrator.Orchestrator.start(Orchestrator.java:78)
	at Orchestrator.OrchestratorTests.lambda$runOrchestratorInThread$0(OrchestratorTests.java:71)
	at java.base/java.lang.Thread.run(Thread.java:1583)
10:54:20.661 [Thread-1] ERROR Orchestrator.Orchestrator -- Event queue was interrupted
java.lang.InterruptedException: null
	at EventBus.EventQueue.take(EventQueue.java:58)
	at Orchestrator.Orchestrator.start(Orchestrator.java:78)
	at Orchestrator.OrchestratorTests.lambda$runOrchestratorInThread$0(OrchestratorTests.java:71)
	at java.base/java.lang.Thread.run(Thread.java:1583)
10:54:20.662 [Thread-1] ERROR Orchestrator.Orchestrator -- Event queue was interrupted
java.lang.InterruptedException: null
	at EventBus.EventQueue.take(EventQueue.java:58)
	at Orchestrator.Orchestrator.start(Orchestrator.java:78)
	at Orchestrator.OrchestratorTests.lambda$runOrchestratorInThread$0(OrchestratorTests.java:71)
	at java.base/java.lang.Thread.run(Thread.java:1583)
10:54:20.662 [Thread-1] ERROR Orchestrator.Orchestrator -- Event queue was interrupted
java.lang.InterruptedException: null
	at EventBus.EventQueue.take(EventQueue.java:58)
	at Orchestrator.Orchestrator.start(Orchestrator.java:78)
	at Orchestrator.OrchestratorTests.lambda$runOrchestratorInThread$0(OrchestratorTests.java:71)
	at java.base/java.lang.Thread.run(Thread.java:1583)
10:54:20.662 [Thread-1] ERROR Orchestrator.Orchestrator -- Event queue was interrupted
java.lang.InterruptedException: null
	at EventBus.EventQueue.take(EventQueue.java:58)
	at Orchestrator.Orchestrator.start(Orchestrator.java:78)
	at Orchestrator.OrchestratorTests.lambda$runOrchestratorInThread$0(OrchestratorTests.java:71)
	at java.base/java.lang.Thread.run(Thread.java:1583)
10:54:20.662 [Thread-1] ERROR Orchestrator.Orchestrator -- Event queue was interrupted
java.lang.InterruptedException: null
	at EventBus.EventQueue.take(EventQueue.java:58)
	at Orchestrator.Orchestrator.start(Orchestrator.java:78)
	at Orchestrator.OrchestratorTests.lambda$runOrchestratorInThread$0(OrchestratorTests.java:71)
	at java.base/java.lang.Thread.run(Thread.java:1583)
10:54:20.662 [Thread-1] ERROR Orchestrator.Orchestrator -- Event queue was interrupted
java.lang.InterruptedException: null
	at EventBus.EventQueue.take(EventQueue.java:58)
	at Orchestrator.Orchestrator.start(Orchestrator.java:78)
	at Orchestrator.OrchestratorTests.lambda$runOrchestratorInThread$0(OrchestratorTests.java:71)
	at java.base/java.lang.Thread.run(Thread.java:1583)
10:54:20.663 [Thread-1] ERROR Orchestrator.Orchestrator -- Event queue was interrupted
java.lang.InterruptedException: null
	at EventBus.EventQueue.take(EventQueue.java:58)
	at Orchestrator.Orchestrator.start(Orchestrator.java:78)
	at Orchestrator.OrchestratorTests.lambda$runOrchestratorInThread$0(OrchestratorTests.java:71)
	at java.base/java.lang.Thread.run(Thread.java:1583)
10:54:20.663 [Thread-1] ERROR Orchestrator.Orchestrator -- Event queue was interrupted
java.lang.InterruptedException: null
	at EventBus.EventQueue.take(EventQueue.java:58)
	at Orchestrator.Orchestrator.start(Orchestrator.java:78)
	at Orchestrator.OrchestratorTests.lambda$runOrchestratorInThread$0(OrchestratorTests.java:71)
	at java.base/java.lang.Thread.run(Thread.java:1583)
10:54:20.663 [Thread-1] ERROR Orchestrator.Orchestrator -- Event queue was interrupted
java.lang.InterruptedException: null
	at EventBus.EventQueue.take(EventQueue.java:58)
	at Orchestrator.Orchestrator.start(Orchestrator.java:78)
	at Orchestrator.OrchestratorTests.lambda$runOrchestratorInThread$0(OrchestratorTests.java:71)
	at java.base/java.lang.Thread.run(Thread.java:1583)
10:54:20.663 [Thread-1] ERROR Orchestrator.Orchestrator -- Event queue was interrupted
java.lang.InterruptedException: null
	at EventBus.EventQueue.take(EventQueue.java:58)
	at Orchestrator.Orchestrator.start(Orchestrator.java:78)
	at Orchestrator.OrchestratorTests.lambda$runOrchestratorInThread$0(OrchestratorTests.java:71)
	at java.base/java.lang.Thread.run(Thread.java:1583)
10:54:20.663 [Thread-1] ERROR Orchestrator.Orchestrator -- Event queue was interrupted
java.lang.InterruptedException: null
	at EventBus.EventQueue.take(EventQueue.java:58)
	at Orchestrator.Orchestrator.start(Orchestrator.java:78)
	at Orchestrator.OrchestratorTests.lambda$runOrchestratorInThread$0(OrchestratorTests.java:71)
	at java.base/java.lang.Thread.run(Thread.java:1583)
10:54:20.664 [Thread-1] ERROR Orchestrator.Orchestrator -- Event queue was interrupted
java.lang.InterruptedException: null
	at EventBus.EventQueue.take(EventQueue.java:58)
	at Orchestrator.Orchestrator.start(Orchestrator.java:78)
	at Orchestrator.OrchestratorTests.lambda$runOrchestratorInThread$0(OrchestratorTests.java:71)
	at java.base/java.lang.Thread.run(Thread.java:1583)
10:54:20.664 [Thread-1] ERROR Orchestrator.Orchestrator -- Event queue was interrupted
java.lang.InterruptedException: null
	at EventBus.EventQueue.take(EventQueue.java:58)
	at Orchestrator.Orchestrator.start(Orchestrator.java:78)
	at Orchestrator.OrchestratorTests.lambda$runOrchestratorInThread$0(OrchestratorTests.java:71)
	at java.base/java.lang.Thread.run(Thread.java:1583)
10:54:20.664 [Thread-1] ERROR Orchestrator.Orchestrator -- Event queue was interrupted
java.lang.InterruptedException: null
	at EventBus.EventQueue.take(EventQueue.java:58)
	at Orchestrator.Orchestrator.start(Orchestrator.java:78)
	at Orchestrator.OrchestratorTests.lambda$runOrchestratorInThread$0(OrchestratorTests.java:71)
	at java.base/java.lang.Thread.run(Thread.java:1583)
10:54:20.665 [Thread-1] ERROR Orchestrator.Orchestrator -- Event queue was interrupted
java.lang.InterruptedException: null
	at EventBus.EventQueue.take(EventQueue.java:58)
	at Orchestrator.Orchestrator.start(Orchestrator.java:78)
	at Orchestrator.OrchestratorTests.lambda$runOrchestratorInThread$0(OrchestratorTests.java:71)
	at java.base/java.lang.Thread.run(Thread.java:1583)
10:54:20.665 [Thread-1] ERROR Orchestrator.Orchestrator -- Event queue was interrupted
java.lang.InterruptedException: null
	at EventBus.EventQueue.take(EventQueue.java:58)
	at Orchestrator.Orchestrator.start(Orchestrator.java:78)
	at Orchestrator.OrchestratorTests.lambda$runOrchestratorInThread$0(OrchestratorTests.java:71)
	at java.base/java.lang.Thread.run(Thread.java:1583)
10:54:20.665 [Thread-1] ERROR Orchestrator.Orchestrator -- Event queue was interrupted
java.lang.InterruptedException: null
	at EventBus.EventQueue.take(EventQueue.java:58)
	at Orchestrator.Orchestrator.start(Orchestrator.java:78)
	at Orchestrator.OrchestratorTests.lambda$runOrchestratorInThread$0(OrchestratorTests.java:71)
	at java.base/java.lang.Thread.run(Thread.java:1583)
10:54:20.665 [Thread-1] ERROR Orchestrator.Orchestrator -- Event queue was interrupted
java.lang.InterruptedException: null
	at EventBus.EventQueue.take(EventQueue.java:58)
	at Orchestrator.Orchestrator.start(Orchestrator.java:78)
	at Orchestrator.OrchestratorTests.lambda$runOrchestratorInThread$0(OrchestratorTests.java:71)
	at java.base/java.lang.Thread.run(Thread.java:1583)
10:54:20.665 [Thread-1] ERROR Orchestrator.Orchestrator -- Event queue was interrupted
java.lang.InterruptedException: null
	at EventBus.EventQueue.take(EventQueue.java:58)
	at Orchestrator.Orchestrator.start(Orchestrator.java:78)
	at Orchestrator.OrchestratorTests.lambda$runOrchestratorInThread$0(OrchestratorTests.java:71)
	at java.base/java.lang.Thread.run(Thread.java:1583)
10:54:20.666 [Thread-1] ERROR Orchestrator.Orchestrator -- Event queue was interrupted
java.lang.InterruptedException: null
	at EventBus.EventQueue.take(EventQueue.java:58)
	at Orchestrator.Orchestrator.start(Orchestrator.java:78)
	at Orchestrator.OrchestratorTests.lambda$runOrchestratorInThread$0(OrchestratorTests.java:71)
	at java.base/java.lang.Thread.run(Thread.java:1583)
10:54:20.666 [Thread-1] ERROR Orchestrator.Orchestrator -- Event queue was interrupted
java.lang.InterruptedException: null
	at EventBus.EventQueue.take(EventQueue.java:58)
	at Orchestrator.Orchestrator.start(Orchestrator.java:78)
	at Orchestrator.OrchestratorTests.lambda$runOrchestratorInThread$0(OrchestratorTests.java:71)
	at java.base/java.lang.Thread.run(Thread.java:1583)
10:54:20.666 [Thread-1] ERROR Orchestrator.Orchestrator -- Event queue was interrupted
java.lang.InterruptedException: null
	at EventBus.EventQueue.take(EventQueue.java:58)
	at Orchestrator.Orchestrator.start(Orchestrator.java:78)
	at Orchestrator.OrchestratorTests.lambda$runOrchestratorInThread$0(OrchestratorTests.java:71)
	at java.base/java.lang.Thread.run(Thread.java:1583)
10:54:20.666 [Thread-1] ERROR Orchestrator.Orchestrator -- Event queue was interrupted
java.lang.InterruptedException: null
	at EventBus.EventQueue.take(EventQueue.java:58)
	at Orchestrator.Orchestrator.start(Orchestrator.java:78)
	at Orchestrator.OrchestratorTests.lambda$runOrchestratorInThread$0(OrchestratorTests.java:71)
	at java.base/java.lang.Thread.run(Thread.java:1583)
10:54:20.666 [Thread-1] ERROR Orchestrator.Orchestrator -- Event queue was interrupted
java.lang.InterruptedException: null
	at EventBus.EventQueue.take(EventQueue.java:58)
	at Orchestrator.Orchestrator.start(Orchestrator.java:78)
	at Orchestrator.OrchestratorTests.lambda$runOrchestratorInThread$0(OrchestratorTests.java:71)
	at java.base/java.lang.Thread.run(Thread.java:1583)
10:54:20.667 [Thread-1] ERROR Orchestrator.Orchestrator -- Event queue was interrupted
java.lang.InterruptedException: null
	at EventBus.EventQueue.take(EventQueue.java:58)
	at Orchestrator.Orchestrator.start(Orchestrator.java:78)
	at Orchestrator.OrchestratorTests.lambda$runOrchestratorInThread$0(OrchestratorTests.java:71)
	at java.base/java.lang.Thread.run(Thread.java:1583)
10:54:20.667 [Thread-1] ERROR Orchestrator.Orchestrator -- Event queue was interrupted
java.lang.InterruptedException: null
	at EventBus.EventQueue.take(EventQueue.java:58)
	at Orchestrator.Orchestrator.start(Orchestrator.java:78)
	at Orchestrator.OrchestratorTests.lambda$runOrchestratorInThread$0(OrchestratorTests.java:71)
	at java.base/java.lang.Thread.run(Thread.java:1583)
10:54:20.667 [Thread-1] ERROR Orchestrator.Orchestrator -- Event queue was interrupted
java.lang.InterruptedException: null
	at EventBus.EventQueue.take(EventQueue.java:58)
	at Orchestrator.Orchestrator.start(Orchestrator.java:78)
	at Orchestrator.OrchestratorTests.lambda$runOrchestratorInThread$0(OrchestratorTests.java:71)
	at java.base/java.lang.Thread.run(Thread.java:1583)
10:54:20.671 [Thread-1] ERROR Orchestrator.Orchestrator -- Event queue was interrupted
java.lang.InterruptedException: null
	at EventBus.EventQueue.take(EventQueue.java:58)
	at Orchestrator.Orchestrator.start(Orchestrator.java:78)
	at Orchestrator.OrchestratorTests.lambda$runOrchestratorInThread$0(OrchestratorTests.java:71)
	at java.base/java.lang.Thread.run(Thread.java:1583)
10:54:20.671 [Thread-1] ERROR Orchestrator.Orchestrator -- Event queue was interrupted
java.lang.InterruptedException: null
	at EventBus.EventQueue.take(EventQueue.java:58)
	at Orchestrator.Orchestrator.start(Orchestrator.java:78)
	at Orchestrator.OrchestratorTests.lambda$runOrchestratorInThread$0(OrchestratorTests.java:71)
	at java.base/java.lang.Thread.run(Thread.java:1583)
10:54:20.671 [Thread-1] ERROR Orchestrator.Orchestrator -- Event queue was interrupted
java.lang.InterruptedException: null
	at EventBus.EventQueue.take(EventQueue.java:58)
	at Orchestrator.Orchestrator.start(Orchestrator.java:78)
	at Orchestrator.OrchestratorTests.lambda$runOrchestratorInThread$0(OrchestratorTests.java:71)
	at java.base/java.lang.Thread.run(Thread.java:1583)
10:54:20.671 [Thread-1] ERROR Orchestrator.Orchestrator -- Event queue was interrupted
java.lang.InterruptedException: null
	at EventBus.EventQueue.take(EventQueue.java:58)
	at Orchestrator.Orchestrator.start(Orchestrator.java:78)
	at Orchestrator.OrchestratorTests.lambda$runOrchestratorInThread$0(OrchestratorTests.java:71)
	at java.base/java.lang.Thread.run(Thread.java:1583)
10:54:20.672 [Thread-1] ERROR Orchestrator.Orchestrator -- Event queue was interrupted
java.lang.InterruptedException: null
	at EventBus.EventQueue.take(EventQueue.java:58)
	at Orchestrator.Orchestrator.start(Orchestrator.java:78)
	at Orchestrator.OrchestratorTests.lambda$runOrchestratorInThread$0(OrchestratorTests.java:71)
	at java.base/java.lang.Thread.run(Thread.java:1583)
10:54:20.672 [Thread-1] ERROR Orchestrator.Orchestrator -- Event queue was interrupted
java.lang.InterruptedException: null
	at EventBus.EventQueue.take(EventQueue.java:58)
	at Orchestrator.Orchestrator.start(Orchestrator.java:78)
	at Orchestrator.OrchestratorTests.lambda$runOrchestratorInThread$0(OrchestratorTests.java:71)
	at java.base/java.lang.Thread.run(Thread.java:1583)
10:54:20.672 [Thread-1] ERROR Orchestrator.Orchestrator -- Event queue was interrupted
java.lang.InterruptedException: null
	at EventBus.EventQueue.take(EventQueue.java:58)
	at Orchestrator.Orchestrator.start(Orchestrator.java:78)
	at Orchestrator.OrchestratorTests.lambda$runOrchestratorInThread$0(OrchestratorTests.java:71)
	at java.base/java.lang.Thread.run(Thread.java:1583)
10:54:20.672 [Thread-1] ERROR Orchestrator.Orchestrator -- Event queue was interrupted
java.lang.InterruptedException: null
	at EventBus.EventQueue.take(EventQueue.java:58)
	at Orchestrator.Orchestrator.start(Orchestrator.java:78)
	at Orchestrator.OrchestratorTests.lambda$runOrchestratorInThread$0(OrchestratorTests.java:71)
	at java.base/java.lang.Thread.run(Thread.java:1583)
10:54:20.673 [Thread-1] ERROR Orchestrator.Orchestrator -- Event queue was interrupted
java.lang.InterruptedException: null
	at EventBus.EventQueue.take(EventQueue.java:58)
	at Orchestrator.Orchestrator.start(Orchestrator.java:78)
	at Orchestrator.OrchestratorTests.lambda$runOrchestratorInThread$0(OrchestratorTests.java:71)
	at java.base/java.lang.Thread.run(Thread.java:1583)
10:54:20.673 [Thread-1] ERROR Orchestrator.Orchestrator -- Event queue was interrupted
java.lang.InterruptedException: null
	at EventBus.EventQueue.take(EventQueue.java:58)
	at Orchestrator.Orchestrator.start(Orchestrator.java:78)
	at Orchestrator.OrchestratorTests.lambda$runOrchestratorInThread$0(OrchestratorTests.java:71)
	at java.base/java.lang.Thread.run(Thread.java:1583)
10:54:20.674 [Thread-1] ERROR Orchestrator.Orchestrator -- Event queue was interrupted
java.lang.InterruptedException: null
	at EventBus.EventQueue.take(EventQueue.java:58)
	at Orchestrator.Orchestrator.start(Orchestrator.java:78)
	at Orchestrator.OrchestratorTests.lambda$runOrchestratorInThread$0(OrchestratorTests.java:71)
	at java.base/java.lang.Thread.run(Thread.java:1583)
10:54:20.674 [Thread-1] ERROR Orchestrator.Orchestrator -- Event queue was interrupted
java.lang.InterruptedException: null
	at EventBus.EventQueue.take(EventQueue.java:58)
	at Orchestrator.Orchestrator.start(Orchestrator.java:78)
	at Orchestrator.OrchestratorTests.lambda$runOrchestratorInThread$0(OrchestratorTests.java:71)
	at java.base/java.lang.Thread.run(Thread.java:1583)
10:54:20.675 [Thread-1] ERROR Orchestrator.Orchestrator -- Event queue was interrupted
java.lang.InterruptedException: null
	at EventBus.EventQueue.take(EventQueue.java:58)
	at Orchestrator.Orchestrator.start(Orchestrator.java:78)
	at Orchestrator.OrchestratorTests.lambda$runOrchestratorInThread$0(OrchestratorTests.java:71)
	at java.base/java.lang.Thread.run(Thread.java:1583)
10:54:20.676 [Thread-1] ERROR Orchestrator.Orchestrator -- Event queue was interrupted
java.lang.InterruptedException: null
	at EventBus.EventQueue.take(EventQueue.java:58)
	at Orchestrator.Orchestrator.start(Orchestrator.java:78)
	at Orchestrator.OrchestratorTests.lambda$runOrchestratorInThread$0(OrchestratorTests.java:71)
	at java.base/java.lang.Thread.run(Thread.java:1583)
10:54:20.676 [Thread-1] ERROR Orchestrator.Orchestrator -- Event queue was interrupted
java.lang.InterruptedException: null
	at EventBus.EventQueue.take(EventQueue.java:58)
	at Orchestrator.Orchestrator.start(Orchestrator.java:78)
	at Orchestrator.OrchestratorTests.lambda$runOrchestratorInThread$0(OrchestratorTests.java:71)
	at java.base/java.lang.Thread.run(Thread.java:1583)
10:54:20.677 [Thread-1] ERROR Orchestrator.Orchestrator -- Event queue was interrupted
java.lang.InterruptedException: null
	at EventBus.EventQueue.take(EventQueue.java:58)
	at Orchestrator.Orchestrator.start(Orchestrator.java:78)
	at Orchestrator.OrchestratorTests.lambda$runOrchestratorInThread$0(OrchestratorTests.java:71)
	at java.base/java.lang.Thread.run(Thread.java:1583)
10:54:20.677 [Thread-1] ERROR Orchestrator.Orchestrator -- Event queue was interrupted
java.lang.InterruptedException: null
	at EventBus.EventQueue.take(EventQueue.java:58)
	at Orchestrator.Orchestrator.start(Orchestrator.java:78)
	at Orchestrator.OrchestratorTests.lambda$runOrchestratorInThread$0(OrchestratorTests.java:71)
	at java.base/java.lang.Thread.run(Thread.java:1583)
10:54:20.678 [Thread-1] ERROR Orchestrator.Orchestrator -- Event queue was interrupted
java.lang.InterruptedException: null
	at EventBus.EventQueue.take(EventQueue.java:58)
	at Orchestrator.Orchestrator.start(Orchestrator.java:78)
	at Orchestrator.OrchestratorTests.lambda$runOrchestratorInThread$0(OrchestratorTests.java:71)
	at java.base/java.lang.Thread.run(Thread.java:1583)
10:54:20.679 [Thread-1] ERROR Orchestrator.Orchestrator -- Event queue was interrupted
java.lang.InterruptedException: null
	at EventBus.EventQueue.take(EventQueue.java:58)
	at Orchestrator.Orchestrator.start(Orchestrator.java:78)
	at Orchestrator.OrchestratorTests.lambda$runOrchestratorInThread$0(OrchestratorTests.java:71)
	at java.base/java.lang.Thread.run(Thread.java:1583)
10:54:20.679 [Thread-1] ERROR Orchestrator.Orchestrator -- Event queue was interrupted
java.lang.InterruptedException: null
	at EventBus.EventQueue.take(EventQueue.java:58)
	at Orchestrator.Orchestrator.start(Orchestrator.java:78)
	at Orchestrator.OrchestratorTests.lambda$runOrchestratorInThread$0(OrchestratorTests.java:71)
	at java.base/java.lang.Thread.run(Thread.java:1583)
10:54:20.680 [Thread-1] ERROR Orchestrator.Orchestrator -- Event queue was interrupted
java.lang.InterruptedException: null
	at EventBus.EventQueue.take(EventQueue.java:58)
	at Orchestrator.Orchestrator.start(Orchestrator.java:78)
	at Orchestrator.OrchestratorTests.lambda$runOrchestratorInThread$0(OrchestratorTests.java:71)
	at java.base/java.lang.Thread.run(Thread.java:1583)
10:54:20.680 [Thread-1] ERROR Orchestrator.Orchestrator -- Event queue was interrupted
java.lang.InterruptedException: null
	at EventBus.EventQueue.take(EventQueue.java:58)
	at Orchestrator.Orchestrator.start(Orchestrator.java:78)
	at Orchestrator.OrchestratorTests.lambda$runOrchestratorInThread$0(OrchestratorTests.java:71)
	at java.base/java.lang.Thread.run(Thread.java:1583)
10:54:20.681 [Thread-1] ERROR Orchestrator.Orchestrator -- Event queue was interrupted
java.lang.InterruptedException: null
	at EventBus.EventQueue.take(EventQueue.java:58)
	at Orchestrator.Orchestrator.start(Orchestrator.java:78)
	at Orchestrator.OrchestratorTests.lambda$runOrchestratorInThread$0(OrchestratorTests.java:71)
	at java.base/java.lang.Thread.run(Thread.java:1583)
10:54:20.681 [Thread-1] ERROR Orchestrator.Orchestrator -- Event queue was interrupted
java.lang.InterruptedException: null
	at EventBus.EventQueue.take(EventQueue.java:58)
	at Orchestrator.Orchestrator.start(Orchestrator.java:78)
	at Orchestrator.OrchestratorTests.lambda$runOrchestratorInThread$0(OrchestratorTests.java:71)
	at java.base/java.lang.Thread.run(Thread.java:1583)
10:54:20.681 [Thread-1] ERROR Orchestrator.Orchestrator -- Event queue was interrupted
java.lang.InterruptedException: null
	at EventBus.EventQueue.take(EventQueue.java:58)
	at Orchestrator.Orchestrator.start(Orchestrator.java:78)
	at Orchestrator.OrchestratorTests.lambda$runOrchestratorInThread$0(OrchestratorTests.java:71)
	at java.base/java.lang.Thread.run(Thread.java:1583)
10:54:20.682 [Thread-1] ERROR Orchestrator.Orchestrator -- Event queue was interrupted
java.lang.InterruptedException: null
	at EventBus.EventQueue.take(EventQueue.java:58)
	at Orchestrator.Orchestrator.start(Orchestrator.java:78)
	at Orchestrator.OrchestratorTests.lambda$runOrchestratorInThread$0(OrchestratorTests.java:71)
	at java.base/java.lang.Thread.run(Thread.java:1583)
10:54:20.682 [Thread-1] ERROR Orchestrator.Orchestrator -- Event queue was interrupted
java.lang.InterruptedException: null
	at EventBus.EventQueue.take(EventQueue.java:58)
	at Orchestrator.Orchestrator.start(Orchestrator.java:78)
	at Orchestrator.OrchestratorTests.lambda$runOrchestratorInThread$0(OrchestratorTests.java:71)
	at java.base/java.lang.Thread.run(Thread.java:1583)
10:54:20.683 [Thread-1] ERROR Orchestrator.Orchestrator -- Event queue was interrupted
java.lang.InterruptedException: null
	at EventBus.EventQueue.take(EventQueue.java:58)
	at Orchestrator.Orchestrator.start(Orchestrator.java:78)
	at Orchestrator.OrchestratorTests.lambda$runOrchestratorInThread$0(OrchestratorTests.java:71)
	at java.base/java.lang.Thread.run(Thread.java:1583)
10:54:20.683 [Thread-1] ERROR Orchestrator.Orchestrator -- Event queue was interrupted
java.lang.InterruptedException: null
	at EventBus.EventQueue.take(EventQueue.java:58)
	at Orchestrator.Orchestrator.start(Orchestrator.java:78)
	at Orchestrator.OrchestratorTests.lambda$runOrchestratorInThread$0(OrchestratorTests.java:71)
	at java.base/java.lang.Thread.run(Thread.java:1583)
10:54:20.684 [Thread-1] ERROR Orchestrator.Orchestrator -- Event queue was interrupted
java.lang.InterruptedException: null
	at EventBus.EventQueue.take(EventQueue.java:58)
	at Orchestrator.Orchestrator.start(Orchestrator.java:78)
	at Orchestrator.OrchestratorTests.lambda$runOrchestratorInThread$0(OrchestratorTests.java:71)
	at java.base/java.lang.Thread.run(Thread.java:1583)
10:54:20.684 [Thread-1] ERROR Orchestrator.Orchestrator -- Event queue was interrupted
java.lang.InterruptedException: null
	at EventBus.EventQueue.take(EventQueue.java:58)
	at Orchestrator.Orchestrator.start(Orchestrator.java:78)
	at Orchestrator.OrchestratorTests.lambda$runOrchestratorInThread$0(OrchestratorTests.java:71)
	at java.base/java.lang.Thread.run(Thread.java:1583)
10:54:20.685 [Thread-1] ERROR Orchestrator.Orchestrator -- Event queue was interrupted
java.lang.InterruptedException: null
	at EventBus.EventQueue.take(EventQueue.java:58)
	at Orchestrator.Orchestrator.start(Orchestrator.java:78)
	at Orchestrator.OrchestratorTests.lambda$runOrchestratorInThread$0(OrchestratorTests.java:71)
	at java.base/java.lang.Thread.run(Thread.java:1583)
10:54:20.685 [Thread-1] ERROR Orchestrator.Orchestrator -- Event queue was interrupted
java.lang.InterruptedException: null
	at EventBus.EventQueue.take(EventQueue.java:58)
	at Orchestrator.Orchestrator.start(Orchestrator.java:78)
	at Orchestrator.OrchestratorTests.lambda$runOrchestratorInThread$0(OrchestratorTests.java:71)
	at java.base/java.lang.Thread.run(Thread.java:1583)
10:54:20.686 [Thread-1] ERROR Orchestrator.Orchestrator -- Event queue was interrupted
java.lang.InterruptedException: null
	at EventBus.EventQueue.take(EventQueue.java:58)
	at Orchestrator.Orchestrator.start(Orchestrator.java:78)
	at Orchestrator.OrchestratorTests.lambda$runOrchestratorInThread$0(OrchestratorTests.java:71)
	at java.base/java.lang.Thread.run(Thread.java:1583)
10:54:20.686 [Thread-1] ERROR Orchestrator.Orchestrator -- Event queue was interrupted
java.lang.InterruptedException: null
	at EventBus.EventQueue.take(EventQueue.java:58)
	at Orchestrator.Orchestrator.start(Orchestrator.java:78)
	at Orchestrator.OrchestratorTests.lambda$runOrchestratorInThread$0(OrchestratorTests.java:71)
	at java.base/java.lang.Thread.run(Thread.java:1583)
10:54:20.687 [Thread-1] ERROR Orchestrator.Orchestrator -- Event queue was interrupted
java.lang.InterruptedException: null
	at EventBus.EventQueue.take(EventQueue.java:58)
	at Orchestrator.Orchestrator.start(Orchestrator.java:78)
	at Orchestrator.OrchestratorTests.lambda$runOrchestratorInThread$0(OrchestratorTests.java:71)
	at java.base/java.lang.Thread.run(Thread.java:1583)
10:54:20.687 [Thread-1] ERROR Orchestrator.Orchestrator -- Event queue was interrupted
java.lang.InterruptedException: null
	at EventBus.EventQueue.take(EventQueue.java:58)
	at Orchestrator.Orchestrator.start(Orchestrator.java:78)
	at Orchestrator.OrchestratorTests.lambda$runOrchestratorInThread$0(OrchestratorTests.java:71)
	at java.base/java.lang.Thread.run(Thread.java:1583)
10:54:20.687 [Thread-1] ERROR Orchestrator.Orchestrator -- Event queue was interrupted
java.lang.InterruptedException: null
	at EventBus.EventQueue.take(EventQueue.java:58)
	at Orchestrator.Orchestrator.start(Orchestrator.java:78)
	at Orchestrator.OrchestratorTests.lambda$runOrchestratorInThread$0(OrchestratorTests.java:71)
	at java.base/java.lang.Thread.run(Thread.java:1583)
10:54:20.688 [Thread-1] ERROR Orchestrator.Orchestrator -- Event queue was interrupted
java.lang.InterruptedException: null
	at EventBus.EventQueue.take(EventQueue.java:58)
	at Orchestrator.Orchestrator.start(Orchestrator.java:78)
	at Orchestrator.OrchestratorTests.lambda$runOrchestratorInThread$0(OrchestratorTests.java:71)
	at java.base/java.lang.Thread.run(Thread.java:1583)
10:54:20.688 [Thread-1] ERROR Orchestrator.Orchestrator -- Event queue was interrupted
java.lang.InterruptedException: null
	at EventBus.EventQueue.take(EventQueue.java:58)
	at Orchestrator.Orchestrator.start(Orchestrator.java:78)
	at Orchestrator.OrchestratorTests.lambda$runOrchestratorInThread$0(OrchestratorTests.java:71)
	at java.base/java.lang.Thread.run(Thread.java:1583)
10:54:20.689 [Thread-1] ERROR Orchestrator.Orchestrator -- Event queue was interrupted
java.lang.InterruptedException: null
	at EventBus.EventQueue.take(EventQueue.java:58)
	at Orchestrator.Orchestrator.start(Orchestrator.java:78)
	at Orchestrator.OrchestratorTests.lambda$runOrchestratorInThread$0(OrchestratorTests.java:71)
	at java.base/java.lang.Thread.run(Thread.java:1583)
10:54:20.689 [Thread-1] ERROR Orchestrator.Orchestrator -- Event queue was interrupted
java.lang.InterruptedException: null
	at EventBus.EventQueue.take(EventQueue.java:58)
	at Orchestrator.Orchestrator.start(Orchestrator.java:78)
	at Orchestrator.OrchestratorTests.lambda$runOrchestratorInThread$0(OrchestratorTests.java:71)
	at java.base/java.lang.Thread.run(Thread.java:1583)
10:54:20.690 [Thread-1] ERROR Orchestrator.Orchestrator -- Event queue was interrupted
java.lang.InterruptedException: null
	at EventBus.EventQueue.take(EventQueue.java:58)
	at Orchestrator.Orchestrator.start(Orchestrator.java:78)
	at Orchestrator.OrchestratorTests.lambda$runOrchestratorInThread$0(OrchestratorTests.java:71)
	at java.base/java.lang.Thread.run(Thread.java:1583)
10:54:20.690 [Thread-1] ERROR Orchestrator.Orchestrator -- Event queue was interrupted
java.lang.InterruptedException: null
	at EventBus.EventQueue.take(EventQueue.java:58)
	at Orchestrator.Orchestrator.start(Orchestrator.java:78)
	at Orchestrator.OrchestratorTests.lambda$runOrchestratorInThread$0(OrchestratorTests.java:71)
	at java.base/java.lang.Thread.run(Thread.java:1583)
10:54:20.691 [Thread-1] ERROR Orchestrator.Orchestrator -- Event queue was interrupted
java.lang.InterruptedException: null
	at EventBus.EventQueue.take(EventQueue.java:58)
	at Orchestrator.Orchestrator.start(Orchestrator.java:78)
	at Orchestrator.OrchestratorTests.lambda$runOrchestratorInThread$0(OrchestratorTests.java:71)
	at java.base/java.lang.Thread.run(Thread.java:1583)
10:54:20.691 [Thread-1] ERROR Orchestrator.Orchestrator -- Event queue was interrupted
java.lang.InterruptedException: null
	at EventBus.EventQueue.take(EventQueue.java:58)
	at Orchestrator.Orchestrator.start(Orchestrator.java:78)
	at Orchestrator.OrchestratorTests.lambda$runOrchestratorInThread$0(OrchestratorTests.java:71)
	at java.base/java.lang.Thread.run(Thread.java:1583)
10:54:20.692 [Thread-1] ERROR Orchestrator.Orchestrator -- Event queue was interrupted
java.lang.InterruptedException: null
	at EventBus.EventQueue.take(EventQueue.java:58)
	at Orchestrator.Orchestrator.start(Orchestrator.java:78)
	at Orchestrator.OrchestratorTests.lambda$runOrchestratorInThread$0(OrchestratorTests.java:71)
	at java.base/java.lang.Thread.run(Thread.java:1583)
10:54:20.692 [Thread-1] ERROR Orchestrator.Orchestrator -- Event queue was interrupted
java.lang.InterruptedException: null
	at EventBus.EventQueue.take(EventQueue.java:58)
	at Orchestrator.Orchestrator.start(Orchestrator.java:78)
	at Orchestrator.OrchestratorTests.lambda$runOrchestratorInThread$0(OrchestratorTests.java:71)
	at java.base/java.lang.Thread.run(Thread.java:1583)
10:54:20.692 [Thread-1] ERROR Orchestrator.Orchestrator -- Event queue was interrupted
java.lang.InterruptedException: null
	at EventBus.EventQueue.take(EventQueue.java:58)
	at Orchestrator.Orchestrator.start(Orchestrator.java:78)
	at Orchestrator.OrchestratorTests.lambda$runOrchestratorInThread$0(OrchestratorTests.java:71)
	at java.base/java.lang.Thread.run(Thread.java:1583)
10:54:20.692 [Thread-1] ERROR Orchestrator.Orchestrator -- Event queue was interrupted
java.lang.InterruptedException: null
	at EventBus.EventQueue.take(EventQueue.java:58)
	at Orchestrator.Orchestrator.start(Orchestrator.java:78)
	at Orchestrator.OrchestratorTests.lambda$runOrchestratorInThread$0(OrchestratorTests.java:71)
	at java.base/java.lang.Thread.run(Thread.java:1583)
10:54:20.692 [Thread-1] ERROR Orchestrator.Orchestrator -- Event queue was interrupted
java.lang.InterruptedException: null
	at EventBus.EventQueue.take(EventQueue.java:58)
	at Orchestrator.Orchestrator.start(Orchestrator.java:78)
	at Orchestrator.OrchestratorTests.lambda$runOrchestratorInThread$0(OrchestratorTests.java:71)
	at java.base/java.lang.Thread.run(Thread.java:1583)
10:54:20.693 [Thread-1] ERROR Orchestrator.Orchestrator -- Event queue was interrupted
java.lang.InterruptedException: null
	at EventBus.EventQueue.take(EventQueue.java:58)
	at Orchestrator.Orchestrator.start(Orchestrator.java:78)
	at Orchestrator.OrchestratorTests.lambda$runOrchestratorInThread$0(OrchestratorTests.java:71)
	at java.base/java.lang.Thread.run(Thread.java:1583)
10:54:20.693 [Thread-1] ERROR Orchestrator.Orchestrator -- Event queue was interrupted
java.lang.InterruptedException: null
	at EventBus.EventQueue.take(EventQueue.java:58)
	at Orchestrator.Orchestrator.start(Orchestrator.java:78)
	at Orchestrator.OrchestratorTests.lambda$runOrchestratorInThread$0(OrchestratorTests.java:71)
	at java.base/java.lang.Thread.run(Thread.java:1583)
10:54:20.693 [Thread-1] ERROR Orchestrator.Orchestrator -- Event queue was interrupted
java.lang.InterruptedException: null
	at EventBus.EventQueue.take(EventQueue.java:58)
	at Orchestrator.Orchestrator.start(Orchestrator.java:78)
	at Orchestrator.OrchestratorTests.lambda$runOrchestratorInThread$0(OrchestratorTests.java:71)
	at java.base/java.lang.Thread.run(Thread.java:1583)
10:54:20.693 [Thread-1] ERROR Orchestrator.Orchestrator -- Event queue was interrupted
java.lang.InterruptedException: null
	at EventBus.EventQueue.take(EventQueue.java:58)
	at Orchestrator.Orchestrator.start(Orchestrator.java:78)
	at Orchestrator.OrchestratorTests.lambda$runOrchestratorInThread$0(OrchestratorTests.java:71)
	at java.base/java.lang.Thread.run(Thread.java:1583)
10:54:20.694 [Thread-1] ERROR Orchestrator.Orchestrator -- Event queue was interrupted
java.lang.InterruptedException: null
	at EventBus.EventQueue.take(EventQueue.java:58)
	at Orchestrator.Orchestrator.start(Orchestrator.java:78)
	at Orchestrator.OrchestratorTests.lambda$runOrchestratorInThread$0(OrchestratorTests.java:71)
	at java.base/java.lang.Thread.run(Thread.java:1583)
10:54:20.694 [Thread-1] ERROR Orchestrator.Orchestrator -- Event queue was interrupted
java.lang.InterruptedException: null
	at EventBus.EventQueue.take(EventQueue.java:58)
	at Orchestrator.Orchestrator.start(Orchestrator.java:78)
	at Orchestrator.OrchestratorTests.lambda$runOrchestratorInThread$0(OrchestratorTests.java:71)
	at java.base/java.lang.Thread.run(Thread.java:1583)
10:54:20.694 [Thread-1] ERROR Orchestrator.Orchestrator -- Event queue was interrupted
java.lang.InterruptedException: null
	at EventBus.EventQueue.take(EventQueue.java:58)
	at Orchestrator.Orchestrator.start(Orchestrator.java:78)
	at Orchestrator.OrchestratorTests.lambda$runOrchestratorInThread$0(OrchestratorTests.java:71)
	at java.base/java.lang.Thread.run(Thread.java:1583)
10:54:20.694 [Thread-1] ERROR Orchestrator.Orchestrator -- Event queue was interrupted
java.lang.InterruptedException: null
	at EventBus.EventQueue.take(EventQueue.java:58)
	at Orchestrator.Orchestrator.start(Orchestrator.java:78)
	at Orchestrator.OrchestratorTests.lambda$runOrchestratorInThread$0(OrchestratorTests.java:71)
	at java.base/java.lang.Thread.run(Thread.java:1583)
10:54:20.695 [Thread-1] ERROR Orchestrator.Orchestrator -- Event queue was interrupted
java.lang.InterruptedException: null
	at EventBus.EventQueue.take(EventQueue.java:58)
	at Orchestrator.Orchestrator.start(Orchestrator.java:78)
	at Orchestrator.OrchestratorTests.lambda$runOrchestratorInThread$0(OrchestratorTests.java:71)
	at java.base/java.lang.Thread.run(Thread.java:1583)
10:54:20.695 [Thread-1] ERROR Orchestrator.Orchestrator -- Event queue was interrupted
java.lang.InterruptedException: null
	at EventBus.EventQueue.take(EventQueue.java:58)
	at Orchestrator.Orchestrator.start(Orchestrator.java:78)
	at Orchestrator.OrchestratorTests.lambda$runOrchestratorInThread$0(OrchestratorTests.java:71)
	at java.base/java.lang.Thread.run(Thread.java:1583)
10:54:20.695 [Thread-1] ERROR Orchestrator.Orchestrator -- Event queue was interrupted
java.lang.InterruptedException: null
	at EventBus.EventQueue.take(EventQueue.java:58)
	at Orchestrator.Orchestrator.start(Orchestrator.java:78)
	at Orchestrator.OrchestratorTests.lambda$runOrchestratorInThread$0(OrchestratorTests.java:71)
	at java.base/java.lang.Thread.run(Thread.java:1583)
10:54:20.696 [Thread-1] ERROR Orchestrator.Orchestrator -- Event queue was interrupted
java.lang.InterruptedException: null
	at EventBus.EventQueue.take(EventQueue.java:58)
	at Orchestrator.Orchestrator.start(Orchestrator.java:78)
	at Orchestrator.OrchestratorTests.lambda$runOrchestratorInThread$0(OrchestratorTests.java:71)
	at java.base/java.lang.Thread.run(Thread.java:1583)
10:54:20.696 [Thread-1] ERROR Orchestrator.Orchestrator -- Event queue was interrupted
java.lang.InterruptedException: null
	at EventBus.EventQueue.take(EventQueue.java:58)
	at Orchestrator.Orchestrator.start(Orchestrator.java:78)
	at Orchestrator.OrchestratorTests.lambda$runOrchestratorInThread$0(OrchestratorTests.java:71)
	at java.base/java.lang.Thread.run(Thread.java:1583)
10:54:20.696 [Thread-1] ERROR Orchestrator.Orchestrator -- Event queue was interrupted
java.lang.InterruptedException: null
	at EventBus.EventQueue.take(EventQueue.java:58)
	at Orchestrator.Orchestrator.start(Orchestrator.java:78)
	at Orchestrator.OrchestratorTests.lambda$runOrchestratorInThread$0(OrchestratorTests.java:71)
	at java.base/java.lang.Thread.run(Thread.java:1583)
10:54:20.696 [Thread-1] ERROR Orchestrator.Orchestrator -- Event queue was interrupted
java.lang.InterruptedException: null
	at EventBus.EventQueue.take(EventQueue.java:58)
	at Orchestrator.Orchestrator.start(Orchestrator.java:78)
	at Orchestrator.OrchestratorTests.lambda$runOrchestratorInThread$0(OrchestratorTests.java:71)
	at java.base/java.lang.Thread.run(Thread.java:1583)
10:54:20.697 [Thread-1] ERROR Orchestrator.Orchestrator -- Event queue was interrupted
java.lang.InterruptedException: null
	at EventBus.EventQueue.take(EventQueue.java:58)
	at Orchestrator.Orchestrator.start(Orchestrator.java:78)
	at Orchestrator.OrchestratorTests.lambda$runOrchestratorInThread$0(OrchestratorTests.java:71)
	at java.base/java.lang.Thread.run(Thread.java:1583)
10:54:20.697 [Thread-1] ERROR Orchestrator.Orchestrator -- Event queue was interrupted
java.lang.InterruptedException: null
	at EventBus.EventQueue.take(EventQueue.java:58)
	at Orchestrator.Orchestrator.start(Orchestrator.java:78)
	at Orchestrator.OrchestratorTests.lambda$runOrchestratorInThread$0(OrchestratorTests.java:71)
	at java.base/java.lang.Thread.run(Thread.java:1583)
10:54:20.697 [Thread-1] ERROR Orchestrator.Orchestrator -- Event queue was interrupted
java.lang.InterruptedException: null
	at EventBus.EventQueue.take(EventQueue.java:58)
	at Orchestrator.Orchestrator.start(Orchestrator.java:78)
	at Orchestrator.OrchestratorTests.lambda$runOrchestratorInThread$0(OrchestratorTests.java:71)
	at java.base/java.lang.Thread.run(Thread.java:1583)
10:54:20.697 [Thread-1] ERROR Orchestrator.Orchestrator -- Event queue was interrupted
java.lang.InterruptedException: null
	at EventBus.EventQueue.take(EventQueue.java:58)
	at Orchestrator.Orchestrator.start(Orchestrator.java:78)
	at Orchestrator.OrchestratorTests.lambda$runOrchestratorInThread$0(OrchestratorTests.java:71)
	at java.base/java.lang.Thread.run(Thread.java:1583)
10:54:20.698 [Thread-1] ERROR Orchestrator.Orchestrator -- Event queue was interrupted
java.lang.InterruptedException: null
	at EventBus.EventQueue.take(EventQueue.java:58)
	at Orchestrator.Orchestrator.start(Orchestrator.java:78)
	at Orchestrator.OrchestratorTests.lambda$runOrchestratorInThread$0(OrchestratorTests.java:71)
	at java.base/java.lang.Thread.run(Thread.java:1583)
10:54:20.698 [Thread-1] ERROR Orchestrator.Orchestrator -- Event queue was interrupted
java.lang.InterruptedException: null
	at EventBus.EventQueue.take(EventQueue.java:58)
	at Orchestrator.Orchestrator.start(Orchestrator.java:78)
	at Orchestrator.OrchestratorTests.lambda$runOrchestratorInThread$0(OrchestratorTests.java:71)
	at java.base/java.lang.Thread.run(Thread.java:1583)
10:54:20.699 [Thread-1] ERROR Orchestrator.Orchestrator -- Event queue was interrupted
java.lang.InterruptedException: null
	at EventBus.EventQueue.take(EventQueue.java:58)
	at Orchestrator.Orchestrator.start(Orchestrator.java:78)
	at Orchestrator.OrchestratorTests.lambda$runOrchestratorInThread$0(OrchestratorTests.java:71)
	at java.base/java.lang.Thread.run(Thread.java:1583)
10:54:20.699 [Thread-1] ERROR Orchestrator.Orchestrator -- Event queue was interrupted
java.lang.InterruptedException: null
	at EventBus.EventQueue.take(EventQueue.java:58)
	at Orchestrator.Orchestrator.start(Orchestrator.java:78)
	at Orchestrator.OrchestratorTests.lambda$runOrchestratorInThread$0(OrchestratorTests.java:71)
	at java.base/java.lang.Thread.run(Thread.java:1583)
10:54:20.699 [Thread-1] ERROR Orchestrator.Orchestrator -- Event queue was interrupted
java.lang.InterruptedException: null
	at EventBus.EventQueue.take(EventQueue.java:58)
	at Orchestrator.Orchestrator.start(Orchestrator.java:78)
	at Orchestrator.OrchestratorTests.lambda$runOrchestratorInThread$0(OrchestratorTests.java:71)
	at java.base/java.lang.Thread.run(Thread.java:1583)
10:54:20.699 [Thread-1] ERROR Orchestrator.Orchestrator -- Event queue was interrupted
java.lang.InterruptedException: null
	at EventBus.EventQueue.take(EventQueue.java:58)
	at Orchestrator.Orchestrator.start(Orchestrator.java:78)
	at Orchestrator.OrchestratorTests.lambda$runOrchestratorInThread$0(OrchestratorTests.java:71)
	at java.base/java.lang.Thread.run(Thread.java:1583)
10:54:20.699 [Thread-1] ERROR Orchestrator.Orchestrator -- Event queue was interrupted
java.lang.InterruptedException: null
	at EventBus.EventQueue.take(EventQueue.java:58)
	at Orchestrator.Orchestrator.start(Orchestrator.java:78)
	at Orchestrator.OrchestratorTests.lambda$runOrchestratorInThread$0(OrchestratorTests.java:71)
	at java.base/java.lang.Thread.run(Thread.java:1583)
10:54:20.699 [Thread-1] ERROR Orchestrator.Orchestrator -- Event queue was interrupted
java.lang.InterruptedException: null
	at EventBus.EventQueue.take(EventQueue.java:58)
	at Orchestrator.Orchestrator.start(Orchestrator.java:78)
	at Orchestrator.OrchestratorTests.lambda$runOrchestratorInThread$0(OrchestratorTests.java:71)
	at java.base/java.lang.Thread.run(Thread.java:1583)
10:54:20.699 [Thread-1] ERROR Orchestrator.Orchestrator -- Event queue was interrupted
java.lang.InterruptedException: null
	at EventBus.EventQueue.take(EventQueue.java:58)
	at Orchestrator.Orchestrator.start(Orchestrator.java:78)
	at Orchestrator.OrchestratorTests.lambda$runOrchestratorInThread$0(OrchestratorTests.java:71)
	at java.base/java.lang.Thread.run(Thread.java:1583)
10:54:20.700 [Thread-1] ERROR Orchestrator.Orchestrator -- Event queue was interrupted
java.lang.InterruptedException: null
	at EventBus.EventQueue.take(EventQueue.java:58)
	at Orchestrator.Orchestrator.start(Orchestrator.java:78)
	at Orchestrator.OrchestratorTests.lambda$runOrchestratorInThread$0(OrchestratorTests.java:71)
	at java.base/java.lang.Thread.run(Thread.java:1583)
10:54:20.700 [Thread-1] ERROR Orchestrator.Orchestrator -- Event queue was interrupted
java.lang.InterruptedException: null
	at EventBus.EventQueue.take(EventQueue.java:58)
	at Orchestrator.Orchestrator.start(Orchestrator.java:78)
	at Orchestrator.OrchestratorTests.lambda$runOrchestratorInThread$0(OrchestratorTests.java:71)
	at java.base/java.lang.Thread.run(Thread.java:1583)
10:54:20.700 [Thread-1] ERROR Orchestrator.Orchestrator -- Event queue was interrupted
java.lang.InterruptedException: null
	at EventBus.EventQueue.take(EventQueue.java:58)
	at Orchestrator.Orchestrator.start(Orchestrator.java:78)
	at Orchestrator.OrchestratorTests.lambda$runOrchestratorInThread$0(OrchestratorTests.java:71)
	at java.base/java.lang.Thread.run(Thread.java:1583)
10:54:20.700 [Thread-1] ERROR Orchestrator.Orchestrator -- Event queue was interrupted
java.lang.InterruptedException: null
	at EventBus.EventQueue.take(EventQueue.java:58)
	at Orchestrator.Orchestrator.start(Orchestrator.java:78)
	at Orchestrator.OrchestratorTests.lambda$runOrchestratorInThread$0(OrchestratorTests.java:71)
	at java.base/java.lang.Thread.run(Thread.java:1583)
10:54:20.700 [Thread-1] ERROR Orchestrator.Orchestrator -- Event queue was interrupted
java.lang.InterruptedException: null
	at EventBus.EventQueue.take(EventQueue.java:58)
	at Orchestrator.Orchestrator.start(Orchestrator.java:78)
	at Orchestrator.OrchestratorTests.lambda$runOrchestratorInThread$0(OrchestratorTests.java:71)
	at java.base/java.lang.Thread.run(Thread.java:1583)
10:54:20.700 [Thread-1] ERROR Orchestrator.Orchestrator -- Event queue was interrupted
java.lang.InterruptedException: null
	at EventBus.EventQueue.take(EventQueue.java:58)
	at Orchestrator.Orchestrator.start(Orchestrator.java:78)
	at Orchestrator.OrchestratorTests.lambda$runOrchestratorInThread$0(OrchestratorTests.java:71)
	at java.base/java.lang.Thread.run(Thread.java:1583)
10:54:20.701 [Thread-1] ERROR Orchestrator.Orchestrator -- Event queue was interrupted
java.lang.InterruptedException: null
	at EventBus.EventQueue.take(EventQueue.java:58)
	at Orchestrator.Orchestrator.start(Orchestrator.java:78)
	at Orchestrator.OrchestratorTests.lambda$runOrchestratorInThread$0(OrchestratorTests.java:71)
	at java.base/java.lang.Thread.run(Thread.java:1583)
10:54:20.701 [Thread-1] ERROR Orchestrator.Orchestrator -- Event queue was interrupted
java.lang.InterruptedException: null
	at EventBus.EventQueue.take(EventQueue.java:58)
	at Orchestrator.Orchestrator.start(Orchestrator.java:78)
	at Orchestrator.OrchestratorTests.lambda$runOrchestratorInThread$0(OrchestratorTests.java:71)
	at java.base/java.lang.Thread.run(Thread.java:1583)
10:54:20.701 [Thread-1] ERROR Orchestrator.Orchestrator -- Event queue was interrupted
java.lang.InterruptedException: null
	at EventBus.EventQueue.take(EventQueue.java:58)
	at Orchestrator.Orchestrator.start(Orchestrator.java:78)
	at Orchestrator.OrchestratorTests.lambda$runOrchestratorInThread$0(OrchestratorTests.java:71)
	at java.base/java.lang.Thread.run(Thread.java:1583)
10:54:20.701 [Thread-1] ERROR Orchestrator.Orchestrator -- Event queue was interrupted
java.lang.InterruptedException: null
	at EventBus.EventQueue.take(EventQueue.java:58)
	at Orchestrator.Orchestrator.start(Orchestrator.java:78)
	at Orchestrator.OrchestratorTests.lambda$runOrchestratorInThread$0(OrchestratorTests.java:71)
	at java.base/java.lang.Thread.run(Thread.java:1583)
10:54:20.701 [Thread-1] ERROR Orchestrator.Orchestrator -- Event queue was interrupted
java.lang.InterruptedException: null
	at EventBus.EventQueue.take(EventQueue.java:58)
	at Orchestrator.Orchestrator.start(Orchestrator.java:78)
	at Orchestrator.OrchestratorTests.lambda$runOrchestratorInThread$0(OrchestratorTests.java:71)
	at java.base/java.lang.Thread.run(Thread.java:1583)
10:54:20.701 [Thread-1] ERROR Orchestrator.Orchestrator -- Event queue was interrupted
java.lang.InterruptedException: null
	at EventBus.EventQueue.take(EventQueue.java:58)
	at Orchestrator.Orchestrator.start(Orchestrator.java:78)
	at Orchestrator.OrchestratorTests.lambda$runOrchestratorInThread$0(OrchestratorTests.java:71)
	at java.base/java.lang.Thread.run(Thread.java:1583)
10:54:20.702 [Thread-1] ERROR Orchestrator.Orchestrator -- Event queue was interrupted
java.lang.InterruptedException: null
	at EventBus.EventQueue.take(EventQueue.java:58)
	at Orchestrator.Orchestrator.start(Orchestrator.java:78)
	at Orchestrator.OrchestratorTests.lambda$runOrchestratorInThread$0(OrchestratorTests.java:71)
	at java.base/java.lang.Thread.run(Thread.java:1583)
10:54:20.702 [Thread-1] ERROR Orchestrator.Orchestrator -- Event queue was interrupted
java.lang.InterruptedException: null
	at EventBus.EventQueue.take(EventQueue.java:58)
	at Orchestrator.Orchestrator.start(Orchestrator.java:78)
	at Orchestrator.OrchestratorTests.lambda$runOrchestratorInThread$0(OrchestratorTests.java:71)
	at java.base/java.lang.Thread.run(Thread.java:1583)
10:54:20.702 [Thread-1] ERROR Orchestrator.Orchestrator -- Event queue was interrupted
java.lang.InterruptedException: null
	at EventBus.EventQueue.take(EventQueue.java:58)
	at Orchestrator.Orchestrator.start(Orchestrator.java:78)
	at Orchestrator.OrchestratorTests.lambda$runOrchestratorInThread$0(OrchestratorTests.java:71)
	at java.base/java.lang.Thread.run(Thread.java:1583)
10:54:20.702 [Thread-1] ERROR Orchestrator.Orchestrator -- Event queue was interrupted
java.lang.InterruptedException: null
	at EventBus.EventQueue.take(EventQueue.java:58)
	at Orchestrator.Orchestrator.start(Orchestrator.java:78)
	at Orchestrator.OrchestratorTests.lambda$runOrchestratorInThread$0(OrchestratorTests.java:71)
	at java.base/java.lang.Thread.run(Thread.java:1583)
10:54:20.702 [Thread-1] ERROR Orchestrator.Orchestrator -- Event queue was interrupted
java.lang.InterruptedException: null
	at EventBus.EventQueue.take(EventQueue.java:58)
	at Orchestrator.Orchestrator.start(Orchestrator.java:78)
	at Orchestrator.OrchestratorTests.lambda$runOrchestratorInThread$0(OrchestratorTests.java:71)
	at java.base/java.lang.Thread.run(Thread.java:1583)
10:54:20.702 [Thread-1] ERROR Orchestrator.Orchestrator -- Event queue was interrupted
java.lang.InterruptedException: null
	at EventBus.EventQueue.take(EventQueue.java:58)
	at Orchestrator.Orchestrator.start(Orchestrator.java:78)
	at Orchestrator.OrchestratorTests.lambda$runOrchestratorInThread$0(OrchestratorTests.java:71)
	at java.base/java.lang.Thread.run(Thread.java:1583)
10:54:20.703 [Thread-1] ERROR Orchestrator.Orchestrator -- Event queue was interrupted
java.lang.InterruptedException: null
	at EventBus.EventQueue.take(EventQueue.java:58)
	at Orchestrator.Orchestrator.start(Orchestrator.java:78)
	at Orchestrator.OrchestratorTests.lambda$runOrchestratorInThread$0(OrchestratorTests.java:71)
	at java.base/java.lang.Thread.run(Thread.java:1583)
10:54:20.703 [Thread-1] ERROR Orchestrator.Orchestrator -- Event queue was interrupted
java.lang.InterruptedException: null
	at EventBus.EventQueue.take(EventQueue.java:58)
	at Orchestrator.Orchestrator.start(Orchestrator.java:78)
	at Orchestrator.OrchestratorTests.lambda$runOrchestratorInThread$0(OrchestratorTests.java:71)
	at java.base/java.lang.Thread.run(Thread.java:1583)
10:54:20.703 [Thread-1] ERROR Orchestrator.Orchestrator -- Event queue was interrupted
java.lang.InterruptedException: null
	at EventBus.EventQueue.take(EventQueue.java:58)
	at Orchestrator.Orchestrator.start(Orchestrator.java:78)
	at Orchestrator.OrchestratorTests.lambda$runOrchestratorInThread$0(OrchestratorTests.java:71)
	at java.base/java.lang.Thread.run(Thread.java:1583)
10:54:20.703 [Thread-1] ERROR Orchestrator.Orchestrator -- Event queue was interrupted
java.lang.InterruptedException: null
	at EventBus.EventQueue.take(EventQueue.java:58)
	at Orchestrator.Orchestrator.start(Orchestrator.java:78)
	at Orchestrator.OrchestratorTests.lambda$runOrchestratorInThread$0(OrchestratorTests.java:71)
	at java.base/java.lang.Thread.run(Thread.java:1583)
10:54:20.703 [Thread-1] ERROR Orchestrator.Orchestrator -- Event queue was interrupted
java.lang.InterruptedException: null
	at EventBus.EventQueue.take(EventQueue.java:58)
	at Orchestrator.Orchestrator.start(Orchestrator.java:78)
	at Orchestrator.OrchestratorTests.lambda$runOrchestratorInThread$0(OrchestratorTests.java:71)
	at java.base/java.lang.Thread.run(Thread.java:1583)
10:54:20.704 [Thread-1] ERROR Orchestrator.Orchestrator -- Event queue was interrupted
java.lang.InterruptedException: null
	at EventBus.EventQueue.take(EventQueue.java:58)
	at Orchestrator.Orchestrator.start(Orchestrator.java:78)
	at Orchestrator.OrchestratorTests.lambda$runOrchestratorInThread$0(OrchestratorTests.java:71)
	at java.base/java.lang.Thread.run(Thread.java:1583)
10:54:20.704 [Thread-1] ERROR Orchestrator.Orchestrator -- Event queue was interrupted
java.lang.InterruptedException: null
	at EventBus.EventQueue.take(EventQueue.java:58)
	at Orchestrator.Orchestrator.start(Orchestrator.java:78)
	at Orchestrator.OrchestratorTests.lambda$runOrchestratorInThread$0(OrchestratorTests.java:71)
	at java.base/java.lang.Thread.run(Thread.java:1583)
10:54:20.704 [Thread-1] ERROR Orchestrator.Orchestrator -- Event queue was interrupted
java.lang.InterruptedException: null
	at EventBus.EventQueue.take(EventQueue.java:58)
	at Orchestrator.Orchestrator.start(Orchestrator.java:78)
	at Orchestrator.OrchestratorTests.lambda$runOrchestratorInThread$0(OrchestratorTests.java:71)
	at java.base/java.lang.Thread.run(Thread.java:1583)
10:54:20.705 [Thread-1] ERROR Orchestrator.Orchestrator -- Event queue was interrupted
java.lang.InterruptedException: null
	at EventBus.EventQueue.take(EventQueue.java:58)
	at Orchestrator.Orchestrator.start(Orchestrator.java:78)
	at Orchestrator.OrchestratorTests.lambda$runOrchestratorInThread$0(OrchestratorTests.java:71)
	at java.base/java.lang.Thread.run(Thread.java:1583)
10:54:20.707 [Thread-1] ERROR Orchestrator.Orchestrator -- Event queue was interrupted
java.lang.InterruptedException: null
	at EventBus.EventQueue.take(EventQueue.java:58)
	at Orchestrator.Orchestrator.start(Orchestrator.java:78)
	at Orchestrator.OrchestratorTests.lambda$runOrchestratorInThread$0(OrchestratorTests.java:71)
	at java.base/java.lang.Thread.run(Thread.java:1583)
10:54:20.707 [Thread-1] ERROR Orchestrator.Orchestrator -- Event queue was interrupted
java.lang.InterruptedException: null
	at EventBus.EventQueue.take(EventQueue.java:58)
	at Orchestrator.Orchestrator.start(Orchestrator.java:78)
	at Orchestrator.OrchestratorTests.lambda$runOrchestratorInThread$0(OrchestratorTests.java:71)
	at java.base/java.lang.Thread.run(Thread.java:1583)
10:54:20.707 [Thread-1] ERROR Orchestrator.Orchestrator -- Event queue was interrupted
java.lang.InterruptedException: null
	at EventBus.EventQueue.take(EventQueue.java:58)
	at Orchestrator.Orchestrator.start(Orchestrator.java:78)
	at Orchestrator.OrchestratorTests.lambda$runOrchestratorInThread$0(OrchestratorTests.java:71)
	at java.base/java.lang.Thread.run(Thread.java:1583)
10:54:20.707 [Thread-1] ERROR Orchestrator.Orchestrator -- Event queue was interrupted
java.lang.InterruptedException: null
	at EventBus.EventQueue.take(EventQueue.java:58)
	at Orchestrator.Orchestrator.start(Orchestrator.java:78)
	at Orchestrator.OrchestratorTests.lambda$runOrchestratorInThread$0(OrchestratorTests.java:71)
	at java.base/java.lang.Thread.run(Thread.java:1583)
10:54:20.708 [Thread-1] ERROR Orchestrator.Orchestrator -- Event queue was interrupted
java.lang.InterruptedException: null
	at EventBus.EventQueue.take(EventQueue.java:58)
	at Orchestrator.Orchestrator.start(Orchestrator.java:78)
	at Orchestrator.OrchestratorTests.lambda$runOrchestratorInThread$0(OrchestratorTests.java:71)
	at java.base/java.lang.Thread.run(Thread.java:1583)
10:54:20.708 [Thread-1] ERROR Orchestrator.Orchestrator -- Event queue was interrupted
java.lang.InterruptedException: null
	at EventBus.EventQueue.take(EventQueue.java:58)
	at Orchestrator.Orchestrator.start(Orchestrator.java:78)
	at Orchestrator.OrchestratorTests.lambda$runOrchestratorInThread$0(OrchestratorTests.java:71)
	at java.base/java.lang.Thread.run(Thread.java:1583)
10:54:20.708 [Thread-1] ERROR Orchestrator.Orchestrator -- Event queue was interrupted
java.lang.InterruptedException: null
	at EventBus.EventQueue.take(EventQueue.java:58)
	at Orchestrator.Orchestrator.start(Orchestrator.java:78)
	at Orchestrator.OrchestratorTests.lambda$runOrchestratorInThread$0(OrchestratorTests.java:71)
	at java.base/java.lang.Thread.run(Thread.java:1583)
10:54:20.708 [Thread-1] ERROR Orchestrator.Orchestrator -- Event queue was interrupted
java.lang.InterruptedException: null
	at EventBus.EventQueue.take(EventQueue.java:58)
	at Orchestrator.Orchestrator.start(Orchestrator.java:78)
	at Orchestrator.OrchestratorTests.lambda$runOrchestratorInThread$0(OrchestratorTests.java:71)
	at java.base/java.lang.Thread.run(Thread.java:1583)
10:54:20.708 [Thread-1] ERROR Orchestrator.Orchestrator -- Event queue was interrupted
java.lang.InterruptedException: null
	at EventBus.EventQueue.take(EventQueue.java:58)
	at Orchestrator.Orchestrator.start(Orchestrator.java:78)
	at Orchestrator.OrchestratorTests.lambda$runOrchestratorInThread$0(OrchestratorTests.java:71)
	at java.base/java.lang.Thread.run(Thread.java:1583)
10:54:20.708 [Thread-1] ERROR Orchestrator.Orchestrator -- Event queue was interrupted
java.lang.InterruptedException: null
	at EventBus.EventQueue.take(EventQueue.java:58)
	at Orchestrator.Orchestrator.start(Orchestrator.java:78)
	at Orchestrator.OrchestratorTests.lambda$runOrchestratorInThread$0(OrchestratorTests.java:71)
	at java.base/java.lang.Thread.run(Thread.java:1583)
10:54:20.709 [Thread-1] ERROR Orchestrator.Orchestrator -- Event queue was interrupted
java.lang.InterruptedException: null
	at EventBus.EventQueue.take(EventQueue.java:58)
	at Orchestrator.Orchestrator.start(Orchestrator.java:78)
	at Orchestrator.OrchestratorTests.lambda$runOrchestratorInThread$0(OrchestratorTests.java:71)
	at java.base/java.lang.Thread.run(Thread.java:1583)
10:54:20.709 [Thread-1] ERROR Orchestrator.Orchestrator -- Event queue was interrupted
java.lang.InterruptedException: null
	at EventBus.EventQueue.take(EventQueue.java:58)
	at Orchestrator.Orchestrator.start(Orchestrator.java:78)
	at Orchestrator.OrchestratorTests.lambda$runOrchestratorInThread$0(OrchestratorTests.java:71)
	at java.base/java.lang.Thread.run(Thread.java:1583)
10:54:20.709 [Thread-1] ERROR Orchestrator.Orchestrator -- Event queue was interrupted
java.lang.InterruptedException: null
	at EventBus.EventQueue.take(EventQueue.java:58)
	at Orchestrator.Orchestrator.start(Orchestrator.java:78)
	at Orchestrator.OrchestratorTests.lambda$runOrchestratorInThread$0(OrchestratorTests.java:71)
	at java.base/java.lang.Thread.run(Thread.java:1583)
10:54:20.709 [Thread-1] ERROR Orchestrator.Orchestrator -- Event queue was interrupted
java.lang.InterruptedException: null
	at EventBus.EventQueue.take(EventQueue.java:58)
	at Orchestrator.Orchestrator.start(Orchestrator.java:78)
	at Orchestrator.OrchestratorTests.lambda$runOrchestratorInThread$0(OrchestratorTests.java:71)
	at java.base/java.lang.Thread.run(Thread.java:1583)
10:54:20.709 [Thread-1] ERROR Orchestrator.Orchestrator -- Event queue was interrupted
java.lang.InterruptedException: null
	at EventBus.EventQueue.take(EventQueue.java:58)
	at Orchestrator.Orchestrator.start(Orchestrator.java:78)
	at Orchestrator.OrchestratorTests.lambda$runOrchestratorInThread$0(OrchestratorTests.java:71)
	at java.base/java.lang.Thread.run(Thread.java:1583)
10:54:20.709 [Thread-1] ERROR Orchestrator.Orchestrator -- Event queue was interrupted
java.lang.InterruptedException: null
	at EventBus.EventQueue.take(EventQueue.java:58)
	at Orchestrator.Orchestrator.start(Orchestrator.java:78)
	at Orchestrator.OrchestratorTests.lambda$runOrchestratorInThread$0(OrchestratorTests.java:71)
	at java.base/java.lang.Thread.run(Thread.java:1583)
10:54:20.709 [Thread-1] ERROR Orchestrator.Orchestrator -- Event queue was interrupted
java.lang.InterruptedException: null
	at EventBus.EventQueue.take(EventQueue.java:58)
	at Orchestrator.Orchestrator.start(Orchestrator.java:78)
	at Orchestrator.OrchestratorTests.lambda$runOrchestratorInThread$0(OrchestratorTests.java:71)
	at java.base/java.lang.Thread.run(Thread.java:1583)
10:54:20.710 [Thread-1] ERROR Orchestrator.Orchestrator -- Event queue was interrupted
java.lang.InterruptedException: null
	at EventBus.EventQueue.take(EventQueue.java:58)
	at Orchestrator.Orchestrator.start(Orchestrator.java:78)
	at Orchestrator.OrchestratorTests.lambda$runOrchestratorInThread$0(OrchestratorTests.java:71)
	at java.base/java.lang.Thread.run(Thread.java:1583)
10:54:20.710 [Thread-1] ERROR Orchestrator.Orchestrator -- Event queue was interrupted
java.lang.InterruptedException: null
	at EventBus.EventQueue.take(EventQueue.java:58)
	at Orchestrator.Orchestrator.start(Orchestrator.java:78)
	at Orchestrator.OrchestratorTests.lambda$runOrchestratorInThread$0(OrchestratorTests.java:71)
	at java.base/java.lang.Thread.run(Thread.java:1583)
10:54:20.710 [Thread-1] ERROR Orchestrator.Orchestrator -- Event queue was interrupted
java.lang.InterruptedException: null
	at EventBus.EventQueue.take(EventQueue.java:58)
	at Orchestrator.Orchestrator.start(Orchestrator.java:78)
	at Orchestrator.OrchestratorTests.lambda$runOrchestratorInThread$0(OrchestratorTests.java:71)
	at java.base/java.lang.Thread.run(Thread.java:1583)
10:54:20.710 [Thread-1] ERROR Orchestrator.Orchestrator -- Event queue was interrupted
java.lang.InterruptedException: null
	at EventBus.EventQueue.take(EventQueue.java:58)
	at Orchestrator.Orchestrator.start(Orchestrator.java:78)
	at Orchestrator.OrchestratorTests.lambda$runOrchestratorInThread$0(OrchestratorTests.java:71)
	at java.base/java.lang.Thread.run(Thread.java:1583)
10:54:20.710 [Thread-1] ERROR Orchestrator.Orchestrator -- Event queue was interrupted
java.lang.InterruptedException: null
	at EventBus.EventQueue.take(EventQueue.java:58)
	at Orchestrator.Orchestrator.start(Orchestrator.java:78)
	at Orchestrator.OrchestratorTests.lambda$runOrchestratorInThread$0(OrchestratorTests.java:71)
	at java.base/java.lang.Thread.run(Thread.java:1583)
10:54:20.710 [Thread-1] ERROR Orchestrator.Orchestrator -- Event queue was interrupted
java.lang.InterruptedException: null
	at EventBus.EventQueue.take(EventQueue.java:58)
	at Orchestrator.Orchestrator.start(Orchestrator.java:78)
	at Orchestrator.OrchestratorTests.lambda$runOrchestratorInThread$0(OrchestratorTests.java:71)
	at java.base/java.lang.Thread.run(Thread.java:1583)
10:54:20.710 [Thread-1] ERROR Orchestrator.Orchestrator -- Event queue was interrupted
java.lang.InterruptedException: null
	at EventBus.EventQueue.take(EventQueue.java:58)
	at Orchestrator.Orchestrator.start(Orchestrator.java:78)
	at Orchestrator.OrchestratorTests.lambda$runOrchestratorInThread$0(OrchestratorTests.java:71)
	at java.base/java.lang.Thread.run(Thread.java:1583)
10:54:20.713 [Thread-1] ERROR Orchestrator.Orchestrator -- Event queue was interrupted
java.lang.InterruptedException: null
	at EventBus.EventQueue.take(EventQueue.java:58)
	at Orchestrator.Orchestrator.start(Orchestrator.java:78)
	at Orchestrator.OrchestratorTests.lambda$runOrchestratorInThread$0(OrchestratorTests.java:71)
	at java.base/java.lang.Thread.run(Thread.java:1583)
10:54:20.713 [Thread-1] ERROR Orchestrator.Orchestrator -- Event queue was interrupted
java.lang.InterruptedException: null
	at EventBus.EventQueue.take(EventQueue.java:58)
	at Orchestrator.Orchestrator.start(Orchestrator.java:78)
	at Orchestrator.OrchestratorTests.lambda$runOrchestratorInThread$0(OrchestratorTests.java:71)
	at java.base/java.lang.Thread.run(Thread.java:1583)
10:54:20.714 [Thread-1] ERROR Orchestrator.Orchestrator -- Event queue was interrupted
java.lang.InterruptedException: null
	at EventBus.EventQueue.take(EventQueue.java:58)
	at Orchestrator.Orchestrator.start(Orchestrator.java:78)
	at Orchestrator.OrchestratorTests.lambda$runOrchestratorInThread$0(OrchestratorTests.java:71)
	at java.base/java.lang.Thread.run(Thread.java:1583)
10:54:20.714 [Thread-1] ERROR Orchestrator.Orchestrator -- Event queue was interrupted
java.lang.InterruptedException: null
	at EventBus.EventQueue.take(EventQueue.java:58)
	at Orchestrator.Orchestrator.start(Orchestrator.java:78)
	at Orchestrator.OrchestratorTests.lambda$runOrchestratorInThread$0(OrchestratorTests.java:71)
	at java.base/java.lang.Thread.run(Thread.java:1583)
10:54:20.714 [Thread-1] ERROR Orchestrator.Orchestrator -- Event queue was interrupted
java.lang.InterruptedException: null
	at EventBus.EventQueue.take(EventQueue.java:58)
	at Orchestrator.Orchestrator.start(Orchestrator.java:78)
	at Orchestrator.OrchestratorTests.lambda$runOrchestratorInThread$0(OrchestratorTests.java:71)
	at java.base/java.lang.Thread.run(Thread.java:1583)
10:54:20.714 [Thread-1] ERROR Orchestrator.Orchestrator -- Event queue was interrupted
java.lang.InterruptedException: null
	at EventBus.EventQueue.take(EventQueue.java:58)
	at Orchestrator.Orchestrator.start(Orchestrator.java:78)
	at Orchestrator.OrchestratorTests.lambda$runOrchestratorInThread$0(OrchestratorTests.java:71)
	at java.base/java.lang.Thread.run(Thread.java:1583)
10:54:20.714 [Thread-1] ERROR Orchestrator.Orchestrator -- Event queue was interrupted
java.lang.InterruptedException: null
	at EventBus.EventQueue.take(EventQueue.java:58)
	at Orchestrator.Orchestrator.start(Orchestrator.java:78)
	at Orchestrator.OrchestratorTests.lambda$runOrchestratorInThread$0(OrchestratorTests.java:71)
	at java.base/java.lang.Thread.run(Thread.java:1583)
10:54:20.715 [Thread-1] ERROR Orchestrator.Orchestrator -- Event queue was interrupted
java.lang.InterruptedException: null
	at EventBus.EventQueue.take(EventQueue.java:58)
	at Orchestrator.Orchestrator.start(Orchestrator.java:78)
	at Orchestrator.OrchestratorTests.lambda$runOrchestratorInThread$0(OrchestratorTests.java:71)
	at java.base/java.lang.Thread.run(Thread.java:1583)
10:54:20.715 [Thread-1] ERROR Orchestrator.Orchestrator -- Event queue was interrupted
java.lang.InterruptedException: null
	at EventBus.EventQueue.take(EventQueue.java:58)
	at Orchestrator.Orchestrator.start(Orchestrator.java:78)
	at Orchestrator.OrchestratorTests.lambda$runOrchestratorInThread$0(OrchestratorTests.java:71)
	at java.base/java.lang.Thread.run(Thread.java:1583)
10:54:20.715 [Thread-1] ERROR Orchestrator.Orchestrator -- Event queue was interrupted
java.lang.InterruptedException: null
	at EventBus.EventQueue.take(EventQueue.java:58)
	at Orchestrator.Orchestrator.start(Orchestrator.java:78)
	at Orchestrator.OrchestratorTests.lambda$runOrchestratorInThread$0(OrchestratorTests.java:71)
	at java.base/java.lang.Thread.run(Thread.java:1583)
10:54:20.715 [Thread-1] ERROR Orchestrator.Orchestrator -- Event queue was interrupted
java.lang.InterruptedException: null
	at EventBus.EventQueue.take(EventQueue.java:58)
	at Orchestrator.Orchestrator.start(Orchestrator.java:78)
	at Orchestrator.OrchestratorTests.lambda$runOrchestratorInThread$0(OrchestratorTests.java:71)
	at java.base/java.lang.Thread.run(Thread.java:1583)
10:54:20.715 [Thread-1] ERROR Orchestrator.Orchestrator -- Event queue was interrupted
java.lang.InterruptedException: null
	at EventBus.EventQueue.take(EventQueue.java:58)
	at Orchestrator.Orchestrator.start(Orchestrator.java:78)
	at Orchestrator.OrchestratorTests.lambda$runOrchestratorInThread$0(OrchestratorTests.java:71)
	at java.base/java.lang.Thread.run(Thread.java:1583)
10:54:20.715 [Thread-1] ERROR Orchestrator.Orchestrator -- Event queue was interrupted
java.lang.InterruptedException: null
	at EventBus.EventQueue.take(EventQueue.java:58)
	at Orchestrator.Orchestrator.start(Orchestrator.java:78)
	at Orchestrator.OrchestratorTests.lambda$runOrchestratorInThread$0(OrchestratorTests.java:71)
	at java.base/java.lang.Thread.run(Thread.java:1583)
10:54:20.715 [Thread-1] ERROR Orchestrator.Orchestrator -- Event queue was interrupted
java.lang.InterruptedException: null
	at EventBus.EventQueue.take(EventQueue.java:58)
	at Orchestrator.Orchestrator.start(Orchestrator.java:78)
	at Orchestrator.OrchestratorTests.lambda$runOrchestratorInThread$0(OrchestratorTests.java:71)
	at java.base/java.lang.Thread.run(Thread.java:1583)
10:54:20.716 [Thread-1] ERROR Orchestrator.Orchestrator -- Event queue was interrupted
java.lang.InterruptedException: null
	at EventBus.EventQueue.take(EventQueue.java:58)
	at Orchestrator.Orchestrator.start(Orchestrator.java:78)
	at Orchestrator.OrchestratorTests.lambda$runOrchestratorInThread$0(OrchestratorTests.java:71)
	at java.base/java.lang.Thread.run(Thread.java:1583)
10:54:20.716 [Thread-1] ERROR Orchestrator.Orchestrator -- Event queue was interrupted
java.lang.InterruptedException: null
	at EventBus.EventQueue.take(EventQueue.java:58)
	at Orchestrator.Orchestrator.start(Orchestrator.java:78)
	at Orchestrator.OrchestratorTests.lambda$runOrchestratorInThread$0(OrchestratorTests.java:71)
	at java.base/java.lang.Thread.run(Thread.java:1583)
10:54:20.716 [Thread-1] ERROR Orchestrator.Orchestrator -- Event queue was interrupted
java.lang.InterruptedException: null
	at EventBus.EventQueue.take(EventQueue.java:58)
	at Orchestrator.Orchestrator.start(Orchestrator.java:78)
	at Orchestrator.OrchestratorTests.lambda$runOrchestratorInThread$0(OrchestratorTests.java:71)
	at java.base/java.lang.Thread.run(Thread.java:1583)
10:54:20.716 [Thread-1] ERROR Orchestrator.Orchestrator -- Event queue was interrupted
java.lang.InterruptedException: null
	at EventBus.EventQueue.take(EventQueue.java:58)
	at Orchestrator.Orchestrator.start(Orchestrator.java:78)
	at Orchestrator.OrchestratorTests.lambda$runOrchestratorInThread$0(OrchestratorTests.java:71)
	at java.base/java.lang.Thread.run(Thread.java:1583)
10:54:20.716 [Thread-1] ERROR Orchestrator.Orchestrator -- Event queue was interrupted
java.lang.InterruptedException: null
	at EventBus.EventQueue.take(EventQueue.java:58)
	at Orchestrator.Orchestrator.start(Orchestrator.java:78)
	at Orchestrator.OrchestratorTests.lambda$runOrchestratorInThread$0(OrchestratorTests.java:71)
	at java.base/java.lang.Thread.run(Thread.java:1583)
10:54:20.716 [Thread-1] ERROR Orchestrator.Orchestrator -- Event queue was interrupted
java.lang.InterruptedException: null
	at EventBus.EventQueue.take(EventQueue.java:58)
	at Orchestrator.Orchestrator.start(Orchestrator.java:78)
	at Orchestrator.OrchestratorTests.lambda$runOrchestratorInThread$0(OrchestratorTests.java:71)
	at java.base/java.lang.Thread.run(Thread.java:1583)
10:54:20.717 [Thread-1] ERROR Orchestrator.Orchestrator -- Event queue was interrupted
java.lang.InterruptedException: null
	at EventBus.EventQueue.take(EventQueue.java:58)
	at Orchestrator.Orchestrator.start(Orchestrator.java:78)
	at Orchestrator.OrchestratorTests.lambda$runOrchestratorInThread$0(OrchestratorTests.java:71)
	at java.base/java.lang.Thread.run(Thread.java:1583)
10:54:20.717 [Thread-1] ERROR Orchestrator.Orchestrator -- Event queue was interrupted
java.lang.InterruptedException: null
	at EventBus.EventQueue.take(EventQueue.java:58)
	at Orchestrator.Orchestrator.start(Orchestrator.java:78)
	at Orchestrator.OrchestratorTests.lambda$runOrchestratorInThread$0(OrchestratorTests.java:71)
	at java.base/java.lang.Thread.run(Thread.java:1583)
10:54:20.717 [Thread-1] ERROR Orchestrator.Orchestrator -- Event queue was interrupted
java.lang.InterruptedException: null
	at EventBus.EventQueue.take(EventQueue.java:58)
	at Orchestrator.Orchestrator.start(Orchestrator.java:78)
	at Orchestrator.OrchestratorTests.lambda$runOrchestratorInThread$0(OrchestratorTests.java:71)
	at java.base/java.lang.Thread.run(Thread.java:1583)
10:54:20.717 [Thread-1] ERROR Orchestrator.Orchestrator -- Event queue was interrupted
java.lang.InterruptedException: null
	at EventBus.EventQueue.take(EventQueue.java:58)
	at Orchestrator.Orchestrator.start(Orchestrator.java:78)
	at Orchestrator.OrchestratorTests.lambda$runOrchestratorInThread$0(OrchestratorTests.java:71)
	at java.base/java.lang.Thread.run(Thread.java:1583)
10:54:20.717 [Thread-1] ERROR Orchestrator.Orchestrator -- Event queue was interrupted
java.lang.InterruptedException: null
	at EventBus.EventQueue.take(EventQueue.java:58)
	at Orchestrator.Orchestrator.start(Orchestrator.java:78)
	at Orchestrator.OrchestratorTests.lambda$runOrchestratorInThread$0(OrchestratorTests.java:71)
	at java.base/java.lang.Thread.run(Thread.java:1583)
10:54:20.717 [Thread-1] ERROR Orchestrator.Orchestrator -- Event queue was interrupted
java.lang.InterruptedException: null
	at EventBus.EventQueue.take(EventQueue.java:58)
	at Orchestrator.Orchestrator.start(Orchestrator.java:78)
	at Orchestrator.OrchestratorTests.lambda$runOrchestratorInThread$0(OrchestratorTests.java:71)
	at java.base/java.lang.Thread.run(Thread.java:1583)
10:54:20.717 [Thread-1] ERROR Orchestrator.Orchestrator -- Event queue was interrupted
java.lang.InterruptedException: null
	at EventBus.EventQueue.take(EventQueue.java:58)
	at Orchestrator.Orchestrator.start(Orchestrator.java:78)
	at Orchestrator.OrchestratorTests.lambda$runOrchestratorInThread$0(OrchestratorTests.java:71)
	at java.base/java.lang.Thread.run(Thread.java:1583)
10:54:20.718 [Thread-1] ERROR Orchestrator.Orchestrator -- Event queue was interrupted
java.lang.InterruptedException: null
	at EventBus.EventQueue.take(EventQueue.java:58)
	at Orchestrator.Orchestrator.start(Orchestrator.java:78)
	at Orchestrator.OrchestratorTests.lambda$runOrchestratorInThread$0(OrchestratorTests.java:71)
	at java.base/java.lang.Thread.run(Thread.java:1583)
10:54:20.718 [Thread-1] ERROR Orchestrator.Orchestrator -- Event queue was interrupted
java.lang.InterruptedException: null
	at EventBus.EventQueue.take(EventQueue.java:58)
	at Orchestrator.Orchestrator.start(Orchestrator.java:78)
	at Orchestrator.OrchestratorTests.lambda$runOrchestratorInThread$0(OrchestratorTests.java:71)
	at java.base/java.lang.Thread.run(Thread.java:1583)
10:54:20.718 [Thread-1] ERROR Orchestrator.Orchestrator -- Event queue was interrupted
java.lang.InterruptedException: null
	at EventBus.EventQueue.take(EventQueue.java:58)
	at Orchestrator.Orchestrator.start(Orchestrator.java:78)
	at Orchestrator.OrchestratorTests.lambda$runOrchestratorInThread$0(OrchestratorTests.java:71)
	at java.base/java.lang.Thread.run(Thread.java:1583)
10:54:20.718 [Thread-1] ERROR Orchestrator.Orchestrator -- Event queue was interrupted
java.lang.InterruptedException: null
	at EventBus.EventQueue.take(EventQueue.java:58)
	at Orchestrator.Orchestrator.start(Orchestrator.java:78)
	at Orchestrator.OrchestratorTests.lambda$runOrchestratorInThread$0(OrchestratorTests.java:71)
	at java.base/java.lang.Thread.run(Thread.java:1583)
10:54:20.718 [Thread-1] ERROR Orchestrator.Orchestrator -- Event queue was interrupted
java.lang.InterruptedException: null
	at EventBus.EventQueue.take(EventQueue.java:58)
	at Orchestrator.Orchestrator.start(Orchestrator.java:78)
	at Orchestrator.OrchestratorTests.lambda$runOrchestratorInThread$0(OrchestratorTests.java:71)
	at java.base/java.lang.Thread.run(Thread.java:1583)
10:54:20.718 [Thread-1] ERROR Orchestrator.Orchestrator -- Event queue was interrupted
java.lang.InterruptedException: null
	at EventBus.EventQueue.take(EventQueue.java:58)
	at Orchestrator.Orchestrator.start(Orchestrator.java:78)
	at Orchestrator.OrchestratorTests.lambda$runOrchestratorInThread$0(OrchestratorTests.java:71)
	at java.base/java.lang.Thread.run(Thread.java:1583)
10:54:20.719 [Thread-1] ERROR Orchestrator.Orchestrator -- Event queue was interrupted
java.lang.InterruptedException: null
	at EventBus.EventQueue.take(EventQueue.java:58)
	at Orchestrator.Orchestrator.start(Orchestrator.java:78)
	at Orchestrator.OrchestratorTests.lambda$runOrchestratorInThread$0(OrchestratorTests.java:71)
	at java.base/java.lang.Thread.run(Thread.java:1583)
10:54:20.719 [Thread-1] ERROR Orchestrator.Orchestrator -- Event queue was interrupted
java.lang.InterruptedException: null
	at EventBus.EventQueue.take(EventQueue.java:58)
	at Orchestrator.Orchestrator.start(Orchestrator.java:78)
	at Orchestrator.OrchestratorTests.lambda$runOrchestratorInThread$0(OrchestratorTests.java:71)
	at java.base/java.lang.Thread.run(Thread.java:1583)
10:54:20.719 [Thread-1] ERROR Orchestrator.Orchestrator -- Event queue was interrupted
java.lang.InterruptedException: null
	at EventBus.EventQueue.take(EventQueue.java:58)
	at Orchestrator.Orchestrator.start(Orchestrator.java:78)
	at Orchestrator.OrchestratorTests.lambda$runOrchestratorInThread$0(OrchestratorTests.java:71)
	at java.base/java.lang.Thread.run(Thread.java:1583)
10:54:20.719 [Thread-1] ERROR Orchestrator.Orchestrator -- Event queue was interrupted
java.lang.InterruptedException: null
	at EventBus.EventQueue.take(EventQueue.java:58)
	at Orchestrator.Orchestrator.start(Orchestrator.java:78)
	at Orchestrator.OrchestratorTests.lambda$runOrchestratorInThread$0(OrchestratorTests.java:71)
	at java.base/java.lang.Thread.run(Thread.java:1583)
10:54:20.719 [Thread-1] ERROR Orchestrator.Orchestrator -- Event queue was interrupted
java.lang.InterruptedException: null
	at EventBus.EventQueue.take(EventQueue.java:58)
	at Orchestrator.Orchestrator.start(Orchestrator.java:78)
	at Orchestrator.OrchestratorTests.lambda$runOrchestratorInThread$0(OrchestratorTests.java:71)
	at java.base/java.lang.Thread.run(Thread.java:1583)
10:54:20.719 [Thread-1] ERROR Orchestrator.Orchestrator -- Event queue was interrupted
java.lang.InterruptedException: null
	at EventBus.EventQueue.take(EventQueue.java:58)
	at Orchestrator.Orchestrator.start(Orchestrator.java:78)
	at Orchestrator.OrchestratorTests.lambda$runOrchestratorInThread$0(OrchestratorTests.java:71)
	at java.base/java.lang.Thread.run(Thread.java:1583)
10:54:20.720 [Thread-1] ERROR Orchestrator.Orchestrator -- Event queue was interrupted
java.lang.InterruptedException: null
	at EventBus.EventQueue.take(EventQueue.java:58)
	at Orchestrator.Orchestrator.start(Orchestrator.java:78)
	at Orchestrator.OrchestratorTests.lambda$runOrchestratorInThread$0(OrchestratorTests.java:71)
	at java.base/java.lang.Thread.run(Thread.java:1583)
10:54:20.720 [Thread-1] ERROR Orchestrator.Orchestrator -- Event queue was interrupted
java.lang.InterruptedException: null
	at EventBus.EventQueue.take(EventQueue.java:58)
	at Orchestrator.Orchestrator.start(Orchestrator.java:78)
	at Orchestrator.OrchestratorTests.lambda$runOrchestratorInThread$0(OrchestratorTests.java:71)
	at java.base/java.lang.Thread.run(Thread.java:1583)
10:54:20.720 [Thread-1] ERROR Orchestrator.Orchestrator -- Event queue was interrupted
java.lang.InterruptedException: null
	at EventBus.EventQueue.take(EventQueue.java:58)
	at Orchestrator.Orchestrator.start(Orchestrator.java:78)
	at Orchestrator.OrchestratorTests.lambda$runOrchestratorInThread$0(OrchestratorTests.java:71)
	at java.base/java.lang.Thread.run(Thread.java:1583)
10:54:20.720 [Thread-1] ERROR Orchestrator.Orchestrator -- Event queue was interrupted
java.lang.InterruptedException: null
	at EventBus.EventQueue.take(EventQueue.java:58)
	at Orchestrator.Orchestrator.start(Orchestrator.java:78)
	at Orchestrator.OrchestratorTests.lambda$runOrchestratorInThread$0(OrchestratorTests.java:71)
	at java.base/java.lang.Thread.run(Thread.java:1583)
10:54:20.720 [Thread-1] ERROR Orchestrator.Orchestrator -- Event queue was interrupted
java.lang.InterruptedException: null
	at EventBus.EventQueue.take(EventQueue.java:58)
	at Orchestrator.Orchestrator.start(Orchestrator.java:78)
	at Orchestrator.OrchestratorTests.lambda$runOrchestratorInThread$0(OrchestratorTests.java:71)
	at java.base/java.lang.Thread.run(Thread.java:1583)
10:54:20.720 [Thread-1] ERROR Orchestrator.Orchestrator -- Event queue was interrupted
java.lang.InterruptedException: null
	at EventBus.EventQueue.take(EventQueue.java:58)
	at Orchestrator.Orchestrator.start(Orchestrator.java:78)
	at Orchestrator.OrchestratorTests.lambda$runOrchestratorInThread$0(OrchestratorTests.java:71)
	at java.base/java.lang.Thread.run(Thread.java:1583)
10:54:20.720 [Thread-1] ERROR Orchestrator.Orchestrator -- Event queue was interrupted
java.lang.InterruptedException: null
	at EventBus.EventQueue.take(EventQueue.java:58)
	at Orchestrator.Orchestrator.start(Orchestrator.java:78)
	at Orchestrator.OrchestratorTests.lambda$runOrchestratorInThread$0(OrchestratorTests.java:71)
	at java.base/java.lang.Thread.run(Thread.java:1583)
10:54:20.721 [Thread-1] ERROR Orchestrator.Orchestrator -- Event queue was interrupted
java.lang.InterruptedException: null
	at EventBus.EventQueue.take(EventQueue.java:58)
	at Orchestrator.Orchestrator.start(Orchestrator.java:78)
	at Orchestrator.OrchestratorTests.lambda$runOrchestratorInThread$0(OrchestratorTests.java:71)
	at java.base/java.lang.Thread.run(Thread.java:1583)
10:54:20.721 [Thread-1] ERROR Orchestrator.Orchestrator -- Event queue was interrupted
java.lang.InterruptedException: null
	at EventBus.EventQueue.take(EventQueue.java:58)
	at Orchestrator.Orchestrator.start(Orchestrator.java:78)
	at Orchestrator.OrchestratorTests.lambda$runOrchestratorInThread$0(OrchestratorTests.java:71)
	at java.base/java.lang.Thread.run(Thread.java:1583)
10:54:20.721 [Thread-1] ERROR Orchestrator.Orchestrator -- Event queue was interrupted
java.lang.InterruptedException: null
	at EventBus.EventQueue.take(EventQueue.java:58)
	at Orchestrator.Orchestrator.start(Orchestrator.java:78)
	at Orchestrator.OrchestratorTests.lambda$runOrchestratorInThread$0(OrchestratorTests.java:71)
	at java.base/java.lang.Thread.run(Thread.java:1583)
10:54:20.721 [Thread-1] ERROR Orchestrator.Orchestrator -- Event queue was interrupted
java.lang.InterruptedException: null
	at EventBus.EventQueue.take(EventQueue.java:58)
	at Orchestrator.Orchestrator.start(Orchestrator.java:78)
	at Orchestrator.OrchestratorTests.lambda$runOrchestratorInThread$0(OrchestratorTests.java:71)
	at java.base/java.lang.Thread.run(Thread.java:1583)
10:54:20.721 [Thread-1] ERROR Orchestrator.Orchestrator -- Event queue was interrupted
java.lang.InterruptedException: null
	at EventBus.EventQueue.take(EventQueue.java:58)
	at Orchestrator.Orchestrator.start(Orchestrator.java:78)
	at Orchestrator.OrchestratorTests.lambda$runOrchestratorInThread$0(OrchestratorTests.java:71)
	at java.base/java.lang.Thread.run(Thread.java:1583)
10:54:20.721 [Thread-1] ERROR Orchestrator.Orchestrator -- Event queue was interrupted
java.lang.InterruptedException: null
	at EventBus.EventQueue.take(EventQueue.java:58)
	at Orchestrator.Orchestrator.start(Orchestrator.java:78)
	at Orchestrator.OrchestratorTests.lambda$runOrchestratorInThread$0(OrchestratorTests.java:71)
	at java.base/java.lang.Thread.run(Thread.java:1583)
10:54:20.722 [Thread-1] ERROR Orchestrator.Orchestrator -- Event queue was interrupted
java.lang.InterruptedException: null
	at EventBus.EventQueue.take(EventQueue.java:58)
	at Orchestrator.Orchestrator.start(Orchestrator.java:78)
	at Orchestrator.OrchestratorTests.lambda$runOrchestratorInThread$0(OrchestratorTests.java:71)
	at java.base/java.lang.Thread.run(Thread.java:1583)
10:54:20.722 [Thread-1] ERROR Orchestrator.Orchestrator -- Event queue was interrupted
java.lang.InterruptedException: null
	at EventBus.EventQueue.take(EventQueue.java:58)
	at Orchestrator.Orchestrator.start(Orchestrator.java:78)
	at Orchestrator.OrchestratorTests.lambda$runOrchestratorInThread$0(OrchestratorTests.java:71)
	at java.base/java.lang.Thread.run(Thread.java:1583)
10:54:20.722 [Thread-1] ERROR Orchestrator.Orchestrator -- Event queue was interrupted
java.lang.InterruptedException: null
	at EventBus.EventQueue.take(EventQueue.java:58)
	at Orchestrator.Orchestrator.start(Orchestrator.java:78)
	at Orchestrator.OrchestratorTests.lambda$runOrchestratorInThread$0(OrchestratorTests.java:71)
	at java.base/java.lang.Thread.run(Thread.java:1583)
10:54:20.722 [Thread-1] ERROR Orchestrator.Orchestrator -- Event queue was interrupted
java.lang.InterruptedException: null
	at EventBus.EventQueue.take(EventQueue.java:58)
	at Orchestrator.Orchestrator.start(Orchestrator.java:78)
	at Orchestrator.OrchestratorTests.lambda$runOrchestratorInThread$0(OrchestratorTests.java:71)
	at java.base/java.lang.Thread.run(Thread.java:1583)
10:54:20.722 [Thread-1] ERROR Orchestrator.Orchestrator -- Event queue was interrupted
java.lang.InterruptedException: null
	at EventBus.EventQueue.take(EventQueue.java:58)
	at Orchestrator.Orchestrator.start(Orchestrator.java:78)
	at Orchestrator.OrchestratorTests.lambda$runOrchestratorInThread$0(OrchestratorTests.java:71)
	at java.base/java.lang.Thread.run(Thread.java:1583)
10:54:20.723 [Thread-1] ERROR Orchestrator.Orchestrator -- Event queue was interrupted
java.lang.InterruptedException: null
	at EventBus.EventQueue.take(EventQueue.java:58)
	at Orchestrator.Orchestrator.start(Orchestrator.java:78)
	at Orchestrator.OrchestratorTests.lambda$runOrchestratorInThread$0(OrchestratorTests.java:71)
	at java.base/java.lang.Thread.run(Thread.java:1583)
10:54:20.723 [Thread-1] ERROR Orchestrator.Orchestrator -- Event queue was interrupted
java.lang.InterruptedException: null
	at EventBus.EventQueue.take(EventQueue.java:58)
	at Orchestrator.Orchestrator.start(Orchestrator.java:78)
	at Orchestrator.OrchestratorTests.lambda$runOrchestratorInThread$0(OrchestratorTests.java:71)
	at java.base/java.lang.Thread.run(Thread.java:1583)
10:54:20.723 [Thread-1] ERROR Orchestrator.Orchestrator -- Event queue was interrupted
java.lang.InterruptedException: null
	at EventBus.EventQueue.take(EventQueue.java:58)
	at Orchestrator.Orchestrator.start(Orchestrator.java:78)
	at Orchestrator.OrchestratorTests.lambda$runOrchestratorInThread$0(OrchestratorTests.java:71)
	at java.base/java.lang.Thread.run(Thread.java:1583)
10:54:20.723 [Thread-1] ERROR Orchestrator.Orchestrator -- Event queue was interrupted
java.lang.InterruptedException: null
	at EventBus.EventQueue.take(EventQueue.java:58)
	at Orchestrator.Orchestrator.start(Orchestrator.java:78)
	at Orchestrator.OrchestratorTests.lambda$runOrchestratorInThread$0(OrchestratorTests.java:71)
	at java.base/java.lang.Thread.run(Thread.java:1583)
10:54:20.723 [Thread-1] ERROR Orchestrator.Orchestrator -- Event queue was interrupted
java.lang.InterruptedException: null
	at EventBus.EventQueue.take(EventQueue.java:58)
	at Orchestrator.Orchestrator.start(Orchestrator.java:78)
	at Orchestrator.OrchestratorTests.lambda$runOrchestratorInThread$0(OrchestratorTests.java:71)
	at java.base/java.lang.Thread.run(Thread.java:1583)
10:54:20.724 [Thread-1] ERROR Orchestrator.Orchestrator -- Event queue was interrupted
java.lang.InterruptedException: null
	at EventBus.EventQueue.take(EventQueue.java:58)
	at Orchestrator.Orchestrator.start(Orchestrator.java:78)
	at Orchestrator.OrchestratorTests.lambda$runOrchestratorInThread$0(OrchestratorTests.java:71)
	at java.base/java.lang.Thread.run(Thread.java:1583)
10:54:20.724 [Thread-1] ERROR Orchestrator.Orchestrator -- Event queue was interrupted
java.lang.InterruptedException: null
	at EventBus.EventQueue.take(EventQueue.java:58)
	at Orchestrator.Orchestrator.start(Orchestrator.java:78)
	at Orchestrator.OrchestratorTests.lambda$runOrchestratorInThread$0(OrchestratorTests.java:71)
	at java.base/java.lang.Thread.run(Thread.java:1583)
10:54:20.724 [Thread-1] ERROR Orchestrator.Orchestrator -- Event queue was interrupted
java.lang.InterruptedException: null
	at EventBus.EventQueue.take(EventQueue.java:58)
	at Orchestrator.Orchestrator.start(Orchestrator.java:78)
	at Orchestrator.OrchestratorTests.lambda$runOrchestratorInThread$0(OrchestratorTests.java:71)
	at java.base/java.lang.Thread.run(Thread.java:1583)
10:54:20.724 [Thread-1] ERROR Orchestrator.Orchestrator -- Event queue was interrupted
java.lang.InterruptedException: null
	at EventBus.EventQueue.take(EventQueue.java:58)
	at Orchestrator.Orchestrator.start(Orchestrator.java:78)
	at Orchestrator.OrchestratorTests.lambda$runOrchestratorInThread$0(OrchestratorTests.java:71)
	at java.base/java.lang.Thread.run(Thread.java:1583)
10:54:20.724 [Thread-1] ERROR Orchestrator.Orchestrator -- Event queue was interrupted
java.lang.InterruptedException: null
	at EventBus.EventQueue.take(EventQueue.java:58)
	at Orchestrator.Orchestrator.start(Orchestrator.java:78)
	at Orchestrator.OrchestratorTests.lambda$runOrchestratorInThread$0(OrchestratorTests.java:71)
	at java.base/java.lang.Thread.run(Thread.java:1583)
10:54:20.724 [Thread-1] ERROR Orchestrator.Orchestrator -- Event queue was interrupted
java.lang.InterruptedException: null
	at EventBus.EventQueue.take(EventQueue.java:58)
	at Orchestrator.Orchestrator.start(Orchestrator.java:78)
	at Orchestrator.OrchestratorTests.lambda$runOrchestratorInThread$0(OrchestratorTests.java:71)
	at java.base/java.lang.Thread.run(Thread.java:1583)
10:54:20.725 [Thread-1] ERROR Orchestrator.Orchestrator -- Event queue was interrupted
java.lang.InterruptedException: null
	at EventBus.EventQueue.take(EventQueue.java:58)
	at Orchestrator.Orchestrator.start(Orchestrator.java:78)
	at Orchestrator.OrchestratorTests.lambda$runOrchestratorInThread$0(OrchestratorTests.java:71)
	at java.base/java.lang.Thread.run(Thread.java:1583)
10:54:20.725 [Thread-1] ERROR Orchestrator.Orchestrator -- Event queue was interrupted
java.lang.InterruptedException: null
	at EventBus.EventQueue.take(EventQueue.java:58)
	at Orchestrator.Orchestrator.start(Orchestrator.java:78)
	at Orchestrator.OrchestratorTests.lambda$runOrchestratorInThread$0(OrchestratorTests.java:71)
	at java.base/java.lang.Thread.run(Thread.java:1583)
10:54:20.725 [Thread-1] ERROR Orchestrator.Orchestrator -- Event queue was interrupted
java.lang.InterruptedException: null
	at EventBus.EventQueue.take(EventQueue.java:58)
	at Orchestrator.Orchestrator.start(Orchestrator.java:78)
	at Orchestrator.OrchestratorTests.lambda$runOrchestratorInThread$0(OrchestratorTests.java:71)
	at java.base/java.lang.Thread.run(Thread.java:1583)
10:54:20.725 [Thread-1] ERROR Orchestrator.Orchestrator -- Event queue was interrupted
java.lang.InterruptedException: null
	at EventBus.EventQueue.take(EventQueue.java:58)
	at Orchestrator.Orchestrator.start(Orchestrator.java:78)
	at Orchestrator.OrchestratorTests.lambda$runOrchestratorInThread$0(OrchestratorTests.java:71)
	at java.base/java.lang.Thread.run(Thread.java:1583)
10:54:20.725 [Thread-1] ERROR Orchestrator.Orchestrator -- Event queue was interrupted
java.lang.InterruptedException: null
	at EventBus.EventQueue.take(EventQueue.java:58)
	at Orchestrator.Orchestrator.start(Orchestrator.java:78)
	at Orchestrator.OrchestratorTests.lambda$runOrchestratorInThread$0(OrchestratorTests.java:71)
	at java.base/java.lang.Thread.run(Thread.java:1583)
10:54:20.725 [Thread-1] ERROR Orchestrator.Orchestrator -- Event queue was interrupted
java.lang.InterruptedException: null
	at EventBus.EventQueue.take(EventQueue.java:58)
	at Orchestrator.Orchestrator.start(Orchestrator.java:78)
	at Orchestrator.OrchestratorTests.lambda$runOrchestratorInThread$0(OrchestratorTests.java:71)
	at java.base/java.lang.Thread.run(Thread.java:1583)
10:54:20.726 [Thread-1] ERROR Orchestrator.Orchestrator -- Event queue was interrupted
java.lang.InterruptedException: null
	at EventBus.EventQueue.take(EventQueue.java:58)
	at Orchestrator.Orchestrator.start(Orchestrator.java:78)
	at Orchestrator.OrchestratorTests.lambda$runOrchestratorInThread$0(OrchestratorTests.java:71)
	at java.base/java.lang.Thread.run(Thread.java:1583)
10:54:20.726 [Thread-1] ERROR Orchestrator.Orchestrator -- Event queue was interrupted
java.lang.InterruptedException: null
	at EventBus.EventQueue.take(EventQueue.java:58)
	at Orchestrator.Orchestrator.start(Orchestrator.java:78)
	at Orchestrator.OrchestratorTests.lambda$runOrchestratorInThread$0(OrchestratorTests.java:71)
	at java.base/java.lang.Thread.run(Thread.java:1583)
10:54:20.726 [Thread-1] ERROR Orchestrator.Orchestrator -- Event queue was interrupted
java.lang.InterruptedException: null
	at EventBus.EventQueue.take(EventQueue.java:58)
	at Orchestrator.Orchestrator.start(Orchestrator.java:78)
	at Orchestrator.OrchestratorTests.lambda$runOrchestratorInThread$0(OrchestratorTests.java:71)
	at java.base/java.lang.Thread.run(Thread.java:1583)
10:54:20.726 [Thread-1] ERROR Orchestrator.Orchestrator -- Event queue was interrupted
java.lang.InterruptedException: null
	at EventBus.EventQueue.take(EventQueue.java:58)
	at Orchestrator.Orchestrator.start(Orchestrator.java:78)
	at Orchestrator.OrchestratorTests.lambda$runOrchestratorInThread$0(OrchestratorTests.java:71)
	at java.base/java.lang.Thread.run(Thread.java:1583)
10:54:20.726 [Thread-1] ERROR Orchestrator.Orchestrator -- Event queue was interrupted
java.lang.InterruptedException: null
	at EventBus.EventQueue.take(EventQueue.java:58)
	at Orchestrator.Orchestrator.start(Orchestrator.java:78)
	at Orchestrator.OrchestratorTests.lambda$runOrchestratorInThread$0(OrchestratorTests.java:71)
	at java.base/java.lang.Thread.run(Thread.java:1583)
10:54:20.726 [Thread-1] ERROR Orchestrator.Orchestrator -- Event queue was interrupted
java.lang.InterruptedException: null
	at EventBus.EventQueue.take(EventQueue.java:58)
	at Orchestrator.Orchestrator.start(Orchestrator.java:78)
	at Orchestrator.OrchestratorTests.lambda$runOrchestratorInThread$0(OrchestratorTests.java:71)
	at java.base/java.lang.Thread.run(Thread.java:1583)
10:54:20.727 [Thread-1] ERROR Orchestrator.Orchestrator -- Event queue was interrupted
java.lang.InterruptedException: null
	at EventBus.EventQueue.take(EventQueue.java:58)
	at Orchestrator.Orchestrator.start(Orchestrator.java:78)
	at Orchestrator.OrchestratorTests.lambda$runOrchestratorInThread$0(OrchestratorTests.java:71)
	at java.base/java.lang.Thread.run(Thread.java:1583)
10:54:20.727 [Thread-1] ERROR Orchestrator.Orchestrator -- Event queue was interrupted
java.lang.InterruptedException: null
	at EventBus.EventQueue.take(EventQueue.java:58)
	at Orchestrator.Orchestrator.start(Orchestrator.java:78)
	at Orchestrator.OrchestratorTests.lambda$runOrchestratorInThread$0(OrchestratorTests.java:71)
	at java.base/java.lang.Thread.run(Thread.java:1583)
10:54:20.727 [Thread-1] ERROR Orchestrator.Orchestrator -- Event queue was interrupted
java.lang.InterruptedException: null
	at EventBus.EventQueue.take(EventQueue.java:58)
	at Orchestrator.Orchestrator.start(Orchestrator.java:78)
	at Orchestrator.OrchestratorTests.lambda$runOrchestratorInThread$0(OrchestratorTests.java:71)
	at java.base/java.lang.Thread.run(Thread.java:1583)
10:54:20.727 [Thread-1] ERROR Orchestrator.Orchestrator -- Event queue was interrupted
java.lang.InterruptedException: null
	at EventBus.EventQueue.take(EventQueue.java:58)
	at Orchestrator.Orchestrator.start(Orchestrator.java:78)
	at Orchestrator.OrchestratorTests.lambda$runOrchestratorInThread$0(OrchestratorTests.java:71)
	at java.base/java.lang.Thread.run(Thread.java:1583)
10:54:20.727 [Thread-1] ERROR Orchestrator.Orchestrator -- Event queue was interrupted
java.lang.InterruptedException: null
	at EventBus.EventQueue.take(EventQueue.java:58)
	at Orchestrator.Orchestrator.start(Orchestrator.java:78)
	at Orchestrator.OrchestratorTests.lambda$runOrchestratorInThread$0(OrchestratorTests.java:71)
	at java.base/java.lang.Thread.run(Thread.java:1583)
10:54:20.727 [Thread-1] ERROR Orchestrator.Orchestrator -- Event queue was interrupted
java.lang.InterruptedException: null
	at EventBus.EventQueue.take(EventQueue.java:58)
	at Orchestrator.Orchestrator.start(Orchestrator.java:78)
	at Orchestrator.OrchestratorTests.lambda$runOrchestratorInThread$0(OrchestratorTests.java:71)
	at java.base/java.lang.Thread.run(Thread.java:1583)
10:54:20.729 [Thread-1] ERROR Orchestrator.Orchestrator -- Event queue was interrupted
java.lang.InterruptedException: null
	at EventBus.EventQueue.take(EventQueue.java:58)
	at Orchestrator.Orchestrator.start(Orchestrator.java:78)
	at Orchestrator.OrchestratorTests.lambda$runOrchestratorInThread$0(OrchestratorTests.java:71)
	at java.base/java.lang.Thread.run(Thread.java:1583)
10:54:20.729 [Thread-1] ERROR Orchestrator.Orchestrator -- Event queue was interrupted
java.lang.InterruptedException: null
	at EventBus.EventQueue.take(EventQueue.java:58)
	at Orchestrator.Orchestrator.start(Orchestrator.java:78)
	at Orchestrator.OrchestratorTests.lambda$runOrchestratorInThread$0(OrchestratorTests.java:71)
	at java.base/java.lang.Thread.run(Thread.java:1583)
10:54:20.729 [Thread-1] ERROR Orchestrator.Orchestrator -- Event queue was interrupted
java.lang.InterruptedException: null
	at EventBus.EventQueue.take(EventQueue.java:58)
	at Orchestrator.Orchestrator.start(Orchestrator.java:78)
	at Orchestrator.OrchestratorTests.lambda$runOrchestratorInThread$0(OrchestratorTests.java:71)
	at java.base/java.lang.Thread.run(Thread.java:1583)
10:54:20.729 [Thread-1] ERROR Orchestrator.Orchestrator -- Event queue was interrupted
java.lang.InterruptedException: null
	at EventBus.EventQueue.take(EventQueue.java:58)
	at Orchestrator.Orchestrator.start(Orchestrator.java:78)
	at Orchestrator.OrchestratorTests.lambda$runOrchestratorInThread$0(OrchestratorTests.java:71)
	at java.base/java.lang.Thread.run(Thread.java:1583)
10:54:20.729 [Thread-1] ERROR Orchestrator.Orchestrator -- Event queue was interrupted
java.lang.InterruptedException: null
	at EventBus.EventQueue.take(EventQueue.java:58)
	at Orchestrator.Orchestrator.start(Orchestrator.java:78)
	at Orchestrator.OrchestratorTests.lambda$runOrchestratorInThread$0(OrchestratorTests.java:71)
	at java.base/java.lang.Thread.run(Thread.java:1583)
10:54:20.729 [Thread-1] ERROR Orchestrator.Orchestrator -- Event queue was interrupted
java.lang.InterruptedException: null
	at EventBus.EventQueue.take(EventQueue.java:58)
	at Orchestrator.Orchestrator.start(Orchestrator.java:78)
	at Orchestrator.OrchestratorTests.lambda$runOrchestratorInThread$0(OrchestratorTests.java:71)
	at java.base/java.lang.Thread.run(Thread.java:1583)
10:54:20.730 [Thread-1] ERROR Orchestrator.Orchestrator -- Event queue was interrupted
java.lang.InterruptedException: null
	at EventBus.EventQueue.take(EventQueue.java:58)
	at Orchestrator.Orchestrator.start(Orchestrator.java:78)
	at Orchestrator.OrchestratorTests.lambda$runOrchestratorInThread$0(OrchestratorTests.java:71)
	at java.base/java.lang.Thread.run(Thread.java:1583)
10:54:20.730 [Thread-1] ERROR Orchestrator.Orchestrator -- Event queue was interrupted
java.lang.InterruptedException: null
	at EventBus.EventQueue.take(EventQueue.java:58)
	at Orchestrator.Orchestrator.start(Orchestrator.java:78)
	at Orchestrator.OrchestratorTests.lambda$runOrchestratorInThread$0(OrchestratorTests.java:71)
	at java.base/java.lang.Thread.run(Thread.java:1583)
10:54:20.730 [Thread-1] ERROR Orchestrator.Orchestrator -- Event queue was interrupted
java.lang.InterruptedException: null
	at EventBus.EventQueue.take(EventQueue.java:58)
	at Orchestrator.Orchestrator.start(Orchestrator.java:78)
	at Orchestrator.OrchestratorTests.lambda$runOrchestratorInThread$0(OrchestratorTests.java:71)
	at java.base/java.lang.Thread.run(Thread.java:1583)
10:54:20.730 [Thread-1] ERROR Orchestrator.Orchestrator -- Event queue was interrupted
java.lang.InterruptedException: null
	at EventBus.EventQueue.take(EventQueue.java:58)
	at Orchestrator.Orchestrator.start(Orchestrator.java:78)
	at Orchestrator.OrchestratorTests.lambda$runOrchestratorInThread$0(OrchestratorTests.java:71)
	at java.base/java.lang.Thread.run(Thread.java:1583)
10:54:20.730 [Thread-1] ERROR Orchestrator.Orchestrator -- Event queue was interrupted
java.lang.InterruptedException: null
	at EventBus.EventQueue.take(EventQueue.java:58)
	at Orchestrator.Orchestrator.start(Orchestrator.java:78)
	at Orchestrator.OrchestratorTests.lambda$runOrchestratorInThread$0(OrchestratorTests.java:71)
	at java.base/java.lang.Thread.run(Thread.java:1583)
10:54:20.731 [Thread-1] ERROR Orchestrator.Orchestrator -- Event queue was interrupted
java.lang.InterruptedException: null
	at EventBus.EventQueue.take(EventQueue.java:58)
	at Orchestrator.Orchestrator.start(Orchestrator.java:78)
	at Orchestrator.OrchestratorTests.lambda$runOrchestratorInThread$0(OrchestratorTests.java:71)
	at java.base/java.lang.Thread.run(Thread.java:1583)
10:54:20.731 [Thread-1] ERROR Orchestrator.Orchestrator -- Event queue was interrupted
java.lang.InterruptedException: null
	at EventBus.EventQueue.take(EventQueue.java:58)
	at Orchestrator.Orchestrator.start(Orchestrator.java:78)
	at Orchestrator.OrchestratorTests.lambda$runOrchestratorInThread$0(OrchestratorTests.java:71)
	at java.base/java.lang.Thread.run(Thread.java:1583)
10:54:20.731 [Thread-1] ERROR Orchestrator.Orchestrator -- Event queue was interrupted
java.lang.InterruptedException: null
	at EventBus.EventQueue.take(EventQueue.java:58)
	at Orchestrator.Orchestrator.start(Orchestrator.java:78)
	at Orchestrator.OrchestratorTests.lambda$runOrchestratorInThread$0(OrchestratorTests.java:71)
	at java.base/java.lang.Thread.run(Thread.java:1583)
10:54:20.731 [Thread-1] ERROR Orchestrator.Orchestrator -- Event queue was interrupted
java.lang.InterruptedException: null
	at EventBus.EventQueue.take(EventQueue.java:58)
	at Orchestrator.Orchestrator.start(Orchestrator.java:78)
	at Orchestrator.OrchestratorTests.lambda$runOrchestratorInThread$0(OrchestratorTests.java:71)
	at java.base/java.lang.Thread.run(Thread.java:1583)
10:54:20.731 [Thread-1] ERROR Orchestrator.Orchestrator -- Event queue was interrupted
java.lang.InterruptedException: null
	at EventBus.EventQueue.take(EventQueue.java:58)
	at Orchestrator.Orchestrator.start(Orchestrator.java:78)
	at Orchestrator.OrchestratorTests.lambda$runOrchestratorInThread$0(OrchestratorTests.java:71)
	at java.base/java.lang.Thread.run(Thread.java:1583)
10:54:20.731 [Thread-1] ERROR Orchestrator.Orchestrator -- Event queue was interrupted
java.lang.InterruptedException: null
	at EventBus.EventQueue.take(EventQueue.java:58)
	at Orchestrator.Orchestrator.start(Orchestrator.java:78)
	at Orchestrator.OrchestratorTests.lambda$runOrchestratorInThread$0(OrchestratorTests.java:71)
	at java.base/java.lang.Thread.run(Thread.java:1583)
10:54:20.731 [Thread-1] ERROR Orchestrator.Orchestrator -- Event queue was interrupted
java.lang.InterruptedException: null
	at EventBus.EventQueue.take(EventQueue.java:58)
	at Orchestrator.Orchestrator.start(Orchestrator.java:78)
	at Orchestrator.OrchestratorTests.lambda$runOrchestratorInThread$0(OrchestratorTests.java:71)
	at java.base/java.lang.Thread.run(Thread.java:1583)
10:54:20.732 [Thread-1] ERROR Orchestrator.Orchestrator -- Event queue was interrupted
java.lang.InterruptedException: null
	at EventBus.EventQueue.take(EventQueue.java:58)
	at Orchestrator.Orchestrator.start(Orchestrator.java:78)
	at Orchestrator.OrchestratorTests.lambda$runOrchestratorInThread$0(OrchestratorTests.java:71)
	at java.base/java.lang.Thread.run(Thread.java:1583)
10:54:20.732 [Thread-1] ERROR Orchestrator.Orchestrator -- Event queue was interrupted
java.lang.InterruptedException: null
	at EventBus.EventQueue.take(EventQueue.java:58)
	at Orchestrator.Orchestrator.start(Orchestrator.java:78)
	at Orchestrator.OrchestratorTests.lambda$runOrchestratorInThread$0(OrchestratorTests.java:71)
	at java.base/java.lang.Thread.run(Thread.java:1583)
10:54:20.732 [Thread-1] ERROR Orchestrator.Orchestrator -- Event queue was interrupted
java.lang.InterruptedException: null
	at EventBus.EventQueue.take(EventQueue.java:58)
	at Orchestrator.Orchestrator.start(Orchestrator.java:78)
	at Orchestrator.OrchestratorTests.lambda$runOrchestratorInThread$0(OrchestratorTests.java:71)
	at java.base/java.lang.Thread.run(Thread.java:1583)
10:54:20.732 [Thread-1] ERROR Orchestrator.Orchestrator -- Event queue was interrupted
java.lang.InterruptedException: null
	at EventBus.EventQueue.take(EventQueue.java:58)
	at Orchestrator.Orchestrator.start(Orchestrator.java:78)
	at Orchestrator.OrchestratorTests.lambda$runOrchestratorInThread$0(OrchestratorTests.java:71)
	at java.base/java.lang.Thread.run(Thread.java:1583)
10:54:20.732 [Thread-1] ERROR Orchestrator.Orchestrator -- Event queue was interrupted
java.lang.InterruptedException: null
	at EventBus.EventQueue.take(EventQueue.java:58)
	at Orchestrator.Orchestrator.start(Orchestrator.java:78)
	at Orchestrator.OrchestratorTests.lambda$runOrchestratorInThread$0(OrchestratorTests.java:71)
	at java.base/java.lang.Thread.run(Thread.java:1583)
10:54:20.732 [Thread-1] ERROR Orchestrator.Orchestrator -- Event queue was interrupted
java.lang.InterruptedException: null
	at EventBus.EventQueue.take(EventQueue.java:58)
	at Orchestrator.Orchestrator.start(Orchestrator.java:78)
	at Orchestrator.OrchestratorTests.lambda$runOrchestratorInThread$0(OrchestratorTests.java:71)
	at java.base/java.lang.Thread.run(Thread.java:1583)
10:54:20.732 [Thread-1] ERROR Orchestrator.Orchestrator -- Event queue was interrupted
java.lang.InterruptedException: null
	at EventBus.EventQueue.take(EventQueue.java:58)
	at Orchestrator.Orchestrator.start(Orchestrator.java:78)
	at Orchestrator.OrchestratorTests.lambda$runOrchestratorInThread$0(OrchestratorTests.java:71)
	at java.base/java.lang.Thread.run(Thread.java:1583)
10:54:20.732 [Thread-1] ERROR Orchestrator.Orchestrator -- Event queue was interrupted
java.lang.InterruptedException: null
	at EventBus.EventQueue.take(EventQueue.java:58)
	at Orchestrator.Orchestrator.start(Orchestrator.java:78)
	at Orchestrator.OrchestratorTests.lambda$runOrchestratorInThread$0(OrchestratorTests.java:71)
	at java.base/java.lang.Thread.run(Thread.java:1583)
10:54:20.755 [Thread-1] ERROR Orchestrator.Orchestrator -- Event queue was interrupted
java.lang.InterruptedException: null
	at EventBus.EventQueue.take(EventQueue.java:58)
	at Orchestrator.Orchestrator.start(Orchestrator.java:78)
	at Orchestrator.OrchestratorTests.lambda$runOrchestratorInThread$0(OrchestratorTests.java:71)
	at java.base/java.lang.Thread.run(Thread.java:1583)
10:54:20.761 [Thread-1] ERROR Orchestrator.Orchestrator -- Event queue was interrupted
java.lang.InterruptedException: null
	at EventBus.EventQueue.take(EventQueue.java:58)
	at Orchestrator.Orchestrator.start(Orchestrator.java:78)
	at Orchestrator.OrchestratorTests.lambda$runOrchestratorInThread$0(OrchestratorTests.java:71)
	at java.base/java.lang.Thread.run(Thread.java:1583)
10:54:20.761 [Thread-1] ERROR Orchestrator.Orchestrator -- Event queue was interrupted
java.lang.InterruptedException: null
	at EventBus.EventQueue.take(EventQueue.java:58)
	at Orchestrator.Orchestrator.start(Orchestrator.java:78)
	at Orchestrator.OrchestratorTests.lambda$runOrchestratorInThread$0(OrchestratorTests.java:71)
	at java.base/java.lang.Thread.run(Thread.java:1583)
10:54:20.761 [Thread-1] ERROR Orchestrator.Orchestrator -- Event queue was interrupted
java.lang.InterruptedException: null
	at EventBus.EventQueue.take(EventQueue.java:58)
	at Orchestrator.Orchestrator.start(Orchestrator.java:78)
	at Orchestrator.OrchestratorTests.lambda$runOrchestratorInThread$0(OrchestratorTests.java:71)
	at java.base/java.lang.Thread.run(Thread.java:1583)
10:54:20.762 [Thread-1] ERROR Orchestrator.Orchestrator -- Event queue was interrupted
java.lang.InterruptedException: null
	at EventBus.EventQueue.take(EventQueue.java:58)
	at Orchestrator.Orchestrator.start(Orchestrator.java:78)
	at Orchestrator.OrchestratorTests.lambda$runOrchestratorInThread$0(OrchestratorTests.java:71)
	at java.base/java.lang.Thread.run(Thread.java:1583)
10:54:20.762 [Thread-1] ERROR Orchestrator.Orchestrator -- Event queue was interrupted
java.lang.InterruptedException: null
	at EventBus.EventQueue.take(EventQueue.java:58)
	at Orchestrator.Orchestrator.start(Orchestrator.java:78)
	at Orchestrator.OrchestratorTests.lambda$runOrchestratorInThread$0(OrchestratorTests.java:71)
	at java.base/java.lang.Thread.run(Thread.java:1583)
10:54:20.762 [Thread-1] ERROR Orchestrator.Orchestrator -- Event queue was interrupted
java.lang.InterruptedException: null
	at EventBus.EventQueue.take(EventQueue.java:58)
	at Orchestrator.Orchestrator.start(Orchestrator.java:78)
	at Orchestrator.OrchestratorTests.lambda$runOrchestratorInThread$0(OrchestratorTests.java:71)
	at java.base/java.lang.Thread.run(Thread.java:1583)
10:54:20.762 [Thread-1] ERROR Orchestrator.Orchestrator -- Event queue was interrupted
java.lang.InterruptedException: null
	at EventBus.EventQueue.take(EventQueue.java:58)
	at Orchestrator.Orchestrator.start(Orchestrator.java:78)
	at Orchestrator.OrchestratorTests.lambda$runOrchestratorInThread$0(OrchestratorTests.java:71)
	at java.base/java.lang.Thread.run(Thread.java:1583)
10:54:20.762 [Thread-1] ERROR Orchestrator.Orchestrator -- Event queue was interrupted
java.lang.InterruptedException: null
	at EventBus.EventQueue.take(EventQueue.java:58)
	at Orchestrator.Orchestrator.start(Orchestrator.java:78)
	at Orchestrator.OrchestratorTests.lambda$runOrchestratorInThread$0(OrchestratorTests.java:71)
	at java.base/java.lang.Thread.run(Thread.java:1583)
10:54:20.768 [Thread-1] ERROR Orchestrator.Orchestrator -- Event queue was interrupted
java.lang.InterruptedException: null
	at EventBus.EventQueue.take(EventQueue.java:58)
	at Orchestrator.Orchestrator.start(Orchestrator.java:78)
	at Orchestrator.OrchestratorTests.lambda$runOrchestratorInThread$0(OrchestratorTests.java:71)
	at java.base/java.lang.Thread.run(Thread.java:1583)
10:54:20.775 [Thread-1] ERROR Orchestrator.Orchestrator -- Event queue was interrupted
java.lang.InterruptedException: null
	at EventBus.EventQueue.take(EventQueue.java:58)
	at Orchestrator.Orchestrator.start(Orchestrator.java:78)
	at Orchestrator.OrchestratorTests.lambda$runOrchestratorInThread$0(OrchestratorTests.java:71)
	at java.base/java.lang.Thread.run(Thread.java:1583)
10:54:20.776 [Thread-1] ERROR Orchestrator.Orchestrator -- Event queue was interrupted
java.lang.InterruptedException: null
	at EventBus.EventQueue.take(EventQueue.java:58)
	at Orchestrator.Orchestrator.start(Orchestrator.java:78)
	at Orchestrator.OrchestratorTests.lambda$runOrchestratorInThread$0(OrchestratorTests.java:71)
	at java.base/java.lang.Thread.run(Thread.java:1583)
10:54:20.776 [Thread-1] ERROR Orchestrator.Orchestrator -- Event queue was interrupted
java.lang.InterruptedException: null
	at EventBus.EventQueue.take(EventQueue.java:58)
	at Orchestrator.Orchestrator.start(Orchestrator.java:78)
	at Orchestrator.OrchestratorTests.lambda$runOrchestratorInThread$0(OrchestratorTests.java:71)
	at java.base/java.lang.Thread.run(Thread.java:1583)
10:54:20.776 [Thread-1] ERROR Orchestrator.Orchestrator -- Event queue was interrupted
java.lang.InterruptedException: null
	at EventBus.EventQueue.take(EventQueue.java:58)
	at Orchestrator.Orchestrator.start(Orchestrator.java:78)
	at Orchestrator.OrchestratorTests.lambda$runOrchestratorInThread$0(OrchestratorTests.java:71)
	at java.base/java.lang.Thread.run(Thread.java:1583)
10:54:20.776 [Thread-1] ERROR Orchestrator.Orchestrator -- Event queue was interrupted
java.lang.InterruptedException: null
	at EventBus.EventQueue.take(EventQueue.java:58)
	at Orchestrator.Orchestrator.start(Orchestrator.java:78)
	at Orchestrator.OrchestratorTests.lambda$runOrchestratorInThread$0(OrchestratorTests.java:71)
	at java.base/java.lang.Thread.run(Thread.java:1583)
10:54:20.776 [Thread-1] ERROR Orchestrator.Orchestrator -- Event queue was interrupted
java.lang.InterruptedException: null
	at EventBus.EventQueue.take(EventQueue.java:58)
	at Orchestrator.Orchestrator.start(Orchestrator.java:78)
	at Orchestrator.OrchestratorTests.lambda$runOrchestratorInThread$0(OrchestratorTests.java:71)
	at java.base/java.lang.Thread.run(Thread.java:1583)
10:54:20.776 [Thread-1] ERROR Orchestrator.Orchestrator -- Event queue was interrupted
java.lang.InterruptedException: null
	at EventBus.EventQueue.take(EventQueue.java:58)
	at Orchestrator.Orchestrator.start(Orchestrator.java:78)
	at Orchestrator.OrchestratorTests.lambda$runOrchestratorInThread$0(OrchestratorTests.java:71)
	at java.base/java.lang.Thread.run(Thread.java:1583)
10:54:20.777 [Thread-1] ERROR Orchestrator.Orchestrator -- Event queue was interrupted
java.lang.InterruptedException: null
	at EventBus.EventQueue.take(EventQueue.java:58)
	at Orchestrator.Orchestrator.start(Orchestrator.java:78)
	at Orchestrator.OrchestratorTests.lambda$runOrchestratorInThread$0(OrchestratorTests.java:71)
	at java.base/java.lang.Thread.run(Thread.java:1583)
10:54:20.777 [Thread-1] ERROR Orchestrator.Orchestrator -- Event queue was interrupted
java.lang.InterruptedException: null
	at EventBus.EventQueue.take(EventQueue.java:58)
	at Orchestrator.Orchestrator.start(Orchestrator.java:78)
	at Orchestrator.OrchestratorTests.lambda$runOrchestratorInThread$0(OrchestratorTests.java:71)
	at java.base/java.lang.Thread.run(Thread.java:1583)
10:54:20.777 [Thread-1] ERROR Orchestrator.Orchestrator -- Event queue was interrupted
java.lang.InterruptedException: null
	at EventBus.EventQueue.take(EventQueue.java:58)
	at Orchestrator.Orchestrator.start(Orchestrator.java:78)
	at Orchestrator.OrchestratorTests.lambda$runOrchestratorInThread$0(OrchestratorTests.java:71)
	at java.base/java.lang.Thread.run(Thread.java:1583)
10:54:20.777 [Thread-1] ERROR Orchestrator.Orchestrator -- Event queue was interrupted
java.lang.InterruptedException: null
	at EventBus.EventQueue.take(EventQueue.java:58)
	at Orchestrator.Orchestrator.start(Orchestrator.java:78)
	at Orchestrator.OrchestratorTests.lambda$runOrchestratorInThread$0(OrchestratorTests.java:71)
	at java.base/java.lang.Thread.run(Thread.java:1583)
10:54:20.777 [Thread-1] ERROR Orchestrator.Orchestrator -- Event queue was interrupted
java.lang.InterruptedException: null
	at EventBus.EventQueue.take(EventQueue.java:58)
	at Orchestrator.Orchestrator.start(Orchestrator.java:78)
	at Orchestrator.OrchestratorTests.lambda$runOrchestratorInThread$0(OrchestratorTests.java:71)
	at java.base/java.lang.Thread.run(Thread.java:1583)
10:54:20.777 [Thread-1] ERROR Orchestrator.Orchestrator -- Event queue was interrupted
java.lang.InterruptedException: null
	at EventBus.EventQueue.take(EventQueue.java:58)
	at Orchestrator.Orchestrator.start(Orchestrator.java:78)
	at Orchestrator.OrchestratorTests.lambda$runOrchestratorInThread$0(OrchestratorTests.java:71)
	at java.base/java.lang.Thread.run(Thread.java:1583)
10:54:20.778 [Thread-1] ERROR Orchestrator.Orchestrator -- Event queue was interrupted
java.lang.InterruptedException: null
	at EventBus.EventQueue.take(EventQueue.java:58)
	at Orchestrator.Orchestrator.start(Orchestrator.java:78)
	at Orchestrator.OrchestratorTests.lambda$runOrchestratorInThread$0(OrchestratorTests.java:71)
	at java.base/java.lang.Thread.run(Thread.java:1583)
10:54:20.778 [Thread-1] ERROR Orchestrator.Orchestrator -- Event queue was interrupted
java.lang.InterruptedException: null
	at EventBus.EventQueue.take(EventQueue.java:58)
	at Orchestrator.Orchestrator.start(Orchestrator.java:78)
	at Orchestrator.OrchestratorTests.lambda$runOrchestratorInThread$0(OrchestratorTests.java:71)
	at java.base/java.lang.Thread.run(Thread.java:1583)
10:54:20.778 [Thread-1] ERROR Orchestrator.Orchestrator -- Event queue was interrupted
java.lang.InterruptedException: null
	at EventBus.EventQueue.take(EventQueue.java:58)
	at Orchestrator.Orchestrator.start(Orchestrator.java:78)
	at Orchestrator.OrchestratorTests.lambda$runOrchestratorInThread$0(OrchestratorTests.java:71)
	at java.base/java.lang.Thread.run(Thread.java:1583)
10:54:20.778 [Thread-1] ERROR Orchestrator.Orchestrator -- Event queue was interrupted
java.lang.InterruptedException: null
	at EventBus.EventQueue.take(EventQueue.java:58)
	at Orchestrator.Orchestrator.start(Orchestrator.java:78)
	at Orchestrator.OrchestratorTests.lambda$runOrchestratorInThread$0(OrchestratorTests.java:71)
	at java.base/java.lang.Thread.run(Thread.java:1583)
10:54:20.778 [Thread-1] ERROR Orchestrator.Orchestrator -- Event queue was interrupted
java.lang.InterruptedException: null
	at EventBus.EventQueue.take(EventQueue.java:58)
	at Orchestrator.Orchestrator.start(Orchestrator.java:78)
	at Orchestrator.OrchestratorTests.lambda$runOrchestratorInThread$0(OrchestratorTests.java:71)
	at java.base/java.lang.Thread.run(Thread.java:1583)
10:54:20.778 [Thread-1] ERROR Orchestrator.Orchestrator -- Event queue was interrupted
java.lang.InterruptedException: null
	at EventBus.EventQueue.take(EventQueue.java:58)
	at Orchestrator.Orchestrator.start(Orchestrator.java:78)
	at Orchestrator.OrchestratorTests.lambda$runOrchestratorInThread$0(OrchestratorTests.java:71)
	at java.base/java.lang.Thread.run(Thread.java:1583)
10:54:20.779 [Thread-1] ERROR Orchestrator.Orchestrator -- Event queue was interrupted
java.lang.InterruptedException: null
	at EventBus.EventQueue.take(EventQueue.java:58)
	at Orchestrator.Orchestrator.start(Orchestrator.java:78)
	at Orchestrator.OrchestratorTests.lambda$runOrchestratorInThread$0(OrchestratorTests.java:71)
	at java.base/java.lang.Thread.run(Thread.java:1583)
10:54:20.779 [Thread-1] ERROR Orchestrator.Orchestrator -- Event queue was interrupted
java.lang.InterruptedException: null
	at EventBus.EventQueue.take(EventQueue.java:58)
	at Orchestrator.Orchestrator.start(Orchestrator.java:78)
	at Orchestrator.OrchestratorTests.lambda$runOrchestratorInThread$0(OrchestratorTests.java:71)
	at java.base/java.lang.Thread.run(Thread.java:1583)
10:54:20.779 [Thread-1] ERROR Orchestrator.Orchestrator -- Event queue was interrupted
java.lang.InterruptedException: null
	at EventBus.EventQueue.take(EventQueue.java:58)
	at Orchestrator.Orchestrator.start(Orchestrator.java:78)
	at Orchestrator.OrchestratorTests.lambda$runOrchestratorInThread$0(OrchestratorTests.java:71)
	at java.base/java.lang.Thread.run(Thread.java:1583)
10:54:20.779 [Thread-1] ERROR Orchestrator.Orchestrator -- Event queue was interrupted
java.lang.InterruptedException: null
	at EventBus.EventQueue.take(EventQueue.java:58)
	at Orchestrator.Orchestrator.start(Orchestrator.java:78)
	at Orchestrator.OrchestratorTests.lambda$runOrchestratorInThread$0(OrchestratorTests.java:71)
	at java.base/java.lang.Thread.run(Thread.java:1583)
10:54:20.779 [Thread-1] ERROR Orchestrator.Orchestrator -- Event queue was interrupted
java.lang.InterruptedException: null
	at EventBus.EventQueue.take(EventQueue.java:58)
	at Orchestrator.Orchestrator.start(Orchestrator.java:78)
	at Orchestrator.OrchestratorTests.lambda$runOrchestratorInThread$0(OrchestratorTests.java:71)
	at java.base/java.lang.Thread.run(Thread.java:1583)
10:54:20.779 [Thread-1] ERROR Orchestrator.Orchestrator -- Event queue was interrupted
java.lang.InterruptedException: null
	at EventBus.EventQueue.take(EventQueue.java:58)
	at Orchestrator.Orchestrator.start(Orchestrator.java:78)
	at Orchestrator.OrchestratorTests.lambda$runOrchestratorInThread$0(OrchestratorTests.java:71)
	at java.base/java.lang.Thread.run(Thread.java:1583)
10:54:20.780 [Thread-1] ERROR Orchestrator.Orchestrator -- Event queue was interrupted
java.lang.InterruptedException: null
	at EventBus.EventQueue.take(EventQueue.java:58)
	at Orchestrator.Orchestrator.start(Orchestrator.java:78)
	at Orchestrator.OrchestratorTests.lambda$runOrchestratorInThread$0(OrchestratorTests.java:71)
	at java.base/java.lang.Thread.run(Thread.java:1583)
10:54:20.780 [Thread-1] ERROR Orchestrator.Orchestrator -- Event queue was interrupted
java.lang.InterruptedException: null
	at EventBus.EventQueue.take(EventQueue.java:58)
	at Orchestrator.Orchestrator.start(Orchestrator.java:78)
	at Orchestrator.OrchestratorTests.lambda$runOrchestratorInThread$0(OrchestratorTests.java:71)
	at java.base/java.lang.Thread.run(Thread.java:1583)
10:54:20.780 [Thread-1] ERROR Orchestrator.Orchestrator -- Event queue was interrupted
java.lang.InterruptedException: null
	at EventBus.EventQueue.take(EventQueue.java:58)
	at Orchestrator.Orchestrator.start(Orchestrator.java:78)
	at Orchestrator.OrchestratorTests.lambda$runOrchestratorInThread$0(OrchestratorTests.java:71)
	at java.base/java.lang.Thread.run(Thread.java:1583)
10:54:20.780 [Thread-1] ERROR Orchestrator.Orchestrator -- Event queue was interrupted
java.lang.InterruptedException: null
	at EventBus.EventQueue.take(EventQueue.java:58)
	at Orchestrator.Orchestrator.start(Orchestrator.java:78)
	at Orchestrator.OrchestratorTests.lambda$runOrchestratorInThread$0(OrchestratorTests.java:71)
	at java.base/java.lang.Thread.run(Thread.java:1583)
10:54:20.780 [Thread-1] ERROR Orchestrator.Orchestrator -- Event queue was interrupted
java.lang.InterruptedException: null
	at EventBus.EventQueue.take(EventQueue.java:58)
	at Orchestrator.Orchestrator.start(Orchestrator.java:78)
	at Orchestrator.OrchestratorTests.lambda$runOrchestratorInThread$0(OrchestratorTests.java:71)
	at java.base/java.lang.Thread.run(Thread.java:1583)
10:54:20.781 [Thread-1] ERROR Orchestrator.Orchestrator -- Event queue was interrupted
java.lang.InterruptedException: null
	at EventBus.EventQueue.take(EventQueue.java:58)
	at Orchestrator.Orchestrator.start(Orchestrator.java:78)
	at Orchestrator.OrchestratorTests.lambda$runOrchestratorInThread$0(OrchestratorTests.java:71)
	at java.base/java.lang.Thread.run(Thread.java:1583)
10:54:20.781 [Thread-1] ERROR Orchestrator.Orchestrator -- Event queue was interrupted
java.lang.InterruptedException: null
	at EventBus.EventQueue.take(EventQueue.java:58)
	at Orchestrator.Orchestrator.start(Orchestrator.java:78)
	at Orchestrator.OrchestratorTests.lambda$runOrchestratorInThread$0(OrchestratorTests.java:71)
	at java.base/java.lang.Thread.run(Thread.java:1583)
10:54:20.781 [Thread-1] ERROR Orchestrator.Orchestrator -- Event queue was interrupted
java.lang.InterruptedException: null
	at EventBus.EventQueue.take(EventQueue.java:58)
	at Orchestrator.Orchestrator.start(Orchestrator.java:78)
	at Orchestrator.OrchestratorTests.lambda$runOrchestratorInThread$0(OrchestratorTests.java:71)
	at java.base/java.lang.Thread.run(Thread.java:1583)
10:54:20.781 [Thread-1] ERROR Orchestrator.Orchestrator -- Event queue was interrupted
java.lang.InterruptedException: null
	at EventBus.EventQueue.take(EventQueue.java:58)
	at Orchestrator.Orchestrator.start(Orchestrator.java:78)
	at Orchestrator.OrchestratorTests.lambda$runOrchestratorInThread$0(OrchestratorTests.java:71)
	at java.base/java.lang.Thread.run(Thread.java:1583)
10:54:20.781 [Thread-1] ERROR Orchestrator.Orchestrator -- Event queue was interrupted
java.lang.InterruptedException: null
	at EventBus.EventQueue.take(EventQueue.java:58)
	at Orchestrator.Orchestrator.start(Orchestrator.java:78)
	at Orchestrator.OrchestratorTests.lambda$runOrchestratorInThread$0(OrchestratorTests.java:71)
	at java.base/java.lang.Thread.run(Thread.java:1583)
10:54:20.781 [Thread-1] ERROR Orchestrator.Orchestrator -- Event queue was interrupted
java.lang.InterruptedException: null
	at EventBus.EventQueue.take(EventQueue.java:58)
	at Orchestrator.Orchestrator.start(Orchestrator.java:78)
	at Orchestrator.OrchestratorTests.lambda$runOrchestratorInThread$0(OrchestratorTests.java:71)
	at java.base/java.lang.Thread.run(Thread.java:1583)
10:54:20.782 [Thread-1] ERROR Orchestrator.Orchestrator -- Event queue was interrupted
java.lang.InterruptedException: null
	at EventBus.EventQueue.take(EventQueue.java:58)
	at Orchestrator.Orchestrator.start(Orchestrator.java:78)
	at Orchestrator.OrchestratorTests.lambda$runOrchestratorInThread$0(OrchestratorTests.java:71)
	at java.base/java.lang.Thread.run(Thread.java:1583)
10:54:20.782 [Thread-1] ERROR Orchestrator.Orchestrator -- Event queue was interrupted
java.lang.InterruptedException: null
	at EventBus.EventQueue.take(EventQueue.java:58)
	at Orchestrator.Orchestrator.start(Orchestrator.java:78)
	at Orchestrator.OrchestratorTests.lambda$runOrchestratorInThread$0(OrchestratorTests.java:71)
	at java.base/java.lang.Thread.run(Thread.java:1583)
10:54:20.782 [Thread-1] ERROR Orchestrator.Orchestrator -- Event queue was interrupted
java.lang.InterruptedException: null
	at EventBus.EventQueue.take(EventQueue.java:58)
	at Orchestrator.Orchestrator.start(Orchestrator.java:78)
	at Orchestrator.OrchestratorTests.lambda$runOrchestratorInThread$0(OrchestratorTests.java:71)
	at java.base/java.lang.Thread.run(Thread.java:1583)
10:54:20.782 [Thread-1] ERROR Orchestrator.Orchestrator -- Event queue was interrupted
java.lang.InterruptedException: null
	at EventBus.EventQueue.take(EventQueue.java:58)
	at Orchestrator.Orchestrator.start(Orchestrator.java:78)
	at Orchestrator.OrchestratorTests.lambda$runOrchestratorInThread$0(OrchestratorTests.java:71)
	at java.base/java.lang.Thread.run(Thread.java:1583)
10:54:20.782 [Thread-1] ERROR Orchestrator.Orchestrator -- Event queue was interrupted
java.lang.InterruptedException: null
	at EventBus.EventQueue.take(EventQueue.java:58)
	at Orchestrator.Orchestrator.start(Orchestrator.java:78)
	at Orchestrator.OrchestratorTests.lambda$runOrchestratorInThread$0(OrchestratorTests.java:71)
	at java.base/java.lang.Thread.run(Thread.java:1583)
10:54:20.782 [Thread-1] ERROR Orchestrator.Orchestrator -- Event queue was interrupted
java.lang.InterruptedException: null
	at EventBus.EventQueue.take(EventQueue.java:58)
	at Orchestrator.Orchestrator.start(Orchestrator.java:78)
	at Orchestrator.OrchestratorTests.lambda$runOrchestratorInThread$0(OrchestratorTests.java:71)
	at java.base/java.lang.Thread.run(Thread.java:1583)
10:54:20.782 [Thread-1] ERROR Orchestrator.Orchestrator -- Event queue was interrupted
java.lang.InterruptedException: null
	at EventBus.EventQueue.take(EventQueue.java:58)
	at Orchestrator.Orchestrator.start(Orchestrator.java:78)
	at Orchestrator.OrchestratorTests.lambda$runOrchestratorInThread$0(OrchestratorTests.java:71)
	at java.base/java.lang.Thread.run(Thread.java:1583)
10:54:20.782 [Thread-1] ERROR Orchestrator.Orchestrator -- Event queue was interrupted
java.lang.InterruptedException: null
	at EventBus.EventQueue.take(EventQueue.java:58)
	at Orchestrator.Orchestrator.start(Orchestrator.java:78)
	at Orchestrator.OrchestratorTests.lambda$runOrchestratorInThread$0(OrchestratorTests.java:71)
	at java.base/java.lang.Thread.run(Thread.java:1583)
10:54:20.783 [Thread-1] ERROR Orchestrator.Orchestrator -- Event queue was interrupted
java.lang.InterruptedException: null
	at EventBus.EventQueue.take(EventQueue.java:58)
	at Orchestrator.Orchestrator.start(Orchestrator.java:78)
	at Orchestrator.OrchestratorTests.lambda$runOrchestratorInThread$0(OrchestratorTests.java:71)
	at java.base/java.lang.Thread.run(Thread.java:1583)
10:54:20.783 [Thread-1] ERROR Orchestrator.Orchestrator -- Event queue was interrupted
java.lang.InterruptedException: null
	at EventBus.EventQueue.take(EventQueue.java:58)
	at Orchestrator.Orchestrator.start(Orchestrator.java:78)
	at Orchestrator.OrchestratorTests.lambda$runOrchestratorInThread$0(OrchestratorTests.java:71)
	at java.base/java.lang.Thread.run(Thread.java:1583)
10:54:20.783 [Thread-1] ERROR Orchestrator.Orchestrator -- Event queue was interrupted
java.lang.InterruptedException: null
	at EventBus.EventQueue.take(EventQueue.java:58)
	at Orchestrator.Orchestrator.start(Orchestrator.java:78)
	at Orchestrator.OrchestratorTests.lambda$runOrchestratorInThread$0(OrchestratorTests.java:71)
	at java.base/java.lang.Thread.run(Thread.java:1583)
10:54:20.783 [Thread-1] ERROR Orchestrator.Orchestrator -- Event queue was interrupted
java.lang.InterruptedException: null
	at EventBus.EventQueue.take(EventQueue.java:58)
	at Orchestrator.Orchestrator.start(Orchestrator.java:78)
	at Orchestrator.OrchestratorTests.lambda$runOrchestratorInThread$0(OrchestratorTests.java:71)
	at java.base/java.lang.Thread.run(Thread.java:1583)
10:54:20.783 [Thread-1] ERROR Orchestrator.Orchestrator -- Event queue was interrupted
java.lang.InterruptedException: null
	at EventBus.EventQueue.take(EventQueue.java:58)
	at Orchestrator.Orchestrator.start(Orchestrator.java:78)
	at Orchestrator.OrchestratorTests.lambda$runOrchestratorInThread$0(OrchestratorTests.java:71)
	at java.base/java.lang.Thread.run(Thread.java:1583)
10:54:20.783 [Thread-1] ERROR Orchestrator.Orchestrator -- Event queue was interrupted
java.lang.InterruptedException: null
	at EventBus.EventQueue.take(EventQueue.java:58)
	at Orchestrator.Orchestrator.start(Orchestrator.java:78)
	at Orchestrator.OrchestratorTests.lambda$runOrchestratorInThread$0(OrchestratorTests.java:71)
	at java.base/java.lang.Thread.run(Thread.java:1583)
10:54:20.783 [Thread-1] ERROR Orchestrator.Orchestrator -- Event queue was interrupted
java.lang.InterruptedException: null
	at EventBus.EventQueue.take(EventQueue.java:58)
	at Orchestrator.Orchestrator.start(Orchestrator.java:78)
	at Orchestrator.OrchestratorTests.lambda$runOrchestratorInThread$0(OrchestratorTests.java:71)
	at java.base/java.lang.Thread.run(Thread.java:1583)
10:54:20.784 [Thread-1] ERROR Orchestrator.Orchestrator -- Event queue was interrupted
java.lang.InterruptedException: null
	at EventBus.EventQueue.take(EventQueue.java:58)
	at Orchestrator.Orchestrator.start(Orchestrator.java:78)
	at Orchestrator.OrchestratorTests.lambda$runOrchestratorInThread$0(OrchestratorTests.java:71)
	at java.base/java.lang.Thread.run(Thread.java:1583)
10:54:20.784 [Thread-1] ERROR Orchestrator.Orchestrator -- Event queue was interrupted
java.lang.InterruptedException: null
	at EventBus.EventQueue.take(EventQueue.java:58)
	at Orchestrator.Orchestrator.start(Orchestrator.java:78)
	at Orchestrator.OrchestratorTests.lambda$runOrchestratorInThread$0(OrchestratorTests.java:71)
	at java.base/java.lang.Thread.run(Thread.java:1583)
10:54:20.784 [Thread-1] ERROR Orchestrator.Orchestrator -- Event queue was interrupted
java.lang.InterruptedException: null
	at EventBus.EventQueue.take(EventQueue.java:58)
	at Orchestrator.Orchestrator.start(Orchestrator.java:78)
	at Orchestrator.OrchestratorTests.lambda$runOrchestratorInThread$0(OrchestratorTests.java:71)
	at java.base/java.lang.Thread.run(Thread.java:1583)
10:54:20.784 [Thread-1] ERROR Orchestrator.Orchestrator -- Event queue was interrupted
java.lang.InterruptedException: null
	at EventBus.EventQueue.take(EventQueue.java:58)
	at Orchestrator.Orchestrator.start(Orchestrator.java:78)
	at Orchestrator.OrchestratorTests.lambda$runOrchestratorInThread$0(OrchestratorTests.java:71)
	at java.base/java.lang.Thread.run(Thread.java:1583)
10:54:20.785 [Thread-1] ERROR Orchestrator.Orchestrator -- Event queue was interrupted
java.lang.InterruptedException: null
	at EventBus.EventQueue.take(EventQueue.java:58)
	at Orchestrator.Orchestrator.start(Orchestrator.java:78)
	at Orchestrator.OrchestratorTests.lambda$runOrchestratorInThread$0(OrchestratorTests.java:71)
	at java.base/java.lang.Thread.run(Thread.java:1583)
10:54:20.785 [Thread-1] ERROR Orchestrator.Orchestrator -- Event queue was interrupted
java.lang.InterruptedException: null
	at EventBus.EventQueue.take(EventQueue.java:58)
	at Orchestrator.Orchestrator.start(Orchestrator.java:78)
	at Orchestrator.OrchestratorTests.lambda$runOrchestratorInThread$0(OrchestratorTests.java:71)
	at java.base/java.lang.Thread.run(Thread.java:1583)
10:54:20.785 [Thread-1] ERROR Orchestrator.Orchestrator -- Event queue was interrupted
java.lang.InterruptedException: null
	at EventBus.EventQueue.take(EventQueue.java:58)
	at Orchestrator.Orchestrator.start(Orchestrator.java:78)
	at Orchestrator.OrchestratorTests.lambda$runOrchestratorInThread$0(OrchestratorTests.java:71)
	at java.base/java.lang.Thread.run(Thread.java:1583)
10:54:20.785 [Thread-1] ERROR Orchestrator.Orchestrator -- Event queue was interrupted
java.lang.InterruptedException: null
	at EventBus.EventQueue.take(EventQueue.java:58)
	at Orchestrator.Orchestrator.start(Orchestrator.java:78)
	at Orchestrator.OrchestratorTests.lambda$runOrchestratorInThread$0(OrchestratorTests.java:71)
	at java.base/java.lang.Thread.run(Thread.java:1583)
10:54:20.785 [Thread-1] ERROR Orchestrator.Orchestrator -- Event queue was interrupted
java.lang.InterruptedException: null
	at EventBus.EventQueue.take(EventQueue.java:58)
	at Orchestrator.Orchestrator.start(Orchestrator.java:78)
	at Orchestrator.OrchestratorTests.lambda$runOrchestratorInThread$0(OrchestratorTests.java:71)
	at java.base/java.lang.Thread.run(Thread.java:1583)
10:54:20.785 [Thread-1] ERROR Orchestrator.Orchestrator -- Event queue was interrupted
java.lang.InterruptedException: null
	at EventBus.EventQueue.take(EventQueue.java:58)
	at Orchestrator.Orchestrator.start(Orchestrator.java:78)
	at Orchestrator.OrchestratorTests.lambda$runOrchestratorInThread$0(OrchestratorTests.java:71)
	at java.base/java.lang.Thread.run(Thread.java:1583)
10:54:20.785 [Thread-1] ERROR Orchestrator.Orchestrator -- Event queue was interrupted
java.lang.InterruptedException: null
	at EventBus.EventQueue.take(EventQueue.java:58)
	at Orchestrator.Orchestrator.start(Orchestrator.java:78)
	at Orchestrator.OrchestratorTests.lambda$runOrchestratorInThread$0(OrchestratorTests.java:71)
	at java.base/java.lang.Thread.run(Thread.java:1583)
10:54:20.786 [Thread-1] ERROR Orchestrator.Orchestrator -- Event queue was interrupted
java.lang.InterruptedException: null
	at EventBus.EventQueue.take(EventQueue.java:58)
	at Orchestrator.Orchestrator.start(Orchestrator.java:78)
	at Orchestrator.OrchestratorTests.lambda$runOrchestratorInThread$0(OrchestratorTests.java:71)
	at java.base/java.lang.Thread.run(Thread.java:1583)
10:54:20.786 [Thread-1] ERROR Orchestrator.Orchestrator -- Event queue was interrupted
java.lang.InterruptedException: null
	at EventBus.EventQueue.take(EventQueue.java:58)
	at Orchestrator.Orchestrator.start(Orchestrator.java:78)
	at Orchestrator.OrchestratorTests.lambda$runOrchestratorInThread$0(OrchestratorTests.java:71)
	at java.base/java.lang.Thread.run(Thread.java:1583)
10:54:20.786 [Thread-1] ERROR Orchestrator.Orchestrator -- Event queue was interrupted
java.lang.InterruptedException: null
	at EventBus.EventQueue.take(EventQueue.java:58)
	at Orchestrator.Orchestrator.start(Orchestrator.java:78)
	at Orchestrator.OrchestratorTests.lambda$runOrchestratorInThread$0(OrchestratorTests.java:71)
	at java.base/java.lang.Thread.run(Thread.java:1583)
10:54:20.786 [Thread-1] ERROR Orchestrator.Orchestrator -- Event queue was interrupted
java.lang.InterruptedException: null
	at EventBus.EventQueue.take(EventQueue.java:58)
	at Orchestrator.Orchestrator.start(Orchestrator.java:78)
	at Orchestrator.OrchestratorTests.lambda$runOrchestratorInThread$0(OrchestratorTests.java:71)
	at java.base/java.lang.Thread.run(Thread.java:1583)
10:54:20.786 [Thread-1] ERROR Orchestrator.Orchestrator -- Event queue was interrupted
java.lang.InterruptedException: null
	at EventBus.EventQueue.take(EventQueue.java:58)
	at Orchestrator.Orchestrator.start(Orchestrator.java:78)
	at Orchestrator.OrchestratorTests.lambda$runOrchestratorInThread$0(OrchestratorTests.java:71)
	at java.base/java.lang.Thread.run(Thread.java:1583)
10:54:20.787 [Thread-1] ERROR Orchestrator.Orchestrator -- Event queue was interrupted
java.lang.InterruptedException: null
	at EventBus.EventQueue.take(EventQueue.java:58)
	at Orchestrator.Orchestrator.start(Orchestrator.java:78)
	at Orchestrator.OrchestratorTests.lambda$runOrchestratorInThread$0(OrchestratorTests.java:71)
	at java.base/java.lang.Thread.run(Thread.java:1583)
10:54:20.787 [Thread-1] ERROR Orchestrator.Orchestrator -- Event queue was interrupted
java.lang.InterruptedException: null
	at EventBus.EventQueue.take(EventQueue.java:58)
	at Orchestrator.Orchestrator.start(Orchestrator.java:78)
	at Orchestrator.OrchestratorTests.lambda$runOrchestratorInThread$0(OrchestratorTests.java:71)
	at java.base/java.lang.Thread.run(Thread.java:1583)
10:54:20.787 [Thread-1] ERROR Orchestrator.Orchestrator -- Event queue was interrupted
java.lang.InterruptedException: null
	at EventBus.EventQueue.take(EventQueue.java:58)
	at Orchestrator.Orchestrator.start(Orchestrator.java:78)
	at Orchestrator.OrchestratorTests.lambda$runOrchestratorInThread$0(OrchestratorTests.java:71)
	at java.base/java.lang.Thread.run(Thread.java:1583)
10:54:20.787 [Thread-1] ERROR Orchestrator.Orchestrator -- Event queue was interrupted
java.lang.InterruptedException: null
	at EventBus.EventQueue.take(EventQueue.java:58)
	at Orchestrator.Orchestrator.start(Orchestrator.java:78)
	at Orchestrator.OrchestratorTests.lambda$runOrchestratorInThread$0(OrchestratorTests.java:71)
	at java.base/java.lang.Thread.run(Thread.java:1583)
10:54:20.787 [Thread-1] ERROR Orchestrator.Orchestrator -- Event queue was interrupted
java.lang.InterruptedException: null
	at EventBus.EventQueue.take(EventQueue.java:58)
	at Orchestrator.Orchestrator.start(Orchestrator.java:78)
	at Orchestrator.OrchestratorTests.lambda$runOrchestratorInThread$0(OrchestratorTests.java:71)
	at java.base/java.lang.Thread.run(Thread.java:1583)
10:54:20.787 [Thread-1] ERROR Orchestrator.Orchestrator -- Event queue was interrupted
java.lang.InterruptedException: null
	at EventBus.EventQueue.take(EventQueue.java:58)
	at Orchestrator.Orchestrator.start(Orchestrator.java:78)
	at Orchestrator.OrchestratorTests.lambda$runOrchestratorInThread$0(OrchestratorTests.java:71)
	at java.base/java.lang.Thread.run(Thread.java:1583)
10:54:20.788 [Thread-1] ERROR Orchestrator.Orchestrator -- Event queue was interrupted
java.lang.InterruptedException: null
	at EventBus.EventQueue.take(EventQueue.java:58)
	at Orchestrator.Orchestrator.start(Orchestrator.java:78)
	at Orchestrator.OrchestratorTests.lambda$runOrchestratorInThread$0(OrchestratorTests.java:71)
	at java.base/java.lang.Thread.run(Thread.java:1583)
10:54:20.788 [Thread-1] ERROR Orchestrator.Orchestrator -- Event queue was interrupted
java.lang.InterruptedException: null
	at EventBus.EventQueue.take(EventQueue.java:58)
	at Orchestrator.Orchestrator.start(Orchestrator.java:78)
	at Orchestrator.OrchestratorTests.lambda$runOrchestratorInThread$0(OrchestratorTests.java:71)
	at java.base/java.lang.Thread.run(Thread.java:1583)
10:54:20.788 [Thread-1] ERROR Orchestrator.Orchestrator -- Event queue was interrupted
java.lang.InterruptedException: null
	at EventBus.EventQueue.take(EventQueue.java:58)
	at Orchestrator.Orchestrator.start(Orchestrator.java:78)
	at Orchestrator.OrchestratorTests.lambda$runOrchestratorInThread$0(OrchestratorTests.java:71)
	at java.base/java.lang.Thread.run(Thread.java:1583)
10:54:20.788 [Thread-1] ERROR Orchestrator.Orchestrator -- Event queue was interrupted
java.lang.InterruptedException: null
	at EventBus.EventQueue.take(EventQueue.java:58)
	at Orchestrator.Orchestrator.start(Orchestrator.java:78)
	at Orchestrator.OrchestratorTests.lambda$runOrchestratorInThread$0(OrchestratorTests.java:71)
	at java.base/java.lang.Thread.run(Thread.java:1583)
10:54:20.788 [Thread-1] ERROR Orchestrator.Orchestrator -- Event queue was interrupted
java.lang.InterruptedException: null
	at EventBus.EventQueue.take(EventQueue.java:58)
	at Orchestrator.Orchestrator.start(Orchestrator.java:78)
	at Orchestrator.OrchestratorTests.lambda$runOrchestratorInThread$0(OrchestratorTests.java:71)
	at java.base/java.lang.Thread.run(Thread.java:1583)
10:54:20.788 [Thread-1] ERROR Orchestrator.Orchestrator -- Event queue was interrupted
java.lang.InterruptedException: null
	at EventBus.EventQueue.take(EventQueue.java:58)
	at Orchestrator.Orchestrator.start(Orchestrator.java:78)
	at Orchestrator.OrchestratorTests.lambda$runOrchestratorInThread$0(OrchestratorTests.java:71)
	at java.base/java.lang.Thread.run(Thread.java:1583)
10:54:20.788 [Thread-1] ERROR Orchestrator.Orchestrator -- Event queue was interrupted
java.lang.InterruptedException: null
	at EventBus.EventQueue.take(EventQueue.java:58)
	at Orchestrator.Orchestrator.start(Orchestrator.java:78)
	at Orchestrator.OrchestratorTests.lambda$runOrchestratorInThread$0(OrchestratorTests.java:71)
	at java.base/java.lang.Thread.run(Thread.java:1583)
10:54:20.788 [Thread-1] ERROR Orchestrator.Orchestrator -- Event queue was interrupted
java.lang.InterruptedException: null
	at EventBus.EventQueue.take(EventQueue.java:58)
	at Orchestrator.Orchestrator.start(Orchestrator.java:78)
	at Orchestrator.OrchestratorTests.lambda$runOrchestratorInThread$0(OrchestratorTests.java:71)
	at java.base/java.lang.Thread.run(Thread.java:1583)
10:54:20.789 [Thread-1] ERROR Orchestrator.Orchestrator -- Event queue was interrupted
java.lang.InterruptedException: null
	at EventBus.EventQueue.take(EventQueue.java:58)
	at Orchestrator.Orchestrator.start(Orchestrator.java:78)
	at Orchestrator.OrchestratorTests.lambda$runOrchestratorInThread$0(OrchestratorTests.java:71)
	at java.base/java.lang.Thread.run(Thread.java:1583)
10:54:20.789 [Thread-1] ERROR Orchestrator.Orchestrator -- Event queue was interrupted
java.lang.InterruptedException: null
	at EventBus.EventQueue.take(EventQueue.java:58)
	at Orchestrator.Orchestrator.start(Orchestrator.java:78)
	at Orchestrator.OrchestratorTests.lambda$runOrchestratorInThread$0(OrchestratorTests.java:71)
	at java.base/java.lang.Thread.run(Thread.java:1583)
10:54:20.789 [Thread-1] ERROR Orchestrator.Orchestrator -- Event queue was interrupted
java.lang.InterruptedException: null
	at EventBus.EventQueue.take(EventQueue.java:58)
	at Orchestrator.Orchestrator.start(Orchestrator.java:78)
	at Orchestrator.OrchestratorTests.lambda$runOrchestratorInThread$0(OrchestratorTests.java:71)
	at java.base/java.lang.Thread.run(Thread.java:1583)
10:54:20.789 [Thread-1] ERROR Orchestrator.Orchestrator -- Event queue was interrupted
java.lang.InterruptedException: null
	at EventBus.EventQueue.take(EventQueue.java:58)
	at Orchestrator.Orchestrator.start(Orchestrator.java:78)
	at Orchestrator.OrchestratorTests.lambda$runOrchestratorInThread$0(OrchestratorTests.java:71)
	at java.base/java.lang.Thread.run(Thread.java:1583)
10:54:20.789 [Thread-1] ERROR Orchestrator.Orchestrator -- Event queue was interrupted
java.lang.InterruptedException: null
	at EventBus.EventQueue.take(EventQueue.java:58)
	at Orchestrator.Orchestrator.start(Orchestrator.java:78)
	at Orchestrator.OrchestratorTests.lambda$runOrchestratorInThread$0(OrchestratorTests.java:71)
	at java.base/java.lang.Thread.run(Thread.java:1583)
10:54:20.789 [Thread-1] ERROR Orchestrator.Orchestrator -- Event queue was interrupted
java.lang.InterruptedException: null
	at EventBus.EventQueue.take(EventQueue.java:58)
	at Orchestrator.Orchestrator.start(Orchestrator.java:78)
	at Orchestrator.OrchestratorTests.lambda$runOrchestratorInThread$0(OrchestratorTests.java:71)
	at java.base/java.lang.Thread.run(Thread.java:1583)
10:54:20.789 [Thread-1] ERROR Orchestrator.Orchestrator -- Event queue was interrupted
java.lang.InterruptedException: null
	at EventBus.EventQueue.take(EventQueue.java:58)
	at Orchestrator.Orchestrator.start(Orchestrator.java:78)
	at Orchestrator.OrchestratorTests.lambda$runOrchestratorInThread$0(OrchestratorTests.java:71)
	at java.base/java.lang.Thread.run(Thread.java:1583)
10:54:20.789 [Thread-1] ERROR Orchestrator.Orchestrator -- Event queue was interrupted
java.lang.InterruptedException: null
	at EventBus.EventQueue.take(EventQueue.java:58)
	at Orchestrator.Orchestrator.start(Orchestrator.java:78)
	at Orchestrator.OrchestratorTests.lambda$runOrchestratorInThread$0(OrchestratorTests.java:71)
	at java.base/java.lang.Thread.run(Thread.java:1583)
10:54:20.789 [Thread-1] ERROR Orchestrator.Orchestrator -- Event queue was interrupted
java.lang.InterruptedException: null
	at EventBus.EventQueue.take(EventQueue.java:58)
	at Orchestrator.Orchestrator.start(Orchestrator.java:78)
	at Orchestrator.OrchestratorTests.lambda$runOrchestratorInThread$0(OrchestratorTests.java:71)
	at java.base/java.lang.Thread.run(Thread.java:1583)
10:54:20.790 [Thread-1] ERROR Orchestrator.Orchestrator -- Event queue was interrupted
java.lang.InterruptedException: null
	at EventBus.EventQueue.take(EventQueue.java:58)
	at Orchestrator.Orchestrator.start(Orchestrator.java:78)
	at Orchestrator.OrchestratorTests.lambda$runOrchestratorInThread$0(OrchestratorTests.java:71)
	at java.base/java.lang.Thread.run(Thread.java:1583)
10:54:20.790 [Thread-1] ERROR Orchestrator.Orchestrator -- Event queue was interrupted
java.lang.InterruptedException: null
	at EventBus.EventQueue.take(EventQueue.java:58)
	at Orchestrator.Orchestrator.start(Orchestrator.java:78)
	at Orchestrator.OrchestratorTests.lambda$runOrchestratorInThread$0(OrchestratorTests.java:71)
	at java.base/java.lang.Thread.run(Thread.java:1583)
10:54:20.790 [Thread-1] ERROR Orchestrator.Orchestrator -- Event queue was interrupted
java.lang.InterruptedException: null
	at EventBus.EventQueue.take(EventQueue.java:58)
	at Orchestrator.Orchestrator.start(Orchestrator.java:78)
	at Orchestrator.OrchestratorTests.lambda$runOrchestratorInThread$0(OrchestratorTests.java:71)
	at java.base/java.lang.Thread.run(Thread.java:1583)
10:54:20.790 [Thread-1] ERROR Orchestrator.Orchestrator -- Event queue was interrupted
java.lang.InterruptedException: null
	at EventBus.EventQueue.take(EventQueue.java:58)
	at Orchestrator.Orchestrator.start(Orchestrator.java:78)
	at Orchestrator.OrchestratorTests.lambda$runOrchestratorInThread$0(OrchestratorTests.java:71)
	at java.base/java.lang.Thread.run(Thread.java:1583)
10:54:20.790 [Thread-1] ERROR Orchestrator.Orchestrator -- Event queue was interrupted
java.lang.InterruptedException: null
	at EventBus.EventQueue.take(EventQueue.java:58)
	at Orchestrator.Orchestrator.start(Orchestrator.java:78)
	at Orchestrator.OrchestratorTests.lambda$runOrchestratorInThread$0(OrchestratorTests.java:71)
	at java.base/java.lang.Thread.run(Thread.java:1583)
10:54:20.790 [Thread-1] ERROR Orchestrator.Orchestrator -- Event queue was interrupted
java.lang.InterruptedException: null
	at EventBus.EventQueue.take(EventQueue.java:58)
	at Orchestrator.Orchestrator.start(Orchestrator.java:78)
	at Orchestrator.OrchestratorTests.lambda$runOrchestratorInThread$0(OrchestratorTests.java:71)
	at java.base/java.lang.Thread.run(Thread.java:1583)
10:54:20.790 [Thread-1] ERROR Orchestrator.Orchestrator -- Event queue was interrupted
java.lang.InterruptedException: null
	at EventBus.EventQueue.take(EventQueue.java:58)
	at Orchestrator.Orchestrator.start(Orchestrator.java:78)
	at Orchestrator.OrchestratorTests.lambda$runOrchestratorInThread$0(OrchestratorTests.java:71)
	at java.base/java.lang.Thread.run(Thread.java:1583)
10:54:20.790 [Thread-1] ERROR Orchestrator.Orchestrator -- Event queue was interrupted
java.lang.InterruptedException: null
	at EventBus.EventQueue.take(EventQueue.java:58)
	at Orchestrator.Orchestrator.start(Orchestrator.java:78)
	at Orchestrator.OrchestratorTests.lambda$runOrchestratorInThread$0(OrchestratorTests.java:71)
	at java.base/java.lang.Thread.run(Thread.java:1583)
10:54:20.790 [Thread-1] ERROR Orchestrator.Orchestrator -- Event queue was interrupted
java.lang.InterruptedException: null
	at EventBus.EventQueue.take(EventQueue.java:58)
	at Orchestrator.Orchestrator.start(Orchestrator.java:78)
	at Orchestrator.OrchestratorTests.lambda$runOrchestratorInThread$0(OrchestratorTests.java:71)
	at java.base/java.lang.Thread.run(Thread.java:1583)
10:54:20.791 [Thread-1] ERROR Orchestrator.Orchestrator -- Event queue was interrupted
java.lang.InterruptedException: null
	at EventBus.EventQueue.take(EventQueue.java:58)
	at Orchestrator.Orchestrator.start(Orchestrator.java:78)
	at Orchestrator.OrchestratorTests.lambda$runOrchestratorInThread$0(OrchestratorTests.java:71)
	at java.base/java.lang.Thread.run(Thread.java:1583)
10:54:20.791 [Thread-1] ERROR Orchestrator.Orchestrator -- Event queue was interrupted
java.lang.InterruptedException: null
	at EventBus.EventQueue.take(EventQueue.java:58)
	at Orchestrator.Orchestrator.start(Orchestrator.java:78)
	at Orchestrator.OrchestratorTests.lambda$runOrchestratorInThread$0(OrchestratorTests.java:71)
	at java.base/java.lang.Thread.run(Thread.java:1583)
10:54:20.791 [Thread-1] ERROR Orchestrator.Orchestrator -- Event queue was interrupted
java.lang.InterruptedException: null
	at EventBus.EventQueue.take(EventQueue.java:58)
	at Orchestrator.Orchestrator.start(Orchestrator.java:78)
	at Orchestrator.OrchestratorTests.lambda$runOrchestratorInThread$0(OrchestratorTests.java:71)
	at java.base/java.lang.Thread.run(Thread.java:1583)
10:54:20.791 [Thread-1] ERROR Orchestrator.Orchestrator -- Event queue was interrupted
java.lang.InterruptedException: null
	at EventBus.EventQueue.take(EventQueue.java:58)
	at Orchestrator.Orchestrator.start(Orchestrator.java:78)
	at Orchestrator.OrchestratorTests.lambda$runOrchestratorInThread$0(OrchestratorTests.java:71)
	at java.base/java.lang.Thread.run(Thread.java:1583)
10:54:20.791 [Thread-1] ERROR Orchestrator.Orchestrator -- Event queue was interrupted
java.lang.InterruptedException: null
	at EventBus.EventQueue.take(EventQueue.java:58)
	at Orchestrator.Orchestrator.start(Orchestrator.java:78)
	at Orchestrator.OrchestratorTests.lambda$runOrchestratorInThread$0(OrchestratorTests.java:71)
	at java.base/java.lang.Thread.run(Thread.java:1583)
10:54:20.791 [Thread-1] ERROR Orchestrator.Orchestrator -- Event queue was interrupted
java.lang.InterruptedException: null
	at EventBus.EventQueue.take(EventQueue.java:58)
	at Orchestrator.Orchestrator.start(Orchestrator.java:78)
	at Orchestrator.OrchestratorTests.lambda$runOrchestratorInThread$0(OrchestratorTests.java:71)
	at java.base/java.lang.Thread.run(Thread.java:1583)
10:54:20.791 [Thread-1] ERROR Orchestrator.Orchestrator -- Event queue was interrupted
java.lang.InterruptedException: null
	at EventBus.EventQueue.take(EventQueue.java:58)
	at Orchestrator.Orchestrator.start(Orchestrator.java:78)
	at Orchestrator.OrchestratorTests.lambda$runOrchestratorInThread$0(OrchestratorTests.java:71)
	at java.base/java.lang.Thread.run(Thread.java:1583)
10:54:20.791 [Thread-1] ERROR Orchestrator.Orchestrator -- Event queue was interrupted
java.lang.InterruptedException: null
	at EventBus.EventQueue.take(EventQueue.java:58)
	at Orchestrator.Orchestrator.start(Orchestrator.java:78)
	at Orchestrator.OrchestratorTests.lambda$runOrchestratorInThread$0(OrchestratorTests.java:71)
	at java.base/java.lang.Thread.run(Thread.java:1583)
10:54:20.792 [Thread-1] ERROR Orchestrator.Orchestrator -- Event queue was interrupted
java.lang.InterruptedException: null
	at EventBus.EventQueue.take(EventQueue.java:58)
	at Orchestrator.Orchestrator.start(Orchestrator.java:78)
	at Orchestrator.OrchestratorTests.lambda$runOrchestratorInThread$0(OrchestratorTests.java:71)
	at java.base/java.lang.Thread.run(Thread.java:1583)
10:54:20.792 [Thread-1] ERROR Orchestrator.Orchestrator -- Event queue was interrupted
java.lang.InterruptedException: null
	at EventBus.EventQueue.take(EventQueue.java:58)
	at Orchestrator.Orchestrator.start(Orchestrator.java:78)
	at Orchestrator.OrchestratorTests.lambda$runOrchestratorInThread$0(OrchestratorTests.java:71)
	at java.base/java.lang.Thread.run(Thread.java:1583)
10:54:20.792 [Thread-1] ERROR Orchestrator.Orchestrator -- Event queue was interrupted
java.lang.InterruptedException: null
	at EventBus.EventQueue.take(EventQueue.java:58)
	at Orchestrator.Orchestrator.start(Orchestrator.java:78)
	at Orchestrator.OrchestratorTests.lambda$runOrchestratorInThread$0(OrchestratorTests.java:71)
	at java.base/java.lang.Thread.run(Thread.java:1583)
10:54:20.792 [Thread-1] ERROR Orchestrator.Orchestrator -- Event queue was interrupted
java.lang.InterruptedException: null
	at EventBus.EventQueue.take(EventQueue.java:58)
	at Orchestrator.Orchestrator.start(Orchestrator.java:78)
	at Orchestrator.OrchestratorTests.lambda$runOrchestratorInThread$0(OrchestratorTests.java:71)
	at java.base/java.lang.Thread.run(Thread.java:1583)
10:54:20.792 [Thread-1] ERROR Orchestrator.Orchestrator -- Event queue was interrupted
java.lang.InterruptedException: null
	at EventBus.EventQueue.take(EventQueue.java:58)
	at Orchestrator.Orchestrator.start(Orchestrator.java:78)
	at Orchestrator.OrchestratorTests.lambda$runOrchestratorInThread$0(OrchestratorTests.java:71)
	at java.base/java.lang.Thread.run(Thread.java:1583)
10:54:20.793 [Thread-1] ERROR Orchestrator.Orchestrator -- Event queue was interrupted
java.lang.InterruptedException: null
	at EventBus.EventQueue.take(EventQueue.java:58)
	at Orchestrator.Orchestrator.start(Orchestrator.java:78)
	at Orchestrator.OrchestratorTests.lambda$runOrchestratorInThread$0(OrchestratorTests.java:71)
	at java.base/java.lang.Thread.run(Thread.java:1583)
10:54:20.795 [Thread-1] ERROR Orchestrator.Orchestrator -- Event queue was interrupted
java.lang.InterruptedException: null
	at EventBus.EventQueue.take(EventQueue.java:58)
	at Orchestrator.Orchestrator.start(Orchestrator.java:78)
	at Orchestrator.OrchestratorTests.lambda$runOrchestratorInThread$0(OrchestratorTests.java:71)
	at java.base/java.lang.Thread.run(Thread.java:1583)
10:54:20.795 [Thread-1] ERROR Orchestrator.Orchestrator -- Event queue was interrupted
java.lang.InterruptedException: null
	at EventBus.EventQueue.take(EventQueue.java:58)
	at Orchestrator.Orchestrator.start(Orchestrator.java:78)
	at Orchestrator.OrchestratorTests.lambda$runOrchestratorInThread$0(OrchestratorTests.java:71)
	at java.base/java.lang.Thread.run(Thread.java:1583)
10:54:20.795 [Thread-1] ERROR Orchestrator.Orchestrator -- Event queue was interrupted
java.lang.InterruptedException: null
	at EventBus.EventQueue.take(EventQueue.java:58)
	at Orchestrator.Orchestrator.start(Orchestrator.java:78)
	at Orchestrator.OrchestratorTests.lambda$runOrchestratorInThread$0(OrchestratorTests.java:71)
	at java.base/java.lang.Thread.run(Thread.java:1583)
10:54:20.795 [Thread-1] ERROR Orchestrator.Orchestrator -- Event queue was interrupted
java.lang.InterruptedException: null
	at EventBus.EventQueue.take(EventQueue.java:58)
	at Orchestrator.Orchestrator.start(Orchestrator.java:78)
	at Orchestrator.OrchestratorTests.lambda$runOrchestratorInThread$0(OrchestratorTests.java:71)
	at java.base/java.lang.Thread.run(Thread.java:1583)
10:54:20.795 [Thread-1] ERROR Orchestrator.Orchestrator -- Event queue was interrupted
java.lang.InterruptedException: null
	at EventBus.EventQueue.take(EventQueue.java:58)
	at Orchestrator.Orchestrator.start(Orchestrator.java:78)
	at Orchestrator.OrchestratorTests.lambda$runOrchestratorInThread$0(OrchestratorTests.java:71)
	at java.base/java.lang.Thread.run(Thread.java:1583)
10:54:20.795 [Thread-1] ERROR Orchestrator.Orchestrator -- Event queue was interrupted
java.lang.InterruptedException: null
	at EventBus.EventQueue.take(EventQueue.java:58)
	at Orchestrator.Orchestrator.start(Orchestrator.java:78)
	at Orchestrator.OrchestratorTests.lambda$runOrchestratorInThread$0(OrchestratorTests.java:71)
	at java.base/java.lang.Thread.run(Thread.java:1583)
10:54:20.796 [Thread-1] ERROR Orchestrator.Orchestrator -- Event queue was interrupted
java.lang.InterruptedException: null
	at EventBus.EventQueue.take(EventQueue.java:58)
	at Orchestrator.Orchestrator.start(Orchestrator.java:78)
	at Orchestrator.OrchestratorTests.lambda$runOrchestratorInThread$0(OrchestratorTests.java:71)
	at java.base/java.lang.Thread.run(Thread.java:1583)
10:54:20.796 [Thread-1] ERROR Orchestrator.Orchestrator -- Event queue was interrupted
java.lang.InterruptedException: null
	at EventBus.EventQueue.take(EventQueue.java:58)
	at Orchestrator.Orchestrator.start(Orchestrator.java:78)
	at Orchestrator.OrchestratorTests.lambda$runOrchestratorInThread$0(OrchestratorTests.java:71)
	at java.base/java.lang.Thread.run(Thread.java:1583)
10:54:20.796 [Thread-1] ERROR Orchestrator.Orchestrator -- Event queue was interrupted
java.lang.InterruptedException: null
	at EventBus.EventQueue.take(EventQueue.java:58)
	at Orchestrator.Orchestrator.start(Orchestrator.java:78)
	at Orchestrator.OrchestratorTests.lambda$runOrchestratorInThread$0(OrchestratorTests.java:71)
	at java.base/java.lang.Thread.run(Thread.java:1583)
10:54:20.796 [Thread-1] ERROR Orchestrator.Orchestrator -- Event queue was interrupted
java.lang.InterruptedException: null
	at EventBus.EventQueue.take(EventQueue.java:58)
	at Orchestrator.Orchestrator.start(Orchestrator.java:78)
	at Orchestrator.OrchestratorTests.lambda$runOrchestratorInThread$0(OrchestratorTests.java:71)
	at java.base/java.lang.Thread.run(Thread.java:1583)
10:54:20.796 [Thread-1] ERROR Orchestrator.Orchestrator -- Event queue was interrupted
java.lang.InterruptedException: null
	at EventBus.EventQueue.take(EventQueue.java:58)
	at Orchestrator.Orchestrator.start(Orchestrator.java:78)
	at Orchestrator.OrchestratorTests.lambda$runOrchestratorInThread$0(OrchestratorTests.java:71)
	at java.base/java.lang.Thread.run(Thread.java:1583)
10:54:20.796 [Thread-1] ERROR Orchestrator.Orchestrator -- Event queue was interrupted
java.lang.InterruptedException: null
	at EventBus.EventQueue.take(EventQueue.java:58)
	at Orchestrator.Orchestrator.start(Orchestrator.java:78)
	at Orchestrator.OrchestratorTests.lambda$runOrchestratorInThread$0(OrchestratorTests.java:71)
	at java.base/java.lang.Thread.run(Thread.java:1583)
10:54:20.796 [Thread-1] ERROR Orchestrator.Orchestrator -- Event queue was interrupted
java.lang.InterruptedException: null
	at EventBus.EventQueue.take(EventQueue.java:58)
	at Orchestrator.Orchestrator.start(Orchestrator.java:78)
	at Orchestrator.OrchestratorTests.lambda$runOrchestratorInThread$0(OrchestratorTests.java:71)
	at java.base/java.lang.Thread.run(Thread.java:1583)
10:54:20.796 [Thread-1] ERROR Orchestrator.Orchestrator -- Event queue was interrupted
java.lang.InterruptedException: null
	at EventBus.EventQueue.take(EventQueue.java:58)
	at Orchestrator.Orchestrator.start(Orchestrator.java:78)
	at Orchestrator.OrchestratorTests.lambda$runOrchestratorInThread$0(OrchestratorTests.java:71)
	at java.base/java.lang.Thread.run(Thread.java:1583)
10:54:20.796 [Thread-1] ERROR Orchestrator.Orchestrator -- Event queue was interrupted
java.lang.InterruptedException: null
	at EventBus.EventQueue.take(EventQueue.java:58)
	at Orchestrator.Orchestrator.start(Orchestrator.java:78)
	at Orchestrator.OrchestratorTests.lambda$runOrchestratorInThread$0(OrchestratorTests.java:71)
	at java.base/java.lang.Thread.run(Thread.java:1583)
10:54:20.796 [Thread-1] ERROR Orchestrator.Orchestrator -- Event queue was interrupted
java.lang.InterruptedException: null
	at EventBus.EventQueue.take(EventQueue.java:58)
	at Orchestrator.Orchestrator.start(Orchestrator.java:78)
	at Orchestrator.OrchestratorTests.lambda$runOrchestratorInThread$0(OrchestratorTests.java:71)
	at java.base/java.lang.Thread.run(Thread.java:1583)
10:54:20.797 [Thread-1] ERROR Orchestrator.Orchestrator -- Event queue was interrupted
java.lang.InterruptedException: null
	at EventBus.EventQueue.take(EventQueue.java:58)
	at Orchestrator.Orchestrator.start(Orchestrator.java:78)
	at Orchestrator.OrchestratorTests.lambda$runOrchestratorInThread$0(OrchestratorTests.java:71)
	at java.base/java.lang.Thread.run(Thread.java:1583)
10:54:20.797 [Thread-1] ERROR Orchestrator.Orchestrator -- Event queue was interrupted
java.lang.InterruptedException: null
	at EventBus.EventQueue.take(EventQueue.java:58)
	at Orchestrator.Orchestrator.start(Orchestrator.java:78)
	at Orchestrator.OrchestratorTests.lambda$runOrchestratorInThread$0(OrchestratorTests.java:71)
	at java.base/java.lang.Thread.run(Thread.java:1583)
10:54:20.797 [Thread-1] ERROR Orchestrator.Orchestrator -- Event queue was interrupted
java.lang.InterruptedException: null
	at EventBus.EventQueue.take(EventQueue.java:58)
	at Orchestrator.Orchestrator.start(Orchestrator.java:78)
	at Orchestrator.OrchestratorTests.lambda$runOrchestratorInThread$0(OrchestratorTests.java:71)
	at java.base/java.lang.Thread.run(Thread.java:1583)
10:54:20.797 [Thread-1] ERROR Orchestrator.Orchestrator -- Event queue was interrupted
java.lang.InterruptedException: null
	at EventBus.EventQueue.take(EventQueue.java:58)
	at Orchestrator.Orchestrator.start(Orchestrator.java:78)
	at Orchestrator.OrchestratorTests.lambda$runOrchestratorInThread$0(OrchestratorTests.java:71)
	at java.base/java.lang.Thread.run(Thread.java:1583)
10:54:20.797 [Thread-1] ERROR Orchestrator.Orchestrator -- Event queue was interrupted
java.lang.InterruptedException: null
	at EventBus.EventQueue.take(EventQueue.java:58)
	at Orchestrator.Orchestrator.start(Orchestrator.java:78)
	at Orchestrator.OrchestratorTests.lambda$runOrchestratorInThread$0(OrchestratorTests.java:71)
	at java.base/java.lang.Thread.run(Thread.java:1583)
10:54:20.797 [Thread-1] ERROR Orchestrator.Orchestrator -- Event queue was interrupted
java.lang.InterruptedException: null
	at EventBus.EventQueue.take(EventQueue.java:58)
	at Orchestrator.Orchestrator.start(Orchestrator.java:78)
	at Orchestrator.OrchestratorTests.lambda$runOrchestratorInThread$0(OrchestratorTests.java:71)
	at java.base/java.lang.Thread.run(Thread.java:1583)
10:54:20.797 [Thread-1] ERROR Orchestrator.Orchestrator -- Event queue was interrupted
java.lang.InterruptedException: null
	at EventBus.EventQueue.take(EventQueue.java:58)
	at Orchestrator.Orchestrator.start(Orchestrator.java:78)
	at Orchestrator.OrchestratorTests.lambda$runOrchestratorInThread$0(OrchestratorTests.java:71)
	at java.base/java.lang.Thread.run(Thread.java:1583)
10:54:20.797 [Thread-1] ERROR Orchestrator.Orchestrator -- Event queue was interrupted
java.lang.InterruptedException: null
	at EventBus.EventQueue.take(EventQueue.java:58)
	at Orchestrator.Orchestrator.start(Orchestrator.java:78)
	at Orchestrator.OrchestratorTests.lambda$runOrchestratorInThread$0(OrchestratorTests.java:71)
	at java.base/java.lang.Thread.run(Thread.java:1583)
10:54:20.797 [Thread-1] ERROR Orchestrator.Orchestrator -- Event queue was interrupted
java.lang.InterruptedException: null
	at EventBus.EventQueue.take(EventQueue.java:58)
	at Orchestrator.Orchestrator.start(Orchestrator.java:78)
	at Orchestrator.OrchestratorTests.lambda$runOrchestratorInThread$0(OrchestratorTests.java:71)
	at java.base/java.lang.Thread.run(Thread.java:1583)
10:54:20.797 [Thread-1] ERROR Orchestrator.Orchestrator -- Event queue was interrupted
java.lang.InterruptedException: null
	at EventBus.EventQueue.take(EventQueue.java:58)
	at Orchestrator.Orchestrator.start(Orchestrator.java:78)
	at Orchestrator.OrchestratorTests.lambda$runOrchestratorInThread$0(OrchestratorTests.java:71)
	at java.base/java.lang.Thread.run(Thread.java:1583)
10:54:20.798 [Thread-1] ERROR Orchestrator.Orchestrator -- Event queue was interrupted
java.lang.InterruptedException: null
	at EventBus.EventQueue.take(EventQueue.java:58)
	at Orchestrator.Orchestrator.start(Orchestrator.java:78)
	at Orchestrator.OrchestratorTests.lambda$runOrchestratorInThread$0(OrchestratorTests.java:71)
	at java.base/java.lang.Thread.run(Thread.java:1583)
10:54:20.798 [Thread-1] ERROR Orchestrator.Orchestrator -- Event queue was interrupted
java.lang.InterruptedException: null
	at EventBus.EventQueue.take(EventQueue.java:58)
	at Orchestrator.Orchestrator.start(Orchestrator.java:78)
	at Orchestrator.OrchestratorTests.lambda$runOrchestratorInThread$0(OrchestratorTests.java:71)
	at java.base/java.lang.Thread.run(Thread.java:1583)
10:54:20.798 [Thread-1] ERROR Orchestrator.Orchestrator -- Event queue was interrupted
java.lang.InterruptedException: null
	at EventBus.EventQueue.take(EventQueue.java:58)
	at Orchestrator.Orchestrator.start(Orchestrator.java:78)
	at Orchestrator.OrchestratorTests.lambda$runOrchestratorInThread$0(OrchestratorTests.java:71)
	at java.base/java.lang.Thread.run(Thread.java:1583)
10:54:20.798 [Thread-1] ERROR Orchestrator.Orchestrator -- Event queue was interrupted
java.lang.InterruptedException: null
	at EventBus.EventQueue.take(EventQueue.java:58)
	at Orchestrator.Orchestrator.start(Orchestrator.java:78)
	at Orchestrator.OrchestratorTests.lambda$runOrchestratorInThread$0(OrchestratorTests.java:71)
	at java.base/java.lang.Thread.run(Thread.java:1583)
10:54:20.798 [Thread-1] ERROR Orchestrator.Orchestrator -- Event queue was interrupted
java.lang.InterruptedException: null
	at EventBus.EventQueue.take(EventQueue.java:58)
	at Orchestrator.Orchestrator.start(Orchestrator.java:78)
	at Orchestrator.OrchestratorTests.lambda$runOrchestratorInThread$0(OrchestratorTests.java:71)
	at java.base/java.lang.Thread.run(Thread.java:1583)
10:54:20.798 [Thread-1] ERROR Orchestrator.Orchestrator -- Event queue was interrupted
java.lang.InterruptedException: null
	at EventBus.EventQueue.take(EventQueue.java:58)
	at Orchestrator.Orchestrator.start(Orchestrator.java:78)
	at Orchestrator.OrchestratorTests.lambda$runOrchestratorInThread$0(OrchestratorTests.java:71)
	at java.base/java.lang.Thread.run(Thread.java:1583)
10:54:20.799 [Thread-1] ERROR Orchestrator.Orchestrator -- Event queue was interrupted
java.lang.InterruptedException: null
	at EventBus.EventQueue.take(EventQueue.java:58)
	at Orchestrator.Orchestrator.start(Orchestrator.java:78)
	at Orchestrator.OrchestratorTests.lambda$runOrchestratorInThread$0(OrchestratorTests.java:71)
	at java.base/java.lang.Thread.run(Thread.java:1583)
10:54:20.799 [Thread-1] ERROR Orchestrator.Orchestrator -- Event queue was interrupted
java.lang.InterruptedException: null
	at EventBus.EventQueue.take(EventQueue.java:58)
	at Orchestrator.Orchestrator.start(Orchestrator.java:78)
	at Orchestrator.OrchestratorTests.lambda$runOrchestratorInThread$0(OrchestratorTests.java:71)
	at java.base/java.lang.Thread.run(Thread.java:1583)
10:54:20.799 [Thread-1] ERROR Orchestrator.Orchestrator -- Event queue was interrupted
java.lang.InterruptedException: null
	at EventBus.EventQueue.take(EventQueue.java:58)
	at Orchestrator.Orchestrator.start(Orchestrator.java:78)
	at Orchestrator.OrchestratorTests.lambda$runOrchestratorInThread$0(OrchestratorTests.java:71)
	at java.base/java.lang.Thread.run(Thread.java:1583)
10:54:20.800 [Thread-1] ERROR Orchestrator.Orchestrator -- Event queue was interrupted
java.lang.InterruptedException: null
	at EventBus.EventQueue.take(EventQueue.java:58)
	at Orchestrator.Orchestrator.start(Orchestrator.java:78)
	at Orchestrator.OrchestratorTests.lambda$runOrchestratorInThread$0(OrchestratorTests.java:71)
	at java.base/java.lang.Thread.run(Thread.java:1583)
10:54:20.800 [Thread-1] ERROR Orchestrator.Orchestrator -- Event queue was interrupted
java.lang.InterruptedException: null
	at EventBus.EventQueue.take(EventQueue.java:58)
	at Orchestrator.Orchestrator.start(Orchestrator.java:78)
	at Orchestrator.OrchestratorTests.lambda$runOrchestratorInThread$0(OrchestratorTests.java:71)
	at java.base/java.lang.Thread.run(Thread.java:1583)
10:54:20.800 [Thread-1] ERROR Orchestrator.Orchestrator -- Event queue was interrupted
java.lang.InterruptedException: null
	at EventBus.EventQueue.take(EventQueue.java:58)
	at Orchestrator.Orchestrator.start(Orchestrator.java:78)
	at Orchestrator.OrchestratorTests.lambda$runOrchestratorInThread$0(OrchestratorTests.java:71)
	at java.base/java.lang.Thread.run(Thread.java:1583)
10:54:20.800 [Thread-1] ERROR Orchestrator.Orchestrator -- Event queue was interrupted
java.lang.InterruptedException: null
	at EventBus.EventQueue.take(EventQueue.java:58)
	at Orchestrator.Orchestrator.start(Orchestrator.java:78)
	at Orchestrator.OrchestratorTests.lambda$runOrchestratorInThread$0(OrchestratorTests.java:71)
	at java.base/java.lang.Thread.run(Thread.java:1583)
10:54:20.801 [Thread-1] ERROR Orchestrator.Orchestrator -- Event queue was interrupted
java.lang.InterruptedException: null
	at EventBus.EventQueue.take(EventQueue.java:58)
	at Orchestrator.Orchestrator.start(Orchestrator.java:78)
	at Orchestrator.OrchestratorTests.lambda$runOrchestratorInThread$0(OrchestratorTests.java:71)
	at java.base/java.lang.Thread.run(Thread.java:1583)
10:54:20.801 [Thread-1] ERROR Orchestrator.Orchestrator -- Event queue was interrupted
java.lang.InterruptedException: null
	at EventBus.EventQueue.take(EventQueue.java:58)
	at Orchestrator.Orchestrator.start(Orchestrator.java:78)
	at Orchestrator.OrchestratorTests.lambda$runOrchestratorInThread$0(OrchestratorTests.java:71)
	at java.base/java.lang.Thread.run(Thread.java:1583)
10:54:20.801 [Thread-1] ERROR Orchestrator.Orchestrator -- Event queue was interrupted
java.lang.InterruptedException: null
	at EventBus.EventQueue.take(EventQueue.java:58)
	at Orchestrator.Orchestrator.start(Orchestrator.java:78)
	at Orchestrator.OrchestratorTests.lambda$runOrchestratorInThread$0(OrchestratorTests.java:71)
	at java.base/java.lang.Thread.run(Thread.java:1583)
10:54:20.801 [Thread-1] ERROR Orchestrator.Orchestrator -- Event queue was interrupted
java.lang.InterruptedException: null
	at EventBus.EventQueue.take(EventQueue.java:58)
	at Orchestrator.Orchestrator.start(Orchestrator.java:78)
	at Orchestrator.OrchestratorTests.lambda$runOrchestratorInThread$0(OrchestratorTests.java:71)
	at java.base/java.lang.Thread.run(Thread.java:1583)
10:54:20.801 [Thread-1] ERROR Orchestrator.Orchestrator -- Event queue was interrupted
java.lang.InterruptedException: null
	at EventBus.EventQueue.take(EventQueue.java:58)
	at Orchestrator.Orchestrator.start(Orchestrator.java:78)
	at Orchestrator.OrchestratorTests.lambda$runOrchestratorInThread$0(OrchestratorTests.java:71)
	at java.base/java.lang.Thread.run(Thread.java:1583)
10:54:20.801 [Thread-1] ERROR Orchestrator.Orchestrator -- Event queue was interrupted
java.lang.InterruptedException: null
	at EventBus.EventQueue.take(EventQueue.java:58)
	at Orchestrator.Orchestrator.start(Orchestrator.java:78)
	at Orchestrator.OrchestratorTests.lambda$runOrchestratorInThread$0(OrchestratorTests.java:71)
	at java.base/java.lang.Thread.run(Thread.java:1583)
10:54:20.801 [Thread-1] ERROR Orchestrator.Orchestrator -- Event queue was interrupted
java.lang.InterruptedException: null
	at EventBus.EventQueue.take(EventQueue.java:58)
	at Orchestrator.Orchestrator.start(Orchestrator.java:78)
	at Orchestrator.OrchestratorTests.lambda$runOrchestratorInThread$0(OrchestratorTests.java:71)
	at java.base/java.lang.Thread.run(Thread.java:1583)
10:54:20.802 [Thread-1] ERROR Orchestrator.Orchestrator -- Event queue was interrupted
java.lang.InterruptedException: null
	at EventBus.EventQueue.take(EventQueue.java:58)
	at Orchestrator.Orchestrator.start(Orchestrator.java:78)
	at Orchestrator.OrchestratorTests.lambda$runOrchestratorInThread$0(OrchestratorTests.java:71)
	at java.base/java.lang.Thread.run(Thread.java:1583)
10:54:20.802 [Thread-1] ERROR Orchestrator.Orchestrator -- Event queue was interrupted
java.lang.InterruptedException: null
	at EventBus.EventQueue.take(EventQueue.java:58)
	at Orchestrator.Orchestrator.start(Orchestrator.java:78)
	at Orchestrator.OrchestratorTests.lambda$runOrchestratorInThread$0(OrchestratorTests.java:71)
	at java.base/java.lang.Thread.run(Thread.java:1583)
10:54:20.802 [Thread-1] ERROR Orchestrator.Orchestrator -- Event queue was interrupted
java.lang.InterruptedException: null
	at EventBus.EventQueue.take(EventQueue.java:58)
	at Orchestrator.Orchestrator.start(Orchestrator.java:78)
	at Orchestrator.OrchestratorTests.lambda$runOrchestratorInThread$0(OrchestratorTests.java:71)
	at java.base/java.lang.Thread.run(Thread.java:1583)
10:54:20.802 [Thread-1] ERROR Orchestrator.Orchestrator -- Event queue was interrupted
java.lang.InterruptedException: null
	at EventBus.EventQueue.take(EventQueue.java:58)
	at Orchestrator.Orchestrator.start(Orchestrator.java:78)
	at Orchestrator.OrchestratorTests.lambda$runOrchestratorInThread$0(OrchestratorTests.java:71)
	at java.base/java.lang.Thread.run(Thread.java:1583)
10:54:20.802 [Thread-1] ERROR Orchestrator.Orchestrator -- Event queue was interrupted
java.lang.InterruptedException: null
	at EventBus.EventQueue.take(EventQueue.java:58)
	at Orchestrator.Orchestrator.start(Orchestrator.java:78)
	at Orchestrator.OrchestratorTests.lambda$runOrchestratorInThread$0(OrchestratorTests.java:71)
	at java.base/java.lang.Thread.run(Thread.java:1583)
10:54:20.802 [Thread-1] ERROR Orchestrator.Orchestrator -- Event queue was interrupted
java.lang.InterruptedException: null
	at EventBus.EventQueue.take(EventQueue.java:58)
	at Orchestrator.Orchestrator.start(Orchestrator.java:78)
	at Orchestrator.OrchestratorTests.lambda$runOrchestratorInThread$0(OrchestratorTests.java:71)
	at java.base/java.lang.Thread.run(Thread.java:1583)
10:54:20.802 [Thread-1] ERROR Orchestrator.Orchestrator -- Event queue was interrupted
java.lang.InterruptedException: null
	at EventBus.EventQueue.take(EventQueue.java:58)
	at Orchestrator.Orchestrator.start(Orchestrator.java:78)
	at Orchestrator.OrchestratorTests.lambda$runOrchestratorInThread$0(OrchestratorTests.java:71)
	at java.base/java.lang.Thread.run(Thread.java:1583)
10:54:20.802 [Thread-1] ERROR Orchestrator.Orchestrator -- Event queue was interrupted
java.lang.InterruptedException: null
	at EventBus.EventQueue.take(EventQueue.java:58)
	at Orchestrator.Orchestrator.start(Orchestrator.java:78)
	at Orchestrator.OrchestratorTests.lambda$runOrchestratorInThread$0(OrchestratorTests.java:71)
	at java.base/java.lang.Thread.run(Thread.java:1583)
10:54:20.803 [Thread-1] ERROR Orchestrator.Orchestrator -- Event queue was interrupted
java.lang.InterruptedException: null
	at EventBus.EventQueue.take(EventQueue.java:58)
	at Orchestrator.Orchestrator.start(Orchestrator.java:78)
	at Orchestrator.OrchestratorTests.lambda$runOrchestratorInThread$0(OrchestratorTests.java:71)
	at java.base/java.lang.Thread.run(Thread.java:1583)
10:54:20.803 [Thread-1] ERROR Orchestrator.Orchestrator -- Event queue was interrupted
java.lang.InterruptedException: null
	at EventBus.EventQueue.take(EventQueue.java:58)
	at Orchestrator.Orchestrator.start(Orchestrator.java:78)
	at Orchestrator.OrchestratorTests.lambda$runOrchestratorInThread$0(OrchestratorTests.java:71)
	at java.base/java.lang.Thread.run(Thread.java:1583)
10:54:20.803 [Thread-1] ERROR Orchestrator.Orchestrator -- Event queue was interrupted
java.lang.InterruptedException: null
	at EventBus.EventQueue.take(EventQueue.java:58)
	at Orchestrator.Orchestrator.start(Orchestrator.java:78)
	at Orchestrator.OrchestratorTests.lambda$runOrchestratorInThread$0(OrchestratorTests.java:71)
	at java.base/java.lang.Thread.run(Thread.java:1583)
10:54:20.803 [Thread-1] ERROR Orchestrator.Orchestrator -- Event queue was interrupted
java.lang.InterruptedException: null
	at EventBus.EventQueue.take(EventQueue.java:58)
	at Orchestrator.Orchestrator.start(Orchestrator.java:78)
	at Orchestrator.OrchestratorTests.lambda$runOrchestratorInThread$0(OrchestratorTests.java:71)
	at java.base/java.lang.Thread.run(Thread.java:1583)
10:54:20.803 [Thread-1] ERROR Orchestrator.Orchestrator -- Event queue was interrupted
java.lang.InterruptedException: null
	at EventBus.EventQueue.take(EventQueue.java:58)
	at Orchestrator.Orchestrator.start(Orchestrator.java:78)
	at Orchestrator.OrchestratorTests.lambda$runOrchestratorInThread$0(OrchestratorTests.java:71)
	at java.base/java.lang.Thread.run(Thread.java:1583)
10:54:20.803 [Thread-1] ERROR Orchestrator.Orchestrator -- Event queue was interrupted
java.lang.InterruptedException: null
	at EventBus.EventQueue.take(EventQueue.java:58)
	at Orchestrator.Orchestrator.start(Orchestrator.java:78)
	at Orchestrator.OrchestratorTests.lambda$runOrchestratorInThread$0(OrchestratorTests.java:71)
	at java.base/java.lang.Thread.run(Thread.java:1583)
10:54:20.803 [Thread-1] ERROR Orchestrator.Orchestrator -- Event queue was interrupted
java.lang.InterruptedException: null
	at EventBus.EventQueue.take(EventQueue.java:58)
	at Orchestrator.Orchestrator.start(Orchestrator.java:78)
	at Orchestrator.OrchestratorTests.lambda$runOrchestratorInThread$0(OrchestratorTests.java:71)
	at java.base/java.lang.Thread.run(Thread.java:1583)
10:54:20.803 [Thread-1] ERROR Orchestrator.Orchestrator -- Event queue was interrupted
java.lang.InterruptedException: null
	at EventBus.EventQueue.take(EventQueue.java:58)
	at Orchestrator.Orchestrator.start(Orchestrator.java:78)
	at Orchestrator.OrchestratorTests.lambda$runOrchestratorInThread$0(OrchestratorTests.java:71)
	at java.base/java.lang.Thread.run(Thread.java:1583)
10:54:20.804 [Thread-1] ERROR Orchestrator.Orchestrator -- Event queue was interrupted
java.lang.InterruptedException: null
	at EventBus.EventQueue.take(EventQueue.java:58)
	at Orchestrator.Orchestrator.start(Orchestrator.java:78)
	at Orchestrator.OrchestratorTests.lambda$runOrchestratorInThread$0(OrchestratorTests.java:71)
	at java.base/java.lang.Thread.run(Thread.java:1583)
10:54:20.804 [Thread-1] ERROR Orchestrator.Orchestrator -- Event queue was interrupted
java.lang.InterruptedException: null
	at EventBus.EventQueue.take(EventQueue.java:58)
	at Orchestrator.Orchestrator.start(Orchestrator.java:78)
	at Orchestrator.OrchestratorTests.lambda$runOrchestratorInThread$0(OrchestratorTests.java:71)
	at java.base/java.lang.Thread.run(Thread.java:1583)
10:54:20.804 [Thread-1] ERROR Orchestrator.Orchestrator -- Event queue was interrupted
java.lang.InterruptedException: null
	at EventBus.EventQueue.take(EventQueue.java:58)
	at Orchestrator.Orchestrator.start(Orchestrator.java:78)
	at Orchestrator.OrchestratorTests.lambda$runOrchestratorInThread$0(OrchestratorTests.java:71)
	at java.base/java.lang.Thread.run(Thread.java:1583)
10:54:20.804 [Thread-1] ERROR Orchestrator.Orchestrator -- Event queue was interrupted
java.lang.InterruptedException: null
	at EventBus.EventQueue.take(EventQueue.java:58)
	at Orchestrator.Orchestrator.start(Orchestrator.java:78)
	at Orchestrator.OrchestratorTests.lambda$runOrchestratorInThread$0(OrchestratorTests.java:71)
	at java.base/java.lang.Thread.run(Thread.java:1583)
10:54:20.804 [Thread-1] ERROR Orchestrator.Orchestrator -- Event queue was interrupted
java.lang.InterruptedException: null
	at EventBus.EventQueue.take(EventQueue.java:58)
	at Orchestrator.Orchestrator.start(Orchestrator.java:78)
	at Orchestrator.OrchestratorTests.lambda$runOrchestratorInThread$0(OrchestratorTests.java:71)
	at java.base/java.lang.Thread.run(Thread.java:1583)
10:54:20.804 [Thread-1] ERROR Orchestrator.Orchestrator -- Event queue was interrupted
java.lang.InterruptedException: null
	at EventBus.EventQueue.take(EventQueue.java:58)
	at Orchestrator.Orchestrator.start(Orchestrator.java:78)
	at Orchestrator.OrchestratorTests.lambda$runOrchestratorInThread$0(OrchestratorTests.java:71)
	at java.base/java.lang.Thread.run(Thread.java:1583)
10:54:20.804 [Thread-1] ERROR Orchestrator.Orchestrator -- Event queue was interrupted
java.lang.InterruptedException: null
	at EventBus.EventQueue.take(EventQueue.java:58)
	at Orchestrator.Orchestrator.start(Orchestrator.java:78)
	at Orchestrator.OrchestratorTests.lambda$runOrchestratorInThread$0(OrchestratorTests.java:71)
	at java.base/java.lang.Thread.run(Thread.java:1583)
10:54:20.804 [Thread-1] ERROR Orchestrator.Orchestrator -- Event queue was interrupted
java.lang.InterruptedException: null
	at EventBus.EventQueue.take(EventQueue.java:58)
	at Orchestrator.Orchestrator.start(Orchestrator.java:78)
	at Orchestrator.OrchestratorTests.lambda$runOrchestratorInThread$0(OrchestratorTests.java:71)
	at java.base/java.lang.Thread.run(Thread.java:1583)
10:54:20.804 [Thread-1] ERROR Orchestrator.Orchestrator -- Event queue was interrupted
java.lang.InterruptedException: null
	at EventBus.EventQueue.take(EventQueue.java:58)
	at Orchestrator.Orchestrator.start(Orchestrator.java:78)
	at Orchestrator.OrchestratorTests.lambda$runOrchestratorInThread$0(OrchestratorTests.java:71)
	at java.base/java.lang.Thread.run(Thread.java:1583)
10:54:20.804 [Thread-1] ERROR Orchestrator.Orchestrator -- Event queue was interrupted
java.lang.InterruptedException: null
	at EventBus.EventQueue.take(EventQueue.java:58)
	at Orchestrator.Orchestrator.start(Orchestrator.java:78)
	at Orchestrator.OrchestratorTests.lambda$runOrchestratorInThread$0(OrchestratorTests.java:71)
	at java.base/java.lang.Thread.run(Thread.java:1583)
10:54:20.805 [Thread-1] ERROR Orchestrator.Orchestrator -- Event queue was interrupted
java.lang.InterruptedException: null
	at EventBus.EventQueue.take(EventQueue.java:58)
	at Orchestrator.Orchestrator.start(Orchestrator.java:78)
	at Orchestrator.OrchestratorTests.lambda$runOrchestratorInThread$0(OrchestratorTests.java:71)
	at java.base/java.lang.Thread.run(Thread.java:1583)
10:54:20.805 [Thread-1] ERROR Orchestrator.Orchestrator -- Event queue was interrupted
java.lang.InterruptedException: null
	at EventBus.EventQueue.take(EventQueue.java:58)
	at Orchestrator.Orchestrator.start(Orchestrator.java:78)
	at Orchestrator.OrchestratorTests.lambda$runOrchestratorInThread$0(OrchestratorTests.java:71)
	at java.base/java.lang.Thread.run(Thread.java:1583)
10:54:20.805 [Thread-1] ERROR Orchestrator.Orchestrator -- Event queue was interrupted
java.lang.InterruptedException: null
	at EventBus.EventQueue.take(EventQueue.java:58)
	at Orchestrator.Orchestrator.start(Orchestrator.java:78)
	at Orchestrator.OrchestratorTests.lambda$runOrchestratorInThread$0(OrchestratorTests.java:71)
	at java.base/java.lang.Thread.run(Thread.java:1583)
10:54:20.805 [Thread-1] ERROR Orchestrator.Orchestrator -- Event queue was interrupted
java.lang.InterruptedException: null
	at EventBus.EventQueue.take(EventQueue.java:58)
	at Orchestrator.Orchestrator.start(Orchestrator.java:78)
	at Orchestrator.OrchestratorTests.lambda$runOrchestratorInThread$0(OrchestratorTests.java:71)
	at java.base/java.lang.Thread.run(Thread.java:1583)
10:54:20.805 [Thread-1] ERROR Orchestrator.Orchestrator -- Event queue was interrupted
java.lang.InterruptedException: null
	at EventBus.EventQueue.take(EventQueue.java:58)
	at Orchestrator.Orchestrator.start(Orchestrator.java:78)
	at Orchestrator.OrchestratorTests.lambda$runOrchestratorInThread$0(OrchestratorTests.java:71)
	at java.base/java.lang.Thread.run(Thread.java:1583)
10:54:20.805 [Thread-1] ERROR Orchestrator.Orchestrator -- Event queue was interrupted
java.lang.InterruptedException: null
	at EventBus.EventQueue.take(EventQueue.java:58)
	at Orchestrator.Orchestrator.start(Orchestrator.java:78)
	at Orchestrator.OrchestratorTests.lambda$runOrchestratorInThread$0(OrchestratorTests.java:71)
	at java.base/java.lang.Thread.run(Thread.java:1583)
10:54:20.805 [Thread-1] ERROR Orchestrator.Orchestrator -- Event queue was interrupted
java.lang.InterruptedException: null
	at EventBus.EventQueue.take(EventQueue.java:58)
	at Orchestrator.Orchestrator.start(Orchestrator.java:78)
	at Orchestrator.OrchestratorTests.lambda$runOrchestratorInThread$0(OrchestratorTests.java:71)
	at java.base/java.lang.Thread.run(Thread.java:1583)
10:54:20.805 [Thread-1] ERROR Orchestrator.Orchestrator -- Event queue was interrupted
java.lang.InterruptedException: null
	at EventBus.EventQueue.take(EventQueue.java:58)
	at Orchestrator.Orchestrator.start(Orchestrator.java:78)
	at Orchestrator.OrchestratorTests.lambda$runOrchestratorInThread$0(OrchestratorTests.java:71)
	at java.base/java.lang.Thread.run(Thread.java:1583)
10:54:20.806 [Thread-1] ERROR Orchestrator.Orchestrator -- Event queue was interrupted
java.lang.InterruptedException: null
	at EventBus.EventQueue.take(EventQueue.java:58)
	at Orchestrator.Orchestrator.start(Orchestrator.java:78)
	at Orchestrator.OrchestratorTests.lambda$runOrchestratorInThread$0(OrchestratorTests.java:71)
	at java.base/java.lang.Thread.run(Thread.java:1583)
10:54:20.806 [Thread-1] ERROR Orchestrator.Orchestrator -- Event queue was interrupted
java.lang.InterruptedException: null
	at EventBus.EventQueue.take(EventQueue.java:58)
	at Orchestrator.Orchestrator.start(Orchestrator.java:78)
	at Orchestrator.OrchestratorTests.lambda$runOrchestratorInThread$0(OrchestratorTests.java:71)
	at java.base/java.lang.Thread.run(Thread.java:1583)
10:54:20.806 [Thread-1] ERROR Orchestrator.Orchestrator -- Event queue was interrupted
java.lang.InterruptedException: null
	at EventBus.EventQueue.take(EventQueue.java:58)
	at Orchestrator.Orchestrator.start(Orchestrator.java:78)
	at Orchestrator.OrchestratorTests.lambda$runOrchestratorInThread$0(OrchestratorTests.java:71)
	at java.base/java.lang.Thread.run(Thread.java:1583)
10:54:20.806 [Thread-1] ERROR Orchestrator.Orchestrator -- Event queue was interrupted
java.lang.InterruptedException: null
	at EventBus.EventQueue.take(EventQueue.java:58)
	at Orchestrator.Orchestrator.start(Orchestrator.java:78)
	at Orchestrator.OrchestratorTests.lambda$runOrchestratorInThread$0(OrchestratorTests.java:71)
	at java.base/java.lang.Thread.run(Thread.java:1583)
10:54:20.806 [Thread-1] ERROR Orchestrator.Orchestrator -- Event queue was interrupted
java.lang.InterruptedException: null
	at EventBus.EventQueue.take(EventQueue.java:58)
	at Orchestrator.Orchestrator.start(Orchestrator.java:78)
	at Orchestrator.OrchestratorTests.lambda$runOrchestratorInThread$0(OrchestratorTests.java:71)
	at java.base/java.lang.Thread.run(Thread.java:1583)
10:54:20.806 [Thread-1] ERROR Orchestrator.Orchestrator -- Event queue was interrupted
java.lang.InterruptedException: null
	at EventBus.EventQueue.take(EventQueue.java:58)
	at Orchestrator.Orchestrator.start(Orchestrator.java:78)
	at Orchestrator.OrchestratorTests.lambda$runOrchestratorInThread$0(OrchestratorTests.java:71)
	at java.base/java.lang.Thread.run(Thread.java:1583)
10:54:20.806 [Thread-1] ERROR Orchestrator.Orchestrator -- Event queue was interrupted
java.lang.InterruptedException: null
	at EventBus.EventQueue.take(EventQueue.java:58)
	at Orchestrator.Orchestrator.start(Orchestrator.java:78)
	at Orchestrator.OrchestratorTests.lambda$runOrchestratorInThread$0(OrchestratorTests.java:71)
	at java.base/java.lang.Thread.run(Thread.java:1583)
10:54:20.807 [Thread-1] ERROR Orchestrator.Orchestrator -- Event queue was interrupted
java.lang.InterruptedException: null
	at EventBus.EventQueue.take(EventQueue.java:58)
	at Orchestrator.Orchestrator.start(Orchestrator.java:78)
	at Orchestrator.OrchestratorTests.lambda$runOrchestratorInThread$0(OrchestratorTests.java:71)
	at java.base/java.lang.Thread.run(Thread.java:1583)
10:54:20.807 [Thread-1] ERROR Orchestrator.Orchestrator -- Event queue was interrupted
java.lang.InterruptedException: null
	at EventBus.EventQueue.take(EventQueue.java:58)
	at Orchestrator.Orchestrator.start(Orchestrator.java:78)
	at Orchestrator.OrchestratorTests.lambda$runOrchestratorInThread$0(OrchestratorTests.java:71)
	at java.base/java.lang.Thread.run(Thread.java:1583)
10:54:20.807 [Thread-1] ERROR Orchestrator.Orchestrator -- Event queue was interrupted
java.lang.InterruptedException: null
	at EventBus.EventQueue.take(EventQueue.java:58)
	at Orchestrator.Orchestrator.start(Orchestrator.java:78)
	at Orchestrator.OrchestratorTests.lambda$runOrchestratorInThread$0(OrchestratorTests.java:71)
	at java.base/java.lang.Thread.run(Thread.java:1583)
10:54:20.807 [Thread-1] ERROR Orchestrator.Orchestrator -- Event queue was interrupted
java.lang.InterruptedException: null
	at EventBus.EventQueue.take(EventQueue.java:58)
	at Orchestrator.Orchestrator.start(Orchestrator.java:78)
	at Orchestrator.OrchestratorTests.lambda$runOrchestratorInThread$0(OrchestratorTests.java:71)
	at java.base/java.lang.Thread.run(Thread.java:1583)
10:54:20.807 [Thread-1] ERROR Orchestrator.Orchestrator -- Event queue was interrupted
java.lang.InterruptedException: null
	at EventBus.EventQueue.take(EventQueue.java:58)
	at Orchestrator.Orchestrator.start(Orchestrator.java:78)
	at Orchestrator.OrchestratorTests.lambda$runOrchestratorInThread$0(OrchestratorTests.java:71)
	at java.base/java.lang.Thread.run(Thread.java:1583)
10:54:20.807 [Thread-1] ERROR Orchestrator.Orchestrator -- Event queue was interrupted
java.lang.InterruptedException: null
	at EventBus.EventQueue.take(EventQueue.java:58)
	at Orchestrator.Orchestrator.start(Orchestrator.java:78)
	at Orchestrator.OrchestratorTests.lambda$runOrchestratorInThread$0(OrchestratorTests.java:71)
	at java.base/java.lang.Thread.run(Thread.java:1583)
10:54:20.807 [Thread-1] ERROR Orchestrator.Orchestrator -- Event queue was interrupted
java.lang.InterruptedException: null
	at EventBus.EventQueue.take(EventQueue.java:58)
	at Orchestrator.Orchestrator.start(Orchestrator.java:78)
	at Orchestrator.OrchestratorTests.lambda$runOrchestratorInThread$0(OrchestratorTests.java:71)
	at java.base/java.lang.Thread.run(Thread.java:1583)
10:54:20.807 [Thread-1] ERROR Orchestrator.Orchestrator -- Event queue was interrupted
java.lang.InterruptedException: null
	at EventBus.EventQueue.take(EventQueue.java:58)
	at Orchestrator.Orchestrator.start(Orchestrator.java:78)
	at Orchestrator.OrchestratorTests.lambda$runOrchestratorInThread$0(OrchestratorTests.java:71)
	at java.base/java.lang.Thread.run(Thread.java:1583)
10:54:20.807 [Thread-1] ERROR Orchestrator.Orchestrator -- Event queue was interrupted
java.lang.InterruptedException: null
	at EventBus.EventQueue.take(EventQueue.java:58)
	at Orchestrator.Orchestrator.start(Orchestrator.java:78)
	at Orchestrator.OrchestratorTests.lambda$runOrchestratorInThread$0(OrchestratorTests.java:71)
	at java.base/java.lang.Thread.run(Thread.java:1583)
10:54:20.807 [Thread-1] ERROR Orchestrator.Orchestrator -- Event queue was interrupted
java.lang.InterruptedException: null
	at EventBus.EventQueue.take(EventQueue.java:58)
	at Orchestrator.Orchestrator.start(Orchestrator.java:78)
	at Orchestrator.OrchestratorTests.lambda$runOrchestratorInThread$0(OrchestratorTests.java:71)
	at java.base/java.lang.Thread.run(Thread.java:1583)
10:54:20.807 [Thread-1] ERROR Orchestrator.Orchestrator -- Event queue was interrupted
java.lang.InterruptedException: null
	at EventBus.EventQueue.take(EventQueue.java:58)
	at Orchestrator.Orchestrator.start(Orchestrator.java:78)
	at Orchestrator.OrchestratorTests.lambda$runOrchestratorInThread$0(OrchestratorTests.java:71)
	at java.base/java.lang.Thread.run(Thread.java:1583)
10:54:20.808 [Thread-1] ERROR Orchestrator.Orchestrator -- Event queue was interrupted
java.lang.InterruptedException: null
	at EventBus.EventQueue.take(EventQueue.java:58)
	at Orchestrator.Orchestrator.start(Orchestrator.java:78)
	at Orchestrator.OrchestratorTests.lambda$runOrchestratorInThread$0(OrchestratorTests.java:71)
	at java.base/java.lang.Thread.run(Thread.java:1583)
10:54:20.808 [Thread-1] ERROR Orchestrator.Orchestrator -- Event queue was interrupted
java.lang.InterruptedException: null
	at EventBus.EventQueue.take(EventQueue.java:58)
	at Orchestrator.Orchestrator.start(Orchestrator.java:78)
	at Orchestrator.OrchestratorTests.lambda$runOrchestratorInThread$0(OrchestratorTests.java:71)
	at java.base/java.lang.Thread.run(Thread.java:1583)
10:54:20.808 [Thread-1] ERROR Orchestrator.Orchestrator -- Event queue was interrupted
java.lang.InterruptedException: null
	at EventBus.EventQueue.take(EventQueue.java:58)
	at Orchestrator.Orchestrator.start(Orchestrator.java:78)
	at Orchestrator.OrchestratorTests.lambda$runOrchestratorInThread$0(OrchestratorTests.java:71)
	at java.base/java.lang.Thread.run(Thread.java:1583)
10:54:20.808 [Thread-1] ERROR Orchestrator.Orchestrator -- Event queue was interrupted
java.lang.InterruptedException: null
	at EventBus.EventQueue.take(EventQueue.java:58)
	at Orchestrator.Orchestrator.start(Orchestrator.java:78)
	at Orchestrator.OrchestratorTests.lambda$runOrchestratorInThread$0(OrchestratorTests.java:71)
	at java.base/java.lang.Thread.run(Thread.java:1583)
10:54:20.808 [Thread-1] ERROR Orchestrator.Orchestrator -- Event queue was interrupted
java.lang.InterruptedException: null
	at EventBus.EventQueue.take(EventQueue.java:58)
	at Orchestrator.Orchestrator.start(Orchestrator.java:78)
	at Orchestrator.OrchestratorTests.lambda$runOrchestratorInThread$0(OrchestratorTests.java:71)
	at java.base/java.lang.Thread.run(Thread.java:1583)
10:54:20.808 [Thread-1] ERROR Orchestrator.Orchestrator -- Event queue was interrupted
java.lang.InterruptedException: null
	at EventBus.EventQueue.take(EventQueue.java:58)
	at Orchestrator.Orchestrator.start(Orchestrator.java:78)
	at Orchestrator.OrchestratorTests.lambda$runOrchestratorInThread$0(OrchestratorTests.java:71)
	at java.base/java.lang.Thread.run(Thread.java:1583)
10:54:20.808 [Thread-1] ERROR Orchestrator.Orchestrator -- Event queue was interrupted
java.lang.InterruptedException: null
	at EventBus.EventQueue.take(EventQueue.java:58)
	at Orchestrator.Orchestrator.start(Orchestrator.java:78)
	at Orchestrator.OrchestratorTests.lambda$runOrchestratorInThread$0(OrchestratorTests.java:71)
	at java.base/java.lang.Thread.run(Thread.java:1583)
10:54:20.808 [Thread-1] ERROR Orchestrator.Orchestrator -- Event queue was interrupted
java.lang.InterruptedException: null
	at EventBus.EventQueue.take(EventQueue.java:58)
	at Orchestrator.Orchestrator.start(Orchestrator.java:78)
	at Orchestrator.OrchestratorTests.lambda$runOrchestratorInThread$0(OrchestratorTests.java:71)
	at java.base/java.lang.Thread.run(Thread.java:1583)
10:54:20.808 [Thread-1] ERROR Orchestrator.Orchestrator -- Event queue was interrupted
java.lang.InterruptedException: null
	at EventBus.EventQueue.take(EventQueue.java:58)
	at Orchestrator.Orchestrator.start(Orchestrator.java:78)
	at Orchestrator.OrchestratorTests.lambda$runOrchestratorInThread$0(OrchestratorTests.java:71)
	at java.base/java.lang.Thread.run(Thread.java:1583)
10:54:20.809 [Thread-1] ERROR Orchestrator.Orchestrator -- Event queue was interrupted
java.lang.InterruptedException: null
	at EventBus.EventQueue.take(EventQueue.java:58)
	at Orchestrator.Orchestrator.start(Orchestrator.java:78)
	at Orchestrator.OrchestratorTests.lambda$runOrchestratorInThread$0(OrchestratorTests.java:71)
	at java.base/java.lang.Thread.run(Thread.java:1583)
10:54:20.809 [Thread-1] ERROR Orchestrator.Orchestrator -- Event queue was interrupted
java.lang.InterruptedException: null
	at EventBus.EventQueue.take(EventQueue.java:58)
	at Orchestrator.Orchestrator.start(Orchestrator.java:78)
	at Orchestrator.OrchestratorTests.lambda$runOrchestratorInThread$0(OrchestratorTests.java:71)
	at java.base/java.lang.Thread.run(Thread.java:1583)
10:54:20.809 [Thread-1] ERROR Orchestrator.Orchestrator -- Event queue was interrupted
java.lang.InterruptedException: null
	at EventBus.EventQueue.take(EventQueue.java:58)
	at Orchestrator.Orchestrator.start(Orchestrator.java:78)
	at Orchestrator.OrchestratorTests.lambda$runOrchestratorInThread$0(OrchestratorTests.java:71)
	at java.base/java.lang.Thread.run(Thread.java:1583)
10:54:20.809 [Thread-1] ERROR Orchestrator.Orchestrator -- Event queue was interrupted
java.lang.InterruptedException: null
	at EventBus.EventQueue.take(EventQueue.java:58)
	at Orchestrator.Orchestrator.start(Orchestrator.java:78)
	at Orchestrator.OrchestratorTests.lambda$runOrchestratorInThread$0(OrchestratorTests.java:71)
	at java.base/java.lang.Thread.run(Thread.java:1583)
10:54:20.809 [Thread-1] ERROR Orchestrator.Orchestrator -- Event queue was interrupted
java.lang.InterruptedException: null
	at EventBus.EventQueue.take(EventQueue.java:58)
	at Orchestrator.Orchestrator.start(Orchestrator.java:78)
	at Orchestrator.OrchestratorTests.lambda$runOrchestratorInThread$0(OrchestratorTests.java:71)
	at java.base/java.lang.Thread.run(Thread.java:1583)
10:54:20.809 [Thread-1] ERROR Orchestrator.Orchestrator -- Event queue was interrupted
java.lang.InterruptedException: null
	at EventBus.EventQueue.take(EventQueue.java:58)
	at Orchestrator.Orchestrator.start(Orchestrator.java:78)
	at Orchestrator.OrchestratorTests.lambda$runOrchestratorInThread$0(OrchestratorTests.java:71)
	at java.base/java.lang.Thread.run(Thread.java:1583)
10:54:20.809 [Thread-1] ERROR Orchestrator.Orchestrator -- Event queue was interrupted
java.lang.InterruptedException: null
	at EventBus.EventQueue.take(EventQueue.java:58)
	at Orchestrator.Orchestrator.start(Orchestrator.java:78)
	at Orchestrator.OrchestratorTests.lambda$runOrchestratorInThread$0(OrchestratorTests.java:71)
	at java.base/java.lang.Thread.run(Thread.java:1583)
10:54:20.809 [Thread-1] ERROR Orchestrator.Orchestrator -- Event queue was interrupted
java.lang.InterruptedException: null
	at EventBus.EventQueue.take(EventQueue.java:58)
	at Orchestrator.Orchestrator.start(Orchestrator.java:78)
	at Orchestrator.OrchestratorTests.lambda$runOrchestratorInThread$0(OrchestratorTests.java:71)
	at java.base/java.lang.Thread.run(Thread.java:1583)
10:54:20.810 [Thread-1] ERROR Orchestrator.Orchestrator -- Event queue was interrupted
java.lang.InterruptedException: null
	at EventBus.EventQueue.take(EventQueue.java:58)
	at Orchestrator.Orchestrator.start(Orchestrator.java:78)
	at Orchestrator.OrchestratorTests.lambda$runOrchestratorInThread$0(OrchestratorTests.java:71)
	at java.base/java.lang.Thread.run(Thread.java:1583)
10:54:20.810 [Thread-1] ERROR Orchestrator.Orchestrator -- Event queue was interrupted
java.lang.InterruptedException: null
	at EventBus.EventQueue.take(EventQueue.java:58)
	at Orchestrator.Orchestrator.start(Orchestrator.java:78)
	at Orchestrator.OrchestratorTests.lambda$runOrchestratorInThread$0(OrchestratorTests.java:71)
	at java.base/java.lang.Thread.run(Thread.java:1583)
10:54:20.810 [Thread-1] ERROR Orchestrator.Orchestrator -- Event queue was interrupted
java.lang.InterruptedException: null
	at EventBus.EventQueue.take(EventQueue.java:58)
	at Orchestrator.Orchestrator.start(Orchestrator.java:78)
	at Orchestrator.OrchestratorTests.lambda$runOrchestratorInThread$0(OrchestratorTests.java:71)
	at java.base/java.lang.Thread.run(Thread.java:1583)
10:54:20.810 [Thread-1] ERROR Orchestrator.Orchestrator -- Event queue was interrupted
java.lang.InterruptedException: null
	at EventBus.EventQueue.take(EventQueue.java:58)
	at Orchestrator.Orchestrator.start(Orchestrator.java:78)
	at Orchestrator.OrchestratorTests.lambda$runOrchestratorInThread$0(OrchestratorTests.java:71)
	at java.base/java.lang.Thread.run(Thread.java:1583)
10:54:20.810 [Thread-1] ERROR Orchestrator.Orchestrator -- Event queue was interrupted
java.lang.InterruptedException: null
	at EventBus.EventQueue.take(EventQueue.java:58)
	at Orchestrator.Orchestrator.start(Orchestrator.java:78)
	at Orchestrator.OrchestratorTests.lambda$runOrchestratorInThread$0(OrchestratorTests.java:71)
	at java.base/java.lang.Thread.run(Thread.java:1583)
10:54:20.810 [Thread-1] ERROR Orchestrator.Orchestrator -- Event queue was interrupted
java.lang.InterruptedException: null
	at EventBus.EventQueue.take(EventQueue.java:58)
	at Orchestrator.Orchestrator.start(Orchestrator.java:78)
	at Orchestrator.OrchestratorTests.lambda$runOrchestratorInThread$0(OrchestratorTests.java:71)
	at java.base/java.lang.Thread.run(Thread.java:1583)
10:54:20.810 [Thread-1] ERROR Orchestrator.Orchestrator -- Event queue was interrupted
java.lang.InterruptedException: null
	at EventBus.EventQueue.take(EventQueue.java:58)
	at Orchestrator.Orchestrator.start(Orchestrator.java:78)
	at Orchestrator.OrchestratorTests.lambda$runOrchestratorInThread$0(OrchestratorTests.java:71)
	at java.base/java.lang.Thread.run(Thread.java:1583)
10:54:20.810 [Thread-1] ERROR Orchestrator.Orchestrator -- Event queue was interrupted
java.lang.InterruptedException: null
	at EventBus.EventQueue.take(EventQueue.java:58)
	at Orchestrator.Orchestrator.start(Orchestrator.java:78)
	at Orchestrator.OrchestratorTests.lambda$runOrchestratorInThread$0(OrchestratorTests.java:71)
	at java.base/java.lang.Thread.run(Thread.java:1583)
10:54:20.810 [Thread-1] ERROR Orchestrator.Orchestrator -- Event queue was interrupted
java.lang.InterruptedException: null
	at EventBus.EventQueue.take(EventQueue.java:58)
	at Orchestrator.Orchestrator.start(Orchestrator.java:78)
	at Orchestrator.OrchestratorTests.lambda$runOrchestratorInThread$0(OrchestratorTests.java:71)
	at java.base/java.lang.Thread.run(Thread.java:1583)
10:54:20.810 [Thread-1] ERROR Orchestrator.Orchestrator -- Event queue was interrupted
java.lang.InterruptedException: null
	at EventBus.EventQueue.take(EventQueue.java:58)
	at Orchestrator.Orchestrator.start(Orchestrator.java:78)
	at Orchestrator.OrchestratorTests.lambda$runOrchestratorInThread$0(OrchestratorTests.java:71)
	at java.base/java.lang.Thread.run(Thread.java:1583)
10:54:20.811 [Thread-1] ERROR Orchestrator.Orchestrator -- Event queue was interrupted
java.lang.InterruptedException: null
	at EventBus.EventQueue.take(EventQueue.java:58)
	at Orchestrator.Orchestrator.start(Orchestrator.java:78)
	at Orchestrator.OrchestratorTests.lambda$runOrchestratorInThread$0(OrchestratorTests.java:71)
	at java.base/java.lang.Thread.run(Thread.java:1583)
10:54:20.811 [Thread-1] ERROR Orchestrator.Orchestrator -- Event queue was interrupted
java.lang.InterruptedException: null
	at EventBus.EventQueue.take(EventQueue.java:58)
	at Orchestrator.Orchestrator.start(Orchestrator.java:78)
	at Orchestrator.OrchestratorTests.lambda$runOrchestratorInThread$0(OrchestratorTests.java:71)
	at java.base/java.lang.Thread.run(Thread.java:1583)
10:54:20.811 [Thread-1] ERROR Orchestrator.Orchestrator -- Event queue was interrupted
java.lang.InterruptedException: null
	at EventBus.EventQueue.take(EventQueue.java:58)
	at Orchestrator.Orchestrator.start(Orchestrator.java:78)
	at Orchestrator.OrchestratorTests.lambda$runOrchestratorInThread$0(OrchestratorTests.java:71)
	at java.base/java.lang.Thread.run(Thread.java:1583)
10:54:20.811 [Thread-1] ERROR Orchestrator.Orchestrator -- Event queue was interrupted
java.lang.InterruptedException: null
	at EventBus.EventQueue.take(EventQueue.java:58)
	at Orchestrator.Orchestrator.start(Orchestrator.java:78)
	at Orchestrator.OrchestratorTests.lambda$runOrchestratorInThread$0(OrchestratorTests.java:71)
	at java.base/java.lang.Thread.run(Thread.java:1583)
10:54:20.811 [Thread-1] ERROR Orchestrator.Orchestrator -- Event queue was interrupted
java.lang.InterruptedException: null
	at EventBus.EventQueue.take(EventQueue.java:58)
	at Orchestrator.Orchestrator.start(Orchestrator.java:78)
	at Orchestrator.OrchestratorTests.lambda$runOrchestratorInThread$0(OrchestratorTests.java:71)
	at java.base/java.lang.Thread.run(Thread.java:1583)
10:54:20.811 [Thread-1] ERROR Orchestrator.Orchestrator -- Event queue was interrupted
java.lang.InterruptedException: null
	at EventBus.EventQueue.take(EventQueue.java:58)
	at Orchestrator.Orchestrator.start(Orchestrator.java:78)
	at Orchestrator.OrchestratorTests.lambda$runOrchestratorInThread$0(OrchestratorTests.java:71)
	at java.base/java.lang.Thread.run(Thread.java:1583)
10:54:20.811 [Thread-1] ERROR Orchestrator.Orchestrator -- Event queue was interrupted
java.lang.InterruptedException: null
	at EventBus.EventQueue.take(EventQueue.java:58)
	at Orchestrator.Orchestrator.start(Orchestrator.java:78)
	at Orchestrator.OrchestratorTests.lambda$runOrchestratorInThread$0(OrchestratorTests.java:71)
	at java.base/java.lang.Thread.run(Thread.java:1583)
10:54:20.811 [Thread-1] ERROR Orchestrator.Orchestrator -- Event queue was interrupted
java.lang.InterruptedException: null
	at EventBus.EventQueue.take(EventQueue.java:58)
	at Orchestrator.Orchestrator.start(Orchestrator.java:78)
	at Orchestrator.OrchestratorTests.lambda$runOrchestratorInThread$0(OrchestratorTests.java:71)
	at java.base/java.lang.Thread.run(Thread.java:1583)
10:54:20.812 [Thread-1] ERROR Orchestrator.Orchestrator -- Event queue was interrupted
java.lang.InterruptedException: null
	at EventBus.EventQueue.take(EventQueue.java:58)
	at Orchestrator.Orchestrator.start(Orchestrator.java:78)
	at Orchestrator.OrchestratorTests.lambda$runOrchestratorInThread$0(OrchestratorTests.java:71)
	at java.base/java.lang.Thread.run(Thread.java:1583)
10:54:20.812 [Thread-1] ERROR Orchestrator.Orchestrator -- Event queue was interrupted
java.lang.InterruptedException: null
	at EventBus.EventQueue.take(EventQueue.java:58)
	at Orchestrator.Orchestrator.start(Orchestrator.java:78)
	at Orchestrator.OrchestratorTests.lambda$runOrchestratorInThread$0(OrchestratorTests.java:71)
	at java.base/java.lang.Thread.run(Thread.java:1583)
10:54:20.812 [Thread-1] ERROR Orchestrator.Orchestrator -- Event queue was interrupted
java.lang.InterruptedException: null
	at EventBus.EventQueue.take(EventQueue.java:58)
	at Orchestrator.Orchestrator.start(Orchestrator.java:78)
	at Orchestrator.OrchestratorTests.lambda$runOrchestratorInThread$0(OrchestratorTests.java:71)
	at java.base/java.lang.Thread.run(Thread.java:1583)
10:54:20.812 [Thread-1] ERROR Orchestrator.Orchestrator -- Event queue was interrupted
java.lang.InterruptedException: null
	at EventBus.EventQueue.take(EventQueue.java:58)
	at Orchestrator.Orchestrator.start(Orchestrator.java:78)
	at Orchestrator.OrchestratorTests.lambda$runOrchestratorInThread$0(OrchestratorTests.java:71)
	at java.base/java.lang.Thread.run(Thread.java:1583)
10:54:20.812 [Thread-1] ERROR Orchestrator.Orchestrator -- Event queue was interrupted
java.lang.InterruptedException: null
	at EventBus.EventQueue.take(EventQueue.java:58)
	at Orchestrator.Orchestrator.start(Orchestrator.java:78)
	at Orchestrator.OrchestratorTests.lambda$runOrchestratorInThread$0(OrchestratorTests.java:71)
	at java.base/java.lang.Thread.run(Thread.java:1583)
10:54:20.812 [Thread-1] ERROR Orchestrator.Orchestrator -- Event queue was interrupted
java.lang.InterruptedException: null
	at EventBus.EventQueue.take(EventQueue.java:58)
	at Orchestrator.Orchestrator.start(Orchestrator.java:78)
	at Orchestrator.OrchestratorTests.lambda$runOrchestratorInThread$0(OrchestratorTests.java:71)
	at java.base/java.lang.Thread.run(Thread.java:1583)
10:54:20.812 [Thread-1] ERROR Orchestrator.Orchestrator -- Event queue was interrupted
java.lang.InterruptedException: null
	at EventBus.EventQueue.take(EventQueue.java:58)
	at Orchestrator.Orchestrator.start(Orchestrator.java:78)
	at Orchestrator.OrchestratorTests.lambda$runOrchestratorInThread$0(OrchestratorTests.java:71)
	at java.base/java.lang.Thread.run(Thread.java:1583)
10:54:20.812 [Thread-1] ERROR Orchestrator.Orchestrator -- Event queue was interrupted
java.lang.InterruptedException: null
	at EventBus.EventQueue.take(EventQueue.java:58)
	at Orchestrator.Orchestrator.start(Orchestrator.java:78)
	at Orchestrator.OrchestratorTests.lambda$runOrchestratorInThread$0(OrchestratorTests.java:71)
	at java.base/java.lang.Thread.run(Thread.java:1583)
10:54:20.812 [Thread-1] ERROR Orchestrator.Orchestrator -- Event queue was interrupted
java.lang.InterruptedException: null
	at EventBus.EventQueue.take(EventQueue.java:58)
	at Orchestrator.Orchestrator.start(Orchestrator.java:78)
	at Orchestrator.OrchestratorTests.lambda$runOrchestratorInThread$0(OrchestratorTests.java:71)
	at java.base/java.lang.Thread.run(Thread.java:1583)
10:54:20.812 [Thread-1] ERROR Orchestrator.Orchestrator -- Event queue was interrupted
java.lang.InterruptedException: null
	at EventBus.EventQueue.take(EventQueue.java:58)
	at Orchestrator.Orchestrator.start(Orchestrator.java:78)
	at Orchestrator.OrchestratorTests.lambda$runOrchestratorInThread$0(OrchestratorTests.java:71)
	at java.base/java.lang.Thread.run(Thread.java:1583)
10:54:20.813 [Thread-1] ERROR Orchestrator.Orchestrator -- Event queue was interrupted
java.lang.InterruptedException: null
	at EventBus.EventQueue.take(EventQueue.java:58)
	at Orchestrator.Orchestrator.start(Orchestrator.java:78)
	at Orchestrator.OrchestratorTests.lambda$runOrchestratorInThread$0(OrchestratorTests.java:71)
	at java.base/java.lang.Thread.run(Thread.java:1583)
]]></system-out>
  </testcase>
  <testcase name="testDispatch_InitiativeEvent_DelegatesToService" classname="Orchestrator.OrchestratorTests" time="0.221">
    <system-out><![CDATA[10:54:20.818 [Thread-1] ERROR Orchestrator.Orchestrator -- Event queue was interrupted
java.lang.InterruptedException: null
	at EventBus.EventQueue.take(EventQueue.java:58)
	at Orchestrator.Orchestrator.start(Orchestrator.java:78)
	at Orchestrator.OrchestratorTests.lambda$runOrchestratorInThread$0(OrchestratorTests.java:71)
	at java.base/java.lang.Thread.run(Thread.java:1583)
10:54:20.818 [Thread-1] ERROR Orchestrator.Orchestrator -- Event queue was interrupted
java.lang.InterruptedException: null
	at EventBus.EventQueue.take(EventQueue.java:58)
	at Orchestrator.Orchestrator.start(Orchestrator.java:78)
	at Orchestrator.OrchestratorTests.lambda$runOrchestratorInThread$0(OrchestratorTests.java:71)
	at java.base/java.lang.Thread.run(Thread.java:1583)
10:54:20.819 [Thread-1] ERROR Orchestrator.Orchestrator -- Event queue was interrupted
java.lang.InterruptedException: null
	at EventBus.EventQueue.take(EventQueue.java:58)
	at Orchestrator.Orchestrator.start(Orchestrator.java:78)
	at Orchestrator.OrchestratorTests.lambda$runOrchestratorInThread$0(OrchestratorTests.java:71)
	at java.base/java.lang.Thread.run(Thread.java:1583)
10:54:20.819 [Thread-1] ERROR Orchestrator.Orchestrator -- Event queue was interrupted
java.lang.InterruptedException: null
	at EventBus.EventQueue.take(EventQueue.java:58)
	at Orchestrator.Orchestrator.start(Orchestrator.java:78)
	at Orchestrator.OrchestratorTests.lambda$runOrchestratorInThread$0(OrchestratorTests.java:71)
	at java.base/java.lang.Thread.run(Thread.java:1583)
10:54:20.819 [Thread-1] ERROR Orchestrator.Orchestrator -- Event queue was interrupted
java.lang.InterruptedException: null
	at EventBus.EventQueue.take(EventQueue.java:58)
	at Orchestrator.Orchestrator.start(Orchestrator.java:78)
	at Orchestrator.OrchestratorTests.lambda$runOrchestratorInThread$0(OrchestratorTests.java:71)
	at java.base/java.lang.Thread.run(Thread.java:1583)
10:54:20.819 [Thread-1] ERROR Orchestrator.Orchestrator -- Event queue was interrupted
java.lang.InterruptedException: null
	at EventBus.EventQueue.take(EventQueue.java:58)
	at Orchestrator.Orchestrator.start(Orchestrator.java:78)
	at Orchestrator.OrchestratorTests.lambda$runOrchestratorInThread$0(OrchestratorTests.java:71)
	at java.base/java.lang.Thread.run(Thread.java:1583)
10:54:20.819 [Thread-1] ERROR Orchestrator.Orchestrator -- Event queue was interrupted
java.lang.InterruptedException: null
	at EventBus.EventQueue.take(EventQueue.java:58)
	at Orchestrator.Orchestrator.start(Orchestrator.java:78)
	at Orchestrator.OrchestratorTests.lambda$runOrchestratorInThread$0(OrchestratorTests.java:71)
	at java.base/java.lang.Thread.run(Thread.java:1583)
10:54:20.819 [Thread-1] ERROR Orchestrator.Orchestrator -- Event queue was interrupted
java.lang.InterruptedException: null
	at EventBus.EventQueue.take(EventQueue.java:58)
	at Orchestrator.Orchestrator.start(Orchestrator.java:78)
	at Orchestrator.OrchestratorTests.lambda$runOrchestratorInThread$0(OrchestratorTests.java:71)
	at java.base/java.lang.Thread.run(Thread.java:1583)
10:54:20.819 [Thread-1] ERROR Orchestrator.Orchestrator -- Event queue was interrupted
java.lang.InterruptedException: null
	at EventBus.EventQueue.take(EventQueue.java:58)
	at Orchestrator.Orchestrator.start(Orchestrator.java:78)
	at Orchestrator.OrchestratorTests.lambda$runOrchestratorInThread$0(OrchestratorTests.java:71)
	at java.base/java.lang.Thread.run(Thread.java:1583)
10:54:20.819 [Thread-1] ERROR Orchestrator.Orchestrator -- Event queue was interrupted
java.lang.InterruptedException: null
	at EventBus.EventQueue.take(EventQueue.java:58)
	at Orchestrator.Orchestrator.start(Orchestrator.java:78)
	at Orchestrator.OrchestratorTests.lambda$runOrchestratorInThread$0(OrchestratorTests.java:71)
	at java.base/java.lang.Thread.run(Thread.java:1583)
10:54:20.820 [Thread-1] ERROR Orchestrator.Orchestrator -- Event queue was interrupted
java.lang.InterruptedException: null
	at EventBus.EventQueue.take(EventQueue.java:58)
	at Orchestrator.Orchestrator.start(Orchestrator.java:78)
	at Orchestrator.OrchestratorTests.lambda$runOrchestratorInThread$0(OrchestratorTests.java:71)
	at java.base/java.lang.Thread.run(Thread.java:1583)
10:54:20.820 [Thread-1] ERROR Orchestrator.Orchestrator -- Event queue was interrupted
java.lang.InterruptedException: null
	at EventBus.EventQueue.take(EventQueue.java:58)
	at Orchestrator.Orchestrator.start(Orchestrator.java:78)
	at Orchestrator.OrchestratorTests.lambda$runOrchestratorInThread$0(OrchestratorTests.java:71)
	at java.base/java.lang.Thread.run(Thread.java:1583)
10:54:20.820 [Thread-1] ERROR Orchestrator.Orchestrator -- Event queue was interrupted
java.lang.InterruptedException: null
	at EventBus.EventQueue.take(EventQueue.java:58)
	at Orchestrator.Orchestrator.start(Orchestrator.java:78)
	at Orchestrator.OrchestratorTests.lambda$runOrchestratorInThread$0(OrchestratorTests.java:71)
	at java.base/java.lang.Thread.run(Thread.java:1583)
10:54:20.820 [Thread-1] ERROR Orchestrator.Orchestrator -- Event queue was interrupted
java.lang.InterruptedException: null
	at EventBus.EventQueue.take(EventQueue.java:58)
	at Orchestrator.Orchestrator.start(Orchestrator.java:78)
	at Orchestrator.OrchestratorTests.lambda$runOrchestratorInThread$0(OrchestratorTests.java:71)
	at java.base/java.lang.Thread.run(Thread.java:1583)
10:54:20.820 [Thread-1] ERROR Orchestrator.Orchestrator -- Event queue was interrupted
java.lang.InterruptedException: null
	at EventBus.EventQueue.take(EventQueue.java:58)
	at Orchestrator.Orchestrator.start(Orchestrator.java:78)
	at Orchestrator.OrchestratorTests.lambda$runOrchestratorInThread$0(OrchestratorTests.java:71)
	at java.base/java.lang.Thread.run(Thread.java:1583)
10:54:20.820 [Thread-1] ERROR Orchestrator.Orchestrator -- Event queue was interrupted
java.lang.InterruptedException: null
	at EventBus.EventQueue.take(EventQueue.java:58)
	at Orchestrator.Orchestrator.start(Orchestrator.java:78)
	at Orchestrator.OrchestratorTests.lambda$runOrchestratorInThread$0(OrchestratorTests.java:71)
	at java.base/java.lang.Thread.run(Thread.java:1583)
10:54:20.820 [Thread-1] ERROR Orchestrator.Orchestrator -- Event queue was interrupted
java.lang.InterruptedException: null
	at EventBus.EventQueue.take(EventQueue.java:58)
	at Orchestrator.Orchestrator.start(Orchestrator.java:78)
	at Orchestrator.OrchestratorTests.lambda$runOrchestratorInThread$0(OrchestratorTests.java:71)
	at java.base/java.lang.Thread.run(Thread.java:1583)
10:54:20.820 [Thread-1] ERROR Orchestrator.Orchestrator -- Event queue was interrupted
java.lang.InterruptedException: null
	at EventBus.EventQueue.take(EventQueue.java:58)
	at Orchestrator.Orchestrator.start(Orchestrator.java:78)
	at Orchestrator.OrchestratorTests.lambda$runOrchestratorInThread$0(OrchestratorTests.java:71)
	at java.base/java.lang.Thread.run(Thread.java:1583)
10:54:20.820 [Thread-1] ERROR Orchestrator.Orchestrator -- Event queue was interrupted
java.lang.InterruptedException: null
	at EventBus.EventQueue.take(EventQueue.java:58)
	at Orchestrator.Orchestrator.start(Orchestrator.java:78)
	at Orchestrator.OrchestratorTests.lambda$runOrchestratorInThread$0(OrchestratorTests.java:71)
	at java.base/java.lang.Thread.run(Thread.java:1583)
10:54:20.820 [Thread-1] ERROR Orchestrator.Orchestrator -- Event queue was interrupted
java.lang.InterruptedException: null
	at EventBus.EventQueue.take(EventQueue.java:58)
	at Orchestrator.Orchestrator.start(Orchestrator.java:78)
	at Orchestrator.OrchestratorTests.lambda$runOrchestratorInThread$0(OrchestratorTests.java:71)
	at java.base/java.lang.Thread.run(Thread.java:1583)
10:54:20.820 [Thread-1] ERROR Orchestrator.Orchestrator -- Event queue was interrupted
java.lang.InterruptedException: null
	at EventBus.EventQueue.take(EventQueue.java:58)
	at Orchestrator.Orchestrator.start(Orchestrator.java:78)
	at Orchestrator.OrchestratorTests.lambda$runOrchestratorInThread$0(OrchestratorTests.java:71)
	at java.base/java.lang.Thread.run(Thread.java:1583)
10:54:20.820 [Thread-1] ERROR Orchestrator.Orchestrator -- Event queue was interrupted
java.lang.InterruptedException: null
	at EventBus.EventQueue.take(EventQueue.java:58)
	at Orchestrator.Orchestrator.start(Orchestrator.java:78)
	at Orchestrator.OrchestratorTests.lambda$runOrchestratorInThread$0(OrchestratorTests.java:71)
	at java.base/java.lang.Thread.run(Thread.java:1583)
10:54:20.821 [Thread-1] ERROR Orchestrator.Orchestrator -- Event queue was interrupted
java.lang.InterruptedException: null
	at EventBus.EventQueue.take(EventQueue.java:58)
	at Orchestrator.Orchestrator.start(Orchestrator.java:78)
	at Orchestrator.OrchestratorTests.lambda$runOrchestratorInThread$0(OrchestratorTests.java:71)
	at java.base/java.lang.Thread.run(Thread.java:1583)
10:54:20.821 [Thread-1] ERROR Orchestrator.Orchestrator -- Event queue was interrupted
java.lang.InterruptedException: null
	at EventBus.EventQueue.take(EventQueue.java:58)
	at Orchestrator.Orchestrator.start(Orchestrator.java:78)
	at Orchestrator.OrchestratorTests.lambda$runOrchestratorInThread$0(OrchestratorTests.java:71)
	at java.base/java.lang.Thread.run(Thread.java:1583)
10:54:20.821 [Thread-1] ERROR Orchestrator.Orchestrator -- Event queue was interrupted
java.lang.InterruptedException: null
	at EventBus.EventQueue.take(EventQueue.java:58)
	at Orchestrator.Orchestrator.start(Orchestrator.java:78)
	at Orchestrator.OrchestratorTests.lambda$runOrchestratorInThread$0(OrchestratorTests.java:71)
	at java.base/java.lang.Thread.run(Thread.java:1583)
10:54:20.821 [Thread-1] ERROR Orchestrator.Orchestrator -- Event queue was interrupted
java.lang.InterruptedException: null
	at EventBus.EventQueue.take(EventQueue.java:58)
	at Orchestrator.Orchestrator.start(Orchestrator.java:78)
	at Orchestrator.OrchestratorTests.lambda$runOrchestratorInThread$0(OrchestratorTests.java:71)
	at java.base/java.lang.Thread.run(Thread.java:1583)
10:54:20.821 [Thread-1] ERROR Orchestrator.Orchestrator -- Event queue was interrupted
java.lang.InterruptedException: null
	at EventBus.EventQueue.take(EventQueue.java:58)
	at Orchestrator.Orchestrator.start(Orchestrator.java:78)
	at Orchestrator.OrchestratorTests.lambda$runOrchestratorInThread$0(OrchestratorTests.java:71)
	at java.base/java.lang.Thread.run(Thread.java:1583)
10:54:20.821 [Thread-1] ERROR Orchestrator.Orchestrator -- Event queue was interrupted
java.lang.InterruptedException: null
	at EventBus.EventQueue.take(EventQueue.java:58)
	at Orchestrator.Orchestrator.start(Orchestrator.java:78)
	at Orchestrator.OrchestratorTests.lambda$runOrchestratorInThread$0(OrchestratorTests.java:71)
	at java.base/java.lang.Thread.run(Thread.java:1583)
10:54:20.821 [Thread-1] ERROR Orchestrator.Orchestrator -- Event queue was interrupted
java.lang.InterruptedException: null
	at EventBus.EventQueue.take(EventQueue.java:58)
	at Orchestrator.Orchestrator.start(Orchestrator.java:78)
	at Orchestrator.OrchestratorTests.lambda$runOrchestratorInThread$0(OrchestratorTests.java:71)
	at java.base/java.lang.Thread.run(Thread.java:1583)
10:54:20.821 [Thread-1] ERROR Orchestrator.Orchestrator -- Event queue was interrupted
java.lang.InterruptedException: null
	at EventBus.EventQueue.take(EventQueue.java:58)
	at Orchestrator.Orchestrator.start(Orchestrator.java:78)
	at Orchestrator.OrchestratorTests.lambda$runOrchestratorInThread$0(OrchestratorTests.java:71)
	at java.base/java.lang.Thread.run(Thread.java:1583)
10:54:20.821 [Thread-1] ERROR Orchestrator.Orchestrator -- Event queue was interrupted
java.lang.InterruptedException: null
	at EventBus.EventQueue.take(EventQueue.java:58)
	at Orchestrator.Orchestrator.start(Orchestrator.java:78)
	at Orchestrator.OrchestratorTests.lambda$runOrchestratorInThread$0(OrchestratorTests.java:71)
	at java.base/java.lang.Thread.run(Thread.java:1583)
10:54:20.821 [Thread-1] ERROR Orchestrator.Orchestrator -- Event queue was interrupted
java.lang.InterruptedException: null
	at EventBus.EventQueue.take(EventQueue.java:58)
	at Orchestrator.Orchestrator.start(Orchestrator.java:78)
	at Orchestrator.OrchestratorTests.lambda$runOrchestratorInThread$0(OrchestratorTests.java:71)
	at java.base/java.lang.Thread.run(Thread.java:1583)
10:54:20.821 [Thread-1] ERROR Orchestrator.Orchestrator -- Event queue was interrupted
java.lang.InterruptedException: null
	at EventBus.EventQueue.take(EventQueue.java:58)
	at Orchestrator.Orchestrator.start(Orchestrator.java:78)
	at Orchestrator.OrchestratorTests.lambda$runOrchestratorInThread$0(OrchestratorTests.java:71)
	at java.base/java.lang.Thread.run(Thread.java:1583)
10:54:20.821 [Thread-1] ERROR Orchestrator.Orchestrator -- Event queue was interrupted
java.lang.InterruptedException: null
	at EventBus.EventQueue.take(EventQueue.java:58)
	at Orchestrator.Orchestrator.start(Orchestrator.java:78)
	at Orchestrator.OrchestratorTests.lambda$runOrchestratorInThread$0(OrchestratorTests.java:71)
	at java.base/java.lang.Thread.run(Thread.java:1583)
10:54:20.821 [Thread-1] ERROR Orchestrator.Orchestrator -- Event queue was interrupted
java.lang.InterruptedException: null
	at EventBus.EventQueue.take(EventQueue.java:58)
	at Orchestrator.Orchestrator.start(Orchestrator.java:78)
	at Orchestrator.OrchestratorTests.lambda$runOrchestratorInThread$0(OrchestratorTests.java:71)
	at java.base/java.lang.Thread.run(Thread.java:1583)
10:54:20.821 [Thread-1] ERROR Orchestrator.Orchestrator -- Event queue was interrupted
java.lang.InterruptedException: null
	at EventBus.EventQueue.take(EventQueue.java:58)
	at Orchestrator.Orchestrator.start(Orchestrator.java:78)
	at Orchestrator.OrchestratorTests.lambda$runOrchestratorInThread$0(OrchestratorTests.java:71)
	at java.base/java.lang.Thread.run(Thread.java:1583)
10:54:20.822 [Thread-1] ERROR Orchestrator.Orchestrator -- Event queue was interrupted
java.lang.InterruptedException: null
	at EventBus.EventQueue.take(EventQueue.java:58)
	at Orchestrator.Orchestrator.start(Orchestrator.java:78)
	at Orchestrator.OrchestratorTests.lambda$runOrchestratorInThread$0(OrchestratorTests.java:71)
	at java.base/java.lang.Thread.run(Thread.java:1583)
10:54:20.822 [Thread-1] ERROR Orchestrator.Orchestrator -- Event queue was interrupted
java.lang.InterruptedException: null
	at EventBus.EventQueue.take(EventQueue.java:58)
	at Orchestrator.Orchestrator.start(Orchestrator.java:78)
	at Orchestrator.OrchestratorTests.lambda$runOrchestratorInThread$0(OrchestratorTests.java:71)
	at java.base/java.lang.Thread.run(Thread.java:1583)
10:54:20.822 [Thread-1] ERROR Orchestrator.Orchestrator -- Event queue was interrupted
java.lang.InterruptedException: null
	at EventBus.EventQueue.take(EventQueue.java:58)
	at Orchestrator.Orchestrator.start(Orchestrator.java:78)
	at Orchestrator.OrchestratorTests.lambda$runOrchestratorInThread$0(OrchestratorTests.java:71)
	at java.base/java.lang.Thread.run(Thread.java:1583)
10:54:20.822 [Thread-1] ERROR Orchestrator.Orchestrator -- Event queue was interrupted
java.lang.InterruptedException: null
	at EventBus.EventQueue.take(EventQueue.java:58)
	at Orchestrator.Orchestrator.start(Orchestrator.java:78)
	at Orchestrator.OrchestratorTests.lambda$runOrchestratorInThread$0(OrchestratorTests.java:71)
	at java.base/java.lang.Thread.run(Thread.java:1583)
10:54:20.822 [Thread-1] ERROR Orchestrator.Orchestrator -- Event queue was interrupted
java.lang.InterruptedException: null
	at EventBus.EventQueue.take(EventQueue.java:58)
	at Orchestrator.Orchestrator.start(Orchestrator.java:78)
	at Orchestrator.OrchestratorTests.lambda$runOrchestratorInThread$0(OrchestratorTests.java:71)
	at java.base/java.lang.Thread.run(Thread.java:1583)
10:54:20.822 [Thread-1] ERROR Orchestrator.Orchestrator -- Event queue was interrupted
java.lang.InterruptedException: null
	at EventBus.EventQueue.take(EventQueue.java:58)
	at Orchestrator.Orchestrator.start(Orchestrator.java:78)
	at Orchestrator.OrchestratorTests.lambda$runOrchestratorInThread$0(OrchestratorTests.java:71)
	at java.base/java.lang.Thread.run(Thread.java:1583)
10:54:20.822 [Thread-1] ERROR Orchestrator.Orchestrator -- Event queue was interrupted
java.lang.InterruptedException: null
	at EventBus.EventQueue.take(EventQueue.java:58)
	at Orchestrator.Orchestrator.start(Orchestrator.java:78)
	at Orchestrator.OrchestratorTests.lambda$runOrchestratorInThread$0(OrchestratorTests.java:71)
	at java.base/java.lang.Thread.run(Thread.java:1583)
10:54:20.822 [Thread-1] ERROR Orchestrator.Orchestrator -- Event queue was interrupted
java.lang.InterruptedException: null
	at EventBus.EventQueue.take(EventQueue.java:58)
	at Orchestrator.Orchestrator.start(Orchestrator.java:78)
	at Orchestrator.OrchestratorTests.lambda$runOrchestratorInThread$0(OrchestratorTests.java:71)
	at java.base/java.lang.Thread.run(Thread.java:1583)
10:54:20.822 [Thread-1] ERROR Orchestrator.Orchestrator -- Event queue was interrupted
java.lang.InterruptedException: null
	at EventBus.EventQueue.take(EventQueue.java:58)
	at Orchestrator.Orchestrator.start(Orchestrator.java:78)
	at Orchestrator.OrchestratorTests.lambda$runOrchestratorInThread$0(OrchestratorTests.java:71)
	at java.base/java.lang.Thread.run(Thread.java:1583)
10:54:20.822 [Thread-1] ERROR Orchestrator.Orchestrator -- Event queue was interrupted
java.lang.InterruptedException: null
	at EventBus.EventQueue.take(EventQueue.java:58)
	at Orchestrator.Orchestrator.start(Orchestrator.java:78)
	at Orchestrator.OrchestratorTests.lambda$runOrchestratorInThread$0(OrchestratorTests.java:71)
	at java.base/java.lang.Thread.run(Thread.java:1583)
10:54:20.822 [Thread-1] ERROR Orchestrator.Orchestrator -- Event queue was interrupted
java.lang.InterruptedException: null
	at EventBus.EventQueue.take(EventQueue.java:58)
	at Orchestrator.Orchestrator.start(Orchestrator.java:78)
	at Orchestrator.OrchestratorTests.lambda$runOrchestratorInThread$0(OrchestratorTests.java:71)
	at java.base/java.lang.Thread.run(Thread.java:1583)
10:54:20.822 [Thread-1] ERROR Orchestrator.Orchestrator -- Event queue was interrupted
java.lang.InterruptedException: null
	at EventBus.EventQueue.take(EventQueue.java:58)
	at Orchestrator.Orchestrator.start(Orchestrator.java:78)
	at Orchestrator.OrchestratorTests.lambda$runOrchestratorInThread$0(OrchestratorTests.java:71)
	at java.base/java.lang.Thread.run(Thread.java:1583)
10:54:20.822 [Thread-1] ERROR Orchestrator.Orchestrator -- Event queue was interrupted
java.lang.InterruptedException: null
	at EventBus.EventQueue.take(EventQueue.java:58)
	at Orchestrator.Orchestrator.start(Orchestrator.java:78)
	at Orchestrator.OrchestratorTests.lambda$runOrchestratorInThread$0(OrchestratorTests.java:71)
	at java.base/java.lang.Thread.run(Thread.java:1583)
10:54:20.823 [Thread-1] ERROR Orchestrator.Orchestrator -- Event queue was interrupted
java.lang.InterruptedException: null
	at EventBus.EventQueue.take(EventQueue.java:58)
	at Orchestrator.Orchestrator.start(Orchestrator.java:78)
	at Orchestrator.OrchestratorTests.lambda$runOrchestratorInThread$0(OrchestratorTests.java:71)
	at java.base/java.lang.Thread.run(Thread.java:1583)
10:54:20.823 [Thread-1] ERROR Orchestrator.Orchestrator -- Event queue was interrupted
java.lang.InterruptedException: null
	at EventBus.EventQueue.take(EventQueue.java:58)
	at Orchestrator.Orchestrator.start(Orchestrator.java:78)
	at Orchestrator.OrchestratorTests.lambda$runOrchestratorInThread$0(OrchestratorTests.java:71)
	at java.base/java.lang.Thread.run(Thread.java:1583)
10:54:20.823 [Thread-1] ERROR Orchestrator.Orchestrator -- Event queue was interrupted
java.lang.InterruptedException: null
	at EventBus.EventQueue.take(EventQueue.java:58)
	at Orchestrator.Orchestrator.start(Orchestrator.java:78)
	at Orchestrator.OrchestratorTests.lambda$runOrchestratorInThread$0(OrchestratorTests.java:71)
	at java.base/java.lang.Thread.run(Thread.java:1583)
10:54:20.823 [Thread-1] ERROR Orchestrator.Orchestrator -- Event queue was interrupted
java.lang.InterruptedException: null
	at EventBus.EventQueue.take(EventQueue.java:58)
	at Orchestrator.Orchestrator.start(Orchestrator.java:78)
	at Orchestrator.OrchestratorTests.lambda$runOrchestratorInThread$0(OrchestratorTests.java:71)
	at java.base/java.lang.Thread.run(Thread.java:1583)
10:54:20.823 [Thread-1] ERROR Orchestrator.Orchestrator -- Event queue was interrupted
java.lang.InterruptedException: null
	at EventBus.EventQueue.take(EventQueue.java:58)
	at Orchestrator.Orchestrator.start(Orchestrator.java:78)
	at Orchestrator.OrchestratorTests.lambda$runOrchestratorInThread$0(OrchestratorTests.java:71)
	at java.base/java.lang.Thread.run(Thread.java:1583)
10:54:20.823 [Thread-1] ERROR Orchestrator.Orchestrator -- Event queue was interrupted
java.lang.InterruptedException: null
	at EventBus.EventQueue.take(EventQueue.java:58)
	at Orchestrator.Orchestrator.start(Orchestrator.java:78)
	at Orchestrator.OrchestratorTests.lambda$runOrchestratorInThread$0(OrchestratorTests.java:71)
	at java.base/java.lang.Thread.run(Thread.java:1583)
10:54:20.823 [Thread-1] ERROR Orchestrator.Orchestrator -- Event queue was interrupted
java.lang.InterruptedException: null
	at EventBus.EventQueue.take(EventQueue.java:58)
	at Orchestrator.Orchestrator.start(Orchestrator.java:78)
	at Orchestrator.OrchestratorTests.lambda$runOrchestratorInThread$0(OrchestratorTests.java:71)
	at java.base/java.lang.Thread.run(Thread.java:1583)
10:54:20.823 [Thread-1] ERROR Orchestrator.Orchestrator -- Event queue was interrupted
java.lang.InterruptedException: null
	at EventBus.EventQueue.take(EventQueue.java:58)
	at Orchestrator.Orchestrator.start(Orchestrator.java:78)
	at Orchestrator.OrchestratorTests.lambda$runOrchestratorInThread$0(OrchestratorTests.java:71)
	at java.base/java.lang.Thread.run(Thread.java:1583)
10:54:20.823 [Thread-1] ERROR Orchestrator.Orchestrator -- Event queue was interrupted
java.lang.InterruptedException: null
	at EventBus.EventQueue.take(EventQueue.java:58)
	at Orchestrator.Orchestrator.start(Orchestrator.java:78)
	at Orchestrator.OrchestratorTests.lambda$runOrchestratorInThread$0(OrchestratorTests.java:71)
	at java.base/java.lang.Thread.run(Thread.java:1583)
10:54:20.823 [Thread-1] ERROR Orchestrator.Orchestrator -- Event queue was interrupted
java.lang.InterruptedException: null
	at EventBus.EventQueue.take(EventQueue.java:58)
	at Orchestrator.Orchestrator.start(Orchestrator.java:78)
	at Orchestrator.OrchestratorTests.lambda$runOrchestratorInThread$0(OrchestratorTests.java:71)
	at java.base/java.lang.Thread.run(Thread.java:1583)
10:54:20.823 [Thread-1] ERROR Orchestrator.Orchestrator -- Event queue was interrupted
java.lang.InterruptedException: null
	at EventBus.EventQueue.take(EventQueue.java:58)
	at Orchestrator.Orchestrator.start(Orchestrator.java:78)
	at Orchestrator.OrchestratorTests.lambda$runOrchestratorInThread$0(OrchestratorTests.java:71)
	at java.base/java.lang.Thread.run(Thread.java:1583)
10:54:20.823 [Thread-1] ERROR Orchestrator.Orchestrator -- Event queue was interrupted
java.lang.InterruptedException: null
	at EventBus.EventQueue.take(EventQueue.java:58)
	at Orchestrator.Orchestrator.start(Orchestrator.java:78)
	at Orchestrator.OrchestratorTests.lambda$runOrchestratorInThread$0(OrchestratorTests.java:71)
	at java.base/java.lang.Thread.run(Thread.java:1583)
10:54:20.824 [Thread-1] ERROR Orchestrator.Orchestrator -- Event queue was interrupted
java.lang.InterruptedException: null
	at EventBus.EventQueue.take(EventQueue.java:58)
	at Orchestrator.Orchestrator.start(Orchestrator.java:78)
	at Orchestrator.OrchestratorTests.lambda$runOrchestratorInThread$0(OrchestratorTests.java:71)
	at java.base/java.lang.Thread.run(Thread.java:1583)
10:54:20.824 [Thread-1] ERROR Orchestrator.Orchestrator -- Event queue was interrupted
java.lang.InterruptedException: null
	at EventBus.EventQueue.take(EventQueue.java:58)
	at Orchestrator.Orchestrator.start(Orchestrator.java:78)
	at Orchestrator.OrchestratorTests.lambda$runOrchestratorInThread$0(OrchestratorTests.java:71)
	at java.base/java.lang.Thread.run(Thread.java:1583)
10:54:20.824 [Thread-1] ERROR Orchestrator.Orchestrator -- Event queue was interrupted
java.lang.InterruptedException: null
	at EventBus.EventQueue.take(EventQueue.java:58)
	at Orchestrator.Orchestrator.start(Orchestrator.java:78)
	at Orchestrator.OrchestratorTests.lambda$runOrchestratorInThread$0(OrchestratorTests.java:71)
	at java.base/java.lang.Thread.run(Thread.java:1583)
10:54:20.824 [Thread-1] ERROR Orchestrator.Orchestrator -- Event queue was interrupted
java.lang.InterruptedException: null
	at EventBus.EventQueue.take(EventQueue.java:58)
	at Orchestrator.Orchestrator.start(Orchestrator.java:78)
	at Orchestrator.OrchestratorTests.lambda$runOrchestratorInThread$0(OrchestratorTests.java:71)
	at java.base/java.lang.Thread.run(Thread.java:1583)
10:54:20.824 [Thread-1] ERROR Orchestrator.Orchestrator -- Event queue was interrupted
java.lang.InterruptedException: null
	at EventBus.EventQueue.take(EventQueue.java:58)
	at Orchestrator.Orchestrator.start(Orchestrator.java:78)
	at Orchestrator.OrchestratorTests.lambda$runOrchestratorInThread$0(OrchestratorTests.java:71)
	at java.base/java.lang.Thread.run(Thread.java:1583)
10:54:20.824 [Thread-1] ERROR Orchestrator.Orchestrator -- Event queue was interrupted
java.lang.InterruptedException: null
	at EventBus.EventQueue.take(EventQueue.java:58)
	at Orchestrator.Orchestrator.start(Orchestrator.java:78)
	at Orchestrator.OrchestratorTests.lambda$runOrchestratorInThread$0(OrchestratorTests.java:71)
	at java.base/java.lang.Thread.run(Thread.java:1583)
10:54:20.824 [Thread-1] ERROR Orchestrator.Orchestrator -- Event queue was interrupted
java.lang.InterruptedException: null
	at EventBus.EventQueue.take(EventQueue.java:58)
	at Orchestrator.Orchestrator.start(Orchestrator.java:78)
	at Orchestrator.OrchestratorTests.lambda$runOrchestratorInThread$0(OrchestratorTests.java:71)
	at java.base/java.lang.Thread.run(Thread.java:1583)
10:54:20.824 [Thread-1] ERROR Orchestrator.Orchestrator -- Event queue was interrupted
java.lang.InterruptedException: null
	at EventBus.EventQueue.take(EventQueue.java:58)
	at Orchestrator.Orchestrator.start(Orchestrator.java:78)
	at Orchestrator.OrchestratorTests.lambda$runOrchestratorInThread$0(OrchestratorTests.java:71)
	at java.base/java.lang.Thread.run(Thread.java:1583)
10:54:20.824 [Thread-1] ERROR Orchestrator.Orchestrator -- Event queue was interrupted
java.lang.InterruptedException: null
	at EventBus.EventQueue.take(EventQueue.java:58)
	at Orchestrator.Orchestrator.start(Orchestrator.java:78)
	at Orchestrator.OrchestratorTests.lambda$runOrchestratorInThread$0(OrchestratorTests.java:71)
	at java.base/java.lang.Thread.run(Thread.java:1583)
10:54:20.824 [Thread-1] ERROR Orchestrator.Orchestrator -- Event queue was interrupted
java.lang.InterruptedException: null
	at EventBus.EventQueue.take(EventQueue.java:58)
	at Orchestrator.Orchestrator.start(Orchestrator.java:78)
	at Orchestrator.OrchestratorTests.lambda$runOrchestratorInThread$0(OrchestratorTests.java:71)
	at java.base/java.lang.Thread.run(Thread.java:1583)
10:54:20.824 [Thread-1] ERROR Orchestrator.Orchestrator -- Event queue was interrupted
java.lang.InterruptedException: null
	at EventBus.EventQueue.take(EventQueue.java:58)
	at Orchestrator.Orchestrator.start(Orchestrator.java:78)
	at Orchestrator.OrchestratorTests.lambda$runOrchestratorInThread$0(OrchestratorTests.java:71)
	at java.base/java.lang.Thread.run(Thread.java:1583)
10:54:20.824 [Thread-1] ERROR Orchestrator.Orchestrator -- Event queue was interrupted
java.lang.InterruptedException: null
	at EventBus.EventQueue.take(EventQueue.java:58)
	at Orchestrator.Orchestrator.start(Orchestrator.java:78)
	at Orchestrator.OrchestratorTests.lambda$runOrchestratorInThread$0(OrchestratorTests.java:71)
	at java.base/java.lang.Thread.run(Thread.java:1583)
10:54:20.824 [Thread-1] ERROR Orchestrator.Orchestrator -- Event queue was interrupted
java.lang.InterruptedException: null
	at EventBus.EventQueue.take(EventQueue.java:58)
	at Orchestrator.Orchestrator.start(Orchestrator.java:78)
	at Orchestrator.OrchestratorTests.lambda$runOrchestratorInThread$0(OrchestratorTests.java:71)
	at java.base/java.lang.Thread.run(Thread.java:1583)
10:54:20.825 [Thread-1] ERROR Orchestrator.Orchestrator -- Event queue was interrupted
java.lang.InterruptedException: null
	at EventBus.EventQueue.take(EventQueue.java:58)
	at Orchestrator.Orchestrator.start(Orchestrator.java:78)
	at Orchestrator.OrchestratorTests.lambda$runOrchestratorInThread$0(OrchestratorTests.java:71)
	at java.base/java.lang.Thread.run(Thread.java:1583)
10:54:20.825 [Thread-1] ERROR Orchestrator.Orchestrator -- Event queue was interrupted
java.lang.InterruptedException: null
	at EventBus.EventQueue.take(EventQueue.java:58)
	at Orchestrator.Orchestrator.start(Orchestrator.java:78)
	at Orchestrator.OrchestratorTests.lambda$runOrchestratorInThread$0(OrchestratorTests.java:71)
	at java.base/java.lang.Thread.run(Thread.java:1583)
10:54:20.825 [Thread-1] ERROR Orchestrator.Orchestrator -- Event queue was interrupted
java.lang.InterruptedException: null
	at EventBus.EventQueue.take(EventQueue.java:58)
	at Orchestrator.Orchestrator.start(Orchestrator.java:78)
	at Orchestrator.OrchestratorTests.lambda$runOrchestratorInThread$0(OrchestratorTests.java:71)
	at java.base/java.lang.Thread.run(Thread.java:1583)
10:54:20.825 [Thread-1] ERROR Orchestrator.Orchestrator -- Event queue was interrupted
java.lang.InterruptedException: null
	at EventBus.EventQueue.take(EventQueue.java:58)
	at Orchestrator.Orchestrator.start(Orchestrator.java:78)
	at Orchestrator.OrchestratorTests.lambda$runOrchestratorInThread$0(OrchestratorTests.java:71)
	at java.base/java.lang.Thread.run(Thread.java:1583)
10:54:20.825 [Thread-1] ERROR Orchestrator.Orchestrator -- Event queue was interrupted
java.lang.InterruptedException: null
	at EventBus.EventQueue.take(EventQueue.java:58)
	at Orchestrator.Orchestrator.start(Orchestrator.java:78)
	at Orchestrator.OrchestratorTests.lambda$runOrchestratorInThread$0(OrchestratorTests.java:71)
	at java.base/java.lang.Thread.run(Thread.java:1583)
10:54:20.825 [Thread-1] ERROR Orchestrator.Orchestrator -- Event queue was interrupted
java.lang.InterruptedException: null
	at EventBus.EventQueue.take(EventQueue.java:58)
	at Orchestrator.Orchestrator.start(Orchestrator.java:78)
	at Orchestrator.OrchestratorTests.lambda$runOrchestratorInThread$0(OrchestratorTests.java:71)
	at java.base/java.lang.Thread.run(Thread.java:1583)
10:54:20.825 [Thread-1] ERROR Orchestrator.Orchestrator -- Event queue was interrupted
java.lang.InterruptedException: null
	at EventBus.EventQueue.take(EventQueue.java:58)
	at Orchestrator.Orchestrator.start(Orchestrator.java:78)
	at Orchestrator.OrchestratorTests.lambda$runOrchestratorInThread$0(OrchestratorTests.java:71)
	at java.base/java.lang.Thread.run(Thread.java:1583)
10:54:20.825 [Thread-1] ERROR Orchestrator.Orchestrator -- Event queue was interrupted
java.lang.InterruptedException: null
	at EventBus.EventQueue.take(EventQueue.java:58)
	at Orchestrator.Orchestrator.start(Orchestrator.java:78)
	at Orchestrator.OrchestratorTests.lambda$runOrchestratorInThread$0(OrchestratorTests.java:71)
	at java.base/java.lang.Thread.run(Thread.java:1583)
10:54:20.825 [Thread-1] ERROR Orchestrator.Orchestrator -- Event queue was interrupted
java.lang.InterruptedException: null
	at EventBus.EventQueue.take(EventQueue.java:58)
	at Orchestrator.Orchestrator.start(Orchestrator.java:78)
	at Orchestrator.OrchestratorTests.lambda$runOrchestratorInThread$0(OrchestratorTests.java:71)
	at java.base/java.lang.Thread.run(Thread.java:1583)
10:54:20.825 [Thread-1] ERROR Orchestrator.Orchestrator -- Event queue was interrupted
java.lang.InterruptedException: null
	at EventBus.EventQueue.take(EventQueue.java:58)
	at Orchestrator.Orchestrator.start(Orchestrator.java:78)
	at Orchestrator.OrchestratorTests.lambda$runOrchestratorInThread$0(OrchestratorTests.java:71)
	at java.base/java.lang.Thread.run(Thread.java:1583)
10:54:20.825 [Thread-1] ERROR Orchestrator.Orchestrator -- Event queue was interrupted
java.lang.InterruptedException: null
	at EventBus.EventQueue.take(EventQueue.java:58)
	at Orchestrator.Orchestrator.start(Orchestrator.java:78)
	at Orchestrator.OrchestratorTests.lambda$runOrchestratorInThread$0(OrchestratorTests.java:71)
	at java.base/java.lang.Thread.run(Thread.java:1583)
10:54:20.825 [Thread-1] ERROR Orchestrator.Orchestrator -- Event queue was interrupted
java.lang.InterruptedException: null
	at EventBus.EventQueue.take(EventQueue.java:58)
	at Orchestrator.Orchestrator.start(Orchestrator.java:78)
	at Orchestrator.OrchestratorTests.lambda$runOrchestratorInThread$0(OrchestratorTests.java:71)
	at java.base/java.lang.Thread.run(Thread.java:1583)
10:54:20.826 [Thread-1] ERROR Orchestrator.Orchestrator -- Event queue was interrupted
java.lang.InterruptedException: null
	at EventBus.EventQueue.take(EventQueue.java:58)
	at Orchestrator.Orchestrator.start(Orchestrator.java:78)
	at Orchestrator.OrchestratorTests.lambda$runOrchestratorInThread$0(OrchestratorTests.java:71)
	at java.base/java.lang.Thread.run(Thread.java:1583)
10:54:20.826 [Thread-1] ERROR Orchestrator.Orchestrator -- Event queue was interrupted
java.lang.InterruptedException: null
	at EventBus.EventQueue.take(EventQueue.java:58)
	at Orchestrator.Orchestrator.start(Orchestrator.java:78)
	at Orchestrator.OrchestratorTests.lambda$runOrchestratorInThread$0(OrchestratorTests.java:71)
	at java.base/java.lang.Thread.run(Thread.java:1583)
10:54:20.826 [Thread-1] ERROR Orchestrator.Orchestrator -- Event queue was interrupted
java.lang.InterruptedException: null
	at EventBus.EventQueue.take(EventQueue.java:58)
	at Orchestrator.Orchestrator.start(Orchestrator.java:78)
	at Orchestrator.OrchestratorTests.lambda$runOrchestratorInThread$0(OrchestratorTests.java:71)
	at java.base/java.lang.Thread.run(Thread.java:1583)
10:54:20.826 [Thread-1] ERROR Orchestrator.Orchestrator -- Event queue was interrupted
java.lang.InterruptedException: null
	at EventBus.EventQueue.take(EventQueue.java:58)
	at Orchestrator.Orchestrator.start(Orchestrator.java:78)
	at Orchestrator.OrchestratorTests.lambda$runOrchestratorInThread$0(OrchestratorTests.java:71)
	at java.base/java.lang.Thread.run(Thread.java:1583)
10:54:20.826 [Thread-1] ERROR Orchestrator.Orchestrator -- Event queue was interrupted
java.lang.InterruptedException: null
	at EventBus.EventQueue.take(EventQueue.java:58)
	at Orchestrator.Orchestrator.start(Orchestrator.java:78)
	at Orchestrator.OrchestratorTests.lambda$runOrchestratorInThread$0(OrchestratorTests.java:71)
	at java.base/java.lang.Thread.run(Thread.java:1583)
10:54:20.826 [Thread-1] ERROR Orchestrator.Orchestrator -- Event queue was interrupted
java.lang.InterruptedException: null
	at EventBus.EventQueue.take(EventQueue.java:58)
	at Orchestrator.Orchestrator.start(Orchestrator.java:78)
	at Orchestrator.OrchestratorTests.lambda$runOrchestratorInThread$0(OrchestratorTests.java:71)
	at java.base/java.lang.Thread.run(Thread.java:1583)
10:54:20.826 [Thread-1] ERROR Orchestrator.Orchestrator -- Event queue was interrupted
java.lang.InterruptedException: null
	at EventBus.EventQueue.take(EventQueue.java:58)
	at Orchestrator.Orchestrator.start(Orchestrator.java:78)
	at Orchestrator.OrchestratorTests.lambda$runOrchestratorInThread$0(OrchestratorTests.java:71)
	at java.base/java.lang.Thread.run(Thread.java:1583)
10:54:20.826 [Thread-1] ERROR Orchestrator.Orchestrator -- Event queue was interrupted
java.lang.InterruptedException: null
	at EventBus.EventQueue.take(EventQueue.java:58)
	at Orchestrator.Orchestrator.start(Orchestrator.java:78)
	at Orchestrator.OrchestratorTests.lambda$runOrchestratorInThread$0(OrchestratorTests.java:71)
	at java.base/java.lang.Thread.run(Thread.java:1583)
10:54:20.826 [Thread-1] ERROR Orchestrator.Orchestrator -- Event queue was interrupted
java.lang.InterruptedException: null
	at EventBus.EventQueue.take(EventQueue.java:58)
	at Orchestrator.Orchestrator.start(Orchestrator.java:78)
	at Orchestrator.OrchestratorTests.lambda$runOrchestratorInThread$0(OrchestratorTests.java:71)
	at java.base/java.lang.Thread.run(Thread.java:1583)
10:54:20.826 [Thread-1] ERROR Orchestrator.Orchestrator -- Event queue was interrupted
java.lang.InterruptedException: null
	at EventBus.EventQueue.take(EventQueue.java:58)
	at Orchestrator.Orchestrator.start(Orchestrator.java:78)
	at Orchestrator.OrchestratorTests.lambda$runOrchestratorInThread$0(OrchestratorTests.java:71)
	at java.base/java.lang.Thread.run(Thread.java:1583)
10:54:20.826 [Thread-1] ERROR Orchestrator.Orchestrator -- Event queue was interrupted
java.lang.InterruptedException: null
	at EventBus.EventQueue.take(EventQueue.java:58)
	at Orchestrator.Orchestrator.start(Orchestrator.java:78)
	at Orchestrator.OrchestratorTests.lambda$runOrchestratorInThread$0(OrchestratorTests.java:71)
	at java.base/java.lang.Thread.run(Thread.java:1583)
10:54:20.826 [Thread-1] ERROR Orchestrator.Orchestrator -- Event queue was interrupted
java.lang.InterruptedException: null
	at EventBus.EventQueue.take(EventQueue.java:58)
	at Orchestrator.Orchestrator.start(Orchestrator.java:78)
	at Orchestrator.OrchestratorTests.lambda$runOrchestratorInThread$0(OrchestratorTests.java:71)
	at java.base/java.lang.Thread.run(Thread.java:1583)
10:54:20.827 [Thread-1] ERROR Orchestrator.Orchestrator -- Event queue was interrupted
java.lang.InterruptedException: null
	at EventBus.EventQueue.take(EventQueue.java:58)
	at Orchestrator.Orchestrator.start(Orchestrator.java:78)
	at Orchestrator.OrchestratorTests.lambda$runOrchestratorInThread$0(OrchestratorTests.java:71)
	at java.base/java.lang.Thread.run(Thread.java:1583)
10:54:20.827 [Thread-1] ERROR Orchestrator.Orchestrator -- Event queue was interrupted
java.lang.InterruptedException: null
	at EventBus.EventQueue.take(EventQueue.java:58)
	at Orchestrator.Orchestrator.start(Orchestrator.java:78)
	at Orchestrator.OrchestratorTests.lambda$runOrchestratorInThread$0(OrchestratorTests.java:71)
	at java.base/java.lang.Thread.run(Thread.java:1583)
10:54:20.827 [Thread-1] ERROR Orchestrator.Orchestrator -- Event queue was interrupted
java.lang.InterruptedException: null
	at EventBus.EventQueue.take(EventQueue.java:58)
	at Orchestrator.Orchestrator.start(Orchestrator.java:78)
	at Orchestrator.OrchestratorTests.lambda$runOrchestratorInThread$0(OrchestratorTests.java:71)
	at java.base/java.lang.Thread.run(Thread.java:1583)
10:54:20.827 [Thread-1] ERROR Orchestrator.Orchestrator -- Event queue was interrupted
java.lang.InterruptedException: null
	at EventBus.EventQueue.take(EventQueue.java:58)
	at Orchestrator.Orchestrator.start(Orchestrator.java:78)
	at Orchestrator.OrchestratorTests.lambda$runOrchestratorInThread$0(OrchestratorTests.java:71)
	at java.base/java.lang.Thread.run(Thread.java:1583)
10:54:20.827 [Thread-1] ERROR Orchestrator.Orchestrator -- Event queue was interrupted
java.lang.InterruptedException: null
	at EventBus.EventQueue.take(EventQueue.java:58)
	at Orchestrator.Orchestrator.start(Orchestrator.java:78)
	at Orchestrator.OrchestratorTests.lambda$runOrchestratorInThread$0(OrchestratorTests.java:71)
	at java.base/java.lang.Thread.run(Thread.java:1583)
10:54:20.827 [Thread-1] ERROR Orchestrator.Orchestrator -- Event queue was interrupted
java.lang.InterruptedException: null
	at EventBus.EventQueue.take(EventQueue.java:58)
	at Orchestrator.Orchestrator.start(Orchestrator.java:78)
	at Orchestrator.OrchestratorTests.lambda$runOrchestratorInThread$0(OrchestratorTests.java:71)
	at java.base/java.lang.Thread.run(Thread.java:1583)
10:54:20.827 [Thread-1] ERROR Orchestrator.Orchestrator -- Event queue was interrupted
java.lang.InterruptedException: null
	at EventBus.EventQueue.take(EventQueue.java:58)
	at Orchestrator.Orchestrator.start(Orchestrator.java:78)
	at Orchestrator.OrchestratorTests.lambda$runOrchestratorInThread$0(OrchestratorTests.java:71)
	at java.base/java.lang.Thread.run(Thread.java:1583)
10:54:20.827 [Thread-1] ERROR Orchestrator.Orchestrator -- Event queue was interrupted
java.lang.InterruptedException: null
	at EventBus.EventQueue.take(EventQueue.java:58)
	at Orchestrator.Orchestrator.start(Orchestrator.java:78)
	at Orchestrator.OrchestratorTests.lambda$runOrchestratorInThread$0(OrchestratorTests.java:71)
	at java.base/java.lang.Thread.run(Thread.java:1583)
10:54:20.827 [Thread-1] ERROR Orchestrator.Orchestrator -- Event queue was interrupted
java.lang.InterruptedException: null
	at EventBus.EventQueue.take(EventQueue.java:58)
	at Orchestrator.Orchestrator.start(Orchestrator.java:78)
	at Orchestrator.OrchestratorTests.lambda$runOrchestratorInThread$0(OrchestratorTests.java:71)
	at java.base/java.lang.Thread.run(Thread.java:1583)
10:54:20.827 [Thread-1] ERROR Orchestrator.Orchestrator -- Event queue was interrupted
java.lang.InterruptedException: null
	at EventBus.EventQueue.take(EventQueue.java:58)
	at Orchestrator.Orchestrator.start(Orchestrator.java:78)
	at Orchestrator.OrchestratorTests.lambda$runOrchestratorInThread$0(OrchestratorTests.java:71)
	at java.base/java.lang.Thread.run(Thread.java:1583)
10:54:20.827 [Thread-1] ERROR Orchestrator.Orchestrator -- Event queue was interrupted
java.lang.InterruptedException: null
	at EventBus.EventQueue.take(EventQueue.java:58)
	at Orchestrator.Orchestrator.start(Orchestrator.java:78)
	at Orchestrator.OrchestratorTests.lambda$runOrchestratorInThread$0(OrchestratorTests.java:71)
	at java.base/java.lang.Thread.run(Thread.java:1583)
10:54:20.827 [Thread-1] ERROR Orchestrator.Orchestrator -- Event queue was interrupted
java.lang.InterruptedException: null
	at EventBus.EventQueue.take(EventQueue.java:58)
	at Orchestrator.Orchestrator.start(Orchestrator.java:78)
	at Orchestrator.OrchestratorTests.lambda$runOrchestratorInThread$0(OrchestratorTests.java:71)
	at java.base/java.lang.Thread.run(Thread.java:1583)
10:54:20.827 [Thread-1] ERROR Orchestrator.Orchestrator -- Event queue was interrupted
java.lang.InterruptedException: null
	at EventBus.EventQueue.take(EventQueue.java:58)
	at Orchestrator.Orchestrator.start(Orchestrator.java:78)
	at Orchestrator.OrchestratorTests.lambda$runOrchestratorInThread$0(OrchestratorTests.java:71)
	at java.base/java.lang.Thread.run(Thread.java:1583)
10:54:20.828 [Thread-1] ERROR Orchestrator.Orchestrator -- Event queue was interrupted
java.lang.InterruptedException: null
	at EventBus.EventQueue.take(EventQueue.java:58)
	at Orchestrator.Orchestrator.start(Orchestrator.java:78)
	at Orchestrator.OrchestratorTests.lambda$runOrchestratorInThread$0(OrchestratorTests.java:71)
	at java.base/java.lang.Thread.run(Thread.java:1583)
10:54:20.828 [Thread-1] ERROR Orchestrator.Orchestrator -- Event queue was interrupted
java.lang.InterruptedException: null
	at EventBus.EventQueue.take(EventQueue.java:58)
	at Orchestrator.Orchestrator.start(Orchestrator.java:78)
	at Orchestrator.OrchestratorTests.lambda$runOrchestratorInThread$0(OrchestratorTests.java:71)
	at java.base/java.lang.Thread.run(Thread.java:1583)
10:54:20.828 [Thread-1] ERROR Orchestrator.Orchestrator -- Event queue was interrupted
java.lang.InterruptedException: null
	at EventBus.EventQueue.take(EventQueue.java:58)
	at Orchestrator.Orchestrator.start(Orchestrator.java:78)
	at Orchestrator.OrchestratorTests.lambda$runOrchestratorInThread$0(OrchestratorTests.java:71)
	at java.base/java.lang.Thread.run(Thread.java:1583)
10:54:20.828 [Thread-1] ERROR Orchestrator.Orchestrator -- Event queue was interrupted
java.lang.InterruptedException: null
	at EventBus.EventQueue.take(EventQueue.java:58)
	at Orchestrator.Orchestrator.start(Orchestrator.java:78)
	at Orchestrator.OrchestratorTests.lambda$runOrchestratorInThread$0(OrchestratorTests.java:71)
	at java.base/java.lang.Thread.run(Thread.java:1583)
10:54:20.828 [Thread-1] ERROR Orchestrator.Orchestrator -- Event queue was interrupted
java.lang.InterruptedException: null
	at EventBus.EventQueue.take(EventQueue.java:58)
	at Orchestrator.Orchestrator.start(Orchestrator.java:78)
	at Orchestrator.OrchestratorTests.lambda$runOrchestratorInThread$0(OrchestratorTests.java:71)
	at java.base/java.lang.Thread.run(Thread.java:1583)
10:54:20.828 [Thread-1] ERROR Orchestrator.Orchestrator -- Event queue was interrupted
java.lang.InterruptedException: null
	at EventBus.EventQueue.take(EventQueue.java:58)
	at Orchestrator.Orchestrator.start(Orchestrator.java:78)
	at Orchestrator.OrchestratorTests.lambda$runOrchestratorInThread$0(OrchestratorTests.java:71)
	at java.base/java.lang.Thread.run(Thread.java:1583)
10:54:20.828 [Thread-1] ERROR Orchestrator.Orchestrator -- Event queue was interrupted
java.lang.InterruptedException: null
	at EventBus.EventQueue.take(EventQueue.java:58)
	at Orchestrator.Orchestrator.start(Orchestrator.java:78)
	at Orchestrator.OrchestratorTests.lambda$runOrchestratorInThread$0(OrchestratorTests.java:71)
	at java.base/java.lang.Thread.run(Thread.java:1583)
10:54:20.828 [Thread-1] ERROR Orchestrator.Orchestrator -- Event queue was interrupted
java.lang.InterruptedException: null
	at EventBus.EventQueue.take(EventQueue.java:58)
	at Orchestrator.Orchestrator.start(Orchestrator.java:78)
	at Orchestrator.OrchestratorTests.lambda$runOrchestratorInThread$0(OrchestratorTests.java:71)
	at java.base/java.lang.Thread.run(Thread.java:1583)
10:54:20.828 [Thread-1] ERROR Orchestrator.Orchestrator -- Event queue was interrupted
java.lang.InterruptedException: null
	at EventBus.EventQueue.take(EventQueue.java:58)
	at Orchestrator.Orchestrator.start(Orchestrator.java:78)
	at Orchestrator.OrchestratorTests.lambda$runOrchestratorInThread$0(OrchestratorTests.java:71)
	at java.base/java.lang.Thread.run(Thread.java:1583)
10:54:20.828 [Thread-1] ERROR Orchestrator.Orchestrator -- Event queue was interrupted
java.lang.InterruptedException: null
	at EventBus.EventQueue.take(EventQueue.java:58)
	at Orchestrator.Orchestrator.start(Orchestrator.java:78)
	at Orchestrator.OrchestratorTests.lambda$runOrchestratorInThread$0(OrchestratorTests.java:71)
	at java.base/java.lang.Thread.run(Thread.java:1583)
10:54:20.828 [Thread-1] ERROR Orchestrator.Orchestrator -- Event queue was interrupted
java.lang.InterruptedException: null
	at EventBus.EventQueue.take(EventQueue.java:58)
	at Orchestrator.Orchestrator.start(Orchestrator.java:78)
	at Orchestrator.OrchestratorTests.lambda$runOrchestratorInThread$0(OrchestratorTests.java:71)
	at java.base/java.lang.Thread.run(Thread.java:1583)
10:54:20.829 [Thread-1] ERROR Orchestrator.Orchestrator -- Event queue was interrupted
java.lang.InterruptedException: null
	at EventBus.EventQueue.take(EventQueue.java:58)
	at Orchestrator.Orchestrator.start(Orchestrator.java:78)
	at Orchestrator.OrchestratorTests.lambda$runOrchestratorInThread$0(OrchestratorTests.java:71)
	at java.base/java.lang.Thread.run(Thread.java:1583)
10:54:20.829 [Thread-1] ERROR Orchestrator.Orchestrator -- Event queue was interrupted
java.lang.InterruptedException: null
	at EventBus.EventQueue.take(EventQueue.java:58)
	at Orchestrator.Orchestrator.start(Orchestrator.java:78)
	at Orchestrator.OrchestratorTests.lambda$runOrchestratorInThread$0(OrchestratorTests.java:71)
	at java.base/java.lang.Thread.run(Thread.java:1583)
10:54:20.829 [Thread-1] ERROR Orchestrator.Orchestrator -- Event queue was interrupted
java.lang.InterruptedException: null
	at EventBus.EventQueue.take(EventQueue.java:58)
	at Orchestrator.Orchestrator.start(Orchestrator.java:78)
	at Orchestrator.OrchestratorTests.lambda$runOrchestratorInThread$0(OrchestratorTests.java:71)
	at java.base/java.lang.Thread.run(Thread.java:1583)
10:54:20.829 [Thread-1] ERROR Orchestrator.Orchestrator -- Event queue was interrupted
java.lang.InterruptedException: null
	at EventBus.EventQueue.take(EventQueue.java:58)
	at Orchestrator.Orchestrator.start(Orchestrator.java:78)
	at Orchestrator.OrchestratorTests.lambda$runOrchestratorInThread$0(OrchestratorTests.java:71)
	at java.base/java.lang.Thread.run(Thread.java:1583)
10:54:20.829 [Thread-1] ERROR Orchestrator.Orchestrator -- Event queue was interrupted
java.lang.InterruptedException: null
	at EventBus.EventQueue.take(EventQueue.java:58)
	at Orchestrator.Orchestrator.start(Orchestrator.java:78)
	at Orchestrator.OrchestratorTests.lambda$runOrchestratorInThread$0(OrchestratorTests.java:71)
	at java.base/java.lang.Thread.run(Thread.java:1583)
10:54:20.829 [Thread-1] ERROR Orchestrator.Orchestrator -- Event queue was interrupted
java.lang.InterruptedException: null
	at EventBus.EventQueue.take(EventQueue.java:58)
	at Orchestrator.Orchestrator.start(Orchestrator.java:78)
	at Orchestrator.OrchestratorTests.lambda$runOrchestratorInThread$0(OrchestratorTests.java:71)
	at java.base/java.lang.Thread.run(Thread.java:1583)
10:54:20.829 [Thread-1] ERROR Orchestrator.Orchestrator -- Event queue was interrupted
java.lang.InterruptedException: null
	at EventBus.EventQueue.take(EventQueue.java:58)
	at Orchestrator.Orchestrator.start(Orchestrator.java:78)
	at Orchestrator.OrchestratorTests.lambda$runOrchestratorInThread$0(OrchestratorTests.java:71)
	at java.base/java.lang.Thread.run(Thread.java:1583)
10:54:20.829 [Thread-1] ERROR Orchestrator.Orchestrator -- Event queue was interrupted
java.lang.InterruptedException: null
	at EventBus.EventQueue.take(EventQueue.java:58)
	at Orchestrator.Orchestrator.start(Orchestrator.java:78)
	at Orchestrator.OrchestratorTests.lambda$runOrchestratorInThread$0(OrchestratorTests.java:71)
	at java.base/java.lang.Thread.run(Thread.java:1583)
10:54:20.829 [Thread-1] ERROR Orchestrator.Orchestrator -- Event queue was interrupted
java.lang.InterruptedException: null
	at EventBus.EventQueue.take(EventQueue.java:58)
	at Orchestrator.Orchestrator.start(Orchestrator.java:78)
	at Orchestrator.OrchestratorTests.lambda$runOrchestratorInThread$0(OrchestratorTests.java:71)
	at java.base/java.lang.Thread.run(Thread.java:1583)
10:54:20.829 [Thread-1] ERROR Orchestrator.Orchestrator -- Event queue was interrupted
java.lang.InterruptedException: null
	at EventBus.EventQueue.take(EventQueue.java:58)
	at Orchestrator.Orchestrator.start(Orchestrator.java:78)
	at Orchestrator.OrchestratorTests.lambda$runOrchestratorInThread$0(OrchestratorTests.java:71)
	at java.base/java.lang.Thread.run(Thread.java:1583)
10:54:20.829 [Thread-1] ERROR Orchestrator.Orchestrator -- Event queue was interrupted
java.lang.InterruptedException: null
	at EventBus.EventQueue.take(EventQueue.java:58)
	at Orchestrator.Orchestrator.start(Orchestrator.java:78)
	at Orchestrator.OrchestratorTests.lambda$runOrchestratorInThread$0(OrchestratorTests.java:71)
	at java.base/java.lang.Thread.run(Thread.java:1583)
10:54:20.829 [Thread-1] ERROR Orchestrator.Orchestrator -- Event queue was interrupted
java.lang.InterruptedException: null
	at EventBus.EventQueue.take(EventQueue.java:58)
	at Orchestrator.Orchestrator.start(Orchestrator.java:78)
	at Orchestrator.OrchestratorTests.lambda$runOrchestratorInThread$0(OrchestratorTests.java:71)
	at java.base/java.lang.Thread.run(Thread.java:1583)
10:54:20.829 [Thread-1] ERROR Orchestrator.Orchestrator -- Event queue was interrupted
java.lang.InterruptedException: null
	at EventBus.EventQueue.take(EventQueue.java:58)
	at Orchestrator.Orchestrator.start(Orchestrator.java:78)
	at Orchestrator.OrchestratorTests.lambda$runOrchestratorInThread$0(OrchestratorTests.java:71)
	at java.base/java.lang.Thread.run(Thread.java:1583)
10:54:20.829 [Thread-1] ERROR Orchestrator.Orchestrator -- Event queue was interrupted
java.lang.InterruptedException: null
	at EventBus.EventQueue.take(EventQueue.java:58)
	at Orchestrator.Orchestrator.start(Orchestrator.java:78)
	at Orchestrator.OrchestratorTests.lambda$runOrchestratorInThread$0(OrchestratorTests.java:71)
	at java.base/java.lang.Thread.run(Thread.java:1583)
10:54:20.829 [Thread-1] ERROR Orchestrator.Orchestrator -- Event queue was interrupted
java.lang.InterruptedException: null
	at EventBus.EventQueue.take(EventQueue.java:58)
	at Orchestrator.Orchestrator.start(Orchestrator.java:78)
	at Orchestrator.OrchestratorTests.lambda$runOrchestratorInThread$0(OrchestratorTests.java:71)
	at java.base/java.lang.Thread.run(Thread.java:1583)
10:54:20.830 [Thread-1] ERROR Orchestrator.Orchestrator -- Event queue was interrupted
java.lang.InterruptedException: null
	at EventBus.EventQueue.take(EventQueue.java:58)
	at Orchestrator.Orchestrator.start(Orchestrator.java:78)
	at Orchestrator.OrchestratorTests.lambda$runOrchestratorInThread$0(OrchestratorTests.java:71)
	at java.base/java.lang.Thread.run(Thread.java:1583)
10:54:20.830 [Thread-1] ERROR Orchestrator.Orchestrator -- Event queue was interrupted
java.lang.InterruptedException: null
	at EventBus.EventQueue.take(EventQueue.java:58)
	at Orchestrator.Orchestrator.start(Orchestrator.java:78)
	at Orchestrator.OrchestratorTests.lambda$runOrchestratorInThread$0(OrchestratorTests.java:71)
	at java.base/java.lang.Thread.run(Thread.java:1583)
10:54:20.830 [Thread-1] ERROR Orchestrator.Orchestrator -- Event queue was interrupted
java.lang.InterruptedException: null
	at EventBus.EventQueue.take(EventQueue.java:58)
	at Orchestrator.Orchestrator.start(Orchestrator.java:78)
	at Orchestrator.OrchestratorTests.lambda$runOrchestratorInThread$0(OrchestratorTests.java:71)
	at java.base/java.lang.Thread.run(Thread.java:1583)
10:54:20.830 [Thread-1] ERROR Orchestrator.Orchestrator -- Event queue was interrupted
java.lang.InterruptedException: null
	at EventBus.EventQueue.take(EventQueue.java:58)
	at Orchestrator.Orchestrator.start(Orchestrator.java:78)
	at Orchestrator.OrchestratorTests.lambda$runOrchestratorInThread$0(OrchestratorTests.java:71)
	at java.base/java.lang.Thread.run(Thread.java:1583)
10:54:20.830 [Thread-1] ERROR Orchestrator.Orchestrator -- Event queue was interrupted
java.lang.InterruptedException: null
	at EventBus.EventQueue.take(EventQueue.java:58)
	at Orchestrator.Orchestrator.start(Orchestrator.java:78)
	at Orchestrator.OrchestratorTests.lambda$runOrchestratorInThread$0(OrchestratorTests.java:71)
	at java.base/java.lang.Thread.run(Thread.java:1583)
10:54:20.830 [Thread-1] ERROR Orchestrator.Orchestrator -- Event queue was interrupted
java.lang.InterruptedException: null
	at EventBus.EventQueue.take(EventQueue.java:58)
	at Orchestrator.Orchestrator.start(Orchestrator.java:78)
	at Orchestrator.OrchestratorTests.lambda$runOrchestratorInThread$0(OrchestratorTests.java:71)
	at java.base/java.lang.Thread.run(Thread.java:1583)
10:54:20.830 [Thread-1] ERROR Orchestrator.Orchestrator -- Event queue was interrupted
java.lang.InterruptedException: null
	at EventBus.EventQueue.take(EventQueue.java:58)
	at Orchestrator.Orchestrator.start(Orchestrator.java:78)
	at Orchestrator.OrchestratorTests.lambda$runOrchestratorInThread$0(OrchestratorTests.java:71)
	at java.base/java.lang.Thread.run(Thread.java:1583)
10:54:20.830 [Thread-1] ERROR Orchestrator.Orchestrator -- Event queue was interrupted
java.lang.InterruptedException: null
	at EventBus.EventQueue.take(EventQueue.java:58)
	at Orchestrator.Orchestrator.start(Orchestrator.java:78)
	at Orchestrator.OrchestratorTests.lambda$runOrchestratorInThread$0(OrchestratorTests.java:71)
	at java.base/java.lang.Thread.run(Thread.java:1583)
10:54:20.830 [Thread-1] ERROR Orchestrator.Orchestrator -- Event queue was interrupted
java.lang.InterruptedException: null
	at EventBus.EventQueue.take(EventQueue.java:58)
	at Orchestrator.Orchestrator.start(Orchestrator.java:78)
	at Orchestrator.OrchestratorTests.lambda$runOrchestratorInThread$0(OrchestratorTests.java:71)
	at java.base/java.lang.Thread.run(Thread.java:1583)
10:54:20.830 [Thread-1] ERROR Orchestrator.Orchestrator -- Event queue was interrupted
java.lang.InterruptedException: null
	at EventBus.EventQueue.take(EventQueue.java:58)
	at Orchestrator.Orchestrator.start(Orchestrator.java:78)
	at Orchestrator.OrchestratorTests.lambda$runOrchestratorInThread$0(OrchestratorTests.java:71)
	at java.base/java.lang.Thread.run(Thread.java:1583)
10:54:20.830 [Thread-1] ERROR Orchestrator.Orchestrator -- Event queue was interrupted
java.lang.InterruptedException: null
	at EventBus.EventQueue.take(EventQueue.java:58)
	at Orchestrator.Orchestrator.start(Orchestrator.java:78)
	at Orchestrator.OrchestratorTests.lambda$runOrchestratorInThread$0(OrchestratorTests.java:71)
	at java.base/java.lang.Thread.run(Thread.java:1583)
10:54:20.830 [Thread-1] ERROR Orchestrator.Orchestrator -- Event queue was interrupted
java.lang.InterruptedException: null
	at EventBus.EventQueue.take(EventQueue.java:58)
	at Orchestrator.Orchestrator.start(Orchestrator.java:78)
	at Orchestrator.OrchestratorTests.lambda$runOrchestratorInThread$0(OrchestratorTests.java:71)
	at java.base/java.lang.Thread.run(Thread.java:1583)
10:54:20.831 [Thread-1] ERROR Orchestrator.Orchestrator -- Event queue was interrupted
java.lang.InterruptedException: null
	at EventBus.EventQueue.take(EventQueue.java:58)
	at Orchestrator.Orchestrator.start(Orchestrator.java:78)
	at Orchestrator.OrchestratorTests.lambda$runOrchestratorInThread$0(OrchestratorTests.java:71)
	at java.base/java.lang.Thread.run(Thread.java:1583)
10:54:20.831 [Thread-1] ERROR Orchestrator.Orchestrator -- Event queue was interrupted
java.lang.InterruptedException: null
	at EventBus.EventQueue.take(EventQueue.java:58)
	at Orchestrator.Orchestrator.start(Orchestrator.java:78)
	at Orchestrator.OrchestratorTests.lambda$runOrchestratorInThread$0(OrchestratorTests.java:71)
	at java.base/java.lang.Thread.run(Thread.java:1583)
10:54:20.831 [Thread-1] ERROR Orchestrator.Orchestrator -- Event queue was interrupted
java.lang.InterruptedException: null
	at EventBus.EventQueue.take(EventQueue.java:58)
	at Orchestrator.Orchestrator.start(Orchestrator.java:78)
	at Orchestrator.OrchestratorTests.lambda$runOrchestratorInThread$0(OrchestratorTests.java:71)
	at java.base/java.lang.Thread.run(Thread.java:1583)
10:54:20.831 [Thread-1] ERROR Orchestrator.Orchestrator -- Event queue was interrupted
java.lang.InterruptedException: null
	at EventBus.EventQueue.take(EventQueue.java:58)
	at Orchestrator.Orchestrator.start(Orchestrator.java:78)
	at Orchestrator.OrchestratorTests.lambda$runOrchestratorInThread$0(OrchestratorTests.java:71)
	at java.base/java.lang.Thread.run(Thread.java:1583)
10:54:20.831 [Thread-1] ERROR Orchestrator.Orchestrator -- Event queue was interrupted
java.lang.InterruptedException: null
	at EventBus.EventQueue.take(EventQueue.java:58)
	at Orchestrator.Orchestrator.start(Orchestrator.java:78)
	at Orchestrator.OrchestratorTests.lambda$runOrchestratorInThread$0(OrchestratorTests.java:71)
	at java.base/java.lang.Thread.run(Thread.java:1583)
10:54:20.831 [Thread-1] ERROR Orchestrator.Orchestrator -- Event queue was interrupted
java.lang.InterruptedException: null
	at EventBus.EventQueue.take(EventQueue.java:58)
	at Orchestrator.Orchestrator.start(Orchestrator.java:78)
	at Orchestrator.OrchestratorTests.lambda$runOrchestratorInThread$0(OrchestratorTests.java:71)
	at java.base/java.lang.Thread.run(Thread.java:1583)
10:54:20.831 [Thread-1] ERROR Orchestrator.Orchestrator -- Event queue was interrupted
java.lang.InterruptedException: null
	at EventBus.EventQueue.take(EventQueue.java:58)
	at Orchestrator.Orchestrator.start(Orchestrator.java:78)
	at Orchestrator.OrchestratorTests.lambda$runOrchestratorInThread$0(OrchestratorTests.java:71)
	at java.base/java.lang.Thread.run(Thread.java:1583)
10:54:20.831 [Thread-1] ERROR Orchestrator.Orchestrator -- Event queue was interrupted
java.lang.InterruptedException: null
	at EventBus.EventQueue.take(EventQueue.java:58)
	at Orchestrator.Orchestrator.start(Orchestrator.java:78)
	at Orchestrator.OrchestratorTests.lambda$runOrchestratorInThread$0(OrchestratorTests.java:71)
	at java.base/java.lang.Thread.run(Thread.java:1583)
10:54:20.832 [Thread-1] ERROR Orchestrator.Orchestrator -- Event queue was interrupted
java.lang.InterruptedException: null
	at EventBus.EventQueue.take(EventQueue.java:58)
	at Orchestrator.Orchestrator.start(Orchestrator.java:78)
	at Orchestrator.OrchestratorTests.lambda$runOrchestratorInThread$0(OrchestratorTests.java:71)
	at java.base/java.lang.Thread.run(Thread.java:1583)
10:54:20.832 [Thread-1] ERROR Orchestrator.Orchestrator -- Event queue was interrupted
java.lang.InterruptedException: null
	at EventBus.EventQueue.take(EventQueue.java:58)
	at Orchestrator.Orchestrator.start(Orchestrator.java:78)
	at Orchestrator.OrchestratorTests.lambda$runOrchestratorInThread$0(OrchestratorTests.java:71)
	at java.base/java.lang.Thread.run(Thread.java:1583)
10:54:20.832 [Thread-1] ERROR Orchestrator.Orchestrator -- Event queue was interrupted
java.lang.InterruptedException: null
	at EventBus.EventQueue.take(EventQueue.java:58)
	at Orchestrator.Orchestrator.start(Orchestrator.java:78)
	at Orchestrator.OrchestratorTests.lambda$runOrchestratorInThread$0(OrchestratorTests.java:71)
	at java.base/java.lang.Thread.run(Thread.java:1583)
10:54:20.832 [Thread-1] ERROR Orchestrator.Orchestrator -- Event queue was interrupted
java.lang.InterruptedException: null
	at EventBus.EventQueue.take(EventQueue.java:58)
	at Orchestrator.Orchestrator.start(Orchestrator.java:78)
	at Orchestrator.OrchestratorTests.lambda$runOrchestratorInThread$0(OrchestratorTests.java:71)
	at java.base/java.lang.Thread.run(Thread.java:1583)
10:54:20.832 [Thread-1] ERROR Orchestrator.Orchestrator -- Event queue was interrupted
java.lang.InterruptedException: null
	at EventBus.EventQueue.take(EventQueue.java:58)
	at Orchestrator.Orchestrator.start(Orchestrator.java:78)
	at Orchestrator.OrchestratorTests.lambda$runOrchestratorInThread$0(OrchestratorTests.java:71)
	at java.base/java.lang.Thread.run(Thread.java:1583)
10:54:20.832 [Thread-1] ERROR Orchestrator.Orchestrator -- Event queue was interrupted
java.lang.InterruptedException: null
	at EventBus.EventQueue.take(EventQueue.java:58)
	at Orchestrator.Orchestrator.start(Orchestrator.java:78)
	at Orchestrator.OrchestratorTests.lambda$runOrchestratorInThread$0(OrchestratorTests.java:71)
	at java.base/java.lang.Thread.run(Thread.java:1583)
10:54:20.832 [Thread-1] ERROR Orchestrator.Orchestrator -- Event queue was interrupted
java.lang.InterruptedException: null
	at EventBus.EventQueue.take(EventQueue.java:58)
	at Orchestrator.Orchestrator.start(Orchestrator.java:78)
	at Orchestrator.OrchestratorTests.lambda$runOrchestratorInThread$0(OrchestratorTests.java:71)
	at java.base/java.lang.Thread.run(Thread.java:1583)
10:54:20.832 [Thread-1] ERROR Orchestrator.Orchestrator -- Event queue was interrupted
java.lang.InterruptedException: null
	at EventBus.EventQueue.take(EventQueue.java:58)
	at Orchestrator.Orchestrator.start(Orchestrator.java:78)
	at Orchestrator.OrchestratorTests.lambda$runOrchestratorInThread$0(OrchestratorTests.java:71)
	at java.base/java.lang.Thread.run(Thread.java:1583)
10:54:20.832 [Thread-1] ERROR Orchestrator.Orchestrator -- Event queue was interrupted
java.lang.InterruptedException: null
	at EventBus.EventQueue.take(EventQueue.java:58)
	at Orchestrator.Orchestrator.start(Orchestrator.java:78)
	at Orchestrator.OrchestratorTests.lambda$runOrchestratorInThread$0(OrchestratorTests.java:71)
	at java.base/java.lang.Thread.run(Thread.java:1583)
10:54:20.832 [Thread-1] ERROR Orchestrator.Orchestrator -- Event queue was interrupted
java.lang.InterruptedException: null
	at EventBus.EventQueue.take(EventQueue.java:58)
	at Orchestrator.Orchestrator.start(Orchestrator.java:78)
	at Orchestrator.OrchestratorTests.lambda$runOrchestratorInThread$0(OrchestratorTests.java:71)
	at java.base/java.lang.Thread.run(Thread.java:1583)
10:54:20.833 [Thread-1] ERROR Orchestrator.Orchestrator -- Event queue was interrupted
java.lang.InterruptedException: null
	at EventBus.EventQueue.take(EventQueue.java:58)
	at Orchestrator.Orchestrator.start(Orchestrator.java:78)
	at Orchestrator.OrchestratorTests.lambda$runOrchestratorInThread$0(OrchestratorTests.java:71)
	at java.base/java.lang.Thread.run(Thread.java:1583)
10:54:20.833 [Thread-1] ERROR Orchestrator.Orchestrator -- Event queue was interrupted
java.lang.InterruptedException: null
	at EventBus.EventQueue.take(EventQueue.java:58)
	at Orchestrator.Orchestrator.start(Orchestrator.java:78)
	at Orchestrator.OrchestratorTests.lambda$runOrchestratorInThread$0(OrchestratorTests.java:71)
	at java.base/java.lang.Thread.run(Thread.java:1583)
10:54:20.833 [Thread-1] ERROR Orchestrator.Orchestrator -- Event queue was interrupted
java.lang.InterruptedException: null
	at EventBus.EventQueue.take(EventQueue.java:58)
	at Orchestrator.Orchestrator.start(Orchestrator.java:78)
	at Orchestrator.OrchestratorTests.lambda$runOrchestratorInThread$0(OrchestratorTests.java:71)
	at java.base/java.lang.Thread.run(Thread.java:1583)
10:54:20.833 [Thread-1] ERROR Orchestrator.Orchestrator -- Event queue was interrupted
java.lang.InterruptedException: null
	at EventBus.EventQueue.take(EventQueue.java:58)
	at Orchestrator.Orchestrator.start(Orchestrator.java:78)
	at Orchestrator.OrchestratorTests.lambda$runOrchestratorInThread$0(OrchestratorTests.java:71)
	at java.base/java.lang.Thread.run(Thread.java:1583)
10:54:20.833 [Thread-1] ERROR Orchestrator.Orchestrator -- Event queue was interrupted
java.lang.InterruptedException: null
	at EventBus.EventQueue.take(EventQueue.java:58)
	at Orchestrator.Orchestrator.start(Orchestrator.java:78)
	at Orchestrator.OrchestratorTests.lambda$runOrchestratorInThread$0(OrchestratorTests.java:71)
	at java.base/java.lang.Thread.run(Thread.java:1583)
10:54:20.833 [Thread-1] ERROR Orchestrator.Orchestrator -- Event queue was interrupted
java.lang.InterruptedException: null
	at EventBus.EventQueue.take(EventQueue.java:58)
	at Orchestrator.Orchestrator.start(Orchestrator.java:78)
	at Orchestrator.OrchestratorTests.lambda$runOrchestratorInThread$0(OrchestratorTests.java:71)
	at java.base/java.lang.Thread.run(Thread.java:1583)
10:54:20.833 [Thread-1] ERROR Orchestrator.Orchestrator -- Event queue was interrupted
java.lang.InterruptedException: null
	at EventBus.EventQueue.take(EventQueue.java:58)
	at Orchestrator.Orchestrator.start(Orchestrator.java:78)
	at Orchestrator.OrchestratorTests.lambda$runOrchestratorInThread$0(OrchestratorTests.java:71)
	at java.base/java.lang.Thread.run(Thread.java:1583)
10:54:20.833 [Thread-1] ERROR Orchestrator.Orchestrator -- Event queue was interrupted
java.lang.InterruptedException: null
	at EventBus.EventQueue.take(EventQueue.java:58)
	at Orchestrator.Orchestrator.start(Orchestrator.java:78)
	at Orchestrator.OrchestratorTests.lambda$runOrchestratorInThread$0(OrchestratorTests.java:71)
	at java.base/java.lang.Thread.run(Thread.java:1583)
10:54:20.833 [Thread-1] ERROR Orchestrator.Orchestrator -- Event queue was interrupted
java.lang.InterruptedException: null
	at EventBus.EventQueue.take(EventQueue.java:58)
	at Orchestrator.Orchestrator.start(Orchestrator.java:78)
	at Orchestrator.OrchestratorTests.lambda$runOrchestratorInThread$0(OrchestratorTests.java:71)
	at java.base/java.lang.Thread.run(Thread.java:1583)
10:54:20.833 [Thread-1] ERROR Orchestrator.Orchestrator -- Event queue was interrupted
java.lang.InterruptedException: null
	at EventBus.EventQueue.take(EventQueue.java:58)
	at Orchestrator.Orchestrator.start(Orchestrator.java:78)
	at Orchestrator.OrchestratorTests.lambda$runOrchestratorInThread$0(OrchestratorTests.java:71)
	at java.base/java.lang.Thread.run(Thread.java:1583)
10:54:20.833 [Thread-1] ERROR Orchestrator.Orchestrator -- Event queue was interrupted
java.lang.InterruptedException: null
	at EventBus.EventQueue.take(EventQueue.java:58)
	at Orchestrator.Orchestrator.start(Orchestrator.java:78)
	at Orchestrator.OrchestratorTests.lambda$runOrchestratorInThread$0(OrchestratorTests.java:71)
	at java.base/java.lang.Thread.run(Thread.java:1583)
10:54:20.833 [Thread-1] ERROR Orchestrator.Orchestrator -- Event queue was interrupted
java.lang.InterruptedException: null
	at EventBus.EventQueue.take(EventQueue.java:58)
	at Orchestrator.Orchestrator.start(Orchestrator.java:78)
	at Orchestrator.OrchestratorTests.lambda$runOrchestratorInThread$0(OrchestratorTests.java:71)
	at java.base/java.lang.Thread.run(Thread.java:1583)
10:54:20.833 [Thread-1] ERROR Orchestrator.Orchestrator -- Event queue was interrupted
java.lang.InterruptedException: null
	at EventBus.EventQueue.take(EventQueue.java:58)
	at Orchestrator.Orchestrator.start(Orchestrator.java:78)
	at Orchestrator.OrchestratorTests.lambda$runOrchestratorInThread$0(OrchestratorTests.java:71)
	at java.base/java.lang.Thread.run(Thread.java:1583)
10:54:20.833 [Thread-1] ERROR Orchestrator.Orchestrator -- Event queue was interrupted
java.lang.InterruptedException: null
	at EventBus.EventQueue.take(EventQueue.java:58)
	at Orchestrator.Orchestrator.start(Orchestrator.java:78)
	at Orchestrator.OrchestratorTests.lambda$runOrchestratorInThread$0(OrchestratorTests.java:71)
	at java.base/java.lang.Thread.run(Thread.java:1583)
10:54:20.833 [Thread-1] ERROR Orchestrator.Orchestrator -- Event queue was interrupted
java.lang.InterruptedException: null
	at EventBus.EventQueue.take(EventQueue.java:58)
	at Orchestrator.Orchestrator.start(Orchestrator.java:78)
	at Orchestrator.OrchestratorTests.lambda$runOrchestratorInThread$0(OrchestratorTests.java:71)
	at java.base/java.lang.Thread.run(Thread.java:1583)
10:54:20.834 [Thread-1] ERROR Orchestrator.Orchestrator -- Event queue was interrupted
java.lang.InterruptedException: null
	at EventBus.EventQueue.take(EventQueue.java:58)
	at Orchestrator.Orchestrator.start(Orchestrator.java:78)
	at Orchestrator.OrchestratorTests.lambda$runOrchestratorInThread$0(OrchestratorTests.java:71)
	at java.base/java.lang.Thread.run(Thread.java:1583)
10:54:20.834 [Thread-1] ERROR Orchestrator.Orchestrator -- Event queue was interrupted
java.lang.InterruptedException: null
	at EventBus.EventQueue.take(EventQueue.java:58)
	at Orchestrator.Orchestrator.start(Orchestrator.java:78)
	at Orchestrator.OrchestratorTests.lambda$runOrchestratorInThread$0(OrchestratorTests.java:71)
	at java.base/java.lang.Thread.run(Thread.java:1583)
10:54:20.834 [Thread-1] ERROR Orchestrator.Orchestrator -- Event queue was interrupted
java.lang.InterruptedException: null
	at EventBus.EventQueue.take(EventQueue.java:58)
	at Orchestrator.Orchestrator.start(Orchestrator.java:78)
	at Orchestrator.OrchestratorTests.lambda$runOrchestratorInThread$0(OrchestratorTests.java:71)
	at java.base/java.lang.Thread.run(Thread.java:1583)
10:54:20.834 [Thread-1] ERROR Orchestrator.Orchestrator -- Event queue was interrupted
java.lang.InterruptedException: null
	at EventBus.EventQueue.take(EventQueue.java:58)
	at Orchestrator.Orchestrator.start(Orchestrator.java:78)
	at Orchestrator.OrchestratorTests.lambda$runOrchestratorInThread$0(OrchestratorTests.java:71)
	at java.base/java.lang.Thread.run(Thread.java:1583)
10:54:20.834 [Thread-1] ERROR Orchestrator.Orchestrator -- Event queue was interrupted
java.lang.InterruptedException: null
	at EventBus.EventQueue.take(EventQueue.java:58)
	at Orchestrator.Orchestrator.start(Orchestrator.java:78)
	at Orchestrator.OrchestratorTests.lambda$runOrchestratorInThread$0(OrchestratorTests.java:71)
	at java.base/java.lang.Thread.run(Thread.java:1583)
10:54:20.834 [Thread-1] ERROR Orchestrator.Orchestrator -- Event queue was interrupted
java.lang.InterruptedException: null
	at EventBus.EventQueue.take(EventQueue.java:58)
	at Orchestrator.Orchestrator.start(Orchestrator.java:78)
	at Orchestrator.OrchestratorTests.lambda$runOrchestratorInThread$0(OrchestratorTests.java:71)
	at java.base/java.lang.Thread.run(Thread.java:1583)
10:54:20.834 [Thread-1] ERROR Orchestrator.Orchestrator -- Event queue was interrupted
java.lang.InterruptedException: null
	at EventBus.EventQueue.take(EventQueue.java:58)
	at Orchestrator.Orchestrator.start(Orchestrator.java:78)
	at Orchestrator.OrchestratorTests.lambda$runOrchestratorInThread$0(OrchestratorTests.java:71)
	at java.base/java.lang.Thread.run(Thread.java:1583)
10:54:20.834 [Thread-1] ERROR Orchestrator.Orchestrator -- Event queue was interrupted
java.lang.InterruptedException: null
	at EventBus.EventQueue.take(EventQueue.java:58)
	at Orchestrator.Orchestrator.start(Orchestrator.java:78)
	at Orchestrator.OrchestratorTests.lambda$runOrchestratorInThread$0(OrchestratorTests.java:71)
	at java.base/java.lang.Thread.run(Thread.java:1583)
10:54:20.834 [Thread-1] ERROR Orchestrator.Orchestrator -- Event queue was interrupted
java.lang.InterruptedException: null
	at EventBus.EventQueue.take(EventQueue.java:58)
	at Orchestrator.Orchestrator.start(Orchestrator.java:78)
	at Orchestrator.OrchestratorTests.lambda$runOrchestratorInThread$0(OrchestratorTests.java:71)
	at java.base/java.lang.Thread.run(Thread.java:1583)
10:54:20.834 [Thread-1] ERROR Orchestrator.Orchestrator -- Event queue was interrupted
java.lang.InterruptedException: null
	at EventBus.EventQueue.take(EventQueue.java:58)
	at Orchestrator.Orchestrator.start(Orchestrator.java:78)
	at Orchestrator.OrchestratorTests.lambda$runOrchestratorInThread$0(OrchestratorTests.java:71)
	at java.base/java.lang.Thread.run(Thread.java:1583)
10:54:20.834 [Thread-1] ERROR Orchestrator.Orchestrator -- Event queue was interrupted
java.lang.InterruptedException: null
	at EventBus.EventQueue.take(EventQueue.java:58)
	at Orchestrator.Orchestrator.start(Orchestrator.java:78)
	at Orchestrator.OrchestratorTests.lambda$runOrchestratorInThread$0(OrchestratorTests.java:71)
	at java.base/java.lang.Thread.run(Thread.java:1583)
10:54:20.834 [Thread-1] ERROR Orchestrator.Orchestrator -- Event queue was interrupted
java.lang.InterruptedException: null
	at EventBus.EventQueue.take(EventQueue.java:58)
	at Orchestrator.Orchestrator.start(Orchestrator.java:78)
	at Orchestrator.OrchestratorTests.lambda$runOrchestratorInThread$0(OrchestratorTests.java:71)
	at java.base/java.lang.Thread.run(Thread.java:1583)
10:54:20.834 [Thread-1] ERROR Orchestrator.Orchestrator -- Event queue was interrupted
java.lang.InterruptedException: null
	at EventBus.EventQueue.take(EventQueue.java:58)
	at Orchestrator.Orchestrator.start(Orchestrator.java:78)
	at Orchestrator.OrchestratorTests.lambda$runOrchestratorInThread$0(OrchestratorTests.java:71)
	at java.base/java.lang.Thread.run(Thread.java:1583)
10:54:20.834 [Thread-1] ERROR Orchestrator.Orchestrator -- Event queue was interrupted
java.lang.InterruptedException: null
	at EventBus.EventQueue.take(EventQueue.java:58)
	at Orchestrator.Orchestrator.start(Orchestrator.java:78)
	at Orchestrator.OrchestratorTests.lambda$runOrchestratorInThread$0(OrchestratorTests.java:71)
	at java.base/java.lang.Thread.run(Thread.java:1583)
10:54:20.835 [Thread-1] ERROR Orchestrator.Orchestrator -- Event queue was interrupted
java.lang.InterruptedException: null
	at EventBus.EventQueue.take(EventQueue.java:58)
	at Orchestrator.Orchestrator.start(Orchestrator.java:78)
	at Orchestrator.OrchestratorTests.lambda$runOrchestratorInThread$0(OrchestratorTests.java:71)
	at java.base/java.lang.Thread.run(Thread.java:1583)
10:54:20.835 [Thread-1] ERROR Orchestrator.Orchestrator -- Event queue was interrupted
java.lang.InterruptedException: null
	at EventBus.EventQueue.take(EventQueue.java:58)
	at Orchestrator.Orchestrator.start(Orchestrator.java:78)
	at Orchestrator.OrchestratorTests.lambda$runOrchestratorInThread$0(OrchestratorTests.java:71)
	at java.base/java.lang.Thread.run(Thread.java:1583)
10:54:20.835 [Thread-1] ERROR Orchestrator.Orchestrator -- Event queue was interrupted
java.lang.InterruptedException: null
	at EventBus.EventQueue.take(EventQueue.java:58)
	at Orchestrator.Orchestrator.start(Orchestrator.java:78)
	at Orchestrator.OrchestratorTests.lambda$runOrchestratorInThread$0(OrchestratorTests.java:71)
	at java.base/java.lang.Thread.run(Thread.java:1583)
10:54:20.835 [Thread-1] ERROR Orchestrator.Orchestrator -- Event queue was interrupted
java.lang.InterruptedException: null
	at EventBus.EventQueue.take(EventQueue.java:58)
	at Orchestrator.Orchestrator.start(Orchestrator.java:78)
	at Orchestrator.OrchestratorTests.lambda$runOrchestratorInThread$0(OrchestratorTests.java:71)
	at java.base/java.lang.Thread.run(Thread.java:1583)
10:54:20.835 [Thread-1] ERROR Orchestrator.Orchestrator -- Event queue was interrupted
java.lang.InterruptedException: null
	at EventBus.EventQueue.take(EventQueue.java:58)
	at Orchestrator.Orchestrator.start(Orchestrator.java:78)
	at Orchestrator.OrchestratorTests.lambda$runOrchestratorInThread$0(OrchestratorTests.java:71)
	at java.base/java.lang.Thread.run(Thread.java:1583)
10:54:20.835 [Thread-1] ERROR Orchestrator.Orchestrator -- Event queue was interrupted
java.lang.InterruptedException: null
	at EventBus.EventQueue.take(EventQueue.java:58)
	at Orchestrator.Orchestrator.start(Orchestrator.java:78)
	at Orchestrator.OrchestratorTests.lambda$runOrchestratorInThread$0(OrchestratorTests.java:71)
	at java.base/java.lang.Thread.run(Thread.java:1583)
10:54:20.835 [Thread-1] ERROR Orchestrator.Orchestrator -- Event queue was interrupted
java.lang.InterruptedException: null
	at EventBus.EventQueue.take(EventQueue.java:58)
	at Orchestrator.Orchestrator.start(Orchestrator.java:78)
	at Orchestrator.OrchestratorTests.lambda$runOrchestratorInThread$0(OrchestratorTests.java:71)
	at java.base/java.lang.Thread.run(Thread.java:1583)
10:54:20.835 [Thread-1] ERROR Orchestrator.Orchestrator -- Event queue was interrupted
java.lang.InterruptedException: null
	at EventBus.EventQueue.take(EventQueue.java:58)
	at Orchestrator.Orchestrator.start(Orchestrator.java:78)
	at Orchestrator.OrchestratorTests.lambda$runOrchestratorInThread$0(OrchestratorTests.java:71)
	at java.base/java.lang.Thread.run(Thread.java:1583)
10:54:20.835 [Thread-1] ERROR Orchestrator.Orchestrator -- Event queue was interrupted
java.lang.InterruptedException: null
	at EventBus.EventQueue.take(EventQueue.java:58)
	at Orchestrator.Orchestrator.start(Orchestrator.java:78)
	at Orchestrator.OrchestratorTests.lambda$runOrchestratorInThread$0(OrchestratorTests.java:71)
	at java.base/java.lang.Thread.run(Thread.java:1583)
10:54:20.835 [Thread-1] ERROR Orchestrator.Orchestrator -- Event queue was interrupted
java.lang.InterruptedException: null
	at EventBus.EventQueue.take(EventQueue.java:58)
	at Orchestrator.Orchestrator.start(Orchestrator.java:78)
	at Orchestrator.OrchestratorTests.lambda$runOrchestratorInThread$0(OrchestratorTests.java:71)
	at java.base/java.lang.Thread.run(Thread.java:1583)
10:54:20.835 [Thread-1] ERROR Orchestrator.Orchestrator -- Event queue was interrupted
java.lang.InterruptedException: null
	at EventBus.EventQueue.take(EventQueue.java:58)
	at Orchestrator.Orchestrator.start(Orchestrator.java:78)
	at Orchestrator.OrchestratorTests.lambda$runOrchestratorInThread$0(OrchestratorTests.java:71)
	at java.base/java.lang.Thread.run(Thread.java:1583)
10:54:20.835 [Thread-1] ERROR Orchestrator.Orchestrator -- Event queue was interrupted
java.lang.InterruptedException: null
	at EventBus.EventQueue.take(EventQueue.java:58)
	at Orchestrator.Orchestrator.start(Orchestrator.java:78)
	at Orchestrator.OrchestratorTests.lambda$runOrchestratorInThread$0(OrchestratorTests.java:71)
	at java.base/java.lang.Thread.run(Thread.java:1583)
10:54:20.835 [Thread-1] ERROR Orchestrator.Orchestrator -- Event queue was interrupted
java.lang.InterruptedException: null
	at EventBus.EventQueue.take(EventQueue.java:58)
	at Orchestrator.Orchestrator.start(Orchestrator.java:78)
	at Orchestrator.OrchestratorTests.lambda$runOrchestratorInThread$0(OrchestratorTests.java:71)
	at java.base/java.lang.Thread.run(Thread.java:1583)
10:54:20.836 [Thread-1] ERROR Orchestrator.Orchestrator -- Event queue was interrupted
java.lang.InterruptedException: null
	at EventBus.EventQueue.take(EventQueue.java:58)
	at Orchestrator.Orchestrator.start(Orchestrator.java:78)
	at Orchestrator.OrchestratorTests.lambda$runOrchestratorInThread$0(OrchestratorTests.java:71)
	at java.base/java.lang.Thread.run(Thread.java:1583)
10:54:20.836 [Thread-1] ERROR Orchestrator.Orchestrator -- Event queue was interrupted
java.lang.InterruptedException: null
	at EventBus.EventQueue.take(EventQueue.java:58)
	at Orchestrator.Orchestrator.start(Orchestrator.java:78)
	at Orchestrator.OrchestratorTests.lambda$runOrchestratorInThread$0(OrchestratorTests.java:71)
	at java.base/java.lang.Thread.run(Thread.java:1583)
10:54:20.836 [Thread-1] ERROR Orchestrator.Orchestrator -- Event queue was interrupted
java.lang.InterruptedException: null
	at EventBus.EventQueue.take(EventQueue.java:58)
	at Orchestrator.Orchestrator.start(Orchestrator.java:78)
	at Orchestrator.OrchestratorTests.lambda$runOrchestratorInThread$0(OrchestratorTests.java:71)
	at java.base/java.lang.Thread.run(Thread.java:1583)
10:54:20.836 [Thread-1] ERROR Orchestrator.Orchestrator -- Event queue was interrupted
java.lang.InterruptedException: null
	at EventBus.EventQueue.take(EventQueue.java:58)
	at Orchestrator.Orchestrator.start(Orchestrator.java:78)
	at Orchestrator.OrchestratorTests.lambda$runOrchestratorInThread$0(OrchestratorTests.java:71)
	at java.base/java.lang.Thread.run(Thread.java:1583)
10:54:20.836 [Thread-1] ERROR Orchestrator.Orchestrator -- Event queue was interrupted
java.lang.InterruptedException: null
	at EventBus.EventQueue.take(EventQueue.java:58)
	at Orchestrator.Orchestrator.start(Orchestrator.java:78)
	at Orchestrator.OrchestratorTests.lambda$runOrchestratorInThread$0(OrchestratorTests.java:71)
	at java.base/java.lang.Thread.run(Thread.java:1583)
10:54:20.836 [Thread-1] ERROR Orchestrator.Orchestrator -- Event queue was interrupted
java.lang.InterruptedException: null
	at EventBus.EventQueue.take(EventQueue.java:58)
	at Orchestrator.Orchestrator.start(Orchestrator.java:78)
	at Orchestrator.OrchestratorTests.lambda$runOrchestratorInThread$0(OrchestratorTests.java:71)
	at java.base/java.lang.Thread.run(Thread.java:1583)
10:54:20.836 [Thread-1] ERROR Orchestrator.Orchestrator -- Event queue was interrupted
java.lang.InterruptedException: null
	at EventBus.EventQueue.take(EventQueue.java:58)
	at Orchestrator.Orchestrator.start(Orchestrator.java:78)
	at Orchestrator.OrchestratorTests.lambda$runOrchestratorInThread$0(OrchestratorTests.java:71)
	at java.base/java.lang.Thread.run(Thread.java:1583)
10:54:20.836 [Thread-1] ERROR Orchestrator.Orchestrator -- Event queue was interrupted
java.lang.InterruptedException: null
	at EventBus.EventQueue.take(EventQueue.java:58)
	at Orchestrator.Orchestrator.start(Orchestrator.java:78)
	at Orchestrator.OrchestratorTests.lambda$runOrchestratorInThread$0(OrchestratorTests.java:71)
	at java.base/java.lang.Thread.run(Thread.java:1583)
10:54:20.836 [Thread-1] ERROR Orchestrator.Orchestrator -- Event queue was interrupted
java.lang.InterruptedException: null
	at EventBus.EventQueue.take(EventQueue.java:58)
	at Orchestrator.Orchestrator.start(Orchestrator.java:78)
	at Orchestrator.OrchestratorTests.lambda$runOrchestratorInThread$0(OrchestratorTests.java:71)
	at java.base/java.lang.Thread.run(Thread.java:1583)
10:54:20.836 [Thread-1] ERROR Orchestrator.Orchestrator -- Event queue was interrupted
java.lang.InterruptedException: null
	at EventBus.EventQueue.take(EventQueue.java:58)
	at Orchestrator.Orchestrator.start(Orchestrator.java:78)
	at Orchestrator.OrchestratorTests.lambda$runOrchestratorInThread$0(OrchestratorTests.java:71)
	at java.base/java.lang.Thread.run(Thread.java:1583)
10:54:20.836 [Thread-1] ERROR Orchestrator.Orchestrator -- Event queue was interrupted
java.lang.InterruptedException: null
	at EventBus.EventQueue.take(EventQueue.java:58)
	at Orchestrator.Orchestrator.start(Orchestrator.java:78)
	at Orchestrator.OrchestratorTests.lambda$runOrchestratorInThread$0(OrchestratorTests.java:71)
	at java.base/java.lang.Thread.run(Thread.java:1583)
10:54:20.836 [Thread-1] ERROR Orchestrator.Orchestrator -- Event queue was interrupted
java.lang.InterruptedException: null
	at EventBus.EventQueue.take(EventQueue.java:58)
	at Orchestrator.Orchestrator.start(Orchestrator.java:78)
	at Orchestrator.OrchestratorTests.lambda$runOrchestratorInThread$0(OrchestratorTests.java:71)
	at java.base/java.lang.Thread.run(Thread.java:1583)
10:54:20.836 [Thread-1] ERROR Orchestrator.Orchestrator -- Event queue was interrupted
java.lang.InterruptedException: null
	at EventBus.EventQueue.take(EventQueue.java:58)
	at Orchestrator.Orchestrator.start(Orchestrator.java:78)
	at Orchestrator.OrchestratorTests.lambda$runOrchestratorInThread$0(OrchestratorTests.java:71)
	at java.base/java.lang.Thread.run(Thread.java:1583)
10:54:20.836 [Thread-1] ERROR Orchestrator.Orchestrator -- Event queue was interrupted
java.lang.InterruptedException: null
	at EventBus.EventQueue.take(EventQueue.java:58)
	at Orchestrator.Orchestrator.start(Orchestrator.java:78)
	at Orchestrator.OrchestratorTests.lambda$runOrchestratorInThread$0(OrchestratorTests.java:71)
	at java.base/java.lang.Thread.run(Thread.java:1583)
10:54:20.836 [Thread-1] ERROR Orchestrator.Orchestrator -- Event queue was interrupted
java.lang.InterruptedException: null
	at EventBus.EventQueue.take(EventQueue.java:58)
	at Orchestrator.Orchestrator.start(Orchestrator.java:78)
	at Orchestrator.OrchestratorTests.lambda$runOrchestratorInThread$0(OrchestratorTests.java:71)
	at java.base/java.lang.Thread.run(Thread.java:1583)
10:54:20.836 [Thread-1] ERROR Orchestrator.Orchestrator -- Event queue was interrupted
java.lang.InterruptedException: null
	at EventBus.EventQueue.take(EventQueue.java:58)
	at Orchestrator.Orchestrator.start(Orchestrator.java:78)
	at Orchestrator.OrchestratorTests.lambda$runOrchestratorInThread$0(OrchestratorTests.java:71)
	at java.base/java.lang.Thread.run(Thread.java:1583)
10:54:20.836 [Thread-1] ERROR Orchestrator.Orchestrator -- Event queue was interrupted
java.lang.InterruptedException: null
	at EventBus.EventQueue.take(EventQueue.java:58)
	at Orchestrator.Orchestrator.start(Orchestrator.java:78)
	at Orchestrator.OrchestratorTests.lambda$runOrchestratorInThread$0(OrchestratorTests.java:71)
	at java.base/java.lang.Thread.run(Thread.java:1583)
10:54:20.837 [Thread-1] ERROR Orchestrator.Orchestrator -- Event queue was interrupted
java.lang.InterruptedException: null
	at EventBus.EventQueue.take(EventQueue.java:58)
	at Orchestrator.Orchestrator.start(Orchestrator.java:78)
	at Orchestrator.OrchestratorTests.lambda$runOrchestratorInThread$0(OrchestratorTests.java:71)
	at java.base/java.lang.Thread.run(Thread.java:1583)
10:54:20.837 [Thread-1] ERROR Orchestrator.Orchestrator -- Event queue was interrupted
java.lang.InterruptedException: null
	at EventBus.EventQueue.take(EventQueue.java:58)
	at Orchestrator.Orchestrator.start(Orchestrator.java:78)
	at Orchestrator.OrchestratorTests.lambda$runOrchestratorInThread$0(OrchestratorTests.java:71)
	at java.base/java.lang.Thread.run(Thread.java:1583)
10:54:20.837 [Thread-1] ERROR Orchestrator.Orchestrator -- Event queue was interrupted
java.lang.InterruptedException: null
	at EventBus.EventQueue.take(EventQueue.java:58)
	at Orchestrator.Orchestrator.start(Orchestrator.java:78)
	at Orchestrator.OrchestratorTests.lambda$runOrchestratorInThread$0(OrchestratorTests.java:71)
	at java.base/java.lang.Thread.run(Thread.java:1583)
10:54:20.837 [Thread-1] ERROR Orchestrator.Orchestrator -- Event queue was interrupted
java.lang.InterruptedException: null
	at EventBus.EventQueue.take(EventQueue.java:58)
	at Orchestrator.Orchestrator.start(Orchestrator.java:78)
	at Orchestrator.OrchestratorTests.lambda$runOrchestratorInThread$0(OrchestratorTests.java:71)
	at java.base/java.lang.Thread.run(Thread.java:1583)
10:54:20.837 [Thread-1] ERROR Orchestrator.Orchestrator -- Event queue was interrupted
java.lang.InterruptedException: null
	at EventBus.EventQueue.take(EventQueue.java:58)
	at Orchestrator.Orchestrator.start(Orchestrator.java:78)
	at Orchestrator.OrchestratorTests.lambda$runOrchestratorInThread$0(OrchestratorTests.java:71)
	at java.base/java.lang.Thread.run(Thread.java:1583)
10:54:20.837 [Thread-1] ERROR Orchestrator.Orchestrator -- Event queue was interrupted
java.lang.InterruptedException: null
	at EventBus.EventQueue.take(EventQueue.java:58)
	at Orchestrator.Orchestrator.start(Orchestrator.java:78)
	at Orchestrator.OrchestratorTests.lambda$runOrchestratorInThread$0(OrchestratorTests.java:71)
	at java.base/java.lang.Thread.run(Thread.java:1583)
10:54:20.837 [Thread-1] ERROR Orchestrator.Orchestrator -- Event queue was interrupted
java.lang.InterruptedException: null
	at EventBus.EventQueue.take(EventQueue.java:58)
	at Orchestrator.Orchestrator.start(Orchestrator.java:78)
	at Orchestrator.OrchestratorTests.lambda$runOrchestratorInThread$0(OrchestratorTests.java:71)
	at java.base/java.lang.Thread.run(Thread.java:1583)
10:54:20.837 [Thread-1] ERROR Orchestrator.Orchestrator -- Event queue was interrupted
java.lang.InterruptedException: null
	at EventBus.EventQueue.take(EventQueue.java:58)
	at Orchestrator.Orchestrator.start(Orchestrator.java:78)
	at Orchestrator.OrchestratorTests.lambda$runOrchestratorInThread$0(OrchestratorTests.java:71)
	at java.base/java.lang.Thread.run(Thread.java:1583)
10:54:20.837 [Thread-1] ERROR Orchestrator.Orchestrator -- Event queue was interrupted
java.lang.InterruptedException: null
	at EventBus.EventQueue.take(EventQueue.java:58)
	at Orchestrator.Orchestrator.start(Orchestrator.java:78)
	at Orchestrator.OrchestratorTests.lambda$runOrchestratorInThread$0(OrchestratorTests.java:71)
	at java.base/java.lang.Thread.run(Thread.java:1583)
10:54:20.837 [Thread-1] ERROR Orchestrator.Orchestrator -- Event queue was interrupted
java.lang.InterruptedException: null
	at EventBus.EventQueue.take(EventQueue.java:58)
	at Orchestrator.Orchestrator.start(Orchestrator.java:78)
	at Orchestrator.OrchestratorTests.lambda$runOrchestratorInThread$0(OrchestratorTests.java:71)
	at java.base/java.lang.Thread.run(Thread.java:1583)
10:54:20.837 [Thread-1] ERROR Orchestrator.Orchestrator -- Event queue was interrupted
java.lang.InterruptedException: null
	at EventBus.EventQueue.take(EventQueue.java:58)
	at Orchestrator.Orchestrator.start(Orchestrator.java:78)
	at Orchestrator.OrchestratorTests.lambda$runOrchestratorInThread$0(OrchestratorTests.java:71)
	at java.base/java.lang.Thread.run(Thread.java:1583)
10:54:20.838 [Thread-1] ERROR Orchestrator.Orchestrator -- Event queue was interrupted
java.lang.InterruptedException: null
	at EventBus.EventQueue.take(EventQueue.java:58)
	at Orchestrator.Orchestrator.start(Orchestrator.java:78)
	at Orchestrator.OrchestratorTests.lambda$runOrchestratorInThread$0(OrchestratorTests.java:71)
	at java.base/java.lang.Thread.run(Thread.java:1583)
10:54:20.838 [Thread-1] ERROR Orchestrator.Orchestrator -- Event queue was interrupted
java.lang.InterruptedException: null
	at EventBus.EventQueue.take(EventQueue.java:58)
	at Orchestrator.Orchestrator.start(Orchestrator.java:78)
	at Orchestrator.OrchestratorTests.lambda$runOrchestratorInThread$0(OrchestratorTests.java:71)
	at java.base/java.lang.Thread.run(Thread.java:1583)
10:54:20.838 [Thread-1] ERROR Orchestrator.Orchestrator -- Event queue was interrupted
java.lang.InterruptedException: null
	at EventBus.EventQueue.take(EventQueue.java:58)
	at Orchestrator.Orchestrator.start(Orchestrator.java:78)
	at Orchestrator.OrchestratorTests.lambda$runOrchestratorInThread$0(OrchestratorTests.java:71)
	at java.base/java.lang.Thread.run(Thread.java:1583)
10:54:20.838 [Thread-1] ERROR Orchestrator.Orchestrator -- Event queue was interrupted
java.lang.InterruptedException: null
	at EventBus.EventQueue.take(EventQueue.java:58)
	at Orchestrator.Orchestrator.start(Orchestrator.java:78)
	at Orchestrator.OrchestratorTests.lambda$runOrchestratorInThread$0(OrchestratorTests.java:71)
	at java.base/java.lang.Thread.run(Thread.java:1583)
10:54:20.838 [Thread-1] ERROR Orchestrator.Orchestrator -- Event queue was interrupted
java.lang.InterruptedException: null
	at EventBus.EventQueue.take(EventQueue.java:58)
	at Orchestrator.Orchestrator.start(Orchestrator.java:78)
	at Orchestrator.OrchestratorTests.lambda$runOrchestratorInThread$0(OrchestratorTests.java:71)
	at java.base/java.lang.Thread.run(Thread.java:1583)
10:54:20.838 [Thread-1] ERROR Orchestrator.Orchestrator -- Event queue was interrupted
java.lang.InterruptedException: null
	at EventBus.EventQueue.take(EventQueue.java:58)
	at Orchestrator.Orchestrator.start(Orchestrator.java:78)
	at Orchestrator.OrchestratorTests.lambda$runOrchestratorInThread$0(OrchestratorTests.java:71)
	at java.base/java.lang.Thread.run(Thread.java:1583)
10:54:20.838 [Thread-1] ERROR Orchestrator.Orchestrator -- Event queue was interrupted
java.lang.InterruptedException: null
	at EventBus.EventQueue.take(EventQueue.java:58)
	at Orchestrator.Orchestrator.start(Orchestrator.java:78)
	at Orchestrator.OrchestratorTests.lambda$runOrchestratorInThread$0(OrchestratorTests.java:71)
	at java.base/java.lang.Thread.run(Thread.java:1583)
10:54:20.838 [Thread-1] ERROR Orchestrator.Orchestrator -- Event queue was interrupted
java.lang.InterruptedException: null
	at EventBus.EventQueue.take(EventQueue.java:58)
	at Orchestrator.Orchestrator.start(Orchestrator.java:78)
	at Orchestrator.OrchestratorTests.lambda$runOrchestratorInThread$0(OrchestratorTests.java:71)
	at java.base/java.lang.Thread.run(Thread.java:1583)
10:54:20.838 [Thread-1] ERROR Orchestrator.Orchestrator -- Event queue was interrupted
java.lang.InterruptedException: null
	at EventBus.EventQueue.take(EventQueue.java:58)
	at Orchestrator.Orchestrator.start(Orchestrator.java:78)
	at Orchestrator.OrchestratorTests.lambda$runOrchestratorInThread$0(OrchestratorTests.java:71)
	at java.base/java.lang.Thread.run(Thread.java:1583)
10:54:20.838 [Thread-1] ERROR Orchestrator.Orchestrator -- Event queue was interrupted
java.lang.InterruptedException: null
	at EventBus.EventQueue.take(EventQueue.java:58)
	at Orchestrator.Orchestrator.start(Orchestrator.java:78)
	at Orchestrator.OrchestratorTests.lambda$runOrchestratorInThread$0(OrchestratorTests.java:71)
	at java.base/java.lang.Thread.run(Thread.java:1583)
10:54:20.838 [Thread-1] ERROR Orchestrator.Orchestrator -- Event queue was interrupted
java.lang.InterruptedException: null
	at EventBus.EventQueue.take(EventQueue.java:58)
	at Orchestrator.Orchestrator.start(Orchestrator.java:78)
	at Orchestrator.OrchestratorTests.lambda$runOrchestratorInThread$0(OrchestratorTests.java:71)
	at java.base/java.lang.Thread.run(Thread.java:1583)
10:54:20.838 [Thread-1] ERROR Orchestrator.Orchestrator -- Event queue was interrupted
java.lang.InterruptedException: null
	at EventBus.EventQueue.take(EventQueue.java:58)
	at Orchestrator.Orchestrator.start(Orchestrator.java:78)
	at Orchestrator.OrchestratorTests.lambda$runOrchestratorInThread$0(OrchestratorTests.java:71)
	at java.base/java.lang.Thread.run(Thread.java:1583)
10:54:20.838 [Thread-1] ERROR Orchestrator.Orchestrator -- Event queue was interrupted
java.lang.InterruptedException: null
	at EventBus.EventQueue.take(EventQueue.java:58)
	at Orchestrator.Orchestrator.start(Orchestrator.java:78)
	at Orchestrator.OrchestratorTests.lambda$runOrchestratorInThread$0(OrchestratorTests.java:71)
	at java.base/java.lang.Thread.run(Thread.java:1583)
10:54:20.838 [Thread-1] ERROR Orchestrator.Orchestrator -- Event queue was interrupted
java.lang.InterruptedException: null
	at EventBus.EventQueue.take(EventQueue.java:58)
	at Orchestrator.Orchestrator.start(Orchestrator.java:78)
	at Orchestrator.OrchestratorTests.lambda$runOrchestratorInThread$0(OrchestratorTests.java:71)
	at java.base/java.lang.Thread.run(Thread.java:1583)
10:54:20.839 [Thread-1] ERROR Orchestrator.Orchestrator -- Event queue was interrupted
java.lang.InterruptedException: null
	at EventBus.EventQueue.take(EventQueue.java:58)
	at Orchestrator.Orchestrator.start(Orchestrator.java:78)
	at Orchestrator.OrchestratorTests.lambda$runOrchestratorInThread$0(OrchestratorTests.java:71)
	at java.base/java.lang.Thread.run(Thread.java:1583)
10:54:20.839 [Thread-1] ERROR Orchestrator.Orchestrator -- Event queue was interrupted
java.lang.InterruptedException: null
	at EventBus.EventQueue.take(EventQueue.java:58)
	at Orchestrator.Orchestrator.start(Orchestrator.java:78)
	at Orchestrator.OrchestratorTests.lambda$runOrchestratorInThread$0(OrchestratorTests.java:71)
	at java.base/java.lang.Thread.run(Thread.java:1583)
10:54:20.839 [Thread-1] ERROR Orchestrator.Orchestrator -- Event queue was interrupted
java.lang.InterruptedException: null
	at EventBus.EventQueue.take(EventQueue.java:58)
	at Orchestrator.Orchestrator.start(Orchestrator.java:78)
	at Orchestrator.OrchestratorTests.lambda$runOrchestratorInThread$0(OrchestratorTests.java:71)
	at java.base/java.lang.Thread.run(Thread.java:1583)
10:54:20.839 [Thread-1] ERROR Orchestrator.Orchestrator -- Event queue was interrupted
java.lang.InterruptedException: null
	at EventBus.EventQueue.take(EventQueue.java:58)
	at Orchestrator.Orchestrator.start(Orchestrator.java:78)
	at Orchestrator.OrchestratorTests.lambda$runOrchestratorInThread$0(OrchestratorTests.java:71)
	at java.base/java.lang.Thread.run(Thread.java:1583)
10:54:20.839 [Thread-1] ERROR Orchestrator.Orchestrator -- Event queue was interrupted
java.lang.InterruptedException: null
	at EventBus.EventQueue.take(EventQueue.java:58)
	at Orchestrator.Orchestrator.start(Orchestrator.java:78)
	at Orchestrator.OrchestratorTests.lambda$runOrchestratorInThread$0(OrchestratorTests.java:71)
	at java.base/java.lang.Thread.run(Thread.java:1583)
10:54:20.839 [Thread-2] ERROR Orchestrator.Orchestrator -- Event queue was interrupted
java.lang.InterruptedException: null
	at EventBus.EventQueue.take(EventQueue.java:58)
	at Orchestrator.Orchestrator.start(Orchestrator.java:78)
	at Orchestrator.OrchestratorTests.lambda$runOrchestratorInThread$0(OrchestratorTests.java:71)
	at java.base/java.lang.Thread.run(Thread.java:1583)
10:54:20.839 [Thread-1] ERROR Orchestrator.Orchestrator -- Event queue was interrupted
java.lang.InterruptedException: null
	at EventBus.EventQueue.take(EventQueue.java:58)
	at Orchestrator.Orchestrator.start(Orchestrator.java:78)
	at Orchestrator.OrchestratorTests.lambda$runOrchestratorInThread$0(OrchestratorTests.java:71)
	at java.base/java.lang.Thread.run(Thread.java:1583)
10:54:20.839 [Thread-2] ERROR Orchestrator.Orchestrator -- Event queue was interrupted
java.lang.InterruptedException: null
	at EventBus.EventQueue.take(EventQueue.java:58)
	at Orchestrator.Orchestrator.start(Orchestrator.java:78)
	at Orchestrator.OrchestratorTests.lambda$runOrchestratorInThread$0(OrchestratorTests.java:71)
	at java.base/java.lang.Thread.run(Thread.java:1583)
10:54:20.839 [Thread-1] ERROR Orchestrator.Orchestrator -- Event queue was interrupted
java.lang.InterruptedException: null
	at EventBus.EventQueue.take(EventQueue.java:58)
	at Orchestrator.Orchestrator.start(Orchestrator.java:78)
	at Orchestrator.OrchestratorTests.lambda$runOrchestratorInThread$0(OrchestratorTests.java:71)
	at java.base/java.lang.Thread.run(Thread.java:1583)
10:54:20.839 [Thread-2] ERROR Orchestrator.Orchestrator -- Event queue was interrupted
java.lang.InterruptedException: null
	at EventBus.EventQueue.take(EventQueue.java:58)
	at Orchestrator.Orchestrator.start(Orchestrator.java:78)
	at Orchestrator.OrchestratorTests.lambda$runOrchestratorInThread$0(OrchestratorTests.java:71)
	at java.base/java.lang.Thread.run(Thread.java:1583)
10:54:20.839 [Thread-1] ERROR Orchestrator.Orchestrator -- Event queue was interrupted
java.lang.InterruptedException: null
	at EventBus.EventQueue.take(EventQueue.java:58)
	at Orchestrator.Orchestrator.start(Orchestrator.java:78)
	at Orchestrator.OrchestratorTests.lambda$runOrchestratorInThread$0(OrchestratorTests.java:71)
	at java.base/java.lang.Thread.run(Thread.java:1583)
10:54:20.839 [Thread-2] ERROR Orchestrator.Orchestrator -- Event queue was interrupted
java.lang.InterruptedException: null
	at EventBus.EventQueue.take(EventQueue.java:58)
	at Orchestrator.Orchestrator.start(Orchestrator.java:78)
	at Orchestrator.OrchestratorTests.lambda$runOrchestratorInThread$0(OrchestratorTests.java:71)
	at java.base/java.lang.Thread.run(Thread.java:1583)
10:54:20.839 [Thread-1] ERROR Orchestrator.Orchestrator -- Event queue was interrupted
java.lang.InterruptedException: null
	at EventBus.EventQueue.take(EventQueue.java:58)
	at Orchestrator.Orchestrator.start(Orchestrator.java:78)
	at Orchestrator.OrchestratorTests.lambda$runOrchestratorInThread$0(OrchestratorTests.java:71)
	at java.base/java.lang.Thread.run(Thread.java:1583)
10:54:20.839 [Thread-2] ERROR Orchestrator.Orchestrator -- Event queue was interrupted
java.lang.InterruptedException: null
	at EventBus.EventQueue.take(EventQueue.java:58)
	at Orchestrator.Orchestrator.start(Orchestrator.java:78)
	at Orchestrator.OrchestratorTests.lambda$runOrchestratorInThread$0(OrchestratorTests.java:71)
	at java.base/java.lang.Thread.run(Thread.java:1583)
10:54:20.839 [Thread-1] ERROR Orchestrator.Orchestrator -- Event queue was interrupted
java.lang.InterruptedException: null
	at EventBus.EventQueue.take(EventQueue.java:58)
	at Orchestrator.Orchestrator.start(Orchestrator.java:78)
	at Orchestrator.OrchestratorTests.lambda$runOrchestratorInThread$0(OrchestratorTests.java:71)
	at java.base/java.lang.Thread.run(Thread.java:1583)
10:54:20.839 [Thread-2] ERROR Orchestrator.Orchestrator -- Event queue was interrupted
java.lang.InterruptedException: null
	at EventBus.EventQueue.take(EventQueue.java:58)
	at Orchestrator.Orchestrator.start(Orchestrator.java:78)
	at Orchestrator.OrchestratorTests.lambda$runOrchestratorInThread$0(OrchestratorTests.java:71)
	at java.base/java.lang.Thread.run(Thread.java:1583)
10:54:20.839 [Thread-1] ERROR Orchestrator.Orchestrator -- Event queue was interrupted
java.lang.InterruptedException: null
	at EventBus.EventQueue.take(EventQueue.java:58)
	at Orchestrator.Orchestrator.start(Orchestrator.java:78)
	at Orchestrator.OrchestratorTests.lambda$runOrchestratorInThread$0(OrchestratorTests.java:71)
	at java.base/java.lang.Thread.run(Thread.java:1583)
10:54:20.839 [Thread-2] ERROR Orchestrator.Orchestrator -- Event queue was interrupted
java.lang.InterruptedException: null
	at EventBus.EventQueue.take(EventQueue.java:58)
	at Orchestrator.Orchestrator.start(Orchestrator.java:78)
	at Orchestrator.OrchestratorTests.lambda$runOrchestratorInThread$0(OrchestratorTests.java:71)
	at java.base/java.lang.Thread.run(Thread.java:1583)
10:54:20.839 [Thread-1] ERROR Orchestrator.Orchestrator -- Event queue was interrupted
java.lang.InterruptedException: null
	at EventBus.EventQueue.take(EventQueue.java:58)
	at Orchestrator.Orchestrator.start(Orchestrator.java:78)
	at Orchestrator.OrchestratorTests.lambda$runOrchestratorInThread$0(OrchestratorTests.java:71)
	at java.base/java.lang.Thread.run(Thread.java:1583)
10:54:20.839 [Thread-2] ERROR Orchestrator.Orchestrator -- Event queue was interrupted
java.lang.InterruptedException: null
	at EventBus.EventQueue.take(EventQueue.java:58)
	at Orchestrator.Orchestrator.start(Orchestrator.java:78)
	at Orchestrator.OrchestratorTests.lambda$runOrchestratorInThread$0(OrchestratorTests.java:71)
	at java.base/java.lang.Thread.run(Thread.java:1583)
10:54:20.839 [Thread-1] ERROR Orchestrator.Orchestrator -- Event queue was interrupted
java.lang.InterruptedException: null
	at EventBus.EventQueue.take(EventQueue.java:58)
	at Orchestrator.Orchestrator.start(Orchestrator.java:78)
	at Orchestrator.OrchestratorTests.lambda$runOrchestratorInThread$0(OrchestratorTests.java:71)
	at java.base/java.lang.Thread.run(Thread.java:1583)
10:54:20.840 [Thread-2] ERROR Orchestrator.Orchestrator -- Event queue was interrupted
java.lang.InterruptedException: null
	at EventBus.EventQueue.take(EventQueue.java:58)
	at Orchestrator.Orchestrator.start(Orchestrator.java:78)
	at Orchestrator.OrchestratorTests.lambda$runOrchestratorInThread$0(OrchestratorTests.java:71)
	at java.base/java.lang.Thread.run(Thread.java:1583)
10:54:20.840 [Thread-1] ERROR Orchestrator.Orchestrator -- Event queue was interrupted
java.lang.InterruptedException: null
	at EventBus.EventQueue.take(EventQueue.java:58)
	at Orchestrator.Orchestrator.start(Orchestrator.java:78)
	at Orchestrator.OrchestratorTests.lambda$runOrchestratorInThread$0(OrchestratorTests.java:71)
	at java.base/java.lang.Thread.run(Thread.java:1583)
10:54:20.840 [Thread-2] ERROR Orchestrator.Orchestrator -- Event queue was interrupted
java.lang.InterruptedException: null
	at EventBus.EventQueue.take(EventQueue.java:58)
	at Orchestrator.Orchestrator.start(Orchestrator.java:78)
	at Orchestrator.OrchestratorTests.lambda$runOrchestratorInThread$0(OrchestratorTests.java:71)
	at java.base/java.lang.Thread.run(Thread.java:1583)
10:54:20.840 [Thread-1] ERROR Orchestrator.Orchestrator -- Event queue was interrupted
java.lang.InterruptedException: null
	at EventBus.EventQueue.take(EventQueue.java:58)
	at Orchestrator.Orchestrator.start(Orchestrator.java:78)
	at Orchestrator.OrchestratorTests.lambda$runOrchestratorInThread$0(OrchestratorTests.java:71)
	at java.base/java.lang.Thread.run(Thread.java:1583)
10:54:20.840 [Thread-2] ERROR Orchestrator.Orchestrator -- Event queue was interrupted
java.lang.InterruptedException: null
	at EventBus.EventQueue.take(EventQueue.java:58)
	at Orchestrator.Orchestrator.start(Orchestrator.java:78)
	at Orchestrator.OrchestratorTests.lambda$runOrchestratorInThread$0(OrchestratorTests.java:71)
	at java.base/java.lang.Thread.run(Thread.java:1583)
10:54:20.840 [Thread-1] ERROR Orchestrator.Orchestrator -- Event queue was interrupted
java.lang.InterruptedException: null
	at EventBus.EventQueue.take(EventQueue.java:58)
	at Orchestrator.Orchestrator.start(Orchestrator.java:78)
	at Orchestrator.OrchestratorTests.lambda$runOrchestratorInThread$0(OrchestratorTests.java:71)
	at java.base/java.lang.Thread.run(Thread.java:1583)
10:54:20.840 [Thread-2] ERROR Orchestrator.Orchestrator -- Event queue was interrupted
java.lang.InterruptedException: null
	at EventBus.EventQueue.take(EventQueue.java:58)
	at Orchestrator.Orchestrator.start(Orchestrator.java:78)
	at Orchestrator.OrchestratorTests.lambda$runOrchestratorInThread$0(OrchestratorTests.java:71)
	at java.base/java.lang.Thread.run(Thread.java:1583)
10:54:20.840 [Thread-1] ERROR Orchestrator.Orchestrator -- Event queue was interrupted
java.lang.InterruptedException: null
	at EventBus.EventQueue.take(EventQueue.java:58)
	at Orchestrator.Orchestrator.start(Orchestrator.java:78)
	at Orchestrator.OrchestratorTests.lambda$runOrchestratorInThread$0(OrchestratorTests.java:71)
	at java.base/java.lang.Thread.run(Thread.java:1583)
10:54:20.840 [Thread-2] ERROR Orchestrator.Orchestrator -- Event queue was interrupted
java.lang.InterruptedException: null
	at EventBus.EventQueue.take(EventQueue.java:58)
	at Orchestrator.Orchestrator.start(Orchestrator.java:78)
	at Orchestrator.OrchestratorTests.lambda$runOrchestratorInThread$0(OrchestratorTests.java:71)
	at java.base/java.lang.Thread.run(Thread.java:1583)
10:54:20.840 [Thread-1] ERROR Orchestrator.Orchestrator -- Event queue was interrupted
java.lang.InterruptedException: null
	at EventBus.EventQueue.take(EventQueue.java:58)
	at Orchestrator.Orchestrator.start(Orchestrator.java:78)
	at Orchestrator.OrchestratorTests.lambda$runOrchestratorInThread$0(OrchestratorTests.java:71)
	at java.base/java.lang.Thread.run(Thread.java:1583)
10:54:20.840 [Thread-2] ERROR Orchestrator.Orchestrator -- Event queue was interrupted
java.lang.InterruptedException: null
	at EventBus.EventQueue.take(EventQueue.java:58)
	at Orchestrator.Orchestrator.start(Orchestrator.java:78)
	at Orchestrator.OrchestratorTests.lambda$runOrchestratorInThread$0(OrchestratorTests.java:71)
	at java.base/java.lang.Thread.run(Thread.java:1583)
10:54:20.840 [Thread-1] ERROR Orchestrator.Orchestrator -- Event queue was interrupted
java.lang.InterruptedException: null
	at EventBus.EventQueue.take(EventQueue.java:58)
	at Orchestrator.Orchestrator.start(Orchestrator.java:78)
	at Orchestrator.OrchestratorTests.lambda$runOrchestratorInThread$0(OrchestratorTests.java:71)
	at java.base/java.lang.Thread.run(Thread.java:1583)
10:54:20.840 [Thread-2] ERROR Orchestrator.Orchestrator -- Event queue was interrupted
java.lang.InterruptedException: null
	at EventBus.EventQueue.take(EventQueue.java:58)
	at Orchestrator.Orchestrator.start(Orchestrator.java:78)
	at Orchestrator.OrchestratorTests.lambda$runOrchestratorInThread$0(OrchestratorTests.java:71)
	at java.base/java.lang.Thread.run(Thread.java:1583)
10:54:20.840 [Thread-1] ERROR Orchestrator.Orchestrator -- Event queue was interrupted
java.lang.InterruptedException: null
	at EventBus.EventQueue.take(EventQueue.java:58)
	at Orchestrator.Orchestrator.start(Orchestrator.java:78)
	at Orchestrator.OrchestratorTests.lambda$runOrchestratorInThread$0(OrchestratorTests.java:71)
	at java.base/java.lang.Thread.run(Thread.java:1583)
10:54:20.840 [Thread-2] ERROR Orchestrator.Orchestrator -- Event queue was interrupted
java.lang.InterruptedException: null
	at EventBus.EventQueue.take(EventQueue.java:58)
	at Orchestrator.Orchestrator.start(Orchestrator.java:78)
	at Orchestrator.OrchestratorTests.lambda$runOrchestratorInThread$0(OrchestratorTests.java:71)
	at java.base/java.lang.Thread.run(Thread.java:1583)
10:54:20.840 [Thread-1] ERROR Orchestrator.Orchestrator -- Event queue was interrupted
java.lang.InterruptedException: null
	at EventBus.EventQueue.take(EventQueue.java:58)
	at Orchestrator.Orchestrator.start(Orchestrator.java:78)
	at Orchestrator.OrchestratorTests.lambda$runOrchestratorInThread$0(OrchestratorTests.java:71)
	at java.base/java.lang.Thread.run(Thread.java:1583)
10:54:20.840 [Thread-2] ERROR Orchestrator.Orchestrator -- Event queue was interrupted
java.lang.InterruptedException: null
	at EventBus.EventQueue.take(EventQueue.java:58)
	at Orchestrator.Orchestrator.start(Orchestrator.java:78)
	at Orchestrator.OrchestratorTests.lambda$runOrchestratorInThread$0(OrchestratorTests.java:71)
	at java.base/java.lang.Thread.run(Thread.java:1583)
10:54:20.840 [Thread-1] ERROR Orchestrator.Orchestrator -- Event queue was interrupted
java.lang.InterruptedException: null
	at EventBus.EventQueue.take(EventQueue.java:58)
	at Orchestrator.Orchestrator.start(Orchestrator.java:78)
	at Orchestrator.OrchestratorTests.lambda$runOrchestratorInThread$0(OrchestratorTests.java:71)
	at java.base/java.lang.Thread.run(Thread.java:1583)
10:54:20.840 [Thread-2] ERROR Orchestrator.Orchestrator -- Event queue was interrupted
java.lang.InterruptedException: null
	at EventBus.EventQueue.take(EventQueue.java:58)
	at Orchestrator.Orchestrator.start(Orchestrator.java:78)
	at Orchestrator.OrchestratorTests.lambda$runOrchestratorInThread$0(OrchestratorTests.java:71)
	at java.base/java.lang.Thread.run(Thread.java:1583)
10:54:20.840 [Thread-1] ERROR Orchestrator.Orchestrator -- Event queue was interrupted
java.lang.InterruptedException: null
	at EventBus.EventQueue.take(EventQueue.java:58)
	at Orchestrator.Orchestrator.start(Orchestrator.java:78)
	at Orchestrator.OrchestratorTests.lambda$runOrchestratorInThread$0(OrchestratorTests.java:71)
	at java.base/java.lang.Thread.run(Thread.java:1583)
10:54:20.840 [Thread-2] ERROR Orchestrator.Orchestrator -- Event queue was interrupted
java.lang.InterruptedException: null
	at EventBus.EventQueue.take(EventQueue.java:58)
	at Orchestrator.Orchestrator.start(Orchestrator.java:78)
	at Orchestrator.OrchestratorTests.lambda$runOrchestratorInThread$0(OrchestratorTests.java:71)
	at java.base/java.lang.Thread.run(Thread.java:1583)
10:54:20.840 [Thread-1] ERROR Orchestrator.Orchestrator -- Event queue was interrupted
java.lang.InterruptedException: null
	at EventBus.EventQueue.take(EventQueue.java:58)
	at Orchestrator.Orchestrator.start(Orchestrator.java:78)
	at Orchestrator.OrchestratorTests.lambda$runOrchestratorInThread$0(OrchestratorTests.java:71)
	at java.base/java.lang.Thread.run(Thread.java:1583)
10:54:20.840 [Thread-2] ERROR Orchestrator.Orchestrator -- Event queue was interrupted
java.lang.InterruptedException: null
	at EventBus.EventQueue.take(EventQueue.java:58)
	at Orchestrator.Orchestrator.start(Orchestrator.java:78)
	at Orchestrator.OrchestratorTests.lambda$runOrchestratorInThread$0(OrchestratorTests.java:71)
	at java.base/java.lang.Thread.run(Thread.java:1583)
10:54:20.840 [Thread-1] ERROR Orchestrator.Orchestrator -- Event queue was interrupted
java.lang.InterruptedException: null
	at EventBus.EventQueue.take(EventQueue.java:58)
	at Orchestrator.Orchestrator.start(Orchestrator.java:78)
	at Orchestrator.OrchestratorTests.lambda$runOrchestratorInThread$0(OrchestratorTests.java:71)
	at java.base/java.lang.Thread.run(Thread.java:1583)
10:54:20.841 [Thread-2] ERROR Orchestrator.Orchestrator -- Event queue was interrupted
java.lang.InterruptedException: null
	at EventBus.EventQueue.take(EventQueue.java:58)
	at Orchestrator.Orchestrator.start(Orchestrator.java:78)
	at Orchestrator.OrchestratorTests.lambda$runOrchestratorInThread$0(OrchestratorTests.java:71)
	at java.base/java.lang.Thread.run(Thread.java:1583)
10:54:20.841 [Thread-1] ERROR Orchestrator.Orchestrator -- Event queue was interrupted
java.lang.InterruptedException: null
	at EventBus.EventQueue.take(EventQueue.java:58)
	at Orchestrator.Orchestrator.start(Orchestrator.java:78)
	at Orchestrator.OrchestratorTests.lambda$runOrchestratorInThread$0(OrchestratorTests.java:71)
	at java.base/java.lang.Thread.run(Thread.java:1583)
10:54:20.841 [Thread-2] ERROR Orchestrator.Orchestrator -- Event queue was interrupted
java.lang.InterruptedException: null
	at EventBus.EventQueue.take(EventQueue.java:58)
	at Orchestrator.Orchestrator.start(Orchestrator.java:78)
	at Orchestrator.OrchestratorTests.lambda$runOrchestratorInThread$0(OrchestratorTests.java:71)
	at java.base/java.lang.Thread.run(Thread.java:1583)
10:54:20.841 [Thread-1] ERROR Orchestrator.Orchestrator -- Event queue was interrupted
java.lang.InterruptedException: null
	at EventBus.EventQueue.take(EventQueue.java:58)
	at Orchestrator.Orchestrator.start(Orchestrator.java:78)
	at Orchestrator.OrchestratorTests.lambda$runOrchestratorInThread$0(OrchestratorTests.java:71)
	at java.base/java.lang.Thread.run(Thread.java:1583)
10:54:20.841 [Thread-2] ERROR Orchestrator.Orchestrator -- Event queue was interrupted
java.lang.InterruptedException: null
	at EventBus.EventQueue.take(EventQueue.java:58)
	at Orchestrator.Orchestrator.start(Orchestrator.java:78)
	at Orchestrator.OrchestratorTests.lambda$runOrchestratorInThread$0(OrchestratorTests.java:71)
	at java.base/java.lang.Thread.run(Thread.java:1583)
10:54:20.841 [Thread-1] ERROR Orchestrator.Orchestrator -- Event queue was interrupted
java.lang.InterruptedException: null
	at EventBus.EventQueue.take(EventQueue.java:58)
	at Orchestrator.Orchestrator.start(Orchestrator.java:78)
	at Orchestrator.OrchestratorTests.lambda$runOrchestratorInThread$0(OrchestratorTests.java:71)
	at java.base/java.lang.Thread.run(Thread.java:1583)
10:54:20.841 [Thread-2] ERROR Orchestrator.Orchestrator -- Event queue was interrupted
java.lang.InterruptedException: null
	at EventBus.EventQueue.take(EventQueue.java:58)
	at Orchestrator.Orchestrator.start(Orchestrator.java:78)
	at Orchestrator.OrchestratorTests.lambda$runOrchestratorInThread$0(OrchestratorTests.java:71)
	at java.base/java.lang.Thread.run(Thread.java:1583)
10:54:20.841 [Thread-2] ERROR Orchestrator.Orchestrator -- Event queue was interrupted
java.lang.InterruptedException: null
	at EventBus.EventQueue.take(EventQueue.java:58)
	at Orchestrator.Orchestrator.start(Orchestrator.java:78)
	at Orchestrator.OrchestratorTests.lambda$runOrchestratorInThread$0(OrchestratorTests.java:71)
	at java.base/java.lang.Thread.run(Thread.java:1583)
10:54:20.841 [Thread-2] ERROR Orchestrator.Orchestrator -- Event queue was interrupted
java.lang.InterruptedException: null
	at EventBus.EventQueue.take(EventQueue.java:58)
	at Orchestrator.Orchestrator.start(Orchestrator.java:78)
	at Orchestrator.OrchestratorTests.lambda$runOrchestratorInThread$0(OrchestratorTests.java:71)
	at java.base/java.lang.Thread.run(Thread.java:1583)
10:54:20.841 [Thread-1] ERROR Orchestrator.Orchestrator -- Event queue was interrupted
java.lang.InterruptedException: null
	at EventBus.EventQueue.take(EventQueue.java:58)
	at Orchestrator.Orchestrator.start(Orchestrator.java:78)
	at Orchestrator.OrchestratorTests.lambda$runOrchestratorInThread$0(OrchestratorTests.java:71)
	at java.base/java.lang.Thread.run(Thread.java:1583)
10:54:20.841 [Thread-2] ERROR Orchestrator.Orchestrator -- Event queue was interrupted
java.lang.InterruptedException: null
	at EventBus.EventQueue.take(EventQueue.java:58)
	at Orchestrator.Orchestrator.start(Orchestrator.java:78)
	at Orchestrator.OrchestratorTests.lambda$runOrchestratorInThread$0(OrchestratorTests.java:71)
	at java.base/java.lang.Thread.run(Thread.java:1583)
10:54:20.841 [Thread-2] ERROR Orchestrator.Orchestrator -- Event queue was interrupted
java.lang.InterruptedException: null
	at EventBus.EventQueue.take(EventQueue.java:58)
	at Orchestrator.Orchestrator.start(Orchestrator.java:78)
	at Orchestrator.OrchestratorTests.lambda$runOrchestratorInThread$0(OrchestratorTests.java:71)
	at java.base/java.lang.Thread.run(Thread.java:1583)
10:54:20.841 [Thread-1] ERROR Orchestrator.Orchestrator -- Event queue was interrupted
java.lang.InterruptedException: null
	at EventBus.EventQueue.take(EventQueue.java:58)
	at Orchestrator.Orchestrator.start(Orchestrator.java:78)
	at Orchestrator.OrchestratorTests.lambda$runOrchestratorInThread$0(OrchestratorTests.java:71)
	at java.base/java.lang.Thread.run(Thread.java:1583)
10:54:20.841 [Thread-2] ERROR Orchestrator.Orchestrator -- Event queue was interrupted
java.lang.InterruptedException: null
	at EventBus.EventQueue.take(EventQueue.java:58)
	at Orchestrator.Orchestrator.start(Orchestrator.java:78)
	at Orchestrator.OrchestratorTests.lambda$runOrchestratorInThread$0(OrchestratorTests.java:71)
	at java.base/java.lang.Thread.run(Thread.java:1583)
10:54:20.841 [Thread-1] ERROR Orchestrator.Orchestrator -- Event queue was interrupted
java.lang.InterruptedException: null
	at EventBus.EventQueue.take(EventQueue.java:58)
	at Orchestrator.Orchestrator.start(Orchestrator.java:78)
	at Orchestrator.OrchestratorTests.lambda$runOrchestratorInThread$0(OrchestratorTests.java:71)
	at java.base/java.lang.Thread.run(Thread.java:1583)
10:54:20.841 [Thread-2] ERROR Orchestrator.Orchestrator -- Event queue was interrupted
java.lang.InterruptedException: null
	at EventBus.EventQueue.take(EventQueue.java:58)
	at Orchestrator.Orchestrator.start(Orchestrator.java:78)
	at Orchestrator.OrchestratorTests.lambda$runOrchestratorInThread$0(OrchestratorTests.java:71)
	at java.base/java.lang.Thread.run(Thread.java:1583)
10:54:20.841 [Thread-1] ERROR Orchestrator.Orchestrator -- Event queue was interrupted
java.lang.InterruptedException: null
	at EventBus.EventQueue.take(EventQueue.java:58)
	at Orchestrator.Orchestrator.start(Orchestrator.java:78)
	at Orchestrator.OrchestratorTests.lambda$runOrchestratorInThread$0(OrchestratorTests.java:71)
	at java.base/java.lang.Thread.run(Thread.java:1583)
10:54:20.841 [Thread-2] ERROR Orchestrator.Orchestrator -- Event queue was interrupted
java.lang.InterruptedException: null
	at EventBus.EventQueue.take(EventQueue.java:58)
	at Orchestrator.Orchestrator.start(Orchestrator.java:78)
	at Orchestrator.OrchestratorTests.lambda$runOrchestratorInThread$0(OrchestratorTests.java:71)
	at java.base/java.lang.Thread.run(Thread.java:1583)
10:54:20.842 [Thread-2] ERROR Orchestrator.Orchestrator -- Event queue was interrupted
java.lang.InterruptedException: null
	at EventBus.EventQueue.take(EventQueue.java:58)
	at Orchestrator.Orchestrator.start(Orchestrator.java:78)
	at Orchestrator.OrchestratorTests.lambda$runOrchestratorInThread$0(OrchestratorTests.java:71)
	at java.base/java.lang.Thread.run(Thread.java:1583)
10:54:20.842 [Thread-1] ERROR Orchestrator.Orchestrator -- Event queue was interrupted
java.lang.InterruptedException: null
	at EventBus.EventQueue.take(EventQueue.java:58)
	at Orchestrator.Orchestrator.start(Orchestrator.java:78)
	at Orchestrator.OrchestratorTests.lambda$runOrchestratorInThread$0(OrchestratorTests.java:71)
	at java.base/java.lang.Thread.run(Thread.java:1583)
10:54:20.842 [Thread-1] ERROR Orchestrator.Orchestrator -- Event queue was interrupted
java.lang.InterruptedException: null
	at EventBus.EventQueue.take(EventQueue.java:58)
	at Orchestrator.Orchestrator.start(Orchestrator.java:78)
	at Orchestrator.OrchestratorTests.lambda$runOrchestratorInThread$0(OrchestratorTests.java:71)
	at java.base/java.lang.Thread.run(Thread.java:1583)
10:54:20.842 [Thread-2] ERROR Orchestrator.Orchestrator -- Event queue was interrupted
java.lang.InterruptedException: null
	at EventBus.EventQueue.take(EventQueue.java:58)
	at Orchestrator.Orchestrator.start(Orchestrator.java:78)
	at Orchestrator.OrchestratorTests.lambda$runOrchestratorInThread$0(OrchestratorTests.java:71)
	at java.base/java.lang.Thread.run(Thread.java:1583)
10:54:20.842 [Thread-1] ERROR Orchestrator.Orchestrator -- Event queue was interrupted
java.lang.InterruptedException: null
	at EventBus.EventQueue.take(EventQueue.java:58)
	at Orchestrator.Orchestrator.start(Orchestrator.java:78)
	at Orchestrator.OrchestratorTests.lambda$runOrchestratorInThread$0(OrchestratorTests.java:71)
	at java.base/java.lang.Thread.run(Thread.java:1583)
10:54:20.842 [Thread-2] ERROR Orchestrator.Orchestrator -- Event queue was interrupted
java.lang.InterruptedException: null
	at EventBus.EventQueue.take(EventQueue.java:58)
	at Orchestrator.Orchestrator.start(Orchestrator.java:78)
	at Orchestrator.OrchestratorTests.lambda$runOrchestratorInThread$0(OrchestratorTests.java:71)
	at java.base/java.lang.Thread.run(Thread.java:1583)
10:54:20.842 [Thread-1] ERROR Orchestrator.Orchestrator -- Event queue was interrupted
java.lang.InterruptedException: null
	at EventBus.EventQueue.take(EventQueue.java:58)
	at Orchestrator.Orchestrator.start(Orchestrator.java:78)
	at Orchestrator.OrchestratorTests.lambda$runOrchestratorInThread$0(OrchestratorTests.java:71)
	at java.base/java.lang.Thread.run(Thread.java:1583)
10:54:20.842 [Thread-2] ERROR Orchestrator.Orchestrator -- Event queue was interrupted
java.lang.InterruptedException: null
	at EventBus.EventQueue.take(EventQueue.java:58)
	at Orchestrator.Orchestrator.start(Orchestrator.java:78)
	at Orchestrator.OrchestratorTests.lambda$runOrchestratorInThread$0(OrchestratorTests.java:71)
	at java.base/java.lang.Thread.run(Thread.java:1583)
10:54:20.842 [Thread-1] ERROR Orchestrator.Orchestrator -- Event queue was interrupted
java.lang.InterruptedException: null
	at EventBus.EventQueue.take(EventQueue.java:58)
	at Orchestrator.Orchestrator.start(Orchestrator.java:78)
	at Orchestrator.OrchestratorTests.lambda$runOrchestratorInThread$0(OrchestratorTests.java:71)
	at java.base/java.lang.Thread.run(Thread.java:1583)
10:54:20.842 [Thread-2] ERROR Orchestrator.Orchestrator -- Event queue was interrupted
java.lang.InterruptedException: null
	at EventBus.EventQueue.take(EventQueue.java:58)
	at Orchestrator.Orchestrator.start(Orchestrator.java:78)
	at Orchestrator.OrchestratorTests.lambda$runOrchestratorInThread$0(OrchestratorTests.java:71)
	at java.base/java.lang.Thread.run(Thread.java:1583)
10:54:20.842 [Thread-1] ERROR Orchestrator.Orchestrator -- Event queue was interrupted
java.lang.InterruptedException: null
	at EventBus.EventQueue.take(EventQueue.java:58)
	at Orchestrator.Orchestrator.start(Orchestrator.java:78)
	at Orchestrator.OrchestratorTests.lambda$runOrchestratorInThread$0(OrchestratorTests.java:71)
	at java.base/java.lang.Thread.run(Thread.java:1583)
10:54:20.842 [Thread-2] ERROR Orchestrator.Orchestrator -- Event queue was interrupted
java.lang.InterruptedException: null
	at EventBus.EventQueue.take(EventQueue.java:58)
	at Orchestrator.Orchestrator.start(Orchestrator.java:78)
	at Orchestrator.OrchestratorTests.lambda$runOrchestratorInThread$0(OrchestratorTests.java:71)
	at java.base/java.lang.Thread.run(Thread.java:1583)
10:54:20.842 [Thread-2] ERROR Orchestrator.Orchestrator -- Event queue was interrupted
java.lang.InterruptedException: null
	at EventBus.EventQueue.take(EventQueue.java:58)
	at Orchestrator.Orchestrator.start(Orchestrator.java:78)
	at Orchestrator.OrchestratorTests.lambda$runOrchestratorInThread$0(OrchestratorTests.java:71)
	at java.base/java.lang.Thread.run(Thread.java:1583)
10:54:20.842 [Thread-1] ERROR Orchestrator.Orchestrator -- Event queue was interrupted
java.lang.InterruptedException: null
	at EventBus.EventQueue.take(EventQueue.java:58)
	at Orchestrator.Orchestrator.start(Orchestrator.java:78)
	at Orchestrator.OrchestratorTests.lambda$runOrchestratorInThread$0(OrchestratorTests.java:71)
	at java.base/java.lang.Thread.run(Thread.java:1583)
10:54:20.842 [Thread-1] ERROR Orchestrator.Orchestrator -- Event queue was interrupted
java.lang.InterruptedException: null
	at EventBus.EventQueue.take(EventQueue.java:58)
	at Orchestrator.Orchestrator.start(Orchestrator.java:78)
	at Orchestrator.OrchestratorTests.lambda$runOrchestratorInThread$0(OrchestratorTests.java:71)
	at java.base/java.lang.Thread.run(Thread.java:1583)
10:54:20.842 [Thread-2] ERROR Orchestrator.Orchestrator -- Event queue was interrupted
java.lang.InterruptedException: null
	at EventBus.EventQueue.take(EventQueue.java:58)
	at Orchestrator.Orchestrator.start(Orchestrator.java:78)
	at Orchestrator.OrchestratorTests.lambda$runOrchestratorInThread$0(OrchestratorTests.java:71)
	at java.base/java.lang.Thread.run(Thread.java:1583)
10:54:20.842 [Thread-1] ERROR Orchestrator.Orchestrator -- Event queue was interrupted
java.lang.InterruptedException: null
	at EventBus.EventQueue.take(EventQueue.java:58)
	at Orchestrator.Orchestrator.start(Orchestrator.java:78)
	at Orchestrator.OrchestratorTests.lambda$runOrchestratorInThread$0(OrchestratorTests.java:71)
	at java.base/java.lang.Thread.run(Thread.java:1583)
10:54:20.842 [Thread-2] ERROR Orchestrator.Orchestrator -- Event queue was interrupted
java.lang.InterruptedException: null
	at EventBus.EventQueue.take(EventQueue.java:58)
	at Orchestrator.Orchestrator.start(Orchestrator.java:78)
	at Orchestrator.OrchestratorTests.lambda$runOrchestratorInThread$0(OrchestratorTests.java:71)
	at java.base/java.lang.Thread.run(Thread.java:1583)
10:54:20.842 [Thread-1] ERROR Orchestrator.Orchestrator -- Event queue was interrupted
java.lang.InterruptedException: null
	at EventBus.EventQueue.take(EventQueue.java:58)
	at Orchestrator.Orchestrator.start(Orchestrator.java:78)
	at Orchestrator.OrchestratorTests.lambda$runOrchestratorInThread$0(OrchestratorTests.java:71)
	at java.base/java.lang.Thread.run(Thread.java:1583)
10:54:20.843 [Thread-2] ERROR Orchestrator.Orchestrator -- Event queue was interrupted
java.lang.InterruptedException: null
	at EventBus.EventQueue.take(EventQueue.java:58)
	at Orchestrator.Orchestrator.start(Orchestrator.java:78)
	at Orchestrator.OrchestratorTests.lambda$runOrchestratorInThread$0(OrchestratorTests.java:71)
	at java.base/java.lang.Thread.run(Thread.java:1583)
10:54:20.843 [Thread-1] ERROR Orchestrator.Orchestrator -- Event queue was interrupted
java.lang.InterruptedException: null
	at EventBus.EventQueue.take(EventQueue.java:58)
	at Orchestrator.Orchestrator.start(Orchestrator.java:78)
	at Orchestrator.OrchestratorTests.lambda$runOrchestratorInThread$0(OrchestratorTests.java:71)
	at java.base/java.lang.Thread.run(Thread.java:1583)
10:54:20.843 [Thread-2] ERROR Orchestrator.Orchestrator -- Event queue was interrupted
java.lang.InterruptedException: null
	at EventBus.EventQueue.take(EventQueue.java:58)
	at Orchestrator.Orchestrator.start(Orchestrator.java:78)
	at Orchestrator.OrchestratorTests.lambda$runOrchestratorInThread$0(OrchestratorTests.java:71)
	at java.base/java.lang.Thread.run(Thread.java:1583)
10:54:20.843 [Thread-1] ERROR Orchestrator.Orchestrator -- Event queue was interrupted
java.lang.InterruptedException: null
	at EventBus.EventQueue.take(EventQueue.java:58)
	at Orchestrator.Orchestrator.start(Orchestrator.java:78)
	at Orchestrator.OrchestratorTests.lambda$runOrchestratorInThread$0(OrchestratorTests.java:71)
	at java.base/java.lang.Thread.run(Thread.java:1583)
10:54:20.843 [Thread-2] ERROR Orchestrator.Orchestrator -- Event queue was interrupted
java.lang.InterruptedException: null
	at EventBus.EventQueue.take(EventQueue.java:58)
	at Orchestrator.Orchestrator.start(Orchestrator.java:78)
	at Orchestrator.OrchestratorTests.lambda$runOrchestratorInThread$0(OrchestratorTests.java:71)
	at java.base/java.lang.Thread.run(Thread.java:1583)
10:54:20.843 [Thread-1] ERROR Orchestrator.Orchestrator -- Event queue was interrupted
java.lang.InterruptedException: null
	at EventBus.EventQueue.take(EventQueue.java:58)
	at Orchestrator.Orchestrator.start(Orchestrator.java:78)
	at Orchestrator.OrchestratorTests.lambda$runOrchestratorInThread$0(OrchestratorTests.java:71)
	at java.base/java.lang.Thread.run(Thread.java:1583)
10:54:20.843 [Thread-2] ERROR Orchestrator.Orchestrator -- Event queue was interrupted
java.lang.InterruptedException: null
	at EventBus.EventQueue.take(EventQueue.java:58)
	at Orchestrator.Orchestrator.start(Orchestrator.java:78)
	at Orchestrator.OrchestratorTests.lambda$runOrchestratorInThread$0(OrchestratorTests.java:71)
	at java.base/java.lang.Thread.run(Thread.java:1583)
10:54:20.843 [Thread-1] ERROR Orchestrator.Orchestrator -- Event queue was interrupted
java.lang.InterruptedException: null
	at EventBus.EventQueue.take(EventQueue.java:58)
	at Orchestrator.Orchestrator.start(Orchestrator.java:78)
	at Orchestrator.OrchestratorTests.lambda$runOrchestratorInThread$0(OrchestratorTests.java:71)
	at java.base/java.lang.Thread.run(Thread.java:1583)
10:54:20.843 [Thread-2] ERROR Orchestrator.Orchestrator -- Event queue was interrupted
java.lang.InterruptedException: null
	at EventBus.EventQueue.take(EventQueue.java:58)
	at Orchestrator.Orchestrator.start(Orchestrator.java:78)
	at Orchestrator.OrchestratorTests.lambda$runOrchestratorInThread$0(OrchestratorTests.java:71)
	at java.base/java.lang.Thread.run(Thread.java:1583)
10:54:20.843 [Thread-1] ERROR Orchestrator.Orchestrator -- Event queue was interrupted
java.lang.InterruptedException: null
	at EventBus.EventQueue.take(EventQueue.java:58)
	at Orchestrator.Orchestrator.start(Orchestrator.java:78)
	at Orchestrator.OrchestratorTests.lambda$runOrchestratorInThread$0(OrchestratorTests.java:71)
	at java.base/java.lang.Thread.run(Thread.java:1583)
10:54:20.843 [Thread-2] ERROR Orchestrator.Orchestrator -- Event queue was interrupted
java.lang.InterruptedException: null
	at EventBus.EventQueue.take(EventQueue.java:58)
	at Orchestrator.Orchestrator.start(Orchestrator.java:78)
	at Orchestrator.OrchestratorTests.lambda$runOrchestratorInThread$0(OrchestratorTests.java:71)
	at java.base/java.lang.Thread.run(Thread.java:1583)
10:54:20.843 [Thread-1] ERROR Orchestrator.Orchestrator -- Event queue was interrupted
java.lang.InterruptedException: null
	at EventBus.EventQueue.take(EventQueue.java:58)
	at Orchestrator.Orchestrator.start(Orchestrator.java:78)
	at Orchestrator.OrchestratorTests.lambda$runOrchestratorInThread$0(OrchestratorTests.java:71)
	at java.base/java.lang.Thread.run(Thread.java:1583)
10:54:20.843 [Thread-2] ERROR Orchestrator.Orchestrator -- Event queue was interrupted
java.lang.InterruptedException: null
	at EventBus.EventQueue.take(EventQueue.java:58)
	at Orchestrator.Orchestrator.start(Orchestrator.java:78)
	at Orchestrator.OrchestratorTests.lambda$runOrchestratorInThread$0(OrchestratorTests.java:71)
	at java.base/java.lang.Thread.run(Thread.java:1583)
10:54:20.843 [Thread-1] ERROR Orchestrator.Orchestrator -- Event queue was interrupted
java.lang.InterruptedException: null
	at EventBus.EventQueue.take(EventQueue.java:58)
	at Orchestrator.Orchestrator.start(Orchestrator.java:78)
	at Orchestrator.OrchestratorTests.lambda$runOrchestratorInThread$0(OrchestratorTests.java:71)
	at java.base/java.lang.Thread.run(Thread.java:1583)
10:54:20.843 [Thread-2] ERROR Orchestrator.Orchestrator -- Event queue was interrupted
java.lang.InterruptedException: null
	at EventBus.EventQueue.take(EventQueue.java:58)
	at Orchestrator.Orchestrator.start(Orchestrator.java:78)
	at Orchestrator.OrchestratorTests.lambda$runOrchestratorInThread$0(OrchestratorTests.java:71)
	at java.base/java.lang.Thread.run(Thread.java:1583)
10:54:20.843 [Thread-1] ERROR Orchestrator.Orchestrator -- Event queue was interrupted
java.lang.InterruptedException: null
	at EventBus.EventQueue.take(EventQueue.java:58)
	at Orchestrator.Orchestrator.start(Orchestrator.java:78)
	at Orchestrator.OrchestratorTests.lambda$runOrchestratorInThread$0(OrchestratorTests.java:71)
	at java.base/java.lang.Thread.run(Thread.java:1583)
10:54:20.843 [Thread-2] ERROR Orchestrator.Orchestrator -- Event queue was interrupted
java.lang.InterruptedException: null
	at EventBus.EventQueue.take(EventQueue.java:58)
	at Orchestrator.Orchestrator.start(Orchestrator.java:78)
	at Orchestrator.OrchestratorTests.lambda$runOrchestratorInThread$0(OrchestratorTests.java:71)
	at java.base/java.lang.Thread.run(Thread.java:1583)
10:54:20.843 [Thread-1] ERROR Orchestrator.Orchestrator -- Event queue was interrupted
java.lang.InterruptedException: null
	at EventBus.EventQueue.take(EventQueue.java:58)
	at Orchestrator.Orchestrator.start(Orchestrator.java:78)
	at Orchestrator.OrchestratorTests.lambda$runOrchestratorInThread$0(OrchestratorTests.java:71)
	at java.base/java.lang.Thread.run(Thread.java:1583)
10:54:20.843 [Thread-2] ERROR Orchestrator.Orchestrator -- Event queue was interrupted
java.lang.InterruptedException: null
	at EventBus.EventQueue.take(EventQueue.java:58)
	at Orchestrator.Orchestrator.start(Orchestrator.java:78)
	at Orchestrator.OrchestratorTests.lambda$runOrchestratorInThread$0(OrchestratorTests.java:71)
	at java.base/java.lang.Thread.run(Thread.java:1583)
10:54:20.843 [Thread-1] ERROR Orchestrator.Orchestrator -- Event queue was interrupted
java.lang.InterruptedException: null
	at EventBus.EventQueue.take(EventQueue.java:58)
	at Orchestrator.Orchestrator.start(Orchestrator.java:78)
	at Orchestrator.OrchestratorTests.lambda$runOrchestratorInThread$0(OrchestratorTests.java:71)
	at java.base/java.lang.Thread.run(Thread.java:1583)
10:54:20.843 [Thread-2] ERROR Orchestrator.Orchestrator -- Event queue was interrupted
java.lang.InterruptedException: null
	at EventBus.EventQueue.take(EventQueue.java:58)
	at Orchestrator.Orchestrator.start(Orchestrator.java:78)
	at Orchestrator.OrchestratorTests.lambda$runOrchestratorInThread$0(OrchestratorTests.java:71)
	at java.base/java.lang.Thread.run(Thread.java:1583)
10:54:20.843 [Thread-1] ERROR Orchestrator.Orchestrator -- Event queue was interrupted
java.lang.InterruptedException: null
	at EventBus.EventQueue.take(EventQueue.java:58)
	at Orchestrator.Orchestrator.start(Orchestrator.java:78)
	at Orchestrator.OrchestratorTests.lambda$runOrchestratorInThread$0(OrchestratorTests.java:71)
	at java.base/java.lang.Thread.run(Thread.java:1583)
10:54:20.843 [Thread-2] ERROR Orchestrator.Orchestrator -- Event queue was interrupted
java.lang.InterruptedException: null
	at EventBus.EventQueue.take(EventQueue.java:58)
	at Orchestrator.Orchestrator.start(Orchestrator.java:78)
	at Orchestrator.OrchestratorTests.lambda$runOrchestratorInThread$0(OrchestratorTests.java:71)
	at java.base/java.lang.Thread.run(Thread.java:1583)
10:54:20.843 [Thread-1] ERROR Orchestrator.Orchestrator -- Event queue was interrupted
java.lang.InterruptedException: null
	at EventBus.EventQueue.take(EventQueue.java:58)
	at Orchestrator.Orchestrator.start(Orchestrator.java:78)
	at Orchestrator.OrchestratorTests.lambda$runOrchestratorInThread$0(OrchestratorTests.java:71)
	at java.base/java.lang.Thread.run(Thread.java:1583)
10:54:20.844 [Thread-2] ERROR Orchestrator.Orchestrator -- Event queue was interrupted
java.lang.InterruptedException: null
	at EventBus.EventQueue.take(EventQueue.java:58)
	at Orchestrator.Orchestrator.start(Orchestrator.java:78)
	at Orchestrator.OrchestratorTests.lambda$runOrchestratorInThread$0(OrchestratorTests.java:71)
	at java.base/java.lang.Thread.run(Thread.java:1583)
10:54:20.844 [Thread-1] ERROR Orchestrator.Orchestrator -- Event queue was interrupted
java.lang.InterruptedException: null
	at EventBus.EventQueue.take(EventQueue.java:58)
	at Orchestrator.Orchestrator.start(Orchestrator.java:78)
	at Orchestrator.OrchestratorTests.lambda$runOrchestratorInThread$0(OrchestratorTests.java:71)
	at java.base/java.lang.Thread.run(Thread.java:1583)
10:54:20.844 [Thread-2] ERROR Orchestrator.Orchestrator -- Event queue was interrupted
java.lang.InterruptedException: null
	at EventBus.EventQueue.take(EventQueue.java:58)
	at Orchestrator.Orchestrator.start(Orchestrator.java:78)
	at Orchestrator.OrchestratorTests.lambda$runOrchestratorInThread$0(OrchestratorTests.java:71)
	at java.base/java.lang.Thread.run(Thread.java:1583)
10:54:20.844 [Thread-1] ERROR Orchestrator.Orchestrator -- Event queue was interrupted
java.lang.InterruptedException: null
	at EventBus.EventQueue.take(EventQueue.java:58)
	at Orchestrator.Orchestrator.start(Orchestrator.java:78)
	at Orchestrator.OrchestratorTests.lambda$runOrchestratorInThread$0(OrchestratorTests.java:71)
	at java.base/java.lang.Thread.run(Thread.java:1583)
10:54:20.844 [Thread-2] ERROR Orchestrator.Orchestrator -- Event queue was interrupted
java.lang.InterruptedException: null
	at EventBus.EventQueue.take(EventQueue.java:58)
	at Orchestrator.Orchestrator.start(Orchestrator.java:78)
	at Orchestrator.OrchestratorTests.lambda$runOrchestratorInThread$0(OrchestratorTests.java:71)
	at java.base/java.lang.Thread.run(Thread.java:1583)
10:54:20.844 [Thread-1] ERROR Orchestrator.Orchestrator -- Event queue was interrupted
java.lang.InterruptedException: null
	at EventBus.EventQueue.take(EventQueue.java:58)
	at Orchestrator.Orchestrator.start(Orchestrator.java:78)
	at Orchestrator.OrchestratorTests.lambda$runOrchestratorInThread$0(OrchestratorTests.java:71)
	at java.base/java.lang.Thread.run(Thread.java:1583)
10:54:20.844 [Thread-2] ERROR Orchestrator.Orchestrator -- Event queue was interrupted
java.lang.InterruptedException: null
	at EventBus.EventQueue.take(EventQueue.java:58)
	at Orchestrator.Orchestrator.start(Orchestrator.java:78)
	at Orchestrator.OrchestratorTests.lambda$runOrchestratorInThread$0(OrchestratorTests.java:71)
	at java.base/java.lang.Thread.run(Thread.java:1583)
10:54:20.844 [Thread-1] ERROR Orchestrator.Orchestrator -- Event queue was interrupted
java.lang.InterruptedException: null
	at EventBus.EventQueue.take(EventQueue.java:58)
	at Orchestrator.Orchestrator.start(Orchestrator.java:78)
	at Orchestrator.OrchestratorTests.lambda$runOrchestratorInThread$0(OrchestratorTests.java:71)
	at java.base/java.lang.Thread.run(Thread.java:1583)
10:54:20.844 [Thread-2] ERROR Orchestrator.Orchestrator -- Event queue was interrupted
java.lang.InterruptedException: null
	at EventBus.EventQueue.take(EventQueue.java:58)
	at Orchestrator.Orchestrator.start(Orchestrator.java:78)
	at Orchestrator.OrchestratorTests.lambda$runOrchestratorInThread$0(OrchestratorTests.java:71)
	at java.base/java.lang.Thread.run(Thread.java:1583)
10:54:20.844 [Thread-1] ERROR Orchestrator.Orchestrator -- Event queue was interrupted
java.lang.InterruptedException: null
	at EventBus.EventQueue.take(EventQueue.java:58)
	at Orchestrator.Orchestrator.start(Orchestrator.java:78)
	at Orchestrator.OrchestratorTests.lambda$runOrchestratorInThread$0(OrchestratorTests.java:71)
	at java.base/java.lang.Thread.run(Thread.java:1583)
10:54:20.844 [Thread-2] ERROR Orchestrator.Orchestrator -- Event queue was interrupted
java.lang.InterruptedException: null
	at EventBus.EventQueue.take(EventQueue.java:58)
	at Orchestrator.Orchestrator.start(Orchestrator.java:78)
	at Orchestrator.OrchestratorTests.lambda$runOrchestratorInThread$0(OrchestratorTests.java:71)
	at java.base/java.lang.Thread.run(Thread.java:1583)
10:54:20.844 [Thread-1] ERROR Orchestrator.Orchestrator -- Event queue was interrupted
java.lang.InterruptedException: null
	at EventBus.EventQueue.take(EventQueue.java:58)
	at Orchestrator.Orchestrator.start(Orchestrator.java:78)
	at Orchestrator.OrchestratorTests.lambda$runOrchestratorInThread$0(OrchestratorTests.java:71)
	at java.base/java.lang.Thread.run(Thread.java:1583)
10:54:20.844 [Thread-2] ERROR Orchestrator.Orchestrator -- Event queue was interrupted
java.lang.InterruptedException: null
	at EventBus.EventQueue.take(EventQueue.java:58)
	at Orchestrator.Orchestrator.start(Orchestrator.java:78)
	at Orchestrator.OrchestratorTests.lambda$runOrchestratorInThread$0(OrchestratorTests.java:71)
	at java.base/java.lang.Thread.run(Thread.java:1583)
10:54:20.844 [Thread-1] ERROR Orchestrator.Orchestrator -- Event queue was interrupted
java.lang.InterruptedException: null
	at EventBus.EventQueue.take(EventQueue.java:58)
	at Orchestrator.Orchestrator.start(Orchestrator.java:78)
	at Orchestrator.OrchestratorTests.lambda$runOrchestratorInThread$0(OrchestratorTests.java:71)
	at java.base/java.lang.Thread.run(Thread.java:1583)
10:54:20.844 [Thread-2] ERROR Orchestrator.Orchestrator -- Event queue was interrupted
java.lang.InterruptedException: null
	at EventBus.EventQueue.take(EventQueue.java:58)
	at Orchestrator.Orchestrator.start(Orchestrator.java:78)
	at Orchestrator.OrchestratorTests.lambda$runOrchestratorInThread$0(OrchestratorTests.java:71)
	at java.base/java.lang.Thread.run(Thread.java:1583)
10:54:20.844 [Thread-1] ERROR Orchestrator.Orchestrator -- Event queue was interrupted
java.lang.InterruptedException: null
	at EventBus.EventQueue.take(EventQueue.java:58)
	at Orchestrator.Orchestrator.start(Orchestrator.java:78)
	at Orchestrator.OrchestratorTests.lambda$runOrchestratorInThread$0(OrchestratorTests.java:71)
	at java.base/java.lang.Thread.run(Thread.java:1583)
10:54:20.844 [Thread-2] ERROR Orchestrator.Orchestrator -- Event queue was interrupted
java.lang.InterruptedException: null
	at EventBus.EventQueue.take(EventQueue.java:58)
	at Orchestrator.Orchestrator.start(Orchestrator.java:78)
	at Orchestrator.OrchestratorTests.lambda$runOrchestratorInThread$0(OrchestratorTests.java:71)
	at java.base/java.lang.Thread.run(Thread.java:1583)
10:54:20.844 [Thread-1] ERROR Orchestrator.Orchestrator -- Event queue was interrupted
java.lang.InterruptedException: null
	at EventBus.EventQueue.take(EventQueue.java:58)
	at Orchestrator.Orchestrator.start(Orchestrator.java:78)
	at Orchestrator.OrchestratorTests.lambda$runOrchestratorInThread$0(OrchestratorTests.java:71)
	at java.base/java.lang.Thread.run(Thread.java:1583)
10:54:20.844 [Thread-2] ERROR Orchestrator.Orchestrator -- Event queue was interrupted
java.lang.InterruptedException: null
	at EventBus.EventQueue.take(EventQueue.java:58)
	at Orchestrator.Orchestrator.start(Orchestrator.java:78)
	at Orchestrator.OrchestratorTests.lambda$runOrchestratorInThread$0(OrchestratorTests.java:71)
	at java.base/java.lang.Thread.run(Thread.java:1583)
10:54:20.844 [Thread-1] ERROR Orchestrator.Orchestrator -- Event queue was interrupted
java.lang.InterruptedException: null
	at EventBus.EventQueue.take(EventQueue.java:58)
	at Orchestrator.Orchestrator.start(Orchestrator.java:78)
	at Orchestrator.OrchestratorTests.lambda$runOrchestratorInThread$0(OrchestratorTests.java:71)
	at java.base/java.lang.Thread.run(Thread.java:1583)
10:54:20.844 [Thread-2] ERROR Orchestrator.Orchestrator -- Event queue was interrupted
java.lang.InterruptedException: null
	at EventBus.EventQueue.take(EventQueue.java:58)
	at Orchestrator.Orchestrator.start(Orchestrator.java:78)
	at Orchestrator.OrchestratorTests.lambda$runOrchestratorInThread$0(OrchestratorTests.java:71)
	at java.base/java.lang.Thread.run(Thread.java:1583)
10:54:20.844 [Thread-1] ERROR Orchestrator.Orchestrator -- Event queue was interrupted
java.lang.InterruptedException: null
	at EventBus.EventQueue.take(EventQueue.java:58)
	at Orchestrator.Orchestrator.start(Orchestrator.java:78)
	at Orchestrator.OrchestratorTests.lambda$runOrchestratorInThread$0(OrchestratorTests.java:71)
	at java.base/java.lang.Thread.run(Thread.java:1583)
10:54:20.844 [Thread-2] ERROR Orchestrator.Orchestrator -- Event queue was interrupted
java.lang.InterruptedException: null
	at EventBus.EventQueue.take(EventQueue.java:58)
	at Orchestrator.Orchestrator.start(Orchestrator.java:78)
	at Orchestrator.OrchestratorTests.lambda$runOrchestratorInThread$0(OrchestratorTests.java:71)
	at java.base/java.lang.Thread.run(Thread.java:1583)
10:54:20.844 [Thread-1] ERROR Orchestrator.Orchestrator -- Event queue was interrupted
java.lang.InterruptedException: null
	at EventBus.EventQueue.take(EventQueue.java:58)
	at Orchestrator.Orchestrator.start(Orchestrator.java:78)
	at Orchestrator.OrchestratorTests.lambda$runOrchestratorInThread$0(OrchestratorTests.java:71)
	at java.base/java.lang.Thread.run(Thread.java:1583)
10:54:20.844 [Thread-2] ERROR Orchestrator.Orchestrator -- Event queue was interrupted
java.lang.InterruptedException: null
	at EventBus.EventQueue.take(EventQueue.java:58)
	at Orchestrator.Orchestrator.start(Orchestrator.java:78)
	at Orchestrator.OrchestratorTests.lambda$runOrchestratorInThread$0(OrchestratorTests.java:71)
	at java.base/java.lang.Thread.run(Thread.java:1583)
10:54:20.845 [Thread-1] ERROR Orchestrator.Orchestrator -- Event queue was interrupted
java.lang.InterruptedException: null
	at EventBus.EventQueue.take(EventQueue.java:58)
	at Orchestrator.Orchestrator.start(Orchestrator.java:78)
	at Orchestrator.OrchestratorTests.lambda$runOrchestratorInThread$0(OrchestratorTests.java:71)
	at java.base/java.lang.Thread.run(Thread.java:1583)
10:54:20.845 [Thread-2] ERROR Orchestrator.Orchestrator -- Event queue was interrupted
java.lang.InterruptedException: null
	at EventBus.EventQueue.take(EventQueue.java:58)
	at Orchestrator.Orchestrator.start(Orchestrator.java:78)
	at Orchestrator.OrchestratorTests.lambda$runOrchestratorInThread$0(OrchestratorTests.java:71)
	at java.base/java.lang.Thread.run(Thread.java:1583)
10:54:20.845 [Thread-1] ERROR Orchestrator.Orchestrator -- Event queue was interrupted
java.lang.InterruptedException: null
	at EventBus.EventQueue.take(EventQueue.java:58)
	at Orchestrator.Orchestrator.start(Orchestrator.java:78)
	at Orchestrator.OrchestratorTests.lambda$runOrchestratorInThread$0(OrchestratorTests.java:71)
	at java.base/java.lang.Thread.run(Thread.java:1583)
10:54:20.845 [Thread-1] ERROR Orchestrator.Orchestrator -- Event queue was interrupted
java.lang.InterruptedException: null
	at EventBus.EventQueue.take(EventQueue.java:58)
	at Orchestrator.Orchestrator.start(Orchestrator.java:78)
	at Orchestrator.OrchestratorTests.lambda$runOrchestratorInThread$0(OrchestratorTests.java:71)
	at java.base/java.lang.Thread.run(Thread.java:1583)
10:54:20.845 [Thread-2] ERROR Orchestrator.Orchestrator -- Event queue was interrupted
java.lang.InterruptedException: null
	at EventBus.EventQueue.take(EventQueue.java:58)
	at Orchestrator.Orchestrator.start(Orchestrator.java:78)
	at Orchestrator.OrchestratorTests.lambda$runOrchestratorInThread$0(OrchestratorTests.java:71)
	at java.base/java.lang.Thread.run(Thread.java:1583)
10:54:20.845 [Thread-1] ERROR Orchestrator.Orchestrator -- Event queue was interrupted
java.lang.InterruptedException: null
	at EventBus.EventQueue.take(EventQueue.java:58)
	at Orchestrator.Orchestrator.start(Orchestrator.java:78)
	at Orchestrator.OrchestratorTests.lambda$runOrchestratorInThread$0(OrchestratorTests.java:71)
	at java.base/java.lang.Thread.run(Thread.java:1583)
10:54:20.845 [Thread-2] ERROR Orchestrator.Orchestrator -- Event queue was interrupted
java.lang.InterruptedException: null
	at EventBus.EventQueue.take(EventQueue.java:58)
	at Orchestrator.Orchestrator.start(Orchestrator.java:78)
	at Orchestrator.OrchestratorTests.lambda$runOrchestratorInThread$0(OrchestratorTests.java:71)
	at java.base/java.lang.Thread.run(Thread.java:1583)
10:54:20.845 [Thread-1] ERROR Orchestrator.Orchestrator -- Event queue was interrupted
java.lang.InterruptedException: null
	at EventBus.EventQueue.take(EventQueue.java:58)
	at Orchestrator.Orchestrator.start(Orchestrator.java:78)
	at Orchestrator.OrchestratorTests.lambda$runOrchestratorInThread$0(OrchestratorTests.java:71)
	at java.base/java.lang.Thread.run(Thread.java:1583)
10:54:20.845 [Thread-2] ERROR Orchestrator.Orchestrator -- Event queue was interrupted
java.lang.InterruptedException: null
	at EventBus.EventQueue.take(EventQueue.java:58)
	at Orchestrator.Orchestrator.start(Orchestrator.java:78)
	at Orchestrator.OrchestratorTests.lambda$runOrchestratorInThread$0(OrchestratorTests.java:71)
	at java.base/java.lang.Thread.run(Thread.java:1583)
10:54:20.845 [Thread-1] ERROR Orchestrator.Orchestrator -- Event queue was interrupted
java.lang.InterruptedException: null
	at EventBus.EventQueue.take(EventQueue.java:58)
	at Orchestrator.Orchestrator.start(Orchestrator.java:78)
	at Orchestrator.OrchestratorTests.lambda$runOrchestratorInThread$0(OrchestratorTests.java:71)
	at java.base/java.lang.Thread.run(Thread.java:1583)
10:54:20.845 [Thread-2] ERROR Orchestrator.Orchestrator -- Event queue was interrupted
java.lang.InterruptedException: null
	at EventBus.EventQueue.take(EventQueue.java:58)
	at Orchestrator.Orchestrator.start(Orchestrator.java:78)
	at Orchestrator.OrchestratorTests.lambda$runOrchestratorInThread$0(OrchestratorTests.java:71)
	at java.base/java.lang.Thread.run(Thread.java:1583)
10:54:20.845 [Thread-1] ERROR Orchestrator.Orchestrator -- Event queue was interrupted
java.lang.InterruptedException: null
	at EventBus.EventQueue.take(EventQueue.java:58)
	at Orchestrator.Orchestrator.start(Orchestrator.java:78)
	at Orchestrator.OrchestratorTests.lambda$runOrchestratorInThread$0(OrchestratorTests.java:71)
	at java.base/java.lang.Thread.run(Thread.java:1583)
10:54:20.845 [Thread-2] ERROR Orchestrator.Orchestrator -- Event queue was interrupted
java.lang.InterruptedException: null
	at EventBus.EventQueue.take(EventQueue.java:58)
	at Orchestrator.Orchestrator.start(Orchestrator.java:78)
	at Orchestrator.OrchestratorTests.lambda$runOrchestratorInThread$0(OrchestratorTests.java:71)
	at java.base/java.lang.Thread.run(Thread.java:1583)
10:54:20.845 [Thread-1] ERROR Orchestrator.Orchestrator -- Event queue was interrupted
java.lang.InterruptedException: null
	at EventBus.EventQueue.take(EventQueue.java:58)
	at Orchestrator.Orchestrator.start(Orchestrator.java:78)
	at Orchestrator.OrchestratorTests.lambda$runOrchestratorInThread$0(OrchestratorTests.java:71)
	at java.base/java.lang.Thread.run(Thread.java:1583)
10:54:20.845 [Thread-2] ERROR Orchestrator.Orchestrator -- Event queue was interrupted
java.lang.InterruptedException: null
	at EventBus.EventQueue.take(EventQueue.java:58)
	at Orchestrator.Orchestrator.start(Orchestrator.java:78)
	at Orchestrator.OrchestratorTests.lambda$runOrchestratorInThread$0(OrchestratorTests.java:71)
	at java.base/java.lang.Thread.run(Thread.java:1583)
10:54:20.845 [Thread-1] ERROR Orchestrator.Orchestrator -- Event queue was interrupted
java.lang.InterruptedException: null
	at EventBus.EventQueue.take(EventQueue.java:58)
	at Orchestrator.Orchestrator.start(Orchestrator.java:78)
	at Orchestrator.OrchestratorTests.lambda$runOrchestratorInThread$0(OrchestratorTests.java:71)
	at java.base/java.lang.Thread.run(Thread.java:1583)
10:54:20.845 [Thread-2] ERROR Orchestrator.Orchestrator -- Event queue was interrupted
java.lang.InterruptedException: null
	at EventBus.EventQueue.take(EventQueue.java:58)
	at Orchestrator.Orchestrator.start(Orchestrator.java:78)
	at Orchestrator.OrchestratorTests.lambda$runOrchestratorInThread$0(OrchestratorTests.java:71)
	at java.base/java.lang.Thread.run(Thread.java:1583)
10:54:20.845 [Thread-1] ERROR Orchestrator.Orchestrator -- Event queue was interrupted
java.lang.InterruptedException: null
	at EventBus.EventQueue.take(EventQueue.java:58)
	at Orchestrator.Orchestrator.start(Orchestrator.java:78)
	at Orchestrator.OrchestratorTests.lambda$runOrchestratorInThread$0(OrchestratorTests.java:71)
	at java.base/java.lang.Thread.run(Thread.java:1583)
10:54:20.845 [Thread-2] ERROR Orchestrator.Orchestrator -- Event queue was interrupted
java.lang.InterruptedException: null
	at EventBus.EventQueue.take(EventQueue.java:58)
	at Orchestrator.Orchestrator.start(Orchestrator.java:78)
	at Orchestrator.OrchestratorTests.lambda$runOrchestratorInThread$0(OrchestratorTests.java:71)
	at java.base/java.lang.Thread.run(Thread.java:1583)
10:54:20.845 [Thread-1] ERROR Orchestrator.Orchestrator -- Event queue was interrupted
java.lang.InterruptedException: null
	at EventBus.EventQueue.take(EventQueue.java:58)
	at Orchestrator.Orchestrator.start(Orchestrator.java:78)
	at Orchestrator.OrchestratorTests.lambda$runOrchestratorInThread$0(OrchestratorTests.java:71)
	at java.base/java.lang.Thread.run(Thread.java:1583)
10:54:20.845 [Thread-2] ERROR Orchestrator.Orchestrator -- Event queue was interrupted
java.lang.InterruptedException: null
	at EventBus.EventQueue.take(EventQueue.java:58)
	at Orchestrator.Orchestrator.start(Orchestrator.java:78)
	at Orchestrator.OrchestratorTests.lambda$runOrchestratorInThread$0(OrchestratorTests.java:71)
	at java.base/java.lang.Thread.run(Thread.java:1583)
10:54:20.845 [Thread-1] ERROR Orchestrator.Orchestrator -- Event queue was interrupted
java.lang.InterruptedException: null
	at EventBus.EventQueue.take(EventQueue.java:58)
	at Orchestrator.Orchestrator.start(Orchestrator.java:78)
	at Orchestrator.OrchestratorTests.lambda$runOrchestratorInThread$0(OrchestratorTests.java:71)
	at java.base/java.lang.Thread.run(Thread.java:1583)
10:54:20.845 [Thread-2] ERROR Orchestrator.Orchestrator -- Event queue was interrupted
java.lang.InterruptedException: null
	at EventBus.EventQueue.take(EventQueue.java:58)
	at Orchestrator.Orchestrator.start(Orchestrator.java:78)
	at Orchestrator.OrchestratorTests.lambda$runOrchestratorInThread$0(OrchestratorTests.java:71)
	at java.base/java.lang.Thread.run(Thread.java:1583)
10:54:20.845 [Thread-1] ERROR Orchestrator.Orchestrator -- Event queue was interrupted
java.lang.InterruptedException: null
	at EventBus.EventQueue.take(EventQueue.java:58)
	at Orchestrator.Orchestrator.start(Orchestrator.java:78)
	at Orchestrator.OrchestratorTests.lambda$runOrchestratorInThread$0(OrchestratorTests.java:71)
	at java.base/java.lang.Thread.run(Thread.java:1583)
10:54:20.845 [Thread-2] ERROR Orchestrator.Orchestrator -- Event queue was interrupted
java.lang.InterruptedException: null
	at EventBus.EventQueue.take(EventQueue.java:58)
	at Orchestrator.Orchestrator.start(Orchestrator.java:78)
	at Orchestrator.OrchestratorTests.lambda$runOrchestratorInThread$0(OrchestratorTests.java:71)
	at java.base/java.lang.Thread.run(Thread.java:1583)
10:54:20.846 [Thread-1] ERROR Orchestrator.Orchestrator -- Event queue was interrupted
java.lang.InterruptedException: null
	at EventBus.EventQueue.take(EventQueue.java:58)
	at Orchestrator.Orchestrator.start(Orchestrator.java:78)
	at Orchestrator.OrchestratorTests.lambda$runOrchestratorInThread$0(OrchestratorTests.java:71)
	at java.base/java.lang.Thread.run(Thread.java:1583)
10:54:20.846 [Thread-2] ERROR Orchestrator.Orchestrator -- Event queue was interrupted
java.lang.InterruptedException: null
	at EventBus.EventQueue.take(EventQueue.java:58)
	at Orchestrator.Orchestrator.start(Orchestrator.java:78)
	at Orchestrator.OrchestratorTests.lambda$runOrchestratorInThread$0(OrchestratorTests.java:71)
	at java.base/java.lang.Thread.run(Thread.java:1583)
10:54:20.846 [Thread-1] ERROR Orchestrator.Orchestrator -- Event queue was interrupted
java.lang.InterruptedException: null
	at EventBus.EventQueue.take(EventQueue.java:58)
	at Orchestrator.Orchestrator.start(Orchestrator.java:78)
	at Orchestrator.OrchestratorTests.lambda$runOrchestratorInThread$0(OrchestratorTests.java:71)
	at java.base/java.lang.Thread.run(Thread.java:1583)
10:54:20.846 [Thread-2] ERROR Orchestrator.Orchestrator -- Event queue was interrupted
java.lang.InterruptedException: null
	at EventBus.EventQueue.take(EventQueue.java:58)
	at Orchestrator.Orchestrator.start(Orchestrator.java:78)
	at Orchestrator.OrchestratorTests.lambda$runOrchestratorInThread$0(OrchestratorTests.java:71)
	at java.base/java.lang.Thread.run(Thread.java:1583)
10:54:20.846 [Thread-1] ERROR Orchestrator.Orchestrator -- Event queue was interrupted
java.lang.InterruptedException: null
	at EventBus.EventQueue.take(EventQueue.java:58)
	at Orchestrator.Orchestrator.start(Orchestrator.java:78)
	at Orchestrator.OrchestratorTests.lambda$runOrchestratorInThread$0(OrchestratorTests.java:71)
	at java.base/java.lang.Thread.run(Thread.java:1583)
10:54:20.846 [Thread-2] ERROR Orchestrator.Orchestrator -- Event queue was interrupted
java.lang.InterruptedException: null
	at EventBus.EventQueue.take(EventQueue.java:58)
	at Orchestrator.Orchestrator.start(Orchestrator.java:78)
	at Orchestrator.OrchestratorTests.lambda$runOrchestratorInThread$0(OrchestratorTests.java:71)
	at java.base/java.lang.Thread.run(Thread.java:1583)
10:54:20.846 [Thread-1] ERROR Orchestrator.Orchestrator -- Event queue was interrupted
java.lang.InterruptedException: null
	at EventBus.EventQueue.take(EventQueue.java:58)
	at Orchestrator.Orchestrator.start(Orchestrator.java:78)
	at Orchestrator.OrchestratorTests.lambda$runOrchestratorInThread$0(OrchestratorTests.java:71)
	at java.base/java.lang.Thread.run(Thread.java:1583)
10:54:20.846 [Thread-2] ERROR Orchestrator.Orchestrator -- Event queue was interrupted
java.lang.InterruptedException: null
	at EventBus.EventQueue.take(EventQueue.java:58)
	at Orchestrator.Orchestrator.start(Orchestrator.java:78)
	at Orchestrator.OrchestratorTests.lambda$runOrchestratorInThread$0(OrchestratorTests.java:71)
	at java.base/java.lang.Thread.run(Thread.java:1583)
10:54:20.846 [Thread-1] ERROR Orchestrator.Orchestrator -- Event queue was interrupted
java.lang.InterruptedException: null
	at EventBus.EventQueue.take(EventQueue.java:58)
	at Orchestrator.Orchestrator.start(Orchestrator.java:78)
	at Orchestrator.OrchestratorTests.lambda$runOrchestratorInThread$0(OrchestratorTests.java:71)
	at java.base/java.lang.Thread.run(Thread.java:1583)
10:54:20.846 [Thread-2] ERROR Orchestrator.Orchestrator -- Event queue was interrupted
java.lang.InterruptedException: null
	at EventBus.EventQueue.take(EventQueue.java:58)
	at Orchestrator.Orchestrator.start(Orchestrator.java:78)
	at Orchestrator.OrchestratorTests.lambda$runOrchestratorInThread$0(OrchestratorTests.java:71)
	at java.base/java.lang.Thread.run(Thread.java:1583)
10:54:20.846 [Thread-1] ERROR Orchestrator.Orchestrator -- Event queue was interrupted
java.lang.InterruptedException: null
	at EventBus.EventQueue.take(EventQueue.java:58)
	at Orchestrator.Orchestrator.start(Orchestrator.java:78)
	at Orchestrator.OrchestratorTests.lambda$runOrchestratorInThread$0(OrchestratorTests.java:71)
	at java.base/java.lang.Thread.run(Thread.java:1583)
10:54:20.846 [Thread-2] ERROR Orchestrator.Orchestrator -- Event queue was interrupted
java.lang.InterruptedException: null
	at EventBus.EventQueue.take(EventQueue.java:58)
	at Orchestrator.Orchestrator.start(Orchestrator.java:78)
	at Orchestrator.OrchestratorTests.lambda$runOrchestratorInThread$0(OrchestratorTests.java:71)
	at java.base/java.lang.Thread.run(Thread.java:1583)
10:54:20.846 [Thread-1] ERROR Orchestrator.Orchestrator -- Event queue was interrupted
java.lang.InterruptedException: null
	at EventBus.EventQueue.take(EventQueue.java:58)
	at Orchestrator.Orchestrator.start(Orchestrator.java:78)
	at Orchestrator.OrchestratorTests.lambda$runOrchestratorInThread$0(OrchestratorTests.java:71)
	at java.base/java.lang.Thread.run(Thread.java:1583)
10:54:20.846 [Thread-2] ERROR Orchestrator.Orchestrator -- Event queue was interrupted
java.lang.InterruptedException: null
	at EventBus.EventQueue.take(EventQueue.java:58)
	at Orchestrator.Orchestrator.start(Orchestrator.java:78)
	at Orchestrator.OrchestratorTests.lambda$runOrchestratorInThread$0(OrchestratorTests.java:71)
	at java.base/java.lang.Thread.run(Thread.java:1583)
10:54:20.846 [Thread-1] ERROR Orchestrator.Orchestrator -- Event queue was interrupted
java.lang.InterruptedException: null
	at EventBus.EventQueue.take(EventQueue.java:58)
	at Orchestrator.Orchestrator.start(Orchestrator.java:78)
	at Orchestrator.OrchestratorTests.lambda$runOrchestratorInThread$0(OrchestratorTests.java:71)
	at java.base/java.lang.Thread.run(Thread.java:1583)
10:54:20.846 [Thread-2] ERROR Orchestrator.Orchestrator -- Event queue was interrupted
java.lang.InterruptedException: null
	at EventBus.EventQueue.take(EventQueue.java:58)
	at Orchestrator.Orchestrator.start(Orchestrator.java:78)
	at Orchestrator.OrchestratorTests.lambda$runOrchestratorInThread$0(OrchestratorTests.java:71)
	at java.base/java.lang.Thread.run(Thread.java:1583)
10:54:20.846 [Thread-1] ERROR Orchestrator.Orchestrator -- Event queue was interrupted
java.lang.InterruptedException: null
	at EventBus.EventQueue.take(EventQueue.java:58)
	at Orchestrator.Orchestrator.start(Orchestrator.java:78)
	at Orchestrator.OrchestratorTests.lambda$runOrchestratorInThread$0(OrchestratorTests.java:71)
	at java.base/java.lang.Thread.run(Thread.java:1583)
10:54:20.846 [Thread-2] ERROR Orchestrator.Orchestrator -- Event queue was interrupted
java.lang.InterruptedException: null
	at EventBus.EventQueue.take(EventQueue.java:58)
	at Orchestrator.Orchestrator.start(Orchestrator.java:78)
	at Orchestrator.OrchestratorTests.lambda$runOrchestratorInThread$0(OrchestratorTests.java:71)
	at java.base/java.lang.Thread.run(Thread.java:1583)
10:54:20.846 [Thread-1] ERROR Orchestrator.Orchestrator -- Event queue was interrupted
java.lang.InterruptedException: null
	at EventBus.EventQueue.take(EventQueue.java:58)
	at Orchestrator.Orchestrator.start(Orchestrator.java:78)
	at Orchestrator.OrchestratorTests.lambda$runOrchestratorInThread$0(OrchestratorTests.java:71)
	at java.base/java.lang.Thread.run(Thread.java:1583)
10:54:20.846 [Thread-2] ERROR Orchestrator.Orchestrator -- Event queue was interrupted
java.lang.InterruptedException: null
	at EventBus.EventQueue.take(EventQueue.java:58)
	at Orchestrator.Orchestrator.start(Orchestrator.java:78)
	at Orchestrator.OrchestratorTests.lambda$runOrchestratorInThread$0(OrchestratorTests.java:71)
	at java.base/java.lang.Thread.run(Thread.java:1583)
10:54:20.846 [Thread-1] ERROR Orchestrator.Orchestrator -- Event queue was interrupted
java.lang.InterruptedException: null
	at EventBus.EventQueue.take(EventQueue.java:58)
	at Orchestrator.Orchestrator.start(Orchestrator.java:78)
	at Orchestrator.OrchestratorTests.lambda$runOrchestratorInThread$0(OrchestratorTests.java:71)
	at java.base/java.lang.Thread.run(Thread.java:1583)
10:54:20.846 [Thread-2] ERROR Orchestrator.Orchestrator -- Event queue was interrupted
java.lang.InterruptedException: null
	at EventBus.EventQueue.take(EventQueue.java:58)
	at Orchestrator.Orchestrator.start(Orchestrator.java:78)
	at Orchestrator.OrchestratorTests.lambda$runOrchestratorInThread$0(OrchestratorTests.java:71)
	at java.base/java.lang.Thread.run(Thread.java:1583)
10:54:20.847 [Thread-2] ERROR Orchestrator.Orchestrator -- Event queue was interrupted
java.lang.InterruptedException: null
	at EventBus.EventQueue.take(EventQueue.java:58)
	at Orchestrator.Orchestrator.start(Orchestrator.java:78)
	at Orchestrator.OrchestratorTests.lambda$runOrchestratorInThread$0(OrchestratorTests.java:71)
	at java.base/java.lang.Thread.run(Thread.java:1583)
10:54:20.847 [Thread-2] ERROR Orchestrator.Orchestrator -- Event queue was interrupted
java.lang.InterruptedException: null
	at EventBus.EventQueue.take(EventQueue.java:58)
	at Orchestrator.Orchestrator.start(Orchestrator.java:78)
	at Orchestrator.OrchestratorTests.lambda$runOrchestratorInThread$0(OrchestratorTests.java:71)
	at java.base/java.lang.Thread.run(Thread.java:1583)
10:54:20.847 [Thread-2] ERROR Orchestrator.Orchestrator -- Event queue was interrupted
java.lang.InterruptedException: null
	at EventBus.EventQueue.take(EventQueue.java:58)
	at Orchestrator.Orchestrator.start(Orchestrator.java:78)
	at Orchestrator.OrchestratorTests.lambda$runOrchestratorInThread$0(OrchestratorTests.java:71)
	at java.base/java.lang.Thread.run(Thread.java:1583)
10:54:20.847 [Thread-2] ERROR Orchestrator.Orchestrator -- Event queue was interrupted
java.lang.InterruptedException: null
	at EventBus.EventQueue.take(EventQueue.java:58)
	at Orchestrator.Orchestrator.start(Orchestrator.java:78)
	at Orchestrator.OrchestratorTests.lambda$runOrchestratorInThread$0(OrchestratorTests.java:71)
	at java.base/java.lang.Thread.run(Thread.java:1583)
10:54:20.847 [Thread-2] ERROR Orchestrator.Orchestrator -- Event queue was interrupted
java.lang.InterruptedException: null
	at EventBus.EventQueue.take(EventQueue.java:58)
	at Orchestrator.Orchestrator.start(Orchestrator.java:78)
	at Orchestrator.OrchestratorTests.lambda$runOrchestratorInThread$0(OrchestratorTests.java:71)
	at java.base/java.lang.Thread.run(Thread.java:1583)
10:54:20.847 [Thread-2] ERROR Orchestrator.Orchestrator -- Event queue was interrupted
java.lang.InterruptedException: null
	at EventBus.EventQueue.take(EventQueue.java:58)
	at Orchestrator.Orchestrator.start(Orchestrator.java:78)
	at Orchestrator.OrchestratorTests.lambda$runOrchestratorInThread$0(OrchestratorTests.java:71)
	at java.base/java.lang.Thread.run(Thread.java:1583)
10:54:20.847 [Thread-2] ERROR Orchestrator.Orchestrator -- Event queue was interrupted
java.lang.InterruptedException: null
	at EventBus.EventQueue.take(EventQueue.java:58)
	at Orchestrator.Orchestrator.start(Orchestrator.java:78)
	at Orchestrator.OrchestratorTests.lambda$runOrchestratorInThread$0(OrchestratorTests.java:71)
	at java.base/java.lang.Thread.run(Thread.java:1583)
10:54:20.847 [Thread-2] ERROR Orchestrator.Orchestrator -- Event queue was interrupted
java.lang.InterruptedException: null
	at EventBus.EventQueue.take(EventQueue.java:58)
	at Orchestrator.Orchestrator.start(Orchestrator.java:78)
	at Orchestrator.OrchestratorTests.lambda$runOrchestratorInThread$0(OrchestratorTests.java:71)
	at java.base/java.lang.Thread.run(Thread.java:1583)
10:54:20.847 [Thread-2] ERROR Orchestrator.Orchestrator -- Event queue was interrupted
java.lang.InterruptedException: null
	at EventBus.EventQueue.take(EventQueue.java:58)
	at Orchestrator.Orchestrator.start(Orchestrator.java:78)
	at Orchestrator.OrchestratorTests.lambda$runOrchestratorInThread$0(OrchestratorTests.java:71)
	at java.base/java.lang.Thread.run(Thread.java:1583)
10:54:20.847 [Thread-2] ERROR Orchestrator.Orchestrator -- Event queue was interrupted
java.lang.InterruptedException: null
	at EventBus.EventQueue.take(EventQueue.java:58)
	at Orchestrator.Orchestrator.start(Orchestrator.java:78)
	at Orchestrator.OrchestratorTests.lambda$runOrchestratorInThread$0(OrchestratorTests.java:71)
	at java.base/java.lang.Thread.run(Thread.java:1583)
10:54:20.847 [Thread-2] ERROR Orchestrator.Orchestrator -- Event queue was interrupted
java.lang.InterruptedException: null
	at EventBus.EventQueue.take(EventQueue.java:58)
	at Orchestrator.Orchestrator.start(Orchestrator.java:78)
	at Orchestrator.OrchestratorTests.lambda$runOrchestratorInThread$0(OrchestratorTests.java:71)
	at java.base/java.lang.Thread.run(Thread.java:1583)
10:54:20.847 [Thread-2] ERROR Orchestrator.Orchestrator -- Event queue was interrupted
java.lang.InterruptedException: null
	at EventBus.EventQueue.take(EventQueue.java:58)
	at Orchestrator.Orchestrator.start(Orchestrator.java:78)
	at Orchestrator.OrchestratorTests.lambda$runOrchestratorInThread$0(OrchestratorTests.java:71)
	at java.base/java.lang.Thread.run(Thread.java:1583)
10:54:20.847 [Thread-2] ERROR Orchestrator.Orchestrator -- Event queue was interrupted
java.lang.InterruptedException: null
	at EventBus.EventQueue.take(EventQueue.java:58)
	at Orchestrator.Orchestrator.start(Orchestrator.java:78)
	at Orchestrator.OrchestratorTests.lambda$runOrchestratorInThread$0(OrchestratorTests.java:71)
	at java.base/java.lang.Thread.run(Thread.java:1583)
10:54:20.847 [Thread-2] ERROR Orchestrator.Orchestrator -- Event queue was interrupted
java.lang.InterruptedException: null
	at EventBus.EventQueue.take(EventQueue.java:58)
	at Orchestrator.Orchestrator.start(Orchestrator.java:78)
	at Orchestrator.OrchestratorTests.lambda$runOrchestratorInThread$0(OrchestratorTests.java:71)
	at java.base/java.lang.Thread.run(Thread.java:1583)
10:54:20.848 [Thread-2] ERROR Orchestrator.Orchestrator -- Event queue was interrupted
java.lang.InterruptedException: null
	at EventBus.EventQueue.take(EventQueue.java:58)
	at Orchestrator.Orchestrator.start(Orchestrator.java:78)
	at Orchestrator.OrchestratorTests.lambda$runOrchestratorInThread$0(OrchestratorTests.java:71)
	at java.base/java.lang.Thread.run(Thread.java:1583)
10:54:20.848 [Thread-2] ERROR Orchestrator.Orchestrator -- Event queue was interrupted
java.lang.InterruptedException: null
	at EventBus.EventQueue.take(EventQueue.java:58)
	at Orchestrator.Orchestrator.start(Orchestrator.java:78)
	at Orchestrator.OrchestratorTests.lambda$runOrchestratorInThread$0(OrchestratorTests.java:71)
	at java.base/java.lang.Thread.run(Thread.java:1583)
10:54:20.848 [Thread-2] ERROR Orchestrator.Orchestrator -- Event queue was interrupted
java.lang.InterruptedException: null
	at EventBus.EventQueue.take(EventQueue.java:58)
	at Orchestrator.Orchestrator.start(Orchestrator.java:78)
	at Orchestrator.OrchestratorTests.lambda$runOrchestratorInThread$0(OrchestratorTests.java:71)
	at java.base/java.lang.Thread.run(Thread.java:1583)
10:54:20.848 [Thread-2] ERROR Orchestrator.Orchestrator -- Event queue was interrupted
java.lang.InterruptedException: null
	at EventBus.EventQueue.take(EventQueue.java:58)
	at Orchestrator.Orchestrator.start(Orchestrator.java:78)
	at Orchestrator.OrchestratorTests.lambda$runOrchestratorInThread$0(OrchestratorTests.java:71)
	at java.base/java.lang.Thread.run(Thread.java:1583)
10:54:20.848 [Thread-2] ERROR Orchestrator.Orchestrator -- Event queue was interrupted
java.lang.InterruptedException: null
	at EventBus.EventQueue.take(EventQueue.java:58)
	at Orchestrator.Orchestrator.start(Orchestrator.java:78)
	at Orchestrator.OrchestratorTests.lambda$runOrchestratorInThread$0(OrchestratorTests.java:71)
	at java.base/java.lang.Thread.run(Thread.java:1583)
10:54:20.848 [Thread-2] ERROR Orchestrator.Orchestrator -- Event queue was interrupted
java.lang.InterruptedException: null
	at EventBus.EventQueue.take(EventQueue.java:58)
	at Orchestrator.Orchestrator.start(Orchestrator.java:78)
	at Orchestrator.OrchestratorTests.lambda$runOrchestratorInThread$0(OrchestratorTests.java:71)
	at java.base/java.lang.Thread.run(Thread.java:1583)
10:54:20.848 [Thread-2] ERROR Orchestrator.Orchestrator -- Event queue was interrupted
java.lang.InterruptedException: null
	at EventBus.EventQueue.take(EventQueue.java:58)
	at Orchestrator.Orchestrator.start(Orchestrator.java:78)
	at Orchestrator.OrchestratorTests.lambda$runOrchestratorInThread$0(OrchestratorTests.java:71)
	at java.base/java.lang.Thread.run(Thread.java:1583)
10:54:20.848 [Thread-2] ERROR Orchestrator.Orchestrator -- Event queue was interrupted
java.lang.InterruptedException: null
	at EventBus.EventQueue.take(EventQueue.java:58)
	at Orchestrator.Orchestrator.start(Orchestrator.java:78)
	at Orchestrator.OrchestratorTests.lambda$runOrchestratorInThread$0(OrchestratorTests.java:71)
	at java.base/java.lang.Thread.run(Thread.java:1583)
10:54:20.848 [Thread-2] ERROR Orchestrator.Orchestrator -- Event queue was interrupted
java.lang.InterruptedException: null
	at EventBus.EventQueue.take(EventQueue.java:58)
	at Orchestrator.Orchestrator.start(Orchestrator.java:78)
	at Orchestrator.OrchestratorTests.lambda$runOrchestratorInThread$0(OrchestratorTests.java:71)
	at java.base/java.lang.Thread.run(Thread.java:1583)
10:54:20.848 [Thread-2] ERROR Orchestrator.Orchestrator -- Event queue was interrupted
java.lang.InterruptedException: null
	at EventBus.EventQueue.take(EventQueue.java:58)
	at Orchestrator.Orchestrator.start(Orchestrator.java:78)
	at Orchestrator.OrchestratorTests.lambda$runOrchestratorInThread$0(OrchestratorTests.java:71)
	at java.base/java.lang.Thread.run(Thread.java:1583)
10:54:20.848 [Thread-2] ERROR Orchestrator.Orchestrator -- Event queue was interrupted
java.lang.InterruptedException: null
	at EventBus.EventQueue.take(EventQueue.java:58)
	at Orchestrator.Orchestrator.start(Orchestrator.java:78)
	at Orchestrator.OrchestratorTests.lambda$runOrchestratorInThread$0(OrchestratorTests.java:71)
	at java.base/java.lang.Thread.run(Thread.java:1583)
10:54:20.848 [Thread-2] ERROR Orchestrator.Orchestrator -- Event queue was interrupted
java.lang.InterruptedException: null
	at EventBus.EventQueue.take(EventQueue.java:58)
	at Orchestrator.Orchestrator.start(Orchestrator.java:78)
	at Orchestrator.OrchestratorTests.lambda$runOrchestratorInThread$0(OrchestratorTests.java:71)
	at java.base/java.lang.Thread.run(Thread.java:1583)
10:54:20.848 [Thread-2] ERROR Orchestrator.Orchestrator -- Event queue was interrupted
java.lang.InterruptedException: null
	at EventBus.EventQueue.take(EventQueue.java:58)
	at Orchestrator.Orchestrator.start(Orchestrator.java:78)
	at Orchestrator.OrchestratorTests.lambda$runOrchestratorInThread$0(OrchestratorTests.java:71)
	at java.base/java.lang.Thread.run(Thread.java:1583)
10:54:20.849 [Thread-2] ERROR Orchestrator.Orchestrator -- Event queue was interrupted
java.lang.InterruptedException: null
	at EventBus.EventQueue.take(EventQueue.java:58)
	at Orchestrator.Orchestrator.start(Orchestrator.java:78)
	at Orchestrator.OrchestratorTests.lambda$runOrchestratorInThread$0(OrchestratorTests.java:71)
	at java.base/java.lang.Thread.run(Thread.java:1583)
10:54:20.849 [Thread-2] ERROR Orchestrator.Orchestrator -- Event queue was interrupted
java.lang.InterruptedException: null
	at EventBus.EventQueue.take(EventQueue.java:58)
	at Orchestrator.Orchestrator.start(Orchestrator.java:78)
	at Orchestrator.OrchestratorTests.lambda$runOrchestratorInThread$0(OrchestratorTests.java:71)
	at java.base/java.lang.Thread.run(Thread.java:1583)
10:54:20.849 [Thread-2] ERROR Orchestrator.Orchestrator -- Event queue was interrupted
java.lang.InterruptedException: null
	at EventBus.EventQueue.take(EventQueue.java:58)
	at Orchestrator.Orchestrator.start(Orchestrator.java:78)
	at Orchestrator.OrchestratorTests.lambda$runOrchestratorInThread$0(OrchestratorTests.java:71)
	at java.base/java.lang.Thread.run(Thread.java:1583)
10:54:20.849 [Thread-2] ERROR Orchestrator.Orchestrator -- Event queue was interrupted
java.lang.InterruptedException: null
	at EventBus.EventQueue.take(EventQueue.java:58)
	at Orchestrator.Orchestrator.start(Orchestrator.java:78)
	at Orchestrator.OrchestratorTests.lambda$runOrchestratorInThread$0(OrchestratorTests.java:71)
	at java.base/java.lang.Thread.run(Thread.java:1583)
10:54:20.849 [Thread-2] ERROR Orchestrator.Orchestrator -- Event queue was interrupted
java.lang.InterruptedException: null
	at EventBus.EventQueue.take(EventQueue.java:58)
	at Orchestrator.Orchestrator.start(Orchestrator.java:78)
	at Orchestrator.OrchestratorTests.lambda$runOrchestratorInThread$0(OrchestratorTests.java:71)
	at java.base/java.lang.Thread.run(Thread.java:1583)
10:54:20.849 [Thread-2] ERROR Orchestrator.Orchestrator -- Event queue was interrupted
java.lang.InterruptedException: null
	at EventBus.EventQueue.take(EventQueue.java:58)
	at Orchestrator.Orchestrator.start(Orchestrator.java:78)
	at Orchestrator.OrchestratorTests.lambda$runOrchestratorInThread$0(OrchestratorTests.java:71)
	at java.base/java.lang.Thread.run(Thread.java:1583)
10:54:20.849 [Thread-2] ERROR Orchestrator.Orchestrator -- Event queue was interrupted
java.lang.InterruptedException: null
	at EventBus.EventQueue.take(EventQueue.java:58)
	at Orchestrator.Orchestrator.start(Orchestrator.java:78)
	at Orchestrator.OrchestratorTests.lambda$runOrchestratorInThread$0(OrchestratorTests.java:71)
	at java.base/java.lang.Thread.run(Thread.java:1583)
10:54:20.849 [Thread-2] ERROR Orchestrator.Orchestrator -- Event queue was interrupted
java.lang.InterruptedException: null
	at EventBus.EventQueue.take(EventQueue.java:58)
	at Orchestrator.Orchestrator.start(Orchestrator.java:78)
	at Orchestrator.OrchestratorTests.lambda$runOrchestratorInThread$0(OrchestratorTests.java:71)
	at java.base/java.lang.Thread.run(Thread.java:1583)
10:54:20.849 [Thread-2] ERROR Orchestrator.Orchestrator -- Event queue was interrupted
java.lang.InterruptedException: null
	at EventBus.EventQueue.take(EventQueue.java:58)
	at Orchestrator.Orchestrator.start(Orchestrator.java:78)
	at Orchestrator.OrchestratorTests.lambda$runOrchestratorInThread$0(OrchestratorTests.java:71)
	at java.base/java.lang.Thread.run(Thread.java:1583)
10:54:20.849 [Thread-2] ERROR Orchestrator.Orchestrator -- Event queue was interrupted
java.lang.InterruptedException: null
	at EventBus.EventQueue.take(EventQueue.java:58)
	at Orchestrator.Orchestrator.start(Orchestrator.java:78)
	at Orchestrator.OrchestratorTests.lambda$runOrchestratorInThread$0(OrchestratorTests.java:71)
	at java.base/java.lang.Thread.run(Thread.java:1583)
10:54:20.849 [Thread-2] ERROR Orchestrator.Orchestrator -- Event queue was interrupted
java.lang.InterruptedException: null
	at EventBus.EventQueue.take(EventQueue.java:58)
	at Orchestrator.Orchestrator.start(Orchestrator.java:78)
	at Orchestrator.OrchestratorTests.lambda$runOrchestratorInThread$0(OrchestratorTests.java:71)
	at java.base/java.lang.Thread.run(Thread.java:1583)
10:54:20.849 [Thread-2] ERROR Orchestrator.Orchestrator -- Event queue was interrupted
java.lang.InterruptedException: null
	at EventBus.EventQueue.take(EventQueue.java:58)
	at Orchestrator.Orchestrator.start(Orchestrator.java:78)
	at Orchestrator.OrchestratorTests.lambda$runOrchestratorInThread$0(OrchestratorTests.java:71)
	at java.base/java.lang.Thread.run(Thread.java:1583)
10:54:20.849 [Thread-2] ERROR Orchestrator.Orchestrator -- Event queue was interrupted
java.lang.InterruptedException: null
	at EventBus.EventQueue.take(EventQueue.java:58)
	at Orchestrator.Orchestrator.start(Orchestrator.java:78)
	at Orchestrator.OrchestratorTests.lambda$runOrchestratorInThread$0(OrchestratorTests.java:71)
	at java.base/java.lang.Thread.run(Thread.java:1583)
10:54:20.849 [Thread-2] ERROR Orchestrator.Orchestrator -- Event queue was interrupted
java.lang.InterruptedException: null
	at EventBus.EventQueue.take(EventQueue.java:58)
	at Orchestrator.Orchestrator.start(Orchestrator.java:78)
	at Orchestrator.OrchestratorTests.lambda$runOrchestratorInThread$0(OrchestratorTests.java:71)
	at java.base/java.lang.Thread.run(Thread.java:1583)
10:54:20.849 [Thread-2] ERROR Orchestrator.Orchestrator -- Event queue was interrupted
java.lang.InterruptedException: null
	at EventBus.EventQueue.take(EventQueue.java:58)
	at Orchestrator.Orchestrator.start(Orchestrator.java:78)
	at Orchestrator.OrchestratorTests.lambda$runOrchestratorInThread$0(OrchestratorTests.java:71)
	at java.base/java.lang.Thread.run(Thread.java:1583)
10:54:20.849 [Thread-2] ERROR Orchestrator.Orchestrator -- Event queue was interrupted
java.lang.InterruptedException: null
	at EventBus.EventQueue.take(EventQueue.java:58)
	at Orchestrator.Orchestrator.start(Orchestrator.java:78)
	at Orchestrator.OrchestratorTests.lambda$runOrchestratorInThread$0(OrchestratorTests.java:71)
	at java.base/java.lang.Thread.run(Thread.java:1583)
10:54:20.849 [Thread-2] ERROR Orchestrator.Orchestrator -- Event queue was interrupted
java.lang.InterruptedException: null
	at EventBus.EventQueue.take(EventQueue.java:58)
	at Orchestrator.Orchestrator.start(Orchestrator.java:78)
	at Orchestrator.OrchestratorTests.lambda$runOrchestratorInThread$0(OrchestratorTests.java:71)
	at java.base/java.lang.Thread.run(Thread.java:1583)
10:54:20.850 [Thread-2] ERROR Orchestrator.Orchestrator -- Event queue was interrupted
java.lang.InterruptedException: null
	at EventBus.EventQueue.take(EventQueue.java:58)
	at Orchestrator.Orchestrator.start(Orchestrator.java:78)
	at Orchestrator.OrchestratorTests.lambda$runOrchestratorInThread$0(OrchestratorTests.java:71)
	at java.base/java.lang.Thread.run(Thread.java:1583)
10:54:20.850 [Thread-2] ERROR Orchestrator.Orchestrator -- Event queue was interrupted
java.lang.InterruptedException: null
	at EventBus.EventQueue.take(EventQueue.java:58)
	at Orchestrator.Orchestrator.start(Orchestrator.java:78)
	at Orchestrator.OrchestratorTests.lambda$runOrchestratorInThread$0(OrchestratorTests.java:71)
	at java.base/java.lang.Thread.run(Thread.java:1583)
10:54:20.850 [Thread-2] ERROR Orchestrator.Orchestrator -- Event queue was interrupted
java.lang.InterruptedException: null
	at EventBus.EventQueue.take(EventQueue.java:58)
	at Orchestrator.Orchestrator.start(Orchestrator.java:78)
	at Orchestrator.OrchestratorTests.lambda$runOrchestratorInThread$0(OrchestratorTests.java:71)
	at java.base/java.lang.Thread.run(Thread.java:1583)
10:54:20.850 [Thread-2] ERROR Orchestrator.Orchestrator -- Event queue was interrupted
java.lang.InterruptedException: null
	at EventBus.EventQueue.take(EventQueue.java:58)
	at Orchestrator.Orchestrator.start(Orchestrator.java:78)
	at Orchestrator.OrchestratorTests.lambda$runOrchestratorInThread$0(OrchestratorTests.java:71)
	at java.base/java.lang.Thread.run(Thread.java:1583)
10:54:20.850 [Thread-2] ERROR Orchestrator.Orchestrator -- Event queue was interrupted
java.lang.InterruptedException: null
	at EventBus.EventQueue.take(EventQueue.java:58)
	at Orchestrator.Orchestrator.start(Orchestrator.java:78)
	at Orchestrator.OrchestratorTests.lambda$runOrchestratorInThread$0(OrchestratorTests.java:71)
	at java.base/java.lang.Thread.run(Thread.java:1583)
10:54:20.850 [Thread-2] ERROR Orchestrator.Orchestrator -- Event queue was interrupted
java.lang.InterruptedException: null
	at EventBus.EventQueue.take(EventQueue.java:58)
	at Orchestrator.Orchestrator.start(Orchestrator.java:78)
	at Orchestrator.OrchestratorTests.lambda$runOrchestratorInThread$0(OrchestratorTests.java:71)
	at java.base/java.lang.Thread.run(Thread.java:1583)
10:54:20.850 [Thread-2] ERROR Orchestrator.Orchestrator -- Event queue was interrupted
java.lang.InterruptedException: null
	at EventBus.EventQueue.take(EventQueue.java:58)
	at Orchestrator.Orchestrator.start(Orchestrator.java:78)
	at Orchestrator.OrchestratorTests.lambda$runOrchestratorInThread$0(OrchestratorTests.java:71)
	at java.base/java.lang.Thread.run(Thread.java:1583)
10:54:20.850 [Thread-2] ERROR Orchestrator.Orchestrator -- Event queue was interrupted
java.lang.InterruptedException: null
	at EventBus.EventQueue.take(EventQueue.java:58)
	at Orchestrator.Orchestrator.start(Orchestrator.java:78)
	at Orchestrator.OrchestratorTests.lambda$runOrchestratorInThread$0(OrchestratorTests.java:71)
	at java.base/java.lang.Thread.run(Thread.java:1583)
10:54:20.850 [Thread-1] ERROR Orchestrator.Orchestrator -- Event queue was interrupted
java.lang.InterruptedException: null
	at EventBus.EventQueue.take(EventQueue.java:58)
	at Orchestrator.Orchestrator.start(Orchestrator.java:78)
	at Orchestrator.OrchestratorTests.lambda$runOrchestratorInThread$0(OrchestratorTests.java:71)
	at java.base/java.lang.Thread.run(Thread.java:1583)
10:54:20.850 [Thread-2] ERROR Orchestrator.Orchestrator -- Event queue was interrupted
java.lang.InterruptedException: null
	at EventBus.EventQueue.take(EventQueue.java:58)
	at Orchestrator.Orchestrator.start(Orchestrator.java:78)
	at Orchestrator.OrchestratorTests.lambda$runOrchestratorInThread$0(OrchestratorTests.java:71)
	at java.base/java.lang.Thread.run(Thread.java:1583)
10:54:20.850 [Thread-1] ERROR Orchestrator.Orchestrator -- Event queue was interrupted
java.lang.InterruptedException: null
	at EventBus.EventQueue.take(EventQueue.java:58)
	at Orchestrator.Orchestrator.start(Orchestrator.java:78)
	at Orchestrator.OrchestratorTests.lambda$runOrchestratorInThread$0(OrchestratorTests.java:71)
	at java.base/java.lang.Thread.run(Thread.java:1583)
10:54:20.850 [Thread-2] ERROR Orchestrator.Orchestrator -- Event queue was interrupted
java.lang.InterruptedException: null
	at EventBus.EventQueue.take(EventQueue.java:58)
	at Orchestrator.Orchestrator.start(Orchestrator.java:78)
	at Orchestrator.OrchestratorTests.lambda$runOrchestratorInThread$0(OrchestratorTests.java:71)
	at java.base/java.lang.Thread.run(Thread.java:1583)
10:54:20.850 [Thread-1] ERROR Orchestrator.Orchestrator -- Event queue was interrupted
java.lang.InterruptedException: null
	at EventBus.EventQueue.take(EventQueue.java:58)
	at Orchestrator.Orchestrator.start(Orchestrator.java:78)
	at Orchestrator.OrchestratorTests.lambda$runOrchestratorInThread$0(OrchestratorTests.java:71)
	at java.base/java.lang.Thread.run(Thread.java:1583)
10:54:20.850 [Thread-2] ERROR Orchestrator.Orchestrator -- Event queue was interrupted
java.lang.InterruptedException: null
	at EventBus.EventQueue.take(EventQueue.java:58)
	at Orchestrator.Orchestrator.start(Orchestrator.java:78)
	at Orchestrator.OrchestratorTests.lambda$runOrchestratorInThread$0(OrchestratorTests.java:71)
	at java.base/java.lang.Thread.run(Thread.java:1583)
10:54:20.850 [Thread-1] ERROR Orchestrator.Orchestrator -- Event queue was interrupted
java.lang.InterruptedException: null
	at EventBus.EventQueue.take(EventQueue.java:58)
	at Orchestrator.Orchestrator.start(Orchestrator.java:78)
	at Orchestrator.OrchestratorTests.lambda$runOrchestratorInThread$0(OrchestratorTests.java:71)
	at java.base/java.lang.Thread.run(Thread.java:1583)
10:54:20.850 [Thread-2] ERROR Orchestrator.Orchestrator -- Event queue was interrupted
java.lang.InterruptedException: null
	at EventBus.EventQueue.take(EventQueue.java:58)
	at Orchestrator.Orchestrator.start(Orchestrator.java:78)
	at Orchestrator.OrchestratorTests.lambda$runOrchestratorInThread$0(OrchestratorTests.java:71)
	at java.base/java.lang.Thread.run(Thread.java:1583)
10:54:20.850 [Thread-1] ERROR Orchestrator.Orchestrator -- Event queue was interrupted
java.lang.InterruptedException: null
	at EventBus.EventQueue.take(EventQueue.java:58)
	at Orchestrator.Orchestrator.start(Orchestrator.java:78)
	at Orchestrator.OrchestratorTests.lambda$runOrchestratorInThread$0(OrchestratorTests.java:71)
	at java.base/java.lang.Thread.run(Thread.java:1583)
10:54:20.850 [Thread-2] ERROR Orchestrator.Orchestrator -- Event queue was interrupted
java.lang.InterruptedException: null
	at EventBus.EventQueue.take(EventQueue.java:58)
	at Orchestrator.Orchestrator.start(Orchestrator.java:78)
	at Orchestrator.OrchestratorTests.lambda$runOrchestratorInThread$0(OrchestratorTests.java:71)
	at java.base/java.lang.Thread.run(Thread.java:1583)
10:54:20.850 [Thread-1] ERROR Orchestrator.Orchestrator -- Event queue was interrupted
java.lang.InterruptedException: null
	at EventBus.EventQueue.take(EventQueue.java:58)
	at Orchestrator.Orchestrator.start(Orchestrator.java:78)
	at Orchestrator.OrchestratorTests.lambda$runOrchestratorInThread$0(OrchestratorTests.java:71)
	at java.base/java.lang.Thread.run(Thread.java:1583)
10:54:20.850 [Thread-2] ERROR Orchestrator.Orchestrator -- Event queue was interrupted
java.lang.InterruptedException: null
	at EventBus.EventQueue.take(EventQueue.java:58)
	at Orchestrator.Orchestrator.start(Orchestrator.java:78)
	at Orchestrator.OrchestratorTests.lambda$runOrchestratorInThread$0(OrchestratorTests.java:71)
	at java.base/java.lang.Thread.run(Thread.java:1583)
10:54:20.851 [Thread-2] ERROR Orchestrator.Orchestrator -- Event queue was interrupted
java.lang.InterruptedException: null
	at EventBus.EventQueue.take(EventQueue.java:58)
	at Orchestrator.Orchestrator.start(Orchestrator.java:78)
	at Orchestrator.OrchestratorTests.lambda$runOrchestratorInThread$0(OrchestratorTests.java:71)
	at java.base/java.lang.Thread.run(Thread.java:1583)
10:54:20.851 [Thread-1] ERROR Orchestrator.Orchestrator -- Event queue was interrupted
java.lang.InterruptedException: null
	at EventBus.EventQueue.take(EventQueue.java:58)
	at Orchestrator.Orchestrator.start(Orchestrator.java:78)
	at Orchestrator.OrchestratorTests.lambda$runOrchestratorInThread$0(OrchestratorTests.java:71)
	at java.base/java.lang.Thread.run(Thread.java:1583)
10:54:20.851 [Thread-2] ERROR Orchestrator.Orchestrator -- Event queue was interrupted
java.lang.InterruptedException: null
	at EventBus.EventQueue.take(EventQueue.java:58)
	at Orchestrator.Orchestrator.start(Orchestrator.java:78)
	at Orchestrator.OrchestratorTests.lambda$runOrchestratorInThread$0(OrchestratorTests.java:71)
	at java.base/java.lang.Thread.run(Thread.java:1583)
10:54:20.851 [Thread-1] ERROR Orchestrator.Orchestrator -- Event queue was interrupted
java.lang.InterruptedException: null
	at EventBus.EventQueue.take(EventQueue.java:58)
	at Orchestrator.Orchestrator.start(Orchestrator.java:78)
	at Orchestrator.OrchestratorTests.lambda$runOrchestratorInThread$0(OrchestratorTests.java:71)
	at java.base/java.lang.Thread.run(Thread.java:1583)
10:54:20.851 [Thread-2] ERROR Orchestrator.Orchestrator -- Event queue was interrupted
java.lang.InterruptedException: null
	at EventBus.EventQueue.take(EventQueue.java:58)
	at Orchestrator.Orchestrator.start(Orchestrator.java:78)
	at Orchestrator.OrchestratorTests.lambda$runOrchestratorInThread$0(OrchestratorTests.java:71)
	at java.base/java.lang.Thread.run(Thread.java:1583)
10:54:20.851 [Thread-1] ERROR Orchestrator.Orchestrator -- Event queue was interrupted
java.lang.InterruptedException: null
	at EventBus.EventQueue.take(EventQueue.java:58)
	at Orchestrator.Orchestrator.start(Orchestrator.java:78)
	at Orchestrator.OrchestratorTests.lambda$runOrchestratorInThread$0(OrchestratorTests.java:71)
	at java.base/java.lang.Thread.run(Thread.java:1583)
10:54:20.851 [Thread-2] ERROR Orchestrator.Orchestrator -- Event queue was interrupted
java.lang.InterruptedException: null
	at EventBus.EventQueue.take(EventQueue.java:58)
	at Orchestrator.Orchestrator.start(Orchestrator.java:78)
	at Orchestrator.OrchestratorTests.lambda$runOrchestratorInThread$0(OrchestratorTests.java:71)
	at java.base/java.lang.Thread.run(Thread.java:1583)
10:54:20.851 [Thread-1] ERROR Orchestrator.Orchestrator -- Event queue was interrupted
java.lang.InterruptedException: null
	at EventBus.EventQueue.take(EventQueue.java:58)
	at Orchestrator.Orchestrator.start(Orchestrator.java:78)
	at Orchestrator.OrchestratorTests.lambda$runOrchestratorInThread$0(OrchestratorTests.java:71)
	at java.base/java.lang.Thread.run(Thread.java:1583)
10:54:20.851 [Thread-2] ERROR Orchestrator.Orchestrator -- Event queue was interrupted
java.lang.InterruptedException: null
	at EventBus.EventQueue.take(EventQueue.java:58)
	at Orchestrator.Orchestrator.start(Orchestrator.java:78)
	at Orchestrator.OrchestratorTests.lambda$runOrchestratorInThread$0(OrchestratorTests.java:71)
	at java.base/java.lang.Thread.run(Thread.java:1583)
10:54:20.851 [Thread-1] ERROR Orchestrator.Orchestrator -- Event queue was interrupted
java.lang.InterruptedException: null
	at EventBus.EventQueue.take(EventQueue.java:58)
	at Orchestrator.Orchestrator.start(Orchestrator.java:78)
	at Orchestrator.OrchestratorTests.lambda$runOrchestratorInThread$0(OrchestratorTests.java:71)
	at java.base/java.lang.Thread.run(Thread.java:1583)
10:54:20.851 [Thread-2] ERROR Orchestrator.Orchestrator -- Event queue was interrupted
java.lang.InterruptedException: null
	at EventBus.EventQueue.take(EventQueue.java:58)
	at Orchestrator.Orchestrator.start(Orchestrator.java:78)
	at Orchestrator.OrchestratorTests.lambda$runOrchestratorInThread$0(OrchestratorTests.java:71)
	at java.base/java.lang.Thread.run(Thread.java:1583)
10:54:20.851 [Thread-1] ERROR Orchestrator.Orchestrator -- Event queue was interrupted
java.lang.InterruptedException: null
	at EventBus.EventQueue.take(EventQueue.java:58)
	at Orchestrator.Orchestrator.start(Orchestrator.java:78)
	at Orchestrator.OrchestratorTests.lambda$runOrchestratorInThread$0(OrchestratorTests.java:71)
	at java.base/java.lang.Thread.run(Thread.java:1583)
10:54:20.851 [Thread-2] ERROR Orchestrator.Orchestrator -- Event queue was interrupted
java.lang.InterruptedException: null
	at EventBus.EventQueue.take(EventQueue.java:58)
	at Orchestrator.Orchestrator.start(Orchestrator.java:78)
	at Orchestrator.OrchestratorTests.lambda$runOrchestratorInThread$0(OrchestratorTests.java:71)
	at java.base/java.lang.Thread.run(Thread.java:1583)
10:54:20.851 [Thread-1] ERROR Orchestrator.Orchestrator -- Event queue was interrupted
java.lang.InterruptedException: null
	at EventBus.EventQueue.take(EventQueue.java:58)
	at Orchestrator.Orchestrator.start(Orchestrator.java:78)
	at Orchestrator.OrchestratorTests.lambda$runOrchestratorInThread$0(OrchestratorTests.java:71)
	at java.base/java.lang.Thread.run(Thread.java:1583)
10:54:20.851 [Thread-2] ERROR Orchestrator.Orchestrator -- Event queue was interrupted
java.lang.InterruptedException: null
	at EventBus.EventQueue.take(EventQueue.java:58)
	at Orchestrator.Orchestrator.start(Orchestrator.java:78)
	at Orchestrator.OrchestratorTests.lambda$runOrchestratorInThread$0(OrchestratorTests.java:71)
	at java.base/java.lang.Thread.run(Thread.java:1583)
10:54:20.851 [Thread-1] ERROR Orchestrator.Orchestrator -- Event queue was interrupted
java.lang.InterruptedException: null
	at EventBus.EventQueue.take(EventQueue.java:58)
	at Orchestrator.Orchestrator.start(Orchestrator.java:78)
	at Orchestrator.OrchestratorTests.lambda$runOrchestratorInThread$0(OrchestratorTests.java:71)
	at java.base/java.lang.Thread.run(Thread.java:1583)
10:54:20.851 [Thread-2] ERROR Orchestrator.Orchestrator -- Event queue was interrupted
java.lang.InterruptedException: null
	at EventBus.EventQueue.take(EventQueue.java:58)
	at Orchestrator.Orchestrator.start(Orchestrator.java:78)
	at Orchestrator.OrchestratorTests.lambda$runOrchestratorInThread$0(OrchestratorTests.java:71)
	at java.base/java.lang.Thread.run(Thread.java:1583)
10:54:20.851 [Thread-1] ERROR Orchestrator.Orchestrator -- Event queue was interrupted
java.lang.InterruptedException: null
	at EventBus.EventQueue.take(EventQueue.java:58)
	at Orchestrator.Orchestrator.start(Orchestrator.java:78)
	at Orchestrator.OrchestratorTests.lambda$runOrchestratorInThread$0(OrchestratorTests.java:71)
	at java.base/java.lang.Thread.run(Thread.java:1583)
10:54:20.851 [Thread-2] ERROR Orchestrator.Orchestrator -- Event queue was interrupted
java.lang.InterruptedException: null
	at EventBus.EventQueue.take(EventQueue.java:58)
	at Orchestrator.Orchestrator.start(Orchestrator.java:78)
	at Orchestrator.OrchestratorTests.lambda$runOrchestratorInThread$0(OrchestratorTests.java:71)
	at java.base/java.lang.Thread.run(Thread.java:1583)
10:54:20.851 [Thread-1] ERROR Orchestrator.Orchestrator -- Event queue was interrupted
java.lang.InterruptedException: null
	at EventBus.EventQueue.take(EventQueue.java:58)
	at Orchestrator.Orchestrator.start(Orchestrator.java:78)
	at Orchestrator.OrchestratorTests.lambda$runOrchestratorInThread$0(OrchestratorTests.java:71)
	at java.base/java.lang.Thread.run(Thread.java:1583)
10:54:20.851 [Thread-2] ERROR Orchestrator.Orchestrator -- Event queue was interrupted
java.lang.InterruptedException: null
	at EventBus.EventQueue.take(EventQueue.java:58)
	at Orchestrator.Orchestrator.start(Orchestrator.java:78)
	at Orchestrator.OrchestratorTests.lambda$runOrchestratorInThread$0(OrchestratorTests.java:71)
	at java.base/java.lang.Thread.run(Thread.java:1583)
10:54:20.851 [Thread-1] ERROR Orchestrator.Orchestrator -- Event queue was interrupted
java.lang.InterruptedException: null
	at EventBus.EventQueue.take(EventQueue.java:58)
	at Orchestrator.Orchestrator.start(Orchestrator.java:78)
	at Orchestrator.OrchestratorTests.lambda$runOrchestratorInThread$0(OrchestratorTests.java:71)
	at java.base/java.lang.Thread.run(Thread.java:1583)
10:54:20.851 [Thread-2] ERROR Orchestrator.Orchestrator -- Event queue was interrupted
java.lang.InterruptedException: null
	at EventBus.EventQueue.take(EventQueue.java:58)
	at Orchestrator.Orchestrator.start(Orchestrator.java:78)
	at Orchestrator.OrchestratorTests.lambda$runOrchestratorInThread$0(OrchestratorTests.java:71)
	at java.base/java.lang.Thread.run(Thread.java:1583)
10:54:20.851 [Thread-1] ERROR Orchestrator.Orchestrator -- Event queue was interrupted
java.lang.InterruptedException: null
	at EventBus.EventQueue.take(EventQueue.java:58)
	at Orchestrator.Orchestrator.start(Orchestrator.java:78)
	at Orchestrator.OrchestratorTests.lambda$runOrchestratorInThread$0(OrchestratorTests.java:71)
	at java.base/java.lang.Thread.run(Thread.java:1583)
10:54:20.851 [Thread-2] ERROR Orchestrator.Orchestrator -- Event queue was interrupted
java.lang.InterruptedException: null
	at EventBus.EventQueue.take(EventQueue.java:58)
	at Orchestrator.Orchestrator.start(Orchestrator.java:78)
	at Orchestrator.OrchestratorTests.lambda$runOrchestratorInThread$0(OrchestratorTests.java:71)
	at java.base/java.lang.Thread.run(Thread.java:1583)
10:54:20.852 [Thread-1] ERROR Orchestrator.Orchestrator -- Event queue was interrupted
java.lang.InterruptedException: null
	at EventBus.EventQueue.take(EventQueue.java:58)
	at Orchestrator.Orchestrator.start(Orchestrator.java:78)
	at Orchestrator.OrchestratorTests.lambda$runOrchestratorInThread$0(OrchestratorTests.java:71)
	at java.base/java.lang.Thread.run(Thread.java:1583)
10:54:20.852 [Thread-2] ERROR Orchestrator.Orchestrator -- Event queue was interrupted
java.lang.InterruptedException: null
	at EventBus.EventQueue.take(EventQueue.java:58)
	at Orchestrator.Orchestrator.start(Orchestrator.java:78)
	at Orchestrator.OrchestratorTests.lambda$runOrchestratorInThread$0(OrchestratorTests.java:71)
	at java.base/java.lang.Thread.run(Thread.java:1583)
10:54:20.852 [Thread-1] ERROR Orchestrator.Orchestrator -- Event queue was interrupted
java.lang.InterruptedException: null
	at EventBus.EventQueue.take(EventQueue.java:58)
	at Orchestrator.Orchestrator.start(Orchestrator.java:78)
	at Orchestrator.OrchestratorTests.lambda$runOrchestratorInThread$0(OrchestratorTests.java:71)
	at java.base/java.lang.Thread.run(Thread.java:1583)
10:54:20.852 [Thread-2] ERROR Orchestrator.Orchestrator -- Event queue was interrupted
java.lang.InterruptedException: null
	at EventBus.EventQueue.take(EventQueue.java:58)
	at Orchestrator.Orchestrator.start(Orchestrator.java:78)
	at Orchestrator.OrchestratorTests.lambda$runOrchestratorInThread$0(OrchestratorTests.java:71)
	at java.base/java.lang.Thread.run(Thread.java:1583)
10:54:20.852 [Thread-1] ERROR Orchestrator.Orchestrator -- Event queue was interrupted
java.lang.InterruptedException: null
	at EventBus.EventQueue.take(EventQueue.java:58)
	at Orchestrator.Orchestrator.start(Orchestrator.java:78)
	at Orchestrator.OrchestratorTests.lambda$runOrchestratorInThread$0(OrchestratorTests.java:71)
	at java.base/java.lang.Thread.run(Thread.java:1583)
10:54:20.852 [Thread-2] ERROR Orchestrator.Orchestrator -- Event queue was interrupted
java.lang.InterruptedException: null
	at EventBus.EventQueue.take(EventQueue.java:58)
	at Orchestrator.Orchestrator.start(Orchestrator.java:78)
	at Orchestrator.OrchestratorTests.lambda$runOrchestratorInThread$0(OrchestratorTests.java:71)
	at java.base/java.lang.Thread.run(Thread.java:1583)
10:54:20.852 [Thread-1] ERROR Orchestrator.Orchestrator -- Event queue was interrupted
java.lang.InterruptedException: null
	at EventBus.EventQueue.take(EventQueue.java:58)
	at Orchestrator.Orchestrator.start(Orchestrator.java:78)
	at Orchestrator.OrchestratorTests.lambda$runOrchestratorInThread$0(OrchestratorTests.java:71)
	at java.base/java.lang.Thread.run(Thread.java:1583)
10:54:20.852 [Thread-2] ERROR Orchestrator.Orchestrator -- Event queue was interrupted
java.lang.InterruptedException: null
	at EventBus.EventQueue.take(EventQueue.java:58)
	at Orchestrator.Orchestrator.start(Orchestrator.java:78)
	at Orchestrator.OrchestratorTests.lambda$runOrchestratorInThread$0(OrchestratorTests.java:71)
	at java.base/java.lang.Thread.run(Thread.java:1583)
10:54:20.852 [Thread-1] ERROR Orchestrator.Orchestrator -- Event queue was interrupted
java.lang.InterruptedException: null
	at EventBus.EventQueue.take(EventQueue.java:58)
	at Orchestrator.Orchestrator.start(Orchestrator.java:78)
	at Orchestrator.OrchestratorTests.lambda$runOrchestratorInThread$0(OrchestratorTests.java:71)
	at java.base/java.lang.Thread.run(Thread.java:1583)
10:54:20.852 [Thread-2] ERROR Orchestrator.Orchestrator -- Event queue was interrupted
java.lang.InterruptedException: null
	at EventBus.EventQueue.take(EventQueue.java:58)
	at Orchestrator.Orchestrator.start(Orchestrator.java:78)
	at Orchestrator.OrchestratorTests.lambda$runOrchestratorInThread$0(OrchestratorTests.java:71)
	at java.base/java.lang.Thread.run(Thread.java:1583)
10:54:20.852 [Thread-1] ERROR Orchestrator.Orchestrator -- Event queue was interrupted
java.lang.InterruptedException: null
	at EventBus.EventQueue.take(EventQueue.java:58)
	at Orchestrator.Orchestrator.start(Orchestrator.java:78)
	at Orchestrator.OrchestratorTests.lambda$runOrchestratorInThread$0(OrchestratorTests.java:71)
	at java.base/java.lang.Thread.run(Thread.java:1583)
10:54:20.852 [Thread-2] ERROR Orchestrator.Orchestrator -- Event queue was interrupted
java.lang.InterruptedException: null
	at EventBus.EventQueue.take(EventQueue.java:58)
	at Orchestrator.Orchestrator.start(Orchestrator.java:78)
	at Orchestrator.OrchestratorTests.lambda$runOrchestratorInThread$0(OrchestratorTests.java:71)
	at java.base/java.lang.Thread.run(Thread.java:1583)
10:54:20.852 [Thread-1] ERROR Orchestrator.Orchestrator -- Event queue was interrupted
java.lang.InterruptedException: null
	at EventBus.EventQueue.take(EventQueue.java:58)
	at Orchestrator.Orchestrator.start(Orchestrator.java:78)
	at Orchestrator.OrchestratorTests.lambda$runOrchestratorInThread$0(OrchestratorTests.java:71)
	at java.base/java.lang.Thread.run(Thread.java:1583)
10:54:20.852 [Thread-2] ERROR Orchestrator.Orchestrator -- Event queue was interrupted
java.lang.InterruptedException: null
	at EventBus.EventQueue.take(EventQueue.java:58)
	at Orchestrator.Orchestrator.start(Orchestrator.java:78)
	at Orchestrator.OrchestratorTests.lambda$runOrchestratorInThread$0(OrchestratorTests.java:71)
	at java.base/java.lang.Thread.run(Thread.java:1583)
10:54:20.852 [Thread-1] ERROR Orchestrator.Orchestrator -- Event queue was interrupted
java.lang.InterruptedException: null
	at EventBus.EventQueue.take(EventQueue.java:58)
	at Orchestrator.Orchestrator.start(Orchestrator.java:78)
	at Orchestrator.OrchestratorTests.lambda$runOrchestratorInThread$0(OrchestratorTests.java:71)
	at java.base/java.lang.Thread.run(Thread.java:1583)
10:54:20.852 [Thread-2] ERROR Orchestrator.Orchestrator -- Event queue was interrupted
java.lang.InterruptedException: null
	at EventBus.EventQueue.take(EventQueue.java:58)
	at Orchestrator.Orchestrator.start(Orchestrator.java:78)
	at Orchestrator.OrchestratorTests.lambda$runOrchestratorInThread$0(OrchestratorTests.java:71)
	at java.base/java.lang.Thread.run(Thread.java:1583)
10:54:20.852 [Thread-2] ERROR Orchestrator.Orchestrator -- Event queue was interrupted
java.lang.InterruptedException: null
	at EventBus.EventQueue.take(EventQueue.java:58)
	at Orchestrator.Orchestrator.start(Orchestrator.java:78)
	at Orchestrator.OrchestratorTests.lambda$runOrchestratorInThread$0(OrchestratorTests.java:71)
	at java.base/java.lang.Thread.run(Thread.java:1583)
10:54:20.852 [Thread-1] ERROR Orchestrator.Orchestrator -- Event queue was interrupted
java.lang.InterruptedException: null
	at EventBus.EventQueue.take(EventQueue.java:58)
	at Orchestrator.Orchestrator.start(Orchestrator.java:78)
	at Orchestrator.OrchestratorTests.lambda$runOrchestratorInThread$0(OrchestratorTests.java:71)
	at java.base/java.lang.Thread.run(Thread.java:1583)
10:54:20.852 [Thread-2] ERROR Orchestrator.Orchestrator -- Event queue was interrupted
java.lang.InterruptedException: null
	at EventBus.EventQueue.take(EventQueue.java:58)
	at Orchestrator.Orchestrator.start(Orchestrator.java:78)
	at Orchestrator.OrchestratorTests.lambda$runOrchestratorInThread$0(OrchestratorTests.java:71)
	at java.base/java.lang.Thread.run(Thread.java:1583)
10:54:20.852 [Thread-1] ERROR Orchestrator.Orchestrator -- Event queue was interrupted
java.lang.InterruptedException: null
	at EventBus.EventQueue.take(EventQueue.java:58)
	at Orchestrator.Orchestrator.start(Orchestrator.java:78)
	at Orchestrator.OrchestratorTests.lambda$runOrchestratorInThread$0(OrchestratorTests.java:71)
	at java.base/java.lang.Thread.run(Thread.java:1583)
10:54:20.852 [Thread-2] ERROR Orchestrator.Orchestrator -- Event queue was interrupted
java.lang.InterruptedException: null
	at EventBus.EventQueue.take(EventQueue.java:58)
	at Orchestrator.Orchestrator.start(Orchestrator.java:78)
	at Orchestrator.OrchestratorTests.lambda$runOrchestratorInThread$0(OrchestratorTests.java:71)
	at java.base/java.lang.Thread.run(Thread.java:1583)
10:54:20.852 [Thread-1] ERROR Orchestrator.Orchestrator -- Event queue was interrupted
java.lang.InterruptedException: null
	at EventBus.EventQueue.take(EventQueue.java:58)
	at Orchestrator.Orchestrator.start(Orchestrator.java:78)
	at Orchestrator.OrchestratorTests.lambda$runOrchestratorInThread$0(OrchestratorTests.java:71)
	at java.base/java.lang.Thread.run(Thread.java:1583)
10:54:20.852 [Thread-2] ERROR Orchestrator.Orchestrator -- Event queue was interrupted
java.lang.InterruptedException: null
	at EventBus.EventQueue.take(EventQueue.java:58)
	at Orchestrator.Orchestrator.start(Orchestrator.java:78)
	at Orchestrator.OrchestratorTests.lambda$runOrchestratorInThread$0(OrchestratorTests.java:71)
	at java.base/java.lang.Thread.run(Thread.java:1583)
10:54:20.852 [Thread-1] ERROR Orchestrator.Orchestrator -- Event queue was interrupted
java.lang.InterruptedException: null
	at EventBus.EventQueue.take(EventQueue.java:58)
	at Orchestrator.Orchestrator.start(Orchestrator.java:78)
	at Orchestrator.OrchestratorTests.lambda$runOrchestratorInThread$0(OrchestratorTests.java:71)
	at java.base/java.lang.Thread.run(Thread.java:1583)
10:54:20.853 [Thread-2] ERROR Orchestrator.Orchestrator -- Event queue was interrupted
java.lang.InterruptedException: null
	at EventBus.EventQueue.take(EventQueue.java:58)
	at Orchestrator.Orchestrator.start(Orchestrator.java:78)
	at Orchestrator.OrchestratorTests.lambda$runOrchestratorInThread$0(OrchestratorTests.java:71)
	at java.base/java.lang.Thread.run(Thread.java:1583)
10:54:20.853 [Thread-1] ERROR Orchestrator.Orchestrator -- Event queue was interrupted
java.lang.InterruptedException: null
	at EventBus.EventQueue.take(EventQueue.java:58)
	at Orchestrator.Orchestrator.start(Orchestrator.java:78)
	at Orchestrator.OrchestratorTests.lambda$runOrchestratorInThread$0(OrchestratorTests.java:71)
	at java.base/java.lang.Thread.run(Thread.java:1583)
10:54:20.853 [Thread-2] ERROR Orchestrator.Orchestrator -- Event queue was interrupted
java.lang.InterruptedException: null
	at EventBus.EventQueue.take(EventQueue.java:58)
	at Orchestrator.Orchestrator.start(Orchestrator.java:78)
	at Orchestrator.OrchestratorTests.lambda$runOrchestratorInThread$0(OrchestratorTests.java:71)
	at java.base/java.lang.Thread.run(Thread.java:1583)
10:54:20.853 [Thread-1] ERROR Orchestrator.Orchestrator -- Event queue was interrupted
java.lang.InterruptedException: null
	at EventBus.EventQueue.take(EventQueue.java:58)
	at Orchestrator.Orchestrator.start(Orchestrator.java:78)
	at Orchestrator.OrchestratorTests.lambda$runOrchestratorInThread$0(OrchestratorTests.java:71)
	at java.base/java.lang.Thread.run(Thread.java:1583)
10:54:20.853 [Thread-2] ERROR Orchestrator.Orchestrator -- Event queue was interrupted
java.lang.InterruptedException: null
	at EventBus.EventQueue.take(EventQueue.java:58)
	at Orchestrator.Orchestrator.start(Orchestrator.java:78)
	at Orchestrator.OrchestratorTests.lambda$runOrchestratorInThread$0(OrchestratorTests.java:71)
	at java.base/java.lang.Thread.run(Thread.java:1583)
10:54:20.853 [Thread-1] ERROR Orchestrator.Orchestrator -- Event queue was interrupted
java.lang.InterruptedException: null
	at EventBus.EventQueue.take(EventQueue.java:58)
	at Orchestrator.Orchestrator.start(Orchestrator.java:78)
	at Orchestrator.OrchestratorTests.lambda$runOrchestratorInThread$0(OrchestratorTests.java:71)
	at java.base/java.lang.Thread.run(Thread.java:1583)
10:54:20.853 [Thread-1] ERROR Orchestrator.Orchestrator -- Event queue was interrupted
java.lang.InterruptedException: null
	at EventBus.EventQueue.take(EventQueue.java:58)
	at Orchestrator.Orchestrator.start(Orchestrator.java:78)
	at Orchestrator.OrchestratorTests.lambda$runOrchestratorInThread$0(OrchestratorTests.java:71)
	at java.base/java.lang.Thread.run(Thread.java:1583)
10:54:20.853 [Thread-2] ERROR Orchestrator.Orchestrator -- Event queue was interrupted
java.lang.InterruptedException: null
	at EventBus.EventQueue.take(EventQueue.java:58)
	at Orchestrator.Orchestrator.start(Orchestrator.java:78)
	at Orchestrator.OrchestratorTests.lambda$runOrchestratorInThread$0(OrchestratorTests.java:71)
	at java.base/java.lang.Thread.run(Thread.java:1583)
10:54:20.853 [Thread-1] ERROR Orchestrator.Orchestrator -- Event queue was interrupted
java.lang.InterruptedException: null
	at EventBus.EventQueue.take(EventQueue.java:58)
	at Orchestrator.Orchestrator.start(Orchestrator.java:78)
	at Orchestrator.OrchestratorTests.lambda$runOrchestratorInThread$0(OrchestratorTests.java:71)
	at java.base/java.lang.Thread.run(Thread.java:1583)
10:54:20.853 [Thread-2] ERROR Orchestrator.Orchestrator -- Event queue was interrupted
java.lang.InterruptedException: null
	at EventBus.EventQueue.take(EventQueue.java:58)
	at Orchestrator.Orchestrator.start(Orchestrator.java:78)
	at Orchestrator.OrchestratorTests.lambda$runOrchestratorInThread$0(OrchestratorTests.java:71)
	at java.base/java.lang.Thread.run(Thread.java:1583)
10:54:20.853 [Thread-1] ERROR Orchestrator.Orchestrator -- Event queue was interrupted
java.lang.InterruptedException: null
	at EventBus.EventQueue.take(EventQueue.java:58)
	at Orchestrator.Orchestrator.start(Orchestrator.java:78)
	at Orchestrator.OrchestratorTests.lambda$runOrchestratorInThread$0(OrchestratorTests.java:71)
	at java.base/java.lang.Thread.run(Thread.java:1583)
10:54:20.853 [Thread-2] ERROR Orchestrator.Orchestrator -- Event queue was interrupted
java.lang.InterruptedException: null
	at EventBus.EventQueue.take(EventQueue.java:58)
	at Orchestrator.Orchestrator.start(Orchestrator.java:78)
	at Orchestrator.OrchestratorTests.lambda$runOrchestratorInThread$0(OrchestratorTests.java:71)
	at java.base/java.lang.Thread.run(Thread.java:1583)
10:54:20.853 [Thread-1] ERROR Orchestrator.Orchestrator -- Event queue was interrupted
java.lang.InterruptedException: null
	at EventBus.EventQueue.take(EventQueue.java:58)
	at Orchestrator.Orchestrator.start(Orchestrator.java:78)
	at Orchestrator.OrchestratorTests.lambda$runOrchestratorInThread$0(OrchestratorTests.java:71)
	at java.base/java.lang.Thread.run(Thread.java:1583)
10:54:20.853 [Thread-2] ERROR Orchestrator.Orchestrator -- Event queue was interrupted
java.lang.InterruptedException: null
	at EventBus.EventQueue.take(EventQueue.java:58)
	at Orchestrator.Orchestrator.start(Orchestrator.java:78)
	at Orchestrator.OrchestratorTests.lambda$runOrchestratorInThread$0(OrchestratorTests.java:71)
	at java.base/java.lang.Thread.run(Thread.java:1583)
10:54:20.853 [Thread-1] ERROR Orchestrator.Orchestrator -- Event queue was interrupted
java.lang.InterruptedException: null
	at EventBus.EventQueue.take(EventQueue.java:58)
	at Orchestrator.Orchestrator.start(Orchestrator.java:78)
	at Orchestrator.OrchestratorTests.lambda$runOrchestratorInThread$0(OrchestratorTests.java:71)
	at java.base/java.lang.Thread.run(Thread.java:1583)
10:54:20.853 [Thread-2] ERROR Orchestrator.Orchestrator -- Event queue was interrupted
java.lang.InterruptedException: null
	at EventBus.EventQueue.take(EventQueue.java:58)
	at Orchestrator.Orchestrator.start(Orchestrator.java:78)
	at Orchestrator.OrchestratorTests.lambda$runOrchestratorInThread$0(OrchestratorTests.java:71)
	at java.base/java.lang.Thread.run(Thread.java:1583)
10:54:20.853 [Thread-1] ERROR Orchestrator.Orchestrator -- Event queue was interrupted
java.lang.InterruptedException: null
	at EventBus.EventQueue.take(EventQueue.java:58)
	at Orchestrator.Orchestrator.start(Orchestrator.java:78)
	at Orchestrator.OrchestratorTests.lambda$runOrchestratorInThread$0(OrchestratorTests.java:71)
	at java.base/java.lang.Thread.run(Thread.java:1583)
10:54:20.853 [Thread-2] ERROR Orchestrator.Orchestrator -- Event queue was interrupted
java.lang.InterruptedException: null
	at EventBus.EventQueue.take(EventQueue.java:58)
	at Orchestrator.Orchestrator.start(Orchestrator.java:78)
	at Orchestrator.OrchestratorTests.lambda$runOrchestratorInThread$0(OrchestratorTests.java:71)
	at java.base/java.lang.Thread.run(Thread.java:1583)
10:54:20.853 [Thread-1] ERROR Orchestrator.Orchestrator -- Event queue was interrupted
java.lang.InterruptedException: null
	at EventBus.EventQueue.take(EventQueue.java:58)
	at Orchestrator.Orchestrator.start(Orchestrator.java:78)
	at Orchestrator.OrchestratorTests.lambda$runOrchestratorInThread$0(OrchestratorTests.java:71)
	at java.base/java.lang.Thread.run(Thread.java:1583)
10:54:20.853 [Thread-2] ERROR Orchestrator.Orchestrator -- Event queue was interrupted
java.lang.InterruptedException: null
	at EventBus.EventQueue.take(EventQueue.java:58)
	at Orchestrator.Orchestrator.start(Orchestrator.java:78)
	at Orchestrator.OrchestratorTests.lambda$runOrchestratorInThread$0(OrchestratorTests.java:71)
	at java.base/java.lang.Thread.run(Thread.java:1583)
10:54:20.853 [Thread-1] ERROR Orchestrator.Orchestrator -- Event queue was interrupted
java.lang.InterruptedException: null
	at EventBus.EventQueue.take(EventQueue.java:58)
	at Orchestrator.Orchestrator.start(Orchestrator.java:78)
	at Orchestrator.OrchestratorTests.lambda$runOrchestratorInThread$0(OrchestratorTests.java:71)
	at java.base/java.lang.Thread.run(Thread.java:1583)
10:54:20.853 [Thread-2] ERROR Orchestrator.Orchestrator -- Event queue was interrupted
java.lang.InterruptedException: null
	at EventBus.EventQueue.take(EventQueue.java:58)
	at Orchestrator.Orchestrator.start(Orchestrator.java:78)
	at Orchestrator.OrchestratorTests.lambda$runOrchestratorInThread$0(OrchestratorTests.java:71)
	at java.base/java.lang.Thread.run(Thread.java:1583)
10:54:20.853 [Thread-1] ERROR Orchestrator.Orchestrator -- Event queue was interrupted
java.lang.InterruptedException: null
	at EventBus.EventQueue.take(EventQueue.java:58)
	at Orchestrator.Orchestrator.start(Orchestrator.java:78)
	at Orchestrator.OrchestratorTests.lambda$runOrchestratorInThread$0(OrchestratorTests.java:71)
	at java.base/java.lang.Thread.run(Thread.java:1583)
10:54:20.854 [Thread-2] ERROR Orchestrator.Orchestrator -- Event queue was interrupted
java.lang.InterruptedException: null
	at EventBus.EventQueue.take(EventQueue.java:58)
	at Orchestrator.Orchestrator.start(Orchestrator.java:78)
	at Orchestrator.OrchestratorTests.lambda$runOrchestratorInThread$0(OrchestratorTests.java:71)
	at java.base/java.lang.Thread.run(Thread.java:1583)
10:54:20.854 [Thread-1] ERROR Orchestrator.Orchestrator -- Event queue was interrupted
java.lang.InterruptedException: null
	at EventBus.EventQueue.take(EventQueue.java:58)
	at Orchestrator.Orchestrator.start(Orchestrator.java:78)
	at Orchestrator.OrchestratorTests.lambda$runOrchestratorInThread$0(OrchestratorTests.java:71)
	at java.base/java.lang.Thread.run(Thread.java:1583)
10:54:20.854 [Thread-2] ERROR Orchestrator.Orchestrator -- Event queue was interrupted
java.lang.InterruptedException: null
	at EventBus.EventQueue.take(EventQueue.java:58)
	at Orchestrator.Orchestrator.start(Orchestrator.java:78)
	at Orchestrator.OrchestratorTests.lambda$runOrchestratorInThread$0(OrchestratorTests.java:71)
	at java.base/java.lang.Thread.run(Thread.java:1583)
10:54:20.854 [Thread-1] ERROR Orchestrator.Orchestrator -- Event queue was interrupted
java.lang.InterruptedException: null
	at EventBus.EventQueue.take(EventQueue.java:58)
	at Orchestrator.Orchestrator.start(Orchestrator.java:78)
	at Orchestrator.OrchestratorTests.lambda$runOrchestratorInThread$0(OrchestratorTests.java:71)
	at java.base/java.lang.Thread.run(Thread.java:1583)
10:54:20.854 [Thread-2] ERROR Orchestrator.Orchestrator -- Event queue was interrupted
java.lang.InterruptedException: null
	at EventBus.EventQueue.take(EventQueue.java:58)
	at Orchestrator.Orchestrator.start(Orchestrator.java:78)
	at Orchestrator.OrchestratorTests.lambda$runOrchestratorInThread$0(OrchestratorTests.java:71)
	at java.base/java.lang.Thread.run(Thread.java:1583)
10:54:20.854 [Thread-1] ERROR Orchestrator.Orchestrator -- Event queue was interrupted
java.lang.InterruptedException: null
	at EventBus.EventQueue.take(EventQueue.java:58)
	at Orchestrator.Orchestrator.start(Orchestrator.java:78)
	at Orchestrator.OrchestratorTests.lambda$runOrchestratorInThread$0(OrchestratorTests.java:71)
	at java.base/java.lang.Thread.run(Thread.java:1583)
10:54:20.854 [Thread-2] ERROR Orchestrator.Orchestrator -- Event queue was interrupted
java.lang.InterruptedException: null
	at EventBus.EventQueue.take(EventQueue.java:58)
	at Orchestrator.Orchestrator.start(Orchestrator.java:78)
	at Orchestrator.OrchestratorTests.lambda$runOrchestratorInThread$0(OrchestratorTests.java:71)
	at java.base/java.lang.Thread.run(Thread.java:1583)
10:54:20.854 [Thread-1] ERROR Orchestrator.Orchestrator -- Event queue was interrupted
java.lang.InterruptedException: null
	at EventBus.EventQueue.take(EventQueue.java:58)
	at Orchestrator.Orchestrator.start(Orchestrator.java:78)
	at Orchestrator.OrchestratorTests.lambda$runOrchestratorInThread$0(OrchestratorTests.java:71)
	at java.base/java.lang.Thread.run(Thread.java:1583)
10:54:20.854 [Thread-2] ERROR Orchestrator.Orchestrator -- Event queue was interrupted
java.lang.InterruptedException: null
	at EventBus.EventQueue.take(EventQueue.java:58)
	at Orchestrator.Orchestrator.start(Orchestrator.java:78)
	at Orchestrator.OrchestratorTests.lambda$runOrchestratorInThread$0(OrchestratorTests.java:71)
	at java.base/java.lang.Thread.run(Thread.java:1583)
10:54:20.854 [Thread-1] ERROR Orchestrator.Orchestrator -- Event queue was interrupted
java.lang.InterruptedException: null
	at EventBus.EventQueue.take(EventQueue.java:58)
	at Orchestrator.Orchestrator.start(Orchestrator.java:78)
	at Orchestrator.OrchestratorTests.lambda$runOrchestratorInThread$0(OrchestratorTests.java:71)
	at java.base/java.lang.Thread.run(Thread.java:1583)
10:54:20.854 [Thread-2] ERROR Orchestrator.Orchestrator -- Event queue was interrupted
java.lang.InterruptedException: null
	at EventBus.EventQueue.take(EventQueue.java:58)
	at Orchestrator.Orchestrator.start(Orchestrator.java:78)
	at Orchestrator.OrchestratorTests.lambda$runOrchestratorInThread$0(OrchestratorTests.java:71)
	at java.base/java.lang.Thread.run(Thread.java:1583)
10:54:20.854 [Thread-1] ERROR Orchestrator.Orchestrator -- Event queue was interrupted
java.lang.InterruptedException: null
	at EventBus.EventQueue.take(EventQueue.java:58)
	at Orchestrator.Orchestrator.start(Orchestrator.java:78)
	at Orchestrator.OrchestratorTests.lambda$runOrchestratorInThread$0(OrchestratorTests.java:71)
	at java.base/java.lang.Thread.run(Thread.java:1583)
10:54:20.854 [Thread-2] ERROR Orchestrator.Orchestrator -- Event queue was interrupted
java.lang.InterruptedException: null
	at EventBus.EventQueue.take(EventQueue.java:58)
	at Orchestrator.Orchestrator.start(Orchestrator.java:78)
	at Orchestrator.OrchestratorTests.lambda$runOrchestratorInThread$0(OrchestratorTests.java:71)
	at java.base/java.lang.Thread.run(Thread.java:1583)
10:54:20.854 [Thread-1] ERROR Orchestrator.Orchestrator -- Event queue was interrupted
java.lang.InterruptedException: null
	at EventBus.EventQueue.take(EventQueue.java:58)
	at Orchestrator.Orchestrator.start(Orchestrator.java:78)
	at Orchestrator.OrchestratorTests.lambda$runOrchestratorInThread$0(OrchestratorTests.java:71)
	at java.base/java.lang.Thread.run(Thread.java:1583)
10:54:20.854 [Thread-2] ERROR Orchestrator.Orchestrator -- Event queue was interrupted
java.lang.InterruptedException: null
	at EventBus.EventQueue.take(EventQueue.java:58)
	at Orchestrator.Orchestrator.start(Orchestrator.java:78)
	at Orchestrator.OrchestratorTests.lambda$runOrchestratorInThread$0(OrchestratorTests.java:71)
	at java.base/java.lang.Thread.run(Thread.java:1583)
10:54:20.854 [Thread-1] ERROR Orchestrator.Orchestrator -- Event queue was interrupted
java.lang.InterruptedException: null
	at EventBus.EventQueue.take(EventQueue.java:58)
	at Orchestrator.Orchestrator.start(Orchestrator.java:78)
	at Orchestrator.OrchestratorTests.lambda$runOrchestratorInThread$0(OrchestratorTests.java:71)
	at java.base/java.lang.Thread.run(Thread.java:1583)
10:54:20.854 [Thread-2] ERROR Orchestrator.Orchestrator -- Event queue was interrupted
java.lang.InterruptedException: null
	at EventBus.EventQueue.take(EventQueue.java:58)
	at Orchestrator.Orchestrator.start(Orchestrator.java:78)
	at Orchestrator.OrchestratorTests.lambda$runOrchestratorInThread$0(OrchestratorTests.java:71)
	at java.base/java.lang.Thread.run(Thread.java:1583)
10:54:20.854 [Thread-1] ERROR Orchestrator.Orchestrator -- Event queue was interrupted
java.lang.InterruptedException: null
	at EventBus.EventQueue.take(EventQueue.java:58)
	at Orchestrator.Orchestrator.start(Orchestrator.java:78)
	at Orchestrator.OrchestratorTests.lambda$runOrchestratorInThread$0(OrchestratorTests.java:71)
	at java.base/java.lang.Thread.run(Thread.java:1583)
10:54:20.854 [Thread-2] ERROR Orchestrator.Orchestrator -- Event queue was interrupted
java.lang.InterruptedException: null
	at EventBus.EventQueue.take(EventQueue.java:58)
	at Orchestrator.Orchestrator.start(Orchestrator.java:78)
	at Orchestrator.OrchestratorTests.lambda$runOrchestratorInThread$0(OrchestratorTests.java:71)
	at java.base/java.lang.Thread.run(Thread.java:1583)
10:54:20.854 [Thread-1] ERROR Orchestrator.Orchestrator -- Event queue was interrupted
java.lang.InterruptedException: null
	at EventBus.EventQueue.take(EventQueue.java:58)
	at Orchestrator.Orchestrator.start(Orchestrator.java:78)
	at Orchestrator.OrchestratorTests.lambda$runOrchestratorInThread$0(OrchestratorTests.java:71)
	at java.base/java.lang.Thread.run(Thread.java:1583)
10:54:20.854 [Thread-2] ERROR Orchestrator.Orchestrator -- Event queue was interrupted
java.lang.InterruptedException: null
	at EventBus.EventQueue.take(EventQueue.java:58)
	at Orchestrator.Orchestrator.start(Orchestrator.java:78)
	at Orchestrator.OrchestratorTests.lambda$runOrchestratorInThread$0(OrchestratorTests.java:71)
	at java.base/java.lang.Thread.run(Thread.java:1583)
10:54:20.854 [Thread-1] ERROR Orchestrator.Orchestrator -- Event queue was interrupted
java.lang.InterruptedException: null
	at EventBus.EventQueue.take(EventQueue.java:58)
	at Orchestrator.Orchestrator.start(Orchestrator.java:78)
	at Orchestrator.OrchestratorTests.lambda$runOrchestratorInThread$0(OrchestratorTests.java:71)
	at java.base/java.lang.Thread.run(Thread.java:1583)
10:54:20.854 [Thread-2] ERROR Orchestrator.Orchestrator -- Event queue was interrupted
java.lang.InterruptedException: null
	at EventBus.EventQueue.take(EventQueue.java:58)
	at Orchestrator.Orchestrator.start(Orchestrator.java:78)
	at Orchestrator.OrchestratorTests.lambda$runOrchestratorInThread$0(OrchestratorTests.java:71)
	at java.base/java.lang.Thread.run(Thread.java:1583)
10:54:20.854 [Thread-1] ERROR Orchestrator.Orchestrator -- Event queue was interrupted
java.lang.InterruptedException: null
	at EventBus.EventQueue.take(EventQueue.java:58)
	at Orchestrator.Orchestrator.start(Orchestrator.java:78)
	at Orchestrator.OrchestratorTests.lambda$runOrchestratorInThread$0(OrchestratorTests.java:71)
	at java.base/java.lang.Thread.run(Thread.java:1583)
10:54:20.855 [Thread-2] ERROR Orchestrator.Orchestrator -- Event queue was interrupted
java.lang.InterruptedException: null
	at EventBus.EventQueue.take(EventQueue.java:58)
	at Orchestrator.Orchestrator.start(Orchestrator.java:78)
	at Orchestrator.OrchestratorTests.lambda$runOrchestratorInThread$0(OrchestratorTests.java:71)
	at java.base/java.lang.Thread.run(Thread.java:1583)
10:54:20.855 [Thread-1] ERROR Orchestrator.Orchestrator -- Event queue was interrupted
java.lang.InterruptedException: null
	at EventBus.EventQueue.take(EventQueue.java:58)
	at Orchestrator.Orchestrator.start(Orchestrator.java:78)
	at Orchestrator.OrchestratorTests.lambda$runOrchestratorInThread$0(OrchestratorTests.java:71)
	at java.base/java.lang.Thread.run(Thread.java:1583)
10:54:20.855 [Thread-2] ERROR Orchestrator.Orchestrator -- Event queue was interrupted
java.lang.InterruptedException: null
	at EventBus.EventQueue.take(EventQueue.java:58)
	at Orchestrator.Orchestrator.start(Orchestrator.java:78)
	at Orchestrator.OrchestratorTests.lambda$runOrchestratorInThread$0(OrchestratorTests.java:71)
	at java.base/java.lang.Thread.run(Thread.java:1583)
10:54:20.855 [Thread-1] ERROR Orchestrator.Orchestrator -- Event queue was interrupted
java.lang.InterruptedException: null
	at EventBus.EventQueue.take(EventQueue.java:58)
	at Orchestrator.Orchestrator.start(Orchestrator.java:78)
	at Orchestrator.OrchestratorTests.lambda$runOrchestratorInThread$0(OrchestratorTests.java:71)
	at java.base/java.lang.Thread.run(Thread.java:1583)
10:54:20.855 [Thread-2] ERROR Orchestrator.Orchestrator -- Event queue was interrupted
java.lang.InterruptedException: null
	at EventBus.EventQueue.take(EventQueue.java:58)
	at Orchestrator.Orchestrator.start(Orchestrator.java:78)
	at Orchestrator.OrchestratorTests.lambda$runOrchestratorInThread$0(OrchestratorTests.java:71)
	at java.base/java.lang.Thread.run(Thread.java:1583)
10:54:20.855 [Thread-1] ERROR Orchestrator.Orchestrator -- Event queue was interrupted
java.lang.InterruptedException: null
	at EventBus.EventQueue.take(EventQueue.java:58)
	at Orchestrator.Orchestrator.start(Orchestrator.java:78)
	at Orchestrator.OrchestratorTests.lambda$runOrchestratorInThread$0(OrchestratorTests.java:71)
	at java.base/java.lang.Thread.run(Thread.java:1583)
10:54:20.855 [Thread-2] ERROR Orchestrator.Orchestrator -- Event queue was interrupted
java.lang.InterruptedException: null
	at EventBus.EventQueue.take(EventQueue.java:58)
	at Orchestrator.Orchestrator.start(Orchestrator.java:78)
	at Orchestrator.OrchestratorTests.lambda$runOrchestratorInThread$0(OrchestratorTests.java:71)
	at java.base/java.lang.Thread.run(Thread.java:1583)
10:54:20.857 [Thread-1] ERROR Orchestrator.Orchestrator -- Event queue was interrupted
java.lang.InterruptedException: null
	at EventBus.EventQueue.take(EventQueue.java:58)
	at Orchestrator.Orchestrator.start(Orchestrator.java:78)
	at Orchestrator.OrchestratorTests.lambda$runOrchestratorInThread$0(OrchestratorTests.java:71)
	at java.base/java.lang.Thread.run(Thread.java:1583)
10:54:20.857 [Thread-2] ERROR Orchestrator.Orchestrator -- Event queue was interrupted
java.lang.InterruptedException: null
	at EventBus.EventQueue.take(EventQueue.java:58)
	at Orchestrator.Orchestrator.start(Orchestrator.java:78)
	at Orchestrator.OrchestratorTests.lambda$runOrchestratorInThread$0(OrchestratorTests.java:71)
	at java.base/java.lang.Thread.run(Thread.java:1583)
10:54:20.857 [Thread-1] ERROR Orchestrator.Orchestrator -- Event queue was interrupted
java.lang.InterruptedException: null
	at EventBus.EventQueue.take(EventQueue.java:58)
	at Orchestrator.Orchestrator.start(Orchestrator.java:78)
	at Orchestrator.OrchestratorTests.lambda$runOrchestratorInThread$0(OrchestratorTests.java:71)
	at java.base/java.lang.Thread.run(Thread.java:1583)
10:54:20.857 [Thread-2] ERROR Orchestrator.Orchestrator -- Event queue was interrupted
java.lang.InterruptedException: null
	at EventBus.EventQueue.take(EventQueue.java:58)
	at Orchestrator.Orchestrator.start(Orchestrator.java:78)
	at Orchestrator.OrchestratorTests.lambda$runOrchestratorInThread$0(OrchestratorTests.java:71)
	at java.base/java.lang.Thread.run(Thread.java:1583)
10:54:20.857 [Thread-1] ERROR Orchestrator.Orchestrator -- Event queue was interrupted
java.lang.InterruptedException: null
	at EventBus.EventQueue.take(EventQueue.java:58)
	at Orchestrator.Orchestrator.start(Orchestrator.java:78)
	at Orchestrator.OrchestratorTests.lambda$runOrchestratorInThread$0(OrchestratorTests.java:71)
	at java.base/java.lang.Thread.run(Thread.java:1583)
10:54:20.857 [Thread-2] ERROR Orchestrator.Orchestrator -- Event queue was interrupted
java.lang.InterruptedException: null
	at EventBus.EventQueue.take(EventQueue.java:58)
	at Orchestrator.Orchestrator.start(Orchestrator.java:78)
	at Orchestrator.OrchestratorTests.lambda$runOrchestratorInThread$0(OrchestratorTests.java:71)
	at java.base/java.lang.Thread.run(Thread.java:1583)
10:54:20.857 [Thread-1] ERROR Orchestrator.Orchestrator -- Event queue was interrupted
java.lang.InterruptedException: null
	at EventBus.EventQueue.take(EventQueue.java:58)
	at Orchestrator.Orchestrator.start(Orchestrator.java:78)
	at Orchestrator.OrchestratorTests.lambda$runOrchestratorInThread$0(OrchestratorTests.java:71)
	at java.base/java.lang.Thread.run(Thread.java:1583)
10:54:20.857 [Thread-2] ERROR Orchestrator.Orchestrator -- Event queue was interrupted
java.lang.InterruptedException: null
	at EventBus.EventQueue.take(EventQueue.java:58)
	at Orchestrator.Orchestrator.start(Orchestrator.java:78)
	at Orchestrator.OrchestratorTests.lambda$runOrchestratorInThread$0(OrchestratorTests.java:71)
	at java.base/java.lang.Thread.run(Thread.java:1583)
10:54:20.857 [Thread-1] ERROR Orchestrator.Orchestrator -- Event queue was interrupted
java.lang.InterruptedException: null
	at EventBus.EventQueue.take(EventQueue.java:58)
	at Orchestrator.Orchestrator.start(Orchestrator.java:78)
	at Orchestrator.OrchestratorTests.lambda$runOrchestratorInThread$0(OrchestratorTests.java:71)
	at java.base/java.lang.Thread.run(Thread.java:1583)
10:54:20.857 [Thread-2] ERROR Orchestrator.Orchestrator -- Event queue was interrupted
java.lang.InterruptedException: null
	at EventBus.EventQueue.take(EventQueue.java:58)
	at Orchestrator.Orchestrator.start(Orchestrator.java:78)
	at Orchestrator.OrchestratorTests.lambda$runOrchestratorInThread$0(OrchestratorTests.java:71)
	at java.base/java.lang.Thread.run(Thread.java:1583)
10:54:20.857 [Thread-1] ERROR Orchestrator.Orchestrator -- Event queue was interrupted
java.lang.InterruptedException: null
	at EventBus.EventQueue.take(EventQueue.java:58)
	at Orchestrator.Orchestrator.start(Orchestrator.java:78)
	at Orchestrator.OrchestratorTests.lambda$runOrchestratorInThread$0(OrchestratorTests.java:71)
	at java.base/java.lang.Thread.run(Thread.java:1583)
10:54:20.857 [Thread-2] ERROR Orchestrator.Orchestrator -- Event queue was interrupted
java.lang.InterruptedException: null
	at EventBus.EventQueue.take(EventQueue.java:58)
	at Orchestrator.Orchestrator.start(Orchestrator.java:78)
	at Orchestrator.OrchestratorTests.lambda$runOrchestratorInThread$0(OrchestratorTests.java:71)
	at java.base/java.lang.Thread.run(Thread.java:1583)
10:54:20.857 [Thread-1] ERROR Orchestrator.Orchestrator -- Event queue was interrupted
java.lang.InterruptedException: null
	at EventBus.EventQueue.take(EventQueue.java:58)
	at Orchestrator.Orchestrator.start(Orchestrator.java:78)
	at Orchestrator.OrchestratorTests.lambda$runOrchestratorInThread$0(OrchestratorTests.java:71)
	at java.base/java.lang.Thread.run(Thread.java:1583)
10:54:20.857 [Thread-2] ERROR Orchestrator.Orchestrator -- Event queue was interrupted
java.lang.InterruptedException: null
	at EventBus.EventQueue.take(EventQueue.java:58)
	at Orchestrator.Orchestrator.start(Orchestrator.java:78)
	at Orchestrator.OrchestratorTests.lambda$runOrchestratorInThread$0(OrchestratorTests.java:71)
	at java.base/java.lang.Thread.run(Thread.java:1583)
10:54:20.857 [Thread-1] ERROR Orchestrator.Orchestrator -- Event queue was interrupted
java.lang.InterruptedException: null
	at EventBus.EventQueue.take(EventQueue.java:58)
	at Orchestrator.Orchestrator.start(Orchestrator.java:78)
	at Orchestrator.OrchestratorTests.lambda$runOrchestratorInThread$0(OrchestratorTests.java:71)
	at java.base/java.lang.Thread.run(Thread.java:1583)
10:54:20.858 [Thread-2] ERROR Orchestrator.Orchestrator -- Event queue was interrupted
java.lang.InterruptedException: null
	at EventBus.EventQueue.take(EventQueue.java:58)
	at Orchestrator.Orchestrator.start(Orchestrator.java:78)
	at Orchestrator.OrchestratorTests.lambda$runOrchestratorInThread$0(OrchestratorTests.java:71)
	at java.base/java.lang.Thread.run(Thread.java:1583)
10:54:20.858 [Thread-1] ERROR Orchestrator.Orchestrator -- Event queue was interrupted
java.lang.InterruptedException: null
	at EventBus.EventQueue.take(EventQueue.java:58)
	at Orchestrator.Orchestrator.start(Orchestrator.java:78)
	at Orchestrator.OrchestratorTests.lambda$runOrchestratorInThread$0(OrchestratorTests.java:71)
	at java.base/java.lang.Thread.run(Thread.java:1583)
10:54:20.858 [Thread-2] ERROR Orchestrator.Orchestrator -- Event queue was interrupted
java.lang.InterruptedException: null
	at EventBus.EventQueue.take(EventQueue.java:58)
	at Orchestrator.Orchestrator.start(Orchestrator.java:78)
	at Orchestrator.OrchestratorTests.lambda$runOrchestratorInThread$0(OrchestratorTests.java:71)
	at java.base/java.lang.Thread.run(Thread.java:1583)
10:54:20.858 [Thread-1] ERROR Orchestrator.Orchestrator -- Event queue was interrupted
java.lang.InterruptedException: null
	at EventBus.EventQueue.take(EventQueue.java:58)
	at Orchestrator.Orchestrator.start(Orchestrator.java:78)
	at Orchestrator.OrchestratorTests.lambda$runOrchestratorInThread$0(OrchestratorTests.java:71)
	at java.base/java.lang.Thread.run(Thread.java:1583)
10:54:20.858 [Thread-2] ERROR Orchestrator.Orchestrator -- Event queue was interrupted
java.lang.InterruptedException: null
	at EventBus.EventQueue.take(EventQueue.java:58)
	at Orchestrator.Orchestrator.start(Orchestrator.java:78)
	at Orchestrator.OrchestratorTests.lambda$runOrchestratorInThread$0(OrchestratorTests.java:71)
	at java.base/java.lang.Thread.run(Thread.java:1583)
10:54:20.858 [Thread-1] ERROR Orchestrator.Orchestrator -- Event queue was interrupted
java.lang.InterruptedException: null
	at EventBus.EventQueue.take(EventQueue.java:58)
	at Orchestrator.Orchestrator.start(Orchestrator.java:78)
	at Orchestrator.OrchestratorTests.lambda$runOrchestratorInThread$0(OrchestratorTests.java:71)
	at java.base/java.lang.Thread.run(Thread.java:1583)
10:54:20.858 [Thread-2] ERROR Orchestrator.Orchestrator -- Event queue was interrupted
java.lang.InterruptedException: null
	at EventBus.EventQueue.take(EventQueue.java:58)
	at Orchestrator.Orchestrator.start(Orchestrator.java:78)
	at Orchestrator.OrchestratorTests.lambda$runOrchestratorInThread$0(OrchestratorTests.java:71)
	at java.base/java.lang.Thread.run(Thread.java:1583)
10:54:20.858 [Thread-1] ERROR Orchestrator.Orchestrator -- Event queue was interrupted
java.lang.InterruptedException: null
	at EventBus.EventQueue.take(EventQueue.java:58)
	at Orchestrator.Orchestrator.start(Orchestrator.java:78)
	at Orchestrator.OrchestratorTests.lambda$runOrchestratorInThread$0(OrchestratorTests.java:71)
	at java.base/java.lang.Thread.run(Thread.java:1583)
10:54:20.858 [Thread-2] ERROR Orchestrator.Orchestrator -- Event queue was interrupted
java.lang.InterruptedException: null
	at EventBus.EventQueue.take(EventQueue.java:58)
	at Orchestrator.Orchestrator.start(Orchestrator.java:78)
	at Orchestrator.OrchestratorTests.lambda$runOrchestratorInThread$0(OrchestratorTests.java:71)
	at java.base/java.lang.Thread.run(Thread.java:1583)
10:54:20.858 [Thread-1] ERROR Orchestrator.Orchestrator -- Event queue was interrupted
java.lang.InterruptedException: null
	at EventBus.EventQueue.take(EventQueue.java:58)
	at Orchestrator.Orchestrator.start(Orchestrator.java:78)
	at Orchestrator.OrchestratorTests.lambda$runOrchestratorInThread$0(OrchestratorTests.java:71)
	at java.base/java.lang.Thread.run(Thread.java:1583)
10:54:20.858 [Thread-2] ERROR Orchestrator.Orchestrator -- Event queue was interrupted
java.lang.InterruptedException: null
	at EventBus.EventQueue.take(EventQueue.java:58)
	at Orchestrator.Orchestrator.start(Orchestrator.java:78)
	at Orchestrator.OrchestratorTests.lambda$runOrchestratorInThread$0(OrchestratorTests.java:71)
	at java.base/java.lang.Thread.run(Thread.java:1583)
10:54:20.858 [Thread-1] ERROR Orchestrator.Orchestrator -- Event queue was interrupted
java.lang.InterruptedException: null
	at EventBus.EventQueue.take(EventQueue.java:58)
	at Orchestrator.Orchestrator.start(Orchestrator.java:78)
	at Orchestrator.OrchestratorTests.lambda$runOrchestratorInThread$0(OrchestratorTests.java:71)
	at java.base/java.lang.Thread.run(Thread.java:1583)
10:54:20.858 [Thread-2] ERROR Orchestrator.Orchestrator -- Event queue was interrupted
java.lang.InterruptedException: null
	at EventBus.EventQueue.take(EventQueue.java:58)
	at Orchestrator.Orchestrator.start(Orchestrator.java:78)
	at Orchestrator.OrchestratorTests.lambda$runOrchestratorInThread$0(OrchestratorTests.java:71)
	at java.base/java.lang.Thread.run(Thread.java:1583)
10:54:20.858 [Thread-1] ERROR Orchestrator.Orchestrator -- Event queue was interrupted
java.lang.InterruptedException: null
	at EventBus.EventQueue.take(EventQueue.java:58)
	at Orchestrator.Orchestrator.start(Orchestrator.java:78)
	at Orchestrator.OrchestratorTests.lambda$runOrchestratorInThread$0(OrchestratorTests.java:71)
	at java.base/java.lang.Thread.run(Thread.java:1583)
10:54:20.858 [Thread-2] ERROR Orchestrator.Orchestrator -- Event queue was interrupted
java.lang.InterruptedException: null
	at EventBus.EventQueue.take(EventQueue.java:58)
	at Orchestrator.Orchestrator.start(Orchestrator.java:78)
	at Orchestrator.OrchestratorTests.lambda$runOrchestratorInThread$0(OrchestratorTests.java:71)
	at java.base/java.lang.Thread.run(Thread.java:1583)
10:54:20.858 [Thread-1] ERROR Orchestrator.Orchestrator -- Event queue was interrupted
java.lang.InterruptedException: null
	at EventBus.EventQueue.take(EventQueue.java:58)
	at Orchestrator.Orchestrator.start(Orchestrator.java:78)
	at Orchestrator.OrchestratorTests.lambda$runOrchestratorInThread$0(OrchestratorTests.java:71)
	at java.base/java.lang.Thread.run(Thread.java:1583)
10:54:20.858 [Thread-2] ERROR Orchestrator.Orchestrator -- Event queue was interrupted
java.lang.InterruptedException: null
	at EventBus.EventQueue.take(EventQueue.java:58)
	at Orchestrator.Orchestrator.start(Orchestrator.java:78)
	at Orchestrator.OrchestratorTests.lambda$runOrchestratorInThread$0(OrchestratorTests.java:71)
	at java.base/java.lang.Thread.run(Thread.java:1583)
10:54:20.858 [Thread-1] ERROR Orchestrator.Orchestrator -- Event queue was interrupted
java.lang.InterruptedException: null
	at EventBus.EventQueue.take(EventQueue.java:58)
	at Orchestrator.Orchestrator.start(Orchestrator.java:78)
	at Orchestrator.OrchestratorTests.lambda$runOrchestratorInThread$0(OrchestratorTests.java:71)
	at java.base/java.lang.Thread.run(Thread.java:1583)
10:54:20.858 [Thread-2] ERROR Orchestrator.Orchestrator -- Event queue was interrupted
java.lang.InterruptedException: null
	at EventBus.EventQueue.take(EventQueue.java:58)
	at Orchestrator.Orchestrator.start(Orchestrator.java:78)
	at Orchestrator.OrchestratorTests.lambda$runOrchestratorInThread$0(OrchestratorTests.java:71)
	at java.base/java.lang.Thread.run(Thread.java:1583)
10:54:20.858 [Thread-1] ERROR Orchestrator.Orchestrator -- Event queue was interrupted
java.lang.InterruptedException: null
	at EventBus.EventQueue.take(EventQueue.java:58)
	at Orchestrator.Orchestrator.start(Orchestrator.java:78)
	at Orchestrator.OrchestratorTests.lambda$runOrchestratorInThread$0(OrchestratorTests.java:71)
	at java.base/java.lang.Thread.run(Thread.java:1583)
10:54:20.858 [Thread-2] ERROR Orchestrator.Orchestrator -- Event queue was interrupted
java.lang.InterruptedException: null
	at EventBus.EventQueue.take(EventQueue.java:58)
	at Orchestrator.Orchestrator.start(Orchestrator.java:78)
	at Orchestrator.OrchestratorTests.lambda$runOrchestratorInThread$0(OrchestratorTests.java:71)
	at java.base/java.lang.Thread.run(Thread.java:1583)
10:54:20.858 [Thread-1] ERROR Orchestrator.Orchestrator -- Event queue was interrupted
java.lang.InterruptedException: null
	at EventBus.EventQueue.take(EventQueue.java:58)
	at Orchestrator.Orchestrator.start(Orchestrator.java:78)
	at Orchestrator.OrchestratorTests.lambda$runOrchestratorInThread$0(OrchestratorTests.java:71)
	at java.base/java.lang.Thread.run(Thread.java:1583)
10:54:20.858 [Thread-2] ERROR Orchestrator.Orchestrator -- Event queue was interrupted
java.lang.InterruptedException: null
	at EventBus.EventQueue.take(EventQueue.java:58)
	at Orchestrator.Orchestrator.start(Orchestrator.java:78)
	at Orchestrator.OrchestratorTests.lambda$runOrchestratorInThread$0(OrchestratorTests.java:71)
	at java.base/java.lang.Thread.run(Thread.java:1583)
10:54:20.858 [Thread-1] ERROR Orchestrator.Orchestrator -- Event queue was interrupted
java.lang.InterruptedException: null
	at EventBus.EventQueue.take(EventQueue.java:58)
	at Orchestrator.Orchestrator.start(Orchestrator.java:78)
	at Orchestrator.OrchestratorTests.lambda$runOrchestratorInThread$0(OrchestratorTests.java:71)
	at java.base/java.lang.Thread.run(Thread.java:1583)
10:54:20.859 [Thread-2] ERROR Orchestrator.Orchestrator -- Event queue was interrupted
java.lang.InterruptedException: null
	at EventBus.EventQueue.take(EventQueue.java:58)
	at Orchestrator.Orchestrator.start(Orchestrator.java:78)
	at Orchestrator.OrchestratorTests.lambda$runOrchestratorInThread$0(OrchestratorTests.java:71)
	at java.base/java.lang.Thread.run(Thread.java:1583)
10:54:20.859 [Thread-1] ERROR Orchestrator.Orchestrator -- Event queue was interrupted
java.lang.InterruptedException: null
	at EventBus.EventQueue.take(EventQueue.java:58)
	at Orchestrator.Orchestrator.start(Orchestrator.java:78)
	at Orchestrator.OrchestratorTests.lambda$runOrchestratorInThread$0(OrchestratorTests.java:71)
	at java.base/java.lang.Thread.run(Thread.java:1583)
10:54:20.859 [Thread-2] ERROR Orchestrator.Orchestrator -- Event queue was interrupted
java.lang.InterruptedException: null
	at EventBus.EventQueue.take(EventQueue.java:58)
	at Orchestrator.Orchestrator.start(Orchestrator.java:78)
	at Orchestrator.OrchestratorTests.lambda$runOrchestratorInThread$0(OrchestratorTests.java:71)
	at java.base/java.lang.Thread.run(Thread.java:1583)
10:54:20.859 [Thread-1] ERROR Orchestrator.Orchestrator -- Event queue was interrupted
java.lang.InterruptedException: null
	at EventBus.EventQueue.take(EventQueue.java:58)
	at Orchestrator.Orchestrator.start(Orchestrator.java:78)
	at Orchestrator.OrchestratorTests.lambda$runOrchestratorInThread$0(OrchestratorTests.java:71)
	at java.base/java.lang.Thread.run(Thread.java:1583)
10:54:20.859 [Thread-2] ERROR Orchestrator.Orchestrator -- Event queue was interrupted
java.lang.InterruptedException: null
	at EventBus.EventQueue.take(EventQueue.java:58)
	at Orchestrator.Orchestrator.start(Orchestrator.java:78)
	at Orchestrator.OrchestratorTests.lambda$runOrchestratorInThread$0(OrchestratorTests.java:71)
	at java.base/java.lang.Thread.run(Thread.java:1583)
10:54:20.859 [Thread-1] ERROR Orchestrator.Orchestrator -- Event queue was interrupted
java.lang.InterruptedException: null
	at EventBus.EventQueue.take(EventQueue.java:58)
	at Orchestrator.Orchestrator.start(Orchestrator.java:78)
	at Orchestrator.OrchestratorTests.lambda$runOrchestratorInThread$0(OrchestratorTests.java:71)
	at java.base/java.lang.Thread.run(Thread.java:1583)
10:54:20.859 [Thread-2] ERROR Orchestrator.Orchestrator -- Event queue was interrupted
java.lang.InterruptedException: null
	at EventBus.EventQueue.take(EventQueue.java:58)
	at Orchestrator.Orchestrator.start(Orchestrator.java:78)
	at Orchestrator.OrchestratorTests.lambda$runOrchestratorInThread$0(OrchestratorTests.java:71)
	at java.base/java.lang.Thread.run(Thread.java:1583)
10:54:20.859 [Thread-1] ERROR Orchestrator.Orchestrator -- Event queue was interrupted
java.lang.InterruptedException: null
	at EventBus.EventQueue.take(EventQueue.java:58)
	at Orchestrator.Orchestrator.start(Orchestrator.java:78)
	at Orchestrator.OrchestratorTests.lambda$runOrchestratorInThread$0(OrchestratorTests.java:71)
	at java.base/java.lang.Thread.run(Thread.java:1583)
10:54:20.859 [Thread-2] ERROR Orchestrator.Orchestrator -- Event queue was interrupted
java.lang.InterruptedException: null
	at EventBus.EventQueue.take(EventQueue.java:58)
	at Orchestrator.Orchestrator.start(Orchestrator.java:78)
	at Orchestrator.OrchestratorTests.lambda$runOrchestratorInThread$0(OrchestratorTests.java:71)
	at java.base/java.lang.Thread.run(Thread.java:1583)
10:54:20.859 [Thread-1] ERROR Orchestrator.Orchestrator -- Event queue was interrupted
java.lang.InterruptedException: null
	at EventBus.EventQueue.take(EventQueue.java:58)
	at Orchestrator.Orchestrator.start(Orchestrator.java:78)
	at Orchestrator.OrchestratorTests.lambda$runOrchestratorInThread$0(OrchestratorTests.java:71)
	at java.base/java.lang.Thread.run(Thread.java:1583)
10:54:20.859 [Thread-2] ERROR Orchestrator.Orchestrator -- Event queue was interrupted
java.lang.InterruptedException: null
	at EventBus.EventQueue.take(EventQueue.java:58)
	at Orchestrator.Orchestrator.start(Orchestrator.java:78)
	at Orchestrator.OrchestratorTests.lambda$runOrchestratorInThread$0(OrchestratorTests.java:71)
	at java.base/java.lang.Thread.run(Thread.java:1583)
10:54:20.859 [Thread-1] ERROR Orchestrator.Orchestrator -- Event queue was interrupted
java.lang.InterruptedException: null
	at EventBus.EventQueue.take(EventQueue.java:58)
	at Orchestrator.Orchestrator.start(Orchestrator.java:78)
	at Orchestrator.OrchestratorTests.lambda$runOrchestratorInThread$0(OrchestratorTests.java:71)
	at java.base/java.lang.Thread.run(Thread.java:1583)
10:54:20.859 [Thread-2] ERROR Orchestrator.Orchestrator -- Event queue was interrupted
java.lang.InterruptedException: null
	at EventBus.EventQueue.take(EventQueue.java:58)
	at Orchestrator.Orchestrator.start(Orchestrator.java:78)
	at Orchestrator.OrchestratorTests.lambda$runOrchestratorInThread$0(OrchestratorTests.java:71)
	at java.base/java.lang.Thread.run(Thread.java:1583)
10:54:20.859 [Thread-1] ERROR Orchestrator.Orchestrator -- Event queue was interrupted
java.lang.InterruptedException: null
	at EventBus.EventQueue.take(EventQueue.java:58)
	at Orchestrator.Orchestrator.start(Orchestrator.java:78)
	at Orchestrator.OrchestratorTests.lambda$runOrchestratorInThread$0(OrchestratorTests.java:71)
	at java.base/java.lang.Thread.run(Thread.java:1583)
10:54:20.859 [Thread-2] ERROR Orchestrator.Orchestrator -- Event queue was interrupted
java.lang.InterruptedException: null
	at EventBus.EventQueue.take(EventQueue.java:58)
	at Orchestrator.Orchestrator.start(Orchestrator.java:78)
	at Orchestrator.OrchestratorTests.lambda$runOrchestratorInThread$0(OrchestratorTests.java:71)
	at java.base/java.lang.Thread.run(Thread.java:1583)
10:54:20.859 [Thread-1] ERROR Orchestrator.Orchestrator -- Event queue was interrupted
java.lang.InterruptedException: null
	at EventBus.EventQueue.take(EventQueue.java:58)
	at Orchestrator.Orchestrator.start(Orchestrator.java:78)
	at Orchestrator.OrchestratorTests.lambda$runOrchestratorInThread$0(OrchestratorTests.java:71)
	at java.base/java.lang.Thread.run(Thread.java:1583)
10:54:20.859 [Thread-2] ERROR Orchestrator.Orchestrator -- Event queue was interrupted
java.lang.InterruptedException: null
	at EventBus.EventQueue.take(EventQueue.java:58)
	at Orchestrator.Orchestrator.start(Orchestrator.java:78)
	at Orchestrator.OrchestratorTests.lambda$runOrchestratorInThread$0(OrchestratorTests.java:71)
	at java.base/java.lang.Thread.run(Thread.java:1583)
10:54:20.859 [Thread-1] ERROR Orchestrator.Orchestrator -- Event queue was interrupted
java.lang.InterruptedException: null
	at EventBus.EventQueue.take(EventQueue.java:58)
	at Orchestrator.Orchestrator.start(Orchestrator.java:78)
	at Orchestrator.OrchestratorTests.lambda$runOrchestratorInThread$0(OrchestratorTests.java:71)
	at java.base/java.lang.Thread.run(Thread.java:1583)
10:54:20.859 [Thread-2] ERROR Orchestrator.Orchestrator -- Event queue was interrupted
java.lang.InterruptedException: null
	at EventBus.EventQueue.take(EventQueue.java:58)
	at Orchestrator.Orchestrator.start(Orchestrator.java:78)
	at Orchestrator.OrchestratorTests.lambda$runOrchestratorInThread$0(OrchestratorTests.java:71)
	at java.base/java.lang.Thread.run(Thread.java:1583)
10:54:20.859 [Thread-1] ERROR Orchestrator.Orchestrator -- Event queue was interrupted
java.lang.InterruptedException: null
	at EventBus.EventQueue.take(EventQueue.java:58)
	at Orchestrator.Orchestrator.start(Orchestrator.java:78)
	at Orchestrator.OrchestratorTests.lambda$runOrchestratorInThread$0(OrchestratorTests.java:71)
	at java.base/java.lang.Thread.run(Thread.java:1583)
10:54:20.859 [Thread-2] ERROR Orchestrator.Orchestrator -- Event queue was interrupted
java.lang.InterruptedException: null
	at EventBus.EventQueue.take(EventQueue.java:58)
	at Orchestrator.Orchestrator.start(Orchestrator.java:78)
	at Orchestrator.OrchestratorTests.lambda$runOrchestratorInThread$0(OrchestratorTests.java:71)
	at java.base/java.lang.Thread.run(Thread.java:1583)
10:54:20.859 [Thread-1] ERROR Orchestrator.Orchestrator -- Event queue was interrupted
java.lang.InterruptedException: null
	at EventBus.EventQueue.take(EventQueue.java:58)
	at Orchestrator.Orchestrator.start(Orchestrator.java:78)
	at Orchestrator.OrchestratorTests.lambda$runOrchestratorInThread$0(OrchestratorTests.java:71)
	at java.base/java.lang.Thread.run(Thread.java:1583)
10:54:20.859 [Thread-2] ERROR Orchestrator.Orchestrator -- Event queue was interrupted
java.lang.InterruptedException: null
	at EventBus.EventQueue.take(EventQueue.java:58)
	at Orchestrator.Orchestrator.start(Orchestrator.java:78)
	at Orchestrator.OrchestratorTests.lambda$runOrchestratorInThread$0(OrchestratorTests.java:71)
	at java.base/java.lang.Thread.run(Thread.java:1583)
10:54:20.859 [Thread-1] ERROR Orchestrator.Orchestrator -- Event queue was interrupted
java.lang.InterruptedException: null
	at EventBus.EventQueue.take(EventQueue.java:58)
	at Orchestrator.Orchestrator.start(Orchestrator.java:78)
	at Orchestrator.OrchestratorTests.lambda$runOrchestratorInThread$0(OrchestratorTests.java:71)
	at java.base/java.lang.Thread.run(Thread.java:1583)
10:54:20.860 [Thread-2] ERROR Orchestrator.Orchestrator -- Event queue was interrupted
java.lang.InterruptedException: null
	at EventBus.EventQueue.take(EventQueue.java:58)
	at Orchestrator.Orchestrator.start(Orchestrator.java:78)
	at Orchestrator.OrchestratorTests.lambda$runOrchestratorInThread$0(OrchestratorTests.java:71)
	at java.base/java.lang.Thread.run(Thread.java:1583)
10:54:20.860 [Thread-1] ERROR Orchestrator.Orchestrator -- Event queue was interrupted
java.lang.InterruptedException: null
	at EventBus.EventQueue.take(EventQueue.java:58)
	at Orchestrator.Orchestrator.start(Orchestrator.java:78)
	at Orchestrator.OrchestratorTests.lambda$runOrchestratorInThread$0(OrchestratorTests.java:71)
	at java.base/java.lang.Thread.run(Thread.java:1583)
10:54:20.860 [Thread-2] ERROR Orchestrator.Orchestrator -- Event queue was interrupted
java.lang.InterruptedException: null
	at EventBus.EventQueue.take(EventQueue.java:58)
	at Orchestrator.Orchestrator.start(Orchestrator.java:78)
	at Orchestrator.OrchestratorTests.lambda$runOrchestratorInThread$0(OrchestratorTests.java:71)
	at java.base/java.lang.Thread.run(Thread.java:1583)
10:54:20.860 [Thread-1] ERROR Orchestrator.Orchestrator -- Event queue was interrupted
java.lang.InterruptedException: null
	at EventBus.EventQueue.take(EventQueue.java:58)
	at Orchestrator.Orchestrator.start(Orchestrator.java:78)
	at Orchestrator.OrchestratorTests.lambda$runOrchestratorInThread$0(OrchestratorTests.java:71)
	at java.base/java.lang.Thread.run(Thread.java:1583)
10:54:20.860 [Thread-2] ERROR Orchestrator.Orchestrator -- Event queue was interrupted
java.lang.InterruptedException: null
	at EventBus.EventQueue.take(EventQueue.java:58)
	at Orchestrator.Orchestrator.start(Orchestrator.java:78)
	at Orchestrator.OrchestratorTests.lambda$runOrchestratorInThread$0(OrchestratorTests.java:71)
	at java.base/java.lang.Thread.run(Thread.java:1583)
10:54:20.860 [Thread-1] ERROR Orchestrator.Orchestrator -- Event queue was interrupted
java.lang.InterruptedException: null
	at EventBus.EventQueue.take(EventQueue.java:58)
	at Orchestrator.Orchestrator.start(Orchestrator.java:78)
	at Orchestrator.OrchestratorTests.lambda$runOrchestratorInThread$0(OrchestratorTests.java:71)
	at java.base/java.lang.Thread.run(Thread.java:1583)
10:54:20.860 [Thread-1] ERROR Orchestrator.Orchestrator -- Event queue was interrupted
java.lang.InterruptedException: null
	at EventBus.EventQueue.take(EventQueue.java:58)
	at Orchestrator.Orchestrator.start(Orchestrator.java:78)
	at Orchestrator.OrchestratorTests.lambda$runOrchestratorInThread$0(OrchestratorTests.java:71)
	at java.base/java.lang.Thread.run(Thread.java:1583)
10:54:20.860 [Thread-2] ERROR Orchestrator.Orchestrator -- Event queue was interrupted
java.lang.InterruptedException: null
	at EventBus.EventQueue.take(EventQueue.java:58)
	at Orchestrator.Orchestrator.start(Orchestrator.java:78)
	at Orchestrator.OrchestratorTests.lambda$runOrchestratorInThread$0(OrchestratorTests.java:71)
	at java.base/java.lang.Thread.run(Thread.java:1583)
10:54:20.860 [Thread-1] ERROR Orchestrator.Orchestrator -- Event queue was interrupted
java.lang.InterruptedException: null
	at EventBus.EventQueue.take(EventQueue.java:58)
	at Orchestrator.Orchestrator.start(Orchestrator.java:78)
	at Orchestrator.OrchestratorTests.lambda$runOrchestratorInThread$0(OrchestratorTests.java:71)
	at java.base/java.lang.Thread.run(Thread.java:1583)
10:54:20.860 [Thread-2] ERROR Orchestrator.Orchestrator -- Event queue was interrupted
java.lang.InterruptedException: null
	at EventBus.EventQueue.take(EventQueue.java:58)
	at Orchestrator.Orchestrator.start(Orchestrator.java:78)
	at Orchestrator.OrchestratorTests.lambda$runOrchestratorInThread$0(OrchestratorTests.java:71)
	at java.base/java.lang.Thread.run(Thread.java:1583)
10:54:20.860 [Thread-1] ERROR Orchestrator.Orchestrator -- Event queue was interrupted
java.lang.InterruptedException: null
	at EventBus.EventQueue.take(EventQueue.java:58)
	at Orchestrator.Orchestrator.start(Orchestrator.java:78)
	at Orchestrator.OrchestratorTests.lambda$runOrchestratorInThread$0(OrchestratorTests.java:71)
	at java.base/java.lang.Thread.run(Thread.java:1583)
10:54:20.860 [Thread-2] ERROR Orchestrator.Orchestrator -- Event queue was interrupted
java.lang.InterruptedException: null
	at EventBus.EventQueue.take(EventQueue.java:58)
	at Orchestrator.Orchestrator.start(Orchestrator.java:78)
	at Orchestrator.OrchestratorTests.lambda$runOrchestratorInThread$0(OrchestratorTests.java:71)
	at java.base/java.lang.Thread.run(Thread.java:1583)
10:54:20.860 [Thread-1] ERROR Orchestrator.Orchestrator -- Event queue was interrupted
java.lang.InterruptedException: null
	at EventBus.EventQueue.take(EventQueue.java:58)
	at Orchestrator.Orchestrator.start(Orchestrator.java:78)
	at Orchestrator.OrchestratorTests.lambda$runOrchestratorInThread$0(OrchestratorTests.java:71)
	at java.base/java.lang.Thread.run(Thread.java:1583)
10:54:20.860 [Thread-2] ERROR Orchestrator.Orchestrator -- Event queue was interrupted
java.lang.InterruptedException: null
	at EventBus.EventQueue.take(EventQueue.java:58)
	at Orchestrator.Orchestrator.start(Orchestrator.java:78)
	at Orchestrator.OrchestratorTests.lambda$runOrchestratorInThread$0(OrchestratorTests.java:71)
	at java.base/java.lang.Thread.run(Thread.java:1583)
10:54:20.860 [Thread-1] ERROR Orchestrator.Orchestrator -- Event queue was interrupted
java.lang.InterruptedException: null
	at EventBus.EventQueue.take(EventQueue.java:58)
	at Orchestrator.Orchestrator.start(Orchestrator.java:78)
	at Orchestrator.OrchestratorTests.lambda$runOrchestratorInThread$0(OrchestratorTests.java:71)
	at java.base/java.lang.Thread.run(Thread.java:1583)
10:54:20.860 [Thread-2] ERROR Orchestrator.Orchestrator -- Event queue was interrupted
java.lang.InterruptedException: null
	at EventBus.EventQueue.take(EventQueue.java:58)
	at Orchestrator.Orchestrator.start(Orchestrator.java:78)
	at Orchestrator.OrchestratorTests.lambda$runOrchestratorInThread$0(OrchestratorTests.java:71)
	at java.base/java.lang.Thread.run(Thread.java:1583)
10:54:20.860 [Thread-1] ERROR Orchestrator.Orchestrator -- Event queue was interrupted
java.lang.InterruptedException: null
	at EventBus.EventQueue.take(EventQueue.java:58)
	at Orchestrator.Orchestrator.start(Orchestrator.java:78)
	at Orchestrator.OrchestratorTests.lambda$runOrchestratorInThread$0(OrchestratorTests.java:71)
	at java.base/java.lang.Thread.run(Thread.java:1583)
10:54:20.860 [Thread-2] ERROR Orchestrator.Orchestrator -- Event queue was interrupted
java.lang.InterruptedException: null
	at EventBus.EventQueue.take(EventQueue.java:58)
	at Orchestrator.Orchestrator.start(Orchestrator.java:78)
	at Orchestrator.OrchestratorTests.lambda$runOrchestratorInThread$0(OrchestratorTests.java:71)
	at java.base/java.lang.Thread.run(Thread.java:1583)
10:54:20.860 [Thread-1] ERROR Orchestrator.Orchestrator -- Event queue was interrupted
java.lang.InterruptedException: null
	at EventBus.EventQueue.take(EventQueue.java:58)
	at Orchestrator.Orchestrator.start(Orchestrator.java:78)
	at Orchestrator.OrchestratorTests.lambda$runOrchestratorInThread$0(OrchestratorTests.java:71)
	at java.base/java.lang.Thread.run(Thread.java:1583)
10:54:20.860 [Thread-2] ERROR Orchestrator.Orchestrator -- Event queue was interrupted
java.lang.InterruptedException: null
	at EventBus.EventQueue.take(EventQueue.java:58)
	at Orchestrator.Orchestrator.start(Orchestrator.java:78)
	at Orchestrator.OrchestratorTests.lambda$runOrchestratorInThread$0(OrchestratorTests.java:71)
	at java.base/java.lang.Thread.run(Thread.java:1583)
10:54:20.860 [Thread-1] ERROR Orchestrator.Orchestrator -- Event queue was interrupted
java.lang.InterruptedException: null
	at EventBus.EventQueue.take(EventQueue.java:58)
	at Orchestrator.Orchestrator.start(Orchestrator.java:78)
	at Orchestrator.OrchestratorTests.lambda$runOrchestratorInThread$0(OrchestratorTests.java:71)
	at java.base/java.lang.Thread.run(Thread.java:1583)
10:54:20.860 [Thread-2] ERROR Orchestrator.Orchestrator -- Event queue was interrupted
java.lang.InterruptedException: null
	at EventBus.EventQueue.take(EventQueue.java:58)
	at Orchestrator.Orchestrator.start(Orchestrator.java:78)
	at Orchestrator.OrchestratorTests.lambda$runOrchestratorInThread$0(OrchestratorTests.java:71)
	at java.base/java.lang.Thread.run(Thread.java:1583)
10:54:20.860 [Thread-1] ERROR Orchestrator.Orchestrator -- Event queue was interrupted
java.lang.InterruptedException: null
	at EventBus.EventQueue.take(EventQueue.java:58)
	at Orchestrator.Orchestrator.start(Orchestrator.java:78)
	at Orchestrator.OrchestratorTests.lambda$runOrchestratorInThread$0(OrchestratorTests.java:71)
	at java.base/java.lang.Thread.run(Thread.java:1583)
10:54:20.861 [Thread-2] ERROR Orchestrator.Orchestrator -- Event queue was interrupted
java.lang.InterruptedException: null
	at EventBus.EventQueue.take(EventQueue.java:58)
	at Orchestrator.Orchestrator.start(Orchestrator.java:78)
	at Orchestrator.OrchestratorTests.lambda$runOrchestratorInThread$0(OrchestratorTests.java:71)
	at java.base/java.lang.Thread.run(Thread.java:1583)
10:54:20.861 [Thread-1] ERROR Orchestrator.Orchestrator -- Event queue was interrupted
java.lang.InterruptedException: null
	at EventBus.EventQueue.take(EventQueue.java:58)
	at Orchestrator.Orchestrator.start(Orchestrator.java:78)
	at Orchestrator.OrchestratorTests.lambda$runOrchestratorInThread$0(OrchestratorTests.java:71)
	at java.base/java.lang.Thread.run(Thread.java:1583)
10:54:20.861 [Thread-2] ERROR Orchestrator.Orchestrator -- Event queue was interrupted
java.lang.InterruptedException: null
	at EventBus.EventQueue.take(EventQueue.java:58)
	at Orchestrator.Orchestrator.start(Orchestrator.java:78)
	at Orchestrator.OrchestratorTests.lambda$runOrchestratorInThread$0(OrchestratorTests.java:71)
	at java.base/java.lang.Thread.run(Thread.java:1583)
10:54:20.861 [Thread-1] ERROR Orchestrator.Orchestrator -- Event queue was interrupted
java.lang.InterruptedException: null
	at EventBus.EventQueue.take(EventQueue.java:58)
	at Orchestrator.Orchestrator.start(Orchestrator.java:78)
	at Orchestrator.OrchestratorTests.lambda$runOrchestratorInThread$0(OrchestratorTests.java:71)
	at java.base/java.lang.Thread.run(Thread.java:1583)
10:54:20.861 [Thread-2] ERROR Orchestrator.Orchestrator -- Event queue was interrupted
java.lang.InterruptedException: null
	at EventBus.EventQueue.take(EventQueue.java:58)
	at Orchestrator.Orchestrator.start(Orchestrator.java:78)
	at Orchestrator.OrchestratorTests.lambda$runOrchestratorInThread$0(OrchestratorTests.java:71)
	at java.base/java.lang.Thread.run(Thread.java:1583)
10:54:20.861 [Thread-1] ERROR Orchestrator.Orchestrator -- Event queue was interrupted
java.lang.InterruptedException: null
	at EventBus.EventQueue.take(EventQueue.java:58)
	at Orchestrator.Orchestrator.start(Orchestrator.java:78)
	at Orchestrator.OrchestratorTests.lambda$runOrchestratorInThread$0(OrchestratorTests.java:71)
	at java.base/java.lang.Thread.run(Thread.java:1583)
10:54:20.861 [Thread-2] ERROR Orchestrator.Orchestrator -- Event queue was interrupted
java.lang.InterruptedException: null
	at EventBus.EventQueue.take(EventQueue.java:58)
	at Orchestrator.Orchestrator.start(Orchestrator.java:78)
	at Orchestrator.OrchestratorTests.lambda$runOrchestratorInThread$0(OrchestratorTests.java:71)
	at java.base/java.lang.Thread.run(Thread.java:1583)
10:54:20.861 [Thread-1] ERROR Orchestrator.Orchestrator -- Event queue was interrupted
java.lang.InterruptedException: null
	at EventBus.EventQueue.take(EventQueue.java:58)
	at Orchestrator.Orchestrator.start(Orchestrator.java:78)
	at Orchestrator.OrchestratorTests.lambda$runOrchestratorInThread$0(OrchestratorTests.java:71)
	at java.base/java.lang.Thread.run(Thread.java:1583)
10:54:20.861 [Thread-2] ERROR Orchestrator.Orchestrator -- Event queue was interrupted
java.lang.InterruptedException: null
	at EventBus.EventQueue.take(EventQueue.java:58)
	at Orchestrator.Orchestrator.start(Orchestrator.java:78)
	at Orchestrator.OrchestratorTests.lambda$runOrchestratorInThread$0(OrchestratorTests.java:71)
	at java.base/java.lang.Thread.run(Thread.java:1583)
10:54:20.861 [Thread-1] ERROR Orchestrator.Orchestrator -- Event queue was interrupted
java.lang.InterruptedException: null
	at EventBus.EventQueue.take(EventQueue.java:58)
	at Orchestrator.Orchestrator.start(Orchestrator.java:78)
	at Orchestrator.OrchestratorTests.lambda$runOrchestratorInThread$0(OrchestratorTests.java:71)
	at java.base/java.lang.Thread.run(Thread.java:1583)
10:54:20.861 [Thread-2] ERROR Orchestrator.Orchestrator -- Event queue was interrupted
java.lang.InterruptedException: null
	at EventBus.EventQueue.take(EventQueue.java:58)
	at Orchestrator.Orchestrator.start(Orchestrator.java:78)
	at Orchestrator.OrchestratorTests.lambda$runOrchestratorInThread$0(OrchestratorTests.java:71)
	at java.base/java.lang.Thread.run(Thread.java:1583)
10:54:20.861 [Thread-1] ERROR Orchestrator.Orchestrator -- Event queue was interrupted
java.lang.InterruptedException: null
	at EventBus.EventQueue.take(EventQueue.java:58)
	at Orchestrator.Orchestrator.start(Orchestrator.java:78)
	at Orchestrator.OrchestratorTests.lambda$runOrchestratorInThread$0(OrchestratorTests.java:71)
	at java.base/java.lang.Thread.run(Thread.java:1583)
10:54:20.861 [Thread-2] ERROR Orchestrator.Orchestrator -- Event queue was interrupted
java.lang.InterruptedException: null
	at EventBus.EventQueue.take(EventQueue.java:58)
	at Orchestrator.Orchestrator.start(Orchestrator.java:78)
	at Orchestrator.OrchestratorTests.lambda$runOrchestratorInThread$0(OrchestratorTests.java:71)
	at java.base/java.lang.Thread.run(Thread.java:1583)
10:54:20.861 [Thread-1] ERROR Orchestrator.Orchestrator -- Event queue was interrupted
java.lang.InterruptedException: null
	at EventBus.EventQueue.take(EventQueue.java:58)
	at Orchestrator.Orchestrator.start(Orchestrator.java:78)
	at Orchestrator.OrchestratorTests.lambda$runOrchestratorInThread$0(OrchestratorTests.java:71)
	at java.base/java.lang.Thread.run(Thread.java:1583)
10:54:20.861 [Thread-2] ERROR Orchestrator.Orchestrator -- Event queue was interrupted
java.lang.InterruptedException: null
	at EventBus.EventQueue.take(EventQueue.java:58)
	at Orchestrator.Orchestrator.start(Orchestrator.java:78)
	at Orchestrator.OrchestratorTests.lambda$runOrchestratorInThread$0(OrchestratorTests.java:71)
	at java.base/java.lang.Thread.run(Thread.java:1583)
10:54:20.861 [Thread-2] ERROR Orchestrator.Orchestrator -- Event queue was interrupted
java.lang.InterruptedException: null
	at EventBus.EventQueue.take(EventQueue.java:58)
	at Orchestrator.Orchestrator.start(Orchestrator.java:78)
	at Orchestrator.OrchestratorTests.lambda$runOrchestratorInThread$0(OrchestratorTests.java:71)
	at java.base/java.lang.Thread.run(Thread.java:1583)
10:54:20.861 [Thread-1] ERROR Orchestrator.Orchestrator -- Event queue was interrupted
java.lang.InterruptedException: null
	at EventBus.EventQueue.take(EventQueue.java:58)
	at Orchestrator.Orchestrator.start(Orchestrator.java:78)
	at Orchestrator.OrchestratorTests.lambda$runOrchestratorInThread$0(OrchestratorTests.java:71)
	at java.base/java.lang.Thread.run(Thread.java:1583)
10:54:20.861 [Thread-2] ERROR Orchestrator.Orchestrator -- Event queue was interrupted
java.lang.InterruptedException: null
	at EventBus.EventQueue.take(EventQueue.java:58)
	at Orchestrator.Orchestrator.start(Orchestrator.java:78)
	at Orchestrator.OrchestratorTests.lambda$runOrchestratorInThread$0(OrchestratorTests.java:71)
	at java.base/java.lang.Thread.run(Thread.java:1583)
10:54:20.861 [Thread-1] ERROR Orchestrator.Orchestrator -- Event queue was interrupted
java.lang.InterruptedException: null
	at EventBus.EventQueue.take(EventQueue.java:58)
	at Orchestrator.Orchestrator.start(Orchestrator.java:78)
	at Orchestrator.OrchestratorTests.lambda$runOrchestratorInThread$0(OrchestratorTests.java:71)
	at java.base/java.lang.Thread.run(Thread.java:1583)
10:54:20.861 [Thread-2] ERROR Orchestrator.Orchestrator -- Event queue was interrupted
java.lang.InterruptedException: null
	at EventBus.EventQueue.take(EventQueue.java:58)
	at Orchestrator.Orchestrator.start(Orchestrator.java:78)
	at Orchestrator.OrchestratorTests.lambda$runOrchestratorInThread$0(OrchestratorTests.java:71)
	at java.base/java.lang.Thread.run(Thread.java:1583)
10:54:20.861 [Thread-1] ERROR Orchestrator.Orchestrator -- Event queue was interrupted
java.lang.InterruptedException: null
	at EventBus.EventQueue.take(EventQueue.java:58)
	at Orchestrator.Orchestrator.start(Orchestrator.java:78)
	at Orchestrator.OrchestratorTests.lambda$runOrchestratorInThread$0(OrchestratorTests.java:71)
	at java.base/java.lang.Thread.run(Thread.java:1583)
10:54:20.861 [Thread-2] ERROR Orchestrator.Orchestrator -- Event queue was interrupted
java.lang.InterruptedException: null
	at EventBus.EventQueue.take(EventQueue.java:58)
	at Orchestrator.Orchestrator.start(Orchestrator.java:78)
	at Orchestrator.OrchestratorTests.lambda$runOrchestratorInThread$0(OrchestratorTests.java:71)
	at java.base/java.lang.Thread.run(Thread.java:1583)
10:54:20.861 [Thread-2] ERROR Orchestrator.Orchestrator -- Event queue was interrupted
java.lang.InterruptedException: null
	at EventBus.EventQueue.take(EventQueue.java:58)
	at Orchestrator.Orchestrator.start(Orchestrator.java:78)
	at Orchestrator.OrchestratorTests.lambda$runOrchestratorInThread$0(OrchestratorTests.java:71)
	at java.base/java.lang.Thread.run(Thread.java:1583)
10:54:20.861 [Thread-1] ERROR Orchestrator.Orchestrator -- Event queue was interrupted
java.lang.InterruptedException: null
	at EventBus.EventQueue.take(EventQueue.java:58)
	at Orchestrator.Orchestrator.start(Orchestrator.java:78)
	at Orchestrator.OrchestratorTests.lambda$runOrchestratorInThread$0(OrchestratorTests.java:71)
	at java.base/java.lang.Thread.run(Thread.java:1583)
10:54:20.862 [Thread-2] ERROR Orchestrator.Orchestrator -- Event queue was interrupted
java.lang.InterruptedException: null
	at EventBus.EventQueue.take(EventQueue.java:58)
	at Orchestrator.Orchestrator.start(Orchestrator.java:78)
	at Orchestrator.OrchestratorTests.lambda$runOrchestratorInThread$0(OrchestratorTests.java:71)
	at java.base/java.lang.Thread.run(Thread.java:1583)
10:54:20.862 [Thread-1] ERROR Orchestrator.Orchestrator -- Event queue was interrupted
java.lang.InterruptedException: null
	at EventBus.EventQueue.take(EventQueue.java:58)
	at Orchestrator.Orchestrator.start(Orchestrator.java:78)
	at Orchestrator.OrchestratorTests.lambda$runOrchestratorInThread$0(OrchestratorTests.java:71)
	at java.base/java.lang.Thread.run(Thread.java:1583)
10:54:20.862 [Thread-2] ERROR Orchestrator.Orchestrator -- Event queue was interrupted
java.lang.InterruptedException: null
	at EventBus.EventQueue.take(EventQueue.java:58)
	at Orchestrator.Orchestrator.start(Orchestrator.java:78)
	at Orchestrator.OrchestratorTests.lambda$runOrchestratorInThread$0(OrchestratorTests.java:71)
	at java.base/java.lang.Thread.run(Thread.java:1583)
10:54:20.862 [Thread-1] ERROR Orchestrator.Orchestrator -- Event queue was interrupted
java.lang.InterruptedException: null
	at EventBus.EventQueue.take(EventQueue.java:58)
	at Orchestrator.Orchestrator.start(Orchestrator.java:78)
	at Orchestrator.OrchestratorTests.lambda$runOrchestratorInThread$0(OrchestratorTests.java:71)
	at java.base/java.lang.Thread.run(Thread.java:1583)
10:54:20.862 [Thread-2] ERROR Orchestrator.Orchestrator -- Event queue was interrupted
java.lang.InterruptedException: null
	at EventBus.EventQueue.take(EventQueue.java:58)
	at Orchestrator.Orchestrator.start(Orchestrator.java:78)
	at Orchestrator.OrchestratorTests.lambda$runOrchestratorInThread$0(OrchestratorTests.java:71)
	at java.base/java.lang.Thread.run(Thread.java:1583)
10:54:20.862 [Thread-1] ERROR Orchestrator.Orchestrator -- Event queue was interrupted
java.lang.InterruptedException: null
	at EventBus.EventQueue.take(EventQueue.java:58)
	at Orchestrator.Orchestrator.start(Orchestrator.java:78)
	at Orchestrator.OrchestratorTests.lambda$runOrchestratorInThread$0(OrchestratorTests.java:71)
	at java.base/java.lang.Thread.run(Thread.java:1583)
10:54:20.862 [Thread-2] ERROR Orchestrator.Orchestrator -- Event queue was interrupted
java.lang.InterruptedException: null
	at EventBus.EventQueue.take(EventQueue.java:58)
	at Orchestrator.Orchestrator.start(Orchestrator.java:78)
	at Orchestrator.OrchestratorTests.lambda$runOrchestratorInThread$0(OrchestratorTests.java:71)
	at java.base/java.lang.Thread.run(Thread.java:1583)
10:54:20.862 [Thread-1] ERROR Orchestrator.Orchestrator -- Event queue was interrupted
java.lang.InterruptedException: null
	at EventBus.EventQueue.take(EventQueue.java:58)
	at Orchestrator.Orchestrator.start(Orchestrator.java:78)
	at Orchestrator.OrchestratorTests.lambda$runOrchestratorInThread$0(OrchestratorTests.java:71)
	at java.base/java.lang.Thread.run(Thread.java:1583)
10:54:20.862 [Thread-2] ERROR Orchestrator.Orchestrator -- Event queue was interrupted
java.lang.InterruptedException: null
	at EventBus.EventQueue.take(EventQueue.java:58)
	at Orchestrator.Orchestrator.start(Orchestrator.java:78)
	at Orchestrator.OrchestratorTests.lambda$runOrchestratorInThread$0(OrchestratorTests.java:71)
	at java.base/java.lang.Thread.run(Thread.java:1583)
10:54:20.862 [Thread-1] ERROR Orchestrator.Orchestrator -- Event queue was interrupted
java.lang.InterruptedException: null
	at EventBus.EventQueue.take(EventQueue.java:58)
	at Orchestrator.Orchestrator.start(Orchestrator.java:78)
	at Orchestrator.OrchestratorTests.lambda$runOrchestratorInThread$0(OrchestratorTests.java:71)
	at java.base/java.lang.Thread.run(Thread.java:1583)
10:54:20.862 [Thread-2] ERROR Orchestrator.Orchestrator -- Event queue was interrupted
java.lang.InterruptedException: null
	at EventBus.EventQueue.take(EventQueue.java:58)
	at Orchestrator.Orchestrator.start(Orchestrator.java:78)
	at Orchestrator.OrchestratorTests.lambda$runOrchestratorInThread$0(OrchestratorTests.java:71)
	at java.base/java.lang.Thread.run(Thread.java:1583)
10:54:20.862 [Thread-1] ERROR Orchestrator.Orchestrator -- Event queue was interrupted
java.lang.InterruptedException: null
	at EventBus.EventQueue.take(EventQueue.java:58)
	at Orchestrator.Orchestrator.start(Orchestrator.java:78)
	at Orchestrator.OrchestratorTests.lambda$runOrchestratorInThread$0(OrchestratorTests.java:71)
	at java.base/java.lang.Thread.run(Thread.java:1583)
10:54:20.862 [Thread-1] ERROR Orchestrator.Orchestrator -- Event queue was interrupted
java.lang.InterruptedException: null
	at EventBus.EventQueue.take(EventQueue.java:58)
	at Orchestrator.Orchestrator.start(Orchestrator.java:78)
	at Orchestrator.OrchestratorTests.lambda$runOrchestratorInThread$0(OrchestratorTests.java:71)
	at java.base/java.lang.Thread.run(Thread.java:1583)
10:54:20.862 [Thread-2] ERROR Orchestrator.Orchestrator -- Event queue was interrupted
java.lang.InterruptedException: null
	at EventBus.EventQueue.take(EventQueue.java:58)
	at Orchestrator.Orchestrator.start(Orchestrator.java:78)
	at Orchestrator.OrchestratorTests.lambda$runOrchestratorInThread$0(OrchestratorTests.java:71)
	at java.base/java.lang.Thread.run(Thread.java:1583)
10:54:20.862 [Thread-1] ERROR Orchestrator.Orchestrator -- Event queue was interrupted
java.lang.InterruptedException: null
	at EventBus.EventQueue.take(EventQueue.java:58)
	at Orchestrator.Orchestrator.start(Orchestrator.java:78)
	at Orchestrator.OrchestratorTests.lambda$runOrchestratorInThread$0(OrchestratorTests.java:71)
	at java.base/java.lang.Thread.run(Thread.java:1583)
10:54:20.862 [Thread-2] ERROR Orchestrator.Orchestrator -- Event queue was interrupted
java.lang.InterruptedException: null
	at EventBus.EventQueue.take(EventQueue.java:58)
	at Orchestrator.Orchestrator.start(Orchestrator.java:78)
	at Orchestrator.OrchestratorTests.lambda$runOrchestratorInThread$0(OrchestratorTests.java:71)
	at java.base/java.lang.Thread.run(Thread.java:1583)
10:54:20.862 [Thread-1] ERROR Orchestrator.Orchestrator -- Event queue was interrupted
java.lang.InterruptedException: null
	at EventBus.EventQueue.take(EventQueue.java:58)
	at Orchestrator.Orchestrator.start(Orchestrator.java:78)
	at Orchestrator.OrchestratorTests.lambda$runOrchestratorInThread$0(OrchestratorTests.java:71)
	at java.base/java.lang.Thread.run(Thread.java:1583)
10:54:20.862 [Thread-2] ERROR Orchestrator.Orchestrator -- Event queue was interrupted
java.lang.InterruptedException: null
	at EventBus.EventQueue.take(EventQueue.java:58)
	at Orchestrator.Orchestrator.start(Orchestrator.java:78)
	at Orchestrator.OrchestratorTests.lambda$runOrchestratorInThread$0(OrchestratorTests.java:71)
	at java.base/java.lang.Thread.run(Thread.java:1583)
10:54:20.862 [Thread-1] ERROR Orchestrator.Orchestrator -- Event queue was interrupted
java.lang.InterruptedException: null
	at EventBus.EventQueue.take(EventQueue.java:58)
	at Orchestrator.Orchestrator.start(Orchestrator.java:78)
	at Orchestrator.OrchestratorTests.lambda$runOrchestratorInThread$0(OrchestratorTests.java:71)
	at java.base/java.lang.Thread.run(Thread.java:1583)
10:54:20.862 [Thread-2] ERROR Orchestrator.Orchestrator -- Event queue was interrupted
java.lang.InterruptedException: null
	at EventBus.EventQueue.take(EventQueue.java:58)
	at Orchestrator.Orchestrator.start(Orchestrator.java:78)
	at Orchestrator.OrchestratorTests.lambda$runOrchestratorInThread$0(OrchestratorTests.java:71)
	at java.base/java.lang.Thread.run(Thread.java:1583)
10:54:20.862 [Thread-1] ERROR Orchestrator.Orchestrator -- Event queue was interrupted
java.lang.InterruptedException: null
	at EventBus.EventQueue.take(EventQueue.java:58)
	at Orchestrator.Orchestrator.start(Orchestrator.java:78)
	at Orchestrator.OrchestratorTests.lambda$runOrchestratorInThread$0(OrchestratorTests.java:71)
	at java.base/java.lang.Thread.run(Thread.java:1583)
10:54:20.862 [Thread-2] ERROR Orchestrator.Orchestrator -- Event queue was interrupted
java.lang.InterruptedException: null
	at EventBus.EventQueue.take(EventQueue.java:58)
	at Orchestrator.Orchestrator.start(Orchestrator.java:78)
	at Orchestrator.OrchestratorTests.lambda$runOrchestratorInThread$0(OrchestratorTests.java:71)
	at java.base/java.lang.Thread.run(Thread.java:1583)
10:54:20.862 [Thread-1] ERROR Orchestrator.Orchestrator -- Event queue was interrupted
java.lang.InterruptedException: null
	at EventBus.EventQueue.take(EventQueue.java:58)
	at Orchestrator.Orchestrator.start(Orchestrator.java:78)
	at Orchestrator.OrchestratorTests.lambda$runOrchestratorInThread$0(OrchestratorTests.java:71)
	at java.base/java.lang.Thread.run(Thread.java:1583)
10:54:20.863 [Thread-2] ERROR Orchestrator.Orchestrator -- Event queue was interrupted
java.lang.InterruptedException: null
	at EventBus.EventQueue.take(EventQueue.java:58)
	at Orchestrator.Orchestrator.start(Orchestrator.java:78)
	at Orchestrator.OrchestratorTests.lambda$runOrchestratorInThread$0(OrchestratorTests.java:71)
	at java.base/java.lang.Thread.run(Thread.java:1583)
10:54:20.863 [Thread-1] ERROR Orchestrator.Orchestrator -- Event queue was interrupted
java.lang.InterruptedException: null
	at EventBus.EventQueue.take(EventQueue.java:58)
	at Orchestrator.Orchestrator.start(Orchestrator.java:78)
	at Orchestrator.OrchestratorTests.lambda$runOrchestratorInThread$0(OrchestratorTests.java:71)
	at java.base/java.lang.Thread.run(Thread.java:1583)
10:54:20.863 [Thread-1] ERROR Orchestrator.Orchestrator -- Event queue was interrupted
java.lang.InterruptedException: null
	at EventBus.EventQueue.take(EventQueue.java:58)
	at Orchestrator.Orchestrator.start(Orchestrator.java:78)
	at Orchestrator.OrchestratorTests.lambda$runOrchestratorInThread$0(OrchestratorTests.java:71)
	at java.base/java.lang.Thread.run(Thread.java:1583)
10:54:20.863 [Thread-2] ERROR Orchestrator.Orchestrator -- Event queue was interrupted
java.lang.InterruptedException: null
	at EventBus.EventQueue.take(EventQueue.java:58)
	at Orchestrator.Orchestrator.start(Orchestrator.java:78)
	at Orchestrator.OrchestratorTests.lambda$runOrchestratorInThread$0(OrchestratorTests.java:71)
	at java.base/java.lang.Thread.run(Thread.java:1583)
10:54:20.863 [Thread-1] ERROR Orchestrator.Orchestrator -- Event queue was interrupted
java.lang.InterruptedException: null
	at EventBus.EventQueue.take(EventQueue.java:58)
	at Orchestrator.Orchestrator.start(Orchestrator.java:78)
	at Orchestrator.OrchestratorTests.lambda$runOrchestratorInThread$0(OrchestratorTests.java:71)
	at java.base/java.lang.Thread.run(Thread.java:1583)
10:54:20.863 [Thread-2] ERROR Orchestrator.Orchestrator -- Event queue was interrupted
java.lang.InterruptedException: null
	at EventBus.EventQueue.take(EventQueue.java:58)
	at Orchestrator.Orchestrator.start(Orchestrator.java:78)
	at Orchestrator.OrchestratorTests.lambda$runOrchestratorInThread$0(OrchestratorTests.java:71)
	at java.base/java.lang.Thread.run(Thread.java:1583)
10:54:20.863 [Thread-1] ERROR Orchestrator.Orchestrator -- Event queue was interrupted
java.lang.InterruptedException: null
	at EventBus.EventQueue.take(EventQueue.java:58)
	at Orchestrator.Orchestrator.start(Orchestrator.java:78)
	at Orchestrator.OrchestratorTests.lambda$runOrchestratorInThread$0(OrchestratorTests.java:71)
	at java.base/java.lang.Thread.run(Thread.java:1583)
10:54:20.863 [Thread-2] ERROR Orchestrator.Orchestrator -- Event queue was interrupted
java.lang.InterruptedException: null
	at EventBus.EventQueue.take(EventQueue.java:58)
	at Orchestrator.Orchestrator.start(Orchestrator.java:78)
	at Orchestrator.OrchestratorTests.lambda$runOrchestratorInThread$0(OrchestratorTests.java:71)
	at java.base/java.lang.Thread.run(Thread.java:1583)
10:54:20.863 [Thread-1] ERROR Orchestrator.Orchestrator -- Event queue was interrupted
java.lang.InterruptedException: null
	at EventBus.EventQueue.take(EventQueue.java:58)
	at Orchestrator.Orchestrator.start(Orchestrator.java:78)
	at Orchestrator.OrchestratorTests.lambda$runOrchestratorInThread$0(OrchestratorTests.java:71)
	at java.base/java.lang.Thread.run(Thread.java:1583)
10:54:20.863 [Thread-2] ERROR Orchestrator.Orchestrator -- Event queue was interrupted
java.lang.InterruptedException: null
	at EventBus.EventQueue.take(EventQueue.java:58)
	at Orchestrator.Orchestrator.start(Orchestrator.java:78)
	at Orchestrator.OrchestratorTests.lambda$runOrchestratorInThread$0(OrchestratorTests.java:71)
	at java.base/java.lang.Thread.run(Thread.java:1583)
10:54:20.863 [Thread-1] ERROR Orchestrator.Orchestrator -- Event queue was interrupted
java.lang.InterruptedException: null
	at EventBus.EventQueue.take(EventQueue.java:58)
	at Orchestrator.Orchestrator.start(Orchestrator.java:78)
	at Orchestrator.OrchestratorTests.lambda$runOrchestratorInThread$0(OrchestratorTests.java:71)
	at java.base/java.lang.Thread.run(Thread.java:1583)
10:54:20.863 [Thread-2] ERROR Orchestrator.Orchestrator -- Event queue was interrupted
java.lang.InterruptedException: null
	at EventBus.EventQueue.take(EventQueue.java:58)
	at Orchestrator.Orchestrator.start(Orchestrator.java:78)
	at Orchestrator.OrchestratorTests.lambda$runOrchestratorInThread$0(OrchestratorTests.java:71)
	at java.base/java.lang.Thread.run(Thread.java:1583)
10:54:20.863 [Thread-2] ERROR Orchestrator.Orchestrator -- Event queue was interrupted
java.lang.InterruptedException: null
	at EventBus.EventQueue.take(EventQueue.java:58)
	at Orchestrator.Orchestrator.start(Orchestrator.java:78)
	at Orchestrator.OrchestratorTests.lambda$runOrchestratorInThread$0(OrchestratorTests.java:71)
	at java.base/java.lang.Thread.run(Thread.java:1583)
10:54:20.863 [Thread-2] ERROR Orchestrator.Orchestrator -- Event queue was interrupted
java.lang.InterruptedException: null
	at EventBus.EventQueue.take(EventQueue.java:58)
	at Orchestrator.Orchestrator.start(Orchestrator.java:78)
	at Orchestrator.OrchestratorTests.lambda$runOrchestratorInThread$0(OrchestratorTests.java:71)
	at java.base/java.lang.Thread.run(Thread.java:1583)
10:54:20.863 [Thread-2] ERROR Orchestrator.Orchestrator -- Event queue was interrupted
java.lang.InterruptedException: null
	at EventBus.EventQueue.take(EventQueue.java:58)
	at Orchestrator.Orchestrator.start(Orchestrator.java:78)
	at Orchestrator.OrchestratorTests.lambda$runOrchestratorInThread$0(OrchestratorTests.java:71)
	at java.base/java.lang.Thread.run(Thread.java:1583)
10:54:20.863 [Thread-1] ERROR Orchestrator.Orchestrator -- Event queue was interrupted
java.lang.InterruptedException: null
	at EventBus.EventQueue.take(EventQueue.java:58)
	at Orchestrator.Orchestrator.start(Orchestrator.java:78)
	at Orchestrator.OrchestratorTests.lambda$runOrchestratorInThread$0(OrchestratorTests.java:71)
	at java.base/java.lang.Thread.run(Thread.java:1583)
10:54:20.863 [Thread-2] ERROR Orchestrator.Orchestrator -- Event queue was interrupted
java.lang.InterruptedException: null
	at EventBus.EventQueue.take(EventQueue.java:58)
	at Orchestrator.Orchestrator.start(Orchestrator.java:78)
	at Orchestrator.OrchestratorTests.lambda$runOrchestratorInThread$0(OrchestratorTests.java:71)
	at java.base/java.lang.Thread.run(Thread.java:1583)
10:54:20.864 [Thread-2] ERROR Orchestrator.Orchestrator -- Event queue was interrupted
java.lang.InterruptedException: null
	at EventBus.EventQueue.take(EventQueue.java:58)
	at Orchestrator.Orchestrator.start(Orchestrator.java:78)
	at Orchestrator.OrchestratorTests.lambda$runOrchestratorInThread$0(OrchestratorTests.java:71)
	at java.base/java.lang.Thread.run(Thread.java:1583)
10:54:20.864 [Thread-1] ERROR Orchestrator.Orchestrator -- Event queue was interrupted
java.lang.InterruptedException: null
	at EventBus.EventQueue.take(EventQueue.java:58)
	at Orchestrator.Orchestrator.start(Orchestrator.java:78)
	at Orchestrator.OrchestratorTests.lambda$runOrchestratorInThread$0(OrchestratorTests.java:71)
	at java.base/java.lang.Thread.run(Thread.java:1583)
10:54:20.864 [Thread-2] ERROR Orchestrator.Orchestrator -- Event queue was interrupted
java.lang.InterruptedException: null
	at EventBus.EventQueue.take(EventQueue.java:58)
	at Orchestrator.Orchestrator.start(Orchestrator.java:78)
	at Orchestrator.OrchestratorTests.lambda$runOrchestratorInThread$0(OrchestratorTests.java:71)
	at java.base/java.lang.Thread.run(Thread.java:1583)
10:54:20.864 [Thread-1] ERROR Orchestrator.Orchestrator -- Event queue was interrupted
java.lang.InterruptedException: null
	at EventBus.EventQueue.take(EventQueue.java:58)
	at Orchestrator.Orchestrator.start(Orchestrator.java:78)
	at Orchestrator.OrchestratorTests.lambda$runOrchestratorInThread$0(OrchestratorTests.java:71)
	at java.base/java.lang.Thread.run(Thread.java:1583)
10:54:20.864 [Thread-2] ERROR Orchestrator.Orchestrator -- Event queue was interrupted
java.lang.InterruptedException: null
	at EventBus.EventQueue.take(EventQueue.java:58)
	at Orchestrator.Orchestrator.start(Orchestrator.java:78)
	at Orchestrator.OrchestratorTests.lambda$runOrchestratorInThread$0(OrchestratorTests.java:71)
	at java.base/java.lang.Thread.run(Thread.java:1583)
10:54:20.864 [Thread-1] ERROR Orchestrator.Orchestrator -- Event queue was interrupted
java.lang.InterruptedException: null
	at EventBus.EventQueue.take(EventQueue.java:58)
	at Orchestrator.Orchestrator.start(Orchestrator.java:78)
	at Orchestrator.OrchestratorTests.lambda$runOrchestratorInThread$0(OrchestratorTests.java:71)
	at java.base/java.lang.Thread.run(Thread.java:1583)
10:54:20.864 [Thread-2] ERROR Orchestrator.Orchestrator -- Event queue was interrupted
java.lang.InterruptedException: null
	at EventBus.EventQueue.take(EventQueue.java:58)
	at Orchestrator.Orchestrator.start(Orchestrator.java:78)
	at Orchestrator.OrchestratorTests.lambda$runOrchestratorInThread$0(OrchestratorTests.java:71)
	at java.base/java.lang.Thread.run(Thread.java:1583)
10:54:20.864 [Thread-1] ERROR Orchestrator.Orchestrator -- Event queue was interrupted
java.lang.InterruptedException: null
	at EventBus.EventQueue.take(EventQueue.java:58)
	at Orchestrator.Orchestrator.start(Orchestrator.java:78)
	at Orchestrator.OrchestratorTests.lambda$runOrchestratorInThread$0(OrchestratorTests.java:71)
	at java.base/java.lang.Thread.run(Thread.java:1583)
10:54:20.864 [Thread-2] ERROR Orchestrator.Orchestrator -- Event queue was interrupted
java.lang.InterruptedException: null
	at EventBus.EventQueue.take(EventQueue.java:58)
	at Orchestrator.Orchestrator.start(Orchestrator.java:78)
	at Orchestrator.OrchestratorTests.lambda$runOrchestratorInThread$0(OrchestratorTests.java:71)
	at java.base/java.lang.Thread.run(Thread.java:1583)
10:54:20.864 [Thread-2] ERROR Orchestrator.Orchestrator -- Event queue was interrupted
java.lang.InterruptedException: null
	at EventBus.EventQueue.take(EventQueue.java:58)
	at Orchestrator.Orchestrator.start(Orchestrator.java:78)
	at Orchestrator.OrchestratorTests.lambda$runOrchestratorInThread$0(OrchestratorTests.java:71)
	at java.base/java.lang.Thread.run(Thread.java:1583)
10:54:20.864 [Thread-1] ERROR Orchestrator.Orchestrator -- Event queue was interrupted
java.lang.InterruptedException: null
	at EventBus.EventQueue.take(EventQueue.java:58)
	at Orchestrator.Orchestrator.start(Orchestrator.java:78)
	at Orchestrator.OrchestratorTests.lambda$runOrchestratorInThread$0(OrchestratorTests.java:71)
	at java.base/java.lang.Thread.run(Thread.java:1583)
10:54:20.864 [Thread-2] ERROR Orchestrator.Orchestrator -- Event queue was interrupted
java.lang.InterruptedException: null
	at EventBus.EventQueue.take(EventQueue.java:58)
	at Orchestrator.Orchestrator.start(Orchestrator.java:78)
	at Orchestrator.OrchestratorTests.lambda$runOrchestratorInThread$0(OrchestratorTests.java:71)
	at java.base/java.lang.Thread.run(Thread.java:1583)
10:54:20.864 [Thread-1] ERROR Orchestrator.Orchestrator -- Event queue was interrupted
java.lang.InterruptedException: null
	at EventBus.EventQueue.take(EventQueue.java:58)
	at Orchestrator.Orchestrator.start(Orchestrator.java:78)
	at Orchestrator.OrchestratorTests.lambda$runOrchestratorInThread$0(OrchestratorTests.java:71)
	at java.base/java.lang.Thread.run(Thread.java:1583)
10:54:20.864 [Thread-2] ERROR Orchestrator.Orchestrator -- Event queue was interrupted
java.lang.InterruptedException: null
	at EventBus.EventQueue.take(EventQueue.java:58)
	at Orchestrator.Orchestrator.start(Orchestrator.java:78)
	at Orchestrator.OrchestratorTests.lambda$runOrchestratorInThread$0(OrchestratorTests.java:71)
	at java.base/java.lang.Thread.run(Thread.java:1583)
10:54:20.864 [Thread-1] ERROR Orchestrator.Orchestrator -- Event queue was interrupted
java.lang.InterruptedException: null
	at EventBus.EventQueue.take(EventQueue.java:58)
	at Orchestrator.Orchestrator.start(Orchestrator.java:78)
	at Orchestrator.OrchestratorTests.lambda$runOrchestratorInThread$0(OrchestratorTests.java:71)
	at java.base/java.lang.Thread.run(Thread.java:1583)
10:54:20.864 [Thread-2] ERROR Orchestrator.Orchestrator -- Event queue was interrupted
java.lang.InterruptedException: null
	at EventBus.EventQueue.take(EventQueue.java:58)
	at Orchestrator.Orchestrator.start(Orchestrator.java:78)
	at Orchestrator.OrchestratorTests.lambda$runOrchestratorInThread$0(OrchestratorTests.java:71)
	at java.base/java.lang.Thread.run(Thread.java:1583)
10:54:20.864 [Thread-1] ERROR Orchestrator.Orchestrator -- Event queue was interrupted
java.lang.InterruptedException: null
	at EventBus.EventQueue.take(EventQueue.java:58)
	at Orchestrator.Orchestrator.start(Orchestrator.java:78)
	at Orchestrator.OrchestratorTests.lambda$runOrchestratorInThread$0(OrchestratorTests.java:71)
	at java.base/java.lang.Thread.run(Thread.java:1583)
10:54:20.864 [Thread-2] ERROR Orchestrator.Orchestrator -- Event queue was interrupted
java.lang.InterruptedException: null
	at EventBus.EventQueue.take(EventQueue.java:58)
	at Orchestrator.Orchestrator.start(Orchestrator.java:78)
	at Orchestrator.OrchestratorTests.lambda$runOrchestratorInThread$0(OrchestratorTests.java:71)
	at java.base/java.lang.Thread.run(Thread.java:1583)
10:54:20.864 [Thread-1] ERROR Orchestrator.Orchestrator -- Event queue was interrupted
java.lang.InterruptedException: null
	at EventBus.EventQueue.take(EventQueue.java:58)
	at Orchestrator.Orchestrator.start(Orchestrator.java:78)
	at Orchestrator.OrchestratorTests.lambda$runOrchestratorInThread$0(OrchestratorTests.java:71)
	at java.base/java.lang.Thread.run(Thread.java:1583)
10:54:20.864 [Thread-2] ERROR Orchestrator.Orchestrator -- Event queue was interrupted
java.lang.InterruptedException: null
	at EventBus.EventQueue.take(EventQueue.java:58)
	at Orchestrator.Orchestrator.start(Orchestrator.java:78)
	at Orchestrator.OrchestratorTests.lambda$runOrchestratorInThread$0(OrchestratorTests.java:71)
	at java.base/java.lang.Thread.run(Thread.java:1583)
10:54:20.864 [Thread-1] ERROR Orchestrator.Orchestrator -- Event queue was interrupted
java.lang.InterruptedException: null
	at EventBus.EventQueue.take(EventQueue.java:58)
	at Orchestrator.Orchestrator.start(Orchestrator.java:78)
	at Orchestrator.OrchestratorTests.lambda$runOrchestratorInThread$0(OrchestratorTests.java:71)
	at java.base/java.lang.Thread.run(Thread.java:1583)
10:54:20.864 [Thread-2] ERROR Orchestrator.Orchestrator -- Event queue was interrupted
java.lang.InterruptedException: null
	at EventBus.EventQueue.take(EventQueue.java:58)
	at Orchestrator.Orchestrator.start(Orchestrator.java:78)
	at Orchestrator.OrchestratorTests.lambda$runOrchestratorInThread$0(OrchestratorTests.java:71)
	at java.base/java.lang.Thread.run(Thread.java:1583)
10:54:20.865 [Thread-1] ERROR Orchestrator.Orchestrator -- Event queue was interrupted
java.lang.InterruptedException: null
	at EventBus.EventQueue.take(EventQueue.java:58)
	at Orchestrator.Orchestrator.start(Orchestrator.java:78)
	at Orchestrator.OrchestratorTests.lambda$runOrchestratorInThread$0(OrchestratorTests.java:71)
	at java.base/java.lang.Thread.run(Thread.java:1583)
10:54:20.865 [Thread-2] ERROR Orchestrator.Orchestrator -- Event queue was interrupted
java.lang.InterruptedException: null
	at EventBus.EventQueue.take(EventQueue.java:58)
	at Orchestrator.Orchestrator.start(Orchestrator.java:78)
	at Orchestrator.OrchestratorTests.lambda$runOrchestratorInThread$0(OrchestratorTests.java:71)
	at java.base/java.lang.Thread.run(Thread.java:1583)
10:54:20.865 [Thread-1] ERROR Orchestrator.Orchestrator -- Event queue was interrupted
java.lang.InterruptedException: null
	at EventBus.EventQueue.take(EventQueue.java:58)
	at Orchestrator.Orchestrator.start(Orchestrator.java:78)
	at Orchestrator.OrchestratorTests.lambda$runOrchestratorInThread$0(OrchestratorTests.java:71)
	at java.base/java.lang.Thread.run(Thread.java:1583)
10:54:20.865 [Thread-2] ERROR Orchestrator.Orchestrator -- Event queue was interrupted
java.lang.InterruptedException: null
	at EventBus.EventQueue.take(EventQueue.java:58)
	at Orchestrator.Orchestrator.start(Orchestrator.java:78)
	at Orchestrator.OrchestratorTests.lambda$runOrchestratorInThread$0(OrchestratorTests.java:71)
	at java.base/java.lang.Thread.run(Thread.java:1583)
10:54:20.865 [Thread-1] ERROR Orchestrator.Orchestrator -- Event queue was interrupted
java.lang.InterruptedException: null
	at EventBus.EventQueue.take(EventQueue.java:58)
	at Orchestrator.Orchestrator.start(Orchestrator.java:78)
	at Orchestrator.OrchestratorTests.lambda$runOrchestratorInThread$0(OrchestratorTests.java:71)
	at java.base/java.lang.Thread.run(Thread.java:1583)
10:54:20.865 [Thread-2] ERROR Orchestrator.Orchestrator -- Event queue was interrupted
java.lang.InterruptedException: null
	at EventBus.EventQueue.take(EventQueue.java:58)
	at Orchestrator.Orchestrator.start(Orchestrator.java:78)
	at Orchestrator.OrchestratorTests.lambda$runOrchestratorInThread$0(OrchestratorTests.java:71)
	at java.base/java.lang.Thread.run(Thread.java:1583)
10:54:20.865 [Thread-1] ERROR Orchestrator.Orchestrator -- Event queue was interrupted
java.lang.InterruptedException: null
	at EventBus.EventQueue.take(EventQueue.java:58)
	at Orchestrator.Orchestrator.start(Orchestrator.java:78)
	at Orchestrator.OrchestratorTests.lambda$runOrchestratorInThread$0(OrchestratorTests.java:71)
	at java.base/java.lang.Thread.run(Thread.java:1583)
10:54:20.865 [Thread-2] ERROR Orchestrator.Orchestrator -- Event queue was interrupted
java.lang.InterruptedException: null
	at EventBus.EventQueue.take(EventQueue.java:58)
	at Orchestrator.Orchestrator.start(Orchestrator.java:78)
	at Orchestrator.OrchestratorTests.lambda$runOrchestratorInThread$0(OrchestratorTests.java:71)
	at java.base/java.lang.Thread.run(Thread.java:1583)
10:54:20.865 [Thread-1] ERROR Orchestrator.Orchestrator -- Event queue was interrupted
java.lang.InterruptedException: null
	at EventBus.EventQueue.take(EventQueue.java:58)
	at Orchestrator.Orchestrator.start(Orchestrator.java:78)
	at Orchestrator.OrchestratorTests.lambda$runOrchestratorInThread$0(OrchestratorTests.java:71)
	at java.base/java.lang.Thread.run(Thread.java:1583)
10:54:20.865 [Thread-2] ERROR Orchestrator.Orchestrator -- Event queue was interrupted
java.lang.InterruptedException: null
	at EventBus.EventQueue.take(EventQueue.java:58)
	at Orchestrator.Orchestrator.start(Orchestrator.java:78)
	at Orchestrator.OrchestratorTests.lambda$runOrchestratorInThread$0(OrchestratorTests.java:71)
	at java.base/java.lang.Thread.run(Thread.java:1583)
10:54:20.865 [Thread-1] ERROR Orchestrator.Orchestrator -- Event queue was interrupted
java.lang.InterruptedException: null
	at EventBus.EventQueue.take(EventQueue.java:58)
	at Orchestrator.Orchestrator.start(Orchestrator.java:78)
	at Orchestrator.OrchestratorTests.lambda$runOrchestratorInThread$0(OrchestratorTests.java:71)
	at java.base/java.lang.Thread.run(Thread.java:1583)
10:54:20.865 [Thread-2] ERROR Orchestrator.Orchestrator -- Event queue was interrupted
java.lang.InterruptedException: null
	at EventBus.EventQueue.take(EventQueue.java:58)
	at Orchestrator.Orchestrator.start(Orchestrator.java:78)
	at Orchestrator.OrchestratorTests.lambda$runOrchestratorInThread$0(OrchestratorTests.java:71)
	at java.base/java.lang.Thread.run(Thread.java:1583)
10:54:20.865 [Thread-1] ERROR Orchestrator.Orchestrator -- Event queue was interrupted
java.lang.InterruptedException: null
	at EventBus.EventQueue.take(EventQueue.java:58)
	at Orchestrator.Orchestrator.start(Orchestrator.java:78)
	at Orchestrator.OrchestratorTests.lambda$runOrchestratorInThread$0(OrchestratorTests.java:71)
	at java.base/java.lang.Thread.run(Thread.java:1583)
10:54:20.865 [Thread-2] ERROR Orchestrator.Orchestrator -- Event queue was interrupted
java.lang.InterruptedException: null
	at EventBus.EventQueue.take(EventQueue.java:58)
	at Orchestrator.Orchestrator.start(Orchestrator.java:78)
	at Orchestrator.OrchestratorTests.lambda$runOrchestratorInThread$0(OrchestratorTests.java:71)
	at java.base/java.lang.Thread.run(Thread.java:1583)
10:54:20.865 [Thread-1] ERROR Orchestrator.Orchestrator -- Event queue was interrupted
java.lang.InterruptedException: null
	at EventBus.EventQueue.take(EventQueue.java:58)
	at Orchestrator.Orchestrator.start(Orchestrator.java:78)
	at Orchestrator.OrchestratorTests.lambda$runOrchestratorInThread$0(OrchestratorTests.java:71)
	at java.base/java.lang.Thread.run(Thread.java:1583)
10:54:20.865 [Thread-2] ERROR Orchestrator.Orchestrator -- Event queue was interrupted
java.lang.InterruptedException: null
	at EventBus.EventQueue.take(EventQueue.java:58)
	at Orchestrator.Orchestrator.start(Orchestrator.java:78)
	at Orchestrator.OrchestratorTests.lambda$runOrchestratorInThread$0(OrchestratorTests.java:71)
	at java.base/java.lang.Thread.run(Thread.java:1583)
10:54:20.865 [Thread-1] ERROR Orchestrator.Orchestrator -- Event queue was interrupted
java.lang.InterruptedException: null
	at EventBus.EventQueue.take(EventQueue.java:58)
	at Orchestrator.Orchestrator.start(Orchestrator.java:78)
	at Orchestrator.OrchestratorTests.lambda$runOrchestratorInThread$0(OrchestratorTests.java:71)
	at java.base/java.lang.Thread.run(Thread.java:1583)
10:54:20.865 [Thread-2] ERROR Orchestrator.Orchestrator -- Event queue was interrupted
java.lang.InterruptedException: null
	at EventBus.EventQueue.take(EventQueue.java:58)
	at Orchestrator.Orchestrator.start(Orchestrator.java:78)
	at Orchestrator.OrchestratorTests.lambda$runOrchestratorInThread$0(OrchestratorTests.java:71)
	at java.base/java.lang.Thread.run(Thread.java:1583)
10:54:20.865 [Thread-1] ERROR Orchestrator.Orchestrator -- Event queue was interrupted
java.lang.InterruptedException: null
	at EventBus.EventQueue.take(EventQueue.java:58)
	at Orchestrator.Orchestrator.start(Orchestrator.java:78)
	at Orchestrator.OrchestratorTests.lambda$runOrchestratorInThread$0(OrchestratorTests.java:71)
	at java.base/java.lang.Thread.run(Thread.java:1583)
10:54:20.865 [Thread-2] ERROR Orchestrator.Orchestrator -- Event queue was interrupted
java.lang.InterruptedException: null
	at EventBus.EventQueue.take(EventQueue.java:58)
	at Orchestrator.Orchestrator.start(Orchestrator.java:78)
	at Orchestrator.OrchestratorTests.lambda$runOrchestratorInThread$0(OrchestratorTests.java:71)
	at java.base/java.lang.Thread.run(Thread.java:1583)
10:54:20.865 [Thread-1] ERROR Orchestrator.Orchestrator -- Event queue was interrupted
java.lang.InterruptedException: null
	at EventBus.EventQueue.take(EventQueue.java:58)
	at Orchestrator.Orchestrator.start(Orchestrator.java:78)
	at Orchestrator.OrchestratorTests.lambda$runOrchestratorInThread$0(OrchestratorTests.java:71)
	at java.base/java.lang.Thread.run(Thread.java:1583)
10:54:20.865 [Thread-2] ERROR Orchestrator.Orchestrator -- Event queue was interrupted
java.lang.InterruptedException: null
	at EventBus.EventQueue.take(EventQueue.java:58)
	at Orchestrator.Orchestrator.start(Orchestrator.java:78)
	at Orchestrator.OrchestratorTests.lambda$runOrchestratorInThread$0(OrchestratorTests.java:71)
	at java.base/java.lang.Thread.run(Thread.java:1583)
10:54:20.865 [Thread-1] ERROR Orchestrator.Orchestrator -- Event queue was interrupted
java.lang.InterruptedException: null
	at EventBus.EventQueue.take(EventQueue.java:58)
	at Orchestrator.Orchestrator.start(Orchestrator.java:78)
	at Orchestrator.OrchestratorTests.lambda$runOrchestratorInThread$0(OrchestratorTests.java:71)
	at java.base/java.lang.Thread.run(Thread.java:1583)
10:54:20.865 [Thread-2] ERROR Orchestrator.Orchestrator -- Event queue was interrupted
java.lang.InterruptedException: null
	at EventBus.EventQueue.take(EventQueue.java:58)
	at Orchestrator.Orchestrator.start(Orchestrator.java:78)
	at Orchestrator.OrchestratorTests.lambda$runOrchestratorInThread$0(OrchestratorTests.java:71)
	at java.base/java.lang.Thread.run(Thread.java:1583)
10:54:20.865 [Thread-1] ERROR Orchestrator.Orchestrator -- Event queue was interrupted
java.lang.InterruptedException: null
	at EventBus.EventQueue.take(EventQueue.java:58)
	at Orchestrator.Orchestrator.start(Orchestrator.java:78)
	at Orchestrator.OrchestratorTests.lambda$runOrchestratorInThread$0(OrchestratorTests.java:71)
	at java.base/java.lang.Thread.run(Thread.java:1583)
10:54:20.865 [Thread-2] ERROR Orchestrator.Orchestrator -- Event queue was interrupted
java.lang.InterruptedException: null
	at EventBus.EventQueue.take(EventQueue.java:58)
	at Orchestrator.Orchestrator.start(Orchestrator.java:78)
	at Orchestrator.OrchestratorTests.lambda$runOrchestratorInThread$0(OrchestratorTests.java:71)
	at java.base/java.lang.Thread.run(Thread.java:1583)
10:54:20.866 [Thread-1] ERROR Orchestrator.Orchestrator -- Event queue was interrupted
java.lang.InterruptedException: null
	at EventBus.EventQueue.take(EventQueue.java:58)
	at Orchestrator.Orchestrator.start(Orchestrator.java:78)
	at Orchestrator.OrchestratorTests.lambda$runOrchestratorInThread$0(OrchestratorTests.java:71)
	at java.base/java.lang.Thread.run(Thread.java:1583)
10:54:20.866 [Thread-2] ERROR Orchestrator.Orchestrator -- Event queue was interrupted
java.lang.InterruptedException: null
	at EventBus.EventQueue.take(EventQueue.java:58)
	at Orchestrator.Orchestrator.start(Orchestrator.java:78)
	at Orchestrator.OrchestratorTests.lambda$runOrchestratorInThread$0(OrchestratorTests.java:71)
	at java.base/java.lang.Thread.run(Thread.java:1583)
10:54:20.866 [Thread-1] ERROR Orchestrator.Orchestrator -- Event queue was interrupted
java.lang.InterruptedException: null
	at EventBus.EventQueue.take(EventQueue.java:58)
	at Orchestrator.Orchestrator.start(Orchestrator.java:78)
	at Orchestrator.OrchestratorTests.lambda$runOrchestratorInThread$0(OrchestratorTests.java:71)
	at java.base/java.lang.Thread.run(Thread.java:1583)
10:54:20.866 [Thread-2] ERROR Orchestrator.Orchestrator -- Event queue was interrupted
java.lang.InterruptedException: null
	at EventBus.EventQueue.take(EventQueue.java:58)
	at Orchestrator.Orchestrator.start(Orchestrator.java:78)
	at Orchestrator.OrchestratorTests.lambda$runOrchestratorInThread$0(OrchestratorTests.java:71)
	at java.base/java.lang.Thread.run(Thread.java:1583)
10:54:20.866 [Thread-1] ERROR Orchestrator.Orchestrator -- Event queue was interrupted
java.lang.InterruptedException: null
	at EventBus.EventQueue.take(EventQueue.java:58)
	at Orchestrator.Orchestrator.start(Orchestrator.java:78)
	at Orchestrator.OrchestratorTests.lambda$runOrchestratorInThread$0(OrchestratorTests.java:71)
	at java.base/java.lang.Thread.run(Thread.java:1583)
10:54:20.866 [Thread-2] ERROR Orchestrator.Orchestrator -- Event queue was interrupted
java.lang.InterruptedException: null
	at EventBus.EventQueue.take(EventQueue.java:58)
	at Orchestrator.Orchestrator.start(Orchestrator.java:78)
	at Orchestrator.OrchestratorTests.lambda$runOrchestratorInThread$0(OrchestratorTests.java:71)
	at java.base/java.lang.Thread.run(Thread.java:1583)
10:54:20.866 [Thread-1] ERROR Orchestrator.Orchestrator -- Event queue was interrupted
java.lang.InterruptedException: null
	at EventBus.EventQueue.take(EventQueue.java:58)
	at Orchestrator.Orchestrator.start(Orchestrator.java:78)
	at Orchestrator.OrchestratorTests.lambda$runOrchestratorInThread$0(OrchestratorTests.java:71)
	at java.base/java.lang.Thread.run(Thread.java:1583)
10:54:20.866 [Thread-2] ERROR Orchestrator.Orchestrator -- Event queue was interrupted
java.lang.InterruptedException: null
	at EventBus.EventQueue.take(EventQueue.java:58)
	at Orchestrator.Orchestrator.start(Orchestrator.java:78)
	at Orchestrator.OrchestratorTests.lambda$runOrchestratorInThread$0(OrchestratorTests.java:71)
	at java.base/java.lang.Thread.run(Thread.java:1583)
10:54:20.866 [Thread-2] ERROR Orchestrator.Orchestrator -- Event queue was interrupted
java.lang.InterruptedException: null
	at EventBus.EventQueue.take(EventQueue.java:58)
	at Orchestrator.Orchestrator.start(Orchestrator.java:78)
	at Orchestrator.OrchestratorTests.lambda$runOrchestratorInThread$0(OrchestratorTests.java:71)
	at java.base/java.lang.Thread.run(Thread.java:1583)
10:54:20.866 [Thread-1] ERROR Orchestrator.Orchestrator -- Event queue was interrupted
java.lang.InterruptedException: null
	at EventBus.EventQueue.take(EventQueue.java:58)
	at Orchestrator.Orchestrator.start(Orchestrator.java:78)
	at Orchestrator.OrchestratorTests.lambda$runOrchestratorInThread$0(OrchestratorTests.java:71)
	at java.base/java.lang.Thread.run(Thread.java:1583)
10:54:20.866 [Thread-2] ERROR Orchestrator.Orchestrator -- Event queue was interrupted
java.lang.InterruptedException: null
	at EventBus.EventQueue.take(EventQueue.java:58)
	at Orchestrator.Orchestrator.start(Orchestrator.java:78)
	at Orchestrator.OrchestratorTests.lambda$runOrchestratorInThread$0(OrchestratorTests.java:71)
	at java.base/java.lang.Thread.run(Thread.java:1583)
10:54:20.866 [Thread-1] ERROR Orchestrator.Orchestrator -- Event queue was interrupted
java.lang.InterruptedException: null
	at EventBus.EventQueue.take(EventQueue.java:58)
	at Orchestrator.Orchestrator.start(Orchestrator.java:78)
	at Orchestrator.OrchestratorTests.lambda$runOrchestratorInThread$0(OrchestratorTests.java:71)
	at java.base/java.lang.Thread.run(Thread.java:1583)
10:54:20.866 [Thread-2] ERROR Orchestrator.Orchestrator -- Event queue was interrupted
java.lang.InterruptedException: null
	at EventBus.EventQueue.take(EventQueue.java:58)
	at Orchestrator.Orchestrator.start(Orchestrator.java:78)
	at Orchestrator.OrchestratorTests.lambda$runOrchestratorInThread$0(OrchestratorTests.java:71)
	at java.base/java.lang.Thread.run(Thread.java:1583)
10:54:20.866 [Thread-1] ERROR Orchestrator.Orchestrator -- Event queue was interrupted
java.lang.InterruptedException: null
	at EventBus.EventQueue.take(EventQueue.java:58)
	at Orchestrator.Orchestrator.start(Orchestrator.java:78)
	at Orchestrator.OrchestratorTests.lambda$runOrchestratorInThread$0(OrchestratorTests.java:71)
	at java.base/java.lang.Thread.run(Thread.java:1583)
10:54:20.866 [Thread-2] ERROR Orchestrator.Orchestrator -- Event queue was interrupted
java.lang.InterruptedException: null
	at EventBus.EventQueue.take(EventQueue.java:58)
	at Orchestrator.Orchestrator.start(Orchestrator.java:78)
	at Orchestrator.OrchestratorTests.lambda$runOrchestratorInThread$0(OrchestratorTests.java:71)
	at java.base/java.lang.Thread.run(Thread.java:1583)
10:54:20.866 [Thread-1] ERROR Orchestrator.Orchestrator -- Event queue was interrupted
java.lang.InterruptedException: null
	at EventBus.EventQueue.take(EventQueue.java:58)
	at Orchestrator.Orchestrator.start(Orchestrator.java:78)
	at Orchestrator.OrchestratorTests.lambda$runOrchestratorInThread$0(OrchestratorTests.java:71)
	at java.base/java.lang.Thread.run(Thread.java:1583)
10:54:20.866 [Thread-2] ERROR Orchestrator.Orchestrator -- Event queue was interrupted
java.lang.InterruptedException: null
	at EventBus.EventQueue.take(EventQueue.java:58)
	at Orchestrator.Orchestrator.start(Orchestrator.java:78)
	at Orchestrator.OrchestratorTests.lambda$runOrchestratorInThread$0(OrchestratorTests.java:71)
	at java.base/java.lang.Thread.run(Thread.java:1583)
10:54:20.866 [Thread-1] ERROR Orchestrator.Orchestrator -- Event queue was interrupted
java.lang.InterruptedException: null
	at EventBus.EventQueue.take(EventQueue.java:58)
	at Orchestrator.Orchestrator.start(Orchestrator.java:78)
	at Orchestrator.OrchestratorTests.lambda$runOrchestratorInThread$0(OrchestratorTests.java:71)
	at java.base/java.lang.Thread.run(Thread.java:1583)
10:54:20.866 [Thread-2] ERROR Orchestrator.Orchestrator -- Event queue was interrupted
java.lang.InterruptedException: null
	at EventBus.EventQueue.take(EventQueue.java:58)
	at Orchestrator.Orchestrator.start(Orchestrator.java:78)
	at Orchestrator.OrchestratorTests.lambda$runOrchestratorInThread$0(OrchestratorTests.java:71)
	at java.base/java.lang.Thread.run(Thread.java:1583)
10:54:20.866 [Thread-1] ERROR Orchestrator.Orchestrator -- Event queue was interrupted
java.lang.InterruptedException: null
	at EventBus.EventQueue.take(EventQueue.java:58)
	at Orchestrator.Orchestrator.start(Orchestrator.java:78)
	at Orchestrator.OrchestratorTests.lambda$runOrchestratorInThread$0(OrchestratorTests.java:71)
	at java.base/java.lang.Thread.run(Thread.java:1583)
10:54:20.866 [Thread-2] ERROR Orchestrator.Orchestrator -- Event queue was interrupted
java.lang.InterruptedException: null
	at EventBus.EventQueue.take(EventQueue.java:58)
	at Orchestrator.Orchestrator.start(Orchestrator.java:78)
	at Orchestrator.OrchestratorTests.lambda$runOrchestratorInThread$0(OrchestratorTests.java:71)
	at java.base/java.lang.Thread.run(Thread.java:1583)
10:54:20.866 [Thread-1] ERROR Orchestrator.Orchestrator -- Event queue was interrupted
java.lang.InterruptedException: null
	at EventBus.EventQueue.take(EventQueue.java:58)
	at Orchestrator.Orchestrator.start(Orchestrator.java:78)
	at Orchestrator.OrchestratorTests.lambda$runOrchestratorInThread$0(OrchestratorTests.java:71)
	at java.base/java.lang.Thread.run(Thread.java:1583)
10:54:20.866 [Thread-2] ERROR Orchestrator.Orchestrator -- Event queue was interrupted
java.lang.InterruptedException: null
	at EventBus.EventQueue.take(EventQueue.java:58)
	at Orchestrator.Orchestrator.start(Orchestrator.java:78)
	at Orchestrator.OrchestratorTests.lambda$runOrchestratorInThread$0(OrchestratorTests.java:71)
	at java.base/java.lang.Thread.run(Thread.java:1583)
10:54:20.867 [Thread-2] ERROR Orchestrator.Orchestrator -- Event queue was interrupted
java.lang.InterruptedException: null
	at EventBus.EventQueue.take(EventQueue.java:58)
	at Orchestrator.Orchestrator.start(Orchestrator.java:78)
	at Orchestrator.OrchestratorTests.lambda$runOrchestratorInThread$0(OrchestratorTests.java:71)
	at java.base/java.lang.Thread.run(Thread.java:1583)
10:54:20.867 [Thread-2] ERROR Orchestrator.Orchestrator -- Event queue was interrupted
java.lang.InterruptedException: null
	at EventBus.EventQueue.take(EventQueue.java:58)
	at Orchestrator.Orchestrator.start(Orchestrator.java:78)
	at Orchestrator.OrchestratorTests.lambda$runOrchestratorInThread$0(OrchestratorTests.java:71)
	at java.base/java.lang.Thread.run(Thread.java:1583)
10:54:20.867 [Thread-2] ERROR Orchestrator.Orchestrator -- Event queue was interrupted
java.lang.InterruptedException: null
	at EventBus.EventQueue.take(EventQueue.java:58)
	at Orchestrator.Orchestrator.start(Orchestrator.java:78)
	at Orchestrator.OrchestratorTests.lambda$runOrchestratorInThread$0(OrchestratorTests.java:71)
	at java.base/java.lang.Thread.run(Thread.java:1583)
10:54:20.867 [Thread-2] ERROR Orchestrator.Orchestrator -- Event queue was interrupted
java.lang.InterruptedException: null
	at EventBus.EventQueue.take(EventQueue.java:58)
	at Orchestrator.Orchestrator.start(Orchestrator.java:78)
	at Orchestrator.OrchestratorTests.lambda$runOrchestratorInThread$0(OrchestratorTests.java:71)
	at java.base/java.lang.Thread.run(Thread.java:1583)
10:54:20.867 [Thread-2] ERROR Orchestrator.Orchestrator -- Event queue was interrupted
java.lang.InterruptedException: null
	at EventBus.EventQueue.take(EventQueue.java:58)
	at Orchestrator.Orchestrator.start(Orchestrator.java:78)
	at Orchestrator.OrchestratorTests.lambda$runOrchestratorInThread$0(OrchestratorTests.java:71)
	at java.base/java.lang.Thread.run(Thread.java:1583)
10:54:20.867 [Thread-2] ERROR Orchestrator.Orchestrator -- Event queue was interrupted
java.lang.InterruptedException: null
	at EventBus.EventQueue.take(EventQueue.java:58)
	at Orchestrator.Orchestrator.start(Orchestrator.java:78)
	at Orchestrator.OrchestratorTests.lambda$runOrchestratorInThread$0(OrchestratorTests.java:71)
	at java.base/java.lang.Thread.run(Thread.java:1583)
10:54:20.867 [Thread-2] ERROR Orchestrator.Orchestrator -- Event queue was interrupted
java.lang.InterruptedException: null
	at EventBus.EventQueue.take(EventQueue.java:58)
	at Orchestrator.Orchestrator.start(Orchestrator.java:78)
	at Orchestrator.OrchestratorTests.lambda$runOrchestratorInThread$0(OrchestratorTests.java:71)
	at java.base/java.lang.Thread.run(Thread.java:1583)
10:54:20.867 [Thread-2] ERROR Orchestrator.Orchestrator -- Event queue was interrupted
java.lang.InterruptedException: null
	at EventBus.EventQueue.take(EventQueue.java:58)
	at Orchestrator.Orchestrator.start(Orchestrator.java:78)
	at Orchestrator.OrchestratorTests.lambda$runOrchestratorInThread$0(OrchestratorTests.java:71)
	at java.base/java.lang.Thread.run(Thread.java:1583)
10:54:20.867 [Thread-2] ERROR Orchestrator.Orchestrator -- Event queue was interrupted
java.lang.InterruptedException: null
	at EventBus.EventQueue.take(EventQueue.java:58)
	at Orchestrator.Orchestrator.start(Orchestrator.java:78)
	at Orchestrator.OrchestratorTests.lambda$runOrchestratorInThread$0(OrchestratorTests.java:71)
	at java.base/java.lang.Thread.run(Thread.java:1583)
10:54:20.867 [Thread-2] ERROR Orchestrator.Orchestrator -- Event queue was interrupted
java.lang.InterruptedException: null
	at EventBus.EventQueue.take(EventQueue.java:58)
	at Orchestrator.Orchestrator.start(Orchestrator.java:78)
	at Orchestrator.OrchestratorTests.lambda$runOrchestratorInThread$0(OrchestratorTests.java:71)
	at java.base/java.lang.Thread.run(Thread.java:1583)
10:54:20.867 [Thread-2] ERROR Orchestrator.Orchestrator -- Event queue was interrupted
java.lang.InterruptedException: null
	at EventBus.EventQueue.take(EventQueue.java:58)
	at Orchestrator.Orchestrator.start(Orchestrator.java:78)
	at Orchestrator.OrchestratorTests.lambda$runOrchestratorInThread$0(OrchestratorTests.java:71)
	at java.base/java.lang.Thread.run(Thread.java:1583)
10:54:20.867 [Thread-2] ERROR Orchestrator.Orchestrator -- Event queue was interrupted
java.lang.InterruptedException: null
	at EventBus.EventQueue.take(EventQueue.java:58)
	at Orchestrator.Orchestrator.start(Orchestrator.java:78)
	at Orchestrator.OrchestratorTests.lambda$runOrchestratorInThread$0(OrchestratorTests.java:71)
	at java.base/java.lang.Thread.run(Thread.java:1583)
10:54:20.867 [Thread-2] ERROR Orchestrator.Orchestrator -- Event queue was interrupted
java.lang.InterruptedException: null
	at EventBus.EventQueue.take(EventQueue.java:58)
	at Orchestrator.Orchestrator.start(Orchestrator.java:78)
	at Orchestrator.OrchestratorTests.lambda$runOrchestratorInThread$0(OrchestratorTests.java:71)
	at java.base/java.lang.Thread.run(Thread.java:1583)
10:54:20.867 [Thread-2] ERROR Orchestrator.Orchestrator -- Event queue was interrupted
java.lang.InterruptedException: null
	at EventBus.EventQueue.take(EventQueue.java:58)
	at Orchestrator.Orchestrator.start(Orchestrator.java:78)
	at Orchestrator.OrchestratorTests.lambda$runOrchestratorInThread$0(OrchestratorTests.java:71)
	at java.base/java.lang.Thread.run(Thread.java:1583)
10:54:20.867 [Thread-2] ERROR Orchestrator.Orchestrator -- Event queue was interrupted
java.lang.InterruptedException: null
	at EventBus.EventQueue.take(EventQueue.java:58)
	at Orchestrator.Orchestrator.start(Orchestrator.java:78)
	at Orchestrator.OrchestratorTests.lambda$runOrchestratorInThread$0(OrchestratorTests.java:71)
	at java.base/java.lang.Thread.run(Thread.java:1583)
10:54:20.868 [Thread-2] ERROR Orchestrator.Orchestrator -- Event queue was interrupted
java.lang.InterruptedException: null
	at EventBus.EventQueue.take(EventQueue.java:58)
	at Orchestrator.Orchestrator.start(Orchestrator.java:78)
	at Orchestrator.OrchestratorTests.lambda$runOrchestratorInThread$0(OrchestratorTests.java:71)
	at java.base/java.lang.Thread.run(Thread.java:1583)
10:54:20.868 [Thread-2] ERROR Orchestrator.Orchestrator -- Event queue was interrupted
java.lang.InterruptedException: null
	at EventBus.EventQueue.take(EventQueue.java:58)
	at Orchestrator.Orchestrator.start(Orchestrator.java:78)
	at Orchestrator.OrchestratorTests.lambda$runOrchestratorInThread$0(OrchestratorTests.java:71)
	at java.base/java.lang.Thread.run(Thread.java:1583)
10:54:20.868 [Thread-2] ERROR Orchestrator.Orchestrator -- Event queue was interrupted
java.lang.InterruptedException: null
	at EventBus.EventQueue.take(EventQueue.java:58)
	at Orchestrator.Orchestrator.start(Orchestrator.java:78)
	at Orchestrator.OrchestratorTests.lambda$runOrchestratorInThread$0(OrchestratorTests.java:71)
	at java.base/java.lang.Thread.run(Thread.java:1583)
10:54:20.868 [Thread-2] ERROR Orchestrator.Orchestrator -- Event queue was interrupted
java.lang.InterruptedException: null
	at EventBus.EventQueue.take(EventQueue.java:58)
	at Orchestrator.Orchestrator.start(Orchestrator.java:78)
	at Orchestrator.OrchestratorTests.lambda$runOrchestratorInThread$0(OrchestratorTests.java:71)
	at java.base/java.lang.Thread.run(Thread.java:1583)
10:54:20.868 [Thread-2] ERROR Orchestrator.Orchestrator -- Event queue was interrupted
java.lang.InterruptedException: null
	at EventBus.EventQueue.take(EventQueue.java:58)
	at Orchestrator.Orchestrator.start(Orchestrator.java:78)
	at Orchestrator.OrchestratorTests.lambda$runOrchestratorInThread$0(OrchestratorTests.java:71)
	at java.base/java.lang.Thread.run(Thread.java:1583)
10:54:20.868 [Thread-2] ERROR Orchestrator.Orchestrator -- Event queue was interrupted
java.lang.InterruptedException: null
	at EventBus.EventQueue.take(EventQueue.java:58)
	at Orchestrator.Orchestrator.start(Orchestrator.java:78)
	at Orchestrator.OrchestratorTests.lambda$runOrchestratorInThread$0(OrchestratorTests.java:71)
	at java.base/java.lang.Thread.run(Thread.java:1583)
10:54:20.868 [Thread-2] ERROR Orchestrator.Orchestrator -- Event queue was interrupted
java.lang.InterruptedException: null
	at EventBus.EventQueue.take(EventQueue.java:58)
	at Orchestrator.Orchestrator.start(Orchestrator.java:78)
	at Orchestrator.OrchestratorTests.lambda$runOrchestratorInThread$0(OrchestratorTests.java:71)
	at java.base/java.lang.Thread.run(Thread.java:1583)
10:54:20.868 [Thread-2] ERROR Orchestrator.Orchestrator -- Event queue was interrupted
java.lang.InterruptedException: null
	at EventBus.EventQueue.take(EventQueue.java:58)
	at Orchestrator.Orchestrator.start(Orchestrator.java:78)
	at Orchestrator.OrchestratorTests.lambda$runOrchestratorInThread$0(OrchestratorTests.java:71)
	at java.base/java.lang.Thread.run(Thread.java:1583)
10:54:20.868 [Thread-2] ERROR Orchestrator.Orchestrator -- Event queue was interrupted
java.lang.InterruptedException: null
	at EventBus.EventQueue.take(EventQueue.java:58)
	at Orchestrator.Orchestrator.start(Orchestrator.java:78)
	at Orchestrator.OrchestratorTests.lambda$runOrchestratorInThread$0(OrchestratorTests.java:71)
	at java.base/java.lang.Thread.run(Thread.java:1583)
10:54:20.868 [Thread-2] ERROR Orchestrator.Orchestrator -- Event queue was interrupted
java.lang.InterruptedException: null
	at EventBus.EventQueue.take(EventQueue.java:58)
	at Orchestrator.Orchestrator.start(Orchestrator.java:78)
	at Orchestrator.OrchestratorTests.lambda$runOrchestratorInThread$0(OrchestratorTests.java:71)
	at java.base/java.lang.Thread.run(Thread.java:1583)
10:54:20.868 [Thread-2] ERROR Orchestrator.Orchestrator -- Event queue was interrupted
java.lang.InterruptedException: null
	at EventBus.EventQueue.take(EventQueue.java:58)
	at Orchestrator.Orchestrator.start(Orchestrator.java:78)
	at Orchestrator.OrchestratorTests.lambda$runOrchestratorInThread$0(OrchestratorTests.java:71)
	at java.base/java.lang.Thread.run(Thread.java:1583)
10:54:20.868 [Thread-2] ERROR Orchestrator.Orchestrator -- Event queue was interrupted
java.lang.InterruptedException: null
	at EventBus.EventQueue.take(EventQueue.java:58)
	at Orchestrator.Orchestrator.start(Orchestrator.java:78)
	at Orchestrator.OrchestratorTests.lambda$runOrchestratorInThread$0(OrchestratorTests.java:71)
	at java.base/java.lang.Thread.run(Thread.java:1583)
10:54:20.868 [Thread-1] ERROR Orchestrator.Orchestrator -- Event queue was interrupted
java.lang.InterruptedException: null
	at EventBus.EventQueue.take(EventQueue.java:58)
	at Orchestrator.Orchestrator.start(Orchestrator.java:78)
	at Orchestrator.OrchestratorTests.lambda$runOrchestratorInThread$0(OrchestratorTests.java:71)
	at java.base/java.lang.Thread.run(Thread.java:1583)
10:54:20.868 [Thread-2] ERROR Orchestrator.Orchestrator -- Event queue was interrupted
java.lang.InterruptedException: null
	at EventBus.EventQueue.take(EventQueue.java:58)
	at Orchestrator.Orchestrator.start(Orchestrator.java:78)
	at Orchestrator.OrchestratorTests.lambda$runOrchestratorInThread$0(OrchestratorTests.java:71)
	at java.base/java.lang.Thread.run(Thread.java:1583)
10:54:20.868 [Thread-1] ERROR Orchestrator.Orchestrator -- Event queue was interrupted
java.lang.InterruptedException: null
	at EventBus.EventQueue.take(EventQueue.java:58)
	at Orchestrator.Orchestrator.start(Orchestrator.java:78)
	at Orchestrator.OrchestratorTests.lambda$runOrchestratorInThread$0(OrchestratorTests.java:71)
	at java.base/java.lang.Thread.run(Thread.java:1583)
10:54:20.868 [Thread-2] ERROR Orchestrator.Orchestrator -- Event queue was interrupted
java.lang.InterruptedException: null
	at EventBus.EventQueue.take(EventQueue.java:58)
	at Orchestrator.Orchestrator.start(Orchestrator.java:78)
	at Orchestrator.OrchestratorTests.lambda$runOrchestratorInThread$0(OrchestratorTests.java:71)
	at java.base/java.lang.Thread.run(Thread.java:1583)
10:54:20.868 [Thread-1] ERROR Orchestrator.Orchestrator -- Event queue was interrupted
java.lang.InterruptedException: null
	at EventBus.EventQueue.take(EventQueue.java:58)
	at Orchestrator.Orchestrator.start(Orchestrator.java:78)
	at Orchestrator.OrchestratorTests.lambda$runOrchestratorInThread$0(OrchestratorTests.java:71)
	at java.base/java.lang.Thread.run(Thread.java:1583)
10:54:20.869 [Thread-2] ERROR Orchestrator.Orchestrator -- Event queue was interrupted
java.lang.InterruptedException: null
	at EventBus.EventQueue.take(EventQueue.java:58)
	at Orchestrator.Orchestrator.start(Orchestrator.java:78)
	at Orchestrator.OrchestratorTests.lambda$runOrchestratorInThread$0(OrchestratorTests.java:71)
	at java.base/java.lang.Thread.run(Thread.java:1583)
10:54:20.869 [Thread-1] ERROR Orchestrator.Orchestrator -- Event queue was interrupted
java.lang.InterruptedException: null
	at EventBus.EventQueue.take(EventQueue.java:58)
	at Orchestrator.Orchestrator.start(Orchestrator.java:78)
	at Orchestrator.OrchestratorTests.lambda$runOrchestratorInThread$0(OrchestratorTests.java:71)
	at java.base/java.lang.Thread.run(Thread.java:1583)
10:54:20.869 [Thread-2] ERROR Orchestrator.Orchestrator -- Event queue was interrupted
java.lang.InterruptedException: null
	at EventBus.EventQueue.take(EventQueue.java:58)
	at Orchestrator.Orchestrator.start(Orchestrator.java:78)
	at Orchestrator.OrchestratorTests.lambda$runOrchestratorInThread$0(OrchestratorTests.java:71)
	at java.base/java.lang.Thread.run(Thread.java:1583)
10:54:20.869 [Thread-1] ERROR Orchestrator.Orchestrator -- Event queue was interrupted
java.lang.InterruptedException: null
	at EventBus.EventQueue.take(EventQueue.java:58)
	at Orchestrator.Orchestrator.start(Orchestrator.java:78)
	at Orchestrator.OrchestratorTests.lambda$runOrchestratorInThread$0(OrchestratorTests.java:71)
	at java.base/java.lang.Thread.run(Thread.java:1583)
10:54:20.869 [Thread-2] ERROR Orchestrator.Orchestrator -- Event queue was interrupted
java.lang.InterruptedException: null
	at EventBus.EventQueue.take(EventQueue.java:58)
	at Orchestrator.Orchestrator.start(Orchestrator.java:78)
	at Orchestrator.OrchestratorTests.lambda$runOrchestratorInThread$0(OrchestratorTests.java:71)
	at java.base/java.lang.Thread.run(Thread.java:1583)
10:54:20.869 [Thread-1] ERROR Orchestrator.Orchestrator -- Event queue was interrupted
java.lang.InterruptedException: null
	at EventBus.EventQueue.take(EventQueue.java:58)
	at Orchestrator.Orchestrator.start(Orchestrator.java:78)
	at Orchestrator.OrchestratorTests.lambda$runOrchestratorInThread$0(OrchestratorTests.java:71)
	at java.base/java.lang.Thread.run(Thread.java:1583)
10:54:20.869 [Thread-2] ERROR Orchestrator.Orchestrator -- Event queue was interrupted
java.lang.InterruptedException: null
	at EventBus.EventQueue.take(EventQueue.java:58)
	at Orchestrator.Orchestrator.start(Orchestrator.java:78)
	at Orchestrator.OrchestratorTests.lambda$runOrchestratorInThread$0(OrchestratorTests.java:71)
	at java.base/java.lang.Thread.run(Thread.java:1583)
10:54:20.869 [Thread-1] ERROR Orchestrator.Orchestrator -- Event queue was interrupted
java.lang.InterruptedException: null
	at EventBus.EventQueue.take(EventQueue.java:58)
	at Orchestrator.Orchestrator.start(Orchestrator.java:78)
	at Orchestrator.OrchestratorTests.lambda$runOrchestratorInThread$0(OrchestratorTests.java:71)
	at java.base/java.lang.Thread.run(Thread.java:1583)
10:54:20.869 [Thread-2] ERROR Orchestrator.Orchestrator -- Event queue was interrupted
java.lang.InterruptedException: null
	at EventBus.EventQueue.take(EventQueue.java:58)
	at Orchestrator.Orchestrator.start(Orchestrator.java:78)
	at Orchestrator.OrchestratorTests.lambda$runOrchestratorInThread$0(OrchestratorTests.java:71)
	at java.base/java.lang.Thread.run(Thread.java:1583)
10:54:20.869 [Thread-1] ERROR Orchestrator.Orchestrator -- Event queue was interrupted
java.lang.InterruptedException: null
	at EventBus.EventQueue.take(EventQueue.java:58)
	at Orchestrator.Orchestrator.start(Orchestrator.java:78)
	at Orchestrator.OrchestratorTests.lambda$runOrchestratorInThread$0(OrchestratorTests.java:71)
	at java.base/java.lang.Thread.run(Thread.java:1583)
10:54:20.869 [Thread-2] ERROR Orchestrator.Orchestrator -- Event queue was interrupted
java.lang.InterruptedException: null
	at EventBus.EventQueue.take(EventQueue.java:58)
	at Orchestrator.Orchestrator.start(Orchestrator.java:78)
	at Orchestrator.OrchestratorTests.lambda$runOrchestratorInThread$0(OrchestratorTests.java:71)
	at java.base/java.lang.Thread.run(Thread.java:1583)
10:54:20.869 [Thread-1] ERROR Orchestrator.Orchestrator -- Event queue was interrupted
java.lang.InterruptedException: null
	at EventBus.EventQueue.take(EventQueue.java:58)
	at Orchestrator.Orchestrator.start(Orchestrator.java:78)
	at Orchestrator.OrchestratorTests.lambda$runOrchestratorInThread$0(OrchestratorTests.java:71)
	at java.base/java.lang.Thread.run(Thread.java:1583)
10:54:20.869 [Thread-2] ERROR Orchestrator.Orchestrator -- Event queue was interrupted
java.lang.InterruptedException: null
	at EventBus.EventQueue.take(EventQueue.java:58)
	at Orchestrator.Orchestrator.start(Orchestrator.java:78)
	at Orchestrator.OrchestratorTests.lambda$runOrchestratorInThread$0(OrchestratorTests.java:71)
	at java.base/java.lang.Thread.run(Thread.java:1583)
10:54:20.869 [Thread-1] ERROR Orchestrator.Orchestrator -- Event queue was interrupted
java.lang.InterruptedException: null
	at EventBus.EventQueue.take(EventQueue.java:58)
	at Orchestrator.Orchestrator.start(Orchestrator.java:78)
	at Orchestrator.OrchestratorTests.lambda$runOrchestratorInThread$0(OrchestratorTests.java:71)
	at java.base/java.lang.Thread.run(Thread.java:1583)
10:54:20.869 [Thread-2] ERROR Orchestrator.Orchestrator -- Event queue was interrupted
java.lang.InterruptedException: null
	at EventBus.EventQueue.take(EventQueue.java:58)
	at Orchestrator.Orchestrator.start(Orchestrator.java:78)
	at Orchestrator.OrchestratorTests.lambda$runOrchestratorInThread$0(OrchestratorTests.java:71)
	at java.base/java.lang.Thread.run(Thread.java:1583)
10:54:20.869 [Thread-1] ERROR Orchestrator.Orchestrator -- Event queue was interrupted
java.lang.InterruptedException: null
	at EventBus.EventQueue.take(EventQueue.java:58)
	at Orchestrator.Orchestrator.start(Orchestrator.java:78)
	at Orchestrator.OrchestratorTests.lambda$runOrchestratorInThread$0(OrchestratorTests.java:71)
	at java.base/java.lang.Thread.run(Thread.java:1583)
10:54:20.869 [Thread-2] ERROR Orchestrator.Orchestrator -- Event queue was interrupted
java.lang.InterruptedException: null
	at EventBus.EventQueue.take(EventQueue.java:58)
	at Orchestrator.Orchestrator.start(Orchestrator.java:78)
	at Orchestrator.OrchestratorTests.lambda$runOrchestratorInThread$0(OrchestratorTests.java:71)
	at java.base/java.lang.Thread.run(Thread.java:1583)
10:54:20.869 [Thread-1] ERROR Orchestrator.Orchestrator -- Event queue was interrupted
java.lang.InterruptedException: null
	at EventBus.EventQueue.take(EventQueue.java:58)
	at Orchestrator.Orchestrator.start(Orchestrator.java:78)
	at Orchestrator.OrchestratorTests.lambda$runOrchestratorInThread$0(OrchestratorTests.java:71)
	at java.base/java.lang.Thread.run(Thread.java:1583)
10:54:20.869 [Thread-2] ERROR Orchestrator.Orchestrator -- Event queue was interrupted
java.lang.InterruptedException: null
	at EventBus.EventQueue.take(EventQueue.java:58)
	at Orchestrator.Orchestrator.start(Orchestrator.java:78)
	at Orchestrator.OrchestratorTests.lambda$runOrchestratorInThread$0(OrchestratorTests.java:71)
	at java.base/java.lang.Thread.run(Thread.java:1583)
10:54:20.869 [Thread-1] ERROR Orchestrator.Orchestrator -- Event queue was interrupted
java.lang.InterruptedException: null
	at EventBus.EventQueue.take(EventQueue.java:58)
	at Orchestrator.Orchestrator.start(Orchestrator.java:78)
	at Orchestrator.OrchestratorTests.lambda$runOrchestratorInThread$0(OrchestratorTests.java:71)
	at java.base/java.lang.Thread.run(Thread.java:1583)
10:54:20.869 [Thread-2] ERROR Orchestrator.Orchestrator -- Event queue was interrupted
java.lang.InterruptedException: null
	at EventBus.EventQueue.take(EventQueue.java:58)
	at Orchestrator.Orchestrator.start(Orchestrator.java:78)
	at Orchestrator.OrchestratorTests.lambda$runOrchestratorInThread$0(OrchestratorTests.java:71)
	at java.base/java.lang.Thread.run(Thread.java:1583)
10:54:20.870 [Thread-2] ERROR Orchestrator.Orchestrator -- Event queue was interrupted
java.lang.InterruptedException: null
	at EventBus.EventQueue.take(EventQueue.java:58)
	at Orchestrator.Orchestrator.start(Orchestrator.java:78)
	at Orchestrator.OrchestratorTests.lambda$runOrchestratorInThread$0(OrchestratorTests.java:71)
	at java.base/java.lang.Thread.run(Thread.java:1583)
10:54:20.870 [Thread-1] ERROR Orchestrator.Orchestrator -- Event queue was interrupted
java.lang.InterruptedException: null
	at EventBus.EventQueue.take(EventQueue.java:58)
	at Orchestrator.Orchestrator.start(Orchestrator.java:78)
	at Orchestrator.OrchestratorTests.lambda$runOrchestratorInThread$0(OrchestratorTests.java:71)
	at java.base/java.lang.Thread.run(Thread.java:1583)
10:54:20.870 [Thread-2] ERROR Orchestrator.Orchestrator -- Event queue was interrupted
java.lang.InterruptedException: null
	at EventBus.EventQueue.take(EventQueue.java:58)
	at Orchestrator.Orchestrator.start(Orchestrator.java:78)
	at Orchestrator.OrchestratorTests.lambda$runOrchestratorInThread$0(OrchestratorTests.java:71)
	at java.base/java.lang.Thread.run(Thread.java:1583)
10:54:20.870 [Thread-1] ERROR Orchestrator.Orchestrator -- Event queue was interrupted
java.lang.InterruptedException: null
	at EventBus.EventQueue.take(EventQueue.java:58)
	at Orchestrator.Orchestrator.start(Orchestrator.java:78)
	at Orchestrator.OrchestratorTests.lambda$runOrchestratorInThread$0(OrchestratorTests.java:71)
	at java.base/java.lang.Thread.run(Thread.java:1583)
10:54:20.870 [Thread-2] ERROR Orchestrator.Orchestrator -- Event queue was interrupted
java.lang.InterruptedException: null
	at EventBus.EventQueue.take(EventQueue.java:58)
	at Orchestrator.Orchestrator.start(Orchestrator.java:78)
	at Orchestrator.OrchestratorTests.lambda$runOrchestratorInThread$0(OrchestratorTests.java:71)
	at java.base/java.lang.Thread.run(Thread.java:1583)
10:54:20.870 [Thread-1] ERROR Orchestrator.Orchestrator -- Event queue was interrupted
java.lang.InterruptedException: null
	at EventBus.EventQueue.take(EventQueue.java:58)
	at Orchestrator.Orchestrator.start(Orchestrator.java:78)
	at Orchestrator.OrchestratorTests.lambda$runOrchestratorInThread$0(OrchestratorTests.java:71)
	at java.base/java.lang.Thread.run(Thread.java:1583)
10:54:20.870 [Thread-2] ERROR Orchestrator.Orchestrator -- Event queue was interrupted
java.lang.InterruptedException: null
	at EventBus.EventQueue.take(EventQueue.java:58)
	at Orchestrator.Orchestrator.start(Orchestrator.java:78)
	at Orchestrator.OrchestratorTests.lambda$runOrchestratorInThread$0(OrchestratorTests.java:71)
	at java.base/java.lang.Thread.run(Thread.java:1583)
10:54:20.870 [Thread-1] ERROR Orchestrator.Orchestrator -- Event queue was interrupted
java.lang.InterruptedException: null
	at EventBus.EventQueue.take(EventQueue.java:58)
	at Orchestrator.Orchestrator.start(Orchestrator.java:78)
	at Orchestrator.OrchestratorTests.lambda$runOrchestratorInThread$0(OrchestratorTests.java:71)
	at java.base/java.lang.Thread.run(Thread.java:1583)
10:54:20.870 [Thread-2] ERROR Orchestrator.Orchestrator -- Event queue was interrupted
java.lang.InterruptedException: null
	at EventBus.EventQueue.take(EventQueue.java:58)
	at Orchestrator.Orchestrator.start(Orchestrator.java:78)
	at Orchestrator.OrchestratorTests.lambda$runOrchestratorInThread$0(OrchestratorTests.java:71)
	at java.base/java.lang.Thread.run(Thread.java:1583)
10:54:20.870 [Thread-1] ERROR Orchestrator.Orchestrator -- Event queue was interrupted
java.lang.InterruptedException: null
	at EventBus.EventQueue.take(EventQueue.java:58)
	at Orchestrator.Orchestrator.start(Orchestrator.java:78)
	at Orchestrator.OrchestratorTests.lambda$runOrchestratorInThread$0(OrchestratorTests.java:71)
	at java.base/java.lang.Thread.run(Thread.java:1583)
10:54:20.870 [Thread-2] ERROR Orchestrator.Orchestrator -- Event queue was interrupted
java.lang.InterruptedException: null
	at EventBus.EventQueue.take(EventQueue.java:58)
	at Orchestrator.Orchestrator.start(Orchestrator.java:78)
	at Orchestrator.OrchestratorTests.lambda$runOrchestratorInThread$0(OrchestratorTests.java:71)
	at java.base/java.lang.Thread.run(Thread.java:1583)
10:54:20.870 [Thread-1] ERROR Orchestrator.Orchestrator -- Event queue was interrupted
java.lang.InterruptedException: null
	at EventBus.EventQueue.take(EventQueue.java:58)
	at Orchestrator.Orchestrator.start(Orchestrator.java:78)
	at Orchestrator.OrchestratorTests.lambda$runOrchestratorInThread$0(OrchestratorTests.java:71)
	at java.base/java.lang.Thread.run(Thread.java:1583)
10:54:20.870 [Thread-2] ERROR Orchestrator.Orchestrator -- Event queue was interrupted
java.lang.InterruptedException: null
	at EventBus.EventQueue.take(EventQueue.java:58)
	at Orchestrator.Orchestrator.start(Orchestrator.java:78)
	at Orchestrator.OrchestratorTests.lambda$runOrchestratorInThread$0(OrchestratorTests.java:71)
	at java.base/java.lang.Thread.run(Thread.java:1583)
10:54:20.870 [Thread-1] ERROR Orchestrator.Orchestrator -- Event queue was interrupted
java.lang.InterruptedException: null
	at EventBus.EventQueue.take(EventQueue.java:58)
	at Orchestrator.Orchestrator.start(Orchestrator.java:78)
	at Orchestrator.OrchestratorTests.lambda$runOrchestratorInThread$0(OrchestratorTests.java:71)
	at java.base/java.lang.Thread.run(Thread.java:1583)
10:54:20.870 [Thread-2] ERROR Orchestrator.Orchestrator -- Event queue was interrupted
java.lang.InterruptedException: null
	at EventBus.EventQueue.take(EventQueue.java:58)
	at Orchestrator.Orchestrator.start(Orchestrator.java:78)
	at Orchestrator.OrchestratorTests.lambda$runOrchestratorInThread$0(OrchestratorTests.java:71)
	at java.base/java.lang.Thread.run(Thread.java:1583)
10:54:20.870 [Thread-1] ERROR Orchestrator.Orchestrator -- Event queue was interrupted
java.lang.InterruptedException: null
	at EventBus.EventQueue.take(EventQueue.java:58)
	at Orchestrator.Orchestrator.start(Orchestrator.java:78)
	at Orchestrator.OrchestratorTests.lambda$runOrchestratorInThread$0(OrchestratorTests.java:71)
	at java.base/java.lang.Thread.run(Thread.java:1583)
10:54:20.870 [Thread-2] ERROR Orchestrator.Orchestrator -- Event queue was interrupted
java.lang.InterruptedException: null
	at EventBus.EventQueue.take(EventQueue.java:58)
	at Orchestrator.Orchestrator.start(Orchestrator.java:78)
	at Orchestrator.OrchestratorTests.lambda$runOrchestratorInThread$0(OrchestratorTests.java:71)
	at java.base/java.lang.Thread.run(Thread.java:1583)
10:54:20.870 [Thread-2] ERROR Orchestrator.Orchestrator -- Event queue was interrupted
java.lang.InterruptedException: null
	at EventBus.EventQueue.take(EventQueue.java:58)
	at Orchestrator.Orchestrator.start(Orchestrator.java:78)
	at Orchestrator.OrchestratorTests.lambda$runOrchestratorInThread$0(OrchestratorTests.java:71)
	at java.base/java.lang.Thread.run(Thread.java:1583)
10:54:20.871 [Thread-2] ERROR Orchestrator.Orchestrator -- Event queue was interrupted
java.lang.InterruptedException: null
	at EventBus.EventQueue.take(EventQueue.java:58)
	at Orchestrator.Orchestrator.start(Orchestrator.java:78)
	at Orchestrator.OrchestratorTests.lambda$runOrchestratorInThread$0(OrchestratorTests.java:71)
	at java.base/java.lang.Thread.run(Thread.java:1583)
10:54:20.871 [Thread-2] ERROR Orchestrator.Orchestrator -- Event queue was interrupted
java.lang.InterruptedException: null
	at EventBus.EventQueue.take(EventQueue.java:58)
	at Orchestrator.Orchestrator.start(Orchestrator.java:78)
	at Orchestrator.OrchestratorTests.lambda$runOrchestratorInThread$0(OrchestratorTests.java:71)
	at java.base/java.lang.Thread.run(Thread.java:1583)
10:54:20.871 [Thread-2] ERROR Orchestrator.Orchestrator -- Event queue was interrupted
java.lang.InterruptedException: null
	at EventBus.EventQueue.take(EventQueue.java:58)
	at Orchestrator.Orchestrator.start(Orchestrator.java:78)
	at Orchestrator.OrchestratorTests.lambda$runOrchestratorInThread$0(OrchestratorTests.java:71)
	at java.base/java.lang.Thread.run(Thread.java:1583)
10:54:20.871 [Thread-2] ERROR Orchestrator.Orchestrator -- Event queue was interrupted
java.lang.InterruptedException: null
	at EventBus.EventQueue.take(EventQueue.java:58)
	at Orchestrator.Orchestrator.start(Orchestrator.java:78)
	at Orchestrator.OrchestratorTests.lambda$runOrchestratorInThread$0(OrchestratorTests.java:71)
	at java.base/java.lang.Thread.run(Thread.java:1583)
10:54:20.871 [Thread-2] ERROR Orchestrator.Orchestrator -- Event queue was interrupted
java.lang.InterruptedException: null
	at EventBus.EventQueue.take(EventQueue.java:58)
	at Orchestrator.Orchestrator.start(Orchestrator.java:78)
	at Orchestrator.OrchestratorTests.lambda$runOrchestratorInThread$0(OrchestratorTests.java:71)
	at java.base/java.lang.Thread.run(Thread.java:1583)
10:54:20.871 [Thread-2] ERROR Orchestrator.Orchestrator -- Event queue was interrupted
java.lang.InterruptedException: null
	at EventBus.EventQueue.take(EventQueue.java:58)
	at Orchestrator.Orchestrator.start(Orchestrator.java:78)
	at Orchestrator.OrchestratorTests.lambda$runOrchestratorInThread$0(OrchestratorTests.java:71)
	at java.base/java.lang.Thread.run(Thread.java:1583)
10:54:20.871 [Thread-2] ERROR Orchestrator.Orchestrator -- Event queue was interrupted
java.lang.InterruptedException: null
	at EventBus.EventQueue.take(EventQueue.java:58)
	at Orchestrator.Orchestrator.start(Orchestrator.java:78)
	at Orchestrator.OrchestratorTests.lambda$runOrchestratorInThread$0(OrchestratorTests.java:71)
	at java.base/java.lang.Thread.run(Thread.java:1583)
10:54:20.871 [Thread-2] ERROR Orchestrator.Orchestrator -- Event queue was interrupted
java.lang.InterruptedException: null
	at EventBus.EventQueue.take(EventQueue.java:58)
	at Orchestrator.Orchestrator.start(Orchestrator.java:78)
	at Orchestrator.OrchestratorTests.lambda$runOrchestratorInThread$0(OrchestratorTests.java:71)
	at java.base/java.lang.Thread.run(Thread.java:1583)
10:54:20.871 [Thread-2] ERROR Orchestrator.Orchestrator -- Event queue was interrupted
java.lang.InterruptedException: null
	at EventBus.EventQueue.take(EventQueue.java:58)
	at Orchestrator.Orchestrator.start(Orchestrator.java:78)
	at Orchestrator.OrchestratorTests.lambda$runOrchestratorInThread$0(OrchestratorTests.java:71)
	at java.base/java.lang.Thread.run(Thread.java:1583)
10:54:20.871 [Thread-2] ERROR Orchestrator.Orchestrator -- Event queue was interrupted
java.lang.InterruptedException: null
	at EventBus.EventQueue.take(EventQueue.java:58)
	at Orchestrator.Orchestrator.start(Orchestrator.java:78)
	at Orchestrator.OrchestratorTests.lambda$runOrchestratorInThread$0(OrchestratorTests.java:71)
	at java.base/java.lang.Thread.run(Thread.java:1583)
10:54:20.871 [Thread-2] ERROR Orchestrator.Orchestrator -- Event queue was interrupted
java.lang.InterruptedException: null
	at EventBus.EventQueue.take(EventQueue.java:58)
	at Orchestrator.Orchestrator.start(Orchestrator.java:78)
	at Orchestrator.OrchestratorTests.lambda$runOrchestratorInThread$0(OrchestratorTests.java:71)
	at java.base/java.lang.Thread.run(Thread.java:1583)
10:54:20.871 [Thread-2] ERROR Orchestrator.Orchestrator -- Event queue was interrupted
java.lang.InterruptedException: null
	at EventBus.EventQueue.take(EventQueue.java:58)
	at Orchestrator.Orchestrator.start(Orchestrator.java:78)
	at Orchestrator.OrchestratorTests.lambda$runOrchestratorInThread$0(OrchestratorTests.java:71)
	at java.base/java.lang.Thread.run(Thread.java:1583)
10:54:20.871 [Thread-2] ERROR Orchestrator.Orchestrator -- Event queue was interrupted
java.lang.InterruptedException: null
	at EventBus.EventQueue.take(EventQueue.java:58)
	at Orchestrator.Orchestrator.start(Orchestrator.java:78)
	at Orchestrator.OrchestratorTests.lambda$runOrchestratorInThread$0(OrchestratorTests.java:71)
	at java.base/java.lang.Thread.run(Thread.java:1583)
10:54:20.871 [Thread-2] ERROR Orchestrator.Orchestrator -- Event queue was interrupted
java.lang.InterruptedException: null
	at EventBus.EventQueue.take(EventQueue.java:58)
	at Orchestrator.Orchestrator.start(Orchestrator.java:78)
	at Orchestrator.OrchestratorTests.lambda$runOrchestratorInThread$0(OrchestratorTests.java:71)
	at java.base/java.lang.Thread.run(Thread.java:1583)
10:54:20.871 [Thread-2] ERROR Orchestrator.Orchestrator -- Event queue was interrupted
java.lang.InterruptedException: null
	at EventBus.EventQueue.take(EventQueue.java:58)
	at Orchestrator.Orchestrator.start(Orchestrator.java:78)
	at Orchestrator.OrchestratorTests.lambda$runOrchestratorInThread$0(OrchestratorTests.java:71)
	at java.base/java.lang.Thread.run(Thread.java:1583)
10:54:20.872 [Thread-2] ERROR Orchestrator.Orchestrator -- Event queue was interrupted
java.lang.InterruptedException: null
	at EventBus.EventQueue.take(EventQueue.java:58)
	at Orchestrator.Orchestrator.start(Orchestrator.java:78)
	at Orchestrator.OrchestratorTests.lambda$runOrchestratorInThread$0(OrchestratorTests.java:71)
	at java.base/java.lang.Thread.run(Thread.java:1583)
10:54:20.872 [Thread-2] ERROR Orchestrator.Orchestrator -- Event queue was interrupted
java.lang.InterruptedException: null
	at EventBus.EventQueue.take(EventQueue.java:58)
	at Orchestrator.Orchestrator.start(Orchestrator.java:78)
	at Orchestrator.OrchestratorTests.lambda$runOrchestratorInThread$0(OrchestratorTests.java:71)
	at java.base/java.lang.Thread.run(Thread.java:1583)
10:54:20.872 [Thread-2] ERROR Orchestrator.Orchestrator -- Event queue was interrupted
java.lang.InterruptedException: null
	at EventBus.EventQueue.take(EventQueue.java:58)
	at Orchestrator.Orchestrator.start(Orchestrator.java:78)
	at Orchestrator.OrchestratorTests.lambda$runOrchestratorInThread$0(OrchestratorTests.java:71)
	at java.base/java.lang.Thread.run(Thread.java:1583)
10:54:20.872 [Thread-2] ERROR Orchestrator.Orchestrator -- Event queue was interrupted
java.lang.InterruptedException: null
	at EventBus.EventQueue.take(EventQueue.java:58)
	at Orchestrator.Orchestrator.start(Orchestrator.java:78)
	at Orchestrator.OrchestratorTests.lambda$runOrchestratorInThread$0(OrchestratorTests.java:71)
	at java.base/java.lang.Thread.run(Thread.java:1583)
10:54:20.872 [Thread-2] ERROR Orchestrator.Orchestrator -- Event queue was interrupted
java.lang.InterruptedException: null
	at EventBus.EventQueue.take(EventQueue.java:58)
	at Orchestrator.Orchestrator.start(Orchestrator.java:78)
	at Orchestrator.OrchestratorTests.lambda$runOrchestratorInThread$0(OrchestratorTests.java:71)
	at java.base/java.lang.Thread.run(Thread.java:1583)
10:54:20.872 [Thread-2] ERROR Orchestrator.Orchestrator -- Event queue was interrupted
java.lang.InterruptedException: null
	at EventBus.EventQueue.take(EventQueue.java:58)
	at Orchestrator.Orchestrator.start(Orchestrator.java:78)
	at Orchestrator.OrchestratorTests.lambda$runOrchestratorInThread$0(OrchestratorTests.java:71)
	at java.base/java.lang.Thread.run(Thread.java:1583)
10:54:20.872 [Thread-2] ERROR Orchestrator.Orchestrator -- Event queue was interrupted
java.lang.InterruptedException: null
	at EventBus.EventQueue.take(EventQueue.java:58)
	at Orchestrator.Orchestrator.start(Orchestrator.java:78)
	at Orchestrator.OrchestratorTests.lambda$runOrchestratorInThread$0(OrchestratorTests.java:71)
	at java.base/java.lang.Thread.run(Thread.java:1583)
10:54:20.872 [Thread-2] ERROR Orchestrator.Orchestrator -- Event queue was interrupted
java.lang.InterruptedException: null
	at EventBus.EventQueue.take(EventQueue.java:58)
	at Orchestrator.Orchestrator.start(Orchestrator.java:78)
	at Orchestrator.OrchestratorTests.lambda$runOrchestratorInThread$0(OrchestratorTests.java:71)
	at java.base/java.lang.Thread.run(Thread.java:1583)
10:54:20.872 [Thread-2] ERROR Orchestrator.Orchestrator -- Event queue was interrupted
java.lang.InterruptedException: null
	at EventBus.EventQueue.take(EventQueue.java:58)
	at Orchestrator.Orchestrator.start(Orchestrator.java:78)
	at Orchestrator.OrchestratorTests.lambda$runOrchestratorInThread$0(OrchestratorTests.java:71)
	at java.base/java.lang.Thread.run(Thread.java:1583)
10:54:20.872 [Thread-2] ERROR Orchestrator.Orchestrator -- Event queue was interrupted
java.lang.InterruptedException: null
	at EventBus.EventQueue.take(EventQueue.java:58)
	at Orchestrator.Orchestrator.start(Orchestrator.java:78)
	at Orchestrator.OrchestratorTests.lambda$runOrchestratorInThread$0(OrchestratorTests.java:71)
	at java.base/java.lang.Thread.run(Thread.java:1583)
10:54:20.872 [Thread-2] ERROR Orchestrator.Orchestrator -- Event queue was interrupted
java.lang.InterruptedException: null
	at EventBus.EventQueue.take(EventQueue.java:58)
	at Orchestrator.Orchestrator.start(Orchestrator.java:78)
	at Orchestrator.OrchestratorTests.lambda$runOrchestratorInThread$0(OrchestratorTests.java:71)
	at java.base/java.lang.Thread.run(Thread.java:1583)
10:54:20.870 [Thread-1] ERROR Orchestrator.Orchestrator -- Event queue was interrupted
java.lang.InterruptedException: null
	at EventBus.EventQueue.take(EventQueue.java:58)
	at Orchestrator.Orchestrator.start(Orchestrator.java:78)
	at Orchestrator.OrchestratorTests.lambda$runOrchestratorInThread$0(OrchestratorTests.java:71)
	at java.base/java.lang.Thread.run(Thread.java:1583)
10:54:20.872 [Thread-2] ERROR Orchestrator.Orchestrator -- Event queue was interrupted
java.lang.InterruptedException: null
	at EventBus.EventQueue.take(EventQueue.java:58)
	at Orchestrator.Orchestrator.start(Orchestrator.java:78)
	at Orchestrator.OrchestratorTests.lambda$runOrchestratorInThread$0(OrchestratorTests.java:71)
	at java.base/java.lang.Thread.run(Thread.java:1583)
10:54:20.872 [Thread-2] ERROR Orchestrator.Orchestrator -- Event queue was interrupted
java.lang.InterruptedException: null
	at EventBus.EventQueue.take(EventQueue.java:58)
	at Orchestrator.Orchestrator.start(Orchestrator.java:78)
	at Orchestrator.OrchestratorTests.lambda$runOrchestratorInThread$0(OrchestratorTests.java:71)
	at java.base/java.lang.Thread.run(Thread.java:1583)
10:54:20.872 [Thread-1] ERROR Orchestrator.Orchestrator -- Event queue was interrupted
java.lang.InterruptedException: null
	at EventBus.EventQueue.take(EventQueue.java:58)
	at Orchestrator.Orchestrator.start(Orchestrator.java:78)
	at Orchestrator.OrchestratorTests.lambda$runOrchestratorInThread$0(OrchestratorTests.java:71)
	at java.base/java.lang.Thread.run(Thread.java:1583)
10:54:20.872 [Thread-2] ERROR Orchestrator.Orchestrator -- Event queue was interrupted
java.lang.InterruptedException: null
	at EventBus.EventQueue.take(EventQueue.java:58)
	at Orchestrator.Orchestrator.start(Orchestrator.java:78)
	at Orchestrator.OrchestratorTests.lambda$runOrchestratorInThread$0(OrchestratorTests.java:71)
	at java.base/java.lang.Thread.run(Thread.java:1583)
10:54:20.872 [Thread-1] ERROR Orchestrator.Orchestrator -- Event queue was interrupted
java.lang.InterruptedException: null
	at EventBus.EventQueue.take(EventQueue.java:58)
	at Orchestrator.Orchestrator.start(Orchestrator.java:78)
	at Orchestrator.OrchestratorTests.lambda$runOrchestratorInThread$0(OrchestratorTests.java:71)
	at java.base/java.lang.Thread.run(Thread.java:1583)
10:54:20.872 [Thread-2] ERROR Orchestrator.Orchestrator -- Event queue was interrupted
java.lang.InterruptedException: null
	at EventBus.EventQueue.take(EventQueue.java:58)
	at Orchestrator.Orchestrator.start(Orchestrator.java:78)
	at Orchestrator.OrchestratorTests.lambda$runOrchestratorInThread$0(OrchestratorTests.java:71)
	at java.base/java.lang.Thread.run(Thread.java:1583)
10:54:20.872 [Thread-1] ERROR Orchestrator.Orchestrator -- Event queue was interrupted
java.lang.InterruptedException: null
	at EventBus.EventQueue.take(EventQueue.java:58)
	at Orchestrator.Orchestrator.start(Orchestrator.java:78)
	at Orchestrator.OrchestratorTests.lambda$runOrchestratorInThread$0(OrchestratorTests.java:71)
	at java.base/java.lang.Thread.run(Thread.java:1583)
10:54:20.872 [Thread-2] ERROR Orchestrator.Orchestrator -- Event queue was interrupted
java.lang.InterruptedException: null
	at EventBus.EventQueue.take(EventQueue.java:58)
	at Orchestrator.Orchestrator.start(Orchestrator.java:78)
	at Orchestrator.OrchestratorTests.lambda$runOrchestratorInThread$0(OrchestratorTests.java:71)
	at java.base/java.lang.Thread.run(Thread.java:1583)
10:54:20.873 [Thread-1] ERROR Orchestrator.Orchestrator -- Event queue was interrupted
java.lang.InterruptedException: null
	at EventBus.EventQueue.take(EventQueue.java:58)
	at Orchestrator.Orchestrator.start(Orchestrator.java:78)
	at Orchestrator.OrchestratorTests.lambda$runOrchestratorInThread$0(OrchestratorTests.java:71)
	at java.base/java.lang.Thread.run(Thread.java:1583)
10:54:20.873 [Thread-2] ERROR Orchestrator.Orchestrator -- Event queue was interrupted
java.lang.InterruptedException: null
	at EventBus.EventQueue.take(EventQueue.java:58)
	at Orchestrator.Orchestrator.start(Orchestrator.java:78)
	at Orchestrator.OrchestratorTests.lambda$runOrchestratorInThread$0(OrchestratorTests.java:71)
	at java.base/java.lang.Thread.run(Thread.java:1583)
10:54:20.873 [Thread-1] ERROR Orchestrator.Orchestrator -- Event queue was interrupted
java.lang.InterruptedException: null
	at EventBus.EventQueue.take(EventQueue.java:58)
	at Orchestrator.Orchestrator.start(Orchestrator.java:78)
	at Orchestrator.OrchestratorTests.lambda$runOrchestratorInThread$0(OrchestratorTests.java:71)
	at java.base/java.lang.Thread.run(Thread.java:1583)
10:54:20.873 [Thread-2] ERROR Orchestrator.Orchestrator -- Event queue was interrupted
java.lang.InterruptedException: null
	at EventBus.EventQueue.take(EventQueue.java:58)
	at Orchestrator.Orchestrator.start(Orchestrator.java:78)
	at Orchestrator.OrchestratorTests.lambda$runOrchestratorInThread$0(OrchestratorTests.java:71)
	at java.base/java.lang.Thread.run(Thread.java:1583)
10:54:20.873 [Thread-1] ERROR Orchestrator.Orchestrator -- Event queue was interrupted
java.lang.InterruptedException: null
	at EventBus.EventQueue.take(EventQueue.java:58)
	at Orchestrator.Orchestrator.start(Orchestrator.java:78)
	at Orchestrator.OrchestratorTests.lambda$runOrchestratorInThread$0(OrchestratorTests.java:71)
	at java.base/java.lang.Thread.run(Thread.java:1583)
10:54:20.873 [Thread-2] ERROR Orchestrator.Orchestrator -- Event queue was interrupted
java.lang.InterruptedException: null
	at EventBus.EventQueue.take(EventQueue.java:58)
	at Orchestrator.Orchestrator.start(Orchestrator.java:78)
	at Orchestrator.OrchestratorTests.lambda$runOrchestratorInThread$0(OrchestratorTests.java:71)
	at java.base/java.lang.Thread.run(Thread.java:1583)
10:54:20.873 [Thread-1] ERROR Orchestrator.Orchestrator -- Event queue was interrupted
java.lang.InterruptedException: null
	at EventBus.EventQueue.take(EventQueue.java:58)
	at Orchestrator.Orchestrator.start(Orchestrator.java:78)
	at Orchestrator.OrchestratorTests.lambda$runOrchestratorInThread$0(OrchestratorTests.java:71)
	at java.base/java.lang.Thread.run(Thread.java:1583)
10:54:20.873 [Thread-2] ERROR Orchestrator.Orchestrator -- Event queue was interrupted
java.lang.InterruptedException: null
	at EventBus.EventQueue.take(EventQueue.java:58)
	at Orchestrator.Orchestrator.start(Orchestrator.java:78)
	at Orchestrator.OrchestratorTests.lambda$runOrchestratorInThread$0(OrchestratorTests.java:71)
	at java.base/java.lang.Thread.run(Thread.java:1583)
10:54:20.873 [Thread-1] ERROR Orchestrator.Orchestrator -- Event queue was interrupted
java.lang.InterruptedException: null
	at EventBus.EventQueue.take(EventQueue.java:58)
	at Orchestrator.Orchestrator.start(Orchestrator.java:78)
	at Orchestrator.OrchestratorTests.lambda$runOrchestratorInThread$0(OrchestratorTests.java:71)
	at java.base/java.lang.Thread.run(Thread.java:1583)
10:54:20.873 [Thread-2] ERROR Orchestrator.Orchestrator -- Event queue was interrupted
java.lang.InterruptedException: null
	at EventBus.EventQueue.take(EventQueue.java:58)
	at Orchestrator.Orchestrator.start(Orchestrator.java:78)
	at Orchestrator.OrchestratorTests.lambda$runOrchestratorInThread$0(OrchestratorTests.java:71)
	at java.base/java.lang.Thread.run(Thread.java:1583)
10:54:20.873 [Thread-1] ERROR Orchestrator.Orchestrator -- Event queue was interrupted
java.lang.InterruptedException: null
	at EventBus.EventQueue.take(EventQueue.java:58)
	at Orchestrator.Orchestrator.start(Orchestrator.java:78)
	at Orchestrator.OrchestratorTests.lambda$runOrchestratorInThread$0(OrchestratorTests.java:71)
	at java.base/java.lang.Thread.run(Thread.java:1583)
10:54:20.873 [Thread-2] ERROR Orchestrator.Orchestrator -- Event queue was interrupted
java.lang.InterruptedException: null
	at EventBus.EventQueue.take(EventQueue.java:58)
	at Orchestrator.Orchestrator.start(Orchestrator.java:78)
	at Orchestrator.OrchestratorTests.lambda$runOrchestratorInThread$0(OrchestratorTests.java:71)
	at java.base/java.lang.Thread.run(Thread.java:1583)
10:54:20.873 [Thread-1] ERROR Orchestrator.Orchestrator -- Event queue was interrupted
java.lang.InterruptedException: null
	at EventBus.EventQueue.take(EventQueue.java:58)
	at Orchestrator.Orchestrator.start(Orchestrator.java:78)
	at Orchestrator.OrchestratorTests.lambda$runOrchestratorInThread$0(OrchestratorTests.java:71)
	at java.base/java.lang.Thread.run(Thread.java:1583)
10:54:20.873 [Thread-2] ERROR Orchestrator.Orchestrator -- Event queue was interrupted
java.lang.InterruptedException: null
	at EventBus.EventQueue.take(EventQueue.java:58)
	at Orchestrator.Orchestrator.start(Orchestrator.java:78)
	at Orchestrator.OrchestratorTests.lambda$runOrchestratorInThread$0(OrchestratorTests.java:71)
	at java.base/java.lang.Thread.run(Thread.java:1583)
10:54:20.873 [Thread-1] ERROR Orchestrator.Orchestrator -- Event queue was interrupted
java.lang.InterruptedException: null
	at EventBus.EventQueue.take(EventQueue.java:58)
	at Orchestrator.Orchestrator.start(Orchestrator.java:78)
	at Orchestrator.OrchestratorTests.lambda$runOrchestratorInThread$0(OrchestratorTests.java:71)
	at java.base/java.lang.Thread.run(Thread.java:1583)
10:54:20.873 [Thread-2] ERROR Orchestrator.Orchestrator -- Event queue was interrupted
java.lang.InterruptedException: null
	at EventBus.EventQueue.take(EventQueue.java:58)
	at Orchestrator.Orchestrator.start(Orchestrator.java:78)
	at Orchestrator.OrchestratorTests.lambda$runOrchestratorInThread$0(OrchestratorTests.java:71)
	at java.base/java.lang.Thread.run(Thread.java:1583)
10:54:20.873 [Thread-1] ERROR Orchestrator.Orchestrator -- Event queue was interrupted
java.lang.InterruptedException: null
	at EventBus.EventQueue.take(EventQueue.java:58)
	at Orchestrator.Orchestrator.start(Orchestrator.java:78)
	at Orchestrator.OrchestratorTests.lambda$runOrchestratorInThread$0(OrchestratorTests.java:71)
	at java.base/java.lang.Thread.run(Thread.java:1583)
10:54:20.873 [Thread-2] ERROR Orchestrator.Orchestrator -- Event queue was interrupted
java.lang.InterruptedException: null
	at EventBus.EventQueue.take(EventQueue.java:58)
	at Orchestrator.Orchestrator.start(Orchestrator.java:78)
	at Orchestrator.OrchestratorTests.lambda$runOrchestratorInThread$0(OrchestratorTests.java:71)
	at java.base/java.lang.Thread.run(Thread.java:1583)
10:54:20.873 [Thread-1] ERROR Orchestrator.Orchestrator -- Event queue was interrupted
java.lang.InterruptedException: null
	at EventBus.EventQueue.take(EventQueue.java:58)
	at Orchestrator.Orchestrator.start(Orchestrator.java:78)
	at Orchestrator.OrchestratorTests.lambda$runOrchestratorInThread$0(OrchestratorTests.java:71)
	at java.base/java.lang.Thread.run(Thread.java:1583)
10:54:20.873 [Thread-2] ERROR Orchestrator.Orchestrator -- Event queue was interrupted
java.lang.InterruptedException: null
	at EventBus.EventQueue.take(EventQueue.java:58)
	at Orchestrator.Orchestrator.start(Orchestrator.java:78)
	at Orchestrator.OrchestratorTests.lambda$runOrchestratorInThread$0(OrchestratorTests.java:71)
	at java.base/java.lang.Thread.run(Thread.java:1583)
10:54:20.873 [Thread-1] ERROR Orchestrator.Orchestrator -- Event queue was interrupted
java.lang.InterruptedException: null
	at EventBus.EventQueue.take(EventQueue.java:58)
	at Orchestrator.Orchestrator.start(Orchestrator.java:78)
	at Orchestrator.OrchestratorTests.lambda$runOrchestratorInThread$0(OrchestratorTests.java:71)
	at java.base/java.lang.Thread.run(Thread.java:1583)
10:54:20.873 [Thread-2] ERROR Orchestrator.Orchestrator -- Event queue was interrupted
java.lang.InterruptedException: null
	at EventBus.EventQueue.take(EventQueue.java:58)
	at Orchestrator.Orchestrator.start(Orchestrator.java:78)
	at Orchestrator.OrchestratorTests.lambda$runOrchestratorInThread$0(OrchestratorTests.java:71)
	at java.base/java.lang.Thread.run(Thread.java:1583)
10:54:20.873 [Thread-1] ERROR Orchestrator.Orchestrator -- Event queue was interrupted
java.lang.InterruptedException: null
	at EventBus.EventQueue.take(EventQueue.java:58)
	at Orchestrator.Orchestrator.start(Orchestrator.java:78)
	at Orchestrator.OrchestratorTests.lambda$runOrchestratorInThread$0(OrchestratorTests.java:71)
	at java.base/java.lang.Thread.run(Thread.java:1583)
10:54:20.873 [Thread-2] ERROR Orchestrator.Orchestrator -- Event queue was interrupted
java.lang.InterruptedException: null
	at EventBus.EventQueue.take(EventQueue.java:58)
	at Orchestrator.Orchestrator.start(Orchestrator.java:78)
	at Orchestrator.OrchestratorTests.lambda$runOrchestratorInThread$0(OrchestratorTests.java:71)
	at java.base/java.lang.Thread.run(Thread.java:1583)
10:54:20.874 [Thread-1] ERROR Orchestrator.Orchestrator -- Event queue was interrupted
java.lang.InterruptedException: null
	at EventBus.EventQueue.take(EventQueue.java:58)
	at Orchestrator.Orchestrator.start(Orchestrator.java:78)
	at Orchestrator.OrchestratorTests.lambda$runOrchestratorInThread$0(OrchestratorTests.java:71)
	at java.base/java.lang.Thread.run(Thread.java:1583)
10:54:20.874 [Thread-2] ERROR Orchestrator.Orchestrator -- Event queue was interrupted
java.lang.InterruptedException: null
	at EventBus.EventQueue.take(EventQueue.java:58)
	at Orchestrator.Orchestrator.start(Orchestrator.java:78)
	at Orchestrator.OrchestratorTests.lambda$runOrchestratorInThread$0(OrchestratorTests.java:71)
	at java.base/java.lang.Thread.run(Thread.java:1583)
10:54:20.874 [Thread-1] ERROR Orchestrator.Orchestrator -- Event queue was interrupted
java.lang.InterruptedException: null
	at EventBus.EventQueue.take(EventQueue.java:58)
	at Orchestrator.Orchestrator.start(Orchestrator.java:78)
	at Orchestrator.OrchestratorTests.lambda$runOrchestratorInThread$0(OrchestratorTests.java:71)
	at java.base/java.lang.Thread.run(Thread.java:1583)
10:54:20.874 [Thread-2] ERROR Orchestrator.Orchestrator -- Event queue was interrupted
java.lang.InterruptedException: null
	at EventBus.EventQueue.take(EventQueue.java:58)
	at Orchestrator.Orchestrator.start(Orchestrator.java:78)
	at Orchestrator.OrchestratorTests.lambda$runOrchestratorInThread$0(OrchestratorTests.java:71)
	at java.base/java.lang.Thread.run(Thread.java:1583)
10:54:20.874 [Thread-1] ERROR Orchestrator.Orchestrator -- Event queue was interrupted
java.lang.InterruptedException: null
	at EventBus.EventQueue.take(EventQueue.java:58)
	at Orchestrator.Orchestrator.start(Orchestrator.java:78)
	at Orchestrator.OrchestratorTests.lambda$runOrchestratorInThread$0(OrchestratorTests.java:71)
	at java.base/java.lang.Thread.run(Thread.java:1583)
10:54:20.874 [Thread-2] ERROR Orchestrator.Orchestrator -- Event queue was interrupted
java.lang.InterruptedException: null
	at EventBus.EventQueue.take(EventQueue.java:58)
	at Orchestrator.Orchestrator.start(Orchestrator.java:78)
	at Orchestrator.OrchestratorTests.lambda$runOrchestratorInThread$0(OrchestratorTests.java:71)
	at java.base/java.lang.Thread.run(Thread.java:1583)
10:54:20.874 [Thread-1] ERROR Orchestrator.Orchestrator -- Event queue was interrupted
java.lang.InterruptedException: null
	at EventBus.EventQueue.take(EventQueue.java:58)
	at Orchestrator.Orchestrator.start(Orchestrator.java:78)
	at Orchestrator.OrchestratorTests.lambda$runOrchestratorInThread$0(OrchestratorTests.java:71)
	at java.base/java.lang.Thread.run(Thread.java:1583)
10:54:20.874 [Thread-2] ERROR Orchestrator.Orchestrator -- Event queue was interrupted
java.lang.InterruptedException: null
	at EventBus.EventQueue.take(EventQueue.java:58)
	at Orchestrator.Orchestrator.start(Orchestrator.java:78)
	at Orchestrator.OrchestratorTests.lambda$runOrchestratorInThread$0(OrchestratorTests.java:71)
	at java.base/java.lang.Thread.run(Thread.java:1583)
10:54:20.874 [Thread-1] ERROR Orchestrator.Orchestrator -- Event queue was interrupted
java.lang.InterruptedException: null
	at EventBus.EventQueue.take(EventQueue.java:58)
	at Orchestrator.Orchestrator.start(Orchestrator.java:78)
	at Orchestrator.OrchestratorTests.lambda$runOrchestratorInThread$0(OrchestratorTests.java:71)
	at java.base/java.lang.Thread.run(Thread.java:1583)
10:54:20.874 [Thread-2] ERROR Orchestrator.Orchestrator -- Event queue was interrupted
java.lang.InterruptedException: null
	at EventBus.EventQueue.take(EventQueue.java:58)
	at Orchestrator.Orchestrator.start(Orchestrator.java:78)
	at Orchestrator.OrchestratorTests.lambda$runOrchestratorInThread$0(OrchestratorTests.java:71)
	at java.base/java.lang.Thread.run(Thread.java:1583)
10:54:20.874 [Thread-1] ERROR Orchestrator.Orchestrator -- Event queue was interrupted
java.lang.InterruptedException: null
	at EventBus.EventQueue.take(EventQueue.java:58)
	at Orchestrator.Orchestrator.start(Orchestrator.java:78)
	at Orchestrator.OrchestratorTests.lambda$runOrchestratorInThread$0(OrchestratorTests.java:71)
	at java.base/java.lang.Thread.run(Thread.java:1583)
10:54:20.874 [Thread-2] ERROR Orchestrator.Orchestrator -- Event queue was interrupted
java.lang.InterruptedException: null
	at EventBus.EventQueue.take(EventQueue.java:58)
	at Orchestrator.Orchestrator.start(Orchestrator.java:78)
	at Orchestrator.OrchestratorTests.lambda$runOrchestratorInThread$0(OrchestratorTests.java:71)
	at java.base/java.lang.Thread.run(Thread.java:1583)
10:54:20.874 [Thread-1] ERROR Orchestrator.Orchestrator -- Event queue was interrupted
java.lang.InterruptedException: null
	at EventBus.EventQueue.take(EventQueue.java:58)
	at Orchestrator.Orchestrator.start(Orchestrator.java:78)
	at Orchestrator.OrchestratorTests.lambda$runOrchestratorInThread$0(OrchestratorTests.java:71)
	at java.base/java.lang.Thread.run(Thread.java:1583)
10:54:20.874 [Thread-2] ERROR Orchestrator.Orchestrator -- Event queue was interrupted
java.lang.InterruptedException: null
	at EventBus.EventQueue.take(EventQueue.java:58)
	at Orchestrator.Orchestrator.start(Orchestrator.java:78)
	at Orchestrator.OrchestratorTests.lambda$runOrchestratorInThread$0(OrchestratorTests.java:71)
	at java.base/java.lang.Thread.run(Thread.java:1583)
10:54:20.874 [Thread-1] ERROR Orchestrator.Orchestrator -- Event queue was interrupted
java.lang.InterruptedException: null
	at EventBus.EventQueue.take(EventQueue.java:58)
	at Orchestrator.Orchestrator.start(Orchestrator.java:78)
	at Orchestrator.OrchestratorTests.lambda$runOrchestratorInThread$0(OrchestratorTests.java:71)
	at java.base/java.lang.Thread.run(Thread.java:1583)
10:54:20.874 [Thread-2] ERROR Orchestrator.Orchestrator -- Event queue was interrupted
java.lang.InterruptedException: null
	at EventBus.EventQueue.take(EventQueue.java:58)
	at Orchestrator.Orchestrator.start(Orchestrator.java:78)
	at Orchestrator.OrchestratorTests.lambda$runOrchestratorInThread$0(OrchestratorTests.java:71)
	at java.base/java.lang.Thread.run(Thread.java:1583)
10:54:20.874 [Thread-1] ERROR Orchestrator.Orchestrator -- Event queue was interrupted
java.lang.InterruptedException: null
	at EventBus.EventQueue.take(EventQueue.java:58)
	at Orchestrator.Orchestrator.start(Orchestrator.java:78)
	at Orchestrator.OrchestratorTests.lambda$runOrchestratorInThread$0(OrchestratorTests.java:71)
	at java.base/java.lang.Thread.run(Thread.java:1583)
10:54:20.874 [Thread-2] ERROR Orchestrator.Orchestrator -- Event queue was interrupted
java.lang.InterruptedException: null
	at EventBus.EventQueue.take(EventQueue.java:58)
	at Orchestrator.Orchestrator.start(Orchestrator.java:78)
	at Orchestrator.OrchestratorTests.lambda$runOrchestratorInThread$0(OrchestratorTests.java:71)
	at java.base/java.lang.Thread.run(Thread.java:1583)
10:54:20.874 [Thread-1] ERROR Orchestrator.Orchestrator -- Event queue was interrupted
java.lang.InterruptedException: null
	at EventBus.EventQueue.take(EventQueue.java:58)
	at Orchestrator.Orchestrator.start(Orchestrator.java:78)
	at Orchestrator.OrchestratorTests.lambda$runOrchestratorInThread$0(OrchestratorTests.java:71)
	at java.base/java.lang.Thread.run(Thread.java:1583)
10:54:20.874 [Thread-2] ERROR Orchestrator.Orchestrator -- Event queue was interrupted
java.lang.InterruptedException: null
	at EventBus.EventQueue.take(EventQueue.java:58)
	at Orchestrator.Orchestrator.start(Orchestrator.java:78)
	at Orchestrator.OrchestratorTests.lambda$runOrchestratorInThread$0(OrchestratorTests.java:71)
	at java.base/java.lang.Thread.run(Thread.java:1583)
10:54:20.874 [Thread-1] ERROR Orchestrator.Orchestrator -- Event queue was interrupted
java.lang.InterruptedException: null
	at EventBus.EventQueue.take(EventQueue.java:58)
	at Orchestrator.Orchestrator.start(Orchestrator.java:78)
	at Orchestrator.OrchestratorTests.lambda$runOrchestratorInThread$0(OrchestratorTests.java:71)
	at java.base/java.lang.Thread.run(Thread.java:1583)
10:54:20.874 [Thread-2] ERROR Orchestrator.Orchestrator -- Event queue was interrupted
java.lang.InterruptedException: null
	at EventBus.EventQueue.take(EventQueue.java:58)
	at Orchestrator.Orchestrator.start(Orchestrator.java:78)
	at Orchestrator.OrchestratorTests.lambda$runOrchestratorInThread$0(OrchestratorTests.java:71)
	at java.base/java.lang.Thread.run(Thread.java:1583)
10:54:20.874 [Thread-1] ERROR Orchestrator.Orchestrator -- Event queue was interrupted
java.lang.InterruptedException: null
	at EventBus.EventQueue.take(EventQueue.java:58)
	at Orchestrator.Orchestrator.start(Orchestrator.java:78)
	at Orchestrator.OrchestratorTests.lambda$runOrchestratorInThread$0(OrchestratorTests.java:71)
	at java.base/java.lang.Thread.run(Thread.java:1583)
10:54:20.874 [Thread-2] ERROR Orchestrator.Orchestrator -- Event queue was interrupted
java.lang.InterruptedException: null
	at EventBus.EventQueue.take(EventQueue.java:58)
	at Orchestrator.Orchestrator.start(Orchestrator.java:78)
	at Orchestrator.OrchestratorTests.lambda$runOrchestratorInThread$0(OrchestratorTests.java:71)
	at java.base/java.lang.Thread.run(Thread.java:1583)
10:54:20.875 [Thread-1] ERROR Orchestrator.Orchestrator -- Event queue was interrupted
java.lang.InterruptedException: null
	at EventBus.EventQueue.take(EventQueue.java:58)
	at Orchestrator.Orchestrator.start(Orchestrator.java:78)
	at Orchestrator.OrchestratorTests.lambda$runOrchestratorInThread$0(OrchestratorTests.java:71)
	at java.base/java.lang.Thread.run(Thread.java:1583)
10:54:20.875 [Thread-2] ERROR Orchestrator.Orchestrator -- Event queue was interrupted
java.lang.InterruptedException: null
	at EventBus.EventQueue.take(EventQueue.java:58)
	at Orchestrator.Orchestrator.start(Orchestrator.java:78)
	at Orchestrator.OrchestratorTests.lambda$runOrchestratorInThread$0(OrchestratorTests.java:71)
	at java.base/java.lang.Thread.run(Thread.java:1583)
10:54:20.875 [Thread-1] ERROR Orchestrator.Orchestrator -- Event queue was interrupted
java.lang.InterruptedException: null
	at EventBus.EventQueue.take(EventQueue.java:58)
	at Orchestrator.Orchestrator.start(Orchestrator.java:78)
	at Orchestrator.OrchestratorTests.lambda$runOrchestratorInThread$0(OrchestratorTests.java:71)
	at java.base/java.lang.Thread.run(Thread.java:1583)
10:54:20.875 [Thread-2] ERROR Orchestrator.Orchestrator -- Event queue was interrupted
java.lang.InterruptedException: null
	at EventBus.EventQueue.take(EventQueue.java:58)
	at Orchestrator.Orchestrator.start(Orchestrator.java:78)
	at Orchestrator.OrchestratorTests.lambda$runOrchestratorInThread$0(OrchestratorTests.java:71)
	at java.base/java.lang.Thread.run(Thread.java:1583)
10:54:20.875 [Thread-1] ERROR Orchestrator.Orchestrator -- Event queue was interrupted
java.lang.InterruptedException: null
	at EventBus.EventQueue.take(EventQueue.java:58)
	at Orchestrator.Orchestrator.start(Orchestrator.java:78)
	at Orchestrator.OrchestratorTests.lambda$runOrchestratorInThread$0(OrchestratorTests.java:71)
	at java.base/java.lang.Thread.run(Thread.java:1583)
10:54:20.875 [Thread-2] ERROR Orchestrator.Orchestrator -- Event queue was interrupted
java.lang.InterruptedException: null
	at EventBus.EventQueue.take(EventQueue.java:58)
	at Orchestrator.Orchestrator.start(Orchestrator.java:78)
	at Orchestrator.OrchestratorTests.lambda$runOrchestratorInThread$0(OrchestratorTests.java:71)
	at java.base/java.lang.Thread.run(Thread.java:1583)
10:54:20.875 [Thread-1] ERROR Orchestrator.Orchestrator -- Event queue was interrupted
java.lang.InterruptedException: null
	at EventBus.EventQueue.take(EventQueue.java:58)
	at Orchestrator.Orchestrator.start(Orchestrator.java:78)
	at Orchestrator.OrchestratorTests.lambda$runOrchestratorInThread$0(OrchestratorTests.java:71)
	at java.base/java.lang.Thread.run(Thread.java:1583)
10:54:20.875 [Thread-2] ERROR Orchestrator.Orchestrator -- Event queue was interrupted
java.lang.InterruptedException: null
	at EventBus.EventQueue.take(EventQueue.java:58)
	at Orchestrator.Orchestrator.start(Orchestrator.java:78)
	at Orchestrator.OrchestratorTests.lambda$runOrchestratorInThread$0(OrchestratorTests.java:71)
	at java.base/java.lang.Thread.run(Thread.java:1583)
10:54:20.875 [Thread-1] ERROR Orchestrator.Orchestrator -- Event queue was interrupted
java.lang.InterruptedException: null
	at EventBus.EventQueue.take(EventQueue.java:58)
	at Orchestrator.Orchestrator.start(Orchestrator.java:78)
	at Orchestrator.OrchestratorTests.lambda$runOrchestratorInThread$0(OrchestratorTests.java:71)
	at java.base/java.lang.Thread.run(Thread.java:1583)
10:54:20.875 [Thread-2] ERROR Orchestrator.Orchestrator -- Event queue was interrupted
java.lang.InterruptedException: null
	at EventBus.EventQueue.take(EventQueue.java:58)
	at Orchestrator.Orchestrator.start(Orchestrator.java:78)
	at Orchestrator.OrchestratorTests.lambda$runOrchestratorInThread$0(OrchestratorTests.java:71)
	at java.base/java.lang.Thread.run(Thread.java:1583)
10:54:20.875 [Thread-1] ERROR Orchestrator.Orchestrator -- Event queue was interrupted
java.lang.InterruptedException: null
	at EventBus.EventQueue.take(EventQueue.java:58)
	at Orchestrator.Orchestrator.start(Orchestrator.java:78)
	at Orchestrator.OrchestratorTests.lambda$runOrchestratorInThread$0(OrchestratorTests.java:71)
	at java.base/java.lang.Thread.run(Thread.java:1583)
10:54:20.875 [Thread-2] ERROR Orchestrator.Orchestrator -- Event queue was interrupted
java.lang.InterruptedException: null
	at EventBus.EventQueue.take(EventQueue.java:58)
	at Orchestrator.Orchestrator.start(Orchestrator.java:78)
	at Orchestrator.OrchestratorTests.lambda$runOrchestratorInThread$0(OrchestratorTests.java:71)
	at java.base/java.lang.Thread.run(Thread.java:1583)
10:54:20.875 [Thread-1] ERROR Orchestrator.Orchestrator -- Event queue was interrupted
java.lang.InterruptedException: null
	at EventBus.EventQueue.take(EventQueue.java:58)
	at Orchestrator.Orchestrator.start(Orchestrator.java:78)
	at Orchestrator.OrchestratorTests.lambda$runOrchestratorInThread$0(OrchestratorTests.java:71)
	at java.base/java.lang.Thread.run(Thread.java:1583)
10:54:20.875 [Thread-2] ERROR Orchestrator.Orchestrator -- Event queue was interrupted
java.lang.InterruptedException: null
	at EventBus.EventQueue.take(EventQueue.java:58)
	at Orchestrator.Orchestrator.start(Orchestrator.java:78)
	at Orchestrator.OrchestratorTests.lambda$runOrchestratorInThread$0(OrchestratorTests.java:71)
	at java.base/java.lang.Thread.run(Thread.java:1583)
10:54:20.875 [Thread-1] ERROR Orchestrator.Orchestrator -- Event queue was interrupted
java.lang.InterruptedException: null
	at EventBus.EventQueue.take(EventQueue.java:58)
	at Orchestrator.Orchestrator.start(Orchestrator.java:78)
	at Orchestrator.OrchestratorTests.lambda$runOrchestratorInThread$0(OrchestratorTests.java:71)
	at java.base/java.lang.Thread.run(Thread.java:1583)
10:54:20.875 [Thread-1] ERROR Orchestrator.Orchestrator -- Event queue was interrupted
java.lang.InterruptedException: null
	at EventBus.EventQueue.take(EventQueue.java:58)
	at Orchestrator.Orchestrator.start(Orchestrator.java:78)
	at Orchestrator.OrchestratorTests.lambda$runOrchestratorInThread$0(OrchestratorTests.java:71)
	at java.base/java.lang.Thread.run(Thread.java:1583)
10:54:20.875 [Thread-1] ERROR Orchestrator.Orchestrator -- Event queue was interrupted
java.lang.InterruptedException: null
	at EventBus.EventQueue.take(EventQueue.java:58)
	at Orchestrator.Orchestrator.start(Orchestrator.java:78)
	at Orchestrator.OrchestratorTests.lambda$runOrchestratorInThread$0(OrchestratorTests.java:71)
	at java.base/java.lang.Thread.run(Thread.java:1583)
10:54:20.876 [Thread-1] ERROR Orchestrator.Orchestrator -- Event queue was interrupted
java.lang.InterruptedException: null
	at EventBus.EventQueue.take(EventQueue.java:58)
	at Orchestrator.Orchestrator.start(Orchestrator.java:78)
	at Orchestrator.OrchestratorTests.lambda$runOrchestratorInThread$0(OrchestratorTests.java:71)
	at java.base/java.lang.Thread.run(Thread.java:1583)
10:54:20.876 [Thread-1] ERROR Orchestrator.Orchestrator -- Event queue was interrupted
java.lang.InterruptedException: null
	at EventBus.EventQueue.take(EventQueue.java:58)
	at Orchestrator.Orchestrator.start(Orchestrator.java:78)
	at Orchestrator.OrchestratorTests.lambda$runOrchestratorInThread$0(OrchestratorTests.java:71)
	at java.base/java.lang.Thread.run(Thread.java:1583)
10:54:20.876 [Thread-1] ERROR Orchestrator.Orchestrator -- Event queue was interrupted
java.lang.InterruptedException: null
	at EventBus.EventQueue.take(EventQueue.java:58)
	at Orchestrator.Orchestrator.start(Orchestrator.java:78)
	at Orchestrator.OrchestratorTests.lambda$runOrchestratorInThread$0(OrchestratorTests.java:71)
	at java.base/java.lang.Thread.run(Thread.java:1583)
10:54:20.876 [Thread-1] ERROR Orchestrator.Orchestrator -- Event queue was interrupted
java.lang.InterruptedException: null
	at EventBus.EventQueue.take(EventQueue.java:58)
	at Orchestrator.Orchestrator.start(Orchestrator.java:78)
	at Orchestrator.OrchestratorTests.lambda$runOrchestratorInThread$0(OrchestratorTests.java:71)
	at java.base/java.lang.Thread.run(Thread.java:1583)
10:54:20.876 [Thread-1] ERROR Orchestrator.Orchestrator -- Event queue was interrupted
java.lang.InterruptedException: null
	at EventBus.EventQueue.take(EventQueue.java:58)
	at Orchestrator.Orchestrator.start(Orchestrator.java:78)
	at Orchestrator.OrchestratorTests.lambda$runOrchestratorInThread$0(OrchestratorTests.java:71)
	at java.base/java.lang.Thread.run(Thread.java:1583)
10:54:20.876 [Thread-1] ERROR Orchestrator.Orchestrator -- Event queue was interrupted
java.lang.InterruptedException: null
	at EventBus.EventQueue.take(EventQueue.java:58)
	at Orchestrator.Orchestrator.start(Orchestrator.java:78)
	at Orchestrator.OrchestratorTests.lambda$runOrchestratorInThread$0(OrchestratorTests.java:71)
	at java.base/java.lang.Thread.run(Thread.java:1583)
10:54:20.876 [Thread-1] ERROR Orchestrator.Orchestrator -- Event queue was interrupted
java.lang.InterruptedException: null
	at EventBus.EventQueue.take(EventQueue.java:58)
	at Orchestrator.Orchestrator.start(Orchestrator.java:78)
	at Orchestrator.OrchestratorTests.lambda$runOrchestratorInThread$0(OrchestratorTests.java:71)
	at java.base/java.lang.Thread.run(Thread.java:1583)
10:54:20.876 [Thread-1] ERROR Orchestrator.Orchestrator -- Event queue was interrupted
java.lang.InterruptedException: null
	at EventBus.EventQueue.take(EventQueue.java:58)
	at Orchestrator.Orchestrator.start(Orchestrator.java:78)
	at Orchestrator.OrchestratorTests.lambda$runOrchestratorInThread$0(OrchestratorTests.java:71)
	at java.base/java.lang.Thread.run(Thread.java:1583)
10:54:20.876 [Thread-1] ERROR Orchestrator.Orchestrator -- Event queue was interrupted
java.lang.InterruptedException: null
	at EventBus.EventQueue.take(EventQueue.java:58)
	at Orchestrator.Orchestrator.start(Orchestrator.java:78)
	at Orchestrator.OrchestratorTests.lambda$runOrchestratorInThread$0(OrchestratorTests.java:71)
	at java.base/java.lang.Thread.run(Thread.java:1583)
10:54:20.876 [Thread-1] ERROR Orchestrator.Orchestrator -- Event queue was interrupted
java.lang.InterruptedException: null
	at EventBus.EventQueue.take(EventQueue.java:58)
	at Orchestrator.Orchestrator.start(Orchestrator.java:78)
	at Orchestrator.OrchestratorTests.lambda$runOrchestratorInThread$0(OrchestratorTests.java:71)
	at java.base/java.lang.Thread.run(Thread.java:1583)
10:54:20.876 [Thread-1] ERROR Orchestrator.Orchestrator -- Event queue was interrupted
java.lang.InterruptedException: null
	at EventBus.EventQueue.take(EventQueue.java:58)
	at Orchestrator.Orchestrator.start(Orchestrator.java:78)
	at Orchestrator.OrchestratorTests.lambda$runOrchestratorInThread$0(OrchestratorTests.java:71)
	at java.base/java.lang.Thread.run(Thread.java:1583)
10:54:20.876 [Thread-1] ERROR Orchestrator.Orchestrator -- Event queue was interrupted
java.lang.InterruptedException: null
	at EventBus.EventQueue.take(EventQueue.java:58)
	at Orchestrator.Orchestrator.start(Orchestrator.java:78)
	at Orchestrator.OrchestratorTests.lambda$runOrchestratorInThread$0(OrchestratorTests.java:71)
	at java.base/java.lang.Thread.run(Thread.java:1583)
10:54:20.876 [Thread-1] ERROR Orchestrator.Orchestrator -- Event queue was interrupted
java.lang.InterruptedException: null
	at EventBus.EventQueue.take(EventQueue.java:58)
	at Orchestrator.Orchestrator.start(Orchestrator.java:78)
	at Orchestrator.OrchestratorTests.lambda$runOrchestratorInThread$0(OrchestratorTests.java:71)
	at java.base/java.lang.Thread.run(Thread.java:1583)
10:54:20.877 [Thread-1] ERROR Orchestrator.Orchestrator -- Event queue was interrupted
java.lang.InterruptedException: null
	at EventBus.EventQueue.take(EventQueue.java:58)
	at Orchestrator.Orchestrator.start(Orchestrator.java:78)
	at Orchestrator.OrchestratorTests.lambda$runOrchestratorInThread$0(OrchestratorTests.java:71)
	at java.base/java.lang.Thread.run(Thread.java:1583)
10:54:20.877 [Thread-1] ERROR Orchestrator.Orchestrator -- Event queue was interrupted
java.lang.InterruptedException: null
	at EventBus.EventQueue.take(EventQueue.java:58)
	at Orchestrator.Orchestrator.start(Orchestrator.java:78)
	at Orchestrator.OrchestratorTests.lambda$runOrchestratorInThread$0(OrchestratorTests.java:71)
	at java.base/java.lang.Thread.run(Thread.java:1583)
10:54:20.877 [Thread-1] ERROR Orchestrator.Orchestrator -- Event queue was interrupted
java.lang.InterruptedException: null
	at EventBus.EventQueue.take(EventQueue.java:58)
	at Orchestrator.Orchestrator.start(Orchestrator.java:78)
	at Orchestrator.OrchestratorTests.lambda$runOrchestratorInThread$0(OrchestratorTests.java:71)
	at java.base/java.lang.Thread.run(Thread.java:1583)
10:54:20.877 [Thread-1] ERROR Orchestrator.Orchestrator -- Event queue was interrupted
java.lang.InterruptedException: null
	at EventBus.EventQueue.take(EventQueue.java:58)
	at Orchestrator.Orchestrator.start(Orchestrator.java:78)
	at Orchestrator.OrchestratorTests.lambda$runOrchestratorInThread$0(OrchestratorTests.java:71)
	at java.base/java.lang.Thread.run(Thread.java:1583)
10:54:20.877 [Thread-1] ERROR Orchestrator.Orchestrator -- Event queue was interrupted
java.lang.InterruptedException: null
	at EventBus.EventQueue.take(EventQueue.java:58)
	at Orchestrator.Orchestrator.start(Orchestrator.java:78)
	at Orchestrator.OrchestratorTests.lambda$runOrchestratorInThread$0(OrchestratorTests.java:71)
	at java.base/java.lang.Thread.run(Thread.java:1583)
10:54:20.877 [Thread-1] ERROR Orchestrator.Orchestrator -- Event queue was interrupted
java.lang.InterruptedException: null
	at EventBus.EventQueue.take(EventQueue.java:58)
	at Orchestrator.Orchestrator.start(Orchestrator.java:78)
	at Orchestrator.OrchestratorTests.lambda$runOrchestratorInThread$0(OrchestratorTests.java:71)
	at java.base/java.lang.Thread.run(Thread.java:1583)
10:54:20.877 [Thread-1] ERROR Orchestrator.Orchestrator -- Event queue was interrupted
java.lang.InterruptedException: null
	at EventBus.EventQueue.take(EventQueue.java:58)
	at Orchestrator.Orchestrator.start(Orchestrator.java:78)
	at Orchestrator.OrchestratorTests.lambda$runOrchestratorInThread$0(OrchestratorTests.java:71)
	at java.base/java.lang.Thread.run(Thread.java:1583)
10:54:20.877 [Thread-1] ERROR Orchestrator.Orchestrator -- Event queue was interrupted
java.lang.InterruptedException: null
	at EventBus.EventQueue.take(EventQueue.java:58)
	at Orchestrator.Orchestrator.start(Orchestrator.java:78)
	at Orchestrator.OrchestratorTests.lambda$runOrchestratorInThread$0(OrchestratorTests.java:71)
	at java.base/java.lang.Thread.run(Thread.java:1583)
10:54:20.877 [Thread-1] ERROR Orchestrator.Orchestrator -- Event queue was interrupted
java.lang.InterruptedException: null
	at EventBus.EventQueue.take(EventQueue.java:58)
	at Orchestrator.Orchestrator.start(Orchestrator.java:78)
	at Orchestrator.OrchestratorTests.lambda$runOrchestratorInThread$0(OrchestratorTests.java:71)
	at java.base/java.lang.Thread.run(Thread.java:1583)
10:54:20.877 [Thread-1] ERROR Orchestrator.Orchestrator -- Event queue was interrupted
java.lang.InterruptedException: null
	at EventBus.EventQueue.take(EventQueue.java:58)
	at Orchestrator.Orchestrator.start(Orchestrator.java:78)
	at Orchestrator.OrchestratorTests.lambda$runOrchestratorInThread$0(OrchestratorTests.java:71)
	at java.base/java.lang.Thread.run(Thread.java:1583)
10:54:20.877 [Thread-1] ERROR Orchestrator.Orchestrator -- Event queue was interrupted
java.lang.InterruptedException: null
	at EventBus.EventQueue.take(EventQueue.java:58)
	at Orchestrator.Orchestrator.start(Orchestrator.java:78)
	at Orchestrator.OrchestratorTests.lambda$runOrchestratorInThread$0(OrchestratorTests.java:71)
	at java.base/java.lang.Thread.run(Thread.java:1583)
10:54:20.878 [Thread-1] ERROR Orchestrator.Orchestrator -- Event queue was interrupted
java.lang.InterruptedException: null
	at EventBus.EventQueue.take(EventQueue.java:58)
	at Orchestrator.Orchestrator.start(Orchestrator.java:78)
	at Orchestrator.OrchestratorTests.lambda$runOrchestratorInThread$0(OrchestratorTests.java:71)
	at java.base/java.lang.Thread.run(Thread.java:1583)
10:54:20.878 [Thread-1] ERROR Orchestrator.Orchestrator -- Event queue was interrupted
java.lang.InterruptedException: null
	at EventBus.EventQueue.take(EventQueue.java:58)
	at Orchestrator.Orchestrator.start(Orchestrator.java:78)
	at Orchestrator.OrchestratorTests.lambda$runOrchestratorInThread$0(OrchestratorTests.java:71)
	at java.base/java.lang.Thread.run(Thread.java:1583)
10:54:20.878 [Thread-1] ERROR Orchestrator.Orchestrator -- Event queue was interrupted
java.lang.InterruptedException: null
	at EventBus.EventQueue.take(EventQueue.java:58)
	at Orchestrator.Orchestrator.start(Orchestrator.java:78)
	at Orchestrator.OrchestratorTests.lambda$runOrchestratorInThread$0(OrchestratorTests.java:71)
	at java.base/java.lang.Thread.run(Thread.java:1583)
10:54:20.878 [Thread-1] ERROR Orchestrator.Orchestrator -- Event queue was interrupted
java.lang.InterruptedException: null
	at EventBus.EventQueue.take(EventQueue.java:58)
	at Orchestrator.Orchestrator.start(Orchestrator.java:78)
	at Orchestrator.OrchestratorTests.lambda$runOrchestratorInThread$0(OrchestratorTests.java:71)
	at java.base/java.lang.Thread.run(Thread.java:1583)
10:54:20.878 [Thread-1] ERROR Orchestrator.Orchestrator -- Event queue was interrupted
java.lang.InterruptedException: null
	at EventBus.EventQueue.take(EventQueue.java:58)
	at Orchestrator.Orchestrator.start(Orchestrator.java:78)
	at Orchestrator.OrchestratorTests.lambda$runOrchestratorInThread$0(OrchestratorTests.java:71)
	at java.base/java.lang.Thread.run(Thread.java:1583)
10:54:20.878 [Thread-1] ERROR Orchestrator.Orchestrator -- Event queue was interrupted
java.lang.InterruptedException: null
	at EventBus.EventQueue.take(EventQueue.java:58)
	at Orchestrator.Orchestrator.start(Orchestrator.java:78)
	at Orchestrator.OrchestratorTests.lambda$runOrchestratorInThread$0(OrchestratorTests.java:71)
	at java.base/java.lang.Thread.run(Thread.java:1583)
10:54:20.878 [Thread-1] ERROR Orchestrator.Orchestrator -- Event queue was interrupted
java.lang.InterruptedException: null
	at EventBus.EventQueue.take(EventQueue.java:58)
	at Orchestrator.Orchestrator.start(Orchestrator.java:78)
	at Orchestrator.OrchestratorTests.lambda$runOrchestratorInThread$0(OrchestratorTests.java:71)
	at java.base/java.lang.Thread.run(Thread.java:1583)
10:54:20.878 [Thread-1] ERROR Orchestrator.Orchestrator -- Event queue was interrupted
java.lang.InterruptedException: null
	at EventBus.EventQueue.take(EventQueue.java:58)
	at Orchestrator.Orchestrator.start(Orchestrator.java:78)
	at Orchestrator.OrchestratorTests.lambda$runOrchestratorInThread$0(OrchestratorTests.java:71)
	at java.base/java.lang.Thread.run(Thread.java:1583)
10:54:20.878 [Thread-1] ERROR Orchestrator.Orchestrator -- Event queue was interrupted
java.lang.InterruptedException: null
	at EventBus.EventQueue.take(EventQueue.java:58)
	at Orchestrator.Orchestrator.start(Orchestrator.java:78)
	at Orchestrator.OrchestratorTests.lambda$runOrchestratorInThread$0(OrchestratorTests.java:71)
	at java.base/java.lang.Thread.run(Thread.java:1583)
10:54:20.878 [Thread-1] ERROR Orchestrator.Orchestrator -- Event queue was interrupted
java.lang.InterruptedException: null
	at EventBus.EventQueue.take(EventQueue.java:58)
	at Orchestrator.Orchestrator.start(Orchestrator.java:78)
	at Orchestrator.OrchestratorTests.lambda$runOrchestratorInThread$0(OrchestratorTests.java:71)
	at java.base/java.lang.Thread.run(Thread.java:1583)
10:54:20.878 [Thread-1] ERROR Orchestrator.Orchestrator -- Event queue was interrupted
java.lang.InterruptedException: null
	at EventBus.EventQueue.take(EventQueue.java:58)
	at Orchestrator.Orchestrator.start(Orchestrator.java:78)
	at Orchestrator.OrchestratorTests.lambda$runOrchestratorInThread$0(OrchestratorTests.java:71)
	at java.base/java.lang.Thread.run(Thread.java:1583)
10:54:20.875 [Thread-2] ERROR Orchestrator.Orchestrator -- Event queue was interrupted
java.lang.InterruptedException: null
	at EventBus.EventQueue.take(EventQueue.java:58)
	at Orchestrator.Orchestrator.start(Orchestrator.java:78)
	at Orchestrator.OrchestratorTests.lambda$runOrchestratorInThread$0(OrchestratorTests.java:71)
	at java.base/java.lang.Thread.run(Thread.java:1583)
10:54:20.879 [Thread-1] ERROR Orchestrator.Orchestrator -- Event queue was interrupted
java.lang.InterruptedException: null
	at EventBus.EventQueue.take(EventQueue.java:58)
	at Orchestrator.Orchestrator.start(Orchestrator.java:78)
	at Orchestrator.OrchestratorTests.lambda$runOrchestratorInThread$0(OrchestratorTests.java:71)
	at java.base/java.lang.Thread.run(Thread.java:1583)
10:54:20.879 [Thread-2] ERROR Orchestrator.Orchestrator -- Event queue was interrupted
java.lang.InterruptedException: null
	at EventBus.EventQueue.take(EventQueue.java:58)
	at Orchestrator.Orchestrator.start(Orchestrator.java:78)
	at Orchestrator.OrchestratorTests.lambda$runOrchestratorInThread$0(OrchestratorTests.java:71)
	at java.base/java.lang.Thread.run(Thread.java:1583)
10:54:20.879 [Thread-1] ERROR Orchestrator.Orchestrator -- Event queue was interrupted
java.lang.InterruptedException: null
	at EventBus.EventQueue.take(EventQueue.java:58)
	at Orchestrator.Orchestrator.start(Orchestrator.java:78)
	at Orchestrator.OrchestratorTests.lambda$runOrchestratorInThread$0(OrchestratorTests.java:71)
	at java.base/java.lang.Thread.run(Thread.java:1583)
10:54:20.879 [Thread-2] ERROR Orchestrator.Orchestrator -- Event queue was interrupted
java.lang.InterruptedException: null
	at EventBus.EventQueue.take(EventQueue.java:58)
	at Orchestrator.Orchestrator.start(Orchestrator.java:78)
	at Orchestrator.OrchestratorTests.lambda$runOrchestratorInThread$0(OrchestratorTests.java:71)
	at java.base/java.lang.Thread.run(Thread.java:1583)
10:54:20.879 [Thread-1] ERROR Orchestrator.Orchestrator -- Event queue was interrupted
java.lang.InterruptedException: null
	at EventBus.EventQueue.take(EventQueue.java:58)
	at Orchestrator.Orchestrator.start(Orchestrator.java:78)
	at Orchestrator.OrchestratorTests.lambda$runOrchestratorInThread$0(OrchestratorTests.java:71)
	at java.base/java.lang.Thread.run(Thread.java:1583)
10:54:20.879 [Thread-2] ERROR Orchestrator.Orchestrator -- Event queue was interrupted
java.lang.InterruptedException: null
	at EventBus.EventQueue.take(EventQueue.java:58)
	at Orchestrator.Orchestrator.start(Orchestrator.java:78)
	at Orchestrator.OrchestratorTests.lambda$runOrchestratorInThread$0(OrchestratorTests.java:71)
	at java.base/java.lang.Thread.run(Thread.java:1583)
10:54:20.879 [Thread-1] ERROR Orchestrator.Orchestrator -- Event queue was interrupted
java.lang.InterruptedException: null
	at EventBus.EventQueue.take(EventQueue.java:58)
	at Orchestrator.Orchestrator.start(Orchestrator.java:78)
	at Orchestrator.OrchestratorTests.lambda$runOrchestratorInThread$0(OrchestratorTests.java:71)
	at java.base/java.lang.Thread.run(Thread.java:1583)
10:54:20.879 [Thread-2] ERROR Orchestrator.Orchestrator -- Event queue was interrupted
java.lang.InterruptedException: null
	at EventBus.EventQueue.take(EventQueue.java:58)
	at Orchestrator.Orchestrator.start(Orchestrator.java:78)
	at Orchestrator.OrchestratorTests.lambda$runOrchestratorInThread$0(OrchestratorTests.java:71)
	at java.base/java.lang.Thread.run(Thread.java:1583)
10:54:20.879 [Thread-1] ERROR Orchestrator.Orchestrator -- Event queue was interrupted
java.lang.InterruptedException: null
	at EventBus.EventQueue.take(EventQueue.java:58)
	at Orchestrator.Orchestrator.start(Orchestrator.java:78)
	at Orchestrator.OrchestratorTests.lambda$runOrchestratorInThread$0(OrchestratorTests.java:71)
	at java.base/java.lang.Thread.run(Thread.java:1583)
10:54:20.879 [Thread-2] ERROR Orchestrator.Orchestrator -- Event queue was interrupted
java.lang.InterruptedException: null
	at EventBus.EventQueue.take(EventQueue.java:58)
	at Orchestrator.Orchestrator.start(Orchestrator.java:78)
	at Orchestrator.OrchestratorTests.lambda$runOrchestratorInThread$0(OrchestratorTests.java:71)
	at java.base/java.lang.Thread.run(Thread.java:1583)
10:54:20.880 [Thread-1] ERROR Orchestrator.Orchestrator -- Event queue was interrupted
java.lang.InterruptedException: null
	at EventBus.EventQueue.take(EventQueue.java:58)
	at Orchestrator.Orchestrator.start(Orchestrator.java:78)
	at Orchestrator.OrchestratorTests.lambda$runOrchestratorInThread$0(OrchestratorTests.java:71)
	at java.base/java.lang.Thread.run(Thread.java:1583)
10:54:20.880 [Thread-2] ERROR Orchestrator.Orchestrator -- Event queue was interrupted
java.lang.InterruptedException: null
	at EventBus.EventQueue.take(EventQueue.java:58)
	at Orchestrator.Orchestrator.start(Orchestrator.java:78)
	at Orchestrator.OrchestratorTests.lambda$runOrchestratorInThread$0(OrchestratorTests.java:71)
	at java.base/java.lang.Thread.run(Thread.java:1583)
10:54:20.880 [Thread-1] ERROR Orchestrator.Orchestrator -- Event queue was interrupted
java.lang.InterruptedException: null
	at EventBus.EventQueue.take(EventQueue.java:58)
	at Orchestrator.Orchestrator.start(Orchestrator.java:78)
	at Orchestrator.OrchestratorTests.lambda$runOrchestratorInThread$0(OrchestratorTests.java:71)
	at java.base/java.lang.Thread.run(Thread.java:1583)
10:54:20.880 [Thread-2] ERROR Orchestrator.Orchestrator -- Event queue was interrupted
java.lang.InterruptedException: null
	at EventBus.EventQueue.take(EventQueue.java:58)
	at Orchestrator.Orchestrator.start(Orchestrator.java:78)
	at Orchestrator.OrchestratorTests.lambda$runOrchestratorInThread$0(OrchestratorTests.java:71)
	at java.base/java.lang.Thread.run(Thread.java:1583)
10:54:20.880 [Thread-1] ERROR Orchestrator.Orchestrator -- Event queue was interrupted
java.lang.InterruptedException: null
	at EventBus.EventQueue.take(EventQueue.java:58)
	at Orchestrator.Orchestrator.start(Orchestrator.java:78)
	at Orchestrator.OrchestratorTests.lambda$runOrchestratorInThread$0(OrchestratorTests.java:71)
	at java.base/java.lang.Thread.run(Thread.java:1583)
10:54:20.880 [Thread-1] ERROR Orchestrator.Orchestrator -- Event queue was interrupted
java.lang.InterruptedException: null
	at EventBus.EventQueue.take(EventQueue.java:58)
	at Orchestrator.Orchestrator.start(Orchestrator.java:78)
	at Orchestrator.OrchestratorTests.lambda$runOrchestratorInThread$0(OrchestratorTests.java:71)
	at java.base/java.lang.Thread.run(Thread.java:1583)
10:54:20.880 [Thread-2] ERROR Orchestrator.Orchestrator -- Event queue was interrupted
java.lang.InterruptedException: null
	at EventBus.EventQueue.take(EventQueue.java:58)
	at Orchestrator.Orchestrator.start(Orchestrator.java:78)
	at Orchestrator.OrchestratorTests.lambda$runOrchestratorInThread$0(OrchestratorTests.java:71)
	at java.base/java.lang.Thread.run(Thread.java:1583)
10:54:20.880 [Thread-1] ERROR Orchestrator.Orchestrator -- Event queue was interrupted
java.lang.InterruptedException: null
	at EventBus.EventQueue.take(EventQueue.java:58)
	at Orchestrator.Orchestrator.start(Orchestrator.java:78)
	at Orchestrator.OrchestratorTests.lambda$runOrchestratorInThread$0(OrchestratorTests.java:71)
	at java.base/java.lang.Thread.run(Thread.java:1583)
10:54:20.880 [Thread-2] ERROR Orchestrator.Orchestrator -- Event queue was interrupted
java.lang.InterruptedException: null
	at EventBus.EventQueue.take(EventQueue.java:58)
	at Orchestrator.Orchestrator.start(Orchestrator.java:78)
	at Orchestrator.OrchestratorTests.lambda$runOrchestratorInThread$0(OrchestratorTests.java:71)
	at java.base/java.lang.Thread.run(Thread.java:1583)
10:54:20.880 [Thread-1] ERROR Orchestrator.Orchestrator -- Event queue was interrupted
java.lang.InterruptedException: null
	at EventBus.EventQueue.take(EventQueue.java:58)
	at Orchestrator.Orchestrator.start(Orchestrator.java:78)
	at Orchestrator.OrchestratorTests.lambda$runOrchestratorInThread$0(OrchestratorTests.java:71)
	at java.base/java.lang.Thread.run(Thread.java:1583)
10:54:20.880 [Thread-2] ERROR Orchestrator.Orchestrator -- Event queue was interrupted
java.lang.InterruptedException: null
	at EventBus.EventQueue.take(EventQueue.java:58)
	at Orchestrator.Orchestrator.start(Orchestrator.java:78)
	at Orchestrator.OrchestratorTests.lambda$runOrchestratorInThread$0(OrchestratorTests.java:71)
	at java.base/java.lang.Thread.run(Thread.java:1583)
10:54:20.881 [Thread-1] ERROR Orchestrator.Orchestrator -- Event queue was interrupted
java.lang.InterruptedException: null
	at EventBus.EventQueue.take(EventQueue.java:58)
	at Orchestrator.Orchestrator.start(Orchestrator.java:78)
	at Orchestrator.OrchestratorTests.lambda$runOrchestratorInThread$0(OrchestratorTests.java:71)
	at java.base/java.lang.Thread.run(Thread.java:1583)
10:54:20.881 [Thread-2] ERROR Orchestrator.Orchestrator -- Event queue was interrupted
java.lang.InterruptedException: null
	at EventBus.EventQueue.take(EventQueue.java:58)
	at Orchestrator.Orchestrator.start(Orchestrator.java:78)
	at Orchestrator.OrchestratorTests.lambda$runOrchestratorInThread$0(OrchestratorTests.java:71)
	at java.base/java.lang.Thread.run(Thread.java:1583)
10:54:20.881 [Thread-1] ERROR Orchestrator.Orchestrator -- Event queue was interrupted
java.lang.InterruptedException: null
	at EventBus.EventQueue.take(EventQueue.java:58)
	at Orchestrator.Orchestrator.start(Orchestrator.java:78)
	at Orchestrator.OrchestratorTests.lambda$runOrchestratorInThread$0(OrchestratorTests.java:71)
	at java.base/java.lang.Thread.run(Thread.java:1583)
10:54:20.881 [Thread-2] ERROR Orchestrator.Orchestrator -- Event queue was interrupted
java.lang.InterruptedException: null
	at EventBus.EventQueue.take(EventQueue.java:58)
	at Orchestrator.Orchestrator.start(Orchestrator.java:78)
	at Orchestrator.OrchestratorTests.lambda$runOrchestratorInThread$0(OrchestratorTests.java:71)
	at java.base/java.lang.Thread.run(Thread.java:1583)
10:54:20.881 [Thread-1] ERROR Orchestrator.Orchestrator -- Event queue was interrupted
java.lang.InterruptedException: null
	at EventBus.EventQueue.take(EventQueue.java:58)
	at Orchestrator.Orchestrator.start(Orchestrator.java:78)
	at Orchestrator.OrchestratorTests.lambda$runOrchestratorInThread$0(OrchestratorTests.java:71)
	at java.base/java.lang.Thread.run(Thread.java:1583)
10:54:20.881 [Thread-2] ERROR Orchestrator.Orchestrator -- Event queue was interrupted
java.lang.InterruptedException: null
	at EventBus.EventQueue.take(EventQueue.java:58)
	at Orchestrator.Orchestrator.start(Orchestrator.java:78)
	at Orchestrator.OrchestratorTests.lambda$runOrchestratorInThread$0(OrchestratorTests.java:71)
	at java.base/java.lang.Thread.run(Thread.java:1583)
10:54:20.881 [Thread-1] ERROR Orchestrator.Orchestrator -- Event queue was interrupted
java.lang.InterruptedException: null
	at EventBus.EventQueue.take(EventQueue.java:58)
	at Orchestrator.Orchestrator.start(Orchestrator.java:78)
	at Orchestrator.OrchestratorTests.lambda$runOrchestratorInThread$0(OrchestratorTests.java:71)
	at java.base/java.lang.Thread.run(Thread.java:1583)
10:54:20.881 [Thread-2] ERROR Orchestrator.Orchestrator -- Event queue was interrupted
java.lang.InterruptedException: null
	at EventBus.EventQueue.take(EventQueue.java:58)
	at Orchestrator.Orchestrator.start(Orchestrator.java:78)
	at Orchestrator.OrchestratorTests.lambda$runOrchestratorInThread$0(OrchestratorTests.java:71)
	at java.base/java.lang.Thread.run(Thread.java:1583)
10:54:20.881 [Thread-1] ERROR Orchestrator.Orchestrator -- Event queue was interrupted
java.lang.InterruptedException: null
	at EventBus.EventQueue.take(EventQueue.java:58)
	at Orchestrator.Orchestrator.start(Orchestrator.java:78)
	at Orchestrator.OrchestratorTests.lambda$runOrchestratorInThread$0(OrchestratorTests.java:71)
	at java.base/java.lang.Thread.run(Thread.java:1583)
10:54:20.881 [Thread-2] ERROR Orchestrator.Orchestrator -- Event queue was interrupted
java.lang.InterruptedException: null
	at EventBus.EventQueue.take(EventQueue.java:58)
	at Orchestrator.Orchestrator.start(Orchestrator.java:78)
	at Orchestrator.OrchestratorTests.lambda$runOrchestratorInThread$0(OrchestratorTests.java:71)
	at java.base/java.lang.Thread.run(Thread.java:1583)
10:54:20.881 [Thread-1] ERROR Orchestrator.Orchestrator -- Event queue was interrupted
java.lang.InterruptedException: null
	at EventBus.EventQueue.take(EventQueue.java:58)
	at Orchestrator.Orchestrator.start(Orchestrator.java:78)
	at Orchestrator.OrchestratorTests.lambda$runOrchestratorInThread$0(OrchestratorTests.java:71)
	at java.base/java.lang.Thread.run(Thread.java:1583)
10:54:20.881 [Thread-2] ERROR Orchestrator.Orchestrator -- Event queue was interrupted
java.lang.InterruptedException: null
	at EventBus.EventQueue.take(EventQueue.java:58)
	at Orchestrator.Orchestrator.start(Orchestrator.java:78)
	at Orchestrator.OrchestratorTests.lambda$runOrchestratorInThread$0(OrchestratorTests.java:71)
	at java.base/java.lang.Thread.run(Thread.java:1583)
10:54:20.881 [Thread-1] ERROR Orchestrator.Orchestrator -- Event queue was interrupted
java.lang.InterruptedException: null
	at EventBus.EventQueue.take(EventQueue.java:58)
	at Orchestrator.Orchestrator.start(Orchestrator.java:78)
	at Orchestrator.OrchestratorTests.lambda$runOrchestratorInThread$0(OrchestratorTests.java:71)
	at java.base/java.lang.Thread.run(Thread.java:1583)
10:54:20.881 [Thread-2] ERROR Orchestrator.Orchestrator -- Event queue was interrupted
java.lang.InterruptedException: null
	at EventBus.EventQueue.take(EventQueue.java:58)
	at Orchestrator.Orchestrator.start(Orchestrator.java:78)
	at Orchestrator.OrchestratorTests.lambda$runOrchestratorInThread$0(OrchestratorTests.java:71)
	at java.base/java.lang.Thread.run(Thread.java:1583)
10:54:20.881 [Thread-1] ERROR Orchestrator.Orchestrator -- Event queue was interrupted
java.lang.InterruptedException: null
	at EventBus.EventQueue.take(EventQueue.java:58)
	at Orchestrator.Orchestrator.start(Orchestrator.java:78)
	at Orchestrator.OrchestratorTests.lambda$runOrchestratorInThread$0(OrchestratorTests.java:71)
	at java.base/java.lang.Thread.run(Thread.java:1583)
10:54:20.881 [Thread-2] ERROR Orchestrator.Orchestrator -- Event queue was interrupted
java.lang.InterruptedException: null
	at EventBus.EventQueue.take(EventQueue.java:58)
	at Orchestrator.Orchestrator.start(Orchestrator.java:78)
	at Orchestrator.OrchestratorTests.lambda$runOrchestratorInThread$0(OrchestratorTests.java:71)
	at java.base/java.lang.Thread.run(Thread.java:1583)
10:54:20.881 [Thread-1] ERROR Orchestrator.Orchestrator -- Event queue was interrupted
java.lang.InterruptedException: null
	at EventBus.EventQueue.take(EventQueue.java:58)
	at Orchestrator.Orchestrator.start(Orchestrator.java:78)
	at Orchestrator.OrchestratorTests.lambda$runOrchestratorInThread$0(OrchestratorTests.java:71)
	at java.base/java.lang.Thread.run(Thread.java:1583)
10:54:20.881 [Thread-2] ERROR Orchestrator.Orchestrator -- Event queue was interrupted
java.lang.InterruptedException: null
	at EventBus.EventQueue.take(EventQueue.java:58)
	at Orchestrator.Orchestrator.start(Orchestrator.java:78)
	at Orchestrator.OrchestratorTests.lambda$runOrchestratorInThread$0(OrchestratorTests.java:71)
	at java.base/java.lang.Thread.run(Thread.java:1583)
10:54:20.882 [Thread-1] ERROR Orchestrator.Orchestrator -- Event queue was interrupted
java.lang.InterruptedException: null
	at EventBus.EventQueue.take(EventQueue.java:58)
	at Orchestrator.Orchestrator.start(Orchestrator.java:78)
	at Orchestrator.OrchestratorTests.lambda$runOrchestratorInThread$0(OrchestratorTests.java:71)
	at java.base/java.lang.Thread.run(Thread.java:1583)
10:54:20.882 [Thread-2] ERROR Orchestrator.Orchestrator -- Event queue was interrupted
java.lang.InterruptedException: null
	at EventBus.EventQueue.take(EventQueue.java:58)
	at Orchestrator.Orchestrator.start(Orchestrator.java:78)
	at Orchestrator.OrchestratorTests.lambda$runOrchestratorInThread$0(OrchestratorTests.java:71)
	at java.base/java.lang.Thread.run(Thread.java:1583)
10:54:20.882 [Thread-1] ERROR Orchestrator.Orchestrator -- Event queue was interrupted
java.lang.InterruptedException: null
	at EventBus.EventQueue.take(EventQueue.java:58)
	at Orchestrator.Orchestrator.start(Orchestrator.java:78)
	at Orchestrator.OrchestratorTests.lambda$runOrchestratorInThread$0(OrchestratorTests.java:71)
	at java.base/java.lang.Thread.run(Thread.java:1583)
10:54:20.882 [Thread-2] ERROR Orchestrator.Orchestrator -- Event queue was interrupted
java.lang.InterruptedException: null
	at EventBus.EventQueue.take(EventQueue.java:58)
	at Orchestrator.Orchestrator.start(Orchestrator.java:78)
	at Orchestrator.OrchestratorTests.lambda$runOrchestratorInThread$0(OrchestratorTests.java:71)
	at java.base/java.lang.Thread.run(Thread.java:1583)
10:54:20.882 [Thread-1] ERROR Orchestrator.Orchestrator -- Event queue was interrupted
java.lang.InterruptedException: null
	at EventBus.EventQueue.take(EventQueue.java:58)
	at Orchestrator.Orchestrator.start(Orchestrator.java:78)
	at Orchestrator.OrchestratorTests.lambda$runOrchestratorInThread$0(OrchestratorTests.java:71)
	at java.base/java.lang.Thread.run(Thread.java:1583)
10:54:20.882 [Thread-2] ERROR Orchestrator.Orchestrator -- Event queue was interrupted
java.lang.InterruptedException: null
	at EventBus.EventQueue.take(EventQueue.java:58)
	at Orchestrator.Orchestrator.start(Orchestrator.java:78)
	at Orchestrator.OrchestratorTests.lambda$runOrchestratorInThread$0(OrchestratorTests.java:71)
	at java.base/java.lang.Thread.run(Thread.java:1583)
10:54:20.882 [Thread-1] ERROR Orchestrator.Orchestrator -- Event queue was interrupted
java.lang.InterruptedException: null
	at EventBus.EventQueue.take(EventQueue.java:58)
	at Orchestrator.Orchestrator.start(Orchestrator.java:78)
	at Orchestrator.OrchestratorTests.lambda$runOrchestratorInThread$0(OrchestratorTests.java:71)
	at java.base/java.lang.Thread.run(Thread.java:1583)
10:54:20.882 [Thread-2] ERROR Orchestrator.Orchestrator -- Event queue was interrupted
java.lang.InterruptedException: null
	at EventBus.EventQueue.take(EventQueue.java:58)
	at Orchestrator.Orchestrator.start(Orchestrator.java:78)
	at Orchestrator.OrchestratorTests.lambda$runOrchestratorInThread$0(OrchestratorTests.java:71)
	at java.base/java.lang.Thread.run(Thread.java:1583)
10:54:20.882 [Thread-1] ERROR Orchestrator.Orchestrator -- Event queue was interrupted
java.lang.InterruptedException: null
	at EventBus.EventQueue.take(EventQueue.java:58)
	at Orchestrator.Orchestrator.start(Orchestrator.java:78)
	at Orchestrator.OrchestratorTests.lambda$runOrchestratorInThread$0(OrchestratorTests.java:71)
	at java.base/java.lang.Thread.run(Thread.java:1583)
10:54:20.882 [Thread-2] ERROR Orchestrator.Orchestrator -- Event queue was interrupted
java.lang.InterruptedException: null
	at EventBus.EventQueue.take(EventQueue.java:58)
	at Orchestrator.Orchestrator.start(Orchestrator.java:78)
	at Orchestrator.OrchestratorTests.lambda$runOrchestratorInThread$0(OrchestratorTests.java:71)
	at java.base/java.lang.Thread.run(Thread.java:1583)
10:54:20.882 [Thread-1] ERROR Orchestrator.Orchestrator -- Event queue was interrupted
java.lang.InterruptedException: null
	at EventBus.EventQueue.take(EventQueue.java:58)
	at Orchestrator.Orchestrator.start(Orchestrator.java:78)
	at Orchestrator.OrchestratorTests.lambda$runOrchestratorInThread$0(OrchestratorTests.java:71)
	at java.base/java.lang.Thread.run(Thread.java:1583)
10:54:20.882 [Thread-2] ERROR Orchestrator.Orchestrator -- Event queue was interrupted
java.lang.InterruptedException: null
	at EventBus.EventQueue.take(EventQueue.java:58)
	at Orchestrator.Orchestrator.start(Orchestrator.java:78)
	at Orchestrator.OrchestratorTests.lambda$runOrchestratorInThread$0(OrchestratorTests.java:71)
	at java.base/java.lang.Thread.run(Thread.java:1583)
10:54:20.882 [Thread-1] ERROR Orchestrator.Orchestrator -- Event queue was interrupted
java.lang.InterruptedException: null
	at EventBus.EventQueue.take(EventQueue.java:58)
	at Orchestrator.Orchestrator.start(Orchestrator.java:78)
	at Orchestrator.OrchestratorTests.lambda$runOrchestratorInThread$0(OrchestratorTests.java:71)
	at java.base/java.lang.Thread.run(Thread.java:1583)
10:54:20.882 [Thread-2] ERROR Orchestrator.Orchestrator -- Event queue was interrupted
java.lang.InterruptedException: null
	at EventBus.EventQueue.take(EventQueue.java:58)
	at Orchestrator.Orchestrator.start(Orchestrator.java:78)
	at Orchestrator.OrchestratorTests.lambda$runOrchestratorInThread$0(OrchestratorTests.java:71)
	at java.base/java.lang.Thread.run(Thread.java:1583)
10:54:20.882 [Thread-1] ERROR Orchestrator.Orchestrator -- Event queue was interrupted
java.lang.InterruptedException: null
	at EventBus.EventQueue.take(EventQueue.java:58)
	at Orchestrator.Orchestrator.start(Orchestrator.java:78)
	at Orchestrator.OrchestratorTests.lambda$runOrchestratorInThread$0(OrchestratorTests.java:71)
	at java.base/java.lang.Thread.run(Thread.java:1583)
10:54:20.882 [Thread-2] ERROR Orchestrator.Orchestrator -- Event queue was interrupted
java.lang.InterruptedException: null
	at EventBus.EventQueue.take(EventQueue.java:58)
	at Orchestrator.Orchestrator.start(Orchestrator.java:78)
	at Orchestrator.OrchestratorTests.lambda$runOrchestratorInThread$0(OrchestratorTests.java:71)
	at java.base/java.lang.Thread.run(Thread.java:1583)
10:54:20.882 [Thread-1] ERROR Orchestrator.Orchestrator -- Event queue was interrupted
java.lang.InterruptedException: null
	at EventBus.EventQueue.take(EventQueue.java:58)
	at Orchestrator.Orchestrator.start(Orchestrator.java:78)
	at Orchestrator.OrchestratorTests.lambda$runOrchestratorInThread$0(OrchestratorTests.java:71)
	at java.base/java.lang.Thread.run(Thread.java:1583)
10:54:20.882 [Thread-2] ERROR Orchestrator.Orchestrator -- Event queue was interrupted
java.lang.InterruptedException: null
	at EventBus.EventQueue.take(EventQueue.java:58)
	at Orchestrator.Orchestrator.start(Orchestrator.java:78)
	at Orchestrator.OrchestratorTests.lambda$runOrchestratorInThread$0(OrchestratorTests.java:71)
	at java.base/java.lang.Thread.run(Thread.java:1583)
10:54:20.882 [Thread-1] ERROR Orchestrator.Orchestrator -- Event queue was interrupted
java.lang.InterruptedException: null
	at EventBus.EventQueue.take(EventQueue.java:58)
	at Orchestrator.Orchestrator.start(Orchestrator.java:78)
	at Orchestrator.OrchestratorTests.lambda$runOrchestratorInThread$0(OrchestratorTests.java:71)
	at java.base/java.lang.Thread.run(Thread.java:1583)
10:54:20.882 [Thread-2] ERROR Orchestrator.Orchestrator -- Event queue was interrupted
java.lang.InterruptedException: null
	at EventBus.EventQueue.take(EventQueue.java:58)
	at Orchestrator.Orchestrator.start(Orchestrator.java:78)
	at Orchestrator.OrchestratorTests.lambda$runOrchestratorInThread$0(OrchestratorTests.java:71)
	at java.base/java.lang.Thread.run(Thread.java:1583)
10:54:20.882 [Thread-1] ERROR Orchestrator.Orchestrator -- Event queue was interrupted
java.lang.InterruptedException: null
	at EventBus.EventQueue.take(EventQueue.java:58)
	at Orchestrator.Orchestrator.start(Orchestrator.java:78)
	at Orchestrator.OrchestratorTests.lambda$runOrchestratorInThread$0(OrchestratorTests.java:71)
	at java.base/java.lang.Thread.run(Thread.java:1583)
10:54:20.882 [Thread-2] ERROR Orchestrator.Orchestrator -- Event queue was interrupted
java.lang.InterruptedException: null
	at EventBus.EventQueue.take(EventQueue.java:58)
	at Orchestrator.Orchestrator.start(Orchestrator.java:78)
	at Orchestrator.OrchestratorTests.lambda$runOrchestratorInThread$0(OrchestratorTests.java:71)
	at java.base/java.lang.Thread.run(Thread.java:1583)
10:54:20.883 [Thread-2] ERROR Orchestrator.Orchestrator -- Event queue was interrupted
java.lang.InterruptedException: null
	at EventBus.EventQueue.take(EventQueue.java:58)
	at Orchestrator.Orchestrator.start(Orchestrator.java:78)
	at Orchestrator.OrchestratorTests.lambda$runOrchestratorInThread$0(OrchestratorTests.java:71)
	at java.base/java.lang.Thread.run(Thread.java:1583)
10:54:20.883 [Thread-2] ERROR Orchestrator.Orchestrator -- Event queue was interrupted
java.lang.InterruptedException: null
	at EventBus.EventQueue.take(EventQueue.java:58)
	at Orchestrator.Orchestrator.start(Orchestrator.java:78)
	at Orchestrator.OrchestratorTests.lambda$runOrchestratorInThread$0(OrchestratorTests.java:71)
	at java.base/java.lang.Thread.run(Thread.java:1583)
10:54:20.883 [Thread-2] ERROR Orchestrator.Orchestrator -- Event queue was interrupted
java.lang.InterruptedException: null
	at EventBus.EventQueue.take(EventQueue.java:58)
	at Orchestrator.Orchestrator.start(Orchestrator.java:78)
	at Orchestrator.OrchestratorTests.lambda$runOrchestratorInThread$0(OrchestratorTests.java:71)
	at java.base/java.lang.Thread.run(Thread.java:1583)
10:54:20.883 [Thread-2] ERROR Orchestrator.Orchestrator -- Event queue was interrupted
java.lang.InterruptedException: null
	at EventBus.EventQueue.take(EventQueue.java:58)
	at Orchestrator.Orchestrator.start(Orchestrator.java:78)
	at Orchestrator.OrchestratorTests.lambda$runOrchestratorInThread$0(OrchestratorTests.java:71)
	at java.base/java.lang.Thread.run(Thread.java:1583)
10:54:20.883 [Thread-2] ERROR Orchestrator.Orchestrator -- Event queue was interrupted
java.lang.InterruptedException: null
	at EventBus.EventQueue.take(EventQueue.java:58)
	at Orchestrator.Orchestrator.start(Orchestrator.java:78)
	at Orchestrator.OrchestratorTests.lambda$runOrchestratorInThread$0(OrchestratorTests.java:71)
	at java.base/java.lang.Thread.run(Thread.java:1583)
10:54:20.883 [Thread-2] ERROR Orchestrator.Orchestrator -- Event queue was interrupted
java.lang.InterruptedException: null
	at EventBus.EventQueue.take(EventQueue.java:58)
	at Orchestrator.Orchestrator.start(Orchestrator.java:78)
	at Orchestrator.OrchestratorTests.lambda$runOrchestratorInThread$0(OrchestratorTests.java:71)
	at java.base/java.lang.Thread.run(Thread.java:1583)
10:54:20.883 [Thread-2] ERROR Orchestrator.Orchestrator -- Event queue was interrupted
java.lang.InterruptedException: null
	at EventBus.EventQueue.take(EventQueue.java:58)
	at Orchestrator.Orchestrator.start(Orchestrator.java:78)
	at Orchestrator.OrchestratorTests.lambda$runOrchestratorInThread$0(OrchestratorTests.java:71)
	at java.base/java.lang.Thread.run(Thread.java:1583)
10:54:20.883 [Thread-2] ERROR Orchestrator.Orchestrator -- Event queue was interrupted
java.lang.InterruptedException: null
	at EventBus.EventQueue.take(EventQueue.java:58)
	at Orchestrator.Orchestrator.start(Orchestrator.java:78)
	at Orchestrator.OrchestratorTests.lambda$runOrchestratorInThread$0(OrchestratorTests.java:71)
	at java.base/java.lang.Thread.run(Thread.java:1583)
10:54:20.883 [Thread-2] ERROR Orchestrator.Orchestrator -- Event queue was interrupted
java.lang.InterruptedException: null
	at EventBus.EventQueue.take(EventQueue.java:58)
	at Orchestrator.Orchestrator.start(Orchestrator.java:78)
	at Orchestrator.OrchestratorTests.lambda$runOrchestratorInThread$0(OrchestratorTests.java:71)
	at java.base/java.lang.Thread.run(Thread.java:1583)
10:54:20.883 [Thread-2] ERROR Orchestrator.Orchestrator -- Event queue was interrupted
java.lang.InterruptedException: null
	at EventBus.EventQueue.take(EventQueue.java:58)
	at Orchestrator.Orchestrator.start(Orchestrator.java:78)
	at Orchestrator.OrchestratorTests.lambda$runOrchestratorInThread$0(OrchestratorTests.java:71)
	at java.base/java.lang.Thread.run(Thread.java:1583)
10:54:20.883 [Thread-2] ERROR Orchestrator.Orchestrator -- Event queue was interrupted
java.lang.InterruptedException: null
	at EventBus.EventQueue.take(EventQueue.java:58)
	at Orchestrator.Orchestrator.start(Orchestrator.java:78)
	at Orchestrator.OrchestratorTests.lambda$runOrchestratorInThread$0(OrchestratorTests.java:71)
	at java.base/java.lang.Thread.run(Thread.java:1583)
10:54:20.883 [Thread-2] ERROR Orchestrator.Orchestrator -- Event queue was interrupted
java.lang.InterruptedException: null
	at EventBus.EventQueue.take(EventQueue.java:58)
	at Orchestrator.Orchestrator.start(Orchestrator.java:78)
	at Orchestrator.OrchestratorTests.lambda$runOrchestratorInThread$0(OrchestratorTests.java:71)
	at java.base/java.lang.Thread.run(Thread.java:1583)
10:54:20.883 [Thread-2] ERROR Orchestrator.Orchestrator -- Event queue was interrupted
java.lang.InterruptedException: null
	at EventBus.EventQueue.take(EventQueue.java:58)
	at Orchestrator.Orchestrator.start(Orchestrator.java:78)
	at Orchestrator.OrchestratorTests.lambda$runOrchestratorInThread$0(OrchestratorTests.java:71)
	at java.base/java.lang.Thread.run(Thread.java:1583)
10:54:20.883 [Thread-2] ERROR Orchestrator.Orchestrator -- Event queue was interrupted
java.lang.InterruptedException: null
	at EventBus.EventQueue.take(EventQueue.java:58)
	at Orchestrator.Orchestrator.start(Orchestrator.java:78)
	at Orchestrator.OrchestratorTests.lambda$runOrchestratorInThread$0(OrchestratorTests.java:71)
	at java.base/java.lang.Thread.run(Thread.java:1583)
10:54:20.883 [Thread-2] ERROR Orchestrator.Orchestrator -- Event queue was interrupted
java.lang.InterruptedException: null
	at EventBus.EventQueue.take(EventQueue.java:58)
	at Orchestrator.Orchestrator.start(Orchestrator.java:78)
	at Orchestrator.OrchestratorTests.lambda$runOrchestratorInThread$0(OrchestratorTests.java:71)
	at java.base/java.lang.Thread.run(Thread.java:1583)
10:54:20.883 [Thread-2] ERROR Orchestrator.Orchestrator -- Event queue was interrupted
java.lang.InterruptedException: null
	at EventBus.EventQueue.take(EventQueue.java:58)
	at Orchestrator.Orchestrator.start(Orchestrator.java:78)
	at Orchestrator.OrchestratorTests.lambda$runOrchestratorInThread$0(OrchestratorTests.java:71)
	at java.base/java.lang.Thread.run(Thread.java:1583)
10:54:20.884 [Thread-2] ERROR Orchestrator.Orchestrator -- Event queue was interrupted
java.lang.InterruptedException: null
	at EventBus.EventQueue.take(EventQueue.java:58)
	at Orchestrator.Orchestrator.start(Orchestrator.java:78)
	at Orchestrator.OrchestratorTests.lambda$runOrchestratorInThread$0(OrchestratorTests.java:71)
	at java.base/java.lang.Thread.run(Thread.java:1583)
10:54:20.884 [Thread-2] ERROR Orchestrator.Orchestrator -- Event queue was interrupted
java.lang.InterruptedException: null
	at EventBus.EventQueue.take(EventQueue.java:58)
	at Orchestrator.Orchestrator.start(Orchestrator.java:78)
	at Orchestrator.OrchestratorTests.lambda$runOrchestratorInThread$0(OrchestratorTests.java:71)
	at java.base/java.lang.Thread.run(Thread.java:1583)
10:54:20.884 [Thread-2] ERROR Orchestrator.Orchestrator -- Event queue was interrupted
java.lang.InterruptedException: null
	at EventBus.EventQueue.take(EventQueue.java:58)
	at Orchestrator.Orchestrator.start(Orchestrator.java:78)
	at Orchestrator.OrchestratorTests.lambda$runOrchestratorInThread$0(OrchestratorTests.java:71)
	at java.base/java.lang.Thread.run(Thread.java:1583)
10:54:20.884 [Thread-1] ERROR Orchestrator.Orchestrator -- Event queue was interrupted
java.lang.InterruptedException: null
	at EventBus.EventQueue.take(EventQueue.java:58)
	at Orchestrator.Orchestrator.start(Orchestrator.java:78)
	at Orchestrator.OrchestratorTests.lambda$runOrchestratorInThread$0(OrchestratorTests.java:71)
	at java.base/java.lang.Thread.run(Thread.java:1583)
10:54:20.884 [Thread-2] ERROR Orchestrator.Orchestrator -- Event queue was interrupted
java.lang.InterruptedException: null
	at EventBus.EventQueue.take(EventQueue.java:58)
	at Orchestrator.Orchestrator.start(Orchestrator.java:78)
	at Orchestrator.OrchestratorTests.lambda$runOrchestratorInThread$0(OrchestratorTests.java:71)
	at java.base/java.lang.Thread.run(Thread.java:1583)
10:54:20.884 [Thread-1] ERROR Orchestrator.Orchestrator -- Event queue was interrupted
java.lang.InterruptedException: null
	at EventBus.EventQueue.take(EventQueue.java:58)
	at Orchestrator.Orchestrator.start(Orchestrator.java:78)
	at Orchestrator.OrchestratorTests.lambda$runOrchestratorInThread$0(OrchestratorTests.java:71)
	at java.base/java.lang.Thread.run(Thread.java:1583)
10:54:20.884 [Thread-2] ERROR Orchestrator.Orchestrator -- Event queue was interrupted
java.lang.InterruptedException: null
	at EventBus.EventQueue.take(EventQueue.java:58)
	at Orchestrator.Orchestrator.start(Orchestrator.java:78)
	at Orchestrator.OrchestratorTests.lambda$runOrchestratorInThread$0(OrchestratorTests.java:71)
	at java.base/java.lang.Thread.run(Thread.java:1583)
10:54:20.884 [Thread-1] ERROR Orchestrator.Orchestrator -- Event queue was interrupted
java.lang.InterruptedException: null
	at EventBus.EventQueue.take(EventQueue.java:58)
	at Orchestrator.Orchestrator.start(Orchestrator.java:78)
	at Orchestrator.OrchestratorTests.lambda$runOrchestratorInThread$0(OrchestratorTests.java:71)
	at java.base/java.lang.Thread.run(Thread.java:1583)
10:54:20.884 [Thread-2] ERROR Orchestrator.Orchestrator -- Event queue was interrupted
java.lang.InterruptedException: null
	at EventBus.EventQueue.take(EventQueue.java:58)
	at Orchestrator.Orchestrator.start(Orchestrator.java:78)
	at Orchestrator.OrchestratorTests.lambda$runOrchestratorInThread$0(OrchestratorTests.java:71)
	at java.base/java.lang.Thread.run(Thread.java:1583)
10:54:20.884 [Thread-1] ERROR Orchestrator.Orchestrator -- Event queue was interrupted
java.lang.InterruptedException: null
	at EventBus.EventQueue.take(EventQueue.java:58)
	at Orchestrator.Orchestrator.start(Orchestrator.java:78)
	at Orchestrator.OrchestratorTests.lambda$runOrchestratorInThread$0(OrchestratorTests.java:71)
	at java.base/java.lang.Thread.run(Thread.java:1583)
10:54:20.884 [Thread-2] ERROR Orchestrator.Orchestrator -- Event queue was interrupted
java.lang.InterruptedException: null
	at EventBus.EventQueue.take(EventQueue.java:58)
	at Orchestrator.Orchestrator.start(Orchestrator.java:78)
	at Orchestrator.OrchestratorTests.lambda$runOrchestratorInThread$0(OrchestratorTests.java:71)
	at java.base/java.lang.Thread.run(Thread.java:1583)
10:54:20.884 [Thread-1] ERROR Orchestrator.Orchestrator -- Event queue was interrupted
java.lang.InterruptedException: null
	at EventBus.EventQueue.take(EventQueue.java:58)
	at Orchestrator.Orchestrator.start(Orchestrator.java:78)
	at Orchestrator.OrchestratorTests.lambda$runOrchestratorInThread$0(OrchestratorTests.java:71)
	at java.base/java.lang.Thread.run(Thread.java:1583)
10:54:20.884 [Thread-2] ERROR Orchestrator.Orchestrator -- Event queue was interrupted
java.lang.InterruptedException: null
	at EventBus.EventQueue.take(EventQueue.java:58)
	at Orchestrator.Orchestrator.start(Orchestrator.java:78)
	at Orchestrator.OrchestratorTests.lambda$runOrchestratorInThread$0(OrchestratorTests.java:71)
	at java.base/java.lang.Thread.run(Thread.java:1583)
10:54:20.884 [Thread-1] ERROR Orchestrator.Orchestrator -- Event queue was interrupted
java.lang.InterruptedException: null
	at EventBus.EventQueue.take(EventQueue.java:58)
	at Orchestrator.Orchestrator.start(Orchestrator.java:78)
	at Orchestrator.OrchestratorTests.lambda$runOrchestratorInThread$0(OrchestratorTests.java:71)
	at java.base/java.lang.Thread.run(Thread.java:1583)
10:54:20.884 [Thread-2] ERROR Orchestrator.Orchestrator -- Event queue was interrupted
java.lang.InterruptedException: null
	at EventBus.EventQueue.take(EventQueue.java:58)
	at Orchestrator.Orchestrator.start(Orchestrator.java:78)
	at Orchestrator.OrchestratorTests.lambda$runOrchestratorInThread$0(OrchestratorTests.java:71)
	at java.base/java.lang.Thread.run(Thread.java:1583)
10:54:20.884 [Thread-1] ERROR Orchestrator.Orchestrator -- Event queue was interrupted
java.lang.InterruptedException: null
	at EventBus.EventQueue.take(EventQueue.java:58)
	at Orchestrator.Orchestrator.start(Orchestrator.java:78)
	at Orchestrator.OrchestratorTests.lambda$runOrchestratorInThread$0(OrchestratorTests.java:71)
	at java.base/java.lang.Thread.run(Thread.java:1583)
10:54:20.884 [Thread-2] ERROR Orchestrator.Orchestrator -- Event queue was interrupted
java.lang.InterruptedException: null
	at EventBus.EventQueue.take(EventQueue.java:58)
	at Orchestrator.Orchestrator.start(Orchestrator.java:78)
	at Orchestrator.OrchestratorTests.lambda$runOrchestratorInThread$0(OrchestratorTests.java:71)
	at java.base/java.lang.Thread.run(Thread.java:1583)
10:54:20.884 [Thread-1] ERROR Orchestrator.Orchestrator -- Event queue was interrupted
java.lang.InterruptedException: null
	at EventBus.EventQueue.take(EventQueue.java:58)
	at Orchestrator.Orchestrator.start(Orchestrator.java:78)
	at Orchestrator.OrchestratorTests.lambda$runOrchestratorInThread$0(OrchestratorTests.java:71)
	at java.base/java.lang.Thread.run(Thread.java:1583)
10:54:20.885 [Thread-2] ERROR Orchestrator.Orchestrator -- Event queue was interrupted
java.lang.InterruptedException: null
	at EventBus.EventQueue.take(EventQueue.java:58)
	at Orchestrator.Orchestrator.start(Orchestrator.java:78)
	at Orchestrator.OrchestratorTests.lambda$runOrchestratorInThread$0(OrchestratorTests.java:71)
	at java.base/java.lang.Thread.run(Thread.java:1583)
10:54:20.885 [Thread-1] ERROR Orchestrator.Orchestrator -- Event queue was interrupted
java.lang.InterruptedException: null
	at EventBus.EventQueue.take(EventQueue.java:58)
	at Orchestrator.Orchestrator.start(Orchestrator.java:78)
	at Orchestrator.OrchestratorTests.lambda$runOrchestratorInThread$0(OrchestratorTests.java:71)
	at java.base/java.lang.Thread.run(Thread.java:1583)
10:54:20.885 [Thread-2] ERROR Orchestrator.Orchestrator -- Event queue was interrupted
java.lang.InterruptedException: null
	at EventBus.EventQueue.take(EventQueue.java:58)
	at Orchestrator.Orchestrator.start(Orchestrator.java:78)
	at Orchestrator.OrchestratorTests.lambda$runOrchestratorInThread$0(OrchestratorTests.java:71)
	at java.base/java.lang.Thread.run(Thread.java:1583)
10:54:20.885 [Thread-1] ERROR Orchestrator.Orchestrator -- Event queue was interrupted
java.lang.InterruptedException: null
	at EventBus.EventQueue.take(EventQueue.java:58)
	at Orchestrator.Orchestrator.start(Orchestrator.java:78)
	at Orchestrator.OrchestratorTests.lambda$runOrchestratorInThread$0(OrchestratorTests.java:71)
	at java.base/java.lang.Thread.run(Thread.java:1583)
10:54:20.885 [Thread-2] ERROR Orchestrator.Orchestrator -- Event queue was interrupted
java.lang.InterruptedException: null
	at EventBus.EventQueue.take(EventQueue.java:58)
	at Orchestrator.Orchestrator.start(Orchestrator.java:78)
	at Orchestrator.OrchestratorTests.lambda$runOrchestratorInThread$0(OrchestratorTests.java:71)
	at java.base/java.lang.Thread.run(Thread.java:1583)
10:54:20.885 [Thread-1] ERROR Orchestrator.Orchestrator -- Event queue was interrupted
java.lang.InterruptedException: null
	at EventBus.EventQueue.take(EventQueue.java:58)
	at Orchestrator.Orchestrator.start(Orchestrator.java:78)
	at Orchestrator.OrchestratorTests.lambda$runOrchestratorInThread$0(OrchestratorTests.java:71)
	at java.base/java.lang.Thread.run(Thread.java:1583)
10:54:20.885 [Thread-2] ERROR Orchestrator.Orchestrator -- Event queue was interrupted
java.lang.InterruptedException: null
	at EventBus.EventQueue.take(EventQueue.java:58)
	at Orchestrator.Orchestrator.start(Orchestrator.java:78)
	at Orchestrator.OrchestratorTests.lambda$runOrchestratorInThread$0(OrchestratorTests.java:71)
	at java.base/java.lang.Thread.run(Thread.java:1583)
10:54:20.885 [Thread-1] ERROR Orchestrator.Orchestrator -- Event queue was interrupted
java.lang.InterruptedException: null
	at EventBus.EventQueue.take(EventQueue.java:58)
	at Orchestrator.Orchestrator.start(Orchestrator.java:78)
	at Orchestrator.OrchestratorTests.lambda$runOrchestratorInThread$0(OrchestratorTests.java:71)
	at java.base/java.lang.Thread.run(Thread.java:1583)
10:54:20.885 [Thread-2] ERROR Orchestrator.Orchestrator -- Event queue was interrupted
java.lang.InterruptedException: null
	at EventBus.EventQueue.take(EventQueue.java:58)
	at Orchestrator.Orchestrator.start(Orchestrator.java:78)
	at Orchestrator.OrchestratorTests.lambda$runOrchestratorInThread$0(OrchestratorTests.java:71)
	at java.base/java.lang.Thread.run(Thread.java:1583)
10:54:20.885 [Thread-1] ERROR Orchestrator.Orchestrator -- Event queue was interrupted
java.lang.InterruptedException: null
	at EventBus.EventQueue.take(EventQueue.java:58)
	at Orchestrator.Orchestrator.start(Orchestrator.java:78)
	at Orchestrator.OrchestratorTests.lambda$runOrchestratorInThread$0(OrchestratorTests.java:71)
	at java.base/java.lang.Thread.run(Thread.java:1583)
10:54:20.885 [Thread-2] ERROR Orchestrator.Orchestrator -- Event queue was interrupted
java.lang.InterruptedException: null
	at EventBus.EventQueue.take(EventQueue.java:58)
	at Orchestrator.Orchestrator.start(Orchestrator.java:78)
	at Orchestrator.OrchestratorTests.lambda$runOrchestratorInThread$0(OrchestratorTests.java:71)
	at java.base/java.lang.Thread.run(Thread.java:1583)
10:54:20.885 [Thread-1] ERROR Orchestrator.Orchestrator -- Event queue was interrupted
java.lang.InterruptedException: null
	at EventBus.EventQueue.take(EventQueue.java:58)
	at Orchestrator.Orchestrator.start(Orchestrator.java:78)
	at Orchestrator.OrchestratorTests.lambda$runOrchestratorInThread$0(OrchestratorTests.java:71)
	at java.base/java.lang.Thread.run(Thread.java:1583)
10:54:20.885 [Thread-2] ERROR Orchestrator.Orchestrator -- Event queue was interrupted
java.lang.InterruptedException: null
	at EventBus.EventQueue.take(EventQueue.java:58)
	at Orchestrator.Orchestrator.start(Orchestrator.java:78)
	at Orchestrator.OrchestratorTests.lambda$runOrchestratorInThread$0(OrchestratorTests.java:71)
	at java.base/java.lang.Thread.run(Thread.java:1583)
10:54:20.885 [Thread-1] ERROR Orchestrator.Orchestrator -- Event queue was interrupted
java.lang.InterruptedException: null
	at EventBus.EventQueue.take(EventQueue.java:58)
	at Orchestrator.Orchestrator.start(Orchestrator.java:78)
	at Orchestrator.OrchestratorTests.lambda$runOrchestratorInThread$0(OrchestratorTests.java:71)
	at java.base/java.lang.Thread.run(Thread.java:1583)
10:54:20.885 [Thread-2] ERROR Orchestrator.Orchestrator -- Event queue was interrupted
java.lang.InterruptedException: null
	at EventBus.EventQueue.take(EventQueue.java:58)
	at Orchestrator.Orchestrator.start(Orchestrator.java:78)
	at Orchestrator.OrchestratorTests.lambda$runOrchestratorInThread$0(OrchestratorTests.java:71)
	at java.base/java.lang.Thread.run(Thread.java:1583)
10:54:20.885 [Thread-1] ERROR Orchestrator.Orchestrator -- Event queue was interrupted
java.lang.InterruptedException: null
	at EventBus.EventQueue.take(EventQueue.java:58)
	at Orchestrator.Orchestrator.start(Orchestrator.java:78)
	at Orchestrator.OrchestratorTests.lambda$runOrchestratorInThread$0(OrchestratorTests.java:71)
	at java.base/java.lang.Thread.run(Thread.java:1583)
10:54:20.885 [Thread-2] ERROR Orchestrator.Orchestrator -- Event queue was interrupted
java.lang.InterruptedException: null
	at EventBus.EventQueue.take(EventQueue.java:58)
	at Orchestrator.Orchestrator.start(Orchestrator.java:78)
	at Orchestrator.OrchestratorTests.lambda$runOrchestratorInThread$0(OrchestratorTests.java:71)
	at java.base/java.lang.Thread.run(Thread.java:1583)
10:54:20.885 [Thread-1] ERROR Orchestrator.Orchestrator -- Event queue was interrupted
java.lang.InterruptedException: null
	at EventBus.EventQueue.take(EventQueue.java:58)
	at Orchestrator.Orchestrator.start(Orchestrator.java:78)
	at Orchestrator.OrchestratorTests.lambda$runOrchestratorInThread$0(OrchestratorTests.java:71)
	at java.base/java.lang.Thread.run(Thread.java:1583)
10:54:20.885 [Thread-2] ERROR Orchestrator.Orchestrator -- Event queue was interrupted
java.lang.InterruptedException: null
	at EventBus.EventQueue.take(EventQueue.java:58)
	at Orchestrator.Orchestrator.start(Orchestrator.java:78)
	at Orchestrator.OrchestratorTests.lambda$runOrchestratorInThread$0(OrchestratorTests.java:71)
	at java.base/java.lang.Thread.run(Thread.java:1583)
10:54:20.885 [Thread-1] ERROR Orchestrator.Orchestrator -- Event queue was interrupted
java.lang.InterruptedException: null
	at EventBus.EventQueue.take(EventQueue.java:58)
	at Orchestrator.Orchestrator.start(Orchestrator.java:78)
	at Orchestrator.OrchestratorTests.lambda$runOrchestratorInThread$0(OrchestratorTests.java:71)
	at java.base/java.lang.Thread.run(Thread.java:1583)
10:54:20.885 [Thread-2] ERROR Orchestrator.Orchestrator -- Event queue was interrupted
java.lang.InterruptedException: null
	at EventBus.EventQueue.take(EventQueue.java:58)
	at Orchestrator.Orchestrator.start(Orchestrator.java:78)
	at Orchestrator.OrchestratorTests.lambda$runOrchestratorInThread$0(OrchestratorTests.java:71)
	at java.base/java.lang.Thread.run(Thread.java:1583)
10:54:20.885 [Thread-1] ERROR Orchestrator.Orchestrator -- Event queue was interrupted
java.lang.InterruptedException: null
	at EventBus.EventQueue.take(EventQueue.java:58)
	at Orchestrator.Orchestrator.start(Orchestrator.java:78)
	at Orchestrator.OrchestratorTests.lambda$runOrchestratorInThread$0(OrchestratorTests.java:71)
	at java.base/java.lang.Thread.run(Thread.java:1583)
10:54:20.885 [Thread-2] ERROR Orchestrator.Orchestrator -- Event queue was interrupted
java.lang.InterruptedException: null
	at EventBus.EventQueue.take(EventQueue.java:58)
	at Orchestrator.Orchestrator.start(Orchestrator.java:78)
	at Orchestrator.OrchestratorTests.lambda$runOrchestratorInThread$0(OrchestratorTests.java:71)
	at java.base/java.lang.Thread.run(Thread.java:1583)
10:54:20.885 [Thread-1] ERROR Orchestrator.Orchestrator -- Event queue was interrupted
java.lang.InterruptedException: null
	at EventBus.EventQueue.take(EventQueue.java:58)
	at Orchestrator.Orchestrator.start(Orchestrator.java:78)
	at Orchestrator.OrchestratorTests.lambda$runOrchestratorInThread$0(OrchestratorTests.java:71)
	at java.base/java.lang.Thread.run(Thread.java:1583)
10:54:20.885 [Thread-2] ERROR Orchestrator.Orchestrator -- Event queue was interrupted
java.lang.InterruptedException: null
	at EventBus.EventQueue.take(EventQueue.java:58)
	at Orchestrator.Orchestrator.start(Orchestrator.java:78)
	at Orchestrator.OrchestratorTests.lambda$runOrchestratorInThread$0(OrchestratorTests.java:71)
	at java.base/java.lang.Thread.run(Thread.java:1583)
10:54:20.886 [Thread-1] ERROR Orchestrator.Orchestrator -- Event queue was interrupted
java.lang.InterruptedException: null
	at EventBus.EventQueue.take(EventQueue.java:58)
	at Orchestrator.Orchestrator.start(Orchestrator.java:78)
	at Orchestrator.OrchestratorTests.lambda$runOrchestratorInThread$0(OrchestratorTests.java:71)
	at java.base/java.lang.Thread.run(Thread.java:1583)
10:54:20.886 [Thread-1] ERROR Orchestrator.Orchestrator -- Event queue was interrupted
java.lang.InterruptedException: null
	at EventBus.EventQueue.take(EventQueue.java:58)
	at Orchestrator.Orchestrator.start(Orchestrator.java:78)
	at Orchestrator.OrchestratorTests.lambda$runOrchestratorInThread$0(OrchestratorTests.java:71)
	at java.base/java.lang.Thread.run(Thread.java:1583)
10:54:20.886 [Thread-1] ERROR Orchestrator.Orchestrator -- Event queue was interrupted
java.lang.InterruptedException: null
	at EventBus.EventQueue.take(EventQueue.java:58)
	at Orchestrator.Orchestrator.start(Orchestrator.java:78)
	at Orchestrator.OrchestratorTests.lambda$runOrchestratorInThread$0(OrchestratorTests.java:71)
	at java.base/java.lang.Thread.run(Thread.java:1583)
10:54:20.886 [Thread-1] ERROR Orchestrator.Orchestrator -- Event queue was interrupted
java.lang.InterruptedException: null
	at EventBus.EventQueue.take(EventQueue.java:58)
	at Orchestrator.Orchestrator.start(Orchestrator.java:78)
	at Orchestrator.OrchestratorTests.lambda$runOrchestratorInThread$0(OrchestratorTests.java:71)
	at java.base/java.lang.Thread.run(Thread.java:1583)
10:54:20.886 [Thread-1] ERROR Orchestrator.Orchestrator -- Event queue was interrupted
java.lang.InterruptedException: null
	at EventBus.EventQueue.take(EventQueue.java:58)
	at Orchestrator.Orchestrator.start(Orchestrator.java:78)
	at Orchestrator.OrchestratorTests.lambda$runOrchestratorInThread$0(OrchestratorTests.java:71)
	at java.base/java.lang.Thread.run(Thread.java:1583)
10:54:20.886 [Thread-1] ERROR Orchestrator.Orchestrator -- Event queue was interrupted
java.lang.InterruptedException: null
	at EventBus.EventQueue.take(EventQueue.java:58)
	at Orchestrator.Orchestrator.start(Orchestrator.java:78)
	at Orchestrator.OrchestratorTests.lambda$runOrchestratorInThread$0(OrchestratorTests.java:71)
	at java.base/java.lang.Thread.run(Thread.java:1583)
10:54:20.886 [Thread-1] ERROR Orchestrator.Orchestrator -- Event queue was interrupted
java.lang.InterruptedException: null
	at EventBus.EventQueue.take(EventQueue.java:58)
	at Orchestrator.Orchestrator.start(Orchestrator.java:78)
	at Orchestrator.OrchestratorTests.lambda$runOrchestratorInThread$0(OrchestratorTests.java:71)
	at java.base/java.lang.Thread.run(Thread.java:1583)
10:54:20.886 [Thread-1] ERROR Orchestrator.Orchestrator -- Event queue was interrupted
java.lang.InterruptedException: null
	at EventBus.EventQueue.take(EventQueue.java:58)
	at Orchestrator.Orchestrator.start(Orchestrator.java:78)
	at Orchestrator.OrchestratorTests.lambda$runOrchestratorInThread$0(OrchestratorTests.java:71)
	at java.base/java.lang.Thread.run(Thread.java:1583)
10:54:20.886 [Thread-1] ERROR Orchestrator.Orchestrator -- Event queue was interrupted
java.lang.InterruptedException: null
	at EventBus.EventQueue.take(EventQueue.java:58)
	at Orchestrator.Orchestrator.start(Orchestrator.java:78)
	at Orchestrator.OrchestratorTests.lambda$runOrchestratorInThread$0(OrchestratorTests.java:71)
	at java.base/java.lang.Thread.run(Thread.java:1583)
10:54:20.886 [Thread-1] ERROR Orchestrator.Orchestrator -- Event queue was interrupted
java.lang.InterruptedException: null
	at EventBus.EventQueue.take(EventQueue.java:58)
	at Orchestrator.Orchestrator.start(Orchestrator.java:78)
	at Orchestrator.OrchestratorTests.lambda$runOrchestratorInThread$0(OrchestratorTests.java:71)
	at java.base/java.lang.Thread.run(Thread.java:1583)
10:54:20.886 [Thread-1] ERROR Orchestrator.Orchestrator -- Event queue was interrupted
java.lang.InterruptedException: null
	at EventBus.EventQueue.take(EventQueue.java:58)
	at Orchestrator.Orchestrator.start(Orchestrator.java:78)
	at Orchestrator.OrchestratorTests.lambda$runOrchestratorInThread$0(OrchestratorTests.java:71)
	at java.base/java.lang.Thread.run(Thread.java:1583)
10:54:20.886 [Thread-1] ERROR Orchestrator.Orchestrator -- Event queue was interrupted
java.lang.InterruptedException: null
	at EventBus.EventQueue.take(EventQueue.java:58)
	at Orchestrator.Orchestrator.start(Orchestrator.java:78)
	at Orchestrator.OrchestratorTests.lambda$runOrchestratorInThread$0(OrchestratorTests.java:71)
	at java.base/java.lang.Thread.run(Thread.java:1583)
10:54:20.887 [Thread-1] ERROR Orchestrator.Orchestrator -- Event queue was interrupted
java.lang.InterruptedException: null
	at EventBus.EventQueue.take(EventQueue.java:58)
	at Orchestrator.Orchestrator.start(Orchestrator.java:78)
	at Orchestrator.OrchestratorTests.lambda$runOrchestratorInThread$0(OrchestratorTests.java:71)
	at java.base/java.lang.Thread.run(Thread.java:1583)
10:54:20.887 [Thread-1] ERROR Orchestrator.Orchestrator -- Event queue was interrupted
java.lang.InterruptedException: null
	at EventBus.EventQueue.take(EventQueue.java:58)
	at Orchestrator.Orchestrator.start(Orchestrator.java:78)
	at Orchestrator.OrchestratorTests.lambda$runOrchestratorInThread$0(OrchestratorTests.java:71)
	at java.base/java.lang.Thread.run(Thread.java:1583)
10:54:20.887 [Thread-1] ERROR Orchestrator.Orchestrator -- Event queue was interrupted
java.lang.InterruptedException: null
	at EventBus.EventQueue.take(EventQueue.java:58)
	at Orchestrator.Orchestrator.start(Orchestrator.java:78)
	at Orchestrator.OrchestratorTests.lambda$runOrchestratorInThread$0(OrchestratorTests.java:71)
	at java.base/java.lang.Thread.run(Thread.java:1583)
10:54:20.887 [Thread-1] ERROR Orchestrator.Orchestrator -- Event queue was interrupted
java.lang.InterruptedException: null
	at EventBus.EventQueue.take(EventQueue.java:58)
	at Orchestrator.Orchestrator.start(Orchestrator.java:78)
	at Orchestrator.OrchestratorTests.lambda$runOrchestratorInThread$0(OrchestratorTests.java:71)
	at java.base/java.lang.Thread.run(Thread.java:1583)
10:54:20.887 [Thread-1] ERROR Orchestrator.Orchestrator -- Event queue was interrupted
java.lang.InterruptedException: null
	at EventBus.EventQueue.take(EventQueue.java:58)
	at Orchestrator.Orchestrator.start(Orchestrator.java:78)
	at Orchestrator.OrchestratorTests.lambda$runOrchestratorInThread$0(OrchestratorTests.java:71)
	at java.base/java.lang.Thread.run(Thread.java:1583)
10:54:20.887 [Thread-1] ERROR Orchestrator.Orchestrator -- Event queue was interrupted
java.lang.InterruptedException: null
	at EventBus.EventQueue.take(EventQueue.java:58)
	at Orchestrator.Orchestrator.start(Orchestrator.java:78)
	at Orchestrator.OrchestratorTests.lambda$runOrchestratorInThread$0(OrchestratorTests.java:71)
	at java.base/java.lang.Thread.run(Thread.java:1583)
10:54:20.887 [Thread-1] ERROR Orchestrator.Orchestrator -- Event queue was interrupted
java.lang.InterruptedException: null
	at EventBus.EventQueue.take(EventQueue.java:58)
	at Orchestrator.Orchestrator.start(Orchestrator.java:78)
	at Orchestrator.OrchestratorTests.lambda$runOrchestratorInThread$0(OrchestratorTests.java:71)
	at java.base/java.lang.Thread.run(Thread.java:1583)
10:54:20.887 [Thread-1] ERROR Orchestrator.Orchestrator -- Event queue was interrupted
java.lang.InterruptedException: null
	at EventBus.EventQueue.take(EventQueue.java:58)
	at Orchestrator.Orchestrator.start(Orchestrator.java:78)
	at Orchestrator.OrchestratorTests.lambda$runOrchestratorInThread$0(OrchestratorTests.java:71)
	at java.base/java.lang.Thread.run(Thread.java:1583)
10:54:20.887 [Thread-1] ERROR Orchestrator.Orchestrator -- Event queue was interrupted
java.lang.InterruptedException: null
	at EventBus.EventQueue.take(EventQueue.java:58)
	at Orchestrator.Orchestrator.start(Orchestrator.java:78)
	at Orchestrator.OrchestratorTests.lambda$runOrchestratorInThread$0(OrchestratorTests.java:71)
	at java.base/java.lang.Thread.run(Thread.java:1583)
10:54:20.887 [Thread-1] ERROR Orchestrator.Orchestrator -- Event queue was interrupted
java.lang.InterruptedException: null
	at EventBus.EventQueue.take(EventQueue.java:58)
	at Orchestrator.Orchestrator.start(Orchestrator.java:78)
	at Orchestrator.OrchestratorTests.lambda$runOrchestratorInThread$0(OrchestratorTests.java:71)
	at java.base/java.lang.Thread.run(Thread.java:1583)
10:54:20.887 [Thread-1] ERROR Orchestrator.Orchestrator -- Event queue was interrupted
java.lang.InterruptedException: null
	at EventBus.EventQueue.take(EventQueue.java:58)
	at Orchestrator.Orchestrator.start(Orchestrator.java:78)
	at Orchestrator.OrchestratorTests.lambda$runOrchestratorInThread$0(OrchestratorTests.java:71)
	at java.base/java.lang.Thread.run(Thread.java:1583)
10:54:20.887 [Thread-1] ERROR Orchestrator.Orchestrator -- Event queue was interrupted
java.lang.InterruptedException: null
	at EventBus.EventQueue.take(EventQueue.java:58)
	at Orchestrator.Orchestrator.start(Orchestrator.java:78)
	at Orchestrator.OrchestratorTests.lambda$runOrchestratorInThread$0(OrchestratorTests.java:71)
	at java.base/java.lang.Thread.run(Thread.java:1583)
10:54:20.888 [Thread-1] ERROR Orchestrator.Orchestrator -- Event queue was interrupted
java.lang.InterruptedException: null
	at EventBus.EventQueue.take(EventQueue.java:58)
	at Orchestrator.Orchestrator.start(Orchestrator.java:78)
	at Orchestrator.OrchestratorTests.lambda$runOrchestratorInThread$0(OrchestratorTests.java:71)
	at java.base/java.lang.Thread.run(Thread.java:1583)
10:54:20.888 [Thread-1] ERROR Orchestrator.Orchestrator -- Event queue was interrupted
java.lang.InterruptedException: null
	at EventBus.EventQueue.take(EventQueue.java:58)
	at Orchestrator.Orchestrator.start(Orchestrator.java:78)
	at Orchestrator.OrchestratorTests.lambda$runOrchestratorInThread$0(OrchestratorTests.java:71)
	at java.base/java.lang.Thread.run(Thread.java:1583)
10:54:20.888 [Thread-1] ERROR Orchestrator.Orchestrator -- Event queue was interrupted
java.lang.InterruptedException: null
	at EventBus.EventQueue.take(EventQueue.java:58)
	at Orchestrator.Orchestrator.start(Orchestrator.java:78)
	at Orchestrator.OrchestratorTests.lambda$runOrchestratorInThread$0(OrchestratorTests.java:71)
	at java.base/java.lang.Thread.run(Thread.java:1583)
10:54:20.888 [Thread-1] ERROR Orchestrator.Orchestrator -- Event queue was interrupted
java.lang.InterruptedException: null
	at EventBus.EventQueue.take(EventQueue.java:58)
	at Orchestrator.Orchestrator.start(Orchestrator.java:78)
	at Orchestrator.OrchestratorTests.lambda$runOrchestratorInThread$0(OrchestratorTests.java:71)
	at java.base/java.lang.Thread.run(Thread.java:1583)
10:54:20.888 [Thread-1] ERROR Orchestrator.Orchestrator -- Event queue was interrupted
java.lang.InterruptedException: null
	at EventBus.EventQueue.take(EventQueue.java:58)
	at Orchestrator.Orchestrator.start(Orchestrator.java:78)
	at Orchestrator.OrchestratorTests.lambda$runOrchestratorInThread$0(OrchestratorTests.java:71)
	at java.base/java.lang.Thread.run(Thread.java:1583)
10:54:20.888 [Thread-1] ERROR Orchestrator.Orchestrator -- Event queue was interrupted
java.lang.InterruptedException: null
	at EventBus.EventQueue.take(EventQueue.java:58)
	at Orchestrator.Orchestrator.start(Orchestrator.java:78)
	at Orchestrator.OrchestratorTests.lambda$runOrchestratorInThread$0(OrchestratorTests.java:71)
	at java.base/java.lang.Thread.run(Thread.java:1583)
10:54:20.888 [Thread-1] ERROR Orchestrator.Orchestrator -- Event queue was interrupted
java.lang.InterruptedException: null
	at EventBus.EventQueue.take(EventQueue.java:58)
	at Orchestrator.Orchestrator.start(Orchestrator.java:78)
	at Orchestrator.OrchestratorTests.lambda$runOrchestratorInThread$0(OrchestratorTests.java:71)
	at java.base/java.lang.Thread.run(Thread.java:1583)
10:54:20.888 [Thread-1] ERROR Orchestrator.Orchestrator -- Event queue was interrupted
java.lang.InterruptedException: null
	at EventBus.EventQueue.take(EventQueue.java:58)
	at Orchestrator.Orchestrator.start(Orchestrator.java:78)
	at Orchestrator.OrchestratorTests.lambda$runOrchestratorInThread$0(OrchestratorTests.java:71)
	at java.base/java.lang.Thread.run(Thread.java:1583)
10:54:20.888 [Thread-1] ERROR Orchestrator.Orchestrator -- Event queue was interrupted
java.lang.InterruptedException: null
	at EventBus.EventQueue.take(EventQueue.java:58)
	at Orchestrator.Orchestrator.start(Orchestrator.java:78)
	at Orchestrator.OrchestratorTests.lambda$runOrchestratorInThread$0(OrchestratorTests.java:71)
	at java.base/java.lang.Thread.run(Thread.java:1583)
10:54:20.888 [Thread-1] ERROR Orchestrator.Orchestrator -- Event queue was interrupted
java.lang.InterruptedException: null
	at EventBus.EventQueue.take(EventQueue.java:58)
	at Orchestrator.Orchestrator.start(Orchestrator.java:78)
	at Orchestrator.OrchestratorTests.lambda$runOrchestratorInThread$0(OrchestratorTests.java:71)
	at java.base/java.lang.Thread.run(Thread.java:1583)
10:54:20.888 [Thread-1] ERROR Orchestrator.Orchestrator -- Event queue was interrupted
java.lang.InterruptedException: null
	at EventBus.EventQueue.take(EventQueue.java:58)
	at Orchestrator.Orchestrator.start(Orchestrator.java:78)
	at Orchestrator.OrchestratorTests.lambda$runOrchestratorInThread$0(OrchestratorTests.java:71)
	at java.base/java.lang.Thread.run(Thread.java:1583)
10:54:20.889 [Thread-1] ERROR Orchestrator.Orchestrator -- Event queue was interrupted
java.lang.InterruptedException: null
	at EventBus.EventQueue.take(EventQueue.java:58)
	at Orchestrator.Orchestrator.start(Orchestrator.java:78)
	at Orchestrator.OrchestratorTests.lambda$runOrchestratorInThread$0(OrchestratorTests.java:71)
	at java.base/java.lang.Thread.run(Thread.java:1583)
10:54:20.889 [Thread-1] ERROR Orchestrator.Orchestrator -- Event queue was interrupted
java.lang.InterruptedException: null
	at EventBus.EventQueue.take(EventQueue.java:58)
	at Orchestrator.Orchestrator.start(Orchestrator.java:78)
	at Orchestrator.OrchestratorTests.lambda$runOrchestratorInThread$0(OrchestratorTests.java:71)
	at java.base/java.lang.Thread.run(Thread.java:1583)
10:54:20.889 [Thread-1] ERROR Orchestrator.Orchestrator -- Event queue was interrupted
java.lang.InterruptedException: null
	at EventBus.EventQueue.take(EventQueue.java:58)
	at Orchestrator.Orchestrator.start(Orchestrator.java:78)
	at Orchestrator.OrchestratorTests.lambda$runOrchestratorInThread$0(OrchestratorTests.java:71)
	at java.base/java.lang.Thread.run(Thread.java:1583)
10:54:20.889 [Thread-1] ERROR Orchestrator.Orchestrator -- Event queue was interrupted
java.lang.InterruptedException: null
	at EventBus.EventQueue.take(EventQueue.java:58)
	at Orchestrator.Orchestrator.start(Orchestrator.java:78)
	at Orchestrator.OrchestratorTests.lambda$runOrchestratorInThread$0(OrchestratorTests.java:71)
	at java.base/java.lang.Thread.run(Thread.java:1583)
10:54:20.890 [Thread-1] ERROR Orchestrator.Orchestrator -- Event queue was interrupted
java.lang.InterruptedException: null
	at EventBus.EventQueue.take(EventQueue.java:58)
	at Orchestrator.Orchestrator.start(Orchestrator.java:78)
	at Orchestrator.OrchestratorTests.lambda$runOrchestratorInThread$0(OrchestratorTests.java:71)
	at java.base/java.lang.Thread.run(Thread.java:1583)
10:54:20.890 [Thread-1] ERROR Orchestrator.Orchestrator -- Event queue was interrupted
java.lang.InterruptedException: null
	at EventBus.EventQueue.take(EventQueue.java:58)
	at Orchestrator.Orchestrator.start(Orchestrator.java:78)
	at Orchestrator.OrchestratorTests.lambda$runOrchestratorInThread$0(OrchestratorTests.java:71)
	at java.base/java.lang.Thread.run(Thread.java:1583)
10:54:20.890 [Thread-1] ERROR Orchestrator.Orchestrator -- Event queue was interrupted
java.lang.InterruptedException: null
	at EventBus.EventQueue.take(EventQueue.java:58)
	at Orchestrator.Orchestrator.start(Orchestrator.java:78)
	at Orchestrator.OrchestratorTests.lambda$runOrchestratorInThread$0(OrchestratorTests.java:71)
	at java.base/java.lang.Thread.run(Thread.java:1583)
10:54:20.890 [Thread-1] ERROR Orchestrator.Orchestrator -- Event queue was interrupted
java.lang.InterruptedException: null
	at EventBus.EventQueue.take(EventQueue.java:58)
	at Orchestrator.Orchestrator.start(Orchestrator.java:78)
	at Orchestrator.OrchestratorTests.lambda$runOrchestratorInThread$0(OrchestratorTests.java:71)
	at java.base/java.lang.Thread.run(Thread.java:1583)
10:54:20.890 [Thread-1] ERROR Orchestrator.Orchestrator -- Event queue was interrupted
java.lang.InterruptedException: null
	at EventBus.EventQueue.take(EventQueue.java:58)
	at Orchestrator.Orchestrator.start(Orchestrator.java:78)
	at Orchestrator.OrchestratorTests.lambda$runOrchestratorInThread$0(OrchestratorTests.java:71)
	at java.base/java.lang.Thread.run(Thread.java:1583)
10:54:20.886 [Thread-2] ERROR Orchestrator.Orchestrator -- Event queue was interrupted
java.lang.InterruptedException: null
	at EventBus.EventQueue.take(EventQueue.java:58)
	at Orchestrator.Orchestrator.start(Orchestrator.java:78)
	at Orchestrator.OrchestratorTests.lambda$runOrchestratorInThread$0(OrchestratorTests.java:71)
	at java.base/java.lang.Thread.run(Thread.java:1583)
10:54:20.890 [Thread-2] ERROR Orchestrator.Orchestrator -- Event queue was interrupted
java.lang.InterruptedException: null
	at EventBus.EventQueue.take(EventQueue.java:58)
	at Orchestrator.Orchestrator.start(Orchestrator.java:78)
	at Orchestrator.OrchestratorTests.lambda$runOrchestratorInThread$0(OrchestratorTests.java:71)
	at java.base/java.lang.Thread.run(Thread.java:1583)
10:54:20.891 [Thread-2] ERROR Orchestrator.Orchestrator -- Event queue was interrupted
java.lang.InterruptedException: null
	at EventBus.EventQueue.take(EventQueue.java:58)
	at Orchestrator.Orchestrator.start(Orchestrator.java:78)
	at Orchestrator.OrchestratorTests.lambda$runOrchestratorInThread$0(OrchestratorTests.java:71)
	at java.base/java.lang.Thread.run(Thread.java:1583)
10:54:20.891 [Thread-2] ERROR Orchestrator.Orchestrator -- Event queue was interrupted
java.lang.InterruptedException: null
	at EventBus.EventQueue.take(EventQueue.java:58)
	at Orchestrator.Orchestrator.start(Orchestrator.java:78)
	at Orchestrator.OrchestratorTests.lambda$runOrchestratorInThread$0(OrchestratorTests.java:71)
	at java.base/java.lang.Thread.run(Thread.java:1583)
10:54:20.891 [Thread-2] ERROR Orchestrator.Orchestrator -- Event queue was interrupted
java.lang.InterruptedException: null
	at EventBus.EventQueue.take(EventQueue.java:58)
	at Orchestrator.Orchestrator.start(Orchestrator.java:78)
	at Orchestrator.OrchestratorTests.lambda$runOrchestratorInThread$0(OrchestratorTests.java:71)
	at java.base/java.lang.Thread.run(Thread.java:1583)
10:54:20.890 [Thread-1] ERROR Orchestrator.Orchestrator -- Event queue was interrupted
java.lang.InterruptedException: null
	at EventBus.EventQueue.take(EventQueue.java:58)
	at Orchestrator.Orchestrator.start(Orchestrator.java:78)
	at Orchestrator.OrchestratorTests.lambda$runOrchestratorInThread$0(OrchestratorTests.java:71)
	at java.base/java.lang.Thread.run(Thread.java:1583)
10:54:20.891 [Thread-2] ERROR Orchestrator.Orchestrator -- Event queue was interrupted
java.lang.InterruptedException: null
	at EventBus.EventQueue.take(EventQueue.java:58)
	at Orchestrator.Orchestrator.start(Orchestrator.java:78)
	at Orchestrator.OrchestratorTests.lambda$runOrchestratorInThread$0(OrchestratorTests.java:71)
	at java.base/java.lang.Thread.run(Thread.java:1583)
10:54:20.891 [Thread-1] ERROR Orchestrator.Orchestrator -- Event queue was interrupted
java.lang.InterruptedException: null
	at EventBus.EventQueue.take(EventQueue.java:58)
	at Orchestrator.Orchestrator.start(Orchestrator.java:78)
	at Orchestrator.OrchestratorTests.lambda$runOrchestratorInThread$0(OrchestratorTests.java:71)
	at java.base/java.lang.Thread.run(Thread.java:1583)
10:54:20.891 [Thread-2] ERROR Orchestrator.Orchestrator -- Event queue was interrupted
java.lang.InterruptedException: null
	at EventBus.EventQueue.take(EventQueue.java:58)
	at Orchestrator.Orchestrator.start(Orchestrator.java:78)
	at Orchestrator.OrchestratorTests.lambda$runOrchestratorInThread$0(OrchestratorTests.java:71)
	at java.base/java.lang.Thread.run(Thread.java:1583)
10:54:20.891 [Thread-2] ERROR Orchestrator.Orchestrator -- Event queue was interrupted
java.lang.InterruptedException: null
	at EventBus.EventQueue.take(EventQueue.java:58)
	at Orchestrator.Orchestrator.start(Orchestrator.java:78)
	at Orchestrator.OrchestratorTests.lambda$runOrchestratorInThread$0(OrchestratorTests.java:71)
	at java.base/java.lang.Thread.run(Thread.java:1583)
10:54:20.891 [Thread-1] ERROR Orchestrator.Orchestrator -- Event queue was interrupted
java.lang.InterruptedException: null
	at EventBus.EventQueue.take(EventQueue.java:58)
	at Orchestrator.Orchestrator.start(Orchestrator.java:78)
	at Orchestrator.OrchestratorTests.lambda$runOrchestratorInThread$0(OrchestratorTests.java:71)
	at java.base/java.lang.Thread.run(Thread.java:1583)
10:54:20.892 [Thread-1] ERROR Orchestrator.Orchestrator -- Event queue was interrupted
java.lang.InterruptedException: null
	at EventBus.EventQueue.take(EventQueue.java:58)
	at Orchestrator.Orchestrator.start(Orchestrator.java:78)
	at Orchestrator.OrchestratorTests.lambda$runOrchestratorInThread$0(OrchestratorTests.java:71)
	at java.base/java.lang.Thread.run(Thread.java:1583)
10:54:20.892 [Thread-2] ERROR Orchestrator.Orchestrator -- Event queue was interrupted
java.lang.InterruptedException: null
	at EventBus.EventQueue.take(EventQueue.java:58)
	at Orchestrator.Orchestrator.start(Orchestrator.java:78)
	at Orchestrator.OrchestratorTests.lambda$runOrchestratorInThread$0(OrchestratorTests.java:71)
	at java.base/java.lang.Thread.run(Thread.java:1583)
10:54:20.892 [Thread-1] ERROR Orchestrator.Orchestrator -- Event queue was interrupted
java.lang.InterruptedException: null
	at EventBus.EventQueue.take(EventQueue.java:58)
	at Orchestrator.Orchestrator.start(Orchestrator.java:78)
	at Orchestrator.OrchestratorTests.lambda$runOrchestratorInThread$0(OrchestratorTests.java:71)
	at java.base/java.lang.Thread.run(Thread.java:1583)
10:54:20.892 [Thread-1] ERROR Orchestrator.Orchestrator -- Event queue was interrupted
java.lang.InterruptedException: null
	at EventBus.EventQueue.take(EventQueue.java:58)
	at Orchestrator.Orchestrator.start(Orchestrator.java:78)
	at Orchestrator.OrchestratorTests.lambda$runOrchestratorInThread$0(OrchestratorTests.java:71)
	at java.base/java.lang.Thread.run(Thread.java:1583)
10:54:20.892 [Thread-2] ERROR Orchestrator.Orchestrator -- Event queue was interrupted
java.lang.InterruptedException: null
	at EventBus.EventQueue.take(EventQueue.java:58)
	at Orchestrator.Orchestrator.start(Orchestrator.java:78)
	at Orchestrator.OrchestratorTests.lambda$runOrchestratorInThread$0(OrchestratorTests.java:71)
	at java.base/java.lang.Thread.run(Thread.java:1583)
10:54:20.892 [Thread-1] ERROR Orchestrator.Orchestrator -- Event queue was interrupted
java.lang.InterruptedException: null
	at EventBus.EventQueue.take(EventQueue.java:58)
	at Orchestrator.Orchestrator.start(Orchestrator.java:78)
	at Orchestrator.OrchestratorTests.lambda$runOrchestratorInThread$0(OrchestratorTests.java:71)
	at java.base/java.lang.Thread.run(Thread.java:1583)
10:54:20.892 [Thread-2] ERROR Orchestrator.Orchestrator -- Event queue was interrupted
java.lang.InterruptedException: null
	at EventBus.EventQueue.take(EventQueue.java:58)
	at Orchestrator.Orchestrator.start(Orchestrator.java:78)
	at Orchestrator.OrchestratorTests.lambda$runOrchestratorInThread$0(OrchestratorTests.java:71)
	at java.base/java.lang.Thread.run(Thread.java:1583)
10:54:20.892 [Thread-1] ERROR Orchestrator.Orchestrator -- Event queue was interrupted
java.lang.InterruptedException: null
	at EventBus.EventQueue.take(EventQueue.java:58)
	at Orchestrator.Orchestrator.start(Orchestrator.java:78)
	at Orchestrator.OrchestratorTests.lambda$runOrchestratorInThread$0(OrchestratorTests.java:71)
	at java.base/java.lang.Thread.run(Thread.java:1583)
10:54:20.892 [Thread-2] ERROR Orchestrator.Orchestrator -- Event queue was interrupted
java.lang.InterruptedException: null
	at EventBus.EventQueue.take(EventQueue.java:58)
	at Orchestrator.Orchestrator.start(Orchestrator.java:78)
	at Orchestrator.OrchestratorTests.lambda$runOrchestratorInThread$0(OrchestratorTests.java:71)
	at java.base/java.lang.Thread.run(Thread.java:1583)
10:54:20.892 [Thread-1] ERROR Orchestrator.Orchestrator -- Event queue was interrupted
java.lang.InterruptedException: null
	at EventBus.EventQueue.take(EventQueue.java:58)
	at Orchestrator.Orchestrator.start(Orchestrator.java:78)
	at Orchestrator.OrchestratorTests.lambda$runOrchestratorInThread$0(OrchestratorTests.java:71)
	at java.base/java.lang.Thread.run(Thread.java:1583)
10:54:20.892 [Thread-2] ERROR Orchestrator.Orchestrator -- Event queue was interrupted
java.lang.InterruptedException: null
	at EventBus.EventQueue.take(EventQueue.java:58)
	at Orchestrator.Orchestrator.start(Orchestrator.java:78)
	at Orchestrator.OrchestratorTests.lambda$runOrchestratorInThread$0(OrchestratorTests.java:71)
	at java.base/java.lang.Thread.run(Thread.java:1583)
10:54:20.892 [Thread-1] ERROR Orchestrator.Orchestrator -- Event queue was interrupted
java.lang.InterruptedException: null
	at EventBus.EventQueue.take(EventQueue.java:58)
	at Orchestrator.Orchestrator.start(Orchestrator.java:78)
	at Orchestrator.OrchestratorTests.lambda$runOrchestratorInThread$0(OrchestratorTests.java:71)
	at java.base/java.lang.Thread.run(Thread.java:1583)
10:54:20.892 [Thread-2] ERROR Orchestrator.Orchestrator -- Event queue was interrupted
java.lang.InterruptedException: null
	at EventBus.EventQueue.take(EventQueue.java:58)
	at Orchestrator.Orchestrator.start(Orchestrator.java:78)
	at Orchestrator.OrchestratorTests.lambda$runOrchestratorInThread$0(OrchestratorTests.java:71)
	at java.base/java.lang.Thread.run(Thread.java:1583)
10:54:20.892 [Thread-1] ERROR Orchestrator.Orchestrator -- Event queue was interrupted
java.lang.InterruptedException: null
	at EventBus.EventQueue.take(EventQueue.java:58)
	at Orchestrator.Orchestrator.start(Orchestrator.java:78)
	at Orchestrator.OrchestratorTests.lambda$runOrchestratorInThread$0(OrchestratorTests.java:71)
	at java.base/java.lang.Thread.run(Thread.java:1583)
10:54:20.892 [Thread-2] ERROR Orchestrator.Orchestrator -- Event queue was interrupted
java.lang.InterruptedException: null
	at EventBus.EventQueue.take(EventQueue.java:58)
	at Orchestrator.Orchestrator.start(Orchestrator.java:78)
	at Orchestrator.OrchestratorTests.lambda$runOrchestratorInThread$0(OrchestratorTests.java:71)
	at java.base/java.lang.Thread.run(Thread.java:1583)
10:54:20.892 [Thread-1] ERROR Orchestrator.Orchestrator -- Event queue was interrupted
java.lang.InterruptedException: null
	at EventBus.EventQueue.take(EventQueue.java:58)
	at Orchestrator.Orchestrator.start(Orchestrator.java:78)
	at Orchestrator.OrchestratorTests.lambda$runOrchestratorInThread$0(OrchestratorTests.java:71)
	at java.base/java.lang.Thread.run(Thread.java:1583)
10:54:20.892 [Thread-2] ERROR Orchestrator.Orchestrator -- Event queue was interrupted
java.lang.InterruptedException: null
	at EventBus.EventQueue.take(EventQueue.java:58)
	at Orchestrator.Orchestrator.start(Orchestrator.java:78)
	at Orchestrator.OrchestratorTests.lambda$runOrchestratorInThread$0(OrchestratorTests.java:71)
	at java.base/java.lang.Thread.run(Thread.java:1583)
10:54:20.892 [Thread-1] ERROR Orchestrator.Orchestrator -- Event queue was interrupted
java.lang.InterruptedException: null
	at EventBus.EventQueue.take(EventQueue.java:58)
	at Orchestrator.Orchestrator.start(Orchestrator.java:78)
	at Orchestrator.OrchestratorTests.lambda$runOrchestratorInThread$0(OrchestratorTests.java:71)
	at java.base/java.lang.Thread.run(Thread.java:1583)
10:54:20.892 [Thread-2] ERROR Orchestrator.Orchestrator -- Event queue was interrupted
java.lang.InterruptedException: null
	at EventBus.EventQueue.take(EventQueue.java:58)
	at Orchestrator.Orchestrator.start(Orchestrator.java:78)
	at Orchestrator.OrchestratorTests.lambda$runOrchestratorInThread$0(OrchestratorTests.java:71)
	at java.base/java.lang.Thread.run(Thread.java:1583)
10:54:20.892 [Thread-1] ERROR Orchestrator.Orchestrator -- Event queue was interrupted
java.lang.InterruptedException: null
	at EventBus.EventQueue.take(EventQueue.java:58)
	at Orchestrator.Orchestrator.start(Orchestrator.java:78)
	at Orchestrator.OrchestratorTests.lambda$runOrchestratorInThread$0(OrchestratorTests.java:71)
	at java.base/java.lang.Thread.run(Thread.java:1583)
10:54:20.893 [Thread-2] ERROR Orchestrator.Orchestrator -- Event queue was interrupted
java.lang.InterruptedException: null
	at EventBus.EventQueue.take(EventQueue.java:58)
	at Orchestrator.Orchestrator.start(Orchestrator.java:78)
	at Orchestrator.OrchestratorTests.lambda$runOrchestratorInThread$0(OrchestratorTests.java:71)
	at java.base/java.lang.Thread.run(Thread.java:1583)
10:54:20.893 [Thread-1] ERROR Orchestrator.Orchestrator -- Event queue was interrupted
java.lang.InterruptedException: null
	at EventBus.EventQueue.take(EventQueue.java:58)
	at Orchestrator.Orchestrator.start(Orchestrator.java:78)
	at Orchestrator.OrchestratorTests.lambda$runOrchestratorInThread$0(OrchestratorTests.java:71)
	at java.base/java.lang.Thread.run(Thread.java:1583)
10:54:20.893 [Thread-2] ERROR Orchestrator.Orchestrator -- Event queue was interrupted
java.lang.InterruptedException: null
	at EventBus.EventQueue.take(EventQueue.java:58)
	at Orchestrator.Orchestrator.start(Orchestrator.java:78)
	at Orchestrator.OrchestratorTests.lambda$runOrchestratorInThread$0(OrchestratorTests.java:71)
	at java.base/java.lang.Thread.run(Thread.java:1583)
10:54:20.893 [Thread-1] ERROR Orchestrator.Orchestrator -- Event queue was interrupted
java.lang.InterruptedException: null
	at EventBus.EventQueue.take(EventQueue.java:58)
	at Orchestrator.Orchestrator.start(Orchestrator.java:78)
	at Orchestrator.OrchestratorTests.lambda$runOrchestratorInThread$0(OrchestratorTests.java:71)
	at java.base/java.lang.Thread.run(Thread.java:1583)
10:54:20.893 [Thread-2] ERROR Orchestrator.Orchestrator -- Event queue was interrupted
java.lang.InterruptedException: null
	at EventBus.EventQueue.take(EventQueue.java:58)
	at Orchestrator.Orchestrator.start(Orchestrator.java:78)
	at Orchestrator.OrchestratorTests.lambda$runOrchestratorInThread$0(OrchestratorTests.java:71)
	at java.base/java.lang.Thread.run(Thread.java:1583)
10:54:20.893 [Thread-1] ERROR Orchestrator.Orchestrator -- Event queue was interrupted
java.lang.InterruptedException: null
	at EventBus.EventQueue.take(EventQueue.java:58)
	at Orchestrator.Orchestrator.start(Orchestrator.java:78)
	at Orchestrator.OrchestratorTests.lambda$runOrchestratorInThread$0(OrchestratorTests.java:71)
	at java.base/java.lang.Thread.run(Thread.java:1583)
10:54:20.893 [Thread-2] ERROR Orchestrator.Orchestrator -- Event queue was interrupted
java.lang.InterruptedException: null
	at EventBus.EventQueue.take(EventQueue.java:58)
	at Orchestrator.Orchestrator.start(Orchestrator.java:78)
	at Orchestrator.OrchestratorTests.lambda$runOrchestratorInThread$0(OrchestratorTests.java:71)
	at java.base/java.lang.Thread.run(Thread.java:1583)
10:54:20.893 [Thread-1] ERROR Orchestrator.Orchestrator -- Event queue was interrupted
java.lang.InterruptedException: null
	at EventBus.EventQueue.take(EventQueue.java:58)
	at Orchestrator.Orchestrator.start(Orchestrator.java:78)
	at Orchestrator.OrchestratorTests.lambda$runOrchestratorInThread$0(OrchestratorTests.java:71)
	at java.base/java.lang.Thread.run(Thread.java:1583)
10:54:20.893 [Thread-2] ERROR Orchestrator.Orchestrator -- Event queue was interrupted
java.lang.InterruptedException: null
	at EventBus.EventQueue.take(EventQueue.java:58)
	at Orchestrator.Orchestrator.start(Orchestrator.java:78)
	at Orchestrator.OrchestratorTests.lambda$runOrchestratorInThread$0(OrchestratorTests.java:71)
	at java.base/java.lang.Thread.run(Thread.java:1583)
10:54:20.893 [Thread-1] ERROR Orchestrator.Orchestrator -- Event queue was interrupted
java.lang.InterruptedException: null
	at EventBus.EventQueue.take(EventQueue.java:58)
	at Orchestrator.Orchestrator.start(Orchestrator.java:78)
	at Orchestrator.OrchestratorTests.lambda$runOrchestratorInThread$0(OrchestratorTests.java:71)
	at java.base/java.lang.Thread.run(Thread.java:1583)
10:54:20.893 [Thread-2] ERROR Orchestrator.Orchestrator -- Event queue was interrupted
java.lang.InterruptedException: null
	at EventBus.EventQueue.take(EventQueue.java:58)
	at Orchestrator.Orchestrator.start(Orchestrator.java:78)
	at Orchestrator.OrchestratorTests.lambda$runOrchestratorInThread$0(OrchestratorTests.java:71)
	at java.base/java.lang.Thread.run(Thread.java:1583)
10:54:20.893 [Thread-1] ERROR Orchestrator.Orchestrator -- Event queue was interrupted
java.lang.InterruptedException: null
	at EventBus.EventQueue.take(EventQueue.java:58)
	at Orchestrator.Orchestrator.start(Orchestrator.java:78)
	at Orchestrator.OrchestratorTests.lambda$runOrchestratorInThread$0(OrchestratorTests.java:71)
	at java.base/java.lang.Thread.run(Thread.java:1583)
10:54:20.893 [Thread-2] ERROR Orchestrator.Orchestrator -- Event queue was interrupted
java.lang.InterruptedException: null
	at EventBus.EventQueue.take(EventQueue.java:58)
	at Orchestrator.Orchestrator.start(Orchestrator.java:78)
	at Orchestrator.OrchestratorTests.lambda$runOrchestratorInThread$0(OrchestratorTests.java:71)
	at java.base/java.lang.Thread.run(Thread.java:1583)
10:54:20.893 [Thread-1] ERROR Orchestrator.Orchestrator -- Event queue was interrupted
java.lang.InterruptedException: null
	at EventBus.EventQueue.take(EventQueue.java:58)
	at Orchestrator.Orchestrator.start(Orchestrator.java:78)
	at Orchestrator.OrchestratorTests.lambda$runOrchestratorInThread$0(OrchestratorTests.java:71)
	at java.base/java.lang.Thread.run(Thread.java:1583)
10:54:20.893 [Thread-2] ERROR Orchestrator.Orchestrator -- Event queue was interrupted
java.lang.InterruptedException: null
	at EventBus.EventQueue.take(EventQueue.java:58)
	at Orchestrator.Orchestrator.start(Orchestrator.java:78)
	at Orchestrator.OrchestratorTests.lambda$runOrchestratorInThread$0(OrchestratorTests.java:71)
	at java.base/java.lang.Thread.run(Thread.java:1583)
10:54:20.893 [Thread-1] ERROR Orchestrator.Orchestrator -- Event queue was interrupted
java.lang.InterruptedException: null
	at EventBus.EventQueue.take(EventQueue.java:58)
	at Orchestrator.Orchestrator.start(Orchestrator.java:78)
	at Orchestrator.OrchestratorTests.lambda$runOrchestratorInThread$0(OrchestratorTests.java:71)
	at java.base/java.lang.Thread.run(Thread.java:1583)
10:54:20.893 [Thread-2] ERROR Orchestrator.Orchestrator -- Event queue was interrupted
java.lang.InterruptedException: null
	at EventBus.EventQueue.take(EventQueue.java:58)
	at Orchestrator.Orchestrator.start(Orchestrator.java:78)
	at Orchestrator.OrchestratorTests.lambda$runOrchestratorInThread$0(OrchestratorTests.java:71)
	at java.base/java.lang.Thread.run(Thread.java:1583)
10:54:20.893 [Thread-1] ERROR Orchestrator.Orchestrator -- Event queue was interrupted
java.lang.InterruptedException: null
	at EventBus.EventQueue.take(EventQueue.java:58)
	at Orchestrator.Orchestrator.start(Orchestrator.java:78)
	at Orchestrator.OrchestratorTests.lambda$runOrchestratorInThread$0(OrchestratorTests.java:71)
	at java.base/java.lang.Thread.run(Thread.java:1583)
10:54:20.893 [Thread-2] ERROR Orchestrator.Orchestrator -- Event queue was interrupted
java.lang.InterruptedException: null
	at EventBus.EventQueue.take(EventQueue.java:58)
	at Orchestrator.Orchestrator.start(Orchestrator.java:78)
	at Orchestrator.OrchestratorTests.lambda$runOrchestratorInThread$0(OrchestratorTests.java:71)
	at java.base/java.lang.Thread.run(Thread.java:1583)
10:54:20.893 [Thread-1] ERROR Orchestrator.Orchestrator -- Event queue was interrupted
java.lang.InterruptedException: null
	at EventBus.EventQueue.take(EventQueue.java:58)
	at Orchestrator.Orchestrator.start(Orchestrator.java:78)
	at Orchestrator.OrchestratorTests.lambda$runOrchestratorInThread$0(OrchestratorTests.java:71)
	at java.base/java.lang.Thread.run(Thread.java:1583)
10:54:20.893 [Thread-2] ERROR Orchestrator.Orchestrator -- Event queue was interrupted
java.lang.InterruptedException: null
	at EventBus.EventQueue.take(EventQueue.java:58)
	at Orchestrator.Orchestrator.start(Orchestrator.java:78)
	at Orchestrator.OrchestratorTests.lambda$runOrchestratorInThread$0(OrchestratorTests.java:71)
	at java.base/java.lang.Thread.run(Thread.java:1583)
10:54:20.893 [Thread-1] ERROR Orchestrator.Orchestrator -- Event queue was interrupted
java.lang.InterruptedException: null
	at EventBus.EventQueue.take(EventQueue.java:58)
	at Orchestrator.Orchestrator.start(Orchestrator.java:78)
	at Orchestrator.OrchestratorTests.lambda$runOrchestratorInThread$0(OrchestratorTests.java:71)
	at java.base/java.lang.Thread.run(Thread.java:1583)
10:54:20.894 [Thread-2] ERROR Orchestrator.Orchestrator -- Event queue was interrupted
java.lang.InterruptedException: null
	at EventBus.EventQueue.take(EventQueue.java:58)
	at Orchestrator.Orchestrator.start(Orchestrator.java:78)
	at Orchestrator.OrchestratorTests.lambda$runOrchestratorInThread$0(OrchestratorTests.java:71)
	at java.base/java.lang.Thread.run(Thread.java:1583)
10:54:20.894 [Thread-1] ERROR Orchestrator.Orchestrator -- Event queue was interrupted
java.lang.InterruptedException: null
	at EventBus.EventQueue.take(EventQueue.java:58)
	at Orchestrator.Orchestrator.start(Orchestrator.java:78)
	at Orchestrator.OrchestratorTests.lambda$runOrchestratorInThread$0(OrchestratorTests.java:71)
	at java.base/java.lang.Thread.run(Thread.java:1583)
10:54:20.894 [Thread-2] ERROR Orchestrator.Orchestrator -- Event queue was interrupted
java.lang.InterruptedException: null
	at EventBus.EventQueue.take(EventQueue.java:58)
	at Orchestrator.Orchestrator.start(Orchestrator.java:78)
	at Orchestrator.OrchestratorTests.lambda$runOrchestratorInThread$0(OrchestratorTests.java:71)
	at java.base/java.lang.Thread.run(Thread.java:1583)
10:54:20.894 [Thread-1] ERROR Orchestrator.Orchestrator -- Event queue was interrupted
java.lang.InterruptedException: null
	at EventBus.EventQueue.take(EventQueue.java:58)
	at Orchestrator.Orchestrator.start(Orchestrator.java:78)
	at Orchestrator.OrchestratorTests.lambda$runOrchestratorInThread$0(OrchestratorTests.java:71)
	at java.base/java.lang.Thread.run(Thread.java:1583)
10:54:20.894 [Thread-2] ERROR Orchestrator.Orchestrator -- Event queue was interrupted
java.lang.InterruptedException: null
	at EventBus.EventQueue.take(EventQueue.java:58)
	at Orchestrator.Orchestrator.start(Orchestrator.java:78)
	at Orchestrator.OrchestratorTests.lambda$runOrchestratorInThread$0(OrchestratorTests.java:71)
	at java.base/java.lang.Thread.run(Thread.java:1583)
10:54:20.894 [Thread-1] ERROR Orchestrator.Orchestrator -- Event queue was interrupted
java.lang.InterruptedException: null
	at EventBus.EventQueue.take(EventQueue.java:58)
	at Orchestrator.Orchestrator.start(Orchestrator.java:78)
	at Orchestrator.OrchestratorTests.lambda$runOrchestratorInThread$0(OrchestratorTests.java:71)
	at java.base/java.lang.Thread.run(Thread.java:1583)
10:54:20.894 [Thread-2] ERROR Orchestrator.Orchestrator -- Event queue was interrupted
java.lang.InterruptedException: null
	at EventBus.EventQueue.take(EventQueue.java:58)
	at Orchestrator.Orchestrator.start(Orchestrator.java:78)
	at Orchestrator.OrchestratorTests.lambda$runOrchestratorInThread$0(OrchestratorTests.java:71)
	at java.base/java.lang.Thread.run(Thread.java:1583)
10:54:20.894 [Thread-1] ERROR Orchestrator.Orchestrator -- Event queue was interrupted
java.lang.InterruptedException: null
	at EventBus.EventQueue.take(EventQueue.java:58)
	at Orchestrator.Orchestrator.start(Orchestrator.java:78)
	at Orchestrator.OrchestratorTests.lambda$runOrchestratorInThread$0(OrchestratorTests.java:71)
	at java.base/java.lang.Thread.run(Thread.java:1583)
10:54:20.894 [Thread-2] ERROR Orchestrator.Orchestrator -- Event queue was interrupted
java.lang.InterruptedException: null
	at EventBus.EventQueue.take(EventQueue.java:58)
	at Orchestrator.Orchestrator.start(Orchestrator.java:78)
	at Orchestrator.OrchestratorTests.lambda$runOrchestratorInThread$0(OrchestratorTests.java:71)
	at java.base/java.lang.Thread.run(Thread.java:1583)
10:54:20.894 [Thread-1] ERROR Orchestrator.Orchestrator -- Event queue was interrupted
java.lang.InterruptedException: null
	at EventBus.EventQueue.take(EventQueue.java:58)
	at Orchestrator.Orchestrator.start(Orchestrator.java:78)
	at Orchestrator.OrchestratorTests.lambda$runOrchestratorInThread$0(OrchestratorTests.java:71)
	at java.base/java.lang.Thread.run(Thread.java:1583)
10:54:20.894 [Thread-2] ERROR Orchestrator.Orchestrator -- Event queue was interrupted
java.lang.InterruptedException: null
	at EventBus.EventQueue.take(EventQueue.java:58)
	at Orchestrator.Orchestrator.start(Orchestrator.java:78)
	at Orchestrator.OrchestratorTests.lambda$runOrchestratorInThread$0(OrchestratorTests.java:71)
	at java.base/java.lang.Thread.run(Thread.java:1583)
10:54:20.894 [Thread-1] ERROR Orchestrator.Orchestrator -- Event queue was interrupted
java.lang.InterruptedException: null
	at EventBus.EventQueue.take(EventQueue.java:58)
	at Orchestrator.Orchestrator.start(Orchestrator.java:78)
	at Orchestrator.OrchestratorTests.lambda$runOrchestratorInThread$0(OrchestratorTests.java:71)
	at java.base/java.lang.Thread.run(Thread.java:1583)
10:54:20.894 [Thread-2] ERROR Orchestrator.Orchestrator -- Event queue was interrupted
java.lang.InterruptedException: null
	at EventBus.EventQueue.take(EventQueue.java:58)
	at Orchestrator.Orchestrator.start(Orchestrator.java:78)
	at Orchestrator.OrchestratorTests.lambda$runOrchestratorInThread$0(OrchestratorTests.java:71)
	at java.base/java.lang.Thread.run(Thread.java:1583)
10:54:20.894 [Thread-1] ERROR Orchestrator.Orchestrator -- Event queue was interrupted
java.lang.InterruptedException: null
	at EventBus.EventQueue.take(EventQueue.java:58)
	at Orchestrator.Orchestrator.start(Orchestrator.java:78)
	at Orchestrator.OrchestratorTests.lambda$runOrchestratorInThread$0(OrchestratorTests.java:71)
	at java.base/java.lang.Thread.run(Thread.java:1583)
10:54:20.894 [Thread-2] ERROR Orchestrator.Orchestrator -- Event queue was interrupted
java.lang.InterruptedException: null
	at EventBus.EventQueue.take(EventQueue.java:58)
	at Orchestrator.Orchestrator.start(Orchestrator.java:78)
	at Orchestrator.OrchestratorTests.lambda$runOrchestratorInThread$0(OrchestratorTests.java:71)
	at java.base/java.lang.Thread.run(Thread.java:1583)
10:54:20.894 [Thread-1] ERROR Orchestrator.Orchestrator -- Event queue was interrupted
java.lang.InterruptedException: null
	at EventBus.EventQueue.take(EventQueue.java:58)
	at Orchestrator.Orchestrator.start(Orchestrator.java:78)
	at Orchestrator.OrchestratorTests.lambda$runOrchestratorInThread$0(OrchestratorTests.java:71)
	at java.base/java.lang.Thread.run(Thread.java:1583)
10:54:20.894 [Thread-2] ERROR Orchestrator.Orchestrator -- Event queue was interrupted
java.lang.InterruptedException: null
	at EventBus.EventQueue.take(EventQueue.java:58)
	at Orchestrator.Orchestrator.start(Orchestrator.java:78)
	at Orchestrator.OrchestratorTests.lambda$runOrchestratorInThread$0(OrchestratorTests.java:71)
	at java.base/java.lang.Thread.run(Thread.java:1583)
10:54:20.894 [Thread-1] ERROR Orchestrator.Orchestrator -- Event queue was interrupted
java.lang.InterruptedException: null
	at EventBus.EventQueue.take(EventQueue.java:58)
	at Orchestrator.Orchestrator.start(Orchestrator.java:78)
	at Orchestrator.OrchestratorTests.lambda$runOrchestratorInThread$0(OrchestratorTests.java:71)
	at java.base/java.lang.Thread.run(Thread.java:1583)
10:54:20.894 [Thread-2] ERROR Orchestrator.Orchestrator -- Event queue was interrupted
java.lang.InterruptedException: null
	at EventBus.EventQueue.take(EventQueue.java:58)
	at Orchestrator.Orchestrator.start(Orchestrator.java:78)
	at Orchestrator.OrchestratorTests.lambda$runOrchestratorInThread$0(OrchestratorTests.java:71)
	at java.base/java.lang.Thread.run(Thread.java:1583)
10:54:20.894 [Thread-1] ERROR Orchestrator.Orchestrator -- Event queue was interrupted
java.lang.InterruptedException: null
	at EventBus.EventQueue.take(EventQueue.java:58)
	at Orchestrator.Orchestrator.start(Orchestrator.java:78)
	at Orchestrator.OrchestratorTests.lambda$runOrchestratorInThread$0(OrchestratorTests.java:71)
	at java.base/java.lang.Thread.run(Thread.java:1583)
10:54:20.894 [Thread-2] ERROR Orchestrator.Orchestrator -- Event queue was interrupted
java.lang.InterruptedException: null
	at EventBus.EventQueue.take(EventQueue.java:58)
	at Orchestrator.Orchestrator.start(Orchestrator.java:78)
	at Orchestrator.OrchestratorTests.lambda$runOrchestratorInThread$0(OrchestratorTests.java:71)
	at java.base/java.lang.Thread.run(Thread.java:1583)
10:54:20.894 [Thread-1] ERROR Orchestrator.Orchestrator -- Event queue was interrupted
java.lang.InterruptedException: null
	at EventBus.EventQueue.take(EventQueue.java:58)
	at Orchestrator.Orchestrator.start(Orchestrator.java:78)
	at Orchestrator.OrchestratorTests.lambda$runOrchestratorInThread$0(OrchestratorTests.java:71)
	at java.base/java.lang.Thread.run(Thread.java:1583)
10:54:20.895 [Thread-2] ERROR Orchestrator.Orchestrator -- Event queue was interrupted
java.lang.InterruptedException: null
	at EventBus.EventQueue.take(EventQueue.java:58)
	at Orchestrator.Orchestrator.start(Orchestrator.java:78)
	at Orchestrator.OrchestratorTests.lambda$runOrchestratorInThread$0(OrchestratorTests.java:71)
	at java.base/java.lang.Thread.run(Thread.java:1583)
10:54:20.895 [Thread-1] ERROR Orchestrator.Orchestrator -- Event queue was interrupted
java.lang.InterruptedException: null
	at EventBus.EventQueue.take(EventQueue.java:58)
	at Orchestrator.Orchestrator.start(Orchestrator.java:78)
	at Orchestrator.OrchestratorTests.lambda$runOrchestratorInThread$0(OrchestratorTests.java:71)
	at java.base/java.lang.Thread.run(Thread.java:1583)
10:54:20.895 [Thread-2] ERROR Orchestrator.Orchestrator -- Event queue was interrupted
java.lang.InterruptedException: null
	at EventBus.EventQueue.take(EventQueue.java:58)
	at Orchestrator.Orchestrator.start(Orchestrator.java:78)
	at Orchestrator.OrchestratorTests.lambda$runOrchestratorInThread$0(OrchestratorTests.java:71)
	at java.base/java.lang.Thread.run(Thread.java:1583)
10:54:20.895 [Thread-1] ERROR Orchestrator.Orchestrator -- Event queue was interrupted
java.lang.InterruptedException: null
	at EventBus.EventQueue.take(EventQueue.java:58)
	at Orchestrator.Orchestrator.start(Orchestrator.java:78)
	at Orchestrator.OrchestratorTests.lambda$runOrchestratorInThread$0(OrchestratorTests.java:71)
	at java.base/java.lang.Thread.run(Thread.java:1583)
10:54:20.895 [Thread-1] ERROR Orchestrator.Orchestrator -- Event queue was interrupted
java.lang.InterruptedException: null
	at EventBus.EventQueue.take(EventQueue.java:58)
	at Orchestrator.Orchestrator.start(Orchestrator.java:78)
	at Orchestrator.OrchestratorTests.lambda$runOrchestratorInThread$0(OrchestratorTests.java:71)
	at java.base/java.lang.Thread.run(Thread.java:1583)
10:54:20.895 [Thread-2] ERROR Orchestrator.Orchestrator -- Event queue was interrupted
java.lang.InterruptedException: null
	at EventBus.EventQueue.take(EventQueue.java:58)
	at Orchestrator.Orchestrator.start(Orchestrator.java:78)
	at Orchestrator.OrchestratorTests.lambda$runOrchestratorInThread$0(OrchestratorTests.java:71)
	at java.base/java.lang.Thread.run(Thread.java:1583)
10:54:20.895 [Thread-1] ERROR Orchestrator.Orchestrator -- Event queue was interrupted
java.lang.InterruptedException: null
	at EventBus.EventQueue.take(EventQueue.java:58)
	at Orchestrator.Orchestrator.start(Orchestrator.java:78)
	at Orchestrator.OrchestratorTests.lambda$runOrchestratorInThread$0(OrchestratorTests.java:71)
	at java.base/java.lang.Thread.run(Thread.java:1583)
10:54:20.895 [Thread-2] ERROR Orchestrator.Orchestrator -- Event queue was interrupted
java.lang.InterruptedException: null
	at EventBus.EventQueue.take(EventQueue.java:58)
	at Orchestrator.Orchestrator.start(Orchestrator.java:78)
	at Orchestrator.OrchestratorTests.lambda$runOrchestratorInThread$0(OrchestratorTests.java:71)
	at java.base/java.lang.Thread.run(Thread.java:1583)
10:54:20.895 [Thread-1] ERROR Orchestrator.Orchestrator -- Event queue was interrupted
java.lang.InterruptedException: null
	at EventBus.EventQueue.take(EventQueue.java:58)
	at Orchestrator.Orchestrator.start(Orchestrator.java:78)
	at Orchestrator.OrchestratorTests.lambda$runOrchestratorInThread$0(OrchestratorTests.java:71)
	at java.base/java.lang.Thread.run(Thread.java:1583)
10:54:20.895 [Thread-2] ERROR Orchestrator.Orchestrator -- Event queue was interrupted
java.lang.InterruptedException: null
	at EventBus.EventQueue.take(EventQueue.java:58)
	at Orchestrator.Orchestrator.start(Orchestrator.java:78)
	at Orchestrator.OrchestratorTests.lambda$runOrchestratorInThread$0(OrchestratorTests.java:71)
	at java.base/java.lang.Thread.run(Thread.java:1583)
10:54:20.895 [Thread-1] ERROR Orchestrator.Orchestrator -- Event queue was interrupted
java.lang.InterruptedException: null
	at EventBus.EventQueue.take(EventQueue.java:58)
	at Orchestrator.Orchestrator.start(Orchestrator.java:78)
	at Orchestrator.OrchestratorTests.lambda$runOrchestratorInThread$0(OrchestratorTests.java:71)
	at java.base/java.lang.Thread.run(Thread.java:1583)
10:54:20.895 [Thread-2] ERROR Orchestrator.Orchestrator -- Event queue was interrupted
java.lang.InterruptedException: null
	at EventBus.EventQueue.take(EventQueue.java:58)
	at Orchestrator.Orchestrator.start(Orchestrator.java:78)
	at Orchestrator.OrchestratorTests.lambda$runOrchestratorInThread$0(OrchestratorTests.java:71)
	at java.base/java.lang.Thread.run(Thread.java:1583)
10:54:20.895 [Thread-1] ERROR Orchestrator.Orchestrator -- Event queue was interrupted
java.lang.InterruptedException: null
	at EventBus.EventQueue.take(EventQueue.java:58)
	at Orchestrator.Orchestrator.start(Orchestrator.java:78)
	at Orchestrator.OrchestratorTests.lambda$runOrchestratorInThread$0(OrchestratorTests.java:71)
	at java.base/java.lang.Thread.run(Thread.java:1583)
10:54:20.895 [Thread-2] ERROR Orchestrator.Orchestrator -- Event queue was interrupted
java.lang.InterruptedException: null
	at EventBus.EventQueue.take(EventQueue.java:58)
	at Orchestrator.Orchestrator.start(Orchestrator.java:78)
	at Orchestrator.OrchestratorTests.lambda$runOrchestratorInThread$0(OrchestratorTests.java:71)
	at java.base/java.lang.Thread.run(Thread.java:1583)
10:54:20.895 [Thread-1] ERROR Orchestrator.Orchestrator -- Event queue was interrupted
java.lang.InterruptedException: null
	at EventBus.EventQueue.take(EventQueue.java:58)
	at Orchestrator.Orchestrator.start(Orchestrator.java:78)
	at Orchestrator.OrchestratorTests.lambda$runOrchestratorInThread$0(OrchestratorTests.java:71)
	at java.base/java.lang.Thread.run(Thread.java:1583)
10:54:20.895 [Thread-2] ERROR Orchestrator.Orchestrator -- Event queue was interrupted
java.lang.InterruptedException: null
	at EventBus.EventQueue.take(EventQueue.java:58)
	at Orchestrator.Orchestrator.start(Orchestrator.java:78)
	at Orchestrator.OrchestratorTests.lambda$runOrchestratorInThread$0(OrchestratorTests.java:71)
	at java.base/java.lang.Thread.run(Thread.java:1583)
10:54:20.895 [Thread-1] ERROR Orchestrator.Orchestrator -- Event queue was interrupted
java.lang.InterruptedException: null
	at EventBus.EventQueue.take(EventQueue.java:58)
	at Orchestrator.Orchestrator.start(Orchestrator.java:78)
	at Orchestrator.OrchestratorTests.lambda$runOrchestratorInThread$0(OrchestratorTests.java:71)
	at java.base/java.lang.Thread.run(Thread.java:1583)
10:54:20.895 [Thread-2] ERROR Orchestrator.Orchestrator -- Event queue was interrupted
java.lang.InterruptedException: null
	at EventBus.EventQueue.take(EventQueue.java:58)
	at Orchestrator.Orchestrator.start(Orchestrator.java:78)
	at Orchestrator.OrchestratorTests.lambda$runOrchestratorInThread$0(OrchestratorTests.java:71)
	at java.base/java.lang.Thread.run(Thread.java:1583)
10:54:20.895 [Thread-1] ERROR Orchestrator.Orchestrator -- Event queue was interrupted
java.lang.InterruptedException: null
	at EventBus.EventQueue.take(EventQueue.java:58)
	at Orchestrator.Orchestrator.start(Orchestrator.java:78)
	at Orchestrator.OrchestratorTests.lambda$runOrchestratorInThread$0(OrchestratorTests.java:71)
	at java.base/java.lang.Thread.run(Thread.java:1583)
10:54:20.895 [Thread-2] ERROR Orchestrator.Orchestrator -- Event queue was interrupted
java.lang.InterruptedException: null
	at EventBus.EventQueue.take(EventQueue.java:58)
	at Orchestrator.Orchestrator.start(Orchestrator.java:78)
	at Orchestrator.OrchestratorTests.lambda$runOrchestratorInThread$0(OrchestratorTests.java:71)
	at java.base/java.lang.Thread.run(Thread.java:1583)
10:54:20.895 [Thread-1] ERROR Orchestrator.Orchestrator -- Event queue was interrupted
java.lang.InterruptedException: null
	at EventBus.EventQueue.take(EventQueue.java:58)
	at Orchestrator.Orchestrator.start(Orchestrator.java:78)
	at Orchestrator.OrchestratorTests.lambda$runOrchestratorInThread$0(OrchestratorTests.java:71)
	at java.base/java.lang.Thread.run(Thread.java:1583)
10:54:20.895 [Thread-2] ERROR Orchestrator.Orchestrator -- Event queue was interrupted
java.lang.InterruptedException: null
	at EventBus.EventQueue.take(EventQueue.java:58)
	at Orchestrator.Orchestrator.start(Orchestrator.java:78)
	at Orchestrator.OrchestratorTests.lambda$runOrchestratorInThread$0(OrchestratorTests.java:71)
	at java.base/java.lang.Thread.run(Thread.java:1583)
10:54:20.895 [Thread-1] ERROR Orchestrator.Orchestrator -- Event queue was interrupted
java.lang.InterruptedException: null
	at EventBus.EventQueue.take(EventQueue.java:58)
	at Orchestrator.Orchestrator.start(Orchestrator.java:78)
	at Orchestrator.OrchestratorTests.lambda$runOrchestratorInThread$0(OrchestratorTests.java:71)
	at java.base/java.lang.Thread.run(Thread.java:1583)
10:54:20.896 [Thread-2] ERROR Orchestrator.Orchestrator -- Event queue was interrupted
java.lang.InterruptedException: null
	at EventBus.EventQueue.take(EventQueue.java:58)
	at Orchestrator.Orchestrator.start(Orchestrator.java:78)
	at Orchestrator.OrchestratorTests.lambda$runOrchestratorInThread$0(OrchestratorTests.java:71)
	at java.base/java.lang.Thread.run(Thread.java:1583)
10:54:20.896 [Thread-1] ERROR Orchestrator.Orchestrator -- Event queue was interrupted
java.lang.InterruptedException: null
	at EventBus.EventQueue.take(EventQueue.java:58)
	at Orchestrator.Orchestrator.start(Orchestrator.java:78)
	at Orchestrator.OrchestratorTests.lambda$runOrchestratorInThread$0(OrchestratorTests.java:71)
	at java.base/java.lang.Thread.run(Thread.java:1583)
10:54:20.896 [Thread-2] ERROR Orchestrator.Orchestrator -- Event queue was interrupted
java.lang.InterruptedException: null
	at EventBus.EventQueue.take(EventQueue.java:58)
	at Orchestrator.Orchestrator.start(Orchestrator.java:78)
	at Orchestrator.OrchestratorTests.lambda$runOrchestratorInThread$0(OrchestratorTests.java:71)
	at java.base/java.lang.Thread.run(Thread.java:1583)
10:54:20.896 [Thread-1] ERROR Orchestrator.Orchestrator -- Event queue was interrupted
java.lang.InterruptedException: null
	at EventBus.EventQueue.take(EventQueue.java:58)
	at Orchestrator.Orchestrator.start(Orchestrator.java:78)
	at Orchestrator.OrchestratorTests.lambda$runOrchestratorInThread$0(OrchestratorTests.java:71)
	at java.base/java.lang.Thread.run(Thread.java:1583)
10:54:20.896 [Thread-2] ERROR Orchestrator.Orchestrator -- Event queue was interrupted
java.lang.InterruptedException: null
	at EventBus.EventQueue.take(EventQueue.java:58)
	at Orchestrator.Orchestrator.start(Orchestrator.java:78)
	at Orchestrator.OrchestratorTests.lambda$runOrchestratorInThread$0(OrchestratorTests.java:71)
	at java.base/java.lang.Thread.run(Thread.java:1583)
10:54:20.896 [Thread-1] ERROR Orchestrator.Orchestrator -- Event queue was interrupted
java.lang.InterruptedException: null
	at EventBus.EventQueue.take(EventQueue.java:58)
	at Orchestrator.Orchestrator.start(Orchestrator.java:78)
	at Orchestrator.OrchestratorTests.lambda$runOrchestratorInThread$0(OrchestratorTests.java:71)
	at java.base/java.lang.Thread.run(Thread.java:1583)
10:54:20.896 [Thread-2] ERROR Orchestrator.Orchestrator -- Event queue was interrupted
java.lang.InterruptedException: null
	at EventBus.EventQueue.take(EventQueue.java:58)
	at Orchestrator.Orchestrator.start(Orchestrator.java:78)
	at Orchestrator.OrchestratorTests.lambda$runOrchestratorInThread$0(OrchestratorTests.java:71)
	at java.base/java.lang.Thread.run(Thread.java:1583)
10:54:20.896 [Thread-1] ERROR Orchestrator.Orchestrator -- Event queue was interrupted
java.lang.InterruptedException: null
	at EventBus.EventQueue.take(EventQueue.java:58)
	at Orchestrator.Orchestrator.start(Orchestrator.java:78)
	at Orchestrator.OrchestratorTests.lambda$runOrchestratorInThread$0(OrchestratorTests.java:71)
	at java.base/java.lang.Thread.run(Thread.java:1583)
10:54:20.896 [Thread-2] ERROR Orchestrator.Orchestrator -- Event queue was interrupted
java.lang.InterruptedException: null
	at EventBus.EventQueue.take(EventQueue.java:58)
	at Orchestrator.Orchestrator.start(Orchestrator.java:78)
	at Orchestrator.OrchestratorTests.lambda$runOrchestratorInThread$0(OrchestratorTests.java:71)
	at java.base/java.lang.Thread.run(Thread.java:1583)
10:54:20.896 [Thread-1] ERROR Orchestrator.Orchestrator -- Event queue was interrupted
java.lang.InterruptedException: null
	at EventBus.EventQueue.take(EventQueue.java:58)
	at Orchestrator.Orchestrator.start(Orchestrator.java:78)
	at Orchestrator.OrchestratorTests.lambda$runOrchestratorInThread$0(OrchestratorTests.java:71)
	at java.base/java.lang.Thread.run(Thread.java:1583)
10:54:20.896 [Thread-2] ERROR Orchestrator.Orchestrator -- Event queue was interrupted
java.lang.InterruptedException: null
	at EventBus.EventQueue.take(EventQueue.java:58)
	at Orchestrator.Orchestrator.start(Orchestrator.java:78)
	at Orchestrator.OrchestratorTests.lambda$runOrchestratorInThread$0(OrchestratorTests.java:71)
	at java.base/java.lang.Thread.run(Thread.java:1583)
10:54:20.896 [Thread-1] ERROR Orchestrator.Orchestrator -- Event queue was interrupted
java.lang.InterruptedException: null
	at EventBus.EventQueue.take(EventQueue.java:58)
	at Orchestrator.Orchestrator.start(Orchestrator.java:78)
	at Orchestrator.OrchestratorTests.lambda$runOrchestratorInThread$0(OrchestratorTests.java:71)
	at java.base/java.lang.Thread.run(Thread.java:1583)
10:54:20.896 [Thread-2] ERROR Orchestrator.Orchestrator -- Event queue was interrupted
java.lang.InterruptedException: null
	at EventBus.EventQueue.take(EventQueue.java:58)
	at Orchestrator.Orchestrator.start(Orchestrator.java:78)
	at Orchestrator.OrchestratorTests.lambda$runOrchestratorInThread$0(OrchestratorTests.java:71)
	at java.base/java.lang.Thread.run(Thread.java:1583)
10:54:20.896 [Thread-1] ERROR Orchestrator.Orchestrator -- Event queue was interrupted
java.lang.InterruptedException: null
	at EventBus.EventQueue.take(EventQueue.java:58)
	at Orchestrator.Orchestrator.start(Orchestrator.java:78)
	at Orchestrator.OrchestratorTests.lambda$runOrchestratorInThread$0(OrchestratorTests.java:71)
	at java.base/java.lang.Thread.run(Thread.java:1583)
10:54:20.896 [Thread-2] ERROR Orchestrator.Orchestrator -- Event queue was interrupted
java.lang.InterruptedException: null
	at EventBus.EventQueue.take(EventQueue.java:58)
	at Orchestrator.Orchestrator.start(Orchestrator.java:78)
	at Orchestrator.OrchestratorTests.lambda$runOrchestratorInThread$0(OrchestratorTests.java:71)
	at java.base/java.lang.Thread.run(Thread.java:1583)
10:54:20.896 [Thread-1] ERROR Orchestrator.Orchestrator -- Event queue was interrupted
java.lang.InterruptedException: null
	at EventBus.EventQueue.take(EventQueue.java:58)
	at Orchestrator.Orchestrator.start(Orchestrator.java:78)
	at Orchestrator.OrchestratorTests.lambda$runOrchestratorInThread$0(OrchestratorTests.java:71)
	at java.base/java.lang.Thread.run(Thread.java:1583)
10:54:20.896 [Thread-2] ERROR Orchestrator.Orchestrator -- Event queue was interrupted
java.lang.InterruptedException: null
	at EventBus.EventQueue.take(EventQueue.java:58)
	at Orchestrator.Orchestrator.start(Orchestrator.java:78)
	at Orchestrator.OrchestratorTests.lambda$runOrchestratorInThread$0(OrchestratorTests.java:71)
	at java.base/java.lang.Thread.run(Thread.java:1583)
10:54:20.896 [Thread-1] ERROR Orchestrator.Orchestrator -- Event queue was interrupted
java.lang.InterruptedException: null
	at EventBus.EventQueue.take(EventQueue.java:58)
	at Orchestrator.Orchestrator.start(Orchestrator.java:78)
	at Orchestrator.OrchestratorTests.lambda$runOrchestratorInThread$0(OrchestratorTests.java:71)
	at java.base/java.lang.Thread.run(Thread.java:1583)
10:54:20.896 [Thread-2] ERROR Orchestrator.Orchestrator -- Event queue was interrupted
java.lang.InterruptedException: null
	at EventBus.EventQueue.take(EventQueue.java:58)
	at Orchestrator.Orchestrator.start(Orchestrator.java:78)
	at Orchestrator.OrchestratorTests.lambda$runOrchestratorInThread$0(OrchestratorTests.java:71)
	at java.base/java.lang.Thread.run(Thread.java:1583)
10:54:20.896 [Thread-1] ERROR Orchestrator.Orchestrator -- Event queue was interrupted
java.lang.InterruptedException: null
	at EventBus.EventQueue.take(EventQueue.java:58)
	at Orchestrator.Orchestrator.start(Orchestrator.java:78)
	at Orchestrator.OrchestratorTests.lambda$runOrchestratorInThread$0(OrchestratorTests.java:71)
	at java.base/java.lang.Thread.run(Thread.java:1583)
10:54:20.896 [Thread-2] ERROR Orchestrator.Orchestrator -- Event queue was interrupted
java.lang.InterruptedException: null
	at EventBus.EventQueue.take(EventQueue.java:58)
	at Orchestrator.Orchestrator.start(Orchestrator.java:78)
	at Orchestrator.OrchestratorTests.lambda$runOrchestratorInThread$0(OrchestratorTests.java:71)
	at java.base/java.lang.Thread.run(Thread.java:1583)
10:54:20.896 [Thread-1] ERROR Orchestrator.Orchestrator -- Event queue was interrupted
java.lang.InterruptedException: null
	at EventBus.EventQueue.take(EventQueue.java:58)
	at Orchestrator.Orchestrator.start(Orchestrator.java:78)
	at Orchestrator.OrchestratorTests.lambda$runOrchestratorInThread$0(OrchestratorTests.java:71)
	at java.base/java.lang.Thread.run(Thread.java:1583)
10:54:20.896 [Thread-2] ERROR Orchestrator.Orchestrator -- Event queue was interrupted
java.lang.InterruptedException: null
	at EventBus.EventQueue.take(EventQueue.java:58)
	at Orchestrator.Orchestrator.start(Orchestrator.java:78)
	at Orchestrator.OrchestratorTests.lambda$runOrchestratorInThread$0(OrchestratorTests.java:71)
	at java.base/java.lang.Thread.run(Thread.java:1583)
10:54:20.896 [Thread-1] ERROR Orchestrator.Orchestrator -- Event queue was interrupted
java.lang.InterruptedException: null
	at EventBus.EventQueue.take(EventQueue.java:58)
	at Orchestrator.Orchestrator.start(Orchestrator.java:78)
	at Orchestrator.OrchestratorTests.lambda$runOrchestratorInThread$0(OrchestratorTests.java:71)
	at java.base/java.lang.Thread.run(Thread.java:1583)
10:54:20.897 [Thread-2] ERROR Orchestrator.Orchestrator -- Event queue was interrupted
java.lang.InterruptedException: null
	at EventBus.EventQueue.take(EventQueue.java:58)
	at Orchestrator.Orchestrator.start(Orchestrator.java:78)
	at Orchestrator.OrchestratorTests.lambda$runOrchestratorInThread$0(OrchestratorTests.java:71)
	at java.base/java.lang.Thread.run(Thread.java:1583)
10:54:20.897 [Thread-1] ERROR Orchestrator.Orchestrator -- Event queue was interrupted
java.lang.InterruptedException: null
	at EventBus.EventQueue.take(EventQueue.java:58)
	at Orchestrator.Orchestrator.start(Orchestrator.java:78)
	at Orchestrator.OrchestratorTests.lambda$runOrchestratorInThread$0(OrchestratorTests.java:71)
	at java.base/java.lang.Thread.run(Thread.java:1583)
10:54:20.897 [Thread-2] ERROR Orchestrator.Orchestrator -- Event queue was interrupted
java.lang.InterruptedException: null
	at EventBus.EventQueue.take(EventQueue.java:58)
	at Orchestrator.Orchestrator.start(Orchestrator.java:78)
	at Orchestrator.OrchestratorTests.lambda$runOrchestratorInThread$0(OrchestratorTests.java:71)
	at java.base/java.lang.Thread.run(Thread.java:1583)
10:54:20.897 [Thread-1] ERROR Orchestrator.Orchestrator -- Event queue was interrupted
java.lang.InterruptedException: null
	at EventBus.EventQueue.take(EventQueue.java:58)
	at Orchestrator.Orchestrator.start(Orchestrator.java:78)
	at Orchestrator.OrchestratorTests.lambda$runOrchestratorInThread$0(OrchestratorTests.java:71)
	at java.base/java.lang.Thread.run(Thread.java:1583)
10:54:20.897 [Thread-2] ERROR Orchestrator.Orchestrator -- Event queue was interrupted
java.lang.InterruptedException: null
	at EventBus.EventQueue.take(EventQueue.java:58)
	at Orchestrator.Orchestrator.start(Orchestrator.java:78)
	at Orchestrator.OrchestratorTests.lambda$runOrchestratorInThread$0(OrchestratorTests.java:71)
	at java.base/java.lang.Thread.run(Thread.java:1583)
10:54:20.897 [Thread-1] ERROR Orchestrator.Orchestrator -- Event queue was interrupted
java.lang.InterruptedException: null
	at EventBus.EventQueue.take(EventQueue.java:58)
	at Orchestrator.Orchestrator.start(Orchestrator.java:78)
	at Orchestrator.OrchestratorTests.lambda$runOrchestratorInThread$0(OrchestratorTests.java:71)
	at java.base/java.lang.Thread.run(Thread.java:1583)
10:54:20.897 [Thread-2] ERROR Orchestrator.Orchestrator -- Event queue was interrupted
java.lang.InterruptedException: null
	at EventBus.EventQueue.take(EventQueue.java:58)
	at Orchestrator.Orchestrator.start(Orchestrator.java:78)
	at Orchestrator.OrchestratorTests.lambda$runOrchestratorInThread$0(OrchestratorTests.java:71)
	at java.base/java.lang.Thread.run(Thread.java:1583)
10:54:20.897 [Thread-1] ERROR Orchestrator.Orchestrator -- Event queue was interrupted
java.lang.InterruptedException: null
	at EventBus.EventQueue.take(EventQueue.java:58)
	at Orchestrator.Orchestrator.start(Orchestrator.java:78)
	at Orchestrator.OrchestratorTests.lambda$runOrchestratorInThread$0(OrchestratorTests.java:71)
	at java.base/java.lang.Thread.run(Thread.java:1583)
10:54:20.897 [Thread-2] ERROR Orchestrator.Orchestrator -- Event queue was interrupted
java.lang.InterruptedException: null
	at EventBus.EventQueue.take(EventQueue.java:58)
	at Orchestrator.Orchestrator.start(Orchestrator.java:78)
	at Orchestrator.OrchestratorTests.lambda$runOrchestratorInThread$0(OrchestratorTests.java:71)
	at java.base/java.lang.Thread.run(Thread.java:1583)
10:54:20.897 [Thread-1] ERROR Orchestrator.Orchestrator -- Event queue was interrupted
java.lang.InterruptedException: null
	at EventBus.EventQueue.take(EventQueue.java:58)
	at Orchestrator.Orchestrator.start(Orchestrator.java:78)
	at Orchestrator.OrchestratorTests.lambda$runOrchestratorInThread$0(OrchestratorTests.java:71)
	at java.base/java.lang.Thread.run(Thread.java:1583)
10:54:20.897 [Thread-2] ERROR Orchestrator.Orchestrator -- Event queue was interrupted
java.lang.InterruptedException: null
	at EventBus.EventQueue.take(EventQueue.java:58)
	at Orchestrator.Orchestrator.start(Orchestrator.java:78)
	at Orchestrator.OrchestratorTests.lambda$runOrchestratorInThread$0(OrchestratorTests.java:71)
	at java.base/java.lang.Thread.run(Thread.java:1583)
10:54:20.897 [Thread-1] ERROR Orchestrator.Orchestrator -- Event queue was interrupted
java.lang.InterruptedException: null
	at EventBus.EventQueue.take(EventQueue.java:58)
	at Orchestrator.Orchestrator.start(Orchestrator.java:78)
	at Orchestrator.OrchestratorTests.lambda$runOrchestratorInThread$0(OrchestratorTests.java:71)
	at java.base/java.lang.Thread.run(Thread.java:1583)
10:54:20.897 [Thread-2] ERROR Orchestrator.Orchestrator -- Event queue was interrupted
java.lang.InterruptedException: null
	at EventBus.EventQueue.take(EventQueue.java:58)
	at Orchestrator.Orchestrator.start(Orchestrator.java:78)
	at Orchestrator.OrchestratorTests.lambda$runOrchestratorInThread$0(OrchestratorTests.java:71)
	at java.base/java.lang.Thread.run(Thread.java:1583)
10:54:20.897 [Thread-1] ERROR Orchestrator.Orchestrator -- Event queue was interrupted
java.lang.InterruptedException: null
	at EventBus.EventQueue.take(EventQueue.java:58)
	at Orchestrator.Orchestrator.start(Orchestrator.java:78)
	at Orchestrator.OrchestratorTests.lambda$runOrchestratorInThread$0(OrchestratorTests.java:71)
	at java.base/java.lang.Thread.run(Thread.java:1583)
10:54:20.897 [Thread-2] ERROR Orchestrator.Orchestrator -- Event queue was interrupted
java.lang.InterruptedException: null
	at EventBus.EventQueue.take(EventQueue.java:58)
	at Orchestrator.Orchestrator.start(Orchestrator.java:78)
	at Orchestrator.OrchestratorTests.lambda$runOrchestratorInThread$0(OrchestratorTests.java:71)
	at java.base/java.lang.Thread.run(Thread.java:1583)
10:54:20.897 [Thread-2] ERROR Orchestrator.Orchestrator -- Event queue was interrupted
java.lang.InterruptedException: null
	at EventBus.EventQueue.take(EventQueue.java:58)
	at Orchestrator.Orchestrator.start(Orchestrator.java:78)
	at Orchestrator.OrchestratorTests.lambda$runOrchestratorInThread$0(OrchestratorTests.java:71)
	at java.base/java.lang.Thread.run(Thread.java:1583)
10:54:20.897 [Thread-2] ERROR Orchestrator.Orchestrator -- Event queue was interrupted
java.lang.InterruptedException: null
	at EventBus.EventQueue.take(EventQueue.java:58)
	at Orchestrator.Orchestrator.start(Orchestrator.java:78)
	at Orchestrator.OrchestratorTests.lambda$runOrchestratorInThread$0(OrchestratorTests.java:71)
	at java.base/java.lang.Thread.run(Thread.java:1583)
10:54:20.898 [Thread-2] ERROR Orchestrator.Orchestrator -- Event queue was interrupted
java.lang.InterruptedException: null
	at EventBus.EventQueue.take(EventQueue.java:58)
	at Orchestrator.Orchestrator.start(Orchestrator.java:78)
	at Orchestrator.OrchestratorTests.lambda$runOrchestratorInThread$0(OrchestratorTests.java:71)
	at java.base/java.lang.Thread.run(Thread.java:1583)
10:54:20.897 [Thread-1] ERROR Orchestrator.Orchestrator -- Event queue was interrupted
java.lang.InterruptedException: null
	at EventBus.EventQueue.take(EventQueue.java:58)
	at Orchestrator.Orchestrator.start(Orchestrator.java:78)
	at Orchestrator.OrchestratorTests.lambda$runOrchestratorInThread$0(OrchestratorTests.java:71)
	at java.base/java.lang.Thread.run(Thread.java:1583)
10:54:20.898 [Thread-2] ERROR Orchestrator.Orchestrator -- Event queue was interrupted
java.lang.InterruptedException: null
	at EventBus.EventQueue.take(EventQueue.java:58)
	at Orchestrator.Orchestrator.start(Orchestrator.java:78)
	at Orchestrator.OrchestratorTests.lambda$runOrchestratorInThread$0(OrchestratorTests.java:71)
	at java.base/java.lang.Thread.run(Thread.java:1583)
10:54:20.898 [Thread-2] ERROR Orchestrator.Orchestrator -- Event queue was interrupted
java.lang.InterruptedException: null
	at EventBus.EventQueue.take(EventQueue.java:58)
	at Orchestrator.Orchestrator.start(Orchestrator.java:78)
	at Orchestrator.OrchestratorTests.lambda$runOrchestratorInThread$0(OrchestratorTests.java:71)
	at java.base/java.lang.Thread.run(Thread.java:1583)
10:54:20.898 [Thread-1] ERROR Orchestrator.Orchestrator -- Event queue was interrupted
java.lang.InterruptedException: null
	at EventBus.EventQueue.take(EventQueue.java:58)
	at Orchestrator.Orchestrator.start(Orchestrator.java:78)
	at Orchestrator.OrchestratorTests.lambda$runOrchestratorInThread$0(OrchestratorTests.java:71)
	at java.base/java.lang.Thread.run(Thread.java:1583)
10:54:20.898 [Thread-2] ERROR Orchestrator.Orchestrator -- Event queue was interrupted
java.lang.InterruptedException: null
	at EventBus.EventQueue.take(EventQueue.java:58)
	at Orchestrator.Orchestrator.start(Orchestrator.java:78)
	at Orchestrator.OrchestratorTests.lambda$runOrchestratorInThread$0(OrchestratorTests.java:71)
	at java.base/java.lang.Thread.run(Thread.java:1583)
10:54:20.898 [Thread-1] ERROR Orchestrator.Orchestrator -- Event queue was interrupted
java.lang.InterruptedException: null
	at EventBus.EventQueue.take(EventQueue.java:58)
	at Orchestrator.Orchestrator.start(Orchestrator.java:78)
	at Orchestrator.OrchestratorTests.lambda$runOrchestratorInThread$0(OrchestratorTests.java:71)
	at java.base/java.lang.Thread.run(Thread.java:1583)
10:54:20.898 [Thread-2] ERROR Orchestrator.Orchestrator -- Event queue was interrupted
java.lang.InterruptedException: null
	at EventBus.EventQueue.take(EventQueue.java:58)
	at Orchestrator.Orchestrator.start(Orchestrator.java:78)
	at Orchestrator.OrchestratorTests.lambda$runOrchestratorInThread$0(OrchestratorTests.java:71)
	at java.base/java.lang.Thread.run(Thread.java:1583)
10:54:20.898 [Thread-1] ERROR Orchestrator.Orchestrator -- Event queue was interrupted
java.lang.InterruptedException: null
	at EventBus.EventQueue.take(EventQueue.java:58)
	at Orchestrator.Orchestrator.start(Orchestrator.java:78)
	at Orchestrator.OrchestratorTests.lambda$runOrchestratorInThread$0(OrchestratorTests.java:71)
	at java.base/java.lang.Thread.run(Thread.java:1583)
10:54:20.898 [Thread-2] ERROR Orchestrator.Orchestrator -- Event queue was interrupted
java.lang.InterruptedException: null
	at EventBus.EventQueue.take(EventQueue.java:58)
	at Orchestrator.Orchestrator.start(Orchestrator.java:78)
	at Orchestrator.OrchestratorTests.lambda$runOrchestratorInThread$0(OrchestratorTests.java:71)
	at java.base/java.lang.Thread.run(Thread.java:1583)
10:54:20.898 [Thread-1] ERROR Orchestrator.Orchestrator -- Event queue was interrupted
java.lang.InterruptedException: null
	at EventBus.EventQueue.take(EventQueue.java:58)
	at Orchestrator.Orchestrator.start(Orchestrator.java:78)
	at Orchestrator.OrchestratorTests.lambda$runOrchestratorInThread$0(OrchestratorTests.java:71)
	at java.base/java.lang.Thread.run(Thread.java:1583)
10:54:20.898 [Thread-2] ERROR Orchestrator.Orchestrator -- Event queue was interrupted
java.lang.InterruptedException: null
	at EventBus.EventQueue.take(EventQueue.java:58)
	at Orchestrator.Orchestrator.start(Orchestrator.java:78)
	at Orchestrator.OrchestratorTests.lambda$runOrchestratorInThread$0(OrchestratorTests.java:71)
	at java.base/java.lang.Thread.run(Thread.java:1583)
10:54:20.898 [Thread-1] ERROR Orchestrator.Orchestrator -- Event queue was interrupted
java.lang.InterruptedException: null
	at EventBus.EventQueue.take(EventQueue.java:58)
	at Orchestrator.Orchestrator.start(Orchestrator.java:78)
	at Orchestrator.OrchestratorTests.lambda$runOrchestratorInThread$0(OrchestratorTests.java:71)
	at java.base/java.lang.Thread.run(Thread.java:1583)
10:54:20.898 [Thread-2] ERROR Orchestrator.Orchestrator -- Event queue was interrupted
java.lang.InterruptedException: null
	at EventBus.EventQueue.take(EventQueue.java:58)
	at Orchestrator.Orchestrator.start(Orchestrator.java:78)
	at Orchestrator.OrchestratorTests.lambda$runOrchestratorInThread$0(OrchestratorTests.java:71)
	at java.base/java.lang.Thread.run(Thread.java:1583)
10:54:20.898 [Thread-1] ERROR Orchestrator.Orchestrator -- Event queue was interrupted
java.lang.InterruptedException: null
	at EventBus.EventQueue.take(EventQueue.java:58)
	at Orchestrator.Orchestrator.start(Orchestrator.java:78)
	at Orchestrator.OrchestratorTests.lambda$runOrchestratorInThread$0(OrchestratorTests.java:71)
	at java.base/java.lang.Thread.run(Thread.java:1583)
10:54:20.898 [Thread-2] ERROR Orchestrator.Orchestrator -- Event queue was interrupted
java.lang.InterruptedException: null
	at EventBus.EventQueue.take(EventQueue.java:58)
	at Orchestrator.Orchestrator.start(Orchestrator.java:78)
	at Orchestrator.OrchestratorTests.lambda$runOrchestratorInThread$0(OrchestratorTests.java:71)
	at java.base/java.lang.Thread.run(Thread.java:1583)
10:54:20.898 [Thread-1] ERROR Orchestrator.Orchestrator -- Event queue was interrupted
java.lang.InterruptedException: null
	at EventBus.EventQueue.take(EventQueue.java:58)
	at Orchestrator.Orchestrator.start(Orchestrator.java:78)
	at Orchestrator.OrchestratorTests.lambda$runOrchestratorInThread$0(OrchestratorTests.java:71)
	at java.base/java.lang.Thread.run(Thread.java:1583)
10:54:20.898 [Thread-2] ERROR Orchestrator.Orchestrator -- Event queue was interrupted
java.lang.InterruptedException: null
	at EventBus.EventQueue.take(EventQueue.java:58)
	at Orchestrator.Orchestrator.start(Orchestrator.java:78)
	at Orchestrator.OrchestratorTests.lambda$runOrchestratorInThread$0(OrchestratorTests.java:71)
	at java.base/java.lang.Thread.run(Thread.java:1583)
10:54:20.898 [Thread-1] ERROR Orchestrator.Orchestrator -- Event queue was interrupted
java.lang.InterruptedException: null
	at EventBus.EventQueue.take(EventQueue.java:58)
	at Orchestrator.Orchestrator.start(Orchestrator.java:78)
	at Orchestrator.OrchestratorTests.lambda$runOrchestratorInThread$0(OrchestratorTests.java:71)
	at java.base/java.lang.Thread.run(Thread.java:1583)
10:54:20.898 [Thread-1] ERROR Orchestrator.Orchestrator -- Event queue was interrupted
java.lang.InterruptedException: null
	at EventBus.EventQueue.take(EventQueue.java:58)
	at Orchestrator.Orchestrator.start(Orchestrator.java:78)
	at Orchestrator.OrchestratorTests.lambda$runOrchestratorInThread$0(OrchestratorTests.java:71)
	at java.base/java.lang.Thread.run(Thread.java:1583)
10:54:20.898 [Thread-2] ERROR Orchestrator.Orchestrator -- Event queue was interrupted
java.lang.InterruptedException: null
	at EventBus.EventQueue.take(EventQueue.java:58)
	at Orchestrator.Orchestrator.start(Orchestrator.java:78)
	at Orchestrator.OrchestratorTests.lambda$runOrchestratorInThread$0(OrchestratorTests.java:71)
	at java.base/java.lang.Thread.run(Thread.java:1583)
10:54:20.899 [Thread-1] ERROR Orchestrator.Orchestrator -- Event queue was interrupted
java.lang.InterruptedException: null
	at EventBus.EventQueue.take(EventQueue.java:58)
	at Orchestrator.Orchestrator.start(Orchestrator.java:78)
	at Orchestrator.OrchestratorTests.lambda$runOrchestratorInThread$0(OrchestratorTests.java:71)
	at java.base/java.lang.Thread.run(Thread.java:1583)
10:54:20.899 [Thread-2] ERROR Orchestrator.Orchestrator -- Event queue was interrupted
java.lang.InterruptedException: null
	at EventBus.EventQueue.take(EventQueue.java:58)
	at Orchestrator.Orchestrator.start(Orchestrator.java:78)
	at Orchestrator.OrchestratorTests.lambda$runOrchestratorInThread$0(OrchestratorTests.java:71)
	at java.base/java.lang.Thread.run(Thread.java:1583)
10:54:20.899 [Thread-1] ERROR Orchestrator.Orchestrator -- Event queue was interrupted
java.lang.InterruptedException: null
	at EventBus.EventQueue.take(EventQueue.java:58)
	at Orchestrator.Orchestrator.start(Orchestrator.java:78)
	at Orchestrator.OrchestratorTests.lambda$runOrchestratorInThread$0(OrchestratorTests.java:71)
	at java.base/java.lang.Thread.run(Thread.java:1583)
10:54:20.899 [Thread-2] ERROR Orchestrator.Orchestrator -- Event queue was interrupted
java.lang.InterruptedException: null
	at EventBus.EventQueue.take(EventQueue.java:58)
	at Orchestrator.Orchestrator.start(Orchestrator.java:78)
	at Orchestrator.OrchestratorTests.lambda$runOrchestratorInThread$0(OrchestratorTests.java:71)
	at java.base/java.lang.Thread.run(Thread.java:1583)
10:54:20.899 [Thread-1] ERROR Orchestrator.Orchestrator -- Event queue was interrupted
java.lang.InterruptedException: null
	at EventBus.EventQueue.take(EventQueue.java:58)
	at Orchestrator.Orchestrator.start(Orchestrator.java:78)
	at Orchestrator.OrchestratorTests.lambda$runOrchestratorInThread$0(OrchestratorTests.java:71)
	at java.base/java.lang.Thread.run(Thread.java:1583)
10:54:20.899 [Thread-2] ERROR Orchestrator.Orchestrator -- Event queue was interrupted
java.lang.InterruptedException: null
	at EventBus.EventQueue.take(EventQueue.java:58)
	at Orchestrator.Orchestrator.start(Orchestrator.java:78)
	at Orchestrator.OrchestratorTests.lambda$runOrchestratorInThread$0(OrchestratorTests.java:71)
	at java.base/java.lang.Thread.run(Thread.java:1583)
10:54:20.899 [Thread-1] ERROR Orchestrator.Orchestrator -- Event queue was interrupted
java.lang.InterruptedException: null
	at EventBus.EventQueue.take(EventQueue.java:58)
	at Orchestrator.Orchestrator.start(Orchestrator.java:78)
	at Orchestrator.OrchestratorTests.lambda$runOrchestratorInThread$0(OrchestratorTests.java:71)
	at java.base/java.lang.Thread.run(Thread.java:1583)
10:54:20.899 [Thread-2] ERROR Orchestrator.Orchestrator -- Event queue was interrupted
java.lang.InterruptedException: null
	at EventBus.EventQueue.take(EventQueue.java:58)
	at Orchestrator.Orchestrator.start(Orchestrator.java:78)
	at Orchestrator.OrchestratorTests.lambda$runOrchestratorInThread$0(OrchestratorTests.java:71)
	at java.base/java.lang.Thread.run(Thread.java:1583)
10:54:20.899 [Thread-1] ERROR Orchestrator.Orchestrator -- Event queue was interrupted
java.lang.InterruptedException: null
	at EventBus.EventQueue.take(EventQueue.java:58)
	at Orchestrator.Orchestrator.start(Orchestrator.java:78)
	at Orchestrator.OrchestratorTests.lambda$runOrchestratorInThread$0(OrchestratorTests.java:71)
	at java.base/java.lang.Thread.run(Thread.java:1583)
10:54:20.899 [Thread-2] ERROR Orchestrator.Orchestrator -- Event queue was interrupted
java.lang.InterruptedException: null
	at EventBus.EventQueue.take(EventQueue.java:58)
	at Orchestrator.Orchestrator.start(Orchestrator.java:78)
	at Orchestrator.OrchestratorTests.lambda$runOrchestratorInThread$0(OrchestratorTests.java:71)
	at java.base/java.lang.Thread.run(Thread.java:1583)
10:54:20.899 [Thread-1] ERROR Orchestrator.Orchestrator -- Event queue was interrupted
java.lang.InterruptedException: null
	at EventBus.EventQueue.take(EventQueue.java:58)
	at Orchestrator.Orchestrator.start(Orchestrator.java:78)
	at Orchestrator.OrchestratorTests.lambda$runOrchestratorInThread$0(OrchestratorTests.java:71)
	at java.base/java.lang.Thread.run(Thread.java:1583)
10:54:20.899 [Thread-2] ERROR Orchestrator.Orchestrator -- Event queue was interrupted
java.lang.InterruptedException: null
	at EventBus.EventQueue.take(EventQueue.java:58)
	at Orchestrator.Orchestrator.start(Orchestrator.java:78)
	at Orchestrator.OrchestratorTests.lambda$runOrchestratorInThread$0(OrchestratorTests.java:71)
	at java.base/java.lang.Thread.run(Thread.java:1583)
10:54:20.899 [Thread-1] ERROR Orchestrator.Orchestrator -- Event queue was interrupted
java.lang.InterruptedException: null
	at EventBus.EventQueue.take(EventQueue.java:58)
	at Orchestrator.Orchestrator.start(Orchestrator.java:78)
	at Orchestrator.OrchestratorTests.lambda$runOrchestratorInThread$0(OrchestratorTests.java:71)
	at java.base/java.lang.Thread.run(Thread.java:1583)
10:54:20.899 [Thread-2] ERROR Orchestrator.Orchestrator -- Event queue was interrupted
java.lang.InterruptedException: null
	at EventBus.EventQueue.take(EventQueue.java:58)
	at Orchestrator.Orchestrator.start(Orchestrator.java:78)
	at Orchestrator.OrchestratorTests.lambda$runOrchestratorInThread$0(OrchestratorTests.java:71)
	at java.base/java.lang.Thread.run(Thread.java:1583)
10:54:20.899 [Thread-1] ERROR Orchestrator.Orchestrator -- Event queue was interrupted
java.lang.InterruptedException: null
	at EventBus.EventQueue.take(EventQueue.java:58)
	at Orchestrator.Orchestrator.start(Orchestrator.java:78)
	at Orchestrator.OrchestratorTests.lambda$runOrchestratorInThread$0(OrchestratorTests.java:71)
	at java.base/java.lang.Thread.run(Thread.java:1583)
10:54:20.899 [Thread-2] ERROR Orchestrator.Orchestrator -- Event queue was interrupted
java.lang.InterruptedException: null
	at EventBus.EventQueue.take(EventQueue.java:58)
	at Orchestrator.Orchestrator.start(Orchestrator.java:78)
	at Orchestrator.OrchestratorTests.lambda$runOrchestratorInThread$0(OrchestratorTests.java:71)
	at java.base/java.lang.Thread.run(Thread.java:1583)
10:54:20.899 [Thread-1] ERROR Orchestrator.Orchestrator -- Event queue was interrupted
java.lang.InterruptedException: null
	at EventBus.EventQueue.take(EventQueue.java:58)
	at Orchestrator.Orchestrator.start(Orchestrator.java:78)
	at Orchestrator.OrchestratorTests.lambda$runOrchestratorInThread$0(OrchestratorTests.java:71)
	at java.base/java.lang.Thread.run(Thread.java:1583)
10:54:20.899 [Thread-2] ERROR Orchestrator.Orchestrator -- Event queue was interrupted
java.lang.InterruptedException: null
	at EventBus.EventQueue.take(EventQueue.java:58)
	at Orchestrator.Orchestrator.start(Orchestrator.java:78)
	at Orchestrator.OrchestratorTests.lambda$runOrchestratorInThread$0(OrchestratorTests.java:71)
	at java.base/java.lang.Thread.run(Thread.java:1583)
10:54:20.899 [Thread-1] ERROR Orchestrator.Orchestrator -- Event queue was interrupted
java.lang.InterruptedException: null
	at EventBus.EventQueue.take(EventQueue.java:58)
	at Orchestrator.Orchestrator.start(Orchestrator.java:78)
	at Orchestrator.OrchestratorTests.lambda$runOrchestratorInThread$0(OrchestratorTests.java:71)
	at java.base/java.lang.Thread.run(Thread.java:1583)
10:54:20.899 [Thread-2] ERROR Orchestrator.Orchestrator -- Event queue was interrupted
java.lang.InterruptedException: null
	at EventBus.EventQueue.take(EventQueue.java:58)
	at Orchestrator.Orchestrator.start(Orchestrator.java:78)
	at Orchestrator.OrchestratorTests.lambda$runOrchestratorInThread$0(OrchestratorTests.java:71)
	at java.base/java.lang.Thread.run(Thread.java:1583)
10:54:20.899 [Thread-1] ERROR Orchestrator.Orchestrator -- Event queue was interrupted
java.lang.InterruptedException: null
	at EventBus.EventQueue.take(EventQueue.java:58)
	at Orchestrator.Orchestrator.start(Orchestrator.java:78)
	at Orchestrator.OrchestratorTests.lambda$runOrchestratorInThread$0(OrchestratorTests.java:71)
	at java.base/java.lang.Thread.run(Thread.java:1583)
10:54:20.900 [Thread-2] ERROR Orchestrator.Orchestrator -- Event queue was interrupted
java.lang.InterruptedException: null
	at EventBus.EventQueue.take(EventQueue.java:58)
	at Orchestrator.Orchestrator.start(Orchestrator.java:78)
	at Orchestrator.OrchestratorTests.lambda$runOrchestratorInThread$0(OrchestratorTests.java:71)
	at java.base/java.lang.Thread.run(Thread.java:1583)
10:54:20.900 [Thread-1] ERROR Orchestrator.Orchestrator -- Event queue was interrupted
java.lang.InterruptedException: null
	at EventBus.EventQueue.take(EventQueue.java:58)
	at Orchestrator.Orchestrator.start(Orchestrator.java:78)
	at Orchestrator.OrchestratorTests.lambda$runOrchestratorInThread$0(OrchestratorTests.java:71)
	at java.base/java.lang.Thread.run(Thread.java:1583)
10:54:20.900 [Thread-2] ERROR Orchestrator.Orchestrator -- Event queue was interrupted
java.lang.InterruptedException: null
	at EventBus.EventQueue.take(EventQueue.java:58)
	at Orchestrator.Orchestrator.start(Orchestrator.java:78)
	at Orchestrator.OrchestratorTests.lambda$runOrchestratorInThread$0(OrchestratorTests.java:71)
	at java.base/java.lang.Thread.run(Thread.java:1583)
10:54:20.900 [Thread-1] ERROR Orchestrator.Orchestrator -- Event queue was interrupted
java.lang.InterruptedException: null
	at EventBus.EventQueue.take(EventQueue.java:58)
	at Orchestrator.Orchestrator.start(Orchestrator.java:78)
	at Orchestrator.OrchestratorTests.lambda$runOrchestratorInThread$0(OrchestratorTests.java:71)
	at java.base/java.lang.Thread.run(Thread.java:1583)
10:54:20.900 [Thread-2] ERROR Orchestrator.Orchestrator -- Event queue was interrupted
java.lang.InterruptedException: null
	at EventBus.EventQueue.take(EventQueue.java:58)
	at Orchestrator.Orchestrator.start(Orchestrator.java:78)
	at Orchestrator.OrchestratorTests.lambda$runOrchestratorInThread$0(OrchestratorTests.java:71)
	at java.base/java.lang.Thread.run(Thread.java:1583)
10:54:20.900 [Thread-1] ERROR Orchestrator.Orchestrator -- Event queue was interrupted
java.lang.InterruptedException: null
	at EventBus.EventQueue.take(EventQueue.java:58)
	at Orchestrator.Orchestrator.start(Orchestrator.java:78)
	at Orchestrator.OrchestratorTests.lambda$runOrchestratorInThread$0(OrchestratorTests.java:71)
	at java.base/java.lang.Thread.run(Thread.java:1583)
10:54:20.900 [Thread-2] ERROR Orchestrator.Orchestrator -- Event queue was interrupted
java.lang.InterruptedException: null
	at EventBus.EventQueue.take(EventQueue.java:58)
	at Orchestrator.Orchestrator.start(Orchestrator.java:78)
	at Orchestrator.OrchestratorTests.lambda$runOrchestratorInThread$0(OrchestratorTests.java:71)
	at java.base/java.lang.Thread.run(Thread.java:1583)
10:54:20.900 [Thread-1] ERROR Orchestrator.Orchestrator -- Event queue was interrupted
java.lang.InterruptedException: null
	at EventBus.EventQueue.take(EventQueue.java:58)
	at Orchestrator.Orchestrator.start(Orchestrator.java:78)
	at Orchestrator.OrchestratorTests.lambda$runOrchestratorInThread$0(OrchestratorTests.java:71)
	at java.base/java.lang.Thread.run(Thread.java:1583)
10:54:20.900 [Thread-2] ERROR Orchestrator.Orchestrator -- Event queue was interrupted
java.lang.InterruptedException: null
	at EventBus.EventQueue.take(EventQueue.java:58)
	at Orchestrator.Orchestrator.start(Orchestrator.java:78)
	at Orchestrator.OrchestratorTests.lambda$runOrchestratorInThread$0(OrchestratorTests.java:71)
	at java.base/java.lang.Thread.run(Thread.java:1583)
10:54:20.900 [Thread-1] ERROR Orchestrator.Orchestrator -- Event queue was interrupted
java.lang.InterruptedException: null
	at EventBus.EventQueue.take(EventQueue.java:58)
	at Orchestrator.Orchestrator.start(Orchestrator.java:78)
	at Orchestrator.OrchestratorTests.lambda$runOrchestratorInThread$0(OrchestratorTests.java:71)
	at java.base/java.lang.Thread.run(Thread.java:1583)
10:54:20.900 [Thread-2] ERROR Orchestrator.Orchestrator -- Event queue was interrupted
java.lang.InterruptedException: null
	at EventBus.EventQueue.take(EventQueue.java:58)
	at Orchestrator.Orchestrator.start(Orchestrator.java:78)
	at Orchestrator.OrchestratorTests.lambda$runOrchestratorInThread$0(OrchestratorTests.java:71)
	at java.base/java.lang.Thread.run(Thread.java:1583)
10:54:20.900 [Thread-1] ERROR Orchestrator.Orchestrator -- Event queue was interrupted
java.lang.InterruptedException: null
	at EventBus.EventQueue.take(EventQueue.java:58)
	at Orchestrator.Orchestrator.start(Orchestrator.java:78)
	at Orchestrator.OrchestratorTests.lambda$runOrchestratorInThread$0(OrchestratorTests.java:71)
	at java.base/java.lang.Thread.run(Thread.java:1583)
10:54:20.900 [Thread-2] ERROR Orchestrator.Orchestrator -- Event queue was interrupted
java.lang.InterruptedException: null
	at EventBus.EventQueue.take(EventQueue.java:58)
	at Orchestrator.Orchestrator.start(Orchestrator.java:78)
	at Orchestrator.OrchestratorTests.lambda$runOrchestratorInThread$0(OrchestratorTests.java:71)
	at java.base/java.lang.Thread.run(Thread.java:1583)
10:54:20.900 [Thread-1] ERROR Orchestrator.Orchestrator -- Event queue was interrupted
java.lang.InterruptedException: null
	at EventBus.EventQueue.take(EventQueue.java:58)
	at Orchestrator.Orchestrator.start(Orchestrator.java:78)
	at Orchestrator.OrchestratorTests.lambda$runOrchestratorInThread$0(OrchestratorTests.java:71)
	at java.base/java.lang.Thread.run(Thread.java:1583)
10:54:20.900 [Thread-2] ERROR Orchestrator.Orchestrator -- Event queue was interrupted
java.lang.InterruptedException: null
	at EventBus.EventQueue.take(EventQueue.java:58)
	at Orchestrator.Orchestrator.start(Orchestrator.java:78)
	at Orchestrator.OrchestratorTests.lambda$runOrchestratorInThread$0(OrchestratorTests.java:71)
	at java.base/java.lang.Thread.run(Thread.java:1583)
10:54:20.900 [Thread-1] ERROR Orchestrator.Orchestrator -- Event queue was interrupted
java.lang.InterruptedException: null
	at EventBus.EventQueue.take(EventQueue.java:58)
	at Orchestrator.Orchestrator.start(Orchestrator.java:78)
	at Orchestrator.OrchestratorTests.lambda$runOrchestratorInThread$0(OrchestratorTests.java:71)
	at java.base/java.lang.Thread.run(Thread.java:1583)
10:54:20.900 [Thread-2] ERROR Orchestrator.Orchestrator -- Event queue was interrupted
java.lang.InterruptedException: null
	at EventBus.EventQueue.take(EventQueue.java:58)
	at Orchestrator.Orchestrator.start(Orchestrator.java:78)
	at Orchestrator.OrchestratorTests.lambda$runOrchestratorInThread$0(OrchestratorTests.java:71)
	at java.base/java.lang.Thread.run(Thread.java:1583)
10:54:20.900 [Thread-1] ERROR Orchestrator.Orchestrator -- Event queue was interrupted
java.lang.InterruptedException: null
	at EventBus.EventQueue.take(EventQueue.java:58)
	at Orchestrator.Orchestrator.start(Orchestrator.java:78)
	at Orchestrator.OrchestratorTests.lambda$runOrchestratorInThread$0(OrchestratorTests.java:71)
	at java.base/java.lang.Thread.run(Thread.java:1583)
10:54:20.900 [Thread-2] ERROR Orchestrator.Orchestrator -- Event queue was interrupted
java.lang.InterruptedException: null
	at EventBus.EventQueue.take(EventQueue.java:58)
	at Orchestrator.Orchestrator.start(Orchestrator.java:78)
	at Orchestrator.OrchestratorTests.lambda$runOrchestratorInThread$0(OrchestratorTests.java:71)
	at java.base/java.lang.Thread.run(Thread.java:1583)
10:54:20.900 [Thread-1] ERROR Orchestrator.Orchestrator -- Event queue was interrupted
java.lang.InterruptedException: null
	at EventBus.EventQueue.take(EventQueue.java:58)
	at Orchestrator.Orchestrator.start(Orchestrator.java:78)
	at Orchestrator.OrchestratorTests.lambda$runOrchestratorInThread$0(OrchestratorTests.java:71)
	at java.base/java.lang.Thread.run(Thread.java:1583)
10:54:20.900 [Thread-2] ERROR Orchestrator.Orchestrator -- Event queue was interrupted
java.lang.InterruptedException: null
	at EventBus.EventQueue.take(EventQueue.java:58)
	at Orchestrator.Orchestrator.start(Orchestrator.java:78)
	at Orchestrator.OrchestratorTests.lambda$runOrchestratorInThread$0(OrchestratorTests.java:71)
	at java.base/java.lang.Thread.run(Thread.java:1583)
10:54:20.900 [Thread-1] ERROR Orchestrator.Orchestrator -- Event queue was interrupted
java.lang.InterruptedException: null
	at EventBus.EventQueue.take(EventQueue.java:58)
	at Orchestrator.Orchestrator.start(Orchestrator.java:78)
	at Orchestrator.OrchestratorTests.lambda$runOrchestratorInThread$0(OrchestratorTests.java:71)
	at java.base/java.lang.Thread.run(Thread.java:1583)
10:54:20.900 [Thread-2] ERROR Orchestrator.Orchestrator -- Event queue was interrupted
java.lang.InterruptedException: null
	at EventBus.EventQueue.take(EventQueue.java:58)
	at Orchestrator.Orchestrator.start(Orchestrator.java:78)
	at Orchestrator.OrchestratorTests.lambda$runOrchestratorInThread$0(OrchestratorTests.java:71)
	at java.base/java.lang.Thread.run(Thread.java:1583)
10:54:20.900 [Thread-1] ERROR Orchestrator.Orchestrator -- Event queue was interrupted
java.lang.InterruptedException: null
	at EventBus.EventQueue.take(EventQueue.java:58)
	at Orchestrator.Orchestrator.start(Orchestrator.java:78)
	at Orchestrator.OrchestratorTests.lambda$runOrchestratorInThread$0(OrchestratorTests.java:71)
	at java.base/java.lang.Thread.run(Thread.java:1583)
10:54:20.901 [Thread-2] ERROR Orchestrator.Orchestrator -- Event queue was interrupted
java.lang.InterruptedException: null
	at EventBus.EventQueue.take(EventQueue.java:58)
	at Orchestrator.Orchestrator.start(Orchestrator.java:78)
	at Orchestrator.OrchestratorTests.lambda$runOrchestratorInThread$0(OrchestratorTests.java:71)
	at java.base/java.lang.Thread.run(Thread.java:1583)
10:54:20.901 [Thread-1] ERROR Orchestrator.Orchestrator -- Event queue was interrupted
java.lang.InterruptedException: null
	at EventBus.EventQueue.take(EventQueue.java:58)
	at Orchestrator.Orchestrator.start(Orchestrator.java:78)
	at Orchestrator.OrchestratorTests.lambda$runOrchestratorInThread$0(OrchestratorTests.java:71)
	at java.base/java.lang.Thread.run(Thread.java:1583)
10:54:20.901 [Thread-2] ERROR Orchestrator.Orchestrator -- Event queue was interrupted
java.lang.InterruptedException: null
	at EventBus.EventQueue.take(EventQueue.java:58)
	at Orchestrator.Orchestrator.start(Orchestrator.java:78)
	at Orchestrator.OrchestratorTests.lambda$runOrchestratorInThread$0(OrchestratorTests.java:71)
	at java.base/java.lang.Thread.run(Thread.java:1583)
10:54:20.901 [Thread-1] ERROR Orchestrator.Orchestrator -- Event queue was interrupted
java.lang.InterruptedException: null
	at EventBus.EventQueue.take(EventQueue.java:58)
	at Orchestrator.Orchestrator.start(Orchestrator.java:78)
	at Orchestrator.OrchestratorTests.lambda$runOrchestratorInThread$0(OrchestratorTests.java:71)
	at java.base/java.lang.Thread.run(Thread.java:1583)
10:54:20.901 [Thread-2] ERROR Orchestrator.Orchestrator -- Event queue was interrupted
java.lang.InterruptedException: null
	at EventBus.EventQueue.take(EventQueue.java:58)
	at Orchestrator.Orchestrator.start(Orchestrator.java:78)
	at Orchestrator.OrchestratorTests.lambda$runOrchestratorInThread$0(OrchestratorTests.java:71)
	at java.base/java.lang.Thread.run(Thread.java:1583)
10:54:20.901 [Thread-1] ERROR Orchestrator.Orchestrator -- Event queue was interrupted
java.lang.InterruptedException: null
	at EventBus.EventQueue.take(EventQueue.java:58)
	at Orchestrator.Orchestrator.start(Orchestrator.java:78)
	at Orchestrator.OrchestratorTests.lambda$runOrchestratorInThread$0(OrchestratorTests.java:71)
	at java.base/java.lang.Thread.run(Thread.java:1583)
10:54:20.901 [Thread-2] ERROR Orchestrator.Orchestrator -- Event queue was interrupted
java.lang.InterruptedException: null
	at EventBus.EventQueue.take(EventQueue.java:58)
	at Orchestrator.Orchestrator.start(Orchestrator.java:78)
	at Orchestrator.OrchestratorTests.lambda$runOrchestratorInThread$0(OrchestratorTests.java:71)
	at java.base/java.lang.Thread.run(Thread.java:1583)
10:54:20.901 [Thread-1] ERROR Orchestrator.Orchestrator -- Event queue was interrupted
java.lang.InterruptedException: null
	at EventBus.EventQueue.take(EventQueue.java:58)
	at Orchestrator.Orchestrator.start(Orchestrator.java:78)
	at Orchestrator.OrchestratorTests.lambda$runOrchestratorInThread$0(OrchestratorTests.java:71)
	at java.base/java.lang.Thread.run(Thread.java:1583)
10:54:20.901 [Thread-1] ERROR Orchestrator.Orchestrator -- Event queue was interrupted
java.lang.InterruptedException: null
	at EventBus.EventQueue.take(EventQueue.java:58)
	at Orchestrator.Orchestrator.start(Orchestrator.java:78)
	at Orchestrator.OrchestratorTests.lambda$runOrchestratorInThread$0(OrchestratorTests.java:71)
	at java.base/java.lang.Thread.run(Thread.java:1583)
10:54:20.901 [Thread-1] ERROR Orchestrator.Orchestrator -- Event queue was interrupted
java.lang.InterruptedException: null
	at EventBus.EventQueue.take(EventQueue.java:58)
	at Orchestrator.Orchestrator.start(Orchestrator.java:78)
	at Orchestrator.OrchestratorTests.lambda$runOrchestratorInThread$0(OrchestratorTests.java:71)
	at java.base/java.lang.Thread.run(Thread.java:1583)
10:54:20.901 [Thread-1] ERROR Orchestrator.Orchestrator -- Event queue was interrupted
java.lang.InterruptedException: null
	at EventBus.EventQueue.take(EventQueue.java:58)
	at Orchestrator.Orchestrator.start(Orchestrator.java:78)
	at Orchestrator.OrchestratorTests.lambda$runOrchestratorInThread$0(OrchestratorTests.java:71)
	at java.base/java.lang.Thread.run(Thread.java:1583)
10:54:20.901 [Thread-2] ERROR Orchestrator.Orchestrator -- Event queue was interrupted
java.lang.InterruptedException: null
	at EventBus.EventQueue.take(EventQueue.java:58)
	at Orchestrator.Orchestrator.start(Orchestrator.java:78)
	at Orchestrator.OrchestratorTests.lambda$runOrchestratorInThread$0(OrchestratorTests.java:71)
	at java.base/java.lang.Thread.run(Thread.java:1583)
10:54:20.901 [Thread-1] ERROR Orchestrator.Orchestrator -- Event queue was interrupted
java.lang.InterruptedException: null
	at EventBus.EventQueue.take(EventQueue.java:58)
	at Orchestrator.Orchestrator.start(Orchestrator.java:78)
	at Orchestrator.OrchestratorTests.lambda$runOrchestratorInThread$0(OrchestratorTests.java:71)
	at java.base/java.lang.Thread.run(Thread.java:1583)
10:54:20.901 [Thread-1] ERROR Orchestrator.Orchestrator -- Event queue was interrupted
java.lang.InterruptedException: null
	at EventBus.EventQueue.take(EventQueue.java:58)
	at Orchestrator.Orchestrator.start(Orchestrator.java:78)
	at Orchestrator.OrchestratorTests.lambda$runOrchestratorInThread$0(OrchestratorTests.java:71)
	at java.base/java.lang.Thread.run(Thread.java:1583)
10:54:20.901 [Thread-2] ERROR Orchestrator.Orchestrator -- Event queue was interrupted
java.lang.InterruptedException: null
	at EventBus.EventQueue.take(EventQueue.java:58)
	at Orchestrator.Orchestrator.start(Orchestrator.java:78)
	at Orchestrator.OrchestratorTests.lambda$runOrchestratorInThread$0(OrchestratorTests.java:71)
	at java.base/java.lang.Thread.run(Thread.java:1583)
10:54:20.901 [Thread-1] ERROR Orchestrator.Orchestrator -- Event queue was interrupted
java.lang.InterruptedException: null
	at EventBus.EventQueue.take(EventQueue.java:58)
	at Orchestrator.Orchestrator.start(Orchestrator.java:78)
	at Orchestrator.OrchestratorTests.lambda$runOrchestratorInThread$0(OrchestratorTests.java:71)
	at java.base/java.lang.Thread.run(Thread.java:1583)
10:54:20.901 [Thread-1] ERROR Orchestrator.Orchestrator -- Event queue was interrupted
java.lang.InterruptedException: null
	at EventBus.EventQueue.take(EventQueue.java:58)
	at Orchestrator.Orchestrator.start(Orchestrator.java:78)
	at Orchestrator.OrchestratorTests.lambda$runOrchestratorInThread$0(OrchestratorTests.java:71)
	at java.base/java.lang.Thread.run(Thread.java:1583)
10:54:20.901 [Thread-2] ERROR Orchestrator.Orchestrator -- Event queue was interrupted
java.lang.InterruptedException: null
	at EventBus.EventQueue.take(EventQueue.java:58)
	at Orchestrator.Orchestrator.start(Orchestrator.java:78)
	at Orchestrator.OrchestratorTests.lambda$runOrchestratorInThread$0(OrchestratorTests.java:71)
	at java.base/java.lang.Thread.run(Thread.java:1583)
10:54:20.901 [Thread-1] ERROR Orchestrator.Orchestrator -- Event queue was interrupted
java.lang.InterruptedException: null
	at EventBus.EventQueue.take(EventQueue.java:58)
	at Orchestrator.Orchestrator.start(Orchestrator.java:78)
	at Orchestrator.OrchestratorTests.lambda$runOrchestratorInThread$0(OrchestratorTests.java:71)
	at java.base/java.lang.Thread.run(Thread.java:1583)
10:54:20.901 [Thread-2] ERROR Orchestrator.Orchestrator -- Event queue was interrupted
java.lang.InterruptedException: null
	at EventBus.EventQueue.take(EventQueue.java:58)
	at Orchestrator.Orchestrator.start(Orchestrator.java:78)
	at Orchestrator.OrchestratorTests.lambda$runOrchestratorInThread$0(OrchestratorTests.java:71)
	at java.base/java.lang.Thread.run(Thread.java:1583)
10:54:20.902 [Thread-1] ERROR Orchestrator.Orchestrator -- Event queue was interrupted
java.lang.InterruptedException: null
	at EventBus.EventQueue.take(EventQueue.java:58)
	at Orchestrator.Orchestrator.start(Orchestrator.java:78)
	at Orchestrator.OrchestratorTests.lambda$runOrchestratorInThread$0(OrchestratorTests.java:71)
	at java.base/java.lang.Thread.run(Thread.java:1583)
10:54:20.902 [Thread-2] ERROR Orchestrator.Orchestrator -- Event queue was interrupted
java.lang.InterruptedException: null
	at EventBus.EventQueue.take(EventQueue.java:58)
	at Orchestrator.Orchestrator.start(Orchestrator.java:78)
	at Orchestrator.OrchestratorTests.lambda$runOrchestratorInThread$0(OrchestratorTests.java:71)
	at java.base/java.lang.Thread.run(Thread.java:1583)
10:54:20.902 [Thread-1] ERROR Orchestrator.Orchestrator -- Event queue was interrupted
java.lang.InterruptedException: null
	at EventBus.EventQueue.take(EventQueue.java:58)
	at Orchestrator.Orchestrator.start(Orchestrator.java:78)
	at Orchestrator.OrchestratorTests.lambda$runOrchestratorInThread$0(OrchestratorTests.java:71)
	at java.base/java.lang.Thread.run(Thread.java:1583)
10:54:20.902 [Thread-2] ERROR Orchestrator.Orchestrator -- Event queue was interrupted
java.lang.InterruptedException: null
	at EventBus.EventQueue.take(EventQueue.java:58)
	at Orchestrator.Orchestrator.start(Orchestrator.java:78)
	at Orchestrator.OrchestratorTests.lambda$runOrchestratorInThread$0(OrchestratorTests.java:71)
	at java.base/java.lang.Thread.run(Thread.java:1583)
10:54:20.902 [Thread-1] ERROR Orchestrator.Orchestrator -- Event queue was interrupted
java.lang.InterruptedException: null
	at EventBus.EventQueue.take(EventQueue.java:58)
	at Orchestrator.Orchestrator.start(Orchestrator.java:78)
	at Orchestrator.OrchestratorTests.lambda$runOrchestratorInThread$0(OrchestratorTests.java:71)
	at java.base/java.lang.Thread.run(Thread.java:1583)
10:54:20.902 [Thread-2] ERROR Orchestrator.Orchestrator -- Event queue was interrupted
java.lang.InterruptedException: null
	at EventBus.EventQueue.take(EventQueue.java:58)
	at Orchestrator.Orchestrator.start(Orchestrator.java:78)
	at Orchestrator.OrchestratorTests.lambda$runOrchestratorInThread$0(OrchestratorTests.java:71)
	at java.base/java.lang.Thread.run(Thread.java:1583)
10:54:20.902 [Thread-1] ERROR Orchestrator.Orchestrator -- Event queue was interrupted
java.lang.InterruptedException: null
	at EventBus.EventQueue.take(EventQueue.java:58)
	at Orchestrator.Orchestrator.start(Orchestrator.java:78)
	at Orchestrator.OrchestratorTests.lambda$runOrchestratorInThread$0(OrchestratorTests.java:71)
	at java.base/java.lang.Thread.run(Thread.java:1583)
10:54:20.902 [Thread-2] ERROR Orchestrator.Orchestrator -- Event queue was interrupted
java.lang.InterruptedException: null
	at EventBus.EventQueue.take(EventQueue.java:58)
	at Orchestrator.Orchestrator.start(Orchestrator.java:78)
	at Orchestrator.OrchestratorTests.lambda$runOrchestratorInThread$0(OrchestratorTests.java:71)
	at java.base/java.lang.Thread.run(Thread.java:1583)
10:54:20.902 [Thread-1] ERROR Orchestrator.Orchestrator -- Event queue was interrupted
java.lang.InterruptedException: null
	at EventBus.EventQueue.take(EventQueue.java:58)
	at Orchestrator.Orchestrator.start(Orchestrator.java:78)
	at Orchestrator.OrchestratorTests.lambda$runOrchestratorInThread$0(OrchestratorTests.java:71)
	at java.base/java.lang.Thread.run(Thread.java:1583)
10:54:20.902 [Thread-1] ERROR Orchestrator.Orchestrator -- Event queue was interrupted
java.lang.InterruptedException: null
	at EventBus.EventQueue.take(EventQueue.java:58)
	at Orchestrator.Orchestrator.start(Orchestrator.java:78)
	at Orchestrator.OrchestratorTests.lambda$runOrchestratorInThread$0(OrchestratorTests.java:71)
	at java.base/java.lang.Thread.run(Thread.java:1583)
10:54:20.902 [Thread-1] ERROR Orchestrator.Orchestrator -- Event queue was interrupted
java.lang.InterruptedException: null
	at EventBus.EventQueue.take(EventQueue.java:58)
	at Orchestrator.Orchestrator.start(Orchestrator.java:78)
	at Orchestrator.OrchestratorTests.lambda$runOrchestratorInThread$0(OrchestratorTests.java:71)
	at java.base/java.lang.Thread.run(Thread.java:1583)
10:54:20.902 [Thread-2] ERROR Orchestrator.Orchestrator -- Event queue was interrupted
java.lang.InterruptedException: null
	at EventBus.EventQueue.take(EventQueue.java:58)
	at Orchestrator.Orchestrator.start(Orchestrator.java:78)
	at Orchestrator.OrchestratorTests.lambda$runOrchestratorInThread$0(OrchestratorTests.java:71)
	at java.base/java.lang.Thread.run(Thread.java:1583)
10:54:20.902 [Thread-1] ERROR Orchestrator.Orchestrator -- Event queue was interrupted
java.lang.InterruptedException: null
	at EventBus.EventQueue.take(EventQueue.java:58)
	at Orchestrator.Orchestrator.start(Orchestrator.java:78)
	at Orchestrator.OrchestratorTests.lambda$runOrchestratorInThread$0(OrchestratorTests.java:71)
	at java.base/java.lang.Thread.run(Thread.java:1583)
10:54:20.902 [Thread-1] ERROR Orchestrator.Orchestrator -- Event queue was interrupted
java.lang.InterruptedException: null
	at EventBus.EventQueue.take(EventQueue.java:58)
	at Orchestrator.Orchestrator.start(Orchestrator.java:78)
	at Orchestrator.OrchestratorTests.lambda$runOrchestratorInThread$0(OrchestratorTests.java:71)
	at java.base/java.lang.Thread.run(Thread.java:1583)
10:54:20.902 [Thread-2] ERROR Orchestrator.Orchestrator -- Event queue was interrupted
java.lang.InterruptedException: null
	at EventBus.EventQueue.take(EventQueue.java:58)
	at Orchestrator.Orchestrator.start(Orchestrator.java:78)
	at Orchestrator.OrchestratorTests.lambda$runOrchestratorInThread$0(OrchestratorTests.java:71)
	at java.base/java.lang.Thread.run(Thread.java:1583)
10:54:20.902 [Thread-1] ERROR Orchestrator.Orchestrator -- Event queue was interrupted
java.lang.InterruptedException: null
	at EventBus.EventQueue.take(EventQueue.java:58)
	at Orchestrator.Orchestrator.start(Orchestrator.java:78)
	at Orchestrator.OrchestratorTests.lambda$runOrchestratorInThread$0(OrchestratorTests.java:71)
	at java.base/java.lang.Thread.run(Thread.java:1583)
10:54:20.902 [Thread-2] ERROR Orchestrator.Orchestrator -- Event queue was interrupted
java.lang.InterruptedException: null
	at EventBus.EventQueue.take(EventQueue.java:58)
	at Orchestrator.Orchestrator.start(Orchestrator.java:78)
	at Orchestrator.OrchestratorTests.lambda$runOrchestratorInThread$0(OrchestratorTests.java:71)
	at java.base/java.lang.Thread.run(Thread.java:1583)
10:54:20.902 [Thread-1] ERROR Orchestrator.Orchestrator -- Event queue was interrupted
java.lang.InterruptedException: null
	at EventBus.EventQueue.take(EventQueue.java:58)
	at Orchestrator.Orchestrator.start(Orchestrator.java:78)
	at Orchestrator.OrchestratorTests.lambda$runOrchestratorInThread$0(OrchestratorTests.java:71)
	at java.base/java.lang.Thread.run(Thread.java:1583)
10:54:20.902 [Thread-2] ERROR Orchestrator.Orchestrator -- Event queue was interrupted
java.lang.InterruptedException: null
	at EventBus.EventQueue.take(EventQueue.java:58)
	at Orchestrator.Orchestrator.start(Orchestrator.java:78)
	at Orchestrator.OrchestratorTests.lambda$runOrchestratorInThread$0(OrchestratorTests.java:71)
	at java.base/java.lang.Thread.run(Thread.java:1583)
10:54:20.902 [Thread-1] ERROR Orchestrator.Orchestrator -- Event queue was interrupted
java.lang.InterruptedException: null
	at EventBus.EventQueue.take(EventQueue.java:58)
	at Orchestrator.Orchestrator.start(Orchestrator.java:78)
	at Orchestrator.OrchestratorTests.lambda$runOrchestratorInThread$0(OrchestratorTests.java:71)
	at java.base/java.lang.Thread.run(Thread.java:1583)
10:54:20.903 [Thread-2] ERROR Orchestrator.Orchestrator -- Event queue was interrupted
java.lang.InterruptedException: null
	at EventBus.EventQueue.take(EventQueue.java:58)
	at Orchestrator.Orchestrator.start(Orchestrator.java:78)
	at Orchestrator.OrchestratorTests.lambda$runOrchestratorInThread$0(OrchestratorTests.java:71)
	at java.base/java.lang.Thread.run(Thread.java:1583)
10:54:20.903 [Thread-1] ERROR Orchestrator.Orchestrator -- Event queue was interrupted
java.lang.InterruptedException: null
	at EventBus.EventQueue.take(EventQueue.java:58)
	at Orchestrator.Orchestrator.start(Orchestrator.java:78)
	at Orchestrator.OrchestratorTests.lambda$runOrchestratorInThread$0(OrchestratorTests.java:71)
	at java.base/java.lang.Thread.run(Thread.java:1583)
10:54:20.903 [Thread-2] ERROR Orchestrator.Orchestrator -- Event queue was interrupted
java.lang.InterruptedException: null
	at EventBus.EventQueue.take(EventQueue.java:58)
	at Orchestrator.Orchestrator.start(Orchestrator.java:78)
	at Orchestrator.OrchestratorTests.lambda$runOrchestratorInThread$0(OrchestratorTests.java:71)
	at java.base/java.lang.Thread.run(Thread.java:1583)
10:54:20.903 [Thread-2] ERROR Orchestrator.Orchestrator -- Event queue was interrupted
java.lang.InterruptedException: null
	at EventBus.EventQueue.take(EventQueue.java:58)
	at Orchestrator.Orchestrator.start(Orchestrator.java:78)
	at Orchestrator.OrchestratorTests.lambda$runOrchestratorInThread$0(OrchestratorTests.java:71)
	at java.base/java.lang.Thread.run(Thread.java:1583)
10:54:20.903 [Thread-1] ERROR Orchestrator.Orchestrator -- Event queue was interrupted
java.lang.InterruptedException: null
	at EventBus.EventQueue.take(EventQueue.java:58)
	at Orchestrator.Orchestrator.start(Orchestrator.java:78)
	at Orchestrator.OrchestratorTests.lambda$runOrchestratorInThread$0(OrchestratorTests.java:71)
	at java.base/java.lang.Thread.run(Thread.java:1583)
10:54:20.903 [Thread-2] ERROR Orchestrator.Orchestrator -- Event queue was interrupted
java.lang.InterruptedException: null
	at EventBus.EventQueue.take(EventQueue.java:58)
	at Orchestrator.Orchestrator.start(Orchestrator.java:78)
	at Orchestrator.OrchestratorTests.lambda$runOrchestratorInThread$0(OrchestratorTests.java:71)
	at java.base/java.lang.Thread.run(Thread.java:1583)
10:54:20.903 [Thread-1] ERROR Orchestrator.Orchestrator -- Event queue was interrupted
java.lang.InterruptedException: null
	at EventBus.EventQueue.take(EventQueue.java:58)
	at Orchestrator.Orchestrator.start(Orchestrator.java:78)
	at Orchestrator.OrchestratorTests.lambda$runOrchestratorInThread$0(OrchestratorTests.java:71)
	at java.base/java.lang.Thread.run(Thread.java:1583)
10:54:20.903 [Thread-2] ERROR Orchestrator.Orchestrator -- Event queue was interrupted
java.lang.InterruptedException: null
	at EventBus.EventQueue.take(EventQueue.java:58)
	at Orchestrator.Orchestrator.start(Orchestrator.java:78)
	at Orchestrator.OrchestratorTests.lambda$runOrchestratorInThread$0(OrchestratorTests.java:71)
	at java.base/java.lang.Thread.run(Thread.java:1583)
10:54:20.903 [Thread-1] ERROR Orchestrator.Orchestrator -- Event queue was interrupted
java.lang.InterruptedException: null
	at EventBus.EventQueue.take(EventQueue.java:58)
	at Orchestrator.Orchestrator.start(Orchestrator.java:78)
	at Orchestrator.OrchestratorTests.lambda$runOrchestratorInThread$0(OrchestratorTests.java:71)
	at java.base/java.lang.Thread.run(Thread.java:1583)
10:54:20.903 [Thread-2] ERROR Orchestrator.Orchestrator -- Event queue was interrupted
java.lang.InterruptedException: null
	at EventBus.EventQueue.take(EventQueue.java:58)
	at Orchestrator.Orchestrator.start(Orchestrator.java:78)
	at Orchestrator.OrchestratorTests.lambda$runOrchestratorInThread$0(OrchestratorTests.java:71)
	at java.base/java.lang.Thread.run(Thread.java:1583)
10:54:20.903 [Thread-1] ERROR Orchestrator.Orchestrator -- Event queue was interrupted
java.lang.InterruptedException: null
	at EventBus.EventQueue.take(EventQueue.java:58)
	at Orchestrator.Orchestrator.start(Orchestrator.java:78)
	at Orchestrator.OrchestratorTests.lambda$runOrchestratorInThread$0(OrchestratorTests.java:71)
	at java.base/java.lang.Thread.run(Thread.java:1583)
10:54:20.903 [Thread-2] ERROR Orchestrator.Orchestrator -- Event queue was interrupted
java.lang.InterruptedException: null
	at EventBus.EventQueue.take(EventQueue.java:58)
	at Orchestrator.Orchestrator.start(Orchestrator.java:78)
	at Orchestrator.OrchestratorTests.lambda$runOrchestratorInThread$0(OrchestratorTests.java:71)
	at java.base/java.lang.Thread.run(Thread.java:1583)
10:54:20.903 [Thread-1] ERROR Orchestrator.Orchestrator -- Event queue was interrupted
java.lang.InterruptedException: null
	at EventBus.EventQueue.take(EventQueue.java:58)
	at Orchestrator.Orchestrator.start(Orchestrator.java:78)
	at Orchestrator.OrchestratorTests.lambda$runOrchestratorInThread$0(OrchestratorTests.java:71)
	at java.base/java.lang.Thread.run(Thread.java:1583)
10:54:20.903 [Thread-2] ERROR Orchestrator.Orchestrator -- Event queue was interrupted
java.lang.InterruptedException: null
	at EventBus.EventQueue.take(EventQueue.java:58)
	at Orchestrator.Orchestrator.start(Orchestrator.java:78)
	at Orchestrator.OrchestratorTests.lambda$runOrchestratorInThread$0(OrchestratorTests.java:71)
	at java.base/java.lang.Thread.run(Thread.java:1583)
10:54:20.903 [Thread-1] ERROR Orchestrator.Orchestrator -- Event queue was interrupted
java.lang.InterruptedException: null
	at EventBus.EventQueue.take(EventQueue.java:58)
	at Orchestrator.Orchestrator.start(Orchestrator.java:78)
	at Orchestrator.OrchestratorTests.lambda$runOrchestratorInThread$0(OrchestratorTests.java:71)
	at java.base/java.lang.Thread.run(Thread.java:1583)
10:54:20.903 [Thread-2] ERROR Orchestrator.Orchestrator -- Event queue was interrupted
java.lang.InterruptedException: null
	at EventBus.EventQueue.take(EventQueue.java:58)
	at Orchestrator.Orchestrator.start(Orchestrator.java:78)
	at Orchestrator.OrchestratorTests.lambda$runOrchestratorInThread$0(OrchestratorTests.java:71)
	at java.base/java.lang.Thread.run(Thread.java:1583)
10:54:20.903 [Thread-1] ERROR Orchestrator.Orchestrator -- Event queue was interrupted
java.lang.InterruptedException: null
	at EventBus.EventQueue.take(EventQueue.java:58)
	at Orchestrator.Orchestrator.start(Orchestrator.java:78)
	at Orchestrator.OrchestratorTests.lambda$runOrchestratorInThread$0(OrchestratorTests.java:71)
	at java.base/java.lang.Thread.run(Thread.java:1583)
10:54:20.903 [Thread-2] ERROR Orchestrator.Orchestrator -- Event queue was interrupted
java.lang.InterruptedException: null
	at EventBus.EventQueue.take(EventQueue.java:58)
	at Orchestrator.Orchestrator.start(Orchestrator.java:78)
	at Orchestrator.OrchestratorTests.lambda$runOrchestratorInThread$0(OrchestratorTests.java:71)
	at java.base/java.lang.Thread.run(Thread.java:1583)
10:54:20.904 [Thread-1] ERROR Orchestrator.Orchestrator -- Event queue was interrupted
java.lang.InterruptedException: null
	at EventBus.EventQueue.take(EventQueue.java:58)
	at Orchestrator.Orchestrator.start(Orchestrator.java:78)
	at Orchestrator.OrchestratorTests.lambda$runOrchestratorInThread$0(OrchestratorTests.java:71)
	at java.base/java.lang.Thread.run(Thread.java:1583)
10:54:20.904 [Thread-2] ERROR Orchestrator.Orchestrator -- Event queue was interrupted
java.lang.InterruptedException: null
	at EventBus.EventQueue.take(EventQueue.java:58)
	at Orchestrator.Orchestrator.start(Orchestrator.java:78)
	at Orchestrator.OrchestratorTests.lambda$runOrchestratorInThread$0(OrchestratorTests.java:71)
	at java.base/java.lang.Thread.run(Thread.java:1583)
10:54:20.904 [Thread-1] ERROR Orchestrator.Orchestrator -- Event queue was interrupted
java.lang.InterruptedException: null
	at EventBus.EventQueue.take(EventQueue.java:58)
	at Orchestrator.Orchestrator.start(Orchestrator.java:78)
	at Orchestrator.OrchestratorTests.lambda$runOrchestratorInThread$0(OrchestratorTests.java:71)
	at java.base/java.lang.Thread.run(Thread.java:1583)
10:54:20.904 [Thread-2] ERROR Orchestrator.Orchestrator -- Event queue was interrupted
java.lang.InterruptedException: null
	at EventBus.EventQueue.take(EventQueue.java:58)
	at Orchestrator.Orchestrator.start(Orchestrator.java:78)
	at Orchestrator.OrchestratorTests.lambda$runOrchestratorInThread$0(OrchestratorTests.java:71)
	at java.base/java.lang.Thread.run(Thread.java:1583)
10:54:20.904 [Thread-1] ERROR Orchestrator.Orchestrator -- Event queue was interrupted
java.lang.InterruptedException: null
	at EventBus.EventQueue.take(EventQueue.java:58)
	at Orchestrator.Orchestrator.start(Orchestrator.java:78)
	at Orchestrator.OrchestratorTests.lambda$runOrchestratorInThread$0(OrchestratorTests.java:71)
	at java.base/java.lang.Thread.run(Thread.java:1583)
10:54:20.904 [Thread-2] ERROR Orchestrator.Orchestrator -- Event queue was interrupted
java.lang.InterruptedException: null
	at EventBus.EventQueue.take(EventQueue.java:58)
	at Orchestrator.Orchestrator.start(Orchestrator.java:78)
	at Orchestrator.OrchestratorTests.lambda$runOrchestratorInThread$0(OrchestratorTests.java:71)
	at java.base/java.lang.Thread.run(Thread.java:1583)
10:54:20.904 [Thread-1] ERROR Orchestrator.Orchestrator -- Event queue was interrupted
java.lang.InterruptedException: null
	at EventBus.EventQueue.take(EventQueue.java:58)
	at Orchestrator.Orchestrator.start(Orchestrator.java:78)
	at Orchestrator.OrchestratorTests.lambda$runOrchestratorInThread$0(OrchestratorTests.java:71)
	at java.base/java.lang.Thread.run(Thread.java:1583)
10:54:20.904 [Thread-1] ERROR Orchestrator.Orchestrator -- Event queue was interrupted
java.lang.InterruptedException: null
	at EventBus.EventQueue.take(EventQueue.java:58)
	at Orchestrator.Orchestrator.start(Orchestrator.java:78)
	at Orchestrator.OrchestratorTests.lambda$runOrchestratorInThread$0(OrchestratorTests.java:71)
	at java.base/java.lang.Thread.run(Thread.java:1583)
10:54:20.904 [Thread-1] ERROR Orchestrator.Orchestrator -- Event queue was interrupted
java.lang.InterruptedException: null
	at EventBus.EventQueue.take(EventQueue.java:58)
	at Orchestrator.Orchestrator.start(Orchestrator.java:78)
	at Orchestrator.OrchestratorTests.lambda$runOrchestratorInThread$0(OrchestratorTests.java:71)
	at java.base/java.lang.Thread.run(Thread.java:1583)
10:54:20.904 [Thread-1] ERROR Orchestrator.Orchestrator -- Event queue was interrupted
java.lang.InterruptedException: null
	at EventBus.EventQueue.take(EventQueue.java:58)
	at Orchestrator.Orchestrator.start(Orchestrator.java:78)
	at Orchestrator.OrchestratorTests.lambda$runOrchestratorInThread$0(OrchestratorTests.java:71)
	at java.base/java.lang.Thread.run(Thread.java:1583)
10:54:20.904 [Thread-1] ERROR Orchestrator.Orchestrator -- Event queue was interrupted
java.lang.InterruptedException: null
	at EventBus.EventQueue.take(EventQueue.java:58)
	at Orchestrator.Orchestrator.start(Orchestrator.java:78)
	at Orchestrator.OrchestratorTests.lambda$runOrchestratorInThread$0(OrchestratorTests.java:71)
	at java.base/java.lang.Thread.run(Thread.java:1583)
10:54:20.904 [Thread-1] ERROR Orchestrator.Orchestrator -- Event queue was interrupted
java.lang.InterruptedException: null
	at EventBus.EventQueue.take(EventQueue.java:58)
	at Orchestrator.Orchestrator.start(Orchestrator.java:78)
	at Orchestrator.OrchestratorTests.lambda$runOrchestratorInThread$0(OrchestratorTests.java:71)
	at java.base/java.lang.Thread.run(Thread.java:1583)
10:54:20.904 [Thread-1] ERROR Orchestrator.Orchestrator -- Event queue was interrupted
java.lang.InterruptedException: null
	at EventBus.EventQueue.take(EventQueue.java:58)
	at Orchestrator.Orchestrator.start(Orchestrator.java:78)
	at Orchestrator.OrchestratorTests.lambda$runOrchestratorInThread$0(OrchestratorTests.java:71)
	at java.base/java.lang.Thread.run(Thread.java:1583)
10:54:20.904 [Thread-1] ERROR Orchestrator.Orchestrator -- Event queue was interrupted
java.lang.InterruptedException: null
	at EventBus.EventQueue.take(EventQueue.java:58)
	at Orchestrator.Orchestrator.start(Orchestrator.java:78)
	at Orchestrator.OrchestratorTests.lambda$runOrchestratorInThread$0(OrchestratorTests.java:71)
	at java.base/java.lang.Thread.run(Thread.java:1583)
10:54:20.904 [Thread-1] ERROR Orchestrator.Orchestrator -- Event queue was interrupted
java.lang.InterruptedException: null
	at EventBus.EventQueue.take(EventQueue.java:58)
	at Orchestrator.Orchestrator.start(Orchestrator.java:78)
	at Orchestrator.OrchestratorTests.lambda$runOrchestratorInThread$0(OrchestratorTests.java:71)
	at java.base/java.lang.Thread.run(Thread.java:1583)
10:54:20.904 [Thread-1] ERROR Orchestrator.Orchestrator -- Event queue was interrupted
java.lang.InterruptedException: null
	at EventBus.EventQueue.take(EventQueue.java:58)
	at Orchestrator.Orchestrator.start(Orchestrator.java:78)
	at Orchestrator.OrchestratorTests.lambda$runOrchestratorInThread$0(OrchestratorTests.java:71)
	at java.base/java.lang.Thread.run(Thread.java:1583)
10:54:20.905 [Thread-1] ERROR Orchestrator.Orchestrator -- Event queue was interrupted
java.lang.InterruptedException: null
	at EventBus.EventQueue.take(EventQueue.java:58)
	at Orchestrator.Orchestrator.start(Orchestrator.java:78)
	at Orchestrator.OrchestratorTests.lambda$runOrchestratorInThread$0(OrchestratorTests.java:71)
	at java.base/java.lang.Thread.run(Thread.java:1583)
10:54:20.905 [Thread-1] ERROR Orchestrator.Orchestrator -- Event queue was interrupted
java.lang.InterruptedException: null
	at EventBus.EventQueue.take(EventQueue.java:58)
	at Orchestrator.Orchestrator.start(Orchestrator.java:78)
	at Orchestrator.OrchestratorTests.lambda$runOrchestratorInThread$0(OrchestratorTests.java:71)
	at java.base/java.lang.Thread.run(Thread.java:1583)
10:54:20.905 [Thread-1] ERROR Orchestrator.Orchestrator -- Event queue was interrupted
java.lang.InterruptedException: null
	at EventBus.EventQueue.take(EventQueue.java:58)
	at Orchestrator.Orchestrator.start(Orchestrator.java:78)
	at Orchestrator.OrchestratorTests.lambda$runOrchestratorInThread$0(OrchestratorTests.java:71)
	at java.base/java.lang.Thread.run(Thread.java:1583)
10:54:20.905 [Thread-1] ERROR Orchestrator.Orchestrator -- Event queue was interrupted
java.lang.InterruptedException: null
	at EventBus.EventQueue.take(EventQueue.java:58)
	at Orchestrator.Orchestrator.start(Orchestrator.java:78)
	at Orchestrator.OrchestratorTests.lambda$runOrchestratorInThread$0(OrchestratorTests.java:71)
	at java.base/java.lang.Thread.run(Thread.java:1583)
10:54:20.905 [Thread-1] ERROR Orchestrator.Orchestrator -- Event queue was interrupted
java.lang.InterruptedException: null
	at EventBus.EventQueue.take(EventQueue.java:58)
	at Orchestrator.Orchestrator.start(Orchestrator.java:78)
	at Orchestrator.OrchestratorTests.lambda$runOrchestratorInThread$0(OrchestratorTests.java:71)
	at java.base/java.lang.Thread.run(Thread.java:1583)
10:54:20.905 [Thread-1] ERROR Orchestrator.Orchestrator -- Event queue was interrupted
java.lang.InterruptedException: null
	at EventBus.EventQueue.take(EventQueue.java:58)
	at Orchestrator.Orchestrator.start(Orchestrator.java:78)
	at Orchestrator.OrchestratorTests.lambda$runOrchestratorInThread$0(OrchestratorTests.java:71)
	at java.base/java.lang.Thread.run(Thread.java:1583)
10:54:20.905 [Thread-1] ERROR Orchestrator.Orchestrator -- Event queue was interrupted
java.lang.InterruptedException: null
	at EventBus.EventQueue.take(EventQueue.java:58)
	at Orchestrator.Orchestrator.start(Orchestrator.java:78)
	at Orchestrator.OrchestratorTests.lambda$runOrchestratorInThread$0(OrchestratorTests.java:71)
	at java.base/java.lang.Thread.run(Thread.java:1583)
10:54:20.905 [Thread-1] ERROR Orchestrator.Orchestrator -- Event queue was interrupted
java.lang.InterruptedException: null
	at EventBus.EventQueue.take(EventQueue.java:58)
	at Orchestrator.Orchestrator.start(Orchestrator.java:78)
	at Orchestrator.OrchestratorTests.lambda$runOrchestratorInThread$0(OrchestratorTests.java:71)
	at java.base/java.lang.Thread.run(Thread.java:1583)
10:54:20.905 [Thread-1] ERROR Orchestrator.Orchestrator -- Event queue was interrupted
java.lang.InterruptedException: null
	at EventBus.EventQueue.take(EventQueue.java:58)
	at Orchestrator.Orchestrator.start(Orchestrator.java:78)
	at Orchestrator.OrchestratorTests.lambda$runOrchestratorInThread$0(OrchestratorTests.java:71)
	at java.base/java.lang.Thread.run(Thread.java:1583)
10:54:20.905 [Thread-1] ERROR Orchestrator.Orchestrator -- Event queue was interrupted
java.lang.InterruptedException: null
	at EventBus.EventQueue.take(EventQueue.java:58)
	at Orchestrator.Orchestrator.start(Orchestrator.java:78)
	at Orchestrator.OrchestratorTests.lambda$runOrchestratorInThread$0(OrchestratorTests.java:71)
	at java.base/java.lang.Thread.run(Thread.java:1583)
10:54:20.905 [Thread-1] ERROR Orchestrator.Orchestrator -- Event queue was interrupted
java.lang.InterruptedException: null
	at EventBus.EventQueue.take(EventQueue.java:58)
	at Orchestrator.Orchestrator.start(Orchestrator.java:78)
	at Orchestrator.OrchestratorTests.lambda$runOrchestratorInThread$0(OrchestratorTests.java:71)
	at java.base/java.lang.Thread.run(Thread.java:1583)
10:54:20.905 [Thread-1] ERROR Orchestrator.Orchestrator -- Event queue was interrupted
java.lang.InterruptedException: null
	at EventBus.EventQueue.take(EventQueue.java:58)
	at Orchestrator.Orchestrator.start(Orchestrator.java:78)
	at Orchestrator.OrchestratorTests.lambda$runOrchestratorInThread$0(OrchestratorTests.java:71)
	at java.base/java.lang.Thread.run(Thread.java:1583)
10:54:20.905 [Thread-1] ERROR Orchestrator.Orchestrator -- Event queue was interrupted
java.lang.InterruptedException: null
	at EventBus.EventQueue.take(EventQueue.java:58)
	at Orchestrator.Orchestrator.start(Orchestrator.java:78)
	at Orchestrator.OrchestratorTests.lambda$runOrchestratorInThread$0(OrchestratorTests.java:71)
	at java.base/java.lang.Thread.run(Thread.java:1583)
10:54:20.905 [Thread-1] ERROR Orchestrator.Orchestrator -- Event queue was interrupted
java.lang.InterruptedException: null
	at EventBus.EventQueue.take(EventQueue.java:58)
	at Orchestrator.Orchestrator.start(Orchestrator.java:78)
	at Orchestrator.OrchestratorTests.lambda$runOrchestratorInThread$0(OrchestratorTests.java:71)
	at java.base/java.lang.Thread.run(Thread.java:1583)
10:54:20.906 [Thread-1] ERROR Orchestrator.Orchestrator -- Event queue was interrupted
java.lang.InterruptedException: null
	at EventBus.EventQueue.take(EventQueue.java:58)
	at Orchestrator.Orchestrator.start(Orchestrator.java:78)
	at Orchestrator.OrchestratorTests.lambda$runOrchestratorInThread$0(OrchestratorTests.java:71)
	at java.base/java.lang.Thread.run(Thread.java:1583)
10:54:20.906 [Thread-1] ERROR Orchestrator.Orchestrator -- Event queue was interrupted
java.lang.InterruptedException: null
	at EventBus.EventQueue.take(EventQueue.java:58)
	at Orchestrator.Orchestrator.start(Orchestrator.java:78)
	at Orchestrator.OrchestratorTests.lambda$runOrchestratorInThread$0(OrchestratorTests.java:71)
	at java.base/java.lang.Thread.run(Thread.java:1583)
10:54:20.906 [Thread-1] ERROR Orchestrator.Orchestrator -- Event queue was interrupted
java.lang.InterruptedException: null
	at EventBus.EventQueue.take(EventQueue.java:58)
	at Orchestrator.Orchestrator.start(Orchestrator.java:78)
	at Orchestrator.OrchestratorTests.lambda$runOrchestratorInThread$0(OrchestratorTests.java:71)
	at java.base/java.lang.Thread.run(Thread.java:1583)
10:54:20.906 [Thread-1] ERROR Orchestrator.Orchestrator -- Event queue was interrupted
java.lang.InterruptedException: null
	at EventBus.EventQueue.take(EventQueue.java:58)
	at Orchestrator.Orchestrator.start(Orchestrator.java:78)
	at Orchestrator.OrchestratorTests.lambda$runOrchestratorInThread$0(OrchestratorTests.java:71)
	at java.base/java.lang.Thread.run(Thread.java:1583)
10:54:20.906 [Thread-1] ERROR Orchestrator.Orchestrator -- Event queue was interrupted
java.lang.InterruptedException: null
	at EventBus.EventQueue.take(EventQueue.java:58)
	at Orchestrator.Orchestrator.start(Orchestrator.java:78)
	at Orchestrator.OrchestratorTests.lambda$runOrchestratorInThread$0(OrchestratorTests.java:71)
	at java.base/java.lang.Thread.run(Thread.java:1583)
10:54:20.906 [Thread-1] ERROR Orchestrator.Orchestrator -- Event queue was interrupted
java.lang.InterruptedException: null
	at EventBus.EventQueue.take(EventQueue.java:58)
	at Orchestrator.Orchestrator.start(Orchestrator.java:78)
	at Orchestrator.OrchestratorTests.lambda$runOrchestratorInThread$0(OrchestratorTests.java:71)
	at java.base/java.lang.Thread.run(Thread.java:1583)
10:54:20.906 [Thread-1] ERROR Orchestrator.Orchestrator -- Event queue was interrupted
java.lang.InterruptedException: null
	at EventBus.EventQueue.take(EventQueue.java:58)
	at Orchestrator.Orchestrator.start(Orchestrator.java:78)
	at Orchestrator.OrchestratorTests.lambda$runOrchestratorInThread$0(OrchestratorTests.java:71)
	at java.base/java.lang.Thread.run(Thread.java:1583)
10:54:20.906 [Thread-1] ERROR Orchestrator.Orchestrator -- Event queue was interrupted
java.lang.InterruptedException: null
	at EventBus.EventQueue.take(EventQueue.java:58)
	at Orchestrator.Orchestrator.start(Orchestrator.java:78)
	at Orchestrator.OrchestratorTests.lambda$runOrchestratorInThread$0(OrchestratorTests.java:71)
	at java.base/java.lang.Thread.run(Thread.java:1583)
10:54:20.906 [Thread-1] ERROR Orchestrator.Orchestrator -- Event queue was interrupted
java.lang.InterruptedException: null
	at EventBus.EventQueue.take(EventQueue.java:58)
	at Orchestrator.Orchestrator.start(Orchestrator.java:78)
	at Orchestrator.OrchestratorTests.lambda$runOrchestratorInThread$0(OrchestratorTests.java:71)
	at java.base/java.lang.Thread.run(Thread.java:1583)
10:54:20.906 [Thread-1] ERROR Orchestrator.Orchestrator -- Event queue was interrupted
java.lang.InterruptedException: null
	at EventBus.EventQueue.take(EventQueue.java:58)
	at Orchestrator.Orchestrator.start(Orchestrator.java:78)
	at Orchestrator.OrchestratorTests.lambda$runOrchestratorInThread$0(OrchestratorTests.java:71)
	at java.base/java.lang.Thread.run(Thread.java:1583)
10:54:20.906 [Thread-1] ERROR Orchestrator.Orchestrator -- Event queue was interrupted
java.lang.InterruptedException: null
	at EventBus.EventQueue.take(EventQueue.java:58)
	at Orchestrator.Orchestrator.start(Orchestrator.java:78)
	at Orchestrator.OrchestratorTests.lambda$runOrchestratorInThread$0(OrchestratorTests.java:71)
	at java.base/java.lang.Thread.run(Thread.java:1583)
10:54:20.906 [Thread-1] ERROR Orchestrator.Orchestrator -- Event queue was interrupted
java.lang.InterruptedException: null
	at EventBus.EventQueue.take(EventQueue.java:58)
	at Orchestrator.Orchestrator.start(Orchestrator.java:78)
	at Orchestrator.OrchestratorTests.lambda$runOrchestratorInThread$0(OrchestratorTests.java:71)
	at java.base/java.lang.Thread.run(Thread.java:1583)
10:54:20.906 [Thread-1] ERROR Orchestrator.Orchestrator -- Event queue was interrupted
java.lang.InterruptedException: null
	at EventBus.EventQueue.take(EventQueue.java:58)
	at Orchestrator.Orchestrator.start(Orchestrator.java:78)
	at Orchestrator.OrchestratorTests.lambda$runOrchestratorInThread$0(OrchestratorTests.java:71)
	at java.base/java.lang.Thread.run(Thread.java:1583)
10:54:20.906 [Thread-1] ERROR Orchestrator.Orchestrator -- Event queue was interrupted
java.lang.InterruptedException: null
	at EventBus.EventQueue.take(EventQueue.java:58)
	at Orchestrator.Orchestrator.start(Orchestrator.java:78)
	at Orchestrator.OrchestratorTests.lambda$runOrchestratorInThread$0(OrchestratorTests.java:71)
	at java.base/java.lang.Thread.run(Thread.java:1583)
10:54:20.906 [Thread-1] ERROR Orchestrator.Orchestrator -- Event queue was interrupted
java.lang.InterruptedException: null
	at EventBus.EventQueue.take(EventQueue.java:58)
	at Orchestrator.Orchestrator.start(Orchestrator.java:78)
	at Orchestrator.OrchestratorTests.lambda$runOrchestratorInThread$0(OrchestratorTests.java:71)
	at java.base/java.lang.Thread.run(Thread.java:1583)
10:54:20.906 [Thread-1] ERROR Orchestrator.Orchestrator -- Event queue was interrupted
java.lang.InterruptedException: null
	at EventBus.EventQueue.take(EventQueue.java:58)
	at Orchestrator.Orchestrator.start(Orchestrator.java:78)
	at Orchestrator.OrchestratorTests.lambda$runOrchestratorInThread$0(OrchestratorTests.java:71)
	at java.base/java.lang.Thread.run(Thread.java:1583)
10:54:20.904 [Thread-2] ERROR Orchestrator.Orchestrator -- Event queue was interrupted
java.lang.InterruptedException: null
	at EventBus.EventQueue.take(EventQueue.java:58)
	at Orchestrator.Orchestrator.start(Orchestrator.java:78)
	at Orchestrator.OrchestratorTests.lambda$runOrchestratorInThread$0(OrchestratorTests.java:71)
	at java.base/java.lang.Thread.run(Thread.java:1583)
10:54:20.907 [Thread-1] ERROR Orchestrator.Orchestrator -- Event queue was interrupted
java.lang.InterruptedException: null
	at EventBus.EventQueue.take(EventQueue.java:58)
	at Orchestrator.Orchestrator.start(Orchestrator.java:78)
	at Orchestrator.OrchestratorTests.lambda$runOrchestratorInThread$0(OrchestratorTests.java:71)
	at java.base/java.lang.Thread.run(Thread.java:1583)
10:54:20.907 [Thread-2] ERROR Orchestrator.Orchestrator -- Event queue was interrupted
java.lang.InterruptedException: null
	at EventBus.EventQueue.take(EventQueue.java:58)
	at Orchestrator.Orchestrator.start(Orchestrator.java:78)
	at Orchestrator.OrchestratorTests.lambda$runOrchestratorInThread$0(OrchestratorTests.java:71)
	at java.base/java.lang.Thread.run(Thread.java:1583)
10:54:20.907 [Thread-1] ERROR Orchestrator.Orchestrator -- Event queue was interrupted
java.lang.InterruptedException: null
	at EventBus.EventQueue.take(EventQueue.java:58)
	at Orchestrator.Orchestrator.start(Orchestrator.java:78)
	at Orchestrator.OrchestratorTests.lambda$runOrchestratorInThread$0(OrchestratorTests.java:71)
	at java.base/java.lang.Thread.run(Thread.java:1583)
10:54:20.907 [Thread-2] ERROR Orchestrator.Orchestrator -- Event queue was interrupted
java.lang.InterruptedException: null
	at EventBus.EventQueue.take(EventQueue.java:58)
	at Orchestrator.Orchestrator.start(Orchestrator.java:78)
	at Orchestrator.OrchestratorTests.lambda$runOrchestratorInThread$0(OrchestratorTests.java:71)
	at java.base/java.lang.Thread.run(Thread.java:1583)
10:54:20.907 [Thread-1] ERROR Orchestrator.Orchestrator -- Event queue was interrupted
java.lang.InterruptedException: null
	at EventBus.EventQueue.take(EventQueue.java:58)
	at Orchestrator.Orchestrator.start(Orchestrator.java:78)
	at Orchestrator.OrchestratorTests.lambda$runOrchestratorInThread$0(OrchestratorTests.java:71)
	at java.base/java.lang.Thread.run(Thread.java:1583)
10:54:20.907 [Thread-2] ERROR Orchestrator.Orchestrator -- Event queue was interrupted
java.lang.InterruptedException: null
	at EventBus.EventQueue.take(EventQueue.java:58)
	at Orchestrator.Orchestrator.start(Orchestrator.java:78)
	at Orchestrator.OrchestratorTests.lambda$runOrchestratorInThread$0(OrchestratorTests.java:71)
	at java.base/java.lang.Thread.run(Thread.java:1583)
10:54:20.907 [Thread-1] ERROR Orchestrator.Orchestrator -- Event queue was interrupted
java.lang.InterruptedException: null
	at EventBus.EventQueue.take(EventQueue.java:58)
	at Orchestrator.Orchestrator.start(Orchestrator.java:78)
	at Orchestrator.OrchestratorTests.lambda$runOrchestratorInThread$0(OrchestratorTests.java:71)
	at java.base/java.lang.Thread.run(Thread.java:1583)
10:54:20.907 [Thread-2] ERROR Orchestrator.Orchestrator -- Event queue was interrupted
java.lang.InterruptedException: null
	at EventBus.EventQueue.take(EventQueue.java:58)
	at Orchestrator.Orchestrator.start(Orchestrator.java:78)
	at Orchestrator.OrchestratorTests.lambda$runOrchestratorInThread$0(OrchestratorTests.java:71)
	at java.base/java.lang.Thread.run(Thread.java:1583)
10:54:20.907 [Thread-1] ERROR Orchestrator.Orchestrator -- Event queue was interrupted
java.lang.InterruptedException: null
	at EventBus.EventQueue.take(EventQueue.java:58)
	at Orchestrator.Orchestrator.start(Orchestrator.java:78)
	at Orchestrator.OrchestratorTests.lambda$runOrchestratorInThread$0(OrchestratorTests.java:71)
	at java.base/java.lang.Thread.run(Thread.java:1583)
10:54:20.907 [Thread-2] ERROR Orchestrator.Orchestrator -- Event queue was interrupted
java.lang.InterruptedException: null
	at EventBus.EventQueue.take(EventQueue.java:58)
	at Orchestrator.Orchestrator.start(Orchestrator.java:78)
	at Orchestrator.OrchestratorTests.lambda$runOrchestratorInThread$0(OrchestratorTests.java:71)
	at java.base/java.lang.Thread.run(Thread.java:1583)
10:54:20.907 [Thread-1] ERROR Orchestrator.Orchestrator -- Event queue was interrupted
java.lang.InterruptedException: null
	at EventBus.EventQueue.take(EventQueue.java:58)
	at Orchestrator.Orchestrator.start(Orchestrator.java:78)
	at Orchestrator.OrchestratorTests.lambda$runOrchestratorInThread$0(OrchestratorTests.java:71)
	at java.base/java.lang.Thread.run(Thread.java:1583)
10:54:20.907 [Thread-2] ERROR Orchestrator.Orchestrator -- Event queue was interrupted
java.lang.InterruptedException: null
	at EventBus.EventQueue.take(EventQueue.java:58)
	at Orchestrator.Orchestrator.start(Orchestrator.java:78)
	at Orchestrator.OrchestratorTests.lambda$runOrchestratorInThread$0(OrchestratorTests.java:71)
	at java.base/java.lang.Thread.run(Thread.java:1583)
10:54:20.907 [Thread-1] ERROR Orchestrator.Orchestrator -- Event queue was interrupted
java.lang.InterruptedException: null
	at EventBus.EventQueue.take(EventQueue.java:58)
	at Orchestrator.Orchestrator.start(Orchestrator.java:78)
	at Orchestrator.OrchestratorTests.lambda$runOrchestratorInThread$0(OrchestratorTests.java:71)
	at java.base/java.lang.Thread.run(Thread.java:1583)
10:54:20.907 [Thread-2] ERROR Orchestrator.Orchestrator -- Event queue was interrupted
java.lang.InterruptedException: null
	at EventBus.EventQueue.take(EventQueue.java:58)
	at Orchestrator.Orchestrator.start(Orchestrator.java:78)
	at Orchestrator.OrchestratorTests.lambda$runOrchestratorInThread$0(OrchestratorTests.java:71)
	at java.base/java.lang.Thread.run(Thread.java:1583)
10:54:20.907 [Thread-2] ERROR Orchestrator.Orchestrator -- Event queue was interrupted
java.lang.InterruptedException: null
	at EventBus.EventQueue.take(EventQueue.java:58)
	at Orchestrator.Orchestrator.start(Orchestrator.java:78)
	at Orchestrator.OrchestratorTests.lambda$runOrchestratorInThread$0(OrchestratorTests.java:71)
	at java.base/java.lang.Thread.run(Thread.java:1583)
10:54:20.907 [Thread-1] ERROR Orchestrator.Orchestrator -- Event queue was interrupted
java.lang.InterruptedException: null
	at EventBus.EventQueue.take(EventQueue.java:58)
	at Orchestrator.Orchestrator.start(Orchestrator.java:78)
	at Orchestrator.OrchestratorTests.lambda$runOrchestratorInThread$0(OrchestratorTests.java:71)
	at java.base/java.lang.Thread.run(Thread.java:1583)
10:54:20.907 [Thread-2] ERROR Orchestrator.Orchestrator -- Event queue was interrupted
java.lang.InterruptedException: null
	at EventBus.EventQueue.take(EventQueue.java:58)
	at Orchestrator.Orchestrator.start(Orchestrator.java:78)
	at Orchestrator.OrchestratorTests.lambda$runOrchestratorInThread$0(OrchestratorTests.java:71)
	at java.base/java.lang.Thread.run(Thread.java:1583)
10:54:20.907 [Thread-1] ERROR Orchestrator.Orchestrator -- Event queue was interrupted
java.lang.InterruptedException: null
	at EventBus.EventQueue.take(EventQueue.java:58)
	at Orchestrator.Orchestrator.start(Orchestrator.java:78)
	at Orchestrator.OrchestratorTests.lambda$runOrchestratorInThread$0(OrchestratorTests.java:71)
	at java.base/java.lang.Thread.run(Thread.java:1583)
10:54:20.907 [Thread-2] ERROR Orchestrator.Orchestrator -- Event queue was interrupted
java.lang.InterruptedException: null
	at EventBus.EventQueue.take(EventQueue.java:58)
	at Orchestrator.Orchestrator.start(Orchestrator.java:78)
	at Orchestrator.OrchestratorTests.lambda$runOrchestratorInThread$0(OrchestratorTests.java:71)
	at java.base/java.lang.Thread.run(Thread.java:1583)
10:54:20.907 [Thread-1] ERROR Orchestrator.Orchestrator -- Event queue was interrupted
java.lang.InterruptedException: null
	at EventBus.EventQueue.take(EventQueue.java:58)
	at Orchestrator.Orchestrator.start(Orchestrator.java:78)
	at Orchestrator.OrchestratorTests.lambda$runOrchestratorInThread$0(OrchestratorTests.java:71)
	at java.base/java.lang.Thread.run(Thread.java:1583)
10:54:20.907 [Thread-2] ERROR Orchestrator.Orchestrator -- Event queue was interrupted
java.lang.InterruptedException: null
	at EventBus.EventQueue.take(EventQueue.java:58)
	at Orchestrator.Orchestrator.start(Orchestrator.java:78)
	at Orchestrator.OrchestratorTests.lambda$runOrchestratorInThread$0(OrchestratorTests.java:71)
	at java.base/java.lang.Thread.run(Thread.java:1583)
10:54:20.908 [Thread-1] ERROR Orchestrator.Orchestrator -- Event queue was interrupted
java.lang.InterruptedException: null
	at EventBus.EventQueue.take(EventQueue.java:58)
	at Orchestrator.Orchestrator.start(Orchestrator.java:78)
	at Orchestrator.OrchestratorTests.lambda$runOrchestratorInThread$0(OrchestratorTests.java:71)
	at java.base/java.lang.Thread.run(Thread.java:1583)
10:54:20.908 [Thread-2] ERROR Orchestrator.Orchestrator -- Event queue was interrupted
java.lang.InterruptedException: null
	at EventBus.EventQueue.take(EventQueue.java:58)
	at Orchestrator.Orchestrator.start(Orchestrator.java:78)
	at Orchestrator.OrchestratorTests.lambda$runOrchestratorInThread$0(OrchestratorTests.java:71)
	at java.base/java.lang.Thread.run(Thread.java:1583)
10:54:20.908 [Thread-1] ERROR Orchestrator.Orchestrator -- Event queue was interrupted
java.lang.InterruptedException: null
	at EventBus.EventQueue.take(EventQueue.java:58)
	at Orchestrator.Orchestrator.start(Orchestrator.java:78)
	at Orchestrator.OrchestratorTests.lambda$runOrchestratorInThread$0(OrchestratorTests.java:71)
	at java.base/java.lang.Thread.run(Thread.java:1583)
10:54:20.908 [Thread-2] ERROR Orchestrator.Orchestrator -- Event queue was interrupted
java.lang.InterruptedException: null
	at EventBus.EventQueue.take(EventQueue.java:58)
	at Orchestrator.Orchestrator.start(Orchestrator.java:78)
	at Orchestrator.OrchestratorTests.lambda$runOrchestratorInThread$0(OrchestratorTests.java:71)
	at java.base/java.lang.Thread.run(Thread.java:1583)
10:54:20.908 [Thread-1] ERROR Orchestrator.Orchestrator -- Event queue was interrupted
java.lang.InterruptedException: null
	at EventBus.EventQueue.take(EventQueue.java:58)
	at Orchestrator.Orchestrator.start(Orchestrator.java:78)
	at Orchestrator.OrchestratorTests.lambda$runOrchestratorInThread$0(OrchestratorTests.java:71)
	at java.base/java.lang.Thread.run(Thread.java:1583)
10:54:20.908 [Thread-2] ERROR Orchestrator.Orchestrator -- Event queue was interrupted
java.lang.InterruptedException: null
	at EventBus.EventQueue.take(EventQueue.java:58)
	at Orchestrator.Orchestrator.start(Orchestrator.java:78)
	at Orchestrator.OrchestratorTests.lambda$runOrchestratorInThread$0(OrchestratorTests.java:71)
	at java.base/java.lang.Thread.run(Thread.java:1583)
10:54:20.908 [Thread-1] ERROR Orchestrator.Orchestrator -- Event queue was interrupted
java.lang.InterruptedException: null
	at EventBus.EventQueue.take(EventQueue.java:58)
	at Orchestrator.Orchestrator.start(Orchestrator.java:78)
	at Orchestrator.OrchestratorTests.lambda$runOrchestratorInThread$0(OrchestratorTests.java:71)
	at java.base/java.lang.Thread.run(Thread.java:1583)
10:54:20.908 [Thread-2] ERROR Orchestrator.Orchestrator -- Event queue was interrupted
java.lang.InterruptedException: null
	at EventBus.EventQueue.take(EventQueue.java:58)
	at Orchestrator.Orchestrator.start(Orchestrator.java:78)
	at Orchestrator.OrchestratorTests.lambda$runOrchestratorInThread$0(OrchestratorTests.java:71)
	at java.base/java.lang.Thread.run(Thread.java:1583)
10:54:20.908 [Thread-1] ERROR Orchestrator.Orchestrator -- Event queue was interrupted
java.lang.InterruptedException: null
	at EventBus.EventQueue.take(EventQueue.java:58)
	at Orchestrator.Orchestrator.start(Orchestrator.java:78)
	at Orchestrator.OrchestratorTests.lambda$runOrchestratorInThread$0(OrchestratorTests.java:71)
	at java.base/java.lang.Thread.run(Thread.java:1583)
10:54:20.908 [Thread-2] ERROR Orchestrator.Orchestrator -- Event queue was interrupted
java.lang.InterruptedException: null
	at EventBus.EventQueue.take(EventQueue.java:58)
	at Orchestrator.Orchestrator.start(Orchestrator.java:78)
	at Orchestrator.OrchestratorTests.lambda$runOrchestratorInThread$0(OrchestratorTests.java:71)
	at java.base/java.lang.Thread.run(Thread.java:1583)
10:54:20.908 [Thread-1] ERROR Orchestrator.Orchestrator -- Event queue was interrupted
java.lang.InterruptedException: null
	at EventBus.EventQueue.take(EventQueue.java:58)
	at Orchestrator.Orchestrator.start(Orchestrator.java:78)
	at Orchestrator.OrchestratorTests.lambda$runOrchestratorInThread$0(OrchestratorTests.java:71)
	at java.base/java.lang.Thread.run(Thread.java:1583)
10:54:20.908 [Thread-2] ERROR Orchestrator.Orchestrator -- Event queue was interrupted
java.lang.InterruptedException: null
	at EventBus.EventQueue.take(EventQueue.java:58)
	at Orchestrator.Orchestrator.start(Orchestrator.java:78)
	at Orchestrator.OrchestratorTests.lambda$runOrchestratorInThread$0(OrchestratorTests.java:71)
	at java.base/java.lang.Thread.run(Thread.java:1583)
10:54:20.908 [Thread-2] ERROR Orchestrator.Orchestrator -- Event queue was interrupted
java.lang.InterruptedException: null
	at EventBus.EventQueue.take(EventQueue.java:58)
	at Orchestrator.Orchestrator.start(Orchestrator.java:78)
	at Orchestrator.OrchestratorTests.lambda$runOrchestratorInThread$0(OrchestratorTests.java:71)
	at java.base/java.lang.Thread.run(Thread.java:1583)
10:54:20.908 [Thread-1] ERROR Orchestrator.Orchestrator -- Event queue was interrupted
java.lang.InterruptedException: null
	at EventBus.EventQueue.take(EventQueue.java:58)
	at Orchestrator.Orchestrator.start(Orchestrator.java:78)
	at Orchestrator.OrchestratorTests.lambda$runOrchestratorInThread$0(OrchestratorTests.java:71)
	at java.base/java.lang.Thread.run(Thread.java:1583)
10:54:20.908 [Thread-2] ERROR Orchestrator.Orchestrator -- Event queue was interrupted
java.lang.InterruptedException: null
	at EventBus.EventQueue.take(EventQueue.java:58)
	at Orchestrator.Orchestrator.start(Orchestrator.java:78)
	at Orchestrator.OrchestratorTests.lambda$runOrchestratorInThread$0(OrchestratorTests.java:71)
	at java.base/java.lang.Thread.run(Thread.java:1583)
10:54:20.908 [Thread-1] ERROR Orchestrator.Orchestrator -- Event queue was interrupted
java.lang.InterruptedException: null
	at EventBus.EventQueue.take(EventQueue.java:58)
	at Orchestrator.Orchestrator.start(Orchestrator.java:78)
	at Orchestrator.OrchestratorTests.lambda$runOrchestratorInThread$0(OrchestratorTests.java:71)
	at java.base/java.lang.Thread.run(Thread.java:1583)
10:54:20.908 [Thread-2] ERROR Orchestrator.Orchestrator -- Event queue was interrupted
java.lang.InterruptedException: null
	at EventBus.EventQueue.take(EventQueue.java:58)
	at Orchestrator.Orchestrator.start(Orchestrator.java:78)
	at Orchestrator.OrchestratorTests.lambda$runOrchestratorInThread$0(OrchestratorTests.java:71)
	at java.base/java.lang.Thread.run(Thread.java:1583)
10:54:20.908 [Thread-1] ERROR Orchestrator.Orchestrator -- Event queue was interrupted
java.lang.InterruptedException: null
	at EventBus.EventQueue.take(EventQueue.java:58)
	at Orchestrator.Orchestrator.start(Orchestrator.java:78)
	at Orchestrator.OrchestratorTests.lambda$runOrchestratorInThread$0(OrchestratorTests.java:71)
	at java.base/java.lang.Thread.run(Thread.java:1583)
10:54:20.908 [Thread-2] ERROR Orchestrator.Orchestrator -- Event queue was interrupted
java.lang.InterruptedException: null
	at EventBus.EventQueue.take(EventQueue.java:58)
	at Orchestrator.Orchestrator.start(Orchestrator.java:78)
	at Orchestrator.OrchestratorTests.lambda$runOrchestratorInThread$0(OrchestratorTests.java:71)
	at java.base/java.lang.Thread.run(Thread.java:1583)
10:54:20.908 [Thread-1] ERROR Orchestrator.Orchestrator -- Event queue was interrupted
java.lang.InterruptedException: null
	at EventBus.EventQueue.take(EventQueue.java:58)
	at Orchestrator.Orchestrator.start(Orchestrator.java:78)
	at Orchestrator.OrchestratorTests.lambda$runOrchestratorInThread$0(OrchestratorTests.java:71)
	at java.base/java.lang.Thread.run(Thread.java:1583)
10:54:20.909 [Thread-2] ERROR Orchestrator.Orchestrator -- Event queue was interrupted
java.lang.InterruptedException: null
	at EventBus.EventQueue.take(EventQueue.java:58)
	at Orchestrator.Orchestrator.start(Orchestrator.java:78)
	at Orchestrator.OrchestratorTests.lambda$runOrchestratorInThread$0(OrchestratorTests.java:71)
	at java.base/java.lang.Thread.run(Thread.java:1583)
10:54:20.909 [Thread-1] ERROR Orchestrator.Orchestrator -- Event queue was interrupted
java.lang.InterruptedException: null
	at EventBus.EventQueue.take(EventQueue.java:58)
	at Orchestrator.Orchestrator.start(Orchestrator.java:78)
	at Orchestrator.OrchestratorTests.lambda$runOrchestratorInThread$0(OrchestratorTests.java:71)
	at java.base/java.lang.Thread.run(Thread.java:1583)
10:54:20.909 [Thread-2] ERROR Orchestrator.Orchestrator -- Event queue was interrupted
java.lang.InterruptedException: null
	at EventBus.EventQueue.take(EventQueue.java:58)
	at Orchestrator.Orchestrator.start(Orchestrator.java:78)
	at Orchestrator.OrchestratorTests.lambda$runOrchestratorInThread$0(OrchestratorTests.java:71)
	at java.base/java.lang.Thread.run(Thread.java:1583)
10:54:20.909 [Thread-1] ERROR Orchestrator.Orchestrator -- Event queue was interrupted
java.lang.InterruptedException: null
	at EventBus.EventQueue.take(EventQueue.java:58)
	at Orchestrator.Orchestrator.start(Orchestrator.java:78)
	at Orchestrator.OrchestratorTests.lambda$runOrchestratorInThread$0(OrchestratorTests.java:71)
	at java.base/java.lang.Thread.run(Thread.java:1583)
10:54:20.909 [Thread-2] ERROR Orchestrator.Orchestrator -- Event queue was interrupted
java.lang.InterruptedException: null
	at EventBus.EventQueue.take(EventQueue.java:58)
	at Orchestrator.Orchestrator.start(Orchestrator.java:78)
	at Orchestrator.OrchestratorTests.lambda$runOrchestratorInThread$0(OrchestratorTests.java:71)
	at java.base/java.lang.Thread.run(Thread.java:1583)
10:54:20.909 [Thread-1] ERROR Orchestrator.Orchestrator -- Event queue was interrupted
java.lang.InterruptedException: null
	at EventBus.EventQueue.take(EventQueue.java:58)
	at Orchestrator.Orchestrator.start(Orchestrator.java:78)
	at Orchestrator.OrchestratorTests.lambda$runOrchestratorInThread$0(OrchestratorTests.java:71)
	at java.base/java.lang.Thread.run(Thread.java:1583)
10:54:20.909 [Thread-2] ERROR Orchestrator.Orchestrator -- Event queue was interrupted
java.lang.InterruptedException: null
	at EventBus.EventQueue.take(EventQueue.java:58)
	at Orchestrator.Orchestrator.start(Orchestrator.java:78)
	at Orchestrator.OrchestratorTests.lambda$runOrchestratorInThread$0(OrchestratorTests.java:71)
	at java.base/java.lang.Thread.run(Thread.java:1583)
10:54:20.909 [Thread-1] ERROR Orchestrator.Orchestrator -- Event queue was interrupted
java.lang.InterruptedException: null
	at EventBus.EventQueue.take(EventQueue.java:58)
	at Orchestrator.Orchestrator.start(Orchestrator.java:78)
	at Orchestrator.OrchestratorTests.lambda$runOrchestratorInThread$0(OrchestratorTests.java:71)
	at java.base/java.lang.Thread.run(Thread.java:1583)
10:54:20.909 [Thread-2] ERROR Orchestrator.Orchestrator -- Event queue was interrupted
java.lang.InterruptedException: null
	at EventBus.EventQueue.take(EventQueue.java:58)
	at Orchestrator.Orchestrator.start(Orchestrator.java:78)
	at Orchestrator.OrchestratorTests.lambda$runOrchestratorInThread$0(OrchestratorTests.java:71)
	at java.base/java.lang.Thread.run(Thread.java:1583)
10:54:20.909 [Thread-1] ERROR Orchestrator.Orchestrator -- Event queue was interrupted
java.lang.InterruptedException: null
	at EventBus.EventQueue.take(EventQueue.java:58)
	at Orchestrator.Orchestrator.start(Orchestrator.java:78)
	at Orchestrator.OrchestratorTests.lambda$runOrchestratorInThread$0(OrchestratorTests.java:71)
	at java.base/java.lang.Thread.run(Thread.java:1583)
10:54:20.909 [Thread-2] ERROR Orchestrator.Orchestrator -- Event queue was interrupted
java.lang.InterruptedException: null
	at EventBus.EventQueue.take(EventQueue.java:58)
	at Orchestrator.Orchestrator.start(Orchestrator.java:78)
	at Orchestrator.OrchestratorTests.lambda$runOrchestratorInThread$0(OrchestratorTests.java:71)
	at java.base/java.lang.Thread.run(Thread.java:1583)
10:54:20.909 [Thread-1] ERROR Orchestrator.Orchestrator -- Event queue was interrupted
java.lang.InterruptedException: null
	at EventBus.EventQueue.take(EventQueue.java:58)
	at Orchestrator.Orchestrator.start(Orchestrator.java:78)
	at Orchestrator.OrchestratorTests.lambda$runOrchestratorInThread$0(OrchestratorTests.java:71)
	at java.base/java.lang.Thread.run(Thread.java:1583)
10:54:20.909 [Thread-2] ERROR Orchestrator.Orchestrator -- Event queue was interrupted
java.lang.InterruptedException: null
	at EventBus.EventQueue.take(EventQueue.java:58)
	at Orchestrator.Orchestrator.start(Orchestrator.java:78)
	at Orchestrator.OrchestratorTests.lambda$runOrchestratorInThread$0(OrchestratorTests.java:71)
	at java.base/java.lang.Thread.run(Thread.java:1583)
10:54:20.909 [Thread-1] ERROR Orchestrator.Orchestrator -- Event queue was interrupted
java.lang.InterruptedException: null
	at EventBus.EventQueue.take(EventQueue.java:58)
	at Orchestrator.Orchestrator.start(Orchestrator.java:78)
	at Orchestrator.OrchestratorTests.lambda$runOrchestratorInThread$0(OrchestratorTests.java:71)
	at java.base/java.lang.Thread.run(Thread.java:1583)
10:54:20.909 [Thread-2] ERROR Orchestrator.Orchestrator -- Event queue was interrupted
java.lang.InterruptedException: null
	at EventBus.EventQueue.take(EventQueue.java:58)
	at Orchestrator.Orchestrator.start(Orchestrator.java:78)
	at Orchestrator.OrchestratorTests.lambda$runOrchestratorInThread$0(OrchestratorTests.java:71)
	at java.base/java.lang.Thread.run(Thread.java:1583)
10:54:20.909 [Thread-1] ERROR Orchestrator.Orchestrator -- Event queue was interrupted
java.lang.InterruptedException: null
	at EventBus.EventQueue.take(EventQueue.java:58)
	at Orchestrator.Orchestrator.start(Orchestrator.java:78)
	at Orchestrator.OrchestratorTests.lambda$runOrchestratorInThread$0(OrchestratorTests.java:71)
	at java.base/java.lang.Thread.run(Thread.java:1583)
10:54:20.909 [Thread-2] ERROR Orchestrator.Orchestrator -- Event queue was interrupted
java.lang.InterruptedException: null
	at EventBus.EventQueue.take(EventQueue.java:58)
	at Orchestrator.Orchestrator.start(Orchestrator.java:78)
	at Orchestrator.OrchestratorTests.lambda$runOrchestratorInThread$0(OrchestratorTests.java:71)
	at java.base/java.lang.Thread.run(Thread.java:1583)
10:54:20.909 [Thread-1] ERROR Orchestrator.Orchestrator -- Event queue was interrupted
java.lang.InterruptedException: null
	at EventBus.EventQueue.take(EventQueue.java:58)
	at Orchestrator.Orchestrator.start(Orchestrator.java:78)
	at Orchestrator.OrchestratorTests.lambda$runOrchestratorInThread$0(OrchestratorTests.java:71)
	at java.base/java.lang.Thread.run(Thread.java:1583)
10:54:20.909 [Thread-2] ERROR Orchestrator.Orchestrator -- Event queue was interrupted
java.lang.InterruptedException: null
	at EventBus.EventQueue.take(EventQueue.java:58)
	at Orchestrator.Orchestrator.start(Orchestrator.java:78)
	at Orchestrator.OrchestratorTests.lambda$runOrchestratorInThread$0(OrchestratorTests.java:71)
	at java.base/java.lang.Thread.run(Thread.java:1583)
10:54:20.910 [Thread-1] ERROR Orchestrator.Orchestrator -- Event queue was interrupted
java.lang.InterruptedException: null
	at EventBus.EventQueue.take(EventQueue.java:58)
	at Orchestrator.Orchestrator.start(Orchestrator.java:78)
	at Orchestrator.OrchestratorTests.lambda$runOrchestratorInThread$0(OrchestratorTests.java:71)
	at java.base/java.lang.Thread.run(Thread.java:1583)
10:54:20.910 [Thread-1] ERROR Orchestrator.Orchestrator -- Event queue was interrupted
java.lang.InterruptedException: null
	at EventBus.EventQueue.take(EventQueue.java:58)
	at Orchestrator.Orchestrator.start(Orchestrator.java:78)
	at Orchestrator.OrchestratorTests.lambda$runOrchestratorInThread$0(OrchestratorTests.java:71)
	at java.base/java.lang.Thread.run(Thread.java:1583)
10:54:20.910 [Thread-1] ERROR Orchestrator.Orchestrator -- Event queue was interrupted
java.lang.InterruptedException: null
	at EventBus.EventQueue.take(EventQueue.java:58)
	at Orchestrator.Orchestrator.start(Orchestrator.java:78)
	at Orchestrator.OrchestratorTests.lambda$runOrchestratorInThread$0(OrchestratorTests.java:71)
	at java.base/java.lang.Thread.run(Thread.java:1583)
10:54:20.910 [Thread-1] ERROR Orchestrator.Orchestrator -- Event queue was interrupted
java.lang.InterruptedException: null
	at EventBus.EventQueue.take(EventQueue.java:58)
	at Orchestrator.Orchestrator.start(Orchestrator.java:78)
	at Orchestrator.OrchestratorTests.lambda$runOrchestratorInThread$0(OrchestratorTests.java:71)
	at java.base/java.lang.Thread.run(Thread.java:1583)
10:54:20.910 [Thread-1] ERROR Orchestrator.Orchestrator -- Event queue was interrupted
java.lang.InterruptedException: null
	at EventBus.EventQueue.take(EventQueue.java:58)
	at Orchestrator.Orchestrator.start(Orchestrator.java:78)
	at Orchestrator.OrchestratorTests.lambda$runOrchestratorInThread$0(OrchestratorTests.java:71)
	at java.base/java.lang.Thread.run(Thread.java:1583)
10:54:20.910 [Thread-1] ERROR Orchestrator.Orchestrator -- Event queue was interrupted
java.lang.InterruptedException: null
	at EventBus.EventQueue.take(EventQueue.java:58)
	at Orchestrator.Orchestrator.start(Orchestrator.java:78)
	at Orchestrator.OrchestratorTests.lambda$runOrchestratorInThread$0(OrchestratorTests.java:71)
	at java.base/java.lang.Thread.run(Thread.java:1583)
10:54:20.910 [Thread-1] ERROR Orchestrator.Orchestrator -- Event queue was interrupted
java.lang.InterruptedException: null
	at EventBus.EventQueue.take(EventQueue.java:58)
	at Orchestrator.Orchestrator.start(Orchestrator.java:78)
	at Orchestrator.OrchestratorTests.lambda$runOrchestratorInThread$0(OrchestratorTests.java:71)
	at java.base/java.lang.Thread.run(Thread.java:1583)
10:54:20.910 [Thread-1] ERROR Orchestrator.Orchestrator -- Event queue was interrupted
java.lang.InterruptedException: null
	at EventBus.EventQueue.take(EventQueue.java:58)
	at Orchestrator.Orchestrator.start(Orchestrator.java:78)
	at Orchestrator.OrchestratorTests.lambda$runOrchestratorInThread$0(OrchestratorTests.java:71)
	at java.base/java.lang.Thread.run(Thread.java:1583)
10:54:20.910 [Thread-1] ERROR Orchestrator.Orchestrator -- Event queue was interrupted
java.lang.InterruptedException: null
	at EventBus.EventQueue.take(EventQueue.java:58)
	at Orchestrator.Orchestrator.start(Orchestrator.java:78)
	at Orchestrator.OrchestratorTests.lambda$runOrchestratorInThread$0(OrchestratorTests.java:71)
	at java.base/java.lang.Thread.run(Thread.java:1583)
10:54:20.910 [Thread-1] ERROR Orchestrator.Orchestrator -- Event queue was interrupted
java.lang.InterruptedException: null
	at EventBus.EventQueue.take(EventQueue.java:58)
	at Orchestrator.Orchestrator.start(Orchestrator.java:78)
	at Orchestrator.OrchestratorTests.lambda$runOrchestratorInThread$0(OrchestratorTests.java:71)
	at java.base/java.lang.Thread.run(Thread.java:1583)
10:54:20.910 [Thread-1] ERROR Orchestrator.Orchestrator -- Event queue was interrupted
java.lang.InterruptedException: null
	at EventBus.EventQueue.take(EventQueue.java:58)
	at Orchestrator.Orchestrator.start(Orchestrator.java:78)
	at Orchestrator.OrchestratorTests.lambda$runOrchestratorInThread$0(OrchestratorTests.java:71)
	at java.base/java.lang.Thread.run(Thread.java:1583)
10:54:20.910 [Thread-1] ERROR Orchestrator.Orchestrator -- Event queue was interrupted
java.lang.InterruptedException: null
	at EventBus.EventQueue.take(EventQueue.java:58)
	at Orchestrator.Orchestrator.start(Orchestrator.java:78)
	at Orchestrator.OrchestratorTests.lambda$runOrchestratorInThread$0(OrchestratorTests.java:71)
	at java.base/java.lang.Thread.run(Thread.java:1583)
10:54:20.910 [Thread-1] ERROR Orchestrator.Orchestrator -- Event queue was interrupted
java.lang.InterruptedException: null
	at EventBus.EventQueue.take(EventQueue.java:58)
	at Orchestrator.Orchestrator.start(Orchestrator.java:78)
	at Orchestrator.OrchestratorTests.lambda$runOrchestratorInThread$0(OrchestratorTests.java:71)
	at java.base/java.lang.Thread.run(Thread.java:1583)
10:54:20.910 [Thread-1] ERROR Orchestrator.Orchestrator -- Event queue was interrupted
java.lang.InterruptedException: null
	at EventBus.EventQueue.take(EventQueue.java:58)
	at Orchestrator.Orchestrator.start(Orchestrator.java:78)
	at Orchestrator.OrchestratorTests.lambda$runOrchestratorInThread$0(OrchestratorTests.java:71)
	at java.base/java.lang.Thread.run(Thread.java:1583)
10:54:20.910 [Thread-1] ERROR Orchestrator.Orchestrator -- Event queue was interrupted
java.lang.InterruptedException: null
	at EventBus.EventQueue.take(EventQueue.java:58)
	at Orchestrator.Orchestrator.start(Orchestrator.java:78)
	at Orchestrator.OrchestratorTests.lambda$runOrchestratorInThread$0(OrchestratorTests.java:71)
	at java.base/java.lang.Thread.run(Thread.java:1583)
10:54:20.910 [Thread-2] ERROR Orchestrator.Orchestrator -- Event queue was interrupted
java.lang.InterruptedException: null
	at EventBus.EventQueue.take(EventQueue.java:58)
	at Orchestrator.Orchestrator.start(Orchestrator.java:78)
	at Orchestrator.OrchestratorTests.lambda$runOrchestratorInThread$0(OrchestratorTests.java:71)
	at java.base/java.lang.Thread.run(Thread.java:1583)
10:54:20.911 [Thread-1] ERROR Orchestrator.Orchestrator -- Event queue was interrupted
java.lang.InterruptedException: null
	at EventBus.EventQueue.take(EventQueue.java:58)
	at Orchestrator.Orchestrator.start(Orchestrator.java:78)
	at Orchestrator.OrchestratorTests.lambda$runOrchestratorInThread$0(OrchestratorTests.java:71)
	at java.base/java.lang.Thread.run(Thread.java:1583)
10:54:20.911 [Thread-1] ERROR Orchestrator.Orchestrator -- Event queue was interrupted
java.lang.InterruptedException: null
	at EventBus.EventQueue.take(EventQueue.java:58)
	at Orchestrator.Orchestrator.start(Orchestrator.java:78)
	at Orchestrator.OrchestratorTests.lambda$runOrchestratorInThread$0(OrchestratorTests.java:71)
	at java.base/java.lang.Thread.run(Thread.java:1583)
10:54:20.911 [Thread-2] ERROR Orchestrator.Orchestrator -- Event queue was interrupted
java.lang.InterruptedException: null
	at EventBus.EventQueue.take(EventQueue.java:58)
	at Orchestrator.Orchestrator.start(Orchestrator.java:78)
	at Orchestrator.OrchestratorTests.lambda$runOrchestratorInThread$0(OrchestratorTests.java:71)
	at java.base/java.lang.Thread.run(Thread.java:1583)
10:54:20.911 [Thread-1] ERROR Orchestrator.Orchestrator -- Event queue was interrupted
java.lang.InterruptedException: null
	at EventBus.EventQueue.take(EventQueue.java:58)
	at Orchestrator.Orchestrator.start(Orchestrator.java:78)
	at Orchestrator.OrchestratorTests.lambda$runOrchestratorInThread$0(OrchestratorTests.java:71)
	at java.base/java.lang.Thread.run(Thread.java:1583)
10:54:20.911 [Thread-2] ERROR Orchestrator.Orchestrator -- Event queue was interrupted
java.lang.InterruptedException: null
	at EventBus.EventQueue.take(EventQueue.java:58)
	at Orchestrator.Orchestrator.start(Orchestrator.java:78)
	at Orchestrator.OrchestratorTests.lambda$runOrchestratorInThread$0(OrchestratorTests.java:71)
	at java.base/java.lang.Thread.run(Thread.java:1583)
10:54:20.911 [Thread-1] ERROR Orchestrator.Orchestrator -- Event queue was interrupted
java.lang.InterruptedException: null
	at EventBus.EventQueue.take(EventQueue.java:58)
	at Orchestrator.Orchestrator.start(Orchestrator.java:78)
	at Orchestrator.OrchestratorTests.lambda$runOrchestratorInThread$0(OrchestratorTests.java:71)
	at java.base/java.lang.Thread.run(Thread.java:1583)
10:54:20.911 [Thread-1] ERROR Orchestrator.Orchestrator -- Event queue was interrupted
java.lang.InterruptedException: null
	at EventBus.EventQueue.take(EventQueue.java:58)
	at Orchestrator.Orchestrator.start(Orchestrator.java:78)
	at Orchestrator.OrchestratorTests.lambda$runOrchestratorInThread$0(OrchestratorTests.java:71)
	at java.base/java.lang.Thread.run(Thread.java:1583)
10:54:20.911 [Thread-2] ERROR Orchestrator.Orchestrator -- Event queue was interrupted
java.lang.InterruptedException: null
	at EventBus.EventQueue.take(EventQueue.java:58)
	at Orchestrator.Orchestrator.start(Orchestrator.java:78)
	at Orchestrator.OrchestratorTests.lambda$runOrchestratorInThread$0(OrchestratorTests.java:71)
	at java.base/java.lang.Thread.run(Thread.java:1583)
10:54:20.911 [Thread-1] ERROR Orchestrator.Orchestrator -- Event queue was interrupted
java.lang.InterruptedException: null
	at EventBus.EventQueue.take(EventQueue.java:58)
	at Orchestrator.Orchestrator.start(Orchestrator.java:78)
	at Orchestrator.OrchestratorTests.lambda$runOrchestratorInThread$0(OrchestratorTests.java:71)
	at java.base/java.lang.Thread.run(Thread.java:1583)
10:54:20.911 [Thread-2] ERROR Orchestrator.Orchestrator -- Event queue was interrupted
java.lang.InterruptedException: null
	at EventBus.EventQueue.take(EventQueue.java:58)
	at Orchestrator.Orchestrator.start(Orchestrator.java:78)
	at Orchestrator.OrchestratorTests.lambda$runOrchestratorInThread$0(OrchestratorTests.java:71)
	at java.base/java.lang.Thread.run(Thread.java:1583)
10:54:20.911 [Thread-1] ERROR Orchestrator.Orchestrator -- Event queue was interrupted
java.lang.InterruptedException: null
	at EventBus.EventQueue.take(EventQueue.java:58)
	at Orchestrator.Orchestrator.start(Orchestrator.java:78)
	at Orchestrator.OrchestratorTests.lambda$runOrchestratorInThread$0(OrchestratorTests.java:71)
	at java.base/java.lang.Thread.run(Thread.java:1583)
10:54:20.911 [Thread-2] ERROR Orchestrator.Orchestrator -- Event queue was interrupted
java.lang.InterruptedException: null
	at EventBus.EventQueue.take(EventQueue.java:58)
	at Orchestrator.Orchestrator.start(Orchestrator.java:78)
	at Orchestrator.OrchestratorTests.lambda$runOrchestratorInThread$0(OrchestratorTests.java:71)
	at java.base/java.lang.Thread.run(Thread.java:1583)
10:54:20.911 [Thread-1] ERROR Orchestrator.Orchestrator -- Event queue was interrupted
java.lang.InterruptedException: null
	at EventBus.EventQueue.take(EventQueue.java:58)
	at Orchestrator.Orchestrator.start(Orchestrator.java:78)
	at Orchestrator.OrchestratorTests.lambda$runOrchestratorInThread$0(OrchestratorTests.java:71)
	at java.base/java.lang.Thread.run(Thread.java:1583)
10:54:20.911 [Thread-2] ERROR Orchestrator.Orchestrator -- Event queue was interrupted
java.lang.InterruptedException: null
	at EventBus.EventQueue.take(EventQueue.java:58)
	at Orchestrator.Orchestrator.start(Orchestrator.java:78)
	at Orchestrator.OrchestratorTests.lambda$runOrchestratorInThread$0(OrchestratorTests.java:71)
	at java.base/java.lang.Thread.run(Thread.java:1583)
10:54:20.911 [Thread-1] ERROR Orchestrator.Orchestrator -- Event queue was interrupted
java.lang.InterruptedException: null
	at EventBus.EventQueue.take(EventQueue.java:58)
	at Orchestrator.Orchestrator.start(Orchestrator.java:78)
	at Orchestrator.OrchestratorTests.lambda$runOrchestratorInThread$0(OrchestratorTests.java:71)
	at java.base/java.lang.Thread.run(Thread.java:1583)
10:54:20.911 [Thread-2] ERROR Orchestrator.Orchestrator -- Event queue was interrupted
java.lang.InterruptedException: null
	at EventBus.EventQueue.take(EventQueue.java:58)
	at Orchestrator.Orchestrator.start(Orchestrator.java:78)
	at Orchestrator.OrchestratorTests.lambda$runOrchestratorInThread$0(OrchestratorTests.java:71)
	at java.base/java.lang.Thread.run(Thread.java:1583)
10:54:20.911 [Thread-1] ERROR Orchestrator.Orchestrator -- Event queue was interrupted
java.lang.InterruptedException: null
	at EventBus.EventQueue.take(EventQueue.java:58)
	at Orchestrator.Orchestrator.start(Orchestrator.java:78)
	at Orchestrator.OrchestratorTests.lambda$runOrchestratorInThread$0(OrchestratorTests.java:71)
	at java.base/java.lang.Thread.run(Thread.java:1583)
10:54:20.911 [Thread-2] ERROR Orchestrator.Orchestrator -- Event queue was interrupted
java.lang.InterruptedException: null
	at EventBus.EventQueue.take(EventQueue.java:58)
	at Orchestrator.Orchestrator.start(Orchestrator.java:78)
	at Orchestrator.OrchestratorTests.lambda$runOrchestratorInThread$0(OrchestratorTests.java:71)
	at java.base/java.lang.Thread.run(Thread.java:1583)
10:54:20.911 [Thread-1] ERROR Orchestrator.Orchestrator -- Event queue was interrupted
java.lang.InterruptedException: null
	at EventBus.EventQueue.take(EventQueue.java:58)
	at Orchestrator.Orchestrator.start(Orchestrator.java:78)
	at Orchestrator.OrchestratorTests.lambda$runOrchestratorInThread$0(OrchestratorTests.java:71)
	at java.base/java.lang.Thread.run(Thread.java:1583)
10:54:20.911 [Thread-2] ERROR Orchestrator.Orchestrator -- Event queue was interrupted
java.lang.InterruptedException: null
	at EventBus.EventQueue.take(EventQueue.java:58)
	at Orchestrator.Orchestrator.start(Orchestrator.java:78)
	at Orchestrator.OrchestratorTests.lambda$runOrchestratorInThread$0(OrchestratorTests.java:71)
	at java.base/java.lang.Thread.run(Thread.java:1583)
10:54:20.911 [Thread-1] ERROR Orchestrator.Orchestrator -- Event queue was interrupted
java.lang.InterruptedException: null
	at EventBus.EventQueue.take(EventQueue.java:58)
	at Orchestrator.Orchestrator.start(Orchestrator.java:78)
	at Orchestrator.OrchestratorTests.lambda$runOrchestratorInThread$0(OrchestratorTests.java:71)
	at java.base/java.lang.Thread.run(Thread.java:1583)
10:54:20.911 [Thread-2] ERROR Orchestrator.Orchestrator -- Event queue was interrupted
java.lang.InterruptedException: null
	at EventBus.EventQueue.take(EventQueue.java:58)
	at Orchestrator.Orchestrator.start(Orchestrator.java:78)
	at Orchestrator.OrchestratorTests.lambda$runOrchestratorInThread$0(OrchestratorTests.java:71)
	at java.base/java.lang.Thread.run(Thread.java:1583)
10:54:20.912 [Thread-1] ERROR Orchestrator.Orchestrator -- Event queue was interrupted
java.lang.InterruptedException: null
	at EventBus.EventQueue.take(EventQueue.java:58)
	at Orchestrator.Orchestrator.start(Orchestrator.java:78)
	at Orchestrator.OrchestratorTests.lambda$runOrchestratorInThread$0(OrchestratorTests.java:71)
	at java.base/java.lang.Thread.run(Thread.java:1583)
10:54:20.912 [Thread-2] ERROR Orchestrator.Orchestrator -- Event queue was interrupted
java.lang.InterruptedException: null
	at EventBus.EventQueue.take(EventQueue.java:58)
	at Orchestrator.Orchestrator.start(Orchestrator.java:78)
	at Orchestrator.OrchestratorTests.lambda$runOrchestratorInThread$0(OrchestratorTests.java:71)
	at java.base/java.lang.Thread.run(Thread.java:1583)
10:54:20.912 [Thread-1] ERROR Orchestrator.Orchestrator -- Event queue was interrupted
java.lang.InterruptedException: null
	at EventBus.EventQueue.take(EventQueue.java:58)
	at Orchestrator.Orchestrator.start(Orchestrator.java:78)
	at Orchestrator.OrchestratorTests.lambda$runOrchestratorInThread$0(OrchestratorTests.java:71)
	at java.base/java.lang.Thread.run(Thread.java:1583)
10:54:20.912 [Thread-2] ERROR Orchestrator.Orchestrator -- Event queue was interrupted
java.lang.InterruptedException: null
	at EventBus.EventQueue.take(EventQueue.java:58)
	at Orchestrator.Orchestrator.start(Orchestrator.java:78)
	at Orchestrator.OrchestratorTests.lambda$runOrchestratorInThread$0(OrchestratorTests.java:71)
	at java.base/java.lang.Thread.run(Thread.java:1583)
10:54:20.912 [Thread-1] ERROR Orchestrator.Orchestrator -- Event queue was interrupted
java.lang.InterruptedException: null
	at EventBus.EventQueue.take(EventQueue.java:58)
	at Orchestrator.Orchestrator.start(Orchestrator.java:78)
	at Orchestrator.OrchestratorTests.lambda$runOrchestratorInThread$0(OrchestratorTests.java:71)
	at java.base/java.lang.Thread.run(Thread.java:1583)
10:54:20.912 [Thread-2] ERROR Orchestrator.Orchestrator -- Event queue was interrupted
java.lang.InterruptedException: null
	at EventBus.EventQueue.take(EventQueue.java:58)
	at Orchestrator.Orchestrator.start(Orchestrator.java:78)
	at Orchestrator.OrchestratorTests.lambda$runOrchestratorInThread$0(OrchestratorTests.java:71)
	at java.base/java.lang.Thread.run(Thread.java:1583)
10:54:20.912 [Thread-1] ERROR Orchestrator.Orchestrator -- Event queue was interrupted
java.lang.InterruptedException: null
	at EventBus.EventQueue.take(EventQueue.java:58)
	at Orchestrator.Orchestrator.start(Orchestrator.java:78)
	at Orchestrator.OrchestratorTests.lambda$runOrchestratorInThread$0(OrchestratorTests.java:71)
	at java.base/java.lang.Thread.run(Thread.java:1583)
10:54:20.912 [Thread-2] ERROR Orchestrator.Orchestrator -- Event queue was interrupted
java.lang.InterruptedException: null
	at EventBus.EventQueue.take(EventQueue.java:58)
	at Orchestrator.Orchestrator.start(Orchestrator.java:78)
	at Orchestrator.OrchestratorTests.lambda$runOrchestratorInThread$0(OrchestratorTests.java:71)
	at java.base/java.lang.Thread.run(Thread.java:1583)
10:54:20.912 [Thread-1] ERROR Orchestrator.Orchestrator -- Event queue was interrupted
java.lang.InterruptedException: null
	at EventBus.EventQueue.take(EventQueue.java:58)
	at Orchestrator.Orchestrator.start(Orchestrator.java:78)
	at Orchestrator.OrchestratorTests.lambda$runOrchestratorInThread$0(OrchestratorTests.java:71)
	at java.base/java.lang.Thread.run(Thread.java:1583)
10:54:20.912 [Thread-2] ERROR Orchestrator.Orchestrator -- Event queue was interrupted
java.lang.InterruptedException: null
	at EventBus.EventQueue.take(EventQueue.java:58)
	at Orchestrator.Orchestrator.start(Orchestrator.java:78)
	at Orchestrator.OrchestratorTests.lambda$runOrchestratorInThread$0(OrchestratorTests.java:71)
	at java.base/java.lang.Thread.run(Thread.java:1583)
10:54:20.912 [Thread-1] ERROR Orchestrator.Orchestrator -- Event queue was interrupted
java.lang.InterruptedException: null
	at EventBus.EventQueue.take(EventQueue.java:58)
	at Orchestrator.Orchestrator.start(Orchestrator.java:78)
	at Orchestrator.OrchestratorTests.lambda$runOrchestratorInThread$0(OrchestratorTests.java:71)
	at java.base/java.lang.Thread.run(Thread.java:1583)
10:54:20.912 [Thread-2] ERROR Orchestrator.Orchestrator -- Event queue was interrupted
java.lang.InterruptedException: null
	at EventBus.EventQueue.take(EventQueue.java:58)
	at Orchestrator.Orchestrator.start(Orchestrator.java:78)
	at Orchestrator.OrchestratorTests.lambda$runOrchestratorInThread$0(OrchestratorTests.java:71)
	at java.base/java.lang.Thread.run(Thread.java:1583)
10:54:20.912 [Thread-1] ERROR Orchestrator.Orchestrator -- Event queue was interrupted
java.lang.InterruptedException: null
	at EventBus.EventQueue.take(EventQueue.java:58)
	at Orchestrator.Orchestrator.start(Orchestrator.java:78)
	at Orchestrator.OrchestratorTests.lambda$runOrchestratorInThread$0(OrchestratorTests.java:71)
	at java.base/java.lang.Thread.run(Thread.java:1583)
10:54:20.912 [Thread-2] ERROR Orchestrator.Orchestrator -- Event queue was interrupted
java.lang.InterruptedException: null
	at EventBus.EventQueue.take(EventQueue.java:58)
	at Orchestrator.Orchestrator.start(Orchestrator.java:78)
	at Orchestrator.OrchestratorTests.lambda$runOrchestratorInThread$0(OrchestratorTests.java:71)
	at java.base/java.lang.Thread.run(Thread.java:1583)
10:54:20.912 [Thread-1] ERROR Orchestrator.Orchestrator -- Event queue was interrupted
java.lang.InterruptedException: null
	at EventBus.EventQueue.take(EventQueue.java:58)
	at Orchestrator.Orchestrator.start(Orchestrator.java:78)
	at Orchestrator.OrchestratorTests.lambda$runOrchestratorInThread$0(OrchestratorTests.java:71)
	at java.base/java.lang.Thread.run(Thread.java:1583)
10:54:20.912 [Thread-2] ERROR Orchestrator.Orchestrator -- Event queue was interrupted
java.lang.InterruptedException: null
	at EventBus.EventQueue.take(EventQueue.java:58)
	at Orchestrator.Orchestrator.start(Orchestrator.java:78)
	at Orchestrator.OrchestratorTests.lambda$runOrchestratorInThread$0(OrchestratorTests.java:71)
	at java.base/java.lang.Thread.run(Thread.java:1583)
10:54:20.912 [Thread-1] ERROR Orchestrator.Orchestrator -- Event queue was interrupted
java.lang.InterruptedException: null
	at EventBus.EventQueue.take(EventQueue.java:58)
	at Orchestrator.Orchestrator.start(Orchestrator.java:78)
	at Orchestrator.OrchestratorTests.lambda$runOrchestratorInThread$0(OrchestratorTests.java:71)
	at java.base/java.lang.Thread.run(Thread.java:1583)
10:54:20.912 [Thread-2] ERROR Orchestrator.Orchestrator -- Event queue was interrupted
java.lang.InterruptedException: null
	at EventBus.EventQueue.take(EventQueue.java:58)
	at Orchestrator.Orchestrator.start(Orchestrator.java:78)
	at Orchestrator.OrchestratorTests.lambda$runOrchestratorInThread$0(OrchestratorTests.java:71)
	at java.base/java.lang.Thread.run(Thread.java:1583)
10:54:20.912 [Thread-1] ERROR Orchestrator.Orchestrator -- Event queue was interrupted
java.lang.InterruptedException: null
	at EventBus.EventQueue.take(EventQueue.java:58)
	at Orchestrator.Orchestrator.start(Orchestrator.java:78)
	at Orchestrator.OrchestratorTests.lambda$runOrchestratorInThread$0(OrchestratorTests.java:71)
	at java.base/java.lang.Thread.run(Thread.java:1583)
10:54:20.912 [Thread-2] ERROR Orchestrator.Orchestrator -- Event queue was interrupted
java.lang.InterruptedException: null
	at EventBus.EventQueue.take(EventQueue.java:58)
	at Orchestrator.Orchestrator.start(Orchestrator.java:78)
	at Orchestrator.OrchestratorTests.lambda$runOrchestratorInThread$0(OrchestratorTests.java:71)
	at java.base/java.lang.Thread.run(Thread.java:1583)
10:54:20.912 [Thread-1] ERROR Orchestrator.Orchestrator -- Event queue was interrupted
java.lang.InterruptedException: null
	at EventBus.EventQueue.take(EventQueue.java:58)
	at Orchestrator.Orchestrator.start(Orchestrator.java:78)
	at Orchestrator.OrchestratorTests.lambda$runOrchestratorInThread$0(OrchestratorTests.java:71)
	at java.base/java.lang.Thread.run(Thread.java:1583)
10:54:20.912 [Thread-2] ERROR Orchestrator.Orchestrator -- Event queue was interrupted
java.lang.InterruptedException: null
	at EventBus.EventQueue.take(EventQueue.java:58)
	at Orchestrator.Orchestrator.start(Orchestrator.java:78)
	at Orchestrator.OrchestratorTests.lambda$runOrchestratorInThread$0(OrchestratorTests.java:71)
	at java.base/java.lang.Thread.run(Thread.java:1583)
10:54:20.913 [Thread-1] ERROR Orchestrator.Orchestrator -- Event queue was interrupted
java.lang.InterruptedException: null
	at EventBus.EventQueue.take(EventQueue.java:58)
	at Orchestrator.Orchestrator.start(Orchestrator.java:78)
	at Orchestrator.OrchestratorTests.lambda$runOrchestratorInThread$0(OrchestratorTests.java:71)
	at java.base/java.lang.Thread.run(Thread.java:1583)
10:54:20.913 [Thread-2] ERROR Orchestrator.Orchestrator -- Event queue was interrupted
java.lang.InterruptedException: null
	at EventBus.EventQueue.take(EventQueue.java:58)
	at Orchestrator.Orchestrator.start(Orchestrator.java:78)
	at Orchestrator.OrchestratorTests.lambda$runOrchestratorInThread$0(OrchestratorTests.java:71)
	at java.base/java.lang.Thread.run(Thread.java:1583)
10:54:20.913 [Thread-1] ERROR Orchestrator.Orchestrator -- Event queue was interrupted
java.lang.InterruptedException: null
	at EventBus.EventQueue.take(EventQueue.java:58)
	at Orchestrator.Orchestrator.start(Orchestrator.java:78)
	at Orchestrator.OrchestratorTests.lambda$runOrchestratorInThread$0(OrchestratorTests.java:71)
	at java.base/java.lang.Thread.run(Thread.java:1583)
10:54:20.913 [Thread-2] ERROR Orchestrator.Orchestrator -- Event queue was interrupted
java.lang.InterruptedException: null
	at EventBus.EventQueue.take(EventQueue.java:58)
	at Orchestrator.Orchestrator.start(Orchestrator.java:78)
	at Orchestrator.OrchestratorTests.lambda$runOrchestratorInThread$0(OrchestratorTests.java:71)
	at java.base/java.lang.Thread.run(Thread.java:1583)
10:54:20.913 [Thread-1] ERROR Orchestrator.Orchestrator -- Event queue was interrupted
java.lang.InterruptedException: null
	at EventBus.EventQueue.take(EventQueue.java:58)
	at Orchestrator.Orchestrator.start(Orchestrator.java:78)
	at Orchestrator.OrchestratorTests.lambda$runOrchestratorInThread$0(OrchestratorTests.java:71)
	at java.base/java.lang.Thread.run(Thread.java:1583)
10:54:20.913 [Thread-2] ERROR Orchestrator.Orchestrator -- Event queue was interrupted
java.lang.InterruptedException: null
	at EventBus.EventQueue.take(EventQueue.java:58)
	at Orchestrator.Orchestrator.start(Orchestrator.java:78)
	at Orchestrator.OrchestratorTests.lambda$runOrchestratorInThread$0(OrchestratorTests.java:71)
	at java.base/java.lang.Thread.run(Thread.java:1583)
10:54:20.913 [Thread-1] ERROR Orchestrator.Orchestrator -- Event queue was interrupted
java.lang.InterruptedException: null
	at EventBus.EventQueue.take(EventQueue.java:58)
	at Orchestrator.Orchestrator.start(Orchestrator.java:78)
	at Orchestrator.OrchestratorTests.lambda$runOrchestratorInThread$0(OrchestratorTests.java:71)
	at java.base/java.lang.Thread.run(Thread.java:1583)
10:54:20.913 [Thread-2] ERROR Orchestrator.Orchestrator -- Event queue was interrupted
java.lang.InterruptedException: null
	at EventBus.EventQueue.take(EventQueue.java:58)
	at Orchestrator.Orchestrator.start(Orchestrator.java:78)
	at Orchestrator.OrchestratorTests.lambda$runOrchestratorInThread$0(OrchestratorTests.java:71)
	at java.base/java.lang.Thread.run(Thread.java:1583)
10:54:20.913 [Thread-1] ERROR Orchestrator.Orchestrator -- Event queue was interrupted
java.lang.InterruptedException: null
	at EventBus.EventQueue.take(EventQueue.java:58)
	at Orchestrator.Orchestrator.start(Orchestrator.java:78)
	at Orchestrator.OrchestratorTests.lambda$runOrchestratorInThread$0(OrchestratorTests.java:71)
	at java.base/java.lang.Thread.run(Thread.java:1583)
10:54:20.913 [Thread-2] ERROR Orchestrator.Orchestrator -- Event queue was interrupted
java.lang.InterruptedException: null
	at EventBus.EventQueue.take(EventQueue.java:58)
	at Orchestrator.Orchestrator.start(Orchestrator.java:78)
	at Orchestrator.OrchestratorTests.lambda$runOrchestratorInThread$0(OrchestratorTests.java:71)
	at java.base/java.lang.Thread.run(Thread.java:1583)
10:54:20.913 [Thread-1] ERROR Orchestrator.Orchestrator -- Event queue was interrupted
java.lang.InterruptedException: null
	at EventBus.EventQueue.take(EventQueue.java:58)
	at Orchestrator.Orchestrator.start(Orchestrator.java:78)
	at Orchestrator.OrchestratorTests.lambda$runOrchestratorInThread$0(OrchestratorTests.java:71)
	at java.base/java.lang.Thread.run(Thread.java:1583)
10:54:20.913 [Thread-2] ERROR Orchestrator.Orchestrator -- Event queue was interrupted
java.lang.InterruptedException: null
	at EventBus.EventQueue.take(EventQueue.java:58)
	at Orchestrator.Orchestrator.start(Orchestrator.java:78)
	at Orchestrator.OrchestratorTests.lambda$runOrchestratorInThread$0(OrchestratorTests.java:71)
	at java.base/java.lang.Thread.run(Thread.java:1583)
10:54:20.913 [Thread-1] ERROR Orchestrator.Orchestrator -- Event queue was interrupted
java.lang.InterruptedException: null
	at EventBus.EventQueue.take(EventQueue.java:58)
	at Orchestrator.Orchestrator.start(Orchestrator.java:78)
	at Orchestrator.OrchestratorTests.lambda$runOrchestratorInThread$0(OrchestratorTests.java:71)
	at java.base/java.lang.Thread.run(Thread.java:1583)
10:54:20.913 [Thread-2] ERROR Orchestrator.Orchestrator -- Event queue was interrupted
java.lang.InterruptedException: null
	at EventBus.EventQueue.take(EventQueue.java:58)
	at Orchestrator.Orchestrator.start(Orchestrator.java:78)
	at Orchestrator.OrchestratorTests.lambda$runOrchestratorInThread$0(OrchestratorTests.java:71)
	at java.base/java.lang.Thread.run(Thread.java:1583)
10:54:20.913 [Thread-1] ERROR Orchestrator.Orchestrator -- Event queue was interrupted
java.lang.InterruptedException: null
	at EventBus.EventQueue.take(EventQueue.java:58)
	at Orchestrator.Orchestrator.start(Orchestrator.java:78)
	at Orchestrator.OrchestratorTests.lambda$runOrchestratorInThread$0(OrchestratorTests.java:71)
	at java.base/java.lang.Thread.run(Thread.java:1583)
10:54:20.913 [Thread-2] ERROR Orchestrator.Orchestrator -- Event queue was interrupted
java.lang.InterruptedException: null
	at EventBus.EventQueue.take(EventQueue.java:58)
	at Orchestrator.Orchestrator.start(Orchestrator.java:78)
	at Orchestrator.OrchestratorTests.lambda$runOrchestratorInThread$0(OrchestratorTests.java:71)
	at java.base/java.lang.Thread.run(Thread.java:1583)
10:54:20.913 [Thread-1] ERROR Orchestrator.Orchestrator -- Event queue was interrupted
java.lang.InterruptedException: null
	at EventBus.EventQueue.take(EventQueue.java:58)
	at Orchestrator.Orchestrator.start(Orchestrator.java:78)
	at Orchestrator.OrchestratorTests.lambda$runOrchestratorInThread$0(OrchestratorTests.java:71)
	at java.base/java.lang.Thread.run(Thread.java:1583)
10:54:20.913 [Thread-2] ERROR Orchestrator.Orchestrator -- Event queue was interrupted
java.lang.InterruptedException: null
	at EventBus.EventQueue.take(EventQueue.java:58)
	at Orchestrator.Orchestrator.start(Orchestrator.java:78)
	at Orchestrator.OrchestratorTests.lambda$runOrchestratorInThread$0(OrchestratorTests.java:71)
	at java.base/java.lang.Thread.run(Thread.java:1583)
10:54:20.913 [Thread-1] ERROR Orchestrator.Orchestrator -- Event queue was interrupted
java.lang.InterruptedException: null
	at EventBus.EventQueue.take(EventQueue.java:58)
	at Orchestrator.Orchestrator.start(Orchestrator.java:78)
	at Orchestrator.OrchestratorTests.lambda$runOrchestratorInThread$0(OrchestratorTests.java:71)
	at java.base/java.lang.Thread.run(Thread.java:1583)
10:54:20.913 [Thread-2] ERROR Orchestrator.Orchestrator -- Event queue was interrupted
java.lang.InterruptedException: null
	at EventBus.EventQueue.take(EventQueue.java:58)
	at Orchestrator.Orchestrator.start(Orchestrator.java:78)
	at Orchestrator.OrchestratorTests.lambda$runOrchestratorInThread$0(OrchestratorTests.java:71)
	at java.base/java.lang.Thread.run(Thread.java:1583)
10:54:20.914 [Thread-1] ERROR Orchestrator.Orchestrator -- Event queue was interrupted
java.lang.InterruptedException: null
	at EventBus.EventQueue.take(EventQueue.java:58)
	at Orchestrator.Orchestrator.start(Orchestrator.java:78)
	at Orchestrator.OrchestratorTests.lambda$runOrchestratorInThread$0(OrchestratorTests.java:71)
	at java.base/java.lang.Thread.run(Thread.java:1583)
10:54:20.914 [Thread-2] ERROR Orchestrator.Orchestrator -- Event queue was interrupted
java.lang.InterruptedException: null
	at EventBus.EventQueue.take(EventQueue.java:58)
	at Orchestrator.Orchestrator.start(Orchestrator.java:78)
	at Orchestrator.OrchestratorTests.lambda$runOrchestratorInThread$0(OrchestratorTests.java:71)
	at java.base/java.lang.Thread.run(Thread.java:1583)
10:54:20.914 [Thread-1] ERROR Orchestrator.Orchestrator -- Event queue was interrupted
java.lang.InterruptedException: null
	at EventBus.EventQueue.take(EventQueue.java:58)
	at Orchestrator.Orchestrator.start(Orchestrator.java:78)
	at Orchestrator.OrchestratorTests.lambda$runOrchestratorInThread$0(OrchestratorTests.java:71)
	at java.base/java.lang.Thread.run(Thread.java:1583)
10:54:20.914 [Thread-2] ERROR Orchestrator.Orchestrator -- Event queue was interrupted
java.lang.InterruptedException: null
	at EventBus.EventQueue.take(EventQueue.java:58)
	at Orchestrator.Orchestrator.start(Orchestrator.java:78)
	at Orchestrator.OrchestratorTests.lambda$runOrchestratorInThread$0(OrchestratorTests.java:71)
	at java.base/java.lang.Thread.run(Thread.java:1583)
10:54:20.914 [Thread-1] ERROR Orchestrator.Orchestrator -- Event queue was interrupted
java.lang.InterruptedException: null
	at EventBus.EventQueue.take(EventQueue.java:58)
	at Orchestrator.Orchestrator.start(Orchestrator.java:78)
	at Orchestrator.OrchestratorTests.lambda$runOrchestratorInThread$0(OrchestratorTests.java:71)
	at java.base/java.lang.Thread.run(Thread.java:1583)
10:54:20.914 [Thread-2] ERROR Orchestrator.Orchestrator -- Event queue was interrupted
java.lang.InterruptedException: null
	at EventBus.EventQueue.take(EventQueue.java:58)
	at Orchestrator.Orchestrator.start(Orchestrator.java:78)
	at Orchestrator.OrchestratorTests.lambda$runOrchestratorInThread$0(OrchestratorTests.java:71)
	at java.base/java.lang.Thread.run(Thread.java:1583)
10:54:20.914 [Thread-1] ERROR Orchestrator.Orchestrator -- Event queue was interrupted
java.lang.InterruptedException: null
	at EventBus.EventQueue.take(EventQueue.java:58)
	at Orchestrator.Orchestrator.start(Orchestrator.java:78)
	at Orchestrator.OrchestratorTests.lambda$runOrchestratorInThread$0(OrchestratorTests.java:71)
	at java.base/java.lang.Thread.run(Thread.java:1583)
10:54:20.914 [Thread-2] ERROR Orchestrator.Orchestrator -- Event queue was interrupted
java.lang.InterruptedException: null
	at EventBus.EventQueue.take(EventQueue.java:58)
	at Orchestrator.Orchestrator.start(Orchestrator.java:78)
	at Orchestrator.OrchestratorTests.lambda$runOrchestratorInThread$0(OrchestratorTests.java:71)
	at java.base/java.lang.Thread.run(Thread.java:1583)
10:54:20.914 [Thread-1] ERROR Orchestrator.Orchestrator -- Event queue was interrupted
java.lang.InterruptedException: null
	at EventBus.EventQueue.take(EventQueue.java:58)
	at Orchestrator.Orchestrator.start(Orchestrator.java:78)
	at Orchestrator.OrchestratorTests.lambda$runOrchestratorInThread$0(OrchestratorTests.java:71)
	at java.base/java.lang.Thread.run(Thread.java:1583)
10:54:20.914 [Thread-2] ERROR Orchestrator.Orchestrator -- Event queue was interrupted
java.lang.InterruptedException: null
	at EventBus.EventQueue.take(EventQueue.java:58)
	at Orchestrator.Orchestrator.start(Orchestrator.java:78)
	at Orchestrator.OrchestratorTests.lambda$runOrchestratorInThread$0(OrchestratorTests.java:71)
	at java.base/java.lang.Thread.run(Thread.java:1583)
10:54:20.914 [Thread-1] ERROR Orchestrator.Orchestrator -- Event queue was interrupted
java.lang.InterruptedException: null
	at EventBus.EventQueue.take(EventQueue.java:58)
	at Orchestrator.Orchestrator.start(Orchestrator.java:78)
	at Orchestrator.OrchestratorTests.lambda$runOrchestratorInThread$0(OrchestratorTests.java:71)
	at java.base/java.lang.Thread.run(Thread.java:1583)
10:54:20.914 [Thread-2] ERROR Orchestrator.Orchestrator -- Event queue was interrupted
java.lang.InterruptedException: null
	at EventBus.EventQueue.take(EventQueue.java:58)
	at Orchestrator.Orchestrator.start(Orchestrator.java:78)
	at Orchestrator.OrchestratorTests.lambda$runOrchestratorInThread$0(OrchestratorTests.java:71)
	at java.base/java.lang.Thread.run(Thread.java:1583)
10:54:20.914 [Thread-1] ERROR Orchestrator.Orchestrator -- Event queue was interrupted
java.lang.InterruptedException: null
	at EventBus.EventQueue.take(EventQueue.java:58)
	at Orchestrator.Orchestrator.start(Orchestrator.java:78)
	at Orchestrator.OrchestratorTests.lambda$runOrchestratorInThread$0(OrchestratorTests.java:71)
	at java.base/java.lang.Thread.run(Thread.java:1583)
10:54:20.914 [Thread-2] ERROR Orchestrator.Orchestrator -- Event queue was interrupted
java.lang.InterruptedException: null
	at EventBus.EventQueue.take(EventQueue.java:58)
	at Orchestrator.Orchestrator.start(Orchestrator.java:78)
	at Orchestrator.OrchestratorTests.lambda$runOrchestratorInThread$0(OrchestratorTests.java:71)
	at java.base/java.lang.Thread.run(Thread.java:1583)
10:54:20.914 [Thread-1] ERROR Orchestrator.Orchestrator -- Event queue was interrupted
java.lang.InterruptedException: null
	at EventBus.EventQueue.take(EventQueue.java:58)
	at Orchestrator.Orchestrator.start(Orchestrator.java:78)
	at Orchestrator.OrchestratorTests.lambda$runOrchestratorInThread$0(OrchestratorTests.java:71)
	at java.base/java.lang.Thread.run(Thread.java:1583)
10:54:20.914 [Thread-2] ERROR Orchestrator.Orchestrator -- Event queue was interrupted
java.lang.InterruptedException: null
	at EventBus.EventQueue.take(EventQueue.java:58)
	at Orchestrator.Orchestrator.start(Orchestrator.java:78)
	at Orchestrator.OrchestratorTests.lambda$runOrchestratorInThread$0(OrchestratorTests.java:71)
	at java.base/java.lang.Thread.run(Thread.java:1583)
10:54:20.914 [Thread-1] ERROR Orchestrator.Orchestrator -- Event queue was interrupted
java.lang.InterruptedException: null
	at EventBus.EventQueue.take(EventQueue.java:58)
	at Orchestrator.Orchestrator.start(Orchestrator.java:78)
	at Orchestrator.OrchestratorTests.lambda$runOrchestratorInThread$0(OrchestratorTests.java:71)
	at java.base/java.lang.Thread.run(Thread.java:1583)
10:54:20.914 [Thread-2] ERROR Orchestrator.Orchestrator -- Event queue was interrupted
java.lang.InterruptedException: null
	at EventBus.EventQueue.take(EventQueue.java:58)
	at Orchestrator.Orchestrator.start(Orchestrator.java:78)
	at Orchestrator.OrchestratorTests.lambda$runOrchestratorInThread$0(OrchestratorTests.java:71)
	at java.base/java.lang.Thread.run(Thread.java:1583)
10:54:20.914 [Thread-1] ERROR Orchestrator.Orchestrator -- Event queue was interrupted
java.lang.InterruptedException: null
	at EventBus.EventQueue.take(EventQueue.java:58)
	at Orchestrator.Orchestrator.start(Orchestrator.java:78)
	at Orchestrator.OrchestratorTests.lambda$runOrchestratorInThread$0(OrchestratorTests.java:71)
	at java.base/java.lang.Thread.run(Thread.java:1583)
10:54:20.914 [Thread-2] ERROR Orchestrator.Orchestrator -- Event queue was interrupted
java.lang.InterruptedException: null
	at EventBus.EventQueue.take(EventQueue.java:58)
	at Orchestrator.Orchestrator.start(Orchestrator.java:78)
	at Orchestrator.OrchestratorTests.lambda$runOrchestratorInThread$0(OrchestratorTests.java:71)
	at java.base/java.lang.Thread.run(Thread.java:1583)
10:54:20.914 [Thread-1] ERROR Orchestrator.Orchestrator -- Event queue was interrupted
java.lang.InterruptedException: null
	at EventBus.EventQueue.take(EventQueue.java:58)
	at Orchestrator.Orchestrator.start(Orchestrator.java:78)
	at Orchestrator.OrchestratorTests.lambda$runOrchestratorInThread$0(OrchestratorTests.java:71)
	at java.base/java.lang.Thread.run(Thread.java:1583)
10:54:20.914 [Thread-2] ERROR Orchestrator.Orchestrator -- Event queue was interrupted
java.lang.InterruptedException: null
	at EventBus.EventQueue.take(EventQueue.java:58)
	at Orchestrator.Orchestrator.start(Orchestrator.java:78)
	at Orchestrator.OrchestratorTests.lambda$runOrchestratorInThread$0(OrchestratorTests.java:71)
	at java.base/java.lang.Thread.run(Thread.java:1583)
10:54:20.914 [Thread-1] ERROR Orchestrator.Orchestrator -- Event queue was interrupted
java.lang.InterruptedException: null
	at EventBus.EventQueue.take(EventQueue.java:58)
	at Orchestrator.Orchestrator.start(Orchestrator.java:78)
	at Orchestrator.OrchestratorTests.lambda$runOrchestratorInThread$0(OrchestratorTests.java:71)
	at java.base/java.lang.Thread.run(Thread.java:1583)
10:54:20.915 [Thread-1] ERROR Orchestrator.Orchestrator -- Event queue was interrupted
java.lang.InterruptedException: null
	at EventBus.EventQueue.take(EventQueue.java:58)
	at Orchestrator.Orchestrator.start(Orchestrator.java:78)
	at Orchestrator.OrchestratorTests.lambda$runOrchestratorInThread$0(OrchestratorTests.java:71)
	at java.base/java.lang.Thread.run(Thread.java:1583)
10:54:20.915 [Thread-1] ERROR Orchestrator.Orchestrator -- Event queue was interrupted
java.lang.InterruptedException: null
	at EventBus.EventQueue.take(EventQueue.java:58)
	at Orchestrator.Orchestrator.start(Orchestrator.java:78)
	at Orchestrator.OrchestratorTests.lambda$runOrchestratorInThread$0(OrchestratorTests.java:71)
	at java.base/java.lang.Thread.run(Thread.java:1583)
10:54:20.915 [Thread-1] ERROR Orchestrator.Orchestrator -- Event queue was interrupted
java.lang.InterruptedException: null
	at EventBus.EventQueue.take(EventQueue.java:58)
	at Orchestrator.Orchestrator.start(Orchestrator.java:78)
	at Orchestrator.OrchestratorTests.lambda$runOrchestratorInThread$0(OrchestratorTests.java:71)
	at java.base/java.lang.Thread.run(Thread.java:1583)
10:54:20.915 [Thread-1] ERROR Orchestrator.Orchestrator -- Event queue was interrupted
java.lang.InterruptedException: null
	at EventBus.EventQueue.take(EventQueue.java:58)
	at Orchestrator.Orchestrator.start(Orchestrator.java:78)
	at Orchestrator.OrchestratorTests.lambda$runOrchestratorInThread$0(OrchestratorTests.java:71)
	at java.base/java.lang.Thread.run(Thread.java:1583)
10:54:20.915 [Thread-1] ERROR Orchestrator.Orchestrator -- Event queue was interrupted
java.lang.InterruptedException: null
	at EventBus.EventQueue.take(EventQueue.java:58)
	at Orchestrator.Orchestrator.start(Orchestrator.java:78)
	at Orchestrator.OrchestratorTests.lambda$runOrchestratorInThread$0(OrchestratorTests.java:71)
	at java.base/java.lang.Thread.run(Thread.java:1583)
10:54:20.915 [Thread-1] ERROR Orchestrator.Orchestrator -- Event queue was interrupted
java.lang.InterruptedException: null
	at EventBus.EventQueue.take(EventQueue.java:58)
	at Orchestrator.Orchestrator.start(Orchestrator.java:78)
	at Orchestrator.OrchestratorTests.lambda$runOrchestratorInThread$0(OrchestratorTests.java:71)
	at java.base/java.lang.Thread.run(Thread.java:1583)
10:54:20.915 [Thread-1] ERROR Orchestrator.Orchestrator -- Event queue was interrupted
java.lang.InterruptedException: null
	at EventBus.EventQueue.take(EventQueue.java:58)
	at Orchestrator.Orchestrator.start(Orchestrator.java:78)
	at Orchestrator.OrchestratorTests.lambda$runOrchestratorInThread$0(OrchestratorTests.java:71)
	at java.base/java.lang.Thread.run(Thread.java:1583)
10:54:20.915 [Thread-1] ERROR Orchestrator.Orchestrator -- Event queue was interrupted
java.lang.InterruptedException: null
	at EventBus.EventQueue.take(EventQueue.java:58)
	at Orchestrator.Orchestrator.start(Orchestrator.java:78)
	at Orchestrator.OrchestratorTests.lambda$runOrchestratorInThread$0(OrchestratorTests.java:71)
	at java.base/java.lang.Thread.run(Thread.java:1583)
10:54:20.915 [Thread-1] ERROR Orchestrator.Orchestrator -- Event queue was interrupted
java.lang.InterruptedException: null
	at EventBus.EventQueue.take(EventQueue.java:58)
	at Orchestrator.Orchestrator.start(Orchestrator.java:78)
	at Orchestrator.OrchestratorTests.lambda$runOrchestratorInThread$0(OrchestratorTests.java:71)
	at java.base/java.lang.Thread.run(Thread.java:1583)
10:54:20.915 [Thread-1] ERROR Orchestrator.Orchestrator -- Event queue was interrupted
java.lang.InterruptedException: null
	at EventBus.EventQueue.take(EventQueue.java:58)
	at Orchestrator.Orchestrator.start(Orchestrator.java:78)
	at Orchestrator.OrchestratorTests.lambda$runOrchestratorInThread$0(OrchestratorTests.java:71)
	at java.base/java.lang.Thread.run(Thread.java:1583)
10:54:20.915 [Thread-1] ERROR Orchestrator.Orchestrator -- Event queue was interrupted
java.lang.InterruptedException: null
	at EventBus.EventQueue.take(EventQueue.java:58)
	at Orchestrator.Orchestrator.start(Orchestrator.java:78)
	at Orchestrator.OrchestratorTests.lambda$runOrchestratorInThread$0(OrchestratorTests.java:71)
	at java.base/java.lang.Thread.run(Thread.java:1583)
10:54:20.915 [Thread-1] ERROR Orchestrator.Orchestrator -- Event queue was interrupted
java.lang.InterruptedException: null
	at EventBus.EventQueue.take(EventQueue.java:58)
	at Orchestrator.Orchestrator.start(Orchestrator.java:78)
	at Orchestrator.OrchestratorTests.lambda$runOrchestratorInThread$0(OrchestratorTests.java:71)
	at java.base/java.lang.Thread.run(Thread.java:1583)
10:54:20.915 [Thread-1] ERROR Orchestrator.Orchestrator -- Event queue was interrupted
java.lang.InterruptedException: null
	at EventBus.EventQueue.take(EventQueue.java:58)
	at Orchestrator.Orchestrator.start(Orchestrator.java:78)
	at Orchestrator.OrchestratorTests.lambda$runOrchestratorInThread$0(OrchestratorTests.java:71)
	at java.base/java.lang.Thread.run(Thread.java:1583)
10:54:20.915 [Thread-1] ERROR Orchestrator.Orchestrator -- Event queue was interrupted
java.lang.InterruptedException: null
	at EventBus.EventQueue.take(EventQueue.java:58)
	at Orchestrator.Orchestrator.start(Orchestrator.java:78)
	at Orchestrator.OrchestratorTests.lambda$runOrchestratorInThread$0(OrchestratorTests.java:71)
	at java.base/java.lang.Thread.run(Thread.java:1583)
10:54:20.916 [Thread-1] ERROR Orchestrator.Orchestrator -- Event queue was interrupted
java.lang.InterruptedException: null
	at EventBus.EventQueue.take(EventQueue.java:58)
	at Orchestrator.Orchestrator.start(Orchestrator.java:78)
	at Orchestrator.OrchestratorTests.lambda$runOrchestratorInThread$0(OrchestratorTests.java:71)
	at java.base/java.lang.Thread.run(Thread.java:1583)
10:54:20.916 [Thread-1] ERROR Orchestrator.Orchestrator -- Event queue was interrupted
java.lang.InterruptedException: null
	at EventBus.EventQueue.take(EventQueue.java:58)
	at Orchestrator.Orchestrator.start(Orchestrator.java:78)
	at Orchestrator.OrchestratorTests.lambda$runOrchestratorInThread$0(OrchestratorTests.java:71)
	at java.base/java.lang.Thread.run(Thread.java:1583)
10:54:20.916 [Thread-1] ERROR Orchestrator.Orchestrator -- Event queue was interrupted
java.lang.InterruptedException: null
	at EventBus.EventQueue.take(EventQueue.java:58)
	at Orchestrator.Orchestrator.start(Orchestrator.java:78)
	at Orchestrator.OrchestratorTests.lambda$runOrchestratorInThread$0(OrchestratorTests.java:71)
	at java.base/java.lang.Thread.run(Thread.java:1583)
10:54:20.916 [Thread-1] ERROR Orchestrator.Orchestrator -- Event queue was interrupted
java.lang.InterruptedException: null
	at EventBus.EventQueue.take(EventQueue.java:58)
	at Orchestrator.Orchestrator.start(Orchestrator.java:78)
	at Orchestrator.OrchestratorTests.lambda$runOrchestratorInThread$0(OrchestratorTests.java:71)
	at java.base/java.lang.Thread.run(Thread.java:1583)
10:54:20.916 [Thread-1] ERROR Orchestrator.Orchestrator -- Event queue was interrupted
java.lang.InterruptedException: null
	at EventBus.EventQueue.take(EventQueue.java:58)
	at Orchestrator.Orchestrator.start(Orchestrator.java:78)
	at Orchestrator.OrchestratorTests.lambda$runOrchestratorInThread$0(OrchestratorTests.java:71)
	at java.base/java.lang.Thread.run(Thread.java:1583)
10:54:20.916 [Thread-1] ERROR Orchestrator.Orchestrator -- Event queue was interrupted
java.lang.InterruptedException: null
	at EventBus.EventQueue.take(EventQueue.java:58)
	at Orchestrator.Orchestrator.start(Orchestrator.java:78)
	at Orchestrator.OrchestratorTests.lambda$runOrchestratorInThread$0(OrchestratorTests.java:71)
	at java.base/java.lang.Thread.run(Thread.java:1583)
10:54:20.916 [Thread-1] ERROR Orchestrator.Orchestrator -- Event queue was interrupted
java.lang.InterruptedException: null
	at EventBus.EventQueue.take(EventQueue.java:58)
	at Orchestrator.Orchestrator.start(Orchestrator.java:78)
	at Orchestrator.OrchestratorTests.lambda$runOrchestratorInThread$0(OrchestratorTests.java:71)
	at java.base/java.lang.Thread.run(Thread.java:1583)
10:54:20.916 [Thread-1] ERROR Orchestrator.Orchestrator -- Event queue was interrupted
java.lang.InterruptedException: null
	at EventBus.EventQueue.take(EventQueue.java:58)
	at Orchestrator.Orchestrator.start(Orchestrator.java:78)
	at Orchestrator.OrchestratorTests.lambda$runOrchestratorInThread$0(OrchestratorTests.java:71)
	at java.base/java.lang.Thread.run(Thread.java:1583)
10:54:20.916 [Thread-1] ERROR Orchestrator.Orchestrator -- Event queue was interrupted
java.lang.InterruptedException: null
	at EventBus.EventQueue.take(EventQueue.java:58)
	at Orchestrator.Orchestrator.start(Orchestrator.java:78)
	at Orchestrator.OrchestratorTests.lambda$runOrchestratorInThread$0(OrchestratorTests.java:71)
	at java.base/java.lang.Thread.run(Thread.java:1583)
10:54:20.916 [Thread-1] ERROR Orchestrator.Orchestrator -- Event queue was interrupted
java.lang.InterruptedException: null
	at EventBus.EventQueue.take(EventQueue.java:58)
	at Orchestrator.Orchestrator.start(Orchestrator.java:78)
	at Orchestrator.OrchestratorTests.lambda$runOrchestratorInThread$0(OrchestratorTests.java:71)
	at java.base/java.lang.Thread.run(Thread.java:1583)
10:54:20.916 [Thread-1] ERROR Orchestrator.Orchestrator -- Event queue was interrupted
java.lang.InterruptedException: null
	at EventBus.EventQueue.take(EventQueue.java:58)
	at Orchestrator.Orchestrator.start(Orchestrator.java:78)
	at Orchestrator.OrchestratorTests.lambda$runOrchestratorInThread$0(OrchestratorTests.java:71)
	at java.base/java.lang.Thread.run(Thread.java:1583)
10:54:20.916 [Thread-1] ERROR Orchestrator.Orchestrator -- Event queue was interrupted
java.lang.InterruptedException: null
	at EventBus.EventQueue.take(EventQueue.java:58)
	at Orchestrator.Orchestrator.start(Orchestrator.java:78)
	at Orchestrator.OrchestratorTests.lambda$runOrchestratorInThread$0(OrchestratorTests.java:71)
	at java.base/java.lang.Thread.run(Thread.java:1583)
10:54:20.914 [Thread-2] ERROR Orchestrator.Orchestrator -- Event queue was interrupted
java.lang.InterruptedException: null
	at EventBus.EventQueue.take(EventQueue.java:58)
	at Orchestrator.Orchestrator.start(Orchestrator.java:78)
	at Orchestrator.OrchestratorTests.lambda$runOrchestratorInThread$0(OrchestratorTests.java:71)
	at java.base/java.lang.Thread.run(Thread.java:1583)
10:54:20.916 [Thread-1] ERROR Orchestrator.Orchestrator -- Event queue was interrupted
java.lang.InterruptedException: null
	at EventBus.EventQueue.take(EventQueue.java:58)
	at Orchestrator.Orchestrator.start(Orchestrator.java:78)
	at Orchestrator.OrchestratorTests.lambda$runOrchestratorInThread$0(OrchestratorTests.java:71)
	at java.base/java.lang.Thread.run(Thread.java:1583)
10:54:20.916 [Thread-1] ERROR Orchestrator.Orchestrator -- Event queue was interrupted
java.lang.InterruptedException: null
	at EventBus.EventQueue.take(EventQueue.java:58)
	at Orchestrator.Orchestrator.start(Orchestrator.java:78)
	at Orchestrator.OrchestratorTests.lambda$runOrchestratorInThread$0(OrchestratorTests.java:71)
	at java.base/java.lang.Thread.run(Thread.java:1583)
10:54:20.916 [Thread-2] ERROR Orchestrator.Orchestrator -- Event queue was interrupted
java.lang.InterruptedException: null
	at EventBus.EventQueue.take(EventQueue.java:58)
	at Orchestrator.Orchestrator.start(Orchestrator.java:78)
	at Orchestrator.OrchestratorTests.lambda$runOrchestratorInThread$0(OrchestratorTests.java:71)
	at java.base/java.lang.Thread.run(Thread.java:1583)
10:54:20.916 [Thread-1] ERROR Orchestrator.Orchestrator -- Event queue was interrupted
java.lang.InterruptedException: null
	at EventBus.EventQueue.take(EventQueue.java:58)
	at Orchestrator.Orchestrator.start(Orchestrator.java:78)
	at Orchestrator.OrchestratorTests.lambda$runOrchestratorInThread$0(OrchestratorTests.java:71)
	at java.base/java.lang.Thread.run(Thread.java:1583)
10:54:20.917 [Thread-2] ERROR Orchestrator.Orchestrator -- Event queue was interrupted
java.lang.InterruptedException: null
	at EventBus.EventQueue.take(EventQueue.java:58)
	at Orchestrator.Orchestrator.start(Orchestrator.java:78)
	at Orchestrator.OrchestratorTests.lambda$runOrchestratorInThread$0(OrchestratorTests.java:71)
	at java.base/java.lang.Thread.run(Thread.java:1583)
10:54:20.917 [Thread-1] ERROR Orchestrator.Orchestrator -- Event queue was interrupted
java.lang.InterruptedException: null
	at EventBus.EventQueue.take(EventQueue.java:58)
	at Orchestrator.Orchestrator.start(Orchestrator.java:78)
	at Orchestrator.OrchestratorTests.lambda$runOrchestratorInThread$0(OrchestratorTests.java:71)
	at java.base/java.lang.Thread.run(Thread.java:1583)
10:54:20.917 [Thread-2] ERROR Orchestrator.Orchestrator -- Event queue was interrupted
java.lang.InterruptedException: null
	at EventBus.EventQueue.take(EventQueue.java:58)
	at Orchestrator.Orchestrator.start(Orchestrator.java:78)
	at Orchestrator.OrchestratorTests.lambda$runOrchestratorInThread$0(OrchestratorTests.java:71)
	at java.base/java.lang.Thread.run(Thread.java:1583)
10:54:20.917 [Thread-1] ERROR Orchestrator.Orchestrator -- Event queue was interrupted
java.lang.InterruptedException: null
	at EventBus.EventQueue.take(EventQueue.java:58)
	at Orchestrator.Orchestrator.start(Orchestrator.java:78)
	at Orchestrator.OrchestratorTests.lambda$runOrchestratorInThread$0(OrchestratorTests.java:71)
	at java.base/java.lang.Thread.run(Thread.java:1583)
10:54:20.917 [Thread-2] ERROR Orchestrator.Orchestrator -- Event queue was interrupted
java.lang.InterruptedException: null
	at EventBus.EventQueue.take(EventQueue.java:58)
	at Orchestrator.Orchestrator.start(Orchestrator.java:78)
	at Orchestrator.OrchestratorTests.lambda$runOrchestratorInThread$0(OrchestratorTests.java:71)
	at java.base/java.lang.Thread.run(Thread.java:1583)
10:54:20.917 [Thread-1] ERROR Orchestrator.Orchestrator -- Event queue was interrupted
java.lang.InterruptedException: null
	at EventBus.EventQueue.take(EventQueue.java:58)
	at Orchestrator.Orchestrator.start(Orchestrator.java:78)
	at Orchestrator.OrchestratorTests.lambda$runOrchestratorInThread$0(OrchestratorTests.java:71)
	at java.base/java.lang.Thread.run(Thread.java:1583)
10:54:20.917 [Thread-2] ERROR Orchestrator.Orchestrator -- Event queue was interrupted
java.lang.InterruptedException: null
	at EventBus.EventQueue.take(EventQueue.java:58)
	at Orchestrator.Orchestrator.start(Orchestrator.java:78)
	at Orchestrator.OrchestratorTests.lambda$runOrchestratorInThread$0(OrchestratorTests.java:71)
	at java.base/java.lang.Thread.run(Thread.java:1583)
10:54:20.917 [Thread-1] ERROR Orchestrator.Orchestrator -- Event queue was interrupted
java.lang.InterruptedException: null
	at EventBus.EventQueue.take(EventQueue.java:58)
	at Orchestrator.Orchestrator.start(Orchestrator.java:78)
	at Orchestrator.OrchestratorTests.lambda$runOrchestratorInThread$0(OrchestratorTests.java:71)
	at java.base/java.lang.Thread.run(Thread.java:1583)
10:54:20.917 [Thread-2] ERROR Orchestrator.Orchestrator -- Event queue was interrupted
java.lang.InterruptedException: null
	at EventBus.EventQueue.take(EventQueue.java:58)
	at Orchestrator.Orchestrator.start(Orchestrator.java:78)
	at Orchestrator.OrchestratorTests.lambda$runOrchestratorInThread$0(OrchestratorTests.java:71)
	at java.base/java.lang.Thread.run(Thread.java:1583)
10:54:20.917 [Thread-1] ERROR Orchestrator.Orchestrator -- Event queue was interrupted
java.lang.InterruptedException: null
	at EventBus.EventQueue.take(EventQueue.java:58)
	at Orchestrator.Orchestrator.start(Orchestrator.java:78)
	at Orchestrator.OrchestratorTests.lambda$runOrchestratorInThread$0(OrchestratorTests.java:71)
	at java.base/java.lang.Thread.run(Thread.java:1583)
10:54:20.917 [Thread-2] ERROR Orchestrator.Orchestrator -- Event queue was interrupted
java.lang.InterruptedException: null
	at EventBus.EventQueue.take(EventQueue.java:58)
	at Orchestrator.Orchestrator.start(Orchestrator.java:78)
	at Orchestrator.OrchestratorTests.lambda$runOrchestratorInThread$0(OrchestratorTests.java:71)
	at java.base/java.lang.Thread.run(Thread.java:1583)
10:54:20.917 [Thread-1] ERROR Orchestrator.Orchestrator -- Event queue was interrupted
java.lang.InterruptedException: null
	at EventBus.EventQueue.take(EventQueue.java:58)
	at Orchestrator.Orchestrator.start(Orchestrator.java:78)
	at Orchestrator.OrchestratorTests.lambda$runOrchestratorInThread$0(OrchestratorTests.java:71)
	at java.base/java.lang.Thread.run(Thread.java:1583)
10:54:20.917 [Thread-2] ERROR Orchestrator.Orchestrator -- Event queue was interrupted
java.lang.InterruptedException: null
	at EventBus.EventQueue.take(EventQueue.java:58)
	at Orchestrator.Orchestrator.start(Orchestrator.java:78)
	at Orchestrator.OrchestratorTests.lambda$runOrchestratorInThread$0(OrchestratorTests.java:71)
	at java.base/java.lang.Thread.run(Thread.java:1583)
10:54:20.917 [Thread-1] ERROR Orchestrator.Orchestrator -- Event queue was interrupted
java.lang.InterruptedException: null
	at EventBus.EventQueue.take(EventQueue.java:58)
	at Orchestrator.Orchestrator.start(Orchestrator.java:78)
	at Orchestrator.OrchestratorTests.lambda$runOrchestratorInThread$0(OrchestratorTests.java:71)
	at java.base/java.lang.Thread.run(Thread.java:1583)
10:54:20.917 [Thread-2] ERROR Orchestrator.Orchestrator -- Event queue was interrupted
java.lang.InterruptedException: null
	at EventBus.EventQueue.take(EventQueue.java:58)
	at Orchestrator.Orchestrator.start(Orchestrator.java:78)
	at Orchestrator.OrchestratorTests.lambda$runOrchestratorInThread$0(OrchestratorTests.java:71)
	at java.base/java.lang.Thread.run(Thread.java:1583)
10:54:20.917 [Thread-1] ERROR Orchestrator.Orchestrator -- Event queue was interrupted
java.lang.InterruptedException: null
	at EventBus.EventQueue.take(EventQueue.java:58)
	at Orchestrator.Orchestrator.start(Orchestrator.java:78)
	at Orchestrator.OrchestratorTests.lambda$runOrchestratorInThread$0(OrchestratorTests.java:71)
	at java.base/java.lang.Thread.run(Thread.java:1583)
10:54:20.917 [Thread-2] ERROR Orchestrator.Orchestrator -- Event queue was interrupted
java.lang.InterruptedException: null
	at EventBus.EventQueue.take(EventQueue.java:58)
	at Orchestrator.Orchestrator.start(Orchestrator.java:78)
	at Orchestrator.OrchestratorTests.lambda$runOrchestratorInThread$0(OrchestratorTests.java:71)
	at java.base/java.lang.Thread.run(Thread.java:1583)
10:54:20.917 [Thread-1] ERROR Orchestrator.Orchestrator -- Event queue was interrupted
java.lang.InterruptedException: null
	at EventBus.EventQueue.take(EventQueue.java:58)
	at Orchestrator.Orchestrator.start(Orchestrator.java:78)
	at Orchestrator.OrchestratorTests.lambda$runOrchestratorInThread$0(OrchestratorTests.java:71)
	at java.base/java.lang.Thread.run(Thread.java:1583)
10:54:20.917 [Thread-2] ERROR Orchestrator.Orchestrator -- Event queue was interrupted
java.lang.InterruptedException: null
	at EventBus.EventQueue.take(EventQueue.java:58)
	at Orchestrator.Orchestrator.start(Orchestrator.java:78)
	at Orchestrator.OrchestratorTests.lambda$runOrchestratorInThread$0(OrchestratorTests.java:71)
	at java.base/java.lang.Thread.run(Thread.java:1583)
10:54:20.917 [Thread-1] ERROR Orchestrator.Orchestrator -- Event queue was interrupted
java.lang.InterruptedException: null
	at EventBus.EventQueue.take(EventQueue.java:58)
	at Orchestrator.Orchestrator.start(Orchestrator.java:78)
	at Orchestrator.OrchestratorTests.lambda$runOrchestratorInThread$0(OrchestratorTests.java:71)
	at java.base/java.lang.Thread.run(Thread.java:1583)
10:54:20.917 [Thread-2] ERROR Orchestrator.Orchestrator -- Event queue was interrupted
java.lang.InterruptedException: null
	at EventBus.EventQueue.take(EventQueue.java:58)
	at Orchestrator.Orchestrator.start(Orchestrator.java:78)
	at Orchestrator.OrchestratorTests.lambda$runOrchestratorInThread$0(OrchestratorTests.java:71)
	at java.base/java.lang.Thread.run(Thread.java:1583)
10:54:20.918 [Thread-1] ERROR Orchestrator.Orchestrator -- Event queue was interrupted
java.lang.InterruptedException: null
	at EventBus.EventQueue.take(EventQueue.java:58)
	at Orchestrator.Orchestrator.start(Orchestrator.java:78)
	at Orchestrator.OrchestratorTests.lambda$runOrchestratorInThread$0(OrchestratorTests.java:71)
	at java.base/java.lang.Thread.run(Thread.java:1583)
10:54:20.918 [Thread-2] ERROR Orchestrator.Orchestrator -- Event queue was interrupted
java.lang.InterruptedException: null
	at EventBus.EventQueue.take(EventQueue.java:58)
	at Orchestrator.Orchestrator.start(Orchestrator.java:78)
	at Orchestrator.OrchestratorTests.lambda$runOrchestratorInThread$0(OrchestratorTests.java:71)
	at java.base/java.lang.Thread.run(Thread.java:1583)
10:54:20.918 [Thread-1] ERROR Orchestrator.Orchestrator -- Event queue was interrupted
java.lang.InterruptedException: null
	at EventBus.EventQueue.take(EventQueue.java:58)
	at Orchestrator.Orchestrator.start(Orchestrator.java:78)
	at Orchestrator.OrchestratorTests.lambda$runOrchestratorInThread$0(OrchestratorTests.java:71)
	at java.base/java.lang.Thread.run(Thread.java:1583)
10:54:20.918 [Thread-2] ERROR Orchestrator.Orchestrator -- Event queue was interrupted
java.lang.InterruptedException: null
	at EventBus.EventQueue.take(EventQueue.java:58)
	at Orchestrator.Orchestrator.start(Orchestrator.java:78)
	at Orchestrator.OrchestratorTests.lambda$runOrchestratorInThread$0(OrchestratorTests.java:71)
	at java.base/java.lang.Thread.run(Thread.java:1583)
10:54:20.918 [Thread-1] ERROR Orchestrator.Orchestrator -- Event queue was interrupted
java.lang.InterruptedException: null
	at EventBus.EventQueue.take(EventQueue.java:58)
	at Orchestrator.Orchestrator.start(Orchestrator.java:78)
	at Orchestrator.OrchestratorTests.lambda$runOrchestratorInThread$0(OrchestratorTests.java:71)
	at java.base/java.lang.Thread.run(Thread.java:1583)
10:54:20.918 [Thread-2] ERROR Orchestrator.Orchestrator -- Event queue was interrupted
java.lang.InterruptedException: null
	at EventBus.EventQueue.take(EventQueue.java:58)
	at Orchestrator.Orchestrator.start(Orchestrator.java:78)
	at Orchestrator.OrchestratorTests.lambda$runOrchestratorInThread$0(OrchestratorTests.java:71)
	at java.base/java.lang.Thread.run(Thread.java:1583)
10:54:20.918 [Thread-1] ERROR Orchestrator.Orchestrator -- Event queue was interrupted
java.lang.InterruptedException: null
	at EventBus.EventQueue.take(EventQueue.java:58)
	at Orchestrator.Orchestrator.start(Orchestrator.java:78)
	at Orchestrator.OrchestratorTests.lambda$runOrchestratorInThread$0(OrchestratorTests.java:71)
	at java.base/java.lang.Thread.run(Thread.java:1583)
10:54:20.918 [Thread-2] ERROR Orchestrator.Orchestrator -- Event queue was interrupted
java.lang.InterruptedException: null
	at EventBus.EventQueue.take(EventQueue.java:58)
	at Orchestrator.Orchestrator.start(Orchestrator.java:78)
	at Orchestrator.OrchestratorTests.lambda$runOrchestratorInThread$0(OrchestratorTests.java:71)
	at java.base/java.lang.Thread.run(Thread.java:1583)
10:54:20.918 [Thread-1] ERROR Orchestrator.Orchestrator -- Event queue was interrupted
java.lang.InterruptedException: null
	at EventBus.EventQueue.take(EventQueue.java:58)
	at Orchestrator.Orchestrator.start(Orchestrator.java:78)
	at Orchestrator.OrchestratorTests.lambda$runOrchestratorInThread$0(OrchestratorTests.java:71)
	at java.base/java.lang.Thread.run(Thread.java:1583)
10:54:20.918 [Thread-2] ERROR Orchestrator.Orchestrator -- Event queue was interrupted
java.lang.InterruptedException: null
	at EventBus.EventQueue.take(EventQueue.java:58)
	at Orchestrator.Orchestrator.start(Orchestrator.java:78)
	at Orchestrator.OrchestratorTests.lambda$runOrchestratorInThread$0(OrchestratorTests.java:71)
	at java.base/java.lang.Thread.run(Thread.java:1583)
10:54:20.918 [Thread-1] ERROR Orchestrator.Orchestrator -- Event queue was interrupted
java.lang.InterruptedException: null
	at EventBus.EventQueue.take(EventQueue.java:58)
	at Orchestrator.Orchestrator.start(Orchestrator.java:78)
	at Orchestrator.OrchestratorTests.lambda$runOrchestratorInThread$0(OrchestratorTests.java:71)
	at java.base/java.lang.Thread.run(Thread.java:1583)
10:54:20.918 [Thread-2] ERROR Orchestrator.Orchestrator -- Event queue was interrupted
java.lang.InterruptedException: null
	at EventBus.EventQueue.take(EventQueue.java:58)
	at Orchestrator.Orchestrator.start(Orchestrator.java:78)
	at Orchestrator.OrchestratorTests.lambda$runOrchestratorInThread$0(OrchestratorTests.java:71)
	at java.base/java.lang.Thread.run(Thread.java:1583)
10:54:20.918 [Thread-1] ERROR Orchestrator.Orchestrator -- Event queue was interrupted
java.lang.InterruptedException: null
	at EventBus.EventQueue.take(EventQueue.java:58)
	at Orchestrator.Orchestrator.start(Orchestrator.java:78)
	at Orchestrator.OrchestratorTests.lambda$runOrchestratorInThread$0(OrchestratorTests.java:71)
	at java.base/java.lang.Thread.run(Thread.java:1583)
10:54:20.918 [Thread-2] ERROR Orchestrator.Orchestrator -- Event queue was interrupted
java.lang.InterruptedException: null
	at EventBus.EventQueue.take(EventQueue.java:58)
	at Orchestrator.Orchestrator.start(Orchestrator.java:78)
	at Orchestrator.OrchestratorTests.lambda$runOrchestratorInThread$0(OrchestratorTests.java:71)
	at java.base/java.lang.Thread.run(Thread.java:1583)
10:54:20.918 [Thread-1] ERROR Orchestrator.Orchestrator -- Event queue was interrupted
java.lang.InterruptedException: null
	at EventBus.EventQueue.take(EventQueue.java:58)
	at Orchestrator.Orchestrator.start(Orchestrator.java:78)
	at Orchestrator.OrchestratorTests.lambda$runOrchestratorInThread$0(OrchestratorTests.java:71)
	at java.base/java.lang.Thread.run(Thread.java:1583)
10:54:20.918 [Thread-2] ERROR Orchestrator.Orchestrator -- Event queue was interrupted
java.lang.InterruptedException: null
	at EventBus.EventQueue.take(EventQueue.java:58)
	at Orchestrator.Orchestrator.start(Orchestrator.java:78)
	at Orchestrator.OrchestratorTests.lambda$runOrchestratorInThread$0(OrchestratorTests.java:71)
	at java.base/java.lang.Thread.run(Thread.java:1583)
10:54:20.918 [Thread-1] ERROR Orchestrator.Orchestrator -- Event queue was interrupted
java.lang.InterruptedException: null
	at EventBus.EventQueue.take(EventQueue.java:58)
	at Orchestrator.Orchestrator.start(Orchestrator.java:78)
	at Orchestrator.OrchestratorTests.lambda$runOrchestratorInThread$0(OrchestratorTests.java:71)
	at java.base/java.lang.Thread.run(Thread.java:1583)
10:54:20.918 [Thread-2] ERROR Orchestrator.Orchestrator -- Event queue was interrupted
java.lang.InterruptedException: null
	at EventBus.EventQueue.take(EventQueue.java:58)
	at Orchestrator.Orchestrator.start(Orchestrator.java:78)
	at Orchestrator.OrchestratorTests.lambda$runOrchestratorInThread$0(OrchestratorTests.java:71)
	at java.base/java.lang.Thread.run(Thread.java:1583)
10:54:20.918 [Thread-1] ERROR Orchestrator.Orchestrator -- Event queue was interrupted
java.lang.InterruptedException: null
	at EventBus.EventQueue.take(EventQueue.java:58)
	at Orchestrator.Orchestrator.start(Orchestrator.java:78)
	at Orchestrator.OrchestratorTests.lambda$runOrchestratorInThread$0(OrchestratorTests.java:71)
	at java.base/java.lang.Thread.run(Thread.java:1583)
10:54:20.918 [Thread-2] ERROR Orchestrator.Orchestrator -- Event queue was interrupted
java.lang.InterruptedException: null
	at EventBus.EventQueue.take(EventQueue.java:58)
	at Orchestrator.Orchestrator.start(Orchestrator.java:78)
	at Orchestrator.OrchestratorTests.lambda$runOrchestratorInThread$0(OrchestratorTests.java:71)
	at java.base/java.lang.Thread.run(Thread.java:1583)
10:54:20.918 [Thread-1] ERROR Orchestrator.Orchestrator -- Event queue was interrupted
java.lang.InterruptedException: null
	at EventBus.EventQueue.take(EventQueue.java:58)
	at Orchestrator.Orchestrator.start(Orchestrator.java:78)
	at Orchestrator.OrchestratorTests.lambda$runOrchestratorInThread$0(OrchestratorTests.java:71)
	at java.base/java.lang.Thread.run(Thread.java:1583)
10:54:20.918 [Thread-2] ERROR Orchestrator.Orchestrator -- Event queue was interrupted
java.lang.InterruptedException: null
	at EventBus.EventQueue.take(EventQueue.java:58)
	at Orchestrator.Orchestrator.start(Orchestrator.java:78)
	at Orchestrator.OrchestratorTests.lambda$runOrchestratorInThread$0(OrchestratorTests.java:71)
	at java.base/java.lang.Thread.run(Thread.java:1583)
10:54:20.918 [Thread-1] ERROR Orchestrator.Orchestrator -- Event queue was interrupted
java.lang.InterruptedException: null
	at EventBus.EventQueue.take(EventQueue.java:58)
	at Orchestrator.Orchestrator.start(Orchestrator.java:78)
	at Orchestrator.OrchestratorTests.lambda$runOrchestratorInThread$0(OrchestratorTests.java:71)
	at java.base/java.lang.Thread.run(Thread.java:1583)
10:54:20.919 [Thread-2] ERROR Orchestrator.Orchestrator -- Event queue was interrupted
java.lang.InterruptedException: null
	at EventBus.EventQueue.take(EventQueue.java:58)
	at Orchestrator.Orchestrator.start(Orchestrator.java:78)
	at Orchestrator.OrchestratorTests.lambda$runOrchestratorInThread$0(OrchestratorTests.java:71)
	at java.base/java.lang.Thread.run(Thread.java:1583)
10:54:20.919 [Thread-1] ERROR Orchestrator.Orchestrator -- Event queue was interrupted
java.lang.InterruptedException: null
	at EventBus.EventQueue.take(EventQueue.java:58)
	at Orchestrator.Orchestrator.start(Orchestrator.java:78)
	at Orchestrator.OrchestratorTests.lambda$runOrchestratorInThread$0(OrchestratorTests.java:71)
	at java.base/java.lang.Thread.run(Thread.java:1583)
10:54:20.919 [Thread-2] ERROR Orchestrator.Orchestrator -- Event queue was interrupted
java.lang.InterruptedException: null
	at EventBus.EventQueue.take(EventQueue.java:58)
	at Orchestrator.Orchestrator.start(Orchestrator.java:78)
	at Orchestrator.OrchestratorTests.lambda$runOrchestratorInThread$0(OrchestratorTests.java:71)
	at java.base/java.lang.Thread.run(Thread.java:1583)
10:54:20.919 [Thread-1] ERROR Orchestrator.Orchestrator -- Event queue was interrupted
java.lang.InterruptedException: null
	at EventBus.EventQueue.take(EventQueue.java:58)
	at Orchestrator.Orchestrator.start(Orchestrator.java:78)
	at Orchestrator.OrchestratorTests.lambda$runOrchestratorInThread$0(OrchestratorTests.java:71)
	at java.base/java.lang.Thread.run(Thread.java:1583)
10:54:20.919 [Thread-2] ERROR Orchestrator.Orchestrator -- Event queue was interrupted
java.lang.InterruptedException: null
	at EventBus.EventQueue.take(EventQueue.java:58)
	at Orchestrator.Orchestrator.start(Orchestrator.java:78)
	at Orchestrator.OrchestratorTests.lambda$runOrchestratorInThread$0(OrchestratorTests.java:71)
	at java.base/java.lang.Thread.run(Thread.java:1583)
10:54:20.919 [Thread-1] ERROR Orchestrator.Orchestrator -- Event queue was interrupted
java.lang.InterruptedException: null
	at EventBus.EventQueue.take(EventQueue.java:58)
	at Orchestrator.Orchestrator.start(Orchestrator.java:78)
	at Orchestrator.OrchestratorTests.lambda$runOrchestratorInThread$0(OrchestratorTests.java:71)
	at java.base/java.lang.Thread.run(Thread.java:1583)
10:54:20.919 [Thread-2] ERROR Orchestrator.Orchestrator -- Event queue was interrupted
java.lang.InterruptedException: null
	at EventBus.EventQueue.take(EventQueue.java:58)
	at Orchestrator.Orchestrator.start(Orchestrator.java:78)
	at Orchestrator.OrchestratorTests.lambda$runOrchestratorInThread$0(OrchestratorTests.java:71)
	at java.base/java.lang.Thread.run(Thread.java:1583)
10:54:20.919 [Thread-1] ERROR Orchestrator.Orchestrator -- Event queue was interrupted
java.lang.InterruptedException: null
	at EventBus.EventQueue.take(EventQueue.java:58)
	at Orchestrator.Orchestrator.start(Orchestrator.java:78)
	at Orchestrator.OrchestratorTests.lambda$runOrchestratorInThread$0(OrchestratorTests.java:71)
	at java.base/java.lang.Thread.run(Thread.java:1583)
10:54:20.919 [Thread-2] ERROR Orchestrator.Orchestrator -- Event queue was interrupted
java.lang.InterruptedException: null
	at EventBus.EventQueue.take(EventQueue.java:58)
	at Orchestrator.Orchestrator.start(Orchestrator.java:78)
	at Orchestrator.OrchestratorTests.lambda$runOrchestratorInThread$0(OrchestratorTests.java:71)
	at java.base/java.lang.Thread.run(Thread.java:1583)
10:54:20.919 [Thread-1] ERROR Orchestrator.Orchestrator -- Event queue was interrupted
java.lang.InterruptedException: null
	at EventBus.EventQueue.take(EventQueue.java:58)
	at Orchestrator.Orchestrator.start(Orchestrator.java:78)
	at Orchestrator.OrchestratorTests.lambda$runOrchestratorInThread$0(OrchestratorTests.java:71)
	at java.base/java.lang.Thread.run(Thread.java:1583)
10:54:20.919 [Thread-2] ERROR Orchestrator.Orchestrator -- Event queue was interrupted
java.lang.InterruptedException: null
	at EventBus.EventQueue.take(EventQueue.java:58)
	at Orchestrator.Orchestrator.start(Orchestrator.java:78)
	at Orchestrator.OrchestratorTests.lambda$runOrchestratorInThread$0(OrchestratorTests.java:71)
	at java.base/java.lang.Thread.run(Thread.java:1583)
10:54:20.919 [Thread-1] ERROR Orchestrator.Orchestrator -- Event queue was interrupted
java.lang.InterruptedException: null
	at EventBus.EventQueue.take(EventQueue.java:58)
	at Orchestrator.Orchestrator.start(Orchestrator.java:78)
	at Orchestrator.OrchestratorTests.lambda$runOrchestratorInThread$0(OrchestratorTests.java:71)
	at java.base/java.lang.Thread.run(Thread.java:1583)
10:54:20.919 [Thread-2] ERROR Orchestrator.Orchestrator -- Event queue was interrupted
java.lang.InterruptedException: null
	at EventBus.EventQueue.take(EventQueue.java:58)
	at Orchestrator.Orchestrator.start(Orchestrator.java:78)
	at Orchestrator.OrchestratorTests.lambda$runOrchestratorInThread$0(OrchestratorTests.java:71)
	at java.base/java.lang.Thread.run(Thread.java:1583)
10:54:20.919 [Thread-1] ERROR Orchestrator.Orchestrator -- Event queue was interrupted
java.lang.InterruptedException: null
	at EventBus.EventQueue.take(EventQueue.java:58)
	at Orchestrator.Orchestrator.start(Orchestrator.java:78)
	at Orchestrator.OrchestratorTests.lambda$runOrchestratorInThread$0(OrchestratorTests.java:71)
	at java.base/java.lang.Thread.run(Thread.java:1583)
10:54:20.919 [Thread-2] ERROR Orchestrator.Orchestrator -- Event queue was interrupted
java.lang.InterruptedException: null
	at EventBus.EventQueue.take(EventQueue.java:58)
	at Orchestrator.Orchestrator.start(Orchestrator.java:78)
	at Orchestrator.OrchestratorTests.lambda$runOrchestratorInThread$0(OrchestratorTests.java:71)
	at java.base/java.lang.Thread.run(Thread.java:1583)
10:54:20.919 [Thread-1] ERROR Orchestrator.Orchestrator -- Event queue was interrupted
java.lang.InterruptedException: null
	at EventBus.EventQueue.take(EventQueue.java:58)
	at Orchestrator.Orchestrator.start(Orchestrator.java:78)
	at Orchestrator.OrchestratorTests.lambda$runOrchestratorInThread$0(OrchestratorTests.java:71)
	at java.base/java.lang.Thread.run(Thread.java:1583)
10:54:20.919 [Thread-2] ERROR Orchestrator.Orchestrator -- Event queue was interrupted
java.lang.InterruptedException: null
	at EventBus.EventQueue.take(EventQueue.java:58)
	at Orchestrator.Orchestrator.start(Orchestrator.java:78)
	at Orchestrator.OrchestratorTests.lambda$runOrchestratorInThread$0(OrchestratorTests.java:71)
	at java.base/java.lang.Thread.run(Thread.java:1583)
10:54:20.919 [Thread-1] ERROR Orchestrator.Orchestrator -- Event queue was interrupted
java.lang.InterruptedException: null
	at EventBus.EventQueue.take(EventQueue.java:58)
	at Orchestrator.Orchestrator.start(Orchestrator.java:78)
	at Orchestrator.OrchestratorTests.lambda$runOrchestratorInThread$0(OrchestratorTests.java:71)
	at java.base/java.lang.Thread.run(Thread.java:1583)
10:54:20.919 [Thread-1] ERROR Orchestrator.Orchestrator -- Event queue was interrupted
java.lang.InterruptedException: null
	at EventBus.EventQueue.take(EventQueue.java:58)
	at Orchestrator.Orchestrator.start(Orchestrator.java:78)
	at Orchestrator.OrchestratorTests.lambda$runOrchestratorInThread$0(OrchestratorTests.java:71)
	at java.base/java.lang.Thread.run(Thread.java:1583)
10:54:20.919 [Thread-2] ERROR Orchestrator.Orchestrator -- Event queue was interrupted
java.lang.InterruptedException: null
	at EventBus.EventQueue.take(EventQueue.java:58)
	at Orchestrator.Orchestrator.start(Orchestrator.java:78)
	at Orchestrator.OrchestratorTests.lambda$runOrchestratorInThread$0(OrchestratorTests.java:71)
	at java.base/java.lang.Thread.run(Thread.java:1583)
10:54:20.920 [Thread-1] ERROR Orchestrator.Orchestrator -- Event queue was interrupted
java.lang.InterruptedException: null
	at EventBus.EventQueue.take(EventQueue.java:58)
	at Orchestrator.Orchestrator.start(Orchestrator.java:78)
	at Orchestrator.OrchestratorTests.lambda$runOrchestratorInThread$0(OrchestratorTests.java:71)
	at java.base/java.lang.Thread.run(Thread.java:1583)
10:54:20.920 [Thread-2] ERROR Orchestrator.Orchestrator -- Event queue was interrupted
java.lang.InterruptedException: null
	at EventBus.EventQueue.take(EventQueue.java:58)
	at Orchestrator.Orchestrator.start(Orchestrator.java:78)
	at Orchestrator.OrchestratorTests.lambda$runOrchestratorInThread$0(OrchestratorTests.java:71)
	at java.base/java.lang.Thread.run(Thread.java:1583)
10:54:20.920 [Thread-1] ERROR Orchestrator.Orchestrator -- Event queue was interrupted
java.lang.InterruptedException: null
	at EventBus.EventQueue.take(EventQueue.java:58)
	at Orchestrator.Orchestrator.start(Orchestrator.java:78)
	at Orchestrator.OrchestratorTests.lambda$runOrchestratorInThread$0(OrchestratorTests.java:71)
	at java.base/java.lang.Thread.run(Thread.java:1583)
10:54:20.920 [Thread-2] ERROR Orchestrator.Orchestrator -- Event queue was interrupted
java.lang.InterruptedException: null
	at EventBus.EventQueue.take(EventQueue.java:58)
	at Orchestrator.Orchestrator.start(Orchestrator.java:78)
	at Orchestrator.OrchestratorTests.lambda$runOrchestratorInThread$0(OrchestratorTests.java:71)
	at java.base/java.lang.Thread.run(Thread.java:1583)
10:54:20.920 [Thread-1] ERROR Orchestrator.Orchestrator -- Event queue was interrupted
java.lang.InterruptedException: null
	at EventBus.EventQueue.take(EventQueue.java:58)
	at Orchestrator.Orchestrator.start(Orchestrator.java:78)
	at Orchestrator.OrchestratorTests.lambda$runOrchestratorInThread$0(OrchestratorTests.java:71)
	at java.base/java.lang.Thread.run(Thread.java:1583)
10:54:20.920 [Thread-2] ERROR Orchestrator.Orchestrator -- Event queue was interrupted
java.lang.InterruptedException: null
	at EventBus.EventQueue.take(EventQueue.java:58)
	at Orchestrator.Orchestrator.start(Orchestrator.java:78)
	at Orchestrator.OrchestratorTests.lambda$runOrchestratorInThread$0(OrchestratorTests.java:71)
	at java.base/java.lang.Thread.run(Thread.java:1583)
10:54:20.920 [Thread-1] ERROR Orchestrator.Orchestrator -- Event queue was interrupted
java.lang.InterruptedException: null
	at EventBus.EventQueue.take(EventQueue.java:58)
	at Orchestrator.Orchestrator.start(Orchestrator.java:78)
	at Orchestrator.OrchestratorTests.lambda$runOrchestratorInThread$0(OrchestratorTests.java:71)
	at java.base/java.lang.Thread.run(Thread.java:1583)
10:54:20.920 [Thread-1] ERROR Orchestrator.Orchestrator -- Event queue was interrupted
java.lang.InterruptedException: null
	at EventBus.EventQueue.take(EventQueue.java:58)
	at Orchestrator.Orchestrator.start(Orchestrator.java:78)
	at Orchestrator.OrchestratorTests.lambda$runOrchestratorInThread$0(OrchestratorTests.java:71)
	at java.base/java.lang.Thread.run(Thread.java:1583)
10:54:20.920 [Thread-1] ERROR Orchestrator.Orchestrator -- Event queue was interrupted
java.lang.InterruptedException: null
	at EventBus.EventQueue.take(EventQueue.java:58)
	at Orchestrator.Orchestrator.start(Orchestrator.java:78)
	at Orchestrator.OrchestratorTests.lambda$runOrchestratorInThread$0(OrchestratorTests.java:71)
	at java.base/java.lang.Thread.run(Thread.java:1583)
10:54:20.920 [Thread-1] ERROR Orchestrator.Orchestrator -- Event queue was interrupted
java.lang.InterruptedException: null
	at EventBus.EventQueue.take(EventQueue.java:58)
	at Orchestrator.Orchestrator.start(Orchestrator.java:78)
	at Orchestrator.OrchestratorTests.lambda$runOrchestratorInThread$0(OrchestratorTests.java:71)
	at java.base/java.lang.Thread.run(Thread.java:1583)
10:54:20.920 [Thread-1] ERROR Orchestrator.Orchestrator -- Event queue was interrupted
java.lang.InterruptedException: null
	at EventBus.EventQueue.take(EventQueue.java:58)
	at Orchestrator.Orchestrator.start(Orchestrator.java:78)
	at Orchestrator.OrchestratorTests.lambda$runOrchestratorInThread$0(OrchestratorTests.java:71)
	at java.base/java.lang.Thread.run(Thread.java:1583)
10:54:20.920 [Thread-1] ERROR Orchestrator.Orchestrator -- Event queue was interrupted
java.lang.InterruptedException: null
	at EventBus.EventQueue.take(EventQueue.java:58)
	at Orchestrator.Orchestrator.start(Orchestrator.java:78)
	at Orchestrator.OrchestratorTests.lambda$runOrchestratorInThread$0(OrchestratorTests.java:71)
	at java.base/java.lang.Thread.run(Thread.java:1583)
10:54:20.920 [Thread-1] ERROR Orchestrator.Orchestrator -- Event queue was interrupted
java.lang.InterruptedException: null
	at EventBus.EventQueue.take(EventQueue.java:58)
	at Orchestrator.Orchestrator.start(Orchestrator.java:78)
	at Orchestrator.OrchestratorTests.lambda$runOrchestratorInThread$0(OrchestratorTests.java:71)
	at java.base/java.lang.Thread.run(Thread.java:1583)
10:54:20.920 [Thread-1] ERROR Orchestrator.Orchestrator -- Event queue was interrupted
java.lang.InterruptedException: null
	at EventBus.EventQueue.take(EventQueue.java:58)
	at Orchestrator.Orchestrator.start(Orchestrator.java:78)
	at Orchestrator.OrchestratorTests.lambda$runOrchestratorInThread$0(OrchestratorTests.java:71)
	at java.base/java.lang.Thread.run(Thread.java:1583)
10:54:20.920 [Thread-1] ERROR Orchestrator.Orchestrator -- Event queue was interrupted
java.lang.InterruptedException: null
	at EventBus.EventQueue.take(EventQueue.java:58)
	at Orchestrator.Orchestrator.start(Orchestrator.java:78)
	at Orchestrator.OrchestratorTests.lambda$runOrchestratorInThread$0(OrchestratorTests.java:71)
	at java.base/java.lang.Thread.run(Thread.java:1583)
10:54:20.920 [Thread-1] ERROR Orchestrator.Orchestrator -- Event queue was interrupted
java.lang.InterruptedException: null
	at EventBus.EventQueue.take(EventQueue.java:58)
	at Orchestrator.Orchestrator.start(Orchestrator.java:78)
	at Orchestrator.OrchestratorTests.lambda$runOrchestratorInThread$0(OrchestratorTests.java:71)
	at java.base/java.lang.Thread.run(Thread.java:1583)
10:54:20.921 [Thread-1] ERROR Orchestrator.Orchestrator -- Event queue was interrupted
java.lang.InterruptedException: null
	at EventBus.EventQueue.take(EventQueue.java:58)
	at Orchestrator.Orchestrator.start(Orchestrator.java:78)
	at Orchestrator.OrchestratorTests.lambda$runOrchestratorInThread$0(OrchestratorTests.java:71)
	at java.base/java.lang.Thread.run(Thread.java:1583)
10:54:20.921 [Thread-1] ERROR Orchestrator.Orchestrator -- Event queue was interrupted
java.lang.InterruptedException: null
	at EventBus.EventQueue.take(EventQueue.java:58)
	at Orchestrator.Orchestrator.start(Orchestrator.java:78)
	at Orchestrator.OrchestratorTests.lambda$runOrchestratorInThread$0(OrchestratorTests.java:71)
	at java.base/java.lang.Thread.run(Thread.java:1583)
10:54:20.921 [Thread-1] ERROR Orchestrator.Orchestrator -- Event queue was interrupted
java.lang.InterruptedException: null
	at EventBus.EventQueue.take(EventQueue.java:58)
	at Orchestrator.Orchestrator.start(Orchestrator.java:78)
	at Orchestrator.OrchestratorTests.lambda$runOrchestratorInThread$0(OrchestratorTests.java:71)
	at java.base/java.lang.Thread.run(Thread.java:1583)
10:54:20.921 [Thread-1] ERROR Orchestrator.Orchestrator -- Event queue was interrupted
java.lang.InterruptedException: null
	at EventBus.EventQueue.take(EventQueue.java:58)
	at Orchestrator.Orchestrator.start(Orchestrator.java:78)
	at Orchestrator.OrchestratorTests.lambda$runOrchestratorInThread$0(OrchestratorTests.java:71)
	at java.base/java.lang.Thread.run(Thread.java:1583)
10:54:20.921 [Thread-1] ERROR Orchestrator.Orchestrator -- Event queue was interrupted
java.lang.InterruptedException: null
	at EventBus.EventQueue.take(EventQueue.java:58)
	at Orchestrator.Orchestrator.start(Orchestrator.java:78)
	at Orchestrator.OrchestratorTests.lambda$runOrchestratorInThread$0(OrchestratorTests.java:71)
	at java.base/java.lang.Thread.run(Thread.java:1583)
10:54:20.921 [Thread-1] ERROR Orchestrator.Orchestrator -- Event queue was interrupted
java.lang.InterruptedException: null
	at EventBus.EventQueue.take(EventQueue.java:58)
	at Orchestrator.Orchestrator.start(Orchestrator.java:78)
	at Orchestrator.OrchestratorTests.lambda$runOrchestratorInThread$0(OrchestratorTests.java:71)
	at java.base/java.lang.Thread.run(Thread.java:1583)
10:54:20.921 [Thread-1] ERROR Orchestrator.Orchestrator -- Event queue was interrupted
java.lang.InterruptedException: null
	at EventBus.EventQueue.take(EventQueue.java:58)
	at Orchestrator.Orchestrator.start(Orchestrator.java:78)
	at Orchestrator.OrchestratorTests.lambda$runOrchestratorInThread$0(OrchestratorTests.java:71)
	at java.base/java.lang.Thread.run(Thread.java:1583)
10:54:20.921 [Thread-1] ERROR Orchestrator.Orchestrator -- Event queue was interrupted
java.lang.InterruptedException: null
	at EventBus.EventQueue.take(EventQueue.java:58)
	at Orchestrator.Orchestrator.start(Orchestrator.java:78)
	at Orchestrator.OrchestratorTests.lambda$runOrchestratorInThread$0(OrchestratorTests.java:71)
	at java.base/java.lang.Thread.run(Thread.java:1583)
10:54:20.921 [Thread-1] ERROR Orchestrator.Orchestrator -- Event queue was interrupted
java.lang.InterruptedException: null
	at EventBus.EventQueue.take(EventQueue.java:58)
	at Orchestrator.Orchestrator.start(Orchestrator.java:78)
	at Orchestrator.OrchestratorTests.lambda$runOrchestratorInThread$0(OrchestratorTests.java:71)
	at java.base/java.lang.Thread.run(Thread.java:1583)
10:54:20.921 [Thread-1] ERROR Orchestrator.Orchestrator -- Event queue was interrupted
java.lang.InterruptedException: null
	at EventBus.EventQueue.take(EventQueue.java:58)
	at Orchestrator.Orchestrator.start(Orchestrator.java:78)
	at Orchestrator.OrchestratorTests.lambda$runOrchestratorInThread$0(OrchestratorTests.java:71)
	at java.base/java.lang.Thread.run(Thread.java:1583)
10:54:20.921 [Thread-1] ERROR Orchestrator.Orchestrator -- Event queue was interrupted
java.lang.InterruptedException: null
	at EventBus.EventQueue.take(EventQueue.java:58)
	at Orchestrator.Orchestrator.start(Orchestrator.java:78)
	at Orchestrator.OrchestratorTests.lambda$runOrchestratorInThread$0(OrchestratorTests.java:71)
	at java.base/java.lang.Thread.run(Thread.java:1583)
10:54:20.921 [Thread-1] ERROR Orchestrator.Orchestrator -- Event queue was interrupted
java.lang.InterruptedException: null
	at EventBus.EventQueue.take(EventQueue.java:58)
	at Orchestrator.Orchestrator.start(Orchestrator.java:78)
	at Orchestrator.OrchestratorTests.lambda$runOrchestratorInThread$0(OrchestratorTests.java:71)
	at java.base/java.lang.Thread.run(Thread.java:1583)
10:54:20.921 [Thread-1] ERROR Orchestrator.Orchestrator -- Event queue was interrupted
java.lang.InterruptedException: null
	at EventBus.EventQueue.take(EventQueue.java:58)
	at Orchestrator.Orchestrator.start(Orchestrator.java:78)
	at Orchestrator.OrchestratorTests.lambda$runOrchestratorInThread$0(OrchestratorTests.java:71)
	at java.base/java.lang.Thread.run(Thread.java:1583)
10:54:20.921 [Thread-1] ERROR Orchestrator.Orchestrator -- Event queue was interrupted
java.lang.InterruptedException: null
	at EventBus.EventQueue.take(EventQueue.java:58)
	at Orchestrator.Orchestrator.start(Orchestrator.java:78)
	at Orchestrator.OrchestratorTests.lambda$runOrchestratorInThread$0(OrchestratorTests.java:71)
	at java.base/java.lang.Thread.run(Thread.java:1583)
10:54:20.921 [Thread-1] ERROR Orchestrator.Orchestrator -- Event queue was interrupted
java.lang.InterruptedException: null
	at EventBus.EventQueue.take(EventQueue.java:58)
	at Orchestrator.Orchestrator.start(Orchestrator.java:78)
	at Orchestrator.OrchestratorTests.lambda$runOrchestratorInThread$0(OrchestratorTests.java:71)
	at java.base/java.lang.Thread.run(Thread.java:1583)
10:54:20.920 [Thread-2] ERROR Orchestrator.Orchestrator -- Event queue was interrupted
java.lang.InterruptedException: null
	at EventBus.EventQueue.take(EventQueue.java:58)
	at Orchestrator.Orchestrator.start(Orchestrator.java:78)
	at Orchestrator.OrchestratorTests.lambda$runOrchestratorInThread$0(OrchestratorTests.java:71)
	at java.base/java.lang.Thread.run(Thread.java:1583)
10:54:20.922 [Thread-2] ERROR Orchestrator.Orchestrator -- Event queue was interrupted
java.lang.InterruptedException: null
	at EventBus.EventQueue.take(EventQueue.java:58)
	at Orchestrator.Orchestrator.start(Orchestrator.java:78)
	at Orchestrator.OrchestratorTests.lambda$runOrchestratorInThread$0(OrchestratorTests.java:71)
	at java.base/java.lang.Thread.run(Thread.java:1583)
10:54:20.922 [Thread-2] ERROR Orchestrator.Orchestrator -- Event queue was interrupted
java.lang.InterruptedException: null
	at EventBus.EventQueue.take(EventQueue.java:58)
	at Orchestrator.Orchestrator.start(Orchestrator.java:78)
	at Orchestrator.OrchestratorTests.lambda$runOrchestratorInThread$0(OrchestratorTests.java:71)
	at java.base/java.lang.Thread.run(Thread.java:1583)
10:54:20.922 [Thread-2] ERROR Orchestrator.Orchestrator -- Event queue was interrupted
java.lang.InterruptedException: null
	at EventBus.EventQueue.take(EventQueue.java:58)
	at Orchestrator.Orchestrator.start(Orchestrator.java:78)
	at Orchestrator.OrchestratorTests.lambda$runOrchestratorInThread$0(OrchestratorTests.java:71)
	at java.base/java.lang.Thread.run(Thread.java:1583)
10:54:20.922 [Thread-2] ERROR Orchestrator.Orchestrator -- Event queue was interrupted
java.lang.InterruptedException: null
	at EventBus.EventQueue.take(EventQueue.java:58)
	at Orchestrator.Orchestrator.start(Orchestrator.java:78)
	at Orchestrator.OrchestratorTests.lambda$runOrchestratorInThread$0(OrchestratorTests.java:71)
	at java.base/java.lang.Thread.run(Thread.java:1583)
10:54:20.922 [Thread-2] ERROR Orchestrator.Orchestrator -- Event queue was interrupted
java.lang.InterruptedException: null
	at EventBus.EventQueue.take(EventQueue.java:58)
	at Orchestrator.Orchestrator.start(Orchestrator.java:78)
	at Orchestrator.OrchestratorTests.lambda$runOrchestratorInThread$0(OrchestratorTests.java:71)
	at java.base/java.lang.Thread.run(Thread.java:1583)
10:54:20.922 [Thread-2] ERROR Orchestrator.Orchestrator -- Event queue was interrupted
java.lang.InterruptedException: null
	at EventBus.EventQueue.take(EventQueue.java:58)
	at Orchestrator.Orchestrator.start(Orchestrator.java:78)
	at Orchestrator.OrchestratorTests.lambda$runOrchestratorInThread$0(OrchestratorTests.java:71)
	at java.base/java.lang.Thread.run(Thread.java:1583)
10:54:20.922 [Thread-2] ERROR Orchestrator.Orchestrator -- Event queue was interrupted
java.lang.InterruptedException: null
	at EventBus.EventQueue.take(EventQueue.java:58)
	at Orchestrator.Orchestrator.start(Orchestrator.java:78)
	at Orchestrator.OrchestratorTests.lambda$runOrchestratorInThread$0(OrchestratorTests.java:71)
	at java.base/java.lang.Thread.run(Thread.java:1583)
10:54:20.922 [Thread-2] ERROR Orchestrator.Orchestrator -- Event queue was interrupted
java.lang.InterruptedException: null
	at EventBus.EventQueue.take(EventQueue.java:58)
	at Orchestrator.Orchestrator.start(Orchestrator.java:78)
	at Orchestrator.OrchestratorTests.lambda$runOrchestratorInThread$0(OrchestratorTests.java:71)
	at java.base/java.lang.Thread.run(Thread.java:1583)
10:54:20.922 [Thread-2] ERROR Orchestrator.Orchestrator -- Event queue was interrupted
java.lang.InterruptedException: null
	at EventBus.EventQueue.take(EventQueue.java:58)
	at Orchestrator.Orchestrator.start(Orchestrator.java:78)
	at Orchestrator.OrchestratorTests.lambda$runOrchestratorInThread$0(OrchestratorTests.java:71)
	at java.base/java.lang.Thread.run(Thread.java:1583)
10:54:20.922 [Thread-2] ERROR Orchestrator.Orchestrator -- Event queue was interrupted
java.lang.InterruptedException: null
	at EventBus.EventQueue.take(EventQueue.java:58)
	at Orchestrator.Orchestrator.start(Orchestrator.java:78)
	at Orchestrator.OrchestratorTests.lambda$runOrchestratorInThread$0(OrchestratorTests.java:71)
	at java.base/java.lang.Thread.run(Thread.java:1583)
10:54:20.922 [Thread-2] ERROR Orchestrator.Orchestrator -- Event queue was interrupted
java.lang.InterruptedException: null
	at EventBus.EventQueue.take(EventQueue.java:58)
	at Orchestrator.Orchestrator.start(Orchestrator.java:78)
	at Orchestrator.OrchestratorTests.lambda$runOrchestratorInThread$0(OrchestratorTests.java:71)
	at java.base/java.lang.Thread.run(Thread.java:1583)
10:54:20.922 [Thread-1] ERROR Orchestrator.Orchestrator -- Event queue was interrupted
java.lang.InterruptedException: null
	at EventBus.EventQueue.take(EventQueue.java:58)
	at Orchestrator.Orchestrator.start(Orchestrator.java:78)
	at Orchestrator.OrchestratorTests.lambda$runOrchestratorInThread$0(OrchestratorTests.java:71)
	at java.base/java.lang.Thread.run(Thread.java:1583)
10:54:20.923 [Thread-1] ERROR Orchestrator.Orchestrator -- Event queue was interrupted
java.lang.InterruptedException: null
	at EventBus.EventQueue.take(EventQueue.java:58)
	at Orchestrator.Orchestrator.start(Orchestrator.java:78)
	at Orchestrator.OrchestratorTests.lambda$runOrchestratorInThread$0(OrchestratorTests.java:71)
	at java.base/java.lang.Thread.run(Thread.java:1583)
10:54:20.923 [Thread-2] ERROR Orchestrator.Orchestrator -- Event queue was interrupted
java.lang.InterruptedException: null
	at EventBus.EventQueue.take(EventQueue.java:58)
	at Orchestrator.Orchestrator.start(Orchestrator.java:78)
	at Orchestrator.OrchestratorTests.lambda$runOrchestratorInThread$0(OrchestratorTests.java:71)
	at java.base/java.lang.Thread.run(Thread.java:1583)
10:54:20.923 [Thread-1] ERROR Orchestrator.Orchestrator -- Event queue was interrupted
java.lang.InterruptedException: null
	at EventBus.EventQueue.take(EventQueue.java:58)
	at Orchestrator.Orchestrator.start(Orchestrator.java:78)
	at Orchestrator.OrchestratorTests.lambda$runOrchestratorInThread$0(OrchestratorTests.java:71)
	at java.base/java.lang.Thread.run(Thread.java:1583)
10:54:20.923 [Thread-2] ERROR Orchestrator.Orchestrator -- Event queue was interrupted
java.lang.InterruptedException: null
	at EventBus.EventQueue.take(EventQueue.java:58)
	at Orchestrator.Orchestrator.start(Orchestrator.java:78)
	at Orchestrator.OrchestratorTests.lambda$runOrchestratorInThread$0(OrchestratorTests.java:71)
	at java.base/java.lang.Thread.run(Thread.java:1583)
10:54:20.923 [Thread-1] ERROR Orchestrator.Orchestrator -- Event queue was interrupted
java.lang.InterruptedException: null
	at EventBus.EventQueue.take(EventQueue.java:58)
	at Orchestrator.Orchestrator.start(Orchestrator.java:78)
	at Orchestrator.OrchestratorTests.lambda$runOrchestratorInThread$0(OrchestratorTests.java:71)
	at java.base/java.lang.Thread.run(Thread.java:1583)
10:54:20.923 [Thread-2] ERROR Orchestrator.Orchestrator -- Event queue was interrupted
java.lang.InterruptedException: null
	at EventBus.EventQueue.take(EventQueue.java:58)
	at Orchestrator.Orchestrator.start(Orchestrator.java:78)
	at Orchestrator.OrchestratorTests.lambda$runOrchestratorInThread$0(OrchestratorTests.java:71)
	at java.base/java.lang.Thread.run(Thread.java:1583)
10:54:20.923 [Thread-1] ERROR Orchestrator.Orchestrator -- Event queue was interrupted
java.lang.InterruptedException: null
	at EventBus.EventQueue.take(EventQueue.java:58)
	at Orchestrator.Orchestrator.start(Orchestrator.java:78)
	at Orchestrator.OrchestratorTests.lambda$runOrchestratorInThread$0(OrchestratorTests.java:71)
	at java.base/java.lang.Thread.run(Thread.java:1583)
10:54:20.923 [Thread-2] ERROR Orchestrator.Orchestrator -- Event queue was interrupted
java.lang.InterruptedException: null
	at EventBus.EventQueue.take(EventQueue.java:58)
	at Orchestrator.Orchestrator.start(Orchestrator.java:78)
	at Orchestrator.OrchestratorTests.lambda$runOrchestratorInThread$0(OrchestratorTests.java:71)
	at java.base/java.lang.Thread.run(Thread.java:1583)
10:54:20.923 [Thread-1] ERROR Orchestrator.Orchestrator -- Event queue was interrupted
java.lang.InterruptedException: null
	at EventBus.EventQueue.take(EventQueue.java:58)
	at Orchestrator.Orchestrator.start(Orchestrator.java:78)
	at Orchestrator.OrchestratorTests.lambda$runOrchestratorInThread$0(OrchestratorTests.java:71)
	at java.base/java.lang.Thread.run(Thread.java:1583)
10:54:20.923 [Thread-2] ERROR Orchestrator.Orchestrator -- Event queue was interrupted
java.lang.InterruptedException: null
	at EventBus.EventQueue.take(EventQueue.java:58)
	at Orchestrator.Orchestrator.start(Orchestrator.java:78)
	at Orchestrator.OrchestratorTests.lambda$runOrchestratorInThread$0(OrchestratorTests.java:71)
	at java.base/java.lang.Thread.run(Thread.java:1583)
10:54:20.923 [Thread-1] ERROR Orchestrator.Orchestrator -- Event queue was interrupted
java.lang.InterruptedException: null
	at EventBus.EventQueue.take(EventQueue.java:58)
	at Orchestrator.Orchestrator.start(Orchestrator.java:78)
	at Orchestrator.OrchestratorTests.lambda$runOrchestratorInThread$0(OrchestratorTests.java:71)
	at java.base/java.lang.Thread.run(Thread.java:1583)
10:54:20.923 [Thread-2] ERROR Orchestrator.Orchestrator -- Event queue was interrupted
java.lang.InterruptedException: null
	at EventBus.EventQueue.take(EventQueue.java:58)
	at Orchestrator.Orchestrator.start(Orchestrator.java:78)
	at Orchestrator.OrchestratorTests.lambda$runOrchestratorInThread$0(OrchestratorTests.java:71)
	at java.base/java.lang.Thread.run(Thread.java:1583)
10:54:20.923 [Thread-1] ERROR Orchestrator.Orchestrator -- Event queue was interrupted
java.lang.InterruptedException: null
	at EventBus.EventQueue.take(EventQueue.java:58)
	at Orchestrator.Orchestrator.start(Orchestrator.java:78)
	at Orchestrator.OrchestratorTests.lambda$runOrchestratorInThread$0(OrchestratorTests.java:71)
	at java.base/java.lang.Thread.run(Thread.java:1583)
10:54:20.923 [Thread-2] ERROR Orchestrator.Orchestrator -- Event queue was interrupted
java.lang.InterruptedException: null
	at EventBus.EventQueue.take(EventQueue.java:58)
	at Orchestrator.Orchestrator.start(Orchestrator.java:78)
	at Orchestrator.OrchestratorTests.lambda$runOrchestratorInThread$0(OrchestratorTests.java:71)
	at java.base/java.lang.Thread.run(Thread.java:1583)
10:54:20.923 [Thread-1] ERROR Orchestrator.Orchestrator -- Event queue was interrupted
java.lang.InterruptedException: null
	at EventBus.EventQueue.take(EventQueue.java:58)
	at Orchestrator.Orchestrator.start(Orchestrator.java:78)
	at Orchestrator.OrchestratorTests.lambda$runOrchestratorInThread$0(OrchestratorTests.java:71)
	at java.base/java.lang.Thread.run(Thread.java:1583)
10:54:20.923 [Thread-2] ERROR Orchestrator.Orchestrator -- Event queue was interrupted
java.lang.InterruptedException: null
	at EventBus.EventQueue.take(EventQueue.java:58)
	at Orchestrator.Orchestrator.start(Orchestrator.java:78)
	at Orchestrator.OrchestratorTests.lambda$runOrchestratorInThread$0(OrchestratorTests.java:71)
	at java.base/java.lang.Thread.run(Thread.java:1583)
10:54:20.923 [Thread-1] ERROR Orchestrator.Orchestrator -- Event queue was interrupted
java.lang.InterruptedException: null
	at EventBus.EventQueue.take(EventQueue.java:58)
	at Orchestrator.Orchestrator.start(Orchestrator.java:78)
	at Orchestrator.OrchestratorTests.lambda$runOrchestratorInThread$0(OrchestratorTests.java:71)
	at java.base/java.lang.Thread.run(Thread.java:1583)
10:54:20.923 [Thread-2] ERROR Orchestrator.Orchestrator -- Event queue was interrupted
java.lang.InterruptedException: null
	at EventBus.EventQueue.take(EventQueue.java:58)
	at Orchestrator.Orchestrator.start(Orchestrator.java:78)
	at Orchestrator.OrchestratorTests.lambda$runOrchestratorInThread$0(OrchestratorTests.java:71)
	at java.base/java.lang.Thread.run(Thread.java:1583)
10:54:20.924 [Thread-1] ERROR Orchestrator.Orchestrator -- Event queue was interrupted
java.lang.InterruptedException: null
	at EventBus.EventQueue.take(EventQueue.java:58)
	at Orchestrator.Orchestrator.start(Orchestrator.java:78)
	at Orchestrator.OrchestratorTests.lambda$runOrchestratorInThread$0(OrchestratorTests.java:71)
	at java.base/java.lang.Thread.run(Thread.java:1583)
10:54:20.924 [Thread-2] ERROR Orchestrator.Orchestrator -- Event queue was interrupted
java.lang.InterruptedException: null
	at EventBus.EventQueue.take(EventQueue.java:58)
	at Orchestrator.Orchestrator.start(Orchestrator.java:78)
	at Orchestrator.OrchestratorTests.lambda$runOrchestratorInThread$0(OrchestratorTests.java:71)
	at java.base/java.lang.Thread.run(Thread.java:1583)
10:54:20.924 [Thread-1] ERROR Orchestrator.Orchestrator -- Event queue was interrupted
java.lang.InterruptedException: null
	at EventBus.EventQueue.take(EventQueue.java:58)
	at Orchestrator.Orchestrator.start(Orchestrator.java:78)
	at Orchestrator.OrchestratorTests.lambda$runOrchestratorInThread$0(OrchestratorTests.java:71)
	at java.base/java.lang.Thread.run(Thread.java:1583)
10:54:20.924 [Thread-2] ERROR Orchestrator.Orchestrator -- Event queue was interrupted
java.lang.InterruptedException: null
	at EventBus.EventQueue.take(EventQueue.java:58)
	at Orchestrator.Orchestrator.start(Orchestrator.java:78)
	at Orchestrator.OrchestratorTests.lambda$runOrchestratorInThread$0(OrchestratorTests.java:71)
	at java.base/java.lang.Thread.run(Thread.java:1583)
10:54:20.924 [Thread-1] ERROR Orchestrator.Orchestrator -- Event queue was interrupted
java.lang.InterruptedException: null
	at EventBus.EventQueue.take(EventQueue.java:58)
	at Orchestrator.Orchestrator.start(Orchestrator.java:78)
	at Orchestrator.OrchestratorTests.lambda$runOrchestratorInThread$0(OrchestratorTests.java:71)
	at java.base/java.lang.Thread.run(Thread.java:1583)
10:54:20.924 [Thread-2] ERROR Orchestrator.Orchestrator -- Event queue was interrupted
java.lang.InterruptedException: null
	at EventBus.EventQueue.take(EventQueue.java:58)
	at Orchestrator.Orchestrator.start(Orchestrator.java:78)
	at Orchestrator.OrchestratorTests.lambda$runOrchestratorInThread$0(OrchestratorTests.java:71)
	at java.base/java.lang.Thread.run(Thread.java:1583)
10:54:20.924 [Thread-1] ERROR Orchestrator.Orchestrator -- Event queue was interrupted
java.lang.InterruptedException: null
	at EventBus.EventQueue.take(EventQueue.java:58)
	at Orchestrator.Orchestrator.start(Orchestrator.java:78)
	at Orchestrator.OrchestratorTests.lambda$runOrchestratorInThread$0(OrchestratorTests.java:71)
	at java.base/java.lang.Thread.run(Thread.java:1583)
10:54:20.924 [Thread-2] ERROR Orchestrator.Orchestrator -- Event queue was interrupted
java.lang.InterruptedException: null
	at EventBus.EventQueue.take(EventQueue.java:58)
	at Orchestrator.Orchestrator.start(Orchestrator.java:78)
	at Orchestrator.OrchestratorTests.lambda$runOrchestratorInThread$0(OrchestratorTests.java:71)
	at java.base/java.lang.Thread.run(Thread.java:1583)
10:54:20.924 [Thread-1] ERROR Orchestrator.Orchestrator -- Event queue was interrupted
java.lang.InterruptedException: null
	at EventBus.EventQueue.take(EventQueue.java:58)
	at Orchestrator.Orchestrator.start(Orchestrator.java:78)
	at Orchestrator.OrchestratorTests.lambda$runOrchestratorInThread$0(OrchestratorTests.java:71)
	at java.base/java.lang.Thread.run(Thread.java:1583)
10:54:20.924 [Thread-2] ERROR Orchestrator.Orchestrator -- Event queue was interrupted
java.lang.InterruptedException: null
	at EventBus.EventQueue.take(EventQueue.java:58)
	at Orchestrator.Orchestrator.start(Orchestrator.java:78)
	at Orchestrator.OrchestratorTests.lambda$runOrchestratorInThread$0(OrchestratorTests.java:71)
	at java.base/java.lang.Thread.run(Thread.java:1583)
10:54:20.924 [Thread-1] ERROR Orchestrator.Orchestrator -- Event queue was interrupted
java.lang.InterruptedException: null
	at EventBus.EventQueue.take(EventQueue.java:58)
	at Orchestrator.Orchestrator.start(Orchestrator.java:78)
	at Orchestrator.OrchestratorTests.lambda$runOrchestratorInThread$0(OrchestratorTests.java:71)
	at java.base/java.lang.Thread.run(Thread.java:1583)
10:54:20.924 [Thread-1] ERROR Orchestrator.Orchestrator -- Event queue was interrupted
java.lang.InterruptedException: null
	at EventBus.EventQueue.take(EventQueue.java:58)
	at Orchestrator.Orchestrator.start(Orchestrator.java:78)
	at Orchestrator.OrchestratorTests.lambda$runOrchestratorInThread$0(OrchestratorTests.java:71)
	at java.base/java.lang.Thread.run(Thread.java:1583)
10:54:20.924 [Thread-2] ERROR Orchestrator.Orchestrator -- Event queue was interrupted
java.lang.InterruptedException: null
	at EventBus.EventQueue.take(EventQueue.java:58)
	at Orchestrator.Orchestrator.start(Orchestrator.java:78)
	at Orchestrator.OrchestratorTests.lambda$runOrchestratorInThread$0(OrchestratorTests.java:71)
	at java.base/java.lang.Thread.run(Thread.java:1583)
10:54:20.924 [Thread-1] ERROR Orchestrator.Orchestrator -- Event queue was interrupted
java.lang.InterruptedException: null
	at EventBus.EventQueue.take(EventQueue.java:58)
	at Orchestrator.Orchestrator.start(Orchestrator.java:78)
	at Orchestrator.OrchestratorTests.lambda$runOrchestratorInThread$0(OrchestratorTests.java:71)
	at java.base/java.lang.Thread.run(Thread.java:1583)
10:54:20.924 [Thread-1] ERROR Orchestrator.Orchestrator -- Event queue was interrupted
java.lang.InterruptedException: null
	at EventBus.EventQueue.take(EventQueue.java:58)
	at Orchestrator.Orchestrator.start(Orchestrator.java:78)
	at Orchestrator.OrchestratorTests.lambda$runOrchestratorInThread$0(OrchestratorTests.java:71)
	at java.base/java.lang.Thread.run(Thread.java:1583)
10:54:20.924 [Thread-1] ERROR Orchestrator.Orchestrator -- Event queue was interrupted
java.lang.InterruptedException: null
	at EventBus.EventQueue.take(EventQueue.java:58)
	at Orchestrator.Orchestrator.start(Orchestrator.java:78)
	at Orchestrator.OrchestratorTests.lambda$runOrchestratorInThread$0(OrchestratorTests.java:71)
	at java.base/java.lang.Thread.run(Thread.java:1583)
10:54:20.924 [Thread-2] ERROR Orchestrator.Orchestrator -- Event queue was interrupted
java.lang.InterruptedException: null
	at EventBus.EventQueue.take(EventQueue.java:58)
	at Orchestrator.Orchestrator.start(Orchestrator.java:78)
	at Orchestrator.OrchestratorTests.lambda$runOrchestratorInThread$0(OrchestratorTests.java:71)
	at java.base/java.lang.Thread.run(Thread.java:1583)
10:54:20.924 [Thread-1] ERROR Orchestrator.Orchestrator -- Event queue was interrupted
java.lang.InterruptedException: null
	at EventBus.EventQueue.take(EventQueue.java:58)
	at Orchestrator.Orchestrator.start(Orchestrator.java:78)
	at Orchestrator.OrchestratorTests.lambda$runOrchestratorInThread$0(OrchestratorTests.java:71)
	at java.base/java.lang.Thread.run(Thread.java:1583)
10:54:20.925 [Thread-1] ERROR Orchestrator.Orchestrator -- Event queue was interrupted
java.lang.InterruptedException: null
	at EventBus.EventQueue.take(EventQueue.java:58)
	at Orchestrator.Orchestrator.start(Orchestrator.java:78)
	at Orchestrator.OrchestratorTests.lambda$runOrchestratorInThread$0(OrchestratorTests.java:71)
	at java.base/java.lang.Thread.run(Thread.java:1583)
10:54:20.925 [Thread-2] ERROR Orchestrator.Orchestrator -- Event queue was interrupted
java.lang.InterruptedException: null
	at EventBus.EventQueue.take(EventQueue.java:58)
	at Orchestrator.Orchestrator.start(Orchestrator.java:78)
	at Orchestrator.OrchestratorTests.lambda$runOrchestratorInThread$0(OrchestratorTests.java:71)
	at java.base/java.lang.Thread.run(Thread.java:1583)
10:54:20.925 [Thread-1] ERROR Orchestrator.Orchestrator -- Event queue was interrupted
java.lang.InterruptedException: null
	at EventBus.EventQueue.take(EventQueue.java:58)
	at Orchestrator.Orchestrator.start(Orchestrator.java:78)
	at Orchestrator.OrchestratorTests.lambda$runOrchestratorInThread$0(OrchestratorTests.java:71)
	at java.base/java.lang.Thread.run(Thread.java:1583)
10:54:20.925 [Thread-1] ERROR Orchestrator.Orchestrator -- Event queue was interrupted
java.lang.InterruptedException: null
	at EventBus.EventQueue.take(EventQueue.java:58)
	at Orchestrator.Orchestrator.start(Orchestrator.java:78)
	at Orchestrator.OrchestratorTests.lambda$runOrchestratorInThread$0(OrchestratorTests.java:71)
	at java.base/java.lang.Thread.run(Thread.java:1583)
10:54:20.925 [Thread-1] ERROR Orchestrator.Orchestrator -- Event queue was interrupted
java.lang.InterruptedException: null
	at EventBus.EventQueue.take(EventQueue.java:58)
	at Orchestrator.Orchestrator.start(Orchestrator.java:78)
	at Orchestrator.OrchestratorTests.lambda$runOrchestratorInThread$0(OrchestratorTests.java:71)
	at java.base/java.lang.Thread.run(Thread.java:1583)
10:54:20.925 [Thread-2] ERROR Orchestrator.Orchestrator -- Event queue was interrupted
java.lang.InterruptedException: null
	at EventBus.EventQueue.take(EventQueue.java:58)
	at Orchestrator.Orchestrator.start(Orchestrator.java:78)
	at Orchestrator.OrchestratorTests.lambda$runOrchestratorInThread$0(OrchestratorTests.java:71)
	at java.base/java.lang.Thread.run(Thread.java:1583)
10:54:20.925 [Thread-1] ERROR Orchestrator.Orchestrator -- Event queue was interrupted
java.lang.InterruptedException: null
	at EventBus.EventQueue.take(EventQueue.java:58)
	at Orchestrator.Orchestrator.start(Orchestrator.java:78)
	at Orchestrator.OrchestratorTests.lambda$runOrchestratorInThread$0(OrchestratorTests.java:71)
	at java.base/java.lang.Thread.run(Thread.java:1583)
10:54:20.925 [Thread-1] ERROR Orchestrator.Orchestrator -- Event queue was interrupted
java.lang.InterruptedException: null
	at EventBus.EventQueue.take(EventQueue.java:58)
	at Orchestrator.Orchestrator.start(Orchestrator.java:78)
	at Orchestrator.OrchestratorTests.lambda$runOrchestratorInThread$0(OrchestratorTests.java:71)
	at java.base/java.lang.Thread.run(Thread.java:1583)
10:54:20.925 [Thread-1] ERROR Orchestrator.Orchestrator -- Event queue was interrupted
java.lang.InterruptedException: null
	at EventBus.EventQueue.take(EventQueue.java:58)
	at Orchestrator.Orchestrator.start(Orchestrator.java:78)
	at Orchestrator.OrchestratorTests.lambda$runOrchestratorInThread$0(OrchestratorTests.java:71)
	at java.base/java.lang.Thread.run(Thread.java:1583)
10:54:20.925 [Thread-2] ERROR Orchestrator.Orchestrator -- Event queue was interrupted
java.lang.InterruptedException: null
	at EventBus.EventQueue.take(EventQueue.java:58)
	at Orchestrator.Orchestrator.start(Orchestrator.java:78)
	at Orchestrator.OrchestratorTests.lambda$runOrchestratorInThread$0(OrchestratorTests.java:71)
	at java.base/java.lang.Thread.run(Thread.java:1583)
10:54:20.925 [Thread-1] ERROR Orchestrator.Orchestrator -- Event queue was interrupted
java.lang.InterruptedException: null
	at EventBus.EventQueue.take(EventQueue.java:58)
	at Orchestrator.Orchestrator.start(Orchestrator.java:78)
	at Orchestrator.OrchestratorTests.lambda$runOrchestratorInThread$0(OrchestratorTests.java:71)
	at java.base/java.lang.Thread.run(Thread.java:1583)
10:54:20.926 [Thread-1] ERROR Orchestrator.Orchestrator -- Event queue was interrupted
java.lang.InterruptedException: null
	at EventBus.EventQueue.take(EventQueue.java:58)
	at Orchestrator.Orchestrator.start(Orchestrator.java:78)
	at Orchestrator.OrchestratorTests.lambda$runOrchestratorInThread$0(OrchestratorTests.java:71)
	at java.base/java.lang.Thread.run(Thread.java:1583)
10:54:20.926 [Thread-2] ERROR Orchestrator.Orchestrator -- Event queue was interrupted
java.lang.InterruptedException: null
	at EventBus.EventQueue.take(EventQueue.java:58)
	at Orchestrator.Orchestrator.start(Orchestrator.java:78)
	at Orchestrator.OrchestratorTests.lambda$runOrchestratorInThread$0(OrchestratorTests.java:71)
	at java.base/java.lang.Thread.run(Thread.java:1583)
10:54:20.926 [Thread-1] ERROR Orchestrator.Orchestrator -- Event queue was interrupted
java.lang.InterruptedException: null
	at EventBus.EventQueue.take(EventQueue.java:58)
	at Orchestrator.Orchestrator.start(Orchestrator.java:78)
	at Orchestrator.OrchestratorTests.lambda$runOrchestratorInThread$0(OrchestratorTests.java:71)
	at java.base/java.lang.Thread.run(Thread.java:1583)
10:54:20.926 [Thread-1] ERROR Orchestrator.Orchestrator -- Event queue was interrupted
java.lang.InterruptedException: null
	at EventBus.EventQueue.take(EventQueue.java:58)
	at Orchestrator.Orchestrator.start(Orchestrator.java:78)
	at Orchestrator.OrchestratorTests.lambda$runOrchestratorInThread$0(OrchestratorTests.java:71)
	at java.base/java.lang.Thread.run(Thread.java:1583)
10:54:20.926 [Thread-1] ERROR Orchestrator.Orchestrator -- Event queue was interrupted
java.lang.InterruptedException: null
	at EventBus.EventQueue.take(EventQueue.java:58)
	at Orchestrator.Orchestrator.start(Orchestrator.java:78)
	at Orchestrator.OrchestratorTests.lambda$runOrchestratorInThread$0(OrchestratorTests.java:71)
	at java.base/java.lang.Thread.run(Thread.java:1583)
10:54:20.926 [Thread-2] ERROR Orchestrator.Orchestrator -- Event queue was interrupted
java.lang.InterruptedException: null
	at EventBus.EventQueue.take(EventQueue.java:58)
	at Orchestrator.Orchestrator.start(Orchestrator.java:78)
	at Orchestrator.OrchestratorTests.lambda$runOrchestratorInThread$0(OrchestratorTests.java:71)
	at java.base/java.lang.Thread.run(Thread.java:1583)
10:54:20.926 [Thread-1] ERROR Orchestrator.Orchestrator -- Event queue was interrupted
java.lang.InterruptedException: null
	at EventBus.EventQueue.take(EventQueue.java:58)
	at Orchestrator.Orchestrator.start(Orchestrator.java:78)
	at Orchestrator.OrchestratorTests.lambda$runOrchestratorInThread$0(OrchestratorTests.java:71)
	at java.base/java.lang.Thread.run(Thread.java:1583)
10:54:20.926 [Thread-2] ERROR Orchestrator.Orchestrator -- Event queue was interrupted
java.lang.InterruptedException: null
	at EventBus.EventQueue.take(EventQueue.java:58)
	at Orchestrator.Orchestrator.start(Orchestrator.java:78)
	at Orchestrator.OrchestratorTests.lambda$runOrchestratorInThread$0(OrchestratorTests.java:71)
	at java.base/java.lang.Thread.run(Thread.java:1583)
10:54:20.926 [Thread-1] ERROR Orchestrator.Orchestrator -- Event queue was interrupted
java.lang.InterruptedException: null
	at EventBus.EventQueue.take(EventQueue.java:58)
	at Orchestrator.Orchestrator.start(Orchestrator.java:78)
	at Orchestrator.OrchestratorTests.lambda$runOrchestratorInThread$0(OrchestratorTests.java:71)
	at java.base/java.lang.Thread.run(Thread.java:1583)
10:54:20.927 [Thread-1] ERROR Orchestrator.Orchestrator -- Event queue was interrupted
java.lang.InterruptedException: null
	at EventBus.EventQueue.take(EventQueue.java:58)
	at Orchestrator.Orchestrator.start(Orchestrator.java:78)
	at Orchestrator.OrchestratorTests.lambda$runOrchestratorInThread$0(OrchestratorTests.java:71)
	at java.base/java.lang.Thread.run(Thread.java:1583)
10:54:20.927 [Thread-1] ERROR Orchestrator.Orchestrator -- Event queue was interrupted
java.lang.InterruptedException: null
	at EventBus.EventQueue.take(EventQueue.java:58)
	at Orchestrator.Orchestrator.start(Orchestrator.java:78)
	at Orchestrator.OrchestratorTests.lambda$runOrchestratorInThread$0(OrchestratorTests.java:71)
	at java.base/java.lang.Thread.run(Thread.java:1583)
10:54:20.927 [Thread-2] ERROR Orchestrator.Orchestrator -- Event queue was interrupted
java.lang.InterruptedException: null
	at EventBus.EventQueue.take(EventQueue.java:58)
	at Orchestrator.Orchestrator.start(Orchestrator.java:78)
	at Orchestrator.OrchestratorTests.lambda$runOrchestratorInThread$0(OrchestratorTests.java:71)
	at java.base/java.lang.Thread.run(Thread.java:1583)
10:54:20.927 [Thread-1] ERROR Orchestrator.Orchestrator -- Event queue was interrupted
java.lang.InterruptedException: null
	at EventBus.EventQueue.take(EventQueue.java:58)
	at Orchestrator.Orchestrator.start(Orchestrator.java:78)
	at Orchestrator.OrchestratorTests.lambda$runOrchestratorInThread$0(OrchestratorTests.java:71)
	at java.base/java.lang.Thread.run(Thread.java:1583)
10:54:20.927 [Thread-2] ERROR Orchestrator.Orchestrator -- Event queue was interrupted
java.lang.InterruptedException: null
	at EventBus.EventQueue.take(EventQueue.java:58)
	at Orchestrator.Orchestrator.start(Orchestrator.java:78)
	at Orchestrator.OrchestratorTests.lambda$runOrchestratorInThread$0(OrchestratorTests.java:71)
	at java.base/java.lang.Thread.run(Thread.java:1583)
10:54:20.927 [Thread-1] ERROR Orchestrator.Orchestrator -- Event queue was interrupted
java.lang.InterruptedException: null
	at EventBus.EventQueue.take(EventQueue.java:58)
	at Orchestrator.Orchestrator.start(Orchestrator.java:78)
	at Orchestrator.OrchestratorTests.lambda$runOrchestratorInThread$0(OrchestratorTests.java:71)
	at java.base/java.lang.Thread.run(Thread.java:1583)
10:54:20.927 [Thread-1] ERROR Orchestrator.Orchestrator -- Event queue was interrupted
java.lang.InterruptedException: null
	at EventBus.EventQueue.take(EventQueue.java:58)
	at Orchestrator.Orchestrator.start(Orchestrator.java:78)
	at Orchestrator.OrchestratorTests.lambda$runOrchestratorInThread$0(OrchestratorTests.java:71)
	at java.base/java.lang.Thread.run(Thread.java:1583)
10:54:20.927 [Thread-2] ERROR Orchestrator.Orchestrator -- Event queue was interrupted
java.lang.InterruptedException: null
	at EventBus.EventQueue.take(EventQueue.java:58)
	at Orchestrator.Orchestrator.start(Orchestrator.java:78)
	at Orchestrator.OrchestratorTests.lambda$runOrchestratorInThread$0(OrchestratorTests.java:71)
	at java.base/java.lang.Thread.run(Thread.java:1583)
10:54:20.927 [Thread-1] ERROR Orchestrator.Orchestrator -- Event queue was interrupted
java.lang.InterruptedException: null
	at EventBus.EventQueue.take(EventQueue.java:58)
	at Orchestrator.Orchestrator.start(Orchestrator.java:78)
	at Orchestrator.OrchestratorTests.lambda$runOrchestratorInThread$0(OrchestratorTests.java:71)
	at java.base/java.lang.Thread.run(Thread.java:1583)
10:54:20.927 [Thread-1] ERROR Orchestrator.Orchestrator -- Event queue was interrupted
java.lang.InterruptedException: null
	at EventBus.EventQueue.take(EventQueue.java:58)
	at Orchestrator.Orchestrator.start(Orchestrator.java:78)
	at Orchestrator.OrchestratorTests.lambda$runOrchestratorInThread$0(OrchestratorTests.java:71)
	at java.base/java.lang.Thread.run(Thread.java:1583)
10:54:20.928 [Thread-1] ERROR Orchestrator.Orchestrator -- Event queue was interrupted
java.lang.InterruptedException: null
	at EventBus.EventQueue.take(EventQueue.java:58)
	at Orchestrator.Orchestrator.start(Orchestrator.java:78)
	at Orchestrator.OrchestratorTests.lambda$runOrchestratorInThread$0(OrchestratorTests.java:71)
	at java.base/java.lang.Thread.run(Thread.java:1583)
10:54:20.928 [Thread-2] ERROR Orchestrator.Orchestrator -- Event queue was interrupted
java.lang.InterruptedException: null
	at EventBus.EventQueue.take(EventQueue.java:58)
	at Orchestrator.Orchestrator.start(Orchestrator.java:78)
	at Orchestrator.OrchestratorTests.lambda$runOrchestratorInThread$0(OrchestratorTests.java:71)
	at java.base/java.lang.Thread.run(Thread.java:1583)
10:54:20.928 [Thread-1] ERROR Orchestrator.Orchestrator -- Event queue was interrupted
java.lang.InterruptedException: null
	at EventBus.EventQueue.take(EventQueue.java:58)
	at Orchestrator.Orchestrator.start(Orchestrator.java:78)
	at Orchestrator.OrchestratorTests.lambda$runOrchestratorInThread$0(OrchestratorTests.java:71)
	at java.base/java.lang.Thread.run(Thread.java:1583)
10:54:20.928 [Thread-1] ERROR Orchestrator.Orchestrator -- Event queue was interrupted
java.lang.InterruptedException: null
	at EventBus.EventQueue.take(EventQueue.java:58)
	at Orchestrator.Orchestrator.start(Orchestrator.java:78)
	at Orchestrator.OrchestratorTests.lambda$runOrchestratorInThread$0(OrchestratorTests.java:71)
	at java.base/java.lang.Thread.run(Thread.java:1583)
10:54:20.928 [Thread-1] ERROR Orchestrator.Orchestrator -- Event queue was interrupted
java.lang.InterruptedException: null
	at EventBus.EventQueue.take(EventQueue.java:58)
	at Orchestrator.Orchestrator.start(Orchestrator.java:78)
	at Orchestrator.OrchestratorTests.lambda$runOrchestratorInThread$0(OrchestratorTests.java:71)
	at java.base/java.lang.Thread.run(Thread.java:1583)
10:54:20.928 [Thread-2] ERROR Orchestrator.Orchestrator -- Event queue was interrupted
java.lang.InterruptedException: null
	at EventBus.EventQueue.take(EventQueue.java:58)
	at Orchestrator.Orchestrator.start(Orchestrator.java:78)
	at Orchestrator.OrchestratorTests.lambda$runOrchestratorInThread$0(OrchestratorTests.java:71)
	at java.base/java.lang.Thread.run(Thread.java:1583)
10:54:20.928 [Thread-2] ERROR Orchestrator.Orchestrator -- Event queue was interrupted
java.lang.InterruptedException: null
	at EventBus.EventQueue.take(EventQueue.java:58)
	at Orchestrator.Orchestrator.start(Orchestrator.java:78)
	at Orchestrator.OrchestratorTests.lambda$runOrchestratorInThread$0(OrchestratorTests.java:71)
	at java.base/java.lang.Thread.run(Thread.java:1583)
10:54:20.928 [Thread-2] ERROR Orchestrator.Orchestrator -- Event queue was interrupted
java.lang.InterruptedException: null
	at EventBus.EventQueue.take(EventQueue.java:58)
	at Orchestrator.Orchestrator.start(Orchestrator.java:78)
	at Orchestrator.OrchestratorTests.lambda$runOrchestratorInThread$0(OrchestratorTests.java:71)
	at java.base/java.lang.Thread.run(Thread.java:1583)
10:54:20.929 [Thread-2] ERROR Orchestrator.Orchestrator -- Event queue was interrupted
java.lang.InterruptedException: null
	at EventBus.EventQueue.take(EventQueue.java:58)
	at Orchestrator.Orchestrator.start(Orchestrator.java:78)
	at Orchestrator.OrchestratorTests.lambda$runOrchestratorInThread$0(OrchestratorTests.java:71)
	at java.base/java.lang.Thread.run(Thread.java:1583)
10:54:20.929 [Thread-2] ERROR Orchestrator.Orchestrator -- Event queue was interrupted
java.lang.InterruptedException: null
	at EventBus.EventQueue.take(EventQueue.java:58)
	at Orchestrator.Orchestrator.start(Orchestrator.java:78)
	at Orchestrator.OrchestratorTests.lambda$runOrchestratorInThread$0(OrchestratorTests.java:71)
	at java.base/java.lang.Thread.run(Thread.java:1583)
10:54:20.929 [Thread-2] ERROR Orchestrator.Orchestrator -- Event queue was interrupted
java.lang.InterruptedException: null
	at EventBus.EventQueue.take(EventQueue.java:58)
	at Orchestrator.Orchestrator.start(Orchestrator.java:78)
	at Orchestrator.OrchestratorTests.lambda$runOrchestratorInThread$0(OrchestratorTests.java:71)
	at java.base/java.lang.Thread.run(Thread.java:1583)
10:54:20.930 [Thread-2] ERROR Orchestrator.Orchestrator -- Event queue was interrupted
java.lang.InterruptedException: null
	at EventBus.EventQueue.take(EventQueue.java:58)
	at Orchestrator.Orchestrator.start(Orchestrator.java:78)
	at Orchestrator.OrchestratorTests.lambda$runOrchestratorInThread$0(OrchestratorTests.java:71)
	at java.base/java.lang.Thread.run(Thread.java:1583)
10:54:20.930 [Thread-2] ERROR Orchestrator.Orchestrator -- Event queue was interrupted
java.lang.InterruptedException: null
	at EventBus.EventQueue.take(EventQueue.java:58)
	at Orchestrator.Orchestrator.start(Orchestrator.java:78)
	at Orchestrator.OrchestratorTests.lambda$runOrchestratorInThread$0(OrchestratorTests.java:71)
	at java.base/java.lang.Thread.run(Thread.java:1583)
10:54:20.930 [Thread-2] ERROR Orchestrator.Orchestrator -- Event queue was interrupted
java.lang.InterruptedException: null
	at EventBus.EventQueue.take(EventQueue.java:58)
	at Orchestrator.Orchestrator.start(Orchestrator.java:78)
	at Orchestrator.OrchestratorTests.lambda$runOrchestratorInThread$0(OrchestratorTests.java:71)
	at java.base/java.lang.Thread.run(Thread.java:1583)
10:54:20.928 [Thread-1] ERROR Orchestrator.Orchestrator -- Event queue was interrupted
java.lang.InterruptedException: null
	at EventBus.EventQueue.take(EventQueue.java:58)
	at Orchestrator.Orchestrator.start(Orchestrator.java:78)
	at Orchestrator.OrchestratorTests.lambda$runOrchestratorInThread$0(OrchestratorTests.java:71)
	at java.base/java.lang.Thread.run(Thread.java:1583)
10:54:20.931 [Thread-1] ERROR Orchestrator.Orchestrator -- Event queue was interrupted
java.lang.InterruptedException: null
	at EventBus.EventQueue.take(EventQueue.java:58)
	at Orchestrator.Orchestrator.start(Orchestrator.java:78)
	at Orchestrator.OrchestratorTests.lambda$runOrchestratorInThread$0(OrchestratorTests.java:71)
	at java.base/java.lang.Thread.run(Thread.java:1583)
10:54:20.931 [Thread-2] ERROR Orchestrator.Orchestrator -- Event queue was interrupted
java.lang.InterruptedException: null
	at EventBus.EventQueue.take(EventQueue.java:58)
	at Orchestrator.Orchestrator.start(Orchestrator.java:78)
	at Orchestrator.OrchestratorTests.lambda$runOrchestratorInThread$0(OrchestratorTests.java:71)
	at java.base/java.lang.Thread.run(Thread.java:1583)
10:54:20.931 [Thread-1] ERROR Orchestrator.Orchestrator -- Event queue was interrupted
java.lang.InterruptedException: null
	at EventBus.EventQueue.take(EventQueue.java:58)
	at Orchestrator.Orchestrator.start(Orchestrator.java:78)
	at Orchestrator.OrchestratorTests.lambda$runOrchestratorInThread$0(OrchestratorTests.java:71)
	at java.base/java.lang.Thread.run(Thread.java:1583)
10:54:20.931 [Thread-1] ERROR Orchestrator.Orchestrator -- Event queue was interrupted
java.lang.InterruptedException: null
	at EventBus.EventQueue.take(EventQueue.java:58)
	at Orchestrator.Orchestrator.start(Orchestrator.java:78)
	at Orchestrator.OrchestratorTests.lambda$runOrchestratorInThread$0(OrchestratorTests.java:71)
	at java.base/java.lang.Thread.run(Thread.java:1583)
10:54:20.931 [Thread-1] ERROR Orchestrator.Orchestrator -- Event queue was interrupted
java.lang.InterruptedException: null
	at EventBus.EventQueue.take(EventQueue.java:58)
	at Orchestrator.Orchestrator.start(Orchestrator.java:78)
	at Orchestrator.OrchestratorTests.lambda$runOrchestratorInThread$0(OrchestratorTests.java:71)
	at java.base/java.lang.Thread.run(Thread.java:1583)
10:54:20.931 [Thread-2] ERROR Orchestrator.Orchestrator -- Event queue was interrupted
java.lang.InterruptedException: null
	at EventBus.EventQueue.take(EventQueue.java:58)
	at Orchestrator.Orchestrator.start(Orchestrator.java:78)
	at Orchestrator.OrchestratorTests.lambda$runOrchestratorInThread$0(OrchestratorTests.java:71)
	at java.base/java.lang.Thread.run(Thread.java:1583)
10:54:20.931 [Thread-1] ERROR Orchestrator.Orchestrator -- Event queue was interrupted
java.lang.InterruptedException: null
	at EventBus.EventQueue.take(EventQueue.java:58)
	at Orchestrator.Orchestrator.start(Orchestrator.java:78)
	at Orchestrator.OrchestratorTests.lambda$runOrchestratorInThread$0(OrchestratorTests.java:71)
	at java.base/java.lang.Thread.run(Thread.java:1583)
10:54:20.931 [Thread-1] ERROR Orchestrator.Orchestrator -- Event queue was interrupted
java.lang.InterruptedException: null
	at EventBus.EventQueue.take(EventQueue.java:58)
	at Orchestrator.Orchestrator.start(Orchestrator.java:78)
	at Orchestrator.OrchestratorTests.lambda$runOrchestratorInThread$0(OrchestratorTests.java:71)
	at java.base/java.lang.Thread.run(Thread.java:1583)
10:54:20.931 [Thread-2] ERROR Orchestrator.Orchestrator -- Event queue was interrupted
java.lang.InterruptedException: null
	at EventBus.EventQueue.take(EventQueue.java:58)
	at Orchestrator.Orchestrator.start(Orchestrator.java:78)
	at Orchestrator.OrchestratorTests.lambda$runOrchestratorInThread$0(OrchestratorTests.java:71)
	at java.base/java.lang.Thread.run(Thread.java:1583)
10:54:20.931 [Thread-1] ERROR Orchestrator.Orchestrator -- Event queue was interrupted
java.lang.InterruptedException: null
	at EventBus.EventQueue.take(EventQueue.java:58)
	at Orchestrator.Orchestrator.start(Orchestrator.java:78)
	at Orchestrator.OrchestratorTests.lambda$runOrchestratorInThread$0(OrchestratorTests.java:71)
	at java.base/java.lang.Thread.run(Thread.java:1583)
10:54:20.931 [Thread-1] ERROR Orchestrator.Orchestrator -- Event queue was interrupted
java.lang.InterruptedException: null
	at EventBus.EventQueue.take(EventQueue.java:58)
	at Orchestrator.Orchestrator.start(Orchestrator.java:78)
	at Orchestrator.OrchestratorTests.lambda$runOrchestratorInThread$0(OrchestratorTests.java:71)
	at java.base/java.lang.Thread.run(Thread.java:1583)
10:54:20.931 [Thread-2] ERROR Orchestrator.Orchestrator -- Event queue was interrupted
java.lang.InterruptedException: null
	at EventBus.EventQueue.take(EventQueue.java:58)
	at Orchestrator.Orchestrator.start(Orchestrator.java:78)
	at Orchestrator.OrchestratorTests.lambda$runOrchestratorInThread$0(OrchestratorTests.java:71)
	at java.base/java.lang.Thread.run(Thread.java:1583)
10:54:20.932 [Thread-1] ERROR Orchestrator.Orchestrator -- Event queue was interrupted
java.lang.InterruptedException: null
	at EventBus.EventQueue.take(EventQueue.java:58)
	at Orchestrator.Orchestrator.start(Orchestrator.java:78)
	at Orchestrator.OrchestratorTests.lambda$runOrchestratorInThread$0(OrchestratorTests.java:71)
	at java.base/java.lang.Thread.run(Thread.java:1583)
10:54:20.932 [Thread-1] ERROR Orchestrator.Orchestrator -- Event queue was interrupted
java.lang.InterruptedException: null
	at EventBus.EventQueue.take(EventQueue.java:58)
	at Orchestrator.Orchestrator.start(Orchestrator.java:78)
	at Orchestrator.OrchestratorTests.lambda$runOrchestratorInThread$0(OrchestratorTests.java:71)
	at java.base/java.lang.Thread.run(Thread.java:1583)
10:54:20.932 [Thread-1] ERROR Orchestrator.Orchestrator -- Event queue was interrupted
java.lang.InterruptedException: null
	at EventBus.EventQueue.take(EventQueue.java:58)
	at Orchestrator.Orchestrator.start(Orchestrator.java:78)
	at Orchestrator.OrchestratorTests.lambda$runOrchestratorInThread$0(OrchestratorTests.java:71)
	at java.base/java.lang.Thread.run(Thread.java:1583)
10:54:20.932 [Thread-2] ERROR Orchestrator.Orchestrator -- Event queue was interrupted
java.lang.InterruptedException: null
	at EventBus.EventQueue.take(EventQueue.java:58)
	at Orchestrator.Orchestrator.start(Orchestrator.java:78)
	at Orchestrator.OrchestratorTests.lambda$runOrchestratorInThread$0(OrchestratorTests.java:71)
	at java.base/java.lang.Thread.run(Thread.java:1583)
10:54:20.932 [Thread-1] ERROR Orchestrator.Orchestrator -- Event queue was interrupted
java.lang.InterruptedException: null
	at EventBus.EventQueue.take(EventQueue.java:58)
	at Orchestrator.Orchestrator.start(Orchestrator.java:78)
	at Orchestrator.OrchestratorTests.lambda$runOrchestratorInThread$0(OrchestratorTests.java:71)
	at java.base/java.lang.Thread.run(Thread.java:1583)
10:54:20.932 [Thread-1] ERROR Orchestrator.Orchestrator -- Event queue was interrupted
java.lang.InterruptedException: null
	at EventBus.EventQueue.take(EventQueue.java:58)
	at Orchestrator.Orchestrator.start(Orchestrator.java:78)
	at Orchestrator.OrchestratorTests.lambda$runOrchestratorInThread$0(OrchestratorTests.java:71)
	at java.base/java.lang.Thread.run(Thread.java:1583)
10:54:20.932 [Thread-2] ERROR Orchestrator.Orchestrator -- Event queue was interrupted
java.lang.InterruptedException: null
	at EventBus.EventQueue.take(EventQueue.java:58)
	at Orchestrator.Orchestrator.start(Orchestrator.java:78)
	at Orchestrator.OrchestratorTests.lambda$runOrchestratorInThread$0(OrchestratorTests.java:71)
	at java.base/java.lang.Thread.run(Thread.java:1583)
10:54:20.932 [Thread-1] ERROR Orchestrator.Orchestrator -- Event queue was interrupted
java.lang.InterruptedException: null
	at EventBus.EventQueue.take(EventQueue.java:58)
	at Orchestrator.Orchestrator.start(Orchestrator.java:78)
	at Orchestrator.OrchestratorTests.lambda$runOrchestratorInThread$0(OrchestratorTests.java:71)
	at java.base/java.lang.Thread.run(Thread.java:1583)
10:54:20.932 [Thread-1] ERROR Orchestrator.Orchestrator -- Event queue was interrupted
java.lang.InterruptedException: null
	at EventBus.EventQueue.take(EventQueue.java:58)
	at Orchestrator.Orchestrator.start(Orchestrator.java:78)
	at Orchestrator.OrchestratorTests.lambda$runOrchestratorInThread$0(OrchestratorTests.java:71)
	at java.base/java.lang.Thread.run(Thread.java:1583)
10:54:20.932 [Thread-2] ERROR Orchestrator.Orchestrator -- Event queue was interrupted
java.lang.InterruptedException: null
	at EventBus.EventQueue.take(EventQueue.java:58)
	at Orchestrator.Orchestrator.start(Orchestrator.java:78)
	at Orchestrator.OrchestratorTests.lambda$runOrchestratorInThread$0(OrchestratorTests.java:71)
	at java.base/java.lang.Thread.run(Thread.java:1583)
10:54:20.933 [Thread-1] ERROR Orchestrator.Orchestrator -- Event queue was interrupted
java.lang.InterruptedException: null
	at EventBus.EventQueue.take(EventQueue.java:58)
	at Orchestrator.Orchestrator.start(Orchestrator.java:78)
	at Orchestrator.OrchestratorTests.lambda$runOrchestratorInThread$0(OrchestratorTests.java:71)
	at java.base/java.lang.Thread.run(Thread.java:1583)
10:54:20.933 [Thread-1] ERROR Orchestrator.Orchestrator -- Event queue was interrupted
java.lang.InterruptedException: null
	at EventBus.EventQueue.take(EventQueue.java:58)
	at Orchestrator.Orchestrator.start(Orchestrator.java:78)
	at Orchestrator.OrchestratorTests.lambda$runOrchestratorInThread$0(OrchestratorTests.java:71)
	at java.base/java.lang.Thread.run(Thread.java:1583)
10:54:20.933 [Thread-2] ERROR Orchestrator.Orchestrator -- Event queue was interrupted
java.lang.InterruptedException: null
	at EventBus.EventQueue.take(EventQueue.java:58)
	at Orchestrator.Orchestrator.start(Orchestrator.java:78)
	at Orchestrator.OrchestratorTests.lambda$runOrchestratorInThread$0(OrchestratorTests.java:71)
	at java.base/java.lang.Thread.run(Thread.java:1583)
10:54:20.933 [Thread-1] ERROR Orchestrator.Orchestrator -- Event queue was interrupted
java.lang.InterruptedException: null
	at EventBus.EventQueue.take(EventQueue.java:58)
	at Orchestrator.Orchestrator.start(Orchestrator.java:78)
	at Orchestrator.OrchestratorTests.lambda$runOrchestratorInThread$0(OrchestratorTests.java:71)
	at java.base/java.lang.Thread.run(Thread.java:1583)
10:54:20.933 [Thread-1] ERROR Orchestrator.Orchestrator -- Event queue was interrupted
java.lang.InterruptedException: null
	at EventBus.EventQueue.take(EventQueue.java:58)
	at Orchestrator.Orchestrator.start(Orchestrator.java:78)
	at Orchestrator.OrchestratorTests.lambda$runOrchestratorInThread$0(OrchestratorTests.java:71)
	at java.base/java.lang.Thread.run(Thread.java:1583)
10:54:20.933 [Thread-1] ERROR Orchestrator.Orchestrator -- Event queue was interrupted
java.lang.InterruptedException: null
	at EventBus.EventQueue.take(EventQueue.java:58)
	at Orchestrator.Orchestrator.start(Orchestrator.java:78)
	at Orchestrator.OrchestratorTests.lambda$runOrchestratorInThread$0(OrchestratorTests.java:71)
	at java.base/java.lang.Thread.run(Thread.java:1583)
10:54:20.933 [Thread-1] ERROR Orchestrator.Orchestrator -- Event queue was interrupted
java.lang.InterruptedException: null
	at EventBus.EventQueue.take(EventQueue.java:58)
	at Orchestrator.Orchestrator.start(Orchestrator.java:78)
	at Orchestrator.OrchestratorTests.lambda$runOrchestratorInThread$0(OrchestratorTests.java:71)
	at java.base/java.lang.Thread.run(Thread.java:1583)
10:54:20.933 [Thread-1] ERROR Orchestrator.Orchestrator -- Event queue was interrupted
java.lang.InterruptedException: null
	at EventBus.EventQueue.take(EventQueue.java:58)
	at Orchestrator.Orchestrator.start(Orchestrator.java:78)
	at Orchestrator.OrchestratorTests.lambda$runOrchestratorInThread$0(OrchestratorTests.java:71)
	at java.base/java.lang.Thread.run(Thread.java:1583)
10:54:20.933 [Thread-1] ERROR Orchestrator.Orchestrator -- Event queue was interrupted
java.lang.InterruptedException: null
	at EventBus.EventQueue.take(EventQueue.java:58)
	at Orchestrator.Orchestrator.start(Orchestrator.java:78)
	at Orchestrator.OrchestratorTests.lambda$runOrchestratorInThread$0(OrchestratorTests.java:71)
	at java.base/java.lang.Thread.run(Thread.java:1583)
10:54:20.933 [Thread-1] ERROR Orchestrator.Orchestrator -- Event queue was interrupted
java.lang.InterruptedException: null
	at EventBus.EventQueue.take(EventQueue.java:58)
	at Orchestrator.Orchestrator.start(Orchestrator.java:78)
	at Orchestrator.OrchestratorTests.lambda$runOrchestratorInThread$0(OrchestratorTests.java:71)
	at java.base/java.lang.Thread.run(Thread.java:1583)
10:54:20.934 [Thread-1] ERROR Orchestrator.Orchestrator -- Event queue was interrupted
java.lang.InterruptedException: null
	at EventBus.EventQueue.take(EventQueue.java:58)
	at Orchestrator.Orchestrator.start(Orchestrator.java:78)
	at Orchestrator.OrchestratorTests.lambda$runOrchestratorInThread$0(OrchestratorTests.java:71)
	at java.base/java.lang.Thread.run(Thread.java:1583)
10:54:20.934 [Thread-1] ERROR Orchestrator.Orchestrator -- Event queue was interrupted
java.lang.InterruptedException: null
	at EventBus.EventQueue.take(EventQueue.java:58)
	at Orchestrator.Orchestrator.start(Orchestrator.java:78)
	at Orchestrator.OrchestratorTests.lambda$runOrchestratorInThread$0(OrchestratorTests.java:71)
	at java.base/java.lang.Thread.run(Thread.java:1583)
10:54:20.933 [Thread-2] ERROR Orchestrator.Orchestrator -- Event queue was interrupted
java.lang.InterruptedException: null
	at EventBus.EventQueue.take(EventQueue.java:58)
	at Orchestrator.Orchestrator.start(Orchestrator.java:78)
	at Orchestrator.OrchestratorTests.lambda$runOrchestratorInThread$0(OrchestratorTests.java:71)
	at java.base/java.lang.Thread.run(Thread.java:1583)
10:54:20.934 [Thread-1] ERROR Orchestrator.Orchestrator -- Event queue was interrupted
java.lang.InterruptedException: null
	at EventBus.EventQueue.take(EventQueue.java:58)
	at Orchestrator.Orchestrator.start(Orchestrator.java:78)
	at Orchestrator.OrchestratorTests.lambda$runOrchestratorInThread$0(OrchestratorTests.java:71)
	at java.base/java.lang.Thread.run(Thread.java:1583)
10:54:20.934 [Thread-1] ERROR Orchestrator.Orchestrator -- Event queue was interrupted
java.lang.InterruptedException: null
	at EventBus.EventQueue.take(EventQueue.java:58)
	at Orchestrator.Orchestrator.start(Orchestrator.java:78)
	at Orchestrator.OrchestratorTests.lambda$runOrchestratorInThread$0(OrchestratorTests.java:71)
	at java.base/java.lang.Thread.run(Thread.java:1583)
10:54:20.934 [Thread-1] ERROR Orchestrator.Orchestrator -- Event queue was interrupted
java.lang.InterruptedException: null
	at EventBus.EventQueue.take(EventQueue.java:58)
	at Orchestrator.Orchestrator.start(Orchestrator.java:78)
	at Orchestrator.OrchestratorTests.lambda$runOrchestratorInThread$0(OrchestratorTests.java:71)
	at java.base/java.lang.Thread.run(Thread.java:1583)
10:54:20.934 [Thread-1] ERROR Orchestrator.Orchestrator -- Event queue was interrupted
java.lang.InterruptedException: null
	at EventBus.EventQueue.take(EventQueue.java:58)
	at Orchestrator.Orchestrator.start(Orchestrator.java:78)
	at Orchestrator.OrchestratorTests.lambda$runOrchestratorInThread$0(OrchestratorTests.java:71)
	at java.base/java.lang.Thread.run(Thread.java:1583)
10:54:20.934 [Thread-2] ERROR Orchestrator.Orchestrator -- Event queue was interrupted
java.lang.InterruptedException: null
	at EventBus.EventQueue.take(EventQueue.java:58)
	at Orchestrator.Orchestrator.start(Orchestrator.java:78)
	at Orchestrator.OrchestratorTests.lambda$runOrchestratorInThread$0(OrchestratorTests.java:71)
	at java.base/java.lang.Thread.run(Thread.java:1583)
10:54:20.934 [Thread-1] ERROR Orchestrator.Orchestrator -- Event queue was interrupted
java.lang.InterruptedException: null
	at EventBus.EventQueue.take(EventQueue.java:58)
	at Orchestrator.Orchestrator.start(Orchestrator.java:78)
	at Orchestrator.OrchestratorTests.lambda$runOrchestratorInThread$0(OrchestratorTests.java:71)
	at java.base/java.lang.Thread.run(Thread.java:1583)
10:54:20.934 [Thread-1] ERROR Orchestrator.Orchestrator -- Event queue was interrupted
java.lang.InterruptedException: null
	at EventBus.EventQueue.take(EventQueue.java:58)
	at Orchestrator.Orchestrator.start(Orchestrator.java:78)
	at Orchestrator.OrchestratorTests.lambda$runOrchestratorInThread$0(OrchestratorTests.java:71)
	at java.base/java.lang.Thread.run(Thread.java:1583)
10:54:20.934 [Thread-2] ERROR Orchestrator.Orchestrator -- Event queue was interrupted
java.lang.InterruptedException: null
	at EventBus.EventQueue.take(EventQueue.java:58)
	at Orchestrator.Orchestrator.start(Orchestrator.java:78)
	at Orchestrator.OrchestratorTests.lambda$runOrchestratorInThread$0(OrchestratorTests.java:71)
	at java.base/java.lang.Thread.run(Thread.java:1583)
10:54:20.934 [Thread-1] ERROR Orchestrator.Orchestrator -- Event queue was interrupted
java.lang.InterruptedException: null
	at EventBus.EventQueue.take(EventQueue.java:58)
	at Orchestrator.Orchestrator.start(Orchestrator.java:78)
	at Orchestrator.OrchestratorTests.lambda$runOrchestratorInThread$0(OrchestratorTests.java:71)
	at java.base/java.lang.Thread.run(Thread.java:1583)
10:54:20.934 [Thread-1] ERROR Orchestrator.Orchestrator -- Event queue was interrupted
java.lang.InterruptedException: null
	at EventBus.EventQueue.take(EventQueue.java:58)
	at Orchestrator.Orchestrator.start(Orchestrator.java:78)
	at Orchestrator.OrchestratorTests.lambda$runOrchestratorInThread$0(OrchestratorTests.java:71)
	at java.base/java.lang.Thread.run(Thread.java:1583)
10:54:20.935 [Thread-1] ERROR Orchestrator.Orchestrator -- Event queue was interrupted
java.lang.InterruptedException: null
	at EventBus.EventQueue.take(EventQueue.java:58)
	at Orchestrator.Orchestrator.start(Orchestrator.java:78)
	at Orchestrator.OrchestratorTests.lambda$runOrchestratorInThread$0(OrchestratorTests.java:71)
	at java.base/java.lang.Thread.run(Thread.java:1583)
10:54:20.935 [Thread-2] ERROR Orchestrator.Orchestrator -- Event queue was interrupted
java.lang.InterruptedException: null
	at EventBus.EventQueue.take(EventQueue.java:58)
	at Orchestrator.Orchestrator.start(Orchestrator.java:78)
	at Orchestrator.OrchestratorTests.lambda$runOrchestratorInThread$0(OrchestratorTests.java:71)
	at java.base/java.lang.Thread.run(Thread.java:1583)
10:54:20.935 [Thread-1] ERROR Orchestrator.Orchestrator -- Event queue was interrupted
java.lang.InterruptedException: null
	at EventBus.EventQueue.take(EventQueue.java:58)
	at Orchestrator.Orchestrator.start(Orchestrator.java:78)
	at Orchestrator.OrchestratorTests.lambda$runOrchestratorInThread$0(OrchestratorTests.java:71)
	at java.base/java.lang.Thread.run(Thread.java:1583)
10:54:20.935 [Thread-1] ERROR Orchestrator.Orchestrator -- Event queue was interrupted
java.lang.InterruptedException: null
	at EventBus.EventQueue.take(EventQueue.java:58)
	at Orchestrator.Orchestrator.start(Orchestrator.java:78)
	at Orchestrator.OrchestratorTests.lambda$runOrchestratorInThread$0(OrchestratorTests.java:71)
	at java.base/java.lang.Thread.run(Thread.java:1583)
10:54:20.935 [Thread-2] ERROR Orchestrator.Orchestrator -- Event queue was interrupted
java.lang.InterruptedException: null
	at EventBus.EventQueue.take(EventQueue.java:58)
	at Orchestrator.Orchestrator.start(Orchestrator.java:78)
	at Orchestrator.OrchestratorTests.lambda$runOrchestratorInThread$0(OrchestratorTests.java:71)
	at java.base/java.lang.Thread.run(Thread.java:1583)
10:54:20.935 [Thread-2] ERROR Orchestrator.Orchestrator -- Event queue was interrupted
java.lang.InterruptedException: null
	at EventBus.EventQueue.take(EventQueue.java:58)
	at Orchestrator.Orchestrator.start(Orchestrator.java:78)
	at Orchestrator.OrchestratorTests.lambda$runOrchestratorInThread$0(OrchestratorTests.java:71)
	at java.base/java.lang.Thread.run(Thread.java:1583)
10:54:20.935 [Thread-2] ERROR Orchestrator.Orchestrator -- Event queue was interrupted
java.lang.InterruptedException: null
	at EventBus.EventQueue.take(EventQueue.java:58)
	at Orchestrator.Orchestrator.start(Orchestrator.java:78)
	at Orchestrator.OrchestratorTests.lambda$runOrchestratorInThread$0(OrchestratorTests.java:71)
	at java.base/java.lang.Thread.run(Thread.java:1583)
10:54:20.936 [Thread-2] ERROR Orchestrator.Orchestrator -- Event queue was interrupted
java.lang.InterruptedException: null
	at EventBus.EventQueue.take(EventQueue.java:58)
	at Orchestrator.Orchestrator.start(Orchestrator.java:78)
	at Orchestrator.OrchestratorTests.lambda$runOrchestratorInThread$0(OrchestratorTests.java:71)
	at java.base/java.lang.Thread.run(Thread.java:1583)
10:54:20.936 [Thread-2] ERROR Orchestrator.Orchestrator -- Event queue was interrupted
java.lang.InterruptedException: null
	at EventBus.EventQueue.take(EventQueue.java:58)
	at Orchestrator.Orchestrator.start(Orchestrator.java:78)
	at Orchestrator.OrchestratorTests.lambda$runOrchestratorInThread$0(OrchestratorTests.java:71)
	at java.base/java.lang.Thread.run(Thread.java:1583)
10:54:20.936 [Thread-2] ERROR Orchestrator.Orchestrator -- Event queue was interrupted
java.lang.InterruptedException: null
	at EventBus.EventQueue.take(EventQueue.java:58)
	at Orchestrator.Orchestrator.start(Orchestrator.java:78)
	at Orchestrator.OrchestratorTests.lambda$runOrchestratorInThread$0(OrchestratorTests.java:71)
	at java.base/java.lang.Thread.run(Thread.java:1583)
10:54:20.937 [Thread-2] ERROR Orchestrator.Orchestrator -- Event queue was interrupted
java.lang.InterruptedException: null
	at EventBus.EventQueue.take(EventQueue.java:58)
	at Orchestrator.Orchestrator.start(Orchestrator.java:78)
	at Orchestrator.OrchestratorTests.lambda$runOrchestratorInThread$0(OrchestratorTests.java:71)
	at java.base/java.lang.Thread.run(Thread.java:1583)
10:54:20.937 [Thread-2] ERROR Orchestrator.Orchestrator -- Event queue was interrupted
java.lang.InterruptedException: null
	at EventBus.EventQueue.take(EventQueue.java:58)
	at Orchestrator.Orchestrator.start(Orchestrator.java:78)
	at Orchestrator.OrchestratorTests.lambda$runOrchestratorInThread$0(OrchestratorTests.java:71)
	at java.base/java.lang.Thread.run(Thread.java:1583)
10:54:20.937 [Thread-2] ERROR Orchestrator.Orchestrator -- Event queue was interrupted
java.lang.InterruptedException: null
	at EventBus.EventQueue.take(EventQueue.java:58)
	at Orchestrator.Orchestrator.start(Orchestrator.java:78)
	at Orchestrator.OrchestratorTests.lambda$runOrchestratorInThread$0(OrchestratorTests.java:71)
	at java.base/java.lang.Thread.run(Thread.java:1583)
10:54:20.938 [Thread-2] ERROR Orchestrator.Orchestrator -- Event queue was interrupted
java.lang.InterruptedException: null
	at EventBus.EventQueue.take(EventQueue.java:58)
	at Orchestrator.Orchestrator.start(Orchestrator.java:78)
	at Orchestrator.OrchestratorTests.lambda$runOrchestratorInThread$0(OrchestratorTests.java:71)
	at java.base/java.lang.Thread.run(Thread.java:1583)
10:54:20.938 [Thread-2] ERROR Orchestrator.Orchestrator -- Event queue was interrupted
java.lang.InterruptedException: null
	at EventBus.EventQueue.take(EventQueue.java:58)
	at Orchestrator.Orchestrator.start(Orchestrator.java:78)
	at Orchestrator.OrchestratorTests.lambda$runOrchestratorInThread$0(OrchestratorTests.java:71)
	at java.base/java.lang.Thread.run(Thread.java:1583)
10:54:20.938 [Thread-2] ERROR Orchestrator.Orchestrator -- Event queue was interrupted
java.lang.InterruptedException: null
	at EventBus.EventQueue.take(EventQueue.java:58)
	at Orchestrator.Orchestrator.start(Orchestrator.java:78)
	at Orchestrator.OrchestratorTests.lambda$runOrchestratorInThread$0(OrchestratorTests.java:71)
	at java.base/java.lang.Thread.run(Thread.java:1583)
10:54:20.935 [Thread-1] ERROR Orchestrator.Orchestrator -- Event queue was interrupted
java.lang.InterruptedException: null
	at EventBus.EventQueue.take(EventQueue.java:58)
	at Orchestrator.Orchestrator.start(Orchestrator.java:78)
	at Orchestrator.OrchestratorTests.lambda$runOrchestratorInThread$0(OrchestratorTests.java:71)
	at java.base/java.lang.Thread.run(Thread.java:1583)
10:54:20.939 [Thread-1] ERROR Orchestrator.Orchestrator -- Event queue was interrupted
java.lang.InterruptedException: null
	at EventBus.EventQueue.take(EventQueue.java:58)
	at Orchestrator.Orchestrator.start(Orchestrator.java:78)
	at Orchestrator.OrchestratorTests.lambda$runOrchestratorInThread$0(OrchestratorTests.java:71)
	at java.base/java.lang.Thread.run(Thread.java:1583)
10:54:20.939 [Thread-1] ERROR Orchestrator.Orchestrator -- Event queue was interrupted
java.lang.InterruptedException: null
	at EventBus.EventQueue.take(EventQueue.java:58)
	at Orchestrator.Orchestrator.start(Orchestrator.java:78)
	at Orchestrator.OrchestratorTests.lambda$runOrchestratorInThread$0(OrchestratorTests.java:71)
	at java.base/java.lang.Thread.run(Thread.java:1583)
10:54:20.939 [Thread-1] ERROR Orchestrator.Orchestrator -- Event queue was interrupted
java.lang.InterruptedException: null
	at EventBus.EventQueue.take(EventQueue.java:58)
	at Orchestrator.Orchestrator.start(Orchestrator.java:78)
	at Orchestrator.OrchestratorTests.lambda$runOrchestratorInThread$0(OrchestratorTests.java:71)
	at java.base/java.lang.Thread.run(Thread.java:1583)
10:54:20.939 [Thread-1] ERROR Orchestrator.Orchestrator -- Event queue was interrupted
java.lang.InterruptedException: null
	at EventBus.EventQueue.take(EventQueue.java:58)
	at Orchestrator.Orchestrator.start(Orchestrator.java:78)
	at Orchestrator.OrchestratorTests.lambda$runOrchestratorInThread$0(OrchestratorTests.java:71)
	at java.base/java.lang.Thread.run(Thread.java:1583)
10:54:20.939 [Thread-1] ERROR Orchestrator.Orchestrator -- Event queue was interrupted
java.lang.InterruptedException: null
	at EventBus.EventQueue.take(EventQueue.java:58)
	at Orchestrator.Orchestrator.start(Orchestrator.java:78)
	at Orchestrator.OrchestratorTests.lambda$runOrchestratorInThread$0(OrchestratorTests.java:71)
	at java.base/java.lang.Thread.run(Thread.java:1583)
10:54:20.939 [Thread-1] ERROR Orchestrator.Orchestrator -- Event queue was interrupted
java.lang.InterruptedException: null
	at EventBus.EventQueue.take(EventQueue.java:58)
	at Orchestrator.Orchestrator.start(Orchestrator.java:78)
	at Orchestrator.OrchestratorTests.lambda$runOrchestratorInThread$0(OrchestratorTests.java:71)
	at java.base/java.lang.Thread.run(Thread.java:1583)
10:54:20.939 [Thread-1] ERROR Orchestrator.Orchestrator -- Event queue was interrupted
java.lang.InterruptedException: null
	at EventBus.EventQueue.take(EventQueue.java:58)
	at Orchestrator.Orchestrator.start(Orchestrator.java:78)
	at Orchestrator.OrchestratorTests.lambda$runOrchestratorInThread$0(OrchestratorTests.java:71)
	at java.base/java.lang.Thread.run(Thread.java:1583)
10:54:20.939 [Thread-1] ERROR Orchestrator.Orchestrator -- Event queue was interrupted
java.lang.InterruptedException: null
	at EventBus.EventQueue.take(EventQueue.java:58)
	at Orchestrator.Orchestrator.start(Orchestrator.java:78)
	at Orchestrator.OrchestratorTests.lambda$runOrchestratorInThread$0(OrchestratorTests.java:71)
	at java.base/java.lang.Thread.run(Thread.java:1583)
10:54:20.939 [Thread-1] ERROR Orchestrator.Orchestrator -- Event queue was interrupted
java.lang.InterruptedException: null
	at EventBus.EventQueue.take(EventQueue.java:58)
	at Orchestrator.Orchestrator.start(Orchestrator.java:78)
	at Orchestrator.OrchestratorTests.lambda$runOrchestratorInThread$0(OrchestratorTests.java:71)
	at java.base/java.lang.Thread.run(Thread.java:1583)
10:54:20.940 [Thread-1] ERROR Orchestrator.Orchestrator -- Event queue was interrupted
java.lang.InterruptedException: null
	at EventBus.EventQueue.take(EventQueue.java:58)
	at Orchestrator.Orchestrator.start(Orchestrator.java:78)
	at Orchestrator.OrchestratorTests.lambda$runOrchestratorInThread$0(OrchestratorTests.java:71)
	at java.base/java.lang.Thread.run(Thread.java:1583)
10:54:20.940 [Thread-1] ERROR Orchestrator.Orchestrator -- Event queue was interrupted
java.lang.InterruptedException: null
	at EventBus.EventQueue.take(EventQueue.java:58)
	at Orchestrator.Orchestrator.start(Orchestrator.java:78)
	at Orchestrator.OrchestratorTests.lambda$runOrchestratorInThread$0(OrchestratorTests.java:71)
	at java.base/java.lang.Thread.run(Thread.java:1583)
10:54:20.940 [Thread-1] ERROR Orchestrator.Orchestrator -- Event queue was interrupted
java.lang.InterruptedException: null
	at EventBus.EventQueue.take(EventQueue.java:58)
	at Orchestrator.Orchestrator.start(Orchestrator.java:78)
	at Orchestrator.OrchestratorTests.lambda$runOrchestratorInThread$0(OrchestratorTests.java:71)
	at java.base/java.lang.Thread.run(Thread.java:1583)
10:54:20.940 [Thread-1] ERROR Orchestrator.Orchestrator -- Event queue was interrupted
java.lang.InterruptedException: null
	at EventBus.EventQueue.take(EventQueue.java:58)
	at Orchestrator.Orchestrator.start(Orchestrator.java:78)
	at Orchestrator.OrchestratorTests.lambda$runOrchestratorInThread$0(OrchestratorTests.java:71)
	at java.base/java.lang.Thread.run(Thread.java:1583)
10:54:20.940 [Thread-1] ERROR Orchestrator.Orchestrator -- Event queue was interrupted
java.lang.InterruptedException: null
	at EventBus.EventQueue.take(EventQueue.java:58)
	at Orchestrator.Orchestrator.start(Orchestrator.java:78)
	at Orchestrator.OrchestratorTests.lambda$runOrchestratorInThread$0(OrchestratorTests.java:71)
	at java.base/java.lang.Thread.run(Thread.java:1583)
10:54:20.940 [Thread-1] ERROR Orchestrator.Orchestrator -- Event queue was interrupted
java.lang.InterruptedException: null
	at EventBus.EventQueue.take(EventQueue.java:58)
	at Orchestrator.Orchestrator.start(Orchestrator.java:78)
	at Orchestrator.OrchestratorTests.lambda$runOrchestratorInThread$0(OrchestratorTests.java:71)
	at java.base/java.lang.Thread.run(Thread.java:1583)
10:54:20.940 [Thread-1] ERROR Orchestrator.Orchestrator -- Event queue was interrupted
java.lang.InterruptedException: null
	at EventBus.EventQueue.take(EventQueue.java:58)
	at Orchestrator.Orchestrator.start(Orchestrator.java:78)
	at Orchestrator.OrchestratorTests.lambda$runOrchestratorInThread$0(OrchestratorTests.java:71)
	at java.base/java.lang.Thread.run(Thread.java:1583)
10:54:20.940 [Thread-1] ERROR Orchestrator.Orchestrator -- Event queue was interrupted
java.lang.InterruptedException: null
	at EventBus.EventQueue.take(EventQueue.java:58)
	at Orchestrator.Orchestrator.start(Orchestrator.java:78)
	at Orchestrator.OrchestratorTests.lambda$runOrchestratorInThread$0(OrchestratorTests.java:71)
	at java.base/java.lang.Thread.run(Thread.java:1583)
10:54:20.940 [Thread-1] ERROR Orchestrator.Orchestrator -- Event queue was interrupted
java.lang.InterruptedException: null
	at EventBus.EventQueue.take(EventQueue.java:58)
	at Orchestrator.Orchestrator.start(Orchestrator.java:78)
	at Orchestrator.OrchestratorTests.lambda$runOrchestratorInThread$0(OrchestratorTests.java:71)
	at java.base/java.lang.Thread.run(Thread.java:1583)
10:54:20.940 [Thread-1] ERROR Orchestrator.Orchestrator -- Event queue was interrupted
java.lang.InterruptedException: null
	at EventBus.EventQueue.take(EventQueue.java:58)
	at Orchestrator.Orchestrator.start(Orchestrator.java:78)
	at Orchestrator.OrchestratorTests.lambda$runOrchestratorInThread$0(OrchestratorTests.java:71)
	at java.base/java.lang.Thread.run(Thread.java:1583)
10:54:20.940 [Thread-1] ERROR Orchestrator.Orchestrator -- Event queue was interrupted
java.lang.InterruptedException: null
	at EventBus.EventQueue.take(EventQueue.java:58)
	at Orchestrator.Orchestrator.start(Orchestrator.java:78)
	at Orchestrator.OrchestratorTests.lambda$runOrchestratorInThread$0(OrchestratorTests.java:71)
	at java.base/java.lang.Thread.run(Thread.java:1583)
10:54:20.940 [Thread-1] ERROR Orchestrator.Orchestrator -- Event queue was interrupted
java.lang.InterruptedException: null
	at EventBus.EventQueue.take(EventQueue.java:58)
	at Orchestrator.Orchestrator.start(Orchestrator.java:78)
	at Orchestrator.OrchestratorTests.lambda$runOrchestratorInThread$0(OrchestratorTests.java:71)
	at java.base/java.lang.Thread.run(Thread.java:1583)
10:54:20.941 [Thread-1] ERROR Orchestrator.Orchestrator -- Event queue was interrupted
java.lang.InterruptedException: null
	at EventBus.EventQueue.take(EventQueue.java:58)
	at Orchestrator.Orchestrator.start(Orchestrator.java:78)
	at Orchestrator.OrchestratorTests.lambda$runOrchestratorInThread$0(OrchestratorTests.java:71)
	at java.base/java.lang.Thread.run(Thread.java:1583)
10:54:20.941 [Thread-1] ERROR Orchestrator.Orchestrator -- Event queue was interrupted
java.lang.InterruptedException: null
	at EventBus.EventQueue.take(EventQueue.java:58)
	at Orchestrator.Orchestrator.start(Orchestrator.java:78)
	at Orchestrator.OrchestratorTests.lambda$runOrchestratorInThread$0(OrchestratorTests.java:71)
	at java.base/java.lang.Thread.run(Thread.java:1583)
10:54:20.941 [Thread-1] ERROR Orchestrator.Orchestrator -- Event queue was interrupted
java.lang.InterruptedException: null
	at EventBus.EventQueue.take(EventQueue.java:58)
	at Orchestrator.Orchestrator.start(Orchestrator.java:78)
	at Orchestrator.OrchestratorTests.lambda$runOrchestratorInThread$0(OrchestratorTests.java:71)
	at java.base/java.lang.Thread.run(Thread.java:1583)
10:54:20.941 [Thread-1] ERROR Orchestrator.Orchestrator -- Event queue was interrupted
java.lang.InterruptedException: null
	at EventBus.EventQueue.take(EventQueue.java:58)
	at Orchestrator.Orchestrator.start(Orchestrator.java:78)
	at Orchestrator.OrchestratorTests.lambda$runOrchestratorInThread$0(OrchestratorTests.java:71)
	at java.base/java.lang.Thread.run(Thread.java:1583)
10:54:20.941 [Thread-1] ERROR Orchestrator.Orchestrator -- Event queue was interrupted
java.lang.InterruptedException: null
	at EventBus.EventQueue.take(EventQueue.java:58)
	at Orchestrator.Orchestrator.start(Orchestrator.java:78)
	at Orchestrator.OrchestratorTests.lambda$runOrchestratorInThread$0(OrchestratorTests.java:71)
	at java.base/java.lang.Thread.run(Thread.java:1583)
10:54:20.938 [Thread-2] ERROR Orchestrator.Orchestrator -- Event queue was interrupted
java.lang.InterruptedException: null
	at EventBus.EventQueue.take(EventQueue.java:58)
	at Orchestrator.Orchestrator.start(Orchestrator.java:78)
	at Orchestrator.OrchestratorTests.lambda$runOrchestratorInThread$0(OrchestratorTests.java:71)
	at java.base/java.lang.Thread.run(Thread.java:1583)
10:54:20.942 [Thread-2] ERROR Orchestrator.Orchestrator -- Event queue was interrupted
java.lang.InterruptedException: null
	at EventBus.EventQueue.take(EventQueue.java:58)
	at Orchestrator.Orchestrator.start(Orchestrator.java:78)
	at Orchestrator.OrchestratorTests.lambda$runOrchestratorInThread$0(OrchestratorTests.java:71)
	at java.base/java.lang.Thread.run(Thread.java:1583)
10:54:20.942 [Thread-2] ERROR Orchestrator.Orchestrator -- Event queue was interrupted
java.lang.InterruptedException: null
	at EventBus.EventQueue.take(EventQueue.java:58)
	at Orchestrator.Orchestrator.start(Orchestrator.java:78)
	at Orchestrator.OrchestratorTests.lambda$runOrchestratorInThread$0(OrchestratorTests.java:71)
	at java.base/java.lang.Thread.run(Thread.java:1583)
10:54:20.942 [Thread-2] ERROR Orchestrator.Orchestrator -- Event queue was interrupted
java.lang.InterruptedException: null
	at EventBus.EventQueue.take(EventQueue.java:58)
	at Orchestrator.Orchestrator.start(Orchestrator.java:78)
	at Orchestrator.OrchestratorTests.lambda$runOrchestratorInThread$0(OrchestratorTests.java:71)
	at java.base/java.lang.Thread.run(Thread.java:1583)
10:54:20.943 [Thread-2] ERROR Orchestrator.Orchestrator -- Event queue was interrupted
java.lang.InterruptedException: null
	at EventBus.EventQueue.take(EventQueue.java:58)
	at Orchestrator.Orchestrator.start(Orchestrator.java:78)
	at Orchestrator.OrchestratorTests.lambda$runOrchestratorInThread$0(OrchestratorTests.java:71)
	at java.base/java.lang.Thread.run(Thread.java:1583)
10:54:20.943 [Thread-2] ERROR Orchestrator.Orchestrator -- Event queue was interrupted
java.lang.InterruptedException: null
	at EventBus.EventQueue.take(EventQueue.java:58)
	at Orchestrator.Orchestrator.start(Orchestrator.java:78)
	at Orchestrator.OrchestratorTests.lambda$runOrchestratorInThread$0(OrchestratorTests.java:71)
	at java.base/java.lang.Thread.run(Thread.java:1583)
10:54:20.943 [Thread-2] ERROR Orchestrator.Orchestrator -- Event queue was interrupted
java.lang.InterruptedException: null
	at EventBus.EventQueue.take(EventQueue.java:58)
	at Orchestrator.Orchestrator.start(Orchestrator.java:78)
	at Orchestrator.OrchestratorTests.lambda$runOrchestratorInThread$0(OrchestratorTests.java:71)
	at java.base/java.lang.Thread.run(Thread.java:1583)
10:54:20.944 [Thread-2] ERROR Orchestrator.Orchestrator -- Event queue was interrupted
java.lang.InterruptedException: null
	at EventBus.EventQueue.take(EventQueue.java:58)
	at Orchestrator.Orchestrator.start(Orchestrator.java:78)
	at Orchestrator.OrchestratorTests.lambda$runOrchestratorInThread$0(OrchestratorTests.java:71)
	at java.base/java.lang.Thread.run(Thread.java:1583)
10:54:20.944 [Thread-2] ERROR Orchestrator.Orchestrator -- Event queue was interrupted
java.lang.InterruptedException: null
	at EventBus.EventQueue.take(EventQueue.java:58)
	at Orchestrator.Orchestrator.start(Orchestrator.java:78)
	at Orchestrator.OrchestratorTests.lambda$runOrchestratorInThread$0(OrchestratorTests.java:71)
	at java.base/java.lang.Thread.run(Thread.java:1583)
10:54:20.944 [Thread-2] ERROR Orchestrator.Orchestrator -- Event queue was interrupted
java.lang.InterruptedException: null
	at EventBus.EventQueue.take(EventQueue.java:58)
	at Orchestrator.Orchestrator.start(Orchestrator.java:78)
	at Orchestrator.OrchestratorTests.lambda$runOrchestratorInThread$0(OrchestratorTests.java:71)
	at java.base/java.lang.Thread.run(Thread.java:1583)
10:54:20.945 [Thread-2] ERROR Orchestrator.Orchestrator -- Event queue was interrupted
java.lang.InterruptedException: null
	at EventBus.EventQueue.take(EventQueue.java:58)
	at Orchestrator.Orchestrator.start(Orchestrator.java:78)
	at Orchestrator.OrchestratorTests.lambda$runOrchestratorInThread$0(OrchestratorTests.java:71)
	at java.base/java.lang.Thread.run(Thread.java:1583)
10:54:20.945 [Thread-2] ERROR Orchestrator.Orchestrator -- Event queue was interrupted
java.lang.InterruptedException: null
	at EventBus.EventQueue.take(EventQueue.java:58)
	at Orchestrator.Orchestrator.start(Orchestrator.java:78)
	at Orchestrator.OrchestratorTests.lambda$runOrchestratorInThread$0(OrchestratorTests.java:71)
	at java.base/java.lang.Thread.run(Thread.java:1583)
10:54:20.945 [Thread-2] ERROR Orchestrator.Orchestrator -- Event queue was interrupted
java.lang.InterruptedException: null
	at EventBus.EventQueue.take(EventQueue.java:58)
	at Orchestrator.Orchestrator.start(Orchestrator.java:78)
	at Orchestrator.OrchestratorTests.lambda$runOrchestratorInThread$0(OrchestratorTests.java:71)
	at java.base/java.lang.Thread.run(Thread.java:1583)
10:54:20.946 [Thread-2] ERROR Orchestrator.Orchestrator -- Event queue was interrupted
java.lang.InterruptedException: null
	at EventBus.EventQueue.take(EventQueue.java:58)
	at Orchestrator.Orchestrator.start(Orchestrator.java:78)
	at Orchestrator.OrchestratorTests.lambda$runOrchestratorInThread$0(OrchestratorTests.java:71)
	at java.base/java.lang.Thread.run(Thread.java:1583)
10:54:20.946 [Thread-2] ERROR Orchestrator.Orchestrator -- Event queue was interrupted
java.lang.InterruptedException: null
	at EventBus.EventQueue.take(EventQueue.java:58)
	at Orchestrator.Orchestrator.start(Orchestrator.java:78)
	at Orchestrator.OrchestratorTests.lambda$runOrchestratorInThread$0(OrchestratorTests.java:71)
	at java.base/java.lang.Thread.run(Thread.java:1583)
10:54:20.946 [Thread-2] ERROR Orchestrator.Orchestrator -- Event queue was interrupted
java.lang.InterruptedException: null
	at EventBus.EventQueue.take(EventQueue.java:58)
	at Orchestrator.Orchestrator.start(Orchestrator.java:78)
	at Orchestrator.OrchestratorTests.lambda$runOrchestratorInThread$0(OrchestratorTests.java:71)
	at java.base/java.lang.Thread.run(Thread.java:1583)
10:54:20.947 [Thread-1] ERROR Orchestrator.Orchestrator -- Event queue was interrupted
java.lang.InterruptedException: null
	at EventBus.EventQueue.take(EventQueue.java:58)
	at Orchestrator.Orchestrator.start(Orchestrator.java:78)
	at Orchestrator.OrchestratorTests.lambda$runOrchestratorInThread$0(OrchestratorTests.java:71)
	at java.base/java.lang.Thread.run(Thread.java:1583)
10:54:20.947 [Thread-2] ERROR Orchestrator.Orchestrator -- Event queue was interrupted
java.lang.InterruptedException: null
	at EventBus.EventQueue.take(EventQueue.java:58)
	at Orchestrator.Orchestrator.start(Orchestrator.java:78)
	at Orchestrator.OrchestratorTests.lambda$runOrchestratorInThread$0(OrchestratorTests.java:71)
	at java.base/java.lang.Thread.run(Thread.java:1583)
10:54:20.947 [Thread-1] ERROR Orchestrator.Orchestrator -- Event queue was interrupted
java.lang.InterruptedException: null
	at EventBus.EventQueue.take(EventQueue.java:58)
	at Orchestrator.Orchestrator.start(Orchestrator.java:78)
	at Orchestrator.OrchestratorTests.lambda$runOrchestratorInThread$0(OrchestratorTests.java:71)
	at java.base/java.lang.Thread.run(Thread.java:1583)
10:54:20.947 [Thread-1] ERROR Orchestrator.Orchestrator -- Event queue was interrupted
java.lang.InterruptedException: null
	at EventBus.EventQueue.take(EventQueue.java:58)
	at Orchestrator.Orchestrator.start(Orchestrator.java:78)
	at Orchestrator.OrchestratorTests.lambda$runOrchestratorInThread$0(OrchestratorTests.java:71)
	at java.base/java.lang.Thread.run(Thread.java:1583)
10:54:20.947 [Thread-2] ERROR Orchestrator.Orchestrator -- Event queue was interrupted
java.lang.InterruptedException: null
	at EventBus.EventQueue.take(EventQueue.java:58)
	at Orchestrator.Orchestrator.start(Orchestrator.java:78)
	at Orchestrator.OrchestratorTests.lambda$runOrchestratorInThread$0(OrchestratorTests.java:71)
	at java.base/java.lang.Thread.run(Thread.java:1583)
10:54:20.947 [Thread-1] ERROR Orchestrator.Orchestrator -- Event queue was interrupted
java.lang.InterruptedException: null
	at EventBus.EventQueue.take(EventQueue.java:58)
	at Orchestrator.Orchestrator.start(Orchestrator.java:78)
	at Orchestrator.OrchestratorTests.lambda$runOrchestratorInThread$0(OrchestratorTests.java:71)
	at java.base/java.lang.Thread.run(Thread.java:1583)
10:54:20.947 [Thread-1] ERROR Orchestrator.Orchestrator -- Event queue was interrupted
java.lang.InterruptedException: null
	at EventBus.EventQueue.take(EventQueue.java:58)
	at Orchestrator.Orchestrator.start(Orchestrator.java:78)
	at Orchestrator.OrchestratorTests.lambda$runOrchestratorInThread$0(OrchestratorTests.java:71)
	at java.base/java.lang.Thread.run(Thread.java:1583)
10:54:20.947 [Thread-1] ERROR Orchestrator.Orchestrator -- Event queue was interrupted
java.lang.InterruptedException: null
	at EventBus.EventQueue.take(EventQueue.java:58)
	at Orchestrator.Orchestrator.start(Orchestrator.java:78)
	at Orchestrator.OrchestratorTests.lambda$runOrchestratorInThread$0(OrchestratorTests.java:71)
	at java.base/java.lang.Thread.run(Thread.java:1583)
10:54:20.947 [Thread-2] ERROR Orchestrator.Orchestrator -- Event queue was interrupted
java.lang.InterruptedException: null
	at EventBus.EventQueue.take(EventQueue.java:58)
	at Orchestrator.Orchestrator.start(Orchestrator.java:78)
	at Orchestrator.OrchestratorTests.lambda$runOrchestratorInThread$0(OrchestratorTests.java:71)
	at java.base/java.lang.Thread.run(Thread.java:1583)
10:54:20.947 [Thread-1] ERROR Orchestrator.Orchestrator -- Event queue was interrupted
java.lang.InterruptedException: null
	at EventBus.EventQueue.take(EventQueue.java:58)
	at Orchestrator.Orchestrator.start(Orchestrator.java:78)
	at Orchestrator.OrchestratorTests.lambda$runOrchestratorInThread$0(OrchestratorTests.java:71)
	at java.base/java.lang.Thread.run(Thread.java:1583)
10:54:20.947 [Thread-2] ERROR Orchestrator.Orchestrator -- Event queue was interrupted
java.lang.InterruptedException: null
	at EventBus.EventQueue.take(EventQueue.java:58)
	at Orchestrator.Orchestrator.start(Orchestrator.java:78)
	at Orchestrator.OrchestratorTests.lambda$runOrchestratorInThread$0(OrchestratorTests.java:71)
	at java.base/java.lang.Thread.run(Thread.java:1583)
10:54:20.948 [Thread-2] ERROR Orchestrator.Orchestrator -- Event queue was interrupted
java.lang.InterruptedException: null
	at EventBus.EventQueue.take(EventQueue.java:58)
	at Orchestrator.Orchestrator.start(Orchestrator.java:78)
	at Orchestrator.OrchestratorTests.lambda$runOrchestratorInThread$0(OrchestratorTests.java:71)
	at java.base/java.lang.Thread.run(Thread.java:1583)
10:54:20.948 [Thread-2] ERROR Orchestrator.Orchestrator -- Event queue was interrupted
java.lang.InterruptedException: null
	at EventBus.EventQueue.take(EventQueue.java:58)
	at Orchestrator.Orchestrator.start(Orchestrator.java:78)
	at Orchestrator.OrchestratorTests.lambda$runOrchestratorInThread$0(OrchestratorTests.java:71)
	at java.base/java.lang.Thread.run(Thread.java:1583)
10:54:20.971 [Thread-1] ERROR Orchestrator.Orchestrator -- Event queue was interrupted
java.lang.InterruptedException: null
	at EventBus.EventQueue.take(EventQueue.java:58)
	at Orchestrator.Orchestrator.start(Orchestrator.java:78)
	at Orchestrator.OrchestratorTests.lambda$runOrchestratorInThread$0(OrchestratorTests.java:71)
	at java.base/java.lang.Thread.run(Thread.java:1583)
10:54:20.971 [Thread-2] ERROR Orchestrator.Orchestrator -- Event queue was interrupted
java.lang.InterruptedException: null
	at EventBus.EventQueue.take(EventQueue.java:58)
	at Orchestrator.Orchestrator.start(Orchestrator.java:78)
	at Orchestrator.OrchestratorTests.lambda$runOrchestratorInThread$0(OrchestratorTests.java:71)
	at java.base/java.lang.Thread.run(Thread.java:1583)
10:54:20.971 [Thread-1] ERROR Orchestrator.Orchestrator -- Event queue was interrupted
java.lang.InterruptedException: null
	at EventBus.EventQueue.take(EventQueue.java:58)
	at Orchestrator.Orchestrator.start(Orchestrator.java:78)
	at Orchestrator.OrchestratorTests.lambda$runOrchestratorInThread$0(OrchestratorTests.java:71)
	at java.base/java.lang.Thread.run(Thread.java:1583)
10:54:20.971 [Thread-2] ERROR Orchestrator.Orchestrator -- Event queue was interrupted
java.lang.InterruptedException: null
	at EventBus.EventQueue.take(EventQueue.java:58)
	at Orchestrator.Orchestrator.start(Orchestrator.java:78)
	at Orchestrator.OrchestratorTests.lambda$runOrchestratorInThread$0(OrchestratorTests.java:71)
	at java.base/java.lang.Thread.run(Thread.java:1583)
10:54:20.971 [Thread-1] ERROR Orchestrator.Orchestrator -- Event queue was interrupted
java.lang.InterruptedException: null
	at EventBus.EventQueue.take(EventQueue.java:58)
	at Orchestrator.Orchestrator.start(Orchestrator.java:78)
	at Orchestrator.OrchestratorTests.lambda$runOrchestratorInThread$0(OrchestratorTests.java:71)
	at java.base/java.lang.Thread.run(Thread.java:1583)
10:54:20.971 [Thread-2] ERROR Orchestrator.Orchestrator -- Event queue was interrupted
java.lang.InterruptedException: null
	at EventBus.EventQueue.take(EventQueue.java:58)
	at Orchestrator.Orchestrator.start(Orchestrator.java:78)
	at Orchestrator.OrchestratorTests.lambda$runOrchestratorInThread$0(OrchestratorTests.java:71)
	at java.base/java.lang.Thread.run(Thread.java:1583)
10:54:20.971 [Thread-1] ERROR Orchestrator.Orchestrator -- Event queue was interrupted
java.lang.InterruptedException: null
	at EventBus.EventQueue.take(EventQueue.java:58)
	at Orchestrator.Orchestrator.start(Orchestrator.java:78)
	at Orchestrator.OrchestratorTests.lambda$runOrchestratorInThread$0(OrchestratorTests.java:71)
	at java.base/java.lang.Thread.run(Thread.java:1583)
10:54:20.971 [Thread-2] ERROR Orchestrator.Orchestrator -- Event queue was interrupted
java.lang.InterruptedException: null
	at EventBus.EventQueue.take(EventQueue.java:58)
	at Orchestrator.Orchestrator.start(Orchestrator.java:78)
	at Orchestrator.OrchestratorTests.lambda$runOrchestratorInThread$0(OrchestratorTests.java:71)
	at java.base/java.lang.Thread.run(Thread.java:1583)
10:54:20.971 [Thread-1] ERROR Orchestrator.Orchestrator -- Event queue was interrupted
java.lang.InterruptedException: null
	at EventBus.EventQueue.take(EventQueue.java:58)
	at Orchestrator.Orchestrator.start(Orchestrator.java:78)
	at Orchestrator.OrchestratorTests.lambda$runOrchestratorInThread$0(OrchestratorTests.java:71)
	at java.base/java.lang.Thread.run(Thread.java:1583)
10:54:20.971 [Thread-2] ERROR Orchestrator.Orchestrator -- Event queue was interrupted
java.lang.InterruptedException: null
	at EventBus.EventQueue.take(EventQueue.java:58)
	at Orchestrator.Orchestrator.start(Orchestrator.java:78)
	at Orchestrator.OrchestratorTests.lambda$runOrchestratorInThread$0(OrchestratorTests.java:71)
	at java.base/java.lang.Thread.run(Thread.java:1583)
10:54:20.971 [Thread-1] ERROR Orchestrator.Orchestrator -- Event queue was interrupted
java.lang.InterruptedException: null
	at EventBus.EventQueue.take(EventQueue.java:58)
	at Orchestrator.Orchestrator.start(Orchestrator.java:78)
	at Orchestrator.OrchestratorTests.lambda$runOrchestratorInThread$0(OrchestratorTests.java:71)
	at java.base/java.lang.Thread.run(Thread.java:1583)
10:54:20.971 [Thread-2] ERROR Orchestrator.Orchestrator -- Event queue was interrupted
java.lang.InterruptedException: null
	at EventBus.EventQueue.take(EventQueue.java:58)
	at Orchestrator.Orchestrator.start(Orchestrator.java:78)
	at Orchestrator.OrchestratorTests.lambda$runOrchestratorInThread$0(OrchestratorTests.java:71)
	at java.base/java.lang.Thread.run(Thread.java:1583)
10:54:20.971 [Thread-1] ERROR Orchestrator.Orchestrator -- Event queue was interrupted
java.lang.InterruptedException: null
	at EventBus.EventQueue.take(EventQueue.java:58)
	at Orchestrator.Orchestrator.start(Orchestrator.java:78)
	at Orchestrator.OrchestratorTests.lambda$runOrchestratorInThread$0(OrchestratorTests.java:71)
	at java.base/java.lang.Thread.run(Thread.java:1583)
10:54:20.971 [Thread-2] ERROR Orchestrator.Orchestrator -- Event queue was interrupted
java.lang.InterruptedException: null
	at EventBus.EventQueue.take(EventQueue.java:58)
	at Orchestrator.Orchestrator.start(Orchestrator.java:78)
	at Orchestrator.OrchestratorTests.lambda$runOrchestratorInThread$0(OrchestratorTests.java:71)
	at java.base/java.lang.Thread.run(Thread.java:1583)
10:54:20.971 [Thread-1] ERROR Orchestrator.Orchestrator -- Event queue was interrupted
java.lang.InterruptedException: null
	at EventBus.EventQueue.take(EventQueue.java:58)
	at Orchestrator.Orchestrator.start(Orchestrator.java:78)
	at Orchestrator.OrchestratorTests.lambda$runOrchestratorInThread$0(OrchestratorTests.java:71)
	at java.base/java.lang.Thread.run(Thread.java:1583)
10:54:20.971 [Thread-2] ERROR Orchestrator.Orchestrator -- Event queue was interrupted
java.lang.InterruptedException: null
	at EventBus.EventQueue.take(EventQueue.java:58)
	at Orchestrator.Orchestrator.start(Orchestrator.java:78)
	at Orchestrator.OrchestratorTests.lambda$runOrchestratorInThread$0(OrchestratorTests.java:71)
	at java.base/java.lang.Thread.run(Thread.java:1583)
10:54:20.971 [Thread-1] ERROR Orchestrator.Orchestrator -- Event queue was interrupted
java.lang.InterruptedException: null
	at EventBus.EventQueue.take(EventQueue.java:58)
	at Orchestrator.Orchestrator.start(Orchestrator.java:78)
	at Orchestrator.OrchestratorTests.lambda$runOrchestratorInThread$0(OrchestratorTests.java:71)
	at java.base/java.lang.Thread.run(Thread.java:1583)
10:54:20.971 [Thread-2] ERROR Orchestrator.Orchestrator -- Event queue was interrupted
java.lang.InterruptedException: null
	at EventBus.EventQueue.take(EventQueue.java:58)
	at Orchestrator.Orchestrator.start(Orchestrator.java:78)
	at Orchestrator.OrchestratorTests.lambda$runOrchestratorInThread$0(OrchestratorTests.java:71)
	at java.base/java.lang.Thread.run(Thread.java:1583)
10:54:20.971 [Thread-1] ERROR Orchestrator.Orchestrator -- Event queue was interrupted
java.lang.InterruptedException: null
	at EventBus.EventQueue.take(EventQueue.java:58)
	at Orchestrator.Orchestrator.start(Orchestrator.java:78)
	at Orchestrator.OrchestratorTests.lambda$runOrchestratorInThread$0(OrchestratorTests.java:71)
	at java.base/java.lang.Thread.run(Thread.java:1583)
10:54:20.971 [Thread-1] ERROR Orchestrator.Orchestrator -- Event queue was interrupted
java.lang.InterruptedException: null
	at EventBus.EventQueue.take(EventQueue.java:58)
	at Orchestrator.Orchestrator.start(Orchestrator.java:78)
	at Orchestrator.OrchestratorTests.lambda$runOrchestratorInThread$0(OrchestratorTests.java:71)
	at java.base/java.lang.Thread.run(Thread.java:1583)
10:54:20.971 [Thread-2] ERROR Orchestrator.Orchestrator -- Event queue was interrupted
java.lang.InterruptedException: null
	at EventBus.EventQueue.take(EventQueue.java:58)
	at Orchestrator.Orchestrator.start(Orchestrator.java:78)
	at Orchestrator.OrchestratorTests.lambda$runOrchestratorInThread$0(OrchestratorTests.java:71)
	at java.base/java.lang.Thread.run(Thread.java:1583)
10:54:20.972 [Thread-1] ERROR Orchestrator.Orchestrator -- Event queue was interrupted
java.lang.InterruptedException: null
	at EventBus.EventQueue.take(EventQueue.java:58)
	at Orchestrator.Orchestrator.start(Orchestrator.java:78)
	at Orchestrator.OrchestratorTests.lambda$runOrchestratorInThread$0(OrchestratorTests.java:71)
	at java.base/java.lang.Thread.run(Thread.java:1583)
10:54:20.972 [Thread-2] ERROR Orchestrator.Orchestrator -- Event queue was interrupted
java.lang.InterruptedException: null
	at EventBus.EventQueue.take(EventQueue.java:58)
	at Orchestrator.Orchestrator.start(Orchestrator.java:78)
	at Orchestrator.OrchestratorTests.lambda$runOrchestratorInThread$0(OrchestratorTests.java:71)
	at java.base/java.lang.Thread.run(Thread.java:1583)
10:54:20.972 [Thread-1] ERROR Orchestrator.Orchestrator -- Event queue was interrupted
java.lang.InterruptedException: null
	at EventBus.EventQueue.take(EventQueue.java:58)
	at Orchestrator.Orchestrator.start(Orchestrator.java:78)
	at Orchestrator.OrchestratorTests.lambda$runOrchestratorInThread$0(OrchestratorTests.java:71)
	at java.base/java.lang.Thread.run(Thread.java:1583)
10:54:20.972 [Thread-2] ERROR Orchestrator.Orchestrator -- Event queue was interrupted
java.lang.InterruptedException: null
	at EventBus.EventQueue.take(EventQueue.java:58)
	at Orchestrator.Orchestrator.start(Orchestrator.java:78)
	at Orchestrator.OrchestratorTests.lambda$runOrchestratorInThread$0(OrchestratorTests.java:71)
	at java.base/java.lang.Thread.run(Thread.java:1583)
10:54:20.972 [Thread-1] ERROR Orchestrator.Orchestrator -- Event queue was interrupted
java.lang.InterruptedException: null
	at EventBus.EventQueue.take(EventQueue.java:58)
	at Orchestrator.Orchestrator.start(Orchestrator.java:78)
	at Orchestrator.OrchestratorTests.lambda$runOrchestratorInThread$0(OrchestratorTests.java:71)
	at java.base/java.lang.Thread.run(Thread.java:1583)
10:54:20.972 [Thread-2] ERROR Orchestrator.Orchestrator -- Event queue was interrupted
java.lang.InterruptedException: null
	at EventBus.EventQueue.take(EventQueue.java:58)
	at Orchestrator.Orchestrator.start(Orchestrator.java:78)
	at Orchestrator.OrchestratorTests.lambda$runOrchestratorInThread$0(OrchestratorTests.java:71)
	at java.base/java.lang.Thread.run(Thread.java:1583)
10:54:20.972 [Thread-1] ERROR Orchestrator.Orchestrator -- Event queue was interrupted
java.lang.InterruptedException: null
	at EventBus.EventQueue.take(EventQueue.java:58)
	at Orchestrator.Orchestrator.start(Orchestrator.java:78)
	at Orchestrator.OrchestratorTests.lambda$runOrchestratorInThread$0(OrchestratorTests.java:71)
	at java.base/java.lang.Thread.run(Thread.java:1583)
10:54:20.972 [Thread-2] ERROR Orchestrator.Orchestrator -- Event queue was interrupted
java.lang.InterruptedException: null
	at EventBus.EventQueue.take(EventQueue.java:58)
	at Orchestrator.Orchestrator.start(Orchestrator.java:78)
	at Orchestrator.OrchestratorTests.lambda$runOrchestratorInThread$0(OrchestratorTests.java:71)
	at java.base/java.lang.Thread.run(Thread.java:1583)
10:54:20.972 [Thread-1] ERROR Orchestrator.Orchestrator -- Event queue was interrupted
java.lang.InterruptedException: null
	at EventBus.EventQueue.take(EventQueue.java:58)
	at Orchestrator.Orchestrator.start(Orchestrator.java:78)
	at Orchestrator.OrchestratorTests.lambda$runOrchestratorInThread$0(OrchestratorTests.java:71)
	at java.base/java.lang.Thread.run(Thread.java:1583)
10:54:20.972 [Thread-2] ERROR Orchestrator.Orchestrator -- Event queue was interrupted
java.lang.InterruptedException: null
	at EventBus.EventQueue.take(EventQueue.java:58)
	at Orchestrator.Orchestrator.start(Orchestrator.java:78)
	at Orchestrator.OrchestratorTests.lambda$runOrchestratorInThread$0(OrchestratorTests.java:71)
	at java.base/java.lang.Thread.run(Thread.java:1583)
10:54:20.972 [Thread-1] ERROR Orchestrator.Orchestrator -- Event queue was interrupted
java.lang.InterruptedException: null
	at EventBus.EventQueue.take(EventQueue.java:58)
	at Orchestrator.Orchestrator.start(Orchestrator.java:78)
	at Orchestrator.OrchestratorTests.lambda$runOrchestratorInThread$0(OrchestratorTests.java:71)
	at java.base/java.lang.Thread.run(Thread.java:1583)
10:54:20.972 [Thread-2] ERROR Orchestrator.Orchestrator -- Event queue was interrupted
java.lang.InterruptedException: null
	at EventBus.EventQueue.take(EventQueue.java:58)
	at Orchestrator.Orchestrator.start(Orchestrator.java:78)
	at Orchestrator.OrchestratorTests.lambda$runOrchestratorInThread$0(OrchestratorTests.java:71)
	at java.base/java.lang.Thread.run(Thread.java:1583)
10:54:20.972 [Thread-1] ERROR Orchestrator.Orchestrator -- Event queue was interrupted
java.lang.InterruptedException: null
	at EventBus.EventQueue.take(EventQueue.java:58)
	at Orchestrator.Orchestrator.start(Orchestrator.java:78)
	at Orchestrator.OrchestratorTests.lambda$runOrchestratorInThread$0(OrchestratorTests.java:71)
	at java.base/java.lang.Thread.run(Thread.java:1583)
10:54:20.972 [Thread-2] ERROR Orchestrator.Orchestrator -- Event queue was interrupted
java.lang.InterruptedException: null
	at EventBus.EventQueue.take(EventQueue.java:58)
	at Orchestrator.Orchestrator.start(Orchestrator.java:78)
	at Orchestrator.OrchestratorTests.lambda$runOrchestratorInThread$0(OrchestratorTests.java:71)
	at java.base/java.lang.Thread.run(Thread.java:1583)
10:54:20.972 [Thread-1] ERROR Orchestrator.Orchestrator -- Event queue was interrupted
java.lang.InterruptedException: null
	at EventBus.EventQueue.take(EventQueue.java:58)
	at Orchestrator.Orchestrator.start(Orchestrator.java:78)
	at Orchestrator.OrchestratorTests.lambda$runOrchestratorInThread$0(OrchestratorTests.java:71)
	at java.base/java.lang.Thread.run(Thread.java:1583)
10:54:20.972 [Thread-2] ERROR Orchestrator.Orchestrator -- Event queue was interrupted
java.lang.InterruptedException: null
	at EventBus.EventQueue.take(EventQueue.java:58)
	at Orchestrator.Orchestrator.start(Orchestrator.java:78)
	at Orchestrator.OrchestratorTests.lambda$runOrchestratorInThread$0(OrchestratorTests.java:71)
	at java.base/java.lang.Thread.run(Thread.java:1583)
10:54:20.972 [Thread-1] ERROR Orchestrator.Orchestrator -- Event queue was interrupted
java.lang.InterruptedException: null
	at EventBus.EventQueue.take(EventQueue.java:58)
	at Orchestrator.Orchestrator.start(Orchestrator.java:78)
	at Orchestrator.OrchestratorTests.lambda$runOrchestratorInThread$0(OrchestratorTests.java:71)
	at java.base/java.lang.Thread.run(Thread.java:1583)
10:54:20.972 [Thread-2] ERROR Orchestrator.Orchestrator -- Event queue was interrupted
java.lang.InterruptedException: null
	at EventBus.EventQueue.take(EventQueue.java:58)
	at Orchestrator.Orchestrator.start(Orchestrator.java:78)
	at Orchestrator.OrchestratorTests.lambda$runOrchestratorInThread$0(OrchestratorTests.java:71)
	at java.base/java.lang.Thread.run(Thread.java:1583)
10:54:20.972 [Thread-1] ERROR Orchestrator.Orchestrator -- Event queue was interrupted
java.lang.InterruptedException: null
	at EventBus.EventQueue.take(EventQueue.java:58)
	at Orchestrator.Orchestrator.start(Orchestrator.java:78)
	at Orchestrator.OrchestratorTests.lambda$runOrchestratorInThread$0(OrchestratorTests.java:71)
	at java.base/java.lang.Thread.run(Thread.java:1583)
10:54:20.972 [Thread-2] ERROR Orchestrator.Orchestrator -- Event queue was interrupted
java.lang.InterruptedException: null
	at EventBus.EventQueue.take(EventQueue.java:58)
	at Orchestrator.Orchestrator.start(Orchestrator.java:78)
	at Orchestrator.OrchestratorTests.lambda$runOrchestratorInThread$0(OrchestratorTests.java:71)
	at java.base/java.lang.Thread.run(Thread.java:1583)
10:54:20.972 [Thread-1] ERROR Orchestrator.Orchestrator -- Event queue was interrupted
java.lang.InterruptedException: null
	at EventBus.EventQueue.take(EventQueue.java:58)
	at Orchestrator.Orchestrator.start(Orchestrator.java:78)
	at Orchestrator.OrchestratorTests.lambda$runOrchestratorInThread$0(OrchestratorTests.java:71)
	at java.base/java.lang.Thread.run(Thread.java:1583)
10:54:20.972 [Thread-2] ERROR Orchestrator.Orchestrator -- Event queue was interrupted
java.lang.InterruptedException: null
	at EventBus.EventQueue.take(EventQueue.java:58)
	at Orchestrator.Orchestrator.start(Orchestrator.java:78)
	at Orchestrator.OrchestratorTests.lambda$runOrchestratorInThread$0(OrchestratorTests.java:71)
	at java.base/java.lang.Thread.run(Thread.java:1583)
10:54:20.972 [Thread-1] ERROR Orchestrator.Orchestrator -- Event queue was interrupted
java.lang.InterruptedException: null
	at EventBus.EventQueue.take(EventQueue.java:58)
	at Orchestrator.Orchestrator.start(Orchestrator.java:78)
	at Orchestrator.OrchestratorTests.lambda$runOrchestratorInThread$0(OrchestratorTests.java:71)
	at java.base/java.lang.Thread.run(Thread.java:1583)
10:54:20.972 [Thread-2] ERROR Orchestrator.Orchestrator -- Event queue was interrupted
java.lang.InterruptedException: null
	at EventBus.EventQueue.take(EventQueue.java:58)
	at Orchestrator.Orchestrator.start(Orchestrator.java:78)
	at Orchestrator.OrchestratorTests.lambda$runOrchestratorInThread$0(OrchestratorTests.java:71)
	at java.base/java.lang.Thread.run(Thread.java:1583)
10:54:20.972 [Thread-1] ERROR Orchestrator.Orchestrator -- Event queue was interrupted
java.lang.InterruptedException: null
	at EventBus.EventQueue.take(EventQueue.java:58)
	at Orchestrator.Orchestrator.start(Orchestrator.java:78)
	at Orchestrator.OrchestratorTests.lambda$runOrchestratorInThread$0(OrchestratorTests.java:71)
	at java.base/java.lang.Thread.run(Thread.java:1583)
10:54:20.972 [Thread-2] ERROR Orchestrator.Orchestrator -- Event queue was interrupted
java.lang.InterruptedException: null
	at EventBus.EventQueue.take(EventQueue.java:58)
	at Orchestrator.Orchestrator.start(Orchestrator.java:78)
	at Orchestrator.OrchestratorTests.lambda$runOrchestratorInThread$0(OrchestratorTests.java:71)
	at java.base/java.lang.Thread.run(Thread.java:1583)
10:54:20.972 [Thread-1] ERROR Orchestrator.Orchestrator -- Event queue was interrupted
java.lang.InterruptedException: null
	at EventBus.EventQueue.take(EventQueue.java:58)
	at Orchestrator.Orchestrator.start(Orchestrator.java:78)
	at Orchestrator.OrchestratorTests.lambda$runOrchestratorInThread$0(OrchestratorTests.java:71)
	at java.base/java.lang.Thread.run(Thread.java:1583)
10:54:20.973 [Thread-1] ERROR Orchestrator.Orchestrator -- Event queue was interrupted
java.lang.InterruptedException: null
	at EventBus.EventQueue.take(EventQueue.java:58)
	at Orchestrator.Orchestrator.start(Orchestrator.java:78)
	at Orchestrator.OrchestratorTests.lambda$runOrchestratorInThread$0(OrchestratorTests.java:71)
	at java.base/java.lang.Thread.run(Thread.java:1583)
10:54:20.972 [Thread-2] ERROR Orchestrator.Orchestrator -- Event queue was interrupted
java.lang.InterruptedException: null
	at EventBus.EventQueue.take(EventQueue.java:58)
	at Orchestrator.Orchestrator.start(Orchestrator.java:78)
	at Orchestrator.OrchestratorTests.lambda$runOrchestratorInThread$0(OrchestratorTests.java:71)
	at java.base/java.lang.Thread.run(Thread.java:1583)
10:54:20.973 [Thread-1] ERROR Orchestrator.Orchestrator -- Event queue was interrupted
java.lang.InterruptedException: null
	at EventBus.EventQueue.take(EventQueue.java:58)
	at Orchestrator.Orchestrator.start(Orchestrator.java:78)
	at Orchestrator.OrchestratorTests.lambda$runOrchestratorInThread$0(OrchestratorTests.java:71)
	at java.base/java.lang.Thread.run(Thread.java:1583)
10:54:20.973 [Thread-2] ERROR Orchestrator.Orchestrator -- Event queue was interrupted
java.lang.InterruptedException: null
	at EventBus.EventQueue.take(EventQueue.java:58)
	at Orchestrator.Orchestrator.start(Orchestrator.java:78)
	at Orchestrator.OrchestratorTests.lambda$runOrchestratorInThread$0(OrchestratorTests.java:71)
	at java.base/java.lang.Thread.run(Thread.java:1583)
10:54:20.973 [Thread-1] ERROR Orchestrator.Orchestrator -- Event queue was interrupted
java.lang.InterruptedException: null
	at EventBus.EventQueue.take(EventQueue.java:58)
	at Orchestrator.Orchestrator.start(Orchestrator.java:78)
	at Orchestrator.OrchestratorTests.lambda$runOrchestratorInThread$0(OrchestratorTests.java:71)
	at java.base/java.lang.Thread.run(Thread.java:1583)
10:54:20.973 [Thread-2] ERROR Orchestrator.Orchestrator -- Event queue was interrupted
java.lang.InterruptedException: null
	at EventBus.EventQueue.take(EventQueue.java:58)
	at Orchestrator.Orchestrator.start(Orchestrator.java:78)
	at Orchestrator.OrchestratorTests.lambda$runOrchestratorInThread$0(OrchestratorTests.java:71)
	at java.base/java.lang.Thread.run(Thread.java:1583)
10:54:20.973 [Thread-1] ERROR Orchestrator.Orchestrator -- Event queue was interrupted
java.lang.InterruptedException: null
	at EventBus.EventQueue.take(EventQueue.java:58)
	at Orchestrator.Orchestrator.start(Orchestrator.java:78)
	at Orchestrator.OrchestratorTests.lambda$runOrchestratorInThread$0(OrchestratorTests.java:71)
	at java.base/java.lang.Thread.run(Thread.java:1583)
10:54:20.973 [Thread-1] ERROR Orchestrator.Orchestrator -- Event queue was interrupted
java.lang.InterruptedException: null
	at EventBus.EventQueue.take(EventQueue.java:58)
	at Orchestrator.Orchestrator.start(Orchestrator.java:78)
	at Orchestrator.OrchestratorTests.lambda$runOrchestratorInThread$0(OrchestratorTests.java:71)
	at java.base/java.lang.Thread.run(Thread.java:1583)
10:54:20.973 [Thread-2] ERROR Orchestrator.Orchestrator -- Event queue was interrupted
java.lang.InterruptedException: null
	at EventBus.EventQueue.take(EventQueue.java:58)
	at Orchestrator.Orchestrator.start(Orchestrator.java:78)
	at Orchestrator.OrchestratorTests.lambda$runOrchestratorInThread$0(OrchestratorTests.java:71)
	at java.base/java.lang.Thread.run(Thread.java:1583)
10:54:20.973 [Thread-2] ERROR Orchestrator.Orchestrator -- Event queue was interrupted
java.lang.InterruptedException: null
	at EventBus.EventQueue.take(EventQueue.java:58)
	at Orchestrator.Orchestrator.start(Orchestrator.java:78)
	at Orchestrator.OrchestratorTests.lambda$runOrchestratorInThread$0(OrchestratorTests.java:71)
	at java.base/java.lang.Thread.run(Thread.java:1583)
10:54:20.973 [Thread-2] ERROR Orchestrator.Orchestrator -- Event queue was interrupted
java.lang.InterruptedException: null
	at EventBus.EventQueue.take(EventQueue.java:58)
	at Orchestrator.Orchestrator.start(Orchestrator.java:78)
	at Orchestrator.OrchestratorTests.lambda$runOrchestratorInThread$0(OrchestratorTests.java:71)
	at java.base/java.lang.Thread.run(Thread.java:1583)
10:54:20.973 [Thread-2] ERROR Orchestrator.Orchestrator -- Event queue was interrupted
java.lang.InterruptedException: null
	at EventBus.EventQueue.take(EventQueue.java:58)
	at Orchestrator.Orchestrator.start(Orchestrator.java:78)
	at Orchestrator.OrchestratorTests.lambda$runOrchestratorInThread$0(OrchestratorTests.java:71)
	at java.base/java.lang.Thread.run(Thread.java:1583)
10:54:20.974 [Thread-2] ERROR Orchestrator.Orchestrator -- Event queue was interrupted
java.lang.InterruptedException: null
	at EventBus.EventQueue.take(EventQueue.java:58)
	at Orchestrator.Orchestrator.start(Orchestrator.java:78)
	at Orchestrator.OrchestratorTests.lambda$runOrchestratorInThread$0(OrchestratorTests.java:71)
	at java.base/java.lang.Thread.run(Thread.java:1583)
10:54:20.974 [Thread-2] ERROR Orchestrator.Orchestrator -- Event queue was interrupted
java.lang.InterruptedException: null
	at EventBus.EventQueue.take(EventQueue.java:58)
	at Orchestrator.Orchestrator.start(Orchestrator.java:78)
	at Orchestrator.OrchestratorTests.lambda$runOrchestratorInThread$0(OrchestratorTests.java:71)
	at java.base/java.lang.Thread.run(Thread.java:1583)
10:54:20.973 [Thread-1] ERROR Orchestrator.Orchestrator -- Event queue was interrupted
java.lang.InterruptedException: null
	at EventBus.EventQueue.take(EventQueue.java:58)
	at Orchestrator.Orchestrator.start(Orchestrator.java:78)
	at Orchestrator.OrchestratorTests.lambda$runOrchestratorInThread$0(OrchestratorTests.java:71)
	at java.base/java.lang.Thread.run(Thread.java:1583)
10:54:20.974 [Thread-1] ERROR Orchestrator.Orchestrator -- Event queue was interrupted
java.lang.InterruptedException: null
	at EventBus.EventQueue.take(EventQueue.java:58)
	at Orchestrator.Orchestrator.start(Orchestrator.java:78)
	at Orchestrator.OrchestratorTests.lambda$runOrchestratorInThread$0(OrchestratorTests.java:71)
	at java.base/java.lang.Thread.run(Thread.java:1583)
10:54:20.974 [Thread-1] ERROR Orchestrator.Orchestrator -- Event queue was interrupted
java.lang.InterruptedException: null
	at EventBus.EventQueue.take(EventQueue.java:58)
	at Orchestrator.Orchestrator.start(Orchestrator.java:78)
	at Orchestrator.OrchestratorTests.lambda$runOrchestratorInThread$0(OrchestratorTests.java:71)
	at java.base/java.lang.Thread.run(Thread.java:1583)
10:54:20.974 [Thread-1] ERROR Orchestrator.Orchestrator -- Event queue was interrupted
java.lang.InterruptedException: null
	at EventBus.EventQueue.take(EventQueue.java:58)
	at Orchestrator.Orchestrator.start(Orchestrator.java:78)
	at Orchestrator.OrchestratorTests.lambda$runOrchestratorInThread$0(OrchestratorTests.java:71)
	at java.base/java.lang.Thread.run(Thread.java:1583)
10:54:20.974 [Thread-1] ERROR Orchestrator.Orchestrator -- Event queue was interrupted
java.lang.InterruptedException: null
	at EventBus.EventQueue.take(EventQueue.java:58)
	at Orchestrator.Orchestrator.start(Orchestrator.java:78)
	at Orchestrator.OrchestratorTests.lambda$runOrchestratorInThread$0(OrchestratorTests.java:71)
	at java.base/java.lang.Thread.run(Thread.java:1583)
10:54:20.974 [Thread-1] ERROR Orchestrator.Orchestrator -- Event queue was interrupted
java.lang.InterruptedException: null
	at EventBus.EventQueue.take(EventQueue.java:58)
	at Orchestrator.Orchestrator.start(Orchestrator.java:78)
	at Orchestrator.OrchestratorTests.lambda$runOrchestratorInThread$0(OrchestratorTests.java:71)
	at java.base/java.lang.Thread.run(Thread.java:1583)
10:54:20.974 [Thread-1] ERROR Orchestrator.Orchestrator -- Event queue was interrupted
java.lang.InterruptedException: null
	at EventBus.EventQueue.take(EventQueue.java:58)
	at Orchestrator.Orchestrator.start(Orchestrator.java:78)
	at Orchestrator.OrchestratorTests.lambda$runOrchestratorInThread$0(OrchestratorTests.java:71)
	at java.base/java.lang.Thread.run(Thread.java:1583)
10:54:20.974 [Thread-1] ERROR Orchestrator.Orchestrator -- Event queue was interrupted
java.lang.InterruptedException: null
	at EventBus.EventQueue.take(EventQueue.java:58)
	at Orchestrator.Orchestrator.start(Orchestrator.java:78)
	at Orchestrator.OrchestratorTests.lambda$runOrchestratorInThread$0(OrchestratorTests.java:71)
	at java.base/java.lang.Thread.run(Thread.java:1583)
10:54:20.974 [Thread-1] ERROR Orchestrator.Orchestrator -- Event queue was interrupted
java.lang.InterruptedException: null
	at EventBus.EventQueue.take(EventQueue.java:58)
	at Orchestrator.Orchestrator.start(Orchestrator.java:78)
	at Orchestrator.OrchestratorTests.lambda$runOrchestratorInThread$0(OrchestratorTests.java:71)
	at java.base/java.lang.Thread.run(Thread.java:1583)
10:54:20.975 [Thread-1] ERROR Orchestrator.Orchestrator -- Event queue was interrupted
java.lang.InterruptedException: null
	at EventBus.EventQueue.take(EventQueue.java:58)
	at Orchestrator.Orchestrator.start(Orchestrator.java:78)
	at Orchestrator.OrchestratorTests.lambda$runOrchestratorInThread$0(OrchestratorTests.java:71)
	at java.base/java.lang.Thread.run(Thread.java:1583)
10:54:20.975 [Thread-2] ERROR Orchestrator.Orchestrator -- Event queue was interrupted
java.lang.InterruptedException: null
	at EventBus.EventQueue.take(EventQueue.java:58)
	at Orchestrator.Orchestrator.start(Orchestrator.java:78)
	at Orchestrator.OrchestratorTests.lambda$runOrchestratorInThread$0(OrchestratorTests.java:71)
	at java.base/java.lang.Thread.run(Thread.java:1583)
10:54:20.975 [Thread-1] ERROR Orchestrator.Orchestrator -- Event queue was interrupted
java.lang.InterruptedException: null
	at EventBus.EventQueue.take(EventQueue.java:58)
	at Orchestrator.Orchestrator.start(Orchestrator.java:78)
	at Orchestrator.OrchestratorTests.lambda$runOrchestratorInThread$0(OrchestratorTests.java:71)
	at java.base/java.lang.Thread.run(Thread.java:1583)
10:54:20.975 [Thread-1] ERROR Orchestrator.Orchestrator -- Event queue was interrupted
java.lang.InterruptedException: null
	at EventBus.EventQueue.take(EventQueue.java:58)
	at Orchestrator.Orchestrator.start(Orchestrator.java:78)
	at Orchestrator.OrchestratorTests.lambda$runOrchestratorInThread$0(OrchestratorTests.java:71)
	at java.base/java.lang.Thread.run(Thread.java:1583)
10:54:20.975 [Thread-2] ERROR Orchestrator.Orchestrator -- Event queue was interrupted
java.lang.InterruptedException: null
	at EventBus.EventQueue.take(EventQueue.java:58)
	at Orchestrator.Orchestrator.start(Orchestrator.java:78)
	at Orchestrator.OrchestratorTests.lambda$runOrchestratorInThread$0(OrchestratorTests.java:71)
	at java.base/java.lang.Thread.run(Thread.java:1583)
10:54:20.975 [Thread-1] ERROR Orchestrator.Orchestrator -- Event queue was interrupted
java.lang.InterruptedException: null
	at EventBus.EventQueue.take(EventQueue.java:58)
	at Orchestrator.Orchestrator.start(Orchestrator.java:78)
	at Orchestrator.OrchestratorTests.lambda$runOrchestratorInThread$0(OrchestratorTests.java:71)
	at java.base/java.lang.Thread.run(Thread.java:1583)
10:54:20.975 [Thread-1] ERROR Orchestrator.Orchestrator -- Event queue was interrupted
java.lang.InterruptedException: null
	at EventBus.EventQueue.take(EventQueue.java:58)
	at Orchestrator.Orchestrator.start(Orchestrator.java:78)
	at Orchestrator.OrchestratorTests.lambda$runOrchestratorInThread$0(OrchestratorTests.java:71)
	at java.base/java.lang.Thread.run(Thread.java:1583)
10:54:20.975 [Thread-2] ERROR Orchestrator.Orchestrator -- Event queue was interrupted
java.lang.InterruptedException: null
	at EventBus.EventQueue.take(EventQueue.java:58)
	at Orchestrator.Orchestrator.start(Orchestrator.java:78)
	at Orchestrator.OrchestratorTests.lambda$runOrchestratorInThread$0(OrchestratorTests.java:71)
	at java.base/java.lang.Thread.run(Thread.java:1583)
10:54:20.975 [Thread-1] ERROR Orchestrator.Orchestrator -- Event queue was interrupted
java.lang.InterruptedException: null
	at EventBus.EventQueue.take(EventQueue.java:58)
	at Orchestrator.Orchestrator.start(Orchestrator.java:78)
	at Orchestrator.OrchestratorTests.lambda$runOrchestratorInThread$0(OrchestratorTests.java:71)
	at java.base/java.lang.Thread.run(Thread.java:1583)
10:54:20.975 [Thread-2] ERROR Orchestrator.Orchestrator -- Event queue was interrupted
java.lang.InterruptedException: null
	at EventBus.EventQueue.take(EventQueue.java:58)
	at Orchestrator.Orchestrator.start(Orchestrator.java:78)
	at Orchestrator.OrchestratorTests.lambda$runOrchestratorInThread$0(OrchestratorTests.java:71)
	at java.base/java.lang.Thread.run(Thread.java:1583)
10:54:20.975 [Thread-1] ERROR Orchestrator.Orchestrator -- Event queue was interrupted
java.lang.InterruptedException: null
	at EventBus.EventQueue.take(EventQueue.java:58)
	at Orchestrator.Orchestrator.start(Orchestrator.java:78)
	at Orchestrator.OrchestratorTests.lambda$runOrchestratorInThread$0(OrchestratorTests.java:71)
	at java.base/java.lang.Thread.run(Thread.java:1583)
10:54:20.975 [Thread-1] ERROR Orchestrator.Orchestrator -- Event queue was interrupted
java.lang.InterruptedException: null
	at EventBus.EventQueue.take(EventQueue.java:58)
	at Orchestrator.Orchestrator.start(Orchestrator.java:78)
	at Orchestrator.OrchestratorTests.lambda$runOrchestratorInThread$0(OrchestratorTests.java:71)
	at java.base/java.lang.Thread.run(Thread.java:1583)
10:54:20.975 [Thread-2] ERROR Orchestrator.Orchestrator -- Event queue was interrupted
java.lang.InterruptedException: null
	at EventBus.EventQueue.take(EventQueue.java:58)
	at Orchestrator.Orchestrator.start(Orchestrator.java:78)
	at Orchestrator.OrchestratorTests.lambda$runOrchestratorInThread$0(OrchestratorTests.java:71)
	at java.base/java.lang.Thread.run(Thread.java:1583)
10:54:20.975 [Thread-1] ERROR Orchestrator.Orchestrator -- Event queue was interrupted
java.lang.InterruptedException: null
	at EventBus.EventQueue.take(EventQueue.java:58)
	at Orchestrator.Orchestrator.start(Orchestrator.java:78)
	at Orchestrator.OrchestratorTests.lambda$runOrchestratorInThread$0(OrchestratorTests.java:71)
	at java.base/java.lang.Thread.run(Thread.java:1583)
10:54:20.975 [Thread-2] ERROR Orchestrator.Orchestrator -- Event queue was interrupted
java.lang.InterruptedException: null
	at EventBus.EventQueue.take(EventQueue.java:58)
	at Orchestrator.Orchestrator.start(Orchestrator.java:78)
	at Orchestrator.OrchestratorTests.lambda$runOrchestratorInThread$0(OrchestratorTests.java:71)
	at java.base/java.lang.Thread.run(Thread.java:1583)
10:54:20.975 [Thread-1] ERROR Orchestrator.Orchestrator -- Event queue was interrupted
java.lang.InterruptedException: null
	at EventBus.EventQueue.take(EventQueue.java:58)
	at Orchestrator.Orchestrator.start(Orchestrator.java:78)
	at Orchestrator.OrchestratorTests.lambda$runOrchestratorInThread$0(OrchestratorTests.java:71)
	at java.base/java.lang.Thread.run(Thread.java:1583)
10:54:20.975 [Thread-1] ERROR Orchestrator.Orchestrator -- Event queue was interrupted
java.lang.InterruptedException: null
	at EventBus.EventQueue.take(EventQueue.java:58)
	at Orchestrator.Orchestrator.start(Orchestrator.java:78)
	at Orchestrator.OrchestratorTests.lambda$runOrchestratorInThread$0(OrchestratorTests.java:71)
	at java.base/java.lang.Thread.run(Thread.java:1583)
10:54:20.975 [Thread-2] ERROR Orchestrator.Orchestrator -- Event queue was interrupted
java.lang.InterruptedException: null
	at EventBus.EventQueue.take(EventQueue.java:58)
	at Orchestrator.Orchestrator.start(Orchestrator.java:78)
	at Orchestrator.OrchestratorTests.lambda$runOrchestratorInThread$0(OrchestratorTests.java:71)
	at java.base/java.lang.Thread.run(Thread.java:1583)
10:54:20.975 [Thread-1] ERROR Orchestrator.Orchestrator -- Event queue was interrupted
java.lang.InterruptedException: null
	at EventBus.EventQueue.take(EventQueue.java:58)
	at Orchestrator.Orchestrator.start(Orchestrator.java:78)
	at Orchestrator.OrchestratorTests.lambda$runOrchestratorInThread$0(OrchestratorTests.java:71)
	at java.base/java.lang.Thread.run(Thread.java:1583)
10:54:20.975 [Thread-2] ERROR Orchestrator.Orchestrator -- Event queue was interrupted
java.lang.InterruptedException: null
	at EventBus.EventQueue.take(EventQueue.java:58)
	at Orchestrator.Orchestrator.start(Orchestrator.java:78)
	at Orchestrator.OrchestratorTests.lambda$runOrchestratorInThread$0(OrchestratorTests.java:71)
	at java.base/java.lang.Thread.run(Thread.java:1583)
10:54:20.975 [Thread-1] ERROR Orchestrator.Orchestrator -- Event queue was interrupted
java.lang.InterruptedException: null
	at EventBus.EventQueue.take(EventQueue.java:58)
	at Orchestrator.Orchestrator.start(Orchestrator.java:78)
	at Orchestrator.OrchestratorTests.lambda$runOrchestratorInThread$0(OrchestratorTests.java:71)
	at java.base/java.lang.Thread.run(Thread.java:1583)
10:54:20.975 [Thread-2] ERROR Orchestrator.Orchestrator -- Event queue was interrupted
java.lang.InterruptedException: null
	at EventBus.EventQueue.take(EventQueue.java:58)
	at Orchestrator.Orchestrator.start(Orchestrator.java:78)
	at Orchestrator.OrchestratorTests.lambda$runOrchestratorInThread$0(OrchestratorTests.java:71)
	at java.base/java.lang.Thread.run(Thread.java:1583)
10:54:20.975 [Thread-1] ERROR Orchestrator.Orchestrator -- Event queue was interrupted
java.lang.InterruptedException: null
	at EventBus.EventQueue.take(EventQueue.java:58)
	at Orchestrator.Orchestrator.start(Orchestrator.java:78)
	at Orchestrator.OrchestratorTests.lambda$runOrchestratorInThread$0(OrchestratorTests.java:71)
	at java.base/java.lang.Thread.run(Thread.java:1583)
10:54:20.975 [Thread-2] ERROR Orchestrator.Orchestrator -- Event queue was interrupted
java.lang.InterruptedException: null
	at EventBus.EventQueue.take(EventQueue.java:58)
	at Orchestrator.Orchestrator.start(Orchestrator.java:78)
	at Orchestrator.OrchestratorTests.lambda$runOrchestratorInThread$0(OrchestratorTests.java:71)
	at java.base/java.lang.Thread.run(Thread.java:1583)
10:54:20.975 [Thread-1] ERROR Orchestrator.Orchestrator -- Event queue was interrupted
java.lang.InterruptedException: null
	at EventBus.EventQueue.take(EventQueue.java:58)
	at Orchestrator.Orchestrator.start(Orchestrator.java:78)
	at Orchestrator.OrchestratorTests.lambda$runOrchestratorInThread$0(OrchestratorTests.java:71)
	at java.base/java.lang.Thread.run(Thread.java:1583)
10:54:20.976 [Thread-2] ERROR Orchestrator.Orchestrator -- Event queue was interrupted
java.lang.InterruptedException: null
	at EventBus.EventQueue.take(EventQueue.java:58)
	at Orchestrator.Orchestrator.start(Orchestrator.java:78)
	at Orchestrator.OrchestratorTests.lambda$runOrchestratorInThread$0(OrchestratorTests.java:71)
	at java.base/java.lang.Thread.run(Thread.java:1583)
10:54:20.976 [Thread-2] ERROR Orchestrator.Orchestrator -- Event queue was interrupted
java.lang.InterruptedException: null
	at EventBus.EventQueue.take(EventQueue.java:58)
	at Orchestrator.Orchestrator.start(Orchestrator.java:78)
	at Orchestrator.OrchestratorTests.lambda$runOrchestratorInThread$0(OrchestratorTests.java:71)
	at java.base/java.lang.Thread.run(Thread.java:1583)
10:54:20.976 [Thread-2] ERROR Orchestrator.Orchestrator -- Event queue was interrupted
java.lang.InterruptedException: null
	at EventBus.EventQueue.take(EventQueue.java:58)
	at Orchestrator.Orchestrator.start(Orchestrator.java:78)
	at Orchestrator.OrchestratorTests.lambda$runOrchestratorInThread$0(OrchestratorTests.java:71)
	at java.base/java.lang.Thread.run(Thread.java:1583)
10:54:20.976 [Thread-2] ERROR Orchestrator.Orchestrator -- Event queue was interrupted
java.lang.InterruptedException: null
	at EventBus.EventQueue.take(EventQueue.java:58)
	at Orchestrator.Orchestrator.start(Orchestrator.java:78)
	at Orchestrator.OrchestratorTests.lambda$runOrchestratorInThread$0(OrchestratorTests.java:71)
	at java.base/java.lang.Thread.run(Thread.java:1583)
10:54:20.976 [Thread-2] ERROR Orchestrator.Orchestrator -- Event queue was interrupted
java.lang.InterruptedException: null
	at EventBus.EventQueue.take(EventQueue.java:58)
	at Orchestrator.Orchestrator.start(Orchestrator.java:78)
	at Orchestrator.OrchestratorTests.lambda$runOrchestratorInThread$0(OrchestratorTests.java:71)
	at java.base/java.lang.Thread.run(Thread.java:1583)
10:54:20.976 [Thread-2] ERROR Orchestrator.Orchestrator -- Event queue was interrupted
java.lang.InterruptedException: null
	at EventBus.EventQueue.take(EventQueue.java:58)
	at Orchestrator.Orchestrator.start(Orchestrator.java:78)
	at Orchestrator.OrchestratorTests.lambda$runOrchestratorInThread$0(OrchestratorTests.java:71)
	at java.base/java.lang.Thread.run(Thread.java:1583)
10:54:20.976 [Thread-2] ERROR Orchestrator.Orchestrator -- Event queue was interrupted
java.lang.InterruptedException: null
	at EventBus.EventQueue.take(EventQueue.java:58)
	at Orchestrator.Orchestrator.start(Orchestrator.java:78)
	at Orchestrator.OrchestratorTests.lambda$runOrchestratorInThread$0(OrchestratorTests.java:71)
	at java.base/java.lang.Thread.run(Thread.java:1583)
10:54:20.976 [Thread-2] ERROR Orchestrator.Orchestrator -- Event queue was interrupted
java.lang.InterruptedException: null
	at EventBus.EventQueue.take(EventQueue.java:58)
	at Orchestrator.Orchestrator.start(Orchestrator.java:78)
	at Orchestrator.OrchestratorTests.lambda$runOrchestratorInThread$0(OrchestratorTests.java:71)
	at java.base/java.lang.Thread.run(Thread.java:1583)
10:54:20.976 [Thread-2] ERROR Orchestrator.Orchestrator -- Event queue was interrupted
java.lang.InterruptedException: null
	at EventBus.EventQueue.take(EventQueue.java:58)
	at Orchestrator.Orchestrator.start(Orchestrator.java:78)
	at Orchestrator.OrchestratorTests.lambda$runOrchestratorInThread$0(OrchestratorTests.java:71)
	at java.base/java.lang.Thread.run(Thread.java:1583)
10:54:20.976 [Thread-2] ERROR Orchestrator.Orchestrator -- Event queue was interrupted
java.lang.InterruptedException: null
	at EventBus.EventQueue.take(EventQueue.java:58)
	at Orchestrator.Orchestrator.start(Orchestrator.java:78)
	at Orchestrator.OrchestratorTests.lambda$runOrchestratorInThread$0(OrchestratorTests.java:71)
	at java.base/java.lang.Thread.run(Thread.java:1583)
10:54:20.976 [Thread-2] ERROR Orchestrator.Orchestrator -- Event queue was interrupted
java.lang.InterruptedException: null
	at EventBus.EventQueue.take(EventQueue.java:58)
	at Orchestrator.Orchestrator.start(Orchestrator.java:78)
	at Orchestrator.OrchestratorTests.lambda$runOrchestratorInThread$0(OrchestratorTests.java:71)
	at java.base/java.lang.Thread.run(Thread.java:1583)
10:54:20.976 [Thread-2] ERROR Orchestrator.Orchestrator -- Event queue was interrupted
java.lang.InterruptedException: null
	at EventBus.EventQueue.take(EventQueue.java:58)
	at Orchestrator.Orchestrator.start(Orchestrator.java:78)
	at Orchestrator.OrchestratorTests.lambda$runOrchestratorInThread$0(OrchestratorTests.java:71)
	at java.base/java.lang.Thread.run(Thread.java:1583)
10:54:20.976 [Thread-2] ERROR Orchestrator.Orchestrator -- Event queue was interrupted
java.lang.InterruptedException: null
	at EventBus.EventQueue.take(EventQueue.java:58)
	at Orchestrator.Orchestrator.start(Orchestrator.java:78)
	at Orchestrator.OrchestratorTests.lambda$runOrchestratorInThread$0(OrchestratorTests.java:71)
	at java.base/java.lang.Thread.run(Thread.java:1583)
10:54:20.976 [Thread-2] ERROR Orchestrator.Orchestrator -- Event queue was interrupted
java.lang.InterruptedException: null
	at EventBus.EventQueue.take(EventQueue.java:58)
	at Orchestrator.Orchestrator.start(Orchestrator.java:78)
	at Orchestrator.OrchestratorTests.lambda$runOrchestratorInThread$0(OrchestratorTests.java:71)
	at java.base/java.lang.Thread.run(Thread.java:1583)
10:54:20.976 [Thread-2] ERROR Orchestrator.Orchestrator -- Event queue was interrupted
java.lang.InterruptedException: null
	at EventBus.EventQueue.take(EventQueue.java:58)
	at Orchestrator.Orchestrator.start(Orchestrator.java:78)
	at Orchestrator.OrchestratorTests.lambda$runOrchestratorInThread$0(OrchestratorTests.java:71)
	at java.base/java.lang.Thread.run(Thread.java:1583)
10:54:20.976 [Thread-1] ERROR Orchestrator.Orchestrator -- Event queue was interrupted
java.lang.InterruptedException: null
	at EventBus.EventQueue.take(EventQueue.java:58)
	at Orchestrator.Orchestrator.start(Orchestrator.java:78)
	at Orchestrator.OrchestratorTests.lambda$runOrchestratorInThread$0(OrchestratorTests.java:71)
	at java.base/java.lang.Thread.run(Thread.java:1583)
10:54:20.977 [Thread-1] ERROR Orchestrator.Orchestrator -- Event queue was interrupted
java.lang.InterruptedException: null
	at EventBus.EventQueue.take(EventQueue.java:58)
	at Orchestrator.Orchestrator.start(Orchestrator.java:78)
	at Orchestrator.OrchestratorTests.lambda$runOrchestratorInThread$0(OrchestratorTests.java:71)
	at java.base/java.lang.Thread.run(Thread.java:1583)
10:54:20.977 [Thread-1] ERROR Orchestrator.Orchestrator -- Event queue was interrupted
java.lang.InterruptedException: null
	at EventBus.EventQueue.take(EventQueue.java:58)
	at Orchestrator.Orchestrator.start(Orchestrator.java:78)
	at Orchestrator.OrchestratorTests.lambda$runOrchestratorInThread$0(OrchestratorTests.java:71)
	at java.base/java.lang.Thread.run(Thread.java:1583)
10:54:20.977 [Thread-1] ERROR Orchestrator.Orchestrator -- Event queue was interrupted
java.lang.InterruptedException: null
	at EventBus.EventQueue.take(EventQueue.java:58)
	at Orchestrator.Orchestrator.start(Orchestrator.java:78)
	at Orchestrator.OrchestratorTests.lambda$runOrchestratorInThread$0(OrchestratorTests.java:71)
	at java.base/java.lang.Thread.run(Thread.java:1583)
10:54:20.977 [Thread-1] ERROR Orchestrator.Orchestrator -- Event queue was interrupted
java.lang.InterruptedException: null
	at EventBus.EventQueue.take(EventQueue.java:58)
	at Orchestrator.Orchestrator.start(Orchestrator.java:78)
	at Orchestrator.OrchestratorTests.lambda$runOrchestratorInThread$0(OrchestratorTests.java:71)
	at java.base/java.lang.Thread.run(Thread.java:1583)
10:54:20.977 [Thread-1] ERROR Orchestrator.Orchestrator -- Event queue was interrupted
java.lang.InterruptedException: null
	at EventBus.EventQueue.take(EventQueue.java:58)
	at Orchestrator.Orchestrator.start(Orchestrator.java:78)
	at Orchestrator.OrchestratorTests.lambda$runOrchestratorInThread$0(OrchestratorTests.java:71)
	at java.base/java.lang.Thread.run(Thread.java:1583)
10:54:20.977 [Thread-1] ERROR Orchestrator.Orchestrator -- Event queue was interrupted
java.lang.InterruptedException: null
	at EventBus.EventQueue.take(EventQueue.java:58)
	at Orchestrator.Orchestrator.start(Orchestrator.java:78)
	at Orchestrator.OrchestratorTests.lambda$runOrchestratorInThread$0(OrchestratorTests.java:71)
	at java.base/java.lang.Thread.run(Thread.java:1583)
10:54:20.977 [Thread-1] ERROR Orchestrator.Orchestrator -- Event queue was interrupted
java.lang.InterruptedException: null
	at EventBus.EventQueue.take(EventQueue.java:58)
	at Orchestrator.Orchestrator.start(Orchestrator.java:78)
	at Orchestrator.OrchestratorTests.lambda$runOrchestratorInThread$0(OrchestratorTests.java:71)
	at java.base/java.lang.Thread.run(Thread.java:1583)
10:54:20.977 [Thread-1] ERROR Orchestrator.Orchestrator -- Event queue was interrupted
java.lang.InterruptedException: null
	at EventBus.EventQueue.take(EventQueue.java:58)
	at Orchestrator.Orchestrator.start(Orchestrator.java:78)
	at Orchestrator.OrchestratorTests.lambda$runOrchestratorInThread$0(OrchestratorTests.java:71)
	at java.base/java.lang.Thread.run(Thread.java:1583)
10:54:20.977 [Thread-1] ERROR Orchestrator.Orchestrator -- Event queue was interrupted
java.lang.InterruptedException: null
	at EventBus.EventQueue.take(EventQueue.java:58)
	at Orchestrator.Orchestrator.start(Orchestrator.java:78)
	at Orchestrator.OrchestratorTests.lambda$runOrchestratorInThread$0(OrchestratorTests.java:71)
	at java.base/java.lang.Thread.run(Thread.java:1583)
10:54:20.977 [Thread-1] ERROR Orchestrator.Orchestrator -- Event queue was interrupted
java.lang.InterruptedException: null
	at EventBus.EventQueue.take(EventQueue.java:58)
	at Orchestrator.Orchestrator.start(Orchestrator.java:78)
	at Orchestrator.OrchestratorTests.lambda$runOrchestratorInThread$0(OrchestratorTests.java:71)
	at java.base/java.lang.Thread.run(Thread.java:1583)
10:54:20.977 [Thread-1] ERROR Orchestrator.Orchestrator -- Event queue was interrupted
java.lang.InterruptedException: null
	at EventBus.EventQueue.take(EventQueue.java:58)
	at Orchestrator.Orchestrator.start(Orchestrator.java:78)
	at Orchestrator.OrchestratorTests.lambda$runOrchestratorInThread$0(OrchestratorTests.java:71)
	at java.base/java.lang.Thread.run(Thread.java:1583)
10:54:20.977 [Thread-1] ERROR Orchestrator.Orchestrator -- Event queue was interrupted
java.lang.InterruptedException: null
	at EventBus.EventQueue.take(EventQueue.java:58)
	at Orchestrator.Orchestrator.start(Orchestrator.java:78)
	at Orchestrator.OrchestratorTests.lambda$runOrchestratorInThread$0(OrchestratorTests.java:71)
	at java.base/java.lang.Thread.run(Thread.java:1583)
10:54:20.977 [Thread-1] ERROR Orchestrator.Orchestrator -- Event queue was interrupted
java.lang.InterruptedException: null
	at EventBus.EventQueue.take(EventQueue.java:58)
	at Orchestrator.Orchestrator.start(Orchestrator.java:78)
	at Orchestrator.OrchestratorTests.lambda$runOrchestratorInThread$0(OrchestratorTests.java:71)
	at java.base/java.lang.Thread.run(Thread.java:1583)
10:54:20.977 [Thread-1] ERROR Orchestrator.Orchestrator -- Event queue was interrupted
java.lang.InterruptedException: null
	at EventBus.EventQueue.take(EventQueue.java:58)
	at Orchestrator.Orchestrator.start(Orchestrator.java:78)
	at Orchestrator.OrchestratorTests.lambda$runOrchestratorInThread$0(OrchestratorTests.java:71)
	at java.base/java.lang.Thread.run(Thread.java:1583)
10:54:20.977 [Thread-1] ERROR Orchestrator.Orchestrator -- Event queue was interrupted
java.lang.InterruptedException: null
	at EventBus.EventQueue.take(EventQueue.java:58)
	at Orchestrator.Orchestrator.start(Orchestrator.java:78)
	at Orchestrator.OrchestratorTests.lambda$runOrchestratorInThread$0(OrchestratorTests.java:71)
	at java.base/java.lang.Thread.run(Thread.java:1583)
10:54:20.977 [Thread-1] ERROR Orchestrator.Orchestrator -- Event queue was interrupted
java.lang.InterruptedException: null
	at EventBus.EventQueue.take(EventQueue.java:58)
	at Orchestrator.Orchestrator.start(Orchestrator.java:78)
	at Orchestrator.OrchestratorTests.lambda$runOrchestratorInThread$0(OrchestratorTests.java:71)
	at java.base/java.lang.Thread.run(Thread.java:1583)
10:54:20.977 [Thread-1] ERROR Orchestrator.Orchestrator -- Event queue was interrupted
java.lang.InterruptedException: null
	at EventBus.EventQueue.take(EventQueue.java:58)
	at Orchestrator.Orchestrator.start(Orchestrator.java:78)
	at Orchestrator.OrchestratorTests.lambda$runOrchestratorInThread$0(OrchestratorTests.java:71)
	at java.base/java.lang.Thread.run(Thread.java:1583)
10:54:20.977 [Thread-1] ERROR Orchestrator.Orchestrator -- Event queue was interrupted
java.lang.InterruptedException: null
	at EventBus.EventQueue.take(EventQueue.java:58)
	at Orchestrator.Orchestrator.start(Orchestrator.java:78)
	at Orchestrator.OrchestratorTests.lambda$runOrchestratorInThread$0(OrchestratorTests.java:71)
	at java.base/java.lang.Thread.run(Thread.java:1583)
10:54:20.978 [Thread-1] ERROR Orchestrator.Orchestrator -- Event queue was interrupted
java.lang.InterruptedException: null
	at EventBus.EventQueue.take(EventQueue.java:58)
	at Orchestrator.Orchestrator.start(Orchestrator.java:78)
	at Orchestrator.OrchestratorTests.lambda$runOrchestratorInThread$0(OrchestratorTests.java:71)
	at java.base/java.lang.Thread.run(Thread.java:1583)
10:54:20.978 [Thread-1] ERROR Orchestrator.Orchestrator -- Event queue was interrupted
java.lang.InterruptedException: null
	at EventBus.EventQueue.take(EventQueue.java:58)
	at Orchestrator.Orchestrator.start(Orchestrator.java:78)
	at Orchestrator.OrchestratorTests.lambda$runOrchestratorInThread$0(OrchestratorTests.java:71)
	at java.base/java.lang.Thread.run(Thread.java:1583)
10:54:20.978 [Thread-1] ERROR Orchestrator.Orchestrator -- Event queue was interrupted
java.lang.InterruptedException: null
	at EventBus.EventQueue.take(EventQueue.java:58)
	at Orchestrator.Orchestrator.start(Orchestrator.java:78)
	at Orchestrator.OrchestratorTests.lambda$runOrchestratorInThread$0(OrchestratorTests.java:71)
	at java.base/java.lang.Thread.run(Thread.java:1583)
10:54:20.978 [Thread-1] ERROR Orchestrator.Orchestrator -- Event queue was interrupted
java.lang.InterruptedException: null
	at EventBus.EventQueue.take(EventQueue.java:58)
	at Orchestrator.Orchestrator.start(Orchestrator.java:78)
	at Orchestrator.OrchestratorTests.lambda$runOrchestratorInThread$0(OrchestratorTests.java:71)
	at java.base/java.lang.Thread.run(Thread.java:1583)
10:54:20.978 [Thread-1] ERROR Orchestrator.Orchestrator -- Event queue was interrupted
java.lang.InterruptedException: null
	at EventBus.EventQueue.take(EventQueue.java:58)
	at Orchestrator.Orchestrator.start(Orchestrator.java:78)
	at Orchestrator.OrchestratorTests.lambda$runOrchestratorInThread$0(OrchestratorTests.java:71)
	at java.base/java.lang.Thread.run(Thread.java:1583)
10:54:20.978 [Thread-1] ERROR Orchestrator.Orchestrator -- Event queue was interrupted
java.lang.InterruptedException: null
	at EventBus.EventQueue.take(EventQueue.java:58)
	at Orchestrator.Orchestrator.start(Orchestrator.java:78)
	at Orchestrator.OrchestratorTests.lambda$runOrchestratorInThread$0(OrchestratorTests.java:71)
	at java.base/java.lang.Thread.run(Thread.java:1583)
10:54:20.978 [Thread-1] ERROR Orchestrator.Orchestrator -- Event queue was interrupted
java.lang.InterruptedException: null
	at EventBus.EventQueue.take(EventQueue.java:58)
	at Orchestrator.Orchestrator.start(Orchestrator.java:78)
	at Orchestrator.OrchestratorTests.lambda$runOrchestratorInThread$0(OrchestratorTests.java:71)
	at java.base/java.lang.Thread.run(Thread.java:1583)
10:54:20.978 [Thread-1] ERROR Orchestrator.Orchestrator -- Event queue was interrupted
java.lang.InterruptedException: null
	at EventBus.EventQueue.take(EventQueue.java:58)
	at Orchestrator.Orchestrator.start(Orchestrator.java:78)
	at Orchestrator.OrchestratorTests.lambda$runOrchestratorInThread$0(OrchestratorTests.java:71)
	at java.base/java.lang.Thread.run(Thread.java:1583)
10:54:20.978 [Thread-1] ERROR Orchestrator.Orchestrator -- Event queue was interrupted
java.lang.InterruptedException: null
	at EventBus.EventQueue.take(EventQueue.java:58)
	at Orchestrator.Orchestrator.start(Orchestrator.java:78)
	at Orchestrator.OrchestratorTests.lambda$runOrchestratorInThread$0(OrchestratorTests.java:71)
	at java.base/java.lang.Thread.run(Thread.java:1583)
10:54:20.978 [Thread-1] ERROR Orchestrator.Orchestrator -- Event queue was interrupted
java.lang.InterruptedException: null
	at EventBus.EventQueue.take(EventQueue.java:58)
	at Orchestrator.Orchestrator.start(Orchestrator.java:78)
	at Orchestrator.OrchestratorTests.lambda$runOrchestratorInThread$0(OrchestratorTests.java:71)
	at java.base/java.lang.Thread.run(Thread.java:1583)
10:54:20.978 [Thread-1] ERROR Orchestrator.Orchestrator -- Event queue was interrupted
java.lang.InterruptedException: null
	at EventBus.EventQueue.take(EventQueue.java:58)
	at Orchestrator.Orchestrator.start(Orchestrator.java:78)
	at Orchestrator.OrchestratorTests.lambda$runOrchestratorInThread$0(OrchestratorTests.java:71)
	at java.base/java.lang.Thread.run(Thread.java:1583)
10:54:20.978 [Thread-1] ERROR Orchestrator.Orchestrator -- Event queue was interrupted
java.lang.InterruptedException: null
	at EventBus.EventQueue.take(EventQueue.java:58)
	at Orchestrator.Orchestrator.start(Orchestrator.java:78)
	at Orchestrator.OrchestratorTests.lambda$runOrchestratorInThread$0(OrchestratorTests.java:71)
	at java.base/java.lang.Thread.run(Thread.java:1583)
10:54:20.978 [Thread-1] ERROR Orchestrator.Orchestrator -- Event queue was interrupted
java.lang.InterruptedException: null
	at EventBus.EventQueue.take(EventQueue.java:58)
	at Orchestrator.Orchestrator.start(Orchestrator.java:78)
	at Orchestrator.OrchestratorTests.lambda$runOrchestratorInThread$0(OrchestratorTests.java:71)
	at java.base/java.lang.Thread.run(Thread.java:1583)
10:54:20.978 [Thread-1] ERROR Orchestrator.Orchestrator -- Event queue was interrupted
java.lang.InterruptedException: null
	at EventBus.EventQueue.take(EventQueue.java:58)
	at Orchestrator.Orchestrator.start(Orchestrator.java:78)
	at Orchestrator.OrchestratorTests.lambda$runOrchestratorInThread$0(OrchestratorTests.java:71)
	at java.base/java.lang.Thread.run(Thread.java:1583)
10:54:20.978 [Thread-1] ERROR Orchestrator.Orchestrator -- Event queue was interrupted
java.lang.InterruptedException: null
	at EventBus.EventQueue.take(EventQueue.java:58)
	at Orchestrator.Orchestrator.start(Orchestrator.java:78)
	at Orchestrator.OrchestratorTests.lambda$runOrchestratorInThread$0(OrchestratorTests.java:71)
	at java.base/java.lang.Thread.run(Thread.java:1583)
10:54:20.978 [Thread-1] ERROR Orchestrator.Orchestrator -- Event queue was interrupted
java.lang.InterruptedException: null
	at EventBus.EventQueue.take(EventQueue.java:58)
	at Orchestrator.Orchestrator.start(Orchestrator.java:78)
	at Orchestrator.OrchestratorTests.lambda$runOrchestratorInThread$0(OrchestratorTests.java:71)
	at java.base/java.lang.Thread.run(Thread.java:1583)
10:54:20.978 [Thread-1] ERROR Orchestrator.Orchestrator -- Event queue was interrupted
java.lang.InterruptedException: null
	at EventBus.EventQueue.take(EventQueue.java:58)
	at Orchestrator.Orchestrator.start(Orchestrator.java:78)
	at Orchestrator.OrchestratorTests.lambda$runOrchestratorInThread$0(OrchestratorTests.java:71)
	at java.base/java.lang.Thread.run(Thread.java:1583)
10:54:20.978 [Thread-1] ERROR Orchestrator.Orchestrator -- Event queue was interrupted
java.lang.InterruptedException: null
	at EventBus.EventQueue.take(EventQueue.java:58)
	at Orchestrator.Orchestrator.start(Orchestrator.java:78)
	at Orchestrator.OrchestratorTests.lambda$runOrchestratorInThread$0(OrchestratorTests.java:71)
	at java.base/java.lang.Thread.run(Thread.java:1583)
10:54:20.978 [Thread-1] ERROR Orchestrator.Orchestrator -- Event queue was interrupted
java.lang.InterruptedException: null
	at EventBus.EventQueue.take(EventQueue.java:58)
	at Orchestrator.Orchestrator.start(Orchestrator.java:78)
	at Orchestrator.OrchestratorTests.lambda$runOrchestratorInThread$0(OrchestratorTests.java:71)
	at java.base/java.lang.Thread.run(Thread.java:1583)
10:54:20.978 [Thread-1] ERROR Orchestrator.Orchestrator -- Event queue was interrupted
java.lang.InterruptedException: null
	at EventBus.EventQueue.take(EventQueue.java:58)
	at Orchestrator.Orchestrator.start(Orchestrator.java:78)
	at Orchestrator.OrchestratorTests.lambda$runOrchestratorInThread$0(OrchestratorTests.java:71)
	at java.base/java.lang.Thread.run(Thread.java:1583)
10:54:20.978 [Thread-1] ERROR Orchestrator.Orchestrator -- Event queue was interrupted
java.lang.InterruptedException: null
	at EventBus.EventQueue.take(EventQueue.java:58)
	at Orchestrator.Orchestrator.start(Orchestrator.java:78)
	at Orchestrator.OrchestratorTests.lambda$runOrchestratorInThread$0(OrchestratorTests.java:71)
	at java.base/java.lang.Thread.run(Thread.java:1583)
10:54:20.979 [Thread-1] ERROR Orchestrator.Orchestrator -- Event queue was interrupted
java.lang.InterruptedException: null
	at EventBus.EventQueue.take(EventQueue.java:58)
	at Orchestrator.Orchestrator.start(Orchestrator.java:78)
	at Orchestrator.OrchestratorTests.lambda$runOrchestratorInThread$0(OrchestratorTests.java:71)
	at java.base/java.lang.Thread.run(Thread.java:1583)
10:54:20.979 [Thread-1] ERROR Orchestrator.Orchestrator -- Event queue was interrupted
java.lang.InterruptedException: null
	at EventBus.EventQueue.take(EventQueue.java:58)
	at Orchestrator.Orchestrator.start(Orchestrator.java:78)
	at Orchestrator.OrchestratorTests.lambda$runOrchestratorInThread$0(OrchestratorTests.java:71)
	at java.base/java.lang.Thread.run(Thread.java:1583)
10:54:20.979 [Thread-1] ERROR Orchestrator.Orchestrator -- Event queue was interrupted
java.lang.InterruptedException: null
	at EventBus.EventQueue.take(EventQueue.java:58)
	at Orchestrator.Orchestrator.start(Orchestrator.java:78)
	at Orchestrator.OrchestratorTests.lambda$runOrchestratorInThread$0(OrchestratorTests.java:71)
	at java.base/java.lang.Thread.run(Thread.java:1583)
10:54:20.979 [Thread-1] ERROR Orchestrator.Orchestrator -- Event queue was interrupted
java.lang.InterruptedException: null
	at EventBus.EventQueue.take(EventQueue.java:58)
	at Orchestrator.Orchestrator.start(Orchestrator.java:78)
	at Orchestrator.OrchestratorTests.lambda$runOrchestratorInThread$0(OrchestratorTests.java:71)
	at java.base/java.lang.Thread.run(Thread.java:1583)
10:54:20.979 [Thread-1] ERROR Orchestrator.Orchestrator -- Event queue was interrupted
java.lang.InterruptedException: null
	at EventBus.EventQueue.take(EventQueue.java:58)
	at Orchestrator.Orchestrator.start(Orchestrator.java:78)
	at Orchestrator.OrchestratorTests.lambda$runOrchestratorInThread$0(OrchestratorTests.java:71)
	at java.base/java.lang.Thread.run(Thread.java:1583)
10:54:20.979 [Thread-1] ERROR Orchestrator.Orchestrator -- Event queue was interrupted
java.lang.InterruptedException: null
	at EventBus.EventQueue.take(EventQueue.java:58)
	at Orchestrator.Orchestrator.start(Orchestrator.java:78)
	at Orchestrator.OrchestratorTests.lambda$runOrchestratorInThread$0(OrchestratorTests.java:71)
	at java.base/java.lang.Thread.run(Thread.java:1583)
10:54:20.979 [Thread-1] ERROR Orchestrator.Orchestrator -- Event queue was interrupted
java.lang.InterruptedException: null
	at EventBus.EventQueue.take(EventQueue.java:58)
	at Orchestrator.Orchestrator.start(Orchestrator.java:78)
	at Orchestrator.OrchestratorTests.lambda$runOrchestratorInThread$0(OrchestratorTests.java:71)
	at java.base/java.lang.Thread.run(Thread.java:1583)
10:54:20.979 [Thread-1] ERROR Orchestrator.Orchestrator -- Event queue was interrupted
java.lang.InterruptedException: null
	at EventBus.EventQueue.take(EventQueue.java:58)
	at Orchestrator.Orchestrator.start(Orchestrator.java:78)
	at Orchestrator.OrchestratorTests.lambda$runOrchestratorInThread$0(OrchestratorTests.java:71)
	at java.base/java.lang.Thread.run(Thread.java:1583)
10:54:20.979 [Thread-1] ERROR Orchestrator.Orchestrator -- Event queue was interrupted
java.lang.InterruptedException: null
	at EventBus.EventQueue.take(EventQueue.java:58)
	at Orchestrator.Orchestrator.start(Orchestrator.java:78)
	at Orchestrator.OrchestratorTests.lambda$runOrchestratorInThread$0(OrchestratorTests.java:71)
	at java.base/java.lang.Thread.run(Thread.java:1583)
10:54:20.979 [Thread-1] ERROR Orchestrator.Orchestrator -- Event queue was interrupted
java.lang.InterruptedException: null
	at EventBus.EventQueue.take(EventQueue.java:58)
	at Orchestrator.Orchestrator.start(Orchestrator.java:78)
	at Orchestrator.OrchestratorTests.lambda$runOrchestratorInThread$0(OrchestratorTests.java:71)
	at java.base/java.lang.Thread.run(Thread.java:1583)
10:54:20.979 [Thread-1] ERROR Orchestrator.Orchestrator -- Event queue was interrupted
java.lang.InterruptedException: null
	at EventBus.EventQueue.take(EventQueue.java:58)
	at Orchestrator.Orchestrator.start(Orchestrator.java:78)
	at Orchestrator.OrchestratorTests.lambda$runOrchestratorInThread$0(OrchestratorTests.java:71)
	at java.base/java.lang.Thread.run(Thread.java:1583)
10:54:20.979 [Thread-1] ERROR Orchestrator.Orchestrator -- Event queue was interrupted
java.lang.InterruptedException: null
	at EventBus.EventQueue.take(EventQueue.java:58)
	at Orchestrator.Orchestrator.start(Orchestrator.java:78)
	at Orchestrator.OrchestratorTests.lambda$runOrchestratorInThread$0(OrchestratorTests.java:71)
	at java.base/java.lang.Thread.run(Thread.java:1583)
10:54:20.979 [Thread-1] ERROR Orchestrator.Orchestrator -- Event queue was interrupted
java.lang.InterruptedException: null
	at EventBus.EventQueue.take(EventQueue.java:58)
	at Orchestrator.Orchestrator.start(Orchestrator.java:78)
	at Orchestrator.OrchestratorTests.lambda$runOrchestratorInThread$0(OrchestratorTests.java:71)
	at java.base/java.lang.Thread.run(Thread.java:1583)
10:54:20.979 [Thread-1] ERROR Orchestrator.Orchestrator -- Event queue was interrupted
java.lang.InterruptedException: null
	at EventBus.EventQueue.take(EventQueue.java:58)
	at Orchestrator.Orchestrator.start(Orchestrator.java:78)
	at Orchestrator.OrchestratorTests.lambda$runOrchestratorInThread$0(OrchestratorTests.java:71)
	at java.base/java.lang.Thread.run(Thread.java:1583)
10:54:20.979 [Thread-1] ERROR Orchestrator.Orchestrator -- Event queue was interrupted
java.lang.InterruptedException: null
	at EventBus.EventQueue.take(EventQueue.java:58)
	at Orchestrator.Orchestrator.start(Orchestrator.java:78)
	at Orchestrator.OrchestratorTests.lambda$runOrchestratorInThread$0(OrchestratorTests.java:71)
	at java.base/java.lang.Thread.run(Thread.java:1583)
10:54:20.979 [Thread-1] ERROR Orchestrator.Orchestrator -- Event queue was interrupted
java.lang.InterruptedException: null
	at EventBus.EventQueue.take(EventQueue.java:58)
	at Orchestrator.Orchestrator.start(Orchestrator.java:78)
	at Orchestrator.OrchestratorTests.lambda$runOrchestratorInThread$0(OrchestratorTests.java:71)
	at java.base/java.lang.Thread.run(Thread.java:1583)
10:54:20.979 [Thread-1] ERROR Orchestrator.Orchestrator -- Event queue was interrupted
java.lang.InterruptedException: null
	at EventBus.EventQueue.take(EventQueue.java:58)
	at Orchestrator.Orchestrator.start(Orchestrator.java:78)
	at Orchestrator.OrchestratorTests.lambda$runOrchestratorInThread$0(OrchestratorTests.java:71)
	at java.base/java.lang.Thread.run(Thread.java:1583)
10:54:20.979 [Thread-1] ERROR Orchestrator.Orchestrator -- Event queue was interrupted
java.lang.InterruptedException: null
	at EventBus.EventQueue.take(EventQueue.java:58)
	at Orchestrator.Orchestrator.start(Orchestrator.java:78)
	at Orchestrator.OrchestratorTests.lambda$runOrchestratorInThread$0(OrchestratorTests.java:71)
	at java.base/java.lang.Thread.run(Thread.java:1583)
10:54:20.979 [Thread-1] ERROR Orchestrator.Orchestrator -- Event queue was interrupted
java.lang.InterruptedException: null
	at EventBus.EventQueue.take(EventQueue.java:58)
	at Orchestrator.Orchestrator.start(Orchestrator.java:78)
	at Orchestrator.OrchestratorTests.lambda$runOrchestratorInThread$0(OrchestratorTests.java:71)
	at java.base/java.lang.Thread.run(Thread.java:1583)
10:54:20.979 [Thread-1] ERROR Orchestrator.Orchestrator -- Event queue was interrupted
java.lang.InterruptedException: null
	at EventBus.EventQueue.take(EventQueue.java:58)
	at Orchestrator.Orchestrator.start(Orchestrator.java:78)
	at Orchestrator.OrchestratorTests.lambda$runOrchestratorInThread$0(OrchestratorTests.java:71)
	at java.base/java.lang.Thread.run(Thread.java:1583)
10:54:20.979 [Thread-1] ERROR Orchestrator.Orchestrator -- Event queue was interrupted
java.lang.InterruptedException: null
	at EventBus.EventQueue.take(EventQueue.java:58)
	at Orchestrator.Orchestrator.start(Orchestrator.java:78)
	at Orchestrator.OrchestratorTests.lambda$runOrchestratorInThread$0(OrchestratorTests.java:71)
	at java.base/java.lang.Thread.run(Thread.java:1583)
10:54:20.980 [Thread-1] ERROR Orchestrator.Orchestrator -- Event queue was interrupted
java.lang.InterruptedException: null
	at EventBus.EventQueue.take(EventQueue.java:58)
	at Orchestrator.Orchestrator.start(Orchestrator.java:78)
	at Orchestrator.OrchestratorTests.lambda$runOrchestratorInThread$0(OrchestratorTests.java:71)
	at java.base/java.lang.Thread.run(Thread.java:1583)
10:54:20.980 [Thread-1] ERROR Orchestrator.Orchestrator -- Event queue was interrupted
java.lang.InterruptedException: null
	at EventBus.EventQueue.take(EventQueue.java:58)
	at Orchestrator.Orchestrator.start(Orchestrator.java:78)
	at Orchestrator.OrchestratorTests.lambda$runOrchestratorInThread$0(OrchestratorTests.java:71)
	at java.base/java.lang.Thread.run(Thread.java:1583)
10:54:20.980 [Thread-1] ERROR Orchestrator.Orchestrator -- Event queue was interrupted
java.lang.InterruptedException: null
	at EventBus.EventQueue.take(EventQueue.java:58)
	at Orchestrator.Orchestrator.start(Orchestrator.java:78)
	at Orchestrator.OrchestratorTests.lambda$runOrchestratorInThread$0(OrchestratorTests.java:71)
	at java.base/java.lang.Thread.run(Thread.java:1583)
10:54:20.980 [Thread-1] ERROR Orchestrator.Orchestrator -- Event queue was interrupted
java.lang.InterruptedException: null
	at EventBus.EventQueue.take(EventQueue.java:58)
	at Orchestrator.Orchestrator.start(Orchestrator.java:78)
	at Orchestrator.OrchestratorTests.lambda$runOrchestratorInThread$0(OrchestratorTests.java:71)
	at java.base/java.lang.Thread.run(Thread.java:1583)
10:54:20.980 [Thread-1] ERROR Orchestrator.Orchestrator -- Event queue was interrupted
java.lang.InterruptedException: null
	at EventBus.EventQueue.take(EventQueue.java:58)
	at Orchestrator.Orchestrator.start(Orchestrator.java:78)
	at Orchestrator.OrchestratorTests.lambda$runOrchestratorInThread$0(OrchestratorTests.java:71)
	at java.base/java.lang.Thread.run(Thread.java:1583)
10:54:20.980 [Thread-1] ERROR Orchestrator.Orchestrator -- Event queue was interrupted
java.lang.InterruptedException: null
	at EventBus.EventQueue.take(EventQueue.java:58)
	at Orchestrator.Orchestrator.start(Orchestrator.java:78)
	at Orchestrator.OrchestratorTests.lambda$runOrchestratorInThread$0(OrchestratorTests.java:71)
	at java.base/java.lang.Thread.run(Thread.java:1583)
10:54:20.980 [Thread-1] ERROR Orchestrator.Orchestrator -- Event queue was interrupted
java.lang.InterruptedException: null
	at EventBus.EventQueue.take(EventQueue.java:58)
	at Orchestrator.Orchestrator.start(Orchestrator.java:78)
	at Orchestrator.OrchestratorTests.lambda$runOrchestratorInThread$0(OrchestratorTests.java:71)
	at java.base/java.lang.Thread.run(Thread.java:1583)
10:54:20.980 [Thread-1] ERROR Orchestrator.Orchestrator -- Event queue was interrupted
java.lang.InterruptedException: null
	at EventBus.EventQueue.take(EventQueue.java:58)
	at Orchestrator.Orchestrator.start(Orchestrator.java:78)
	at Orchestrator.OrchestratorTests.lambda$runOrchestratorInThread$0(OrchestratorTests.java:71)
	at java.base/java.lang.Thread.run(Thread.java:1583)
10:54:20.980 [Thread-1] ERROR Orchestrator.Orchestrator -- Event queue was interrupted
java.lang.InterruptedException: null
	at EventBus.EventQueue.take(EventQueue.java:58)
	at Orchestrator.Orchestrator.start(Orchestrator.java:78)
	at Orchestrator.OrchestratorTests.lambda$runOrchestratorInThread$0(OrchestratorTests.java:71)
	at java.base/java.lang.Thread.run(Thread.java:1583)
10:54:20.980 [Thread-1] ERROR Orchestrator.Orchestrator -- Event queue was interrupted
java.lang.InterruptedException: null
	at EventBus.EventQueue.take(EventQueue.java:58)
	at Orchestrator.Orchestrator.start(Orchestrator.java:78)
	at Orchestrator.OrchestratorTests.lambda$runOrchestratorInThread$0(OrchestratorTests.java:71)
	at java.base/java.lang.Thread.run(Thread.java:1583)
10:54:20.980 [Thread-1] ERROR Orchestrator.Orchestrator -- Event queue was interrupted
java.lang.InterruptedException: null
	at EventBus.EventQueue.take(EventQueue.java:58)
	at Orchestrator.Orchestrator.start(Orchestrator.java:78)
	at Orchestrator.OrchestratorTests.lambda$runOrchestratorInThread$0(OrchestratorTests.java:71)
	at java.base/java.lang.Thread.run(Thread.java:1583)
10:54:20.980 [Thread-1] ERROR Orchestrator.Orchestrator -- Event queue was interrupted
java.lang.InterruptedException: null
	at EventBus.EventQueue.take(EventQueue.java:58)
	at Orchestrator.Orchestrator.start(Orchestrator.java:78)
	at Orchestrator.OrchestratorTests.lambda$runOrchestratorInThread$0(OrchestratorTests.java:71)
	at java.base/java.lang.Thread.run(Thread.java:1583)
10:54:20.980 [Thread-1] ERROR Orchestrator.Orchestrator -- Event queue was interrupted
java.lang.InterruptedException: null
	at EventBus.EventQueue.take(EventQueue.java:58)
	at Orchestrator.Orchestrator.start(Orchestrator.java:78)
	at Orchestrator.OrchestratorTests.lambda$runOrchestratorInThread$0(OrchestratorTests.java:71)
	at java.base/java.lang.Thread.run(Thread.java:1583)
10:54:20.980 [Thread-1] ERROR Orchestrator.Orchestrator -- Event queue was interrupted
java.lang.InterruptedException: null
	at EventBus.EventQueue.take(EventQueue.java:58)
	at Orchestrator.Orchestrator.start(Orchestrator.java:78)
	at Orchestrator.OrchestratorTests.lambda$runOrchestratorInThread$0(OrchestratorTests.java:71)
	at java.base/java.lang.Thread.run(Thread.java:1583)
10:54:20.980 [Thread-1] ERROR Orchestrator.Orchestrator -- Event queue was interrupted
java.lang.InterruptedException: null
	at EventBus.EventQueue.take(EventQueue.java:58)
	at Orchestrator.Orchestrator.start(Orchestrator.java:78)
	at Orchestrator.OrchestratorTests.lambda$runOrchestratorInThread$0(OrchestratorTests.java:71)
	at java.base/java.lang.Thread.run(Thread.java:1583)
10:54:20.980 [Thread-1] ERROR Orchestrator.Orchestrator -- Event queue was interrupted
java.lang.InterruptedException: null
	at EventBus.EventQueue.take(EventQueue.java:58)
	at Orchestrator.Orchestrator.start(Orchestrator.java:78)
	at Orchestrator.OrchestratorTests.lambda$runOrchestratorInThread$0(OrchestratorTests.java:71)
	at java.base/java.lang.Thread.run(Thread.java:1583)
10:54:20.980 [Thread-1] ERROR Orchestrator.Orchestrator -- Event queue was interrupted
java.lang.InterruptedException: null
	at EventBus.EventQueue.take(EventQueue.java:58)
	at Orchestrator.Orchestrator.start(Orchestrator.java:78)
	at Orchestrator.OrchestratorTests.lambda$runOrchestratorInThread$0(OrchestratorTests.java:71)
	at java.base/java.lang.Thread.run(Thread.java:1583)
10:54:20.980 [Thread-1] ERROR Orchestrator.Orchestrator -- Event queue was interrupted
java.lang.InterruptedException: null
	at EventBus.EventQueue.take(EventQueue.java:58)
	at Orchestrator.Orchestrator.start(Orchestrator.java:78)
	at Orchestrator.OrchestratorTests.lambda$runOrchestratorInThread$0(OrchestratorTests.java:71)
	at java.base/java.lang.Thread.run(Thread.java:1583)
10:54:20.980 [Thread-1] ERROR Orchestrator.Orchestrator -- Event queue was interrupted
java.lang.InterruptedException: null
	at EventBus.EventQueue.take(EventQueue.java:58)
	at Orchestrator.Orchestrator.start(Orchestrator.java:78)
	at Orchestrator.OrchestratorTests.lambda$runOrchestratorInThread$0(OrchestratorTests.java:71)
	at java.base/java.lang.Thread.run(Thread.java:1583)
10:54:20.980 [Thread-1] ERROR Orchestrator.Orchestrator -- Event queue was interrupted
java.lang.InterruptedException: null
	at EventBus.EventQueue.take(EventQueue.java:58)
	at Orchestrator.Orchestrator.start(Orchestrator.java:78)
	at Orchestrator.OrchestratorTests.lambda$runOrchestratorInThread$0(OrchestratorTests.java:71)
	at java.base/java.lang.Thread.run(Thread.java:1583)
10:54:20.980 [Thread-1] ERROR Orchestrator.Orchestrator -- Event queue was interrupted
java.lang.InterruptedException: null
	at EventBus.EventQueue.take(EventQueue.java:58)
	at Orchestrator.Orchestrator.start(Orchestrator.java:78)
	at Orchestrator.OrchestratorTests.lambda$runOrchestratorInThread$0(OrchestratorTests.java:71)
	at java.base/java.lang.Thread.run(Thread.java:1583)
10:54:20.981 [Thread-1] ERROR Orchestrator.Orchestrator -- Event queue was interrupted
java.lang.InterruptedException: null
	at EventBus.EventQueue.take(EventQueue.java:58)
	at Orchestrator.Orchestrator.start(Orchestrator.java:78)
	at Orchestrator.OrchestratorTests.lambda$runOrchestratorInThread$0(OrchestratorTests.java:71)
	at java.base/java.lang.Thread.run(Thread.java:1583)
10:54:20.981 [Thread-1] ERROR Orchestrator.Orchestrator -- Event queue was interrupted
java.lang.InterruptedException: null
	at EventBus.EventQueue.take(EventQueue.java:58)
	at Orchestrator.Orchestrator.start(Orchestrator.java:78)
	at Orchestrator.OrchestratorTests.lambda$runOrchestratorInThread$0(OrchestratorTests.java:71)
	at java.base/java.lang.Thread.run(Thread.java:1583)
10:54:20.981 [Thread-1] ERROR Orchestrator.Orchestrator -- Event queue was interrupted
java.lang.InterruptedException: null
	at EventBus.EventQueue.take(EventQueue.java:58)
	at Orchestrator.Orchestrator.start(Orchestrator.java:78)
	at Orchestrator.OrchestratorTests.lambda$runOrchestratorInThread$0(OrchestratorTests.java:71)
	at java.base/java.lang.Thread.run(Thread.java:1583)
10:54:20.981 [Thread-1] ERROR Orchestrator.Orchestrator -- Event queue was interrupted
java.lang.InterruptedException: null
	at EventBus.EventQueue.take(EventQueue.java:58)
	at Orchestrator.Orchestrator.start(Orchestrator.java:78)
	at Orchestrator.OrchestratorTests.lambda$runOrchestratorInThread$0(OrchestratorTests.java:71)
	at java.base/java.lang.Thread.run(Thread.java:1583)
10:54:20.981 [Thread-1] ERROR Orchestrator.Orchestrator -- Event queue was interrupted
java.lang.InterruptedException: null
	at EventBus.EventQueue.take(EventQueue.java:58)
	at Orchestrator.Orchestrator.start(Orchestrator.java:78)
	at Orchestrator.OrchestratorTests.lambda$runOrchestratorInThread$0(OrchestratorTests.java:71)
	at java.base/java.lang.Thread.run(Thread.java:1583)
10:54:20.981 [Thread-1] ERROR Orchestrator.Orchestrator -- Event queue was interrupted
java.lang.InterruptedException: null
	at EventBus.EventQueue.take(EventQueue.java:58)
	at Orchestrator.Orchestrator.start(Orchestrator.java:78)
	at Orchestrator.OrchestratorTests.lambda$runOrchestratorInThread$0(OrchestratorTests.java:71)
	at java.base/java.lang.Thread.run(Thread.java:1583)
10:54:20.981 [Thread-1] ERROR Orchestrator.Orchestrator -- Event queue was interrupted
java.lang.InterruptedException: null
	at EventBus.EventQueue.take(EventQueue.java:58)
	at Orchestrator.Orchestrator.start(Orchestrator.java:78)
	at Orchestrator.OrchestratorTests.lambda$runOrchestratorInThread$0(OrchestratorTests.java:71)
	at java.base/java.lang.Thread.run(Thread.java:1583)
10:54:20.981 [Thread-1] ERROR Orchestrator.Orchestrator -- Event queue was interrupted
java.lang.InterruptedException: null
	at EventBus.EventQueue.take(EventQueue.java:58)
	at Orchestrator.Orchestrator.start(Orchestrator.java:78)
	at Orchestrator.OrchestratorTests.lambda$runOrchestratorInThread$0(OrchestratorTests.java:71)
	at java.base/java.lang.Thread.run(Thread.java:1583)
10:54:20.981 [Thread-1] ERROR Orchestrator.Orchestrator -- Event queue was interrupted
java.lang.InterruptedException: null
	at EventBus.EventQueue.take(EventQueue.java:58)
	at Orchestrator.Orchestrator.start(Orchestrator.java:78)
	at Orchestrator.OrchestratorTests.lambda$runOrchestratorInThread$0(OrchestratorTests.java:71)
	at java.base/java.lang.Thread.run(Thread.java:1583)
10:54:20.981 [Thread-1] ERROR Orchestrator.Orchestrator -- Event queue was interrupted
java.lang.InterruptedException: null
	at EventBus.EventQueue.take(EventQueue.java:58)
	at Orchestrator.Orchestrator.start(Orchestrator.java:78)
	at Orchestrator.OrchestratorTests.lambda$runOrchestratorInThread$0(OrchestratorTests.java:71)
	at java.base/java.lang.Thread.run(Thread.java:1583)
10:54:20.981 [Thread-1] ERROR Orchestrator.Orchestrator -- Event queue was interrupted
java.lang.InterruptedException: null
	at EventBus.EventQueue.take(EventQueue.java:58)
	at Orchestrator.Orchestrator.start(Orchestrator.java:78)
	at Orchestrator.OrchestratorTests.lambda$runOrchestratorInThread$0(OrchestratorTests.java:71)
	at java.base/java.lang.Thread.run(Thread.java:1583)
10:54:20.981 [Thread-1] ERROR Orchestrator.Orchestrator -- Event queue was interrupted
java.lang.InterruptedException: null
	at EventBus.EventQueue.take(EventQueue.java:58)
	at Orchestrator.Orchestrator.start(Orchestrator.java:78)
	at Orchestrator.OrchestratorTests.lambda$runOrchestratorInThread$0(OrchestratorTests.java:71)
	at java.base/java.lang.Thread.run(Thread.java:1583)
10:54:20.981 [Thread-1] ERROR Orchestrator.Orchestrator -- Event queue was interrupted
java.lang.InterruptedException: null
	at EventBus.EventQueue.take(EventQueue.java:58)
	at Orchestrator.Orchestrator.start(Orchestrator.java:78)
	at Orchestrator.OrchestratorTests.lambda$runOrchestratorInThread$0(OrchestratorTests.java:71)
	at java.base/java.lang.Thread.run(Thread.java:1583)
10:54:20.981 [Thread-1] ERROR Orchestrator.Orchestrator -- Event queue was interrupted
java.lang.InterruptedException: null
	at EventBus.EventQueue.take(EventQueue.java:58)
	at Orchestrator.Orchestrator.start(Orchestrator.java:78)
	at Orchestrator.OrchestratorTests.lambda$runOrchestratorInThread$0(OrchestratorTests.java:71)
	at java.base/java.lang.Thread.run(Thread.java:1583)
10:54:20.981 [Thread-1] ERROR Orchestrator.Orchestrator -- Event queue was interrupted
java.lang.InterruptedException: null
	at EventBus.EventQueue.take(EventQueue.java:58)
	at Orchestrator.Orchestrator.start(Orchestrator.java:78)
	at Orchestrator.OrchestratorTests.lambda$runOrchestratorInThread$0(OrchestratorTests.java:71)
	at java.base/java.lang.Thread.run(Thread.java:1583)
10:54:20.981 [Thread-1] ERROR Orchestrator.Orchestrator -- Event queue was interrupted
java.lang.InterruptedException: null
	at EventBus.EventQueue.take(EventQueue.java:58)
	at Orchestrator.Orchestrator.start(Orchestrator.java:78)
	at Orchestrator.OrchestratorTests.lambda$runOrchestratorInThread$0(OrchestratorTests.java:71)
	at java.base/java.lang.Thread.run(Thread.java:1583)
10:54:20.981 [Thread-1] ERROR Orchestrator.Orchestrator -- Event queue was interrupted
java.lang.InterruptedException: null
	at EventBus.EventQueue.take(EventQueue.java:58)
	at Orchestrator.Orchestrator.start(Orchestrator.java:78)
	at Orchestrator.OrchestratorTests.lambda$runOrchestratorInThread$0(OrchestratorTests.java:71)
	at java.base/java.lang.Thread.run(Thread.java:1583)
10:54:20.981 [Thread-1] ERROR Orchestrator.Orchestrator -- Event queue was interrupted
java.lang.InterruptedException: null
	at EventBus.EventQueue.take(EventQueue.java:58)
	at Orchestrator.Orchestrator.start(Orchestrator.java:78)
	at Orchestrator.OrchestratorTests.lambda$runOrchestratorInThread$0(OrchestratorTests.java:71)
	at java.base/java.lang.Thread.run(Thread.java:1583)
10:54:20.982 [Thread-1] ERROR Orchestrator.Orchestrator -- Event queue was interrupted
java.lang.InterruptedException: null
	at EventBus.EventQueue.take(EventQueue.java:58)
	at Orchestrator.Orchestrator.start(Orchestrator.java:78)
	at Orchestrator.OrchestratorTests.lambda$runOrchestratorInThread$0(OrchestratorTests.java:71)
	at java.base/java.lang.Thread.run(Thread.java:1583)
10:54:20.982 [Thread-1] ERROR Orchestrator.Orchestrator -- Event queue was interrupted
java.lang.InterruptedException: null
	at EventBus.EventQueue.take(EventQueue.java:58)
	at Orchestrator.Orchestrator.start(Orchestrator.java:78)
	at Orchestrator.OrchestratorTests.lambda$runOrchestratorInThread$0(OrchestratorTests.java:71)
	at java.base/java.lang.Thread.run(Thread.java:1583)
10:54:20.982 [Thread-1] ERROR Orchestrator.Orchestrator -- Event queue was interrupted
java.lang.InterruptedException: null
	at EventBus.EventQueue.take(EventQueue.java:58)
	at Orchestrator.Orchestrator.start(Orchestrator.java:78)
	at Orchestrator.OrchestratorTests.lambda$runOrchestratorInThread$0(OrchestratorTests.java:71)
	at java.base/java.lang.Thread.run(Thread.java:1583)
10:54:20.982 [Thread-1] ERROR Orchestrator.Orchestrator -- Event queue was interrupted
java.lang.InterruptedException: null
	at EventBus.EventQueue.take(EventQueue.java:58)
	at Orchestrator.Orchestrator.start(Orchestrator.java:78)
	at Orchestrator.OrchestratorTests.lambda$runOrchestratorInThread$0(OrchestratorTests.java:71)
	at java.base/java.lang.Thread.run(Thread.java:1583)
10:54:20.982 [Thread-1] ERROR Orchestrator.Orchestrator -- Event queue was interrupted
java.lang.InterruptedException: null
	at EventBus.EventQueue.take(EventQueue.java:58)
	at Orchestrator.Orchestrator.start(Orchestrator.java:78)
	at Orchestrator.OrchestratorTests.lambda$runOrchestratorInThread$0(OrchestratorTests.java:71)
	at java.base/java.lang.Thread.run(Thread.java:1583)
10:54:20.982 [Thread-1] ERROR Orchestrator.Orchestrator -- Event queue was interrupted
java.lang.InterruptedException: null
	at EventBus.EventQueue.take(EventQueue.java:58)
	at Orchestrator.Orchestrator.start(Orchestrator.java:78)
	at Orchestrator.OrchestratorTests.lambda$runOrchestratorInThread$0(OrchestratorTests.java:71)
	at java.base/java.lang.Thread.run(Thread.java:1583)
10:54:20.982 [Thread-1] ERROR Orchestrator.Orchestrator -- Event queue was interrupted
java.lang.InterruptedException: null
	at EventBus.EventQueue.take(EventQueue.java:58)
	at Orchestrator.Orchestrator.start(Orchestrator.java:78)
	at Orchestrator.OrchestratorTests.lambda$runOrchestratorInThread$0(OrchestratorTests.java:71)
	at java.base/java.lang.Thread.run(Thread.java:1583)
10:54:20.982 [Thread-1] ERROR Orchestrator.Orchestrator -- Event queue was interrupted
java.lang.InterruptedException: null
	at EventBus.EventQueue.take(EventQueue.java:58)
	at Orchestrator.Orchestrator.start(Orchestrator.java:78)
	at Orchestrator.OrchestratorTests.lambda$runOrchestratorInThread$0(OrchestratorTests.java:71)
	at java.base/java.lang.Thread.run(Thread.java:1583)
10:54:20.982 [Thread-1] ERROR Orchestrator.Orchestrator -- Event queue was interrupted
java.lang.InterruptedException: null
	at EventBus.EventQueue.take(EventQueue.java:58)
	at Orchestrator.Orchestrator.start(Orchestrator.java:78)
	at Orchestrator.OrchestratorTests.lambda$runOrchestratorInThread$0(OrchestratorTests.java:71)
	at java.base/java.lang.Thread.run(Thread.java:1583)
10:54:20.982 [Thread-1] ERROR Orchestrator.Orchestrator -- Event queue was interrupted
java.lang.InterruptedException: null
	at EventBus.EventQueue.take(EventQueue.java:58)
	at Orchestrator.Orchestrator.start(Orchestrator.java:78)
	at Orchestrator.OrchestratorTests.lambda$runOrchestratorInThread$0(OrchestratorTests.java:71)
	at java.base/java.lang.Thread.run(Thread.java:1583)
10:54:20.982 [Thread-1] ERROR Orchestrator.Orchestrator -- Event queue was interrupted
java.lang.InterruptedException: null
	at EventBus.EventQueue.take(EventQueue.java:58)
	at Orchestrator.Orchestrator.start(Orchestrator.java:78)
	at Orchestrator.OrchestratorTests.lambda$runOrchestratorInThread$0(OrchestratorTests.java:71)
	at java.base/java.lang.Thread.run(Thread.java:1583)
10:54:20.982 [Thread-1] ERROR Orchestrator.Orchestrator -- Event queue was interrupted
java.lang.InterruptedException: null
	at EventBus.EventQueue.take(EventQueue.java:58)
	at Orchestrator.Orchestrator.start(Orchestrator.java:78)
	at Orchestrator.OrchestratorTests.lambda$runOrchestratorInThread$0(OrchestratorTests.java:71)
	at java.base/java.lang.Thread.run(Thread.java:1583)
10:54:20.982 [Thread-1] ERROR Orchestrator.Orchestrator -- Event queue was interrupted
java.lang.InterruptedException: null
	at EventBus.EventQueue.take(EventQueue.java:58)
	at Orchestrator.Orchestrator.start(Orchestrator.java:78)
	at Orchestrator.OrchestratorTests.lambda$runOrchestratorInThread$0(OrchestratorTests.java:71)
	at java.base/java.lang.Thread.run(Thread.java:1583)
10:54:20.982 [Thread-1] ERROR Orchestrator.Orchestrator -- Event queue was interrupted
java.lang.InterruptedException: null
	at EventBus.EventQueue.take(EventQueue.java:58)
	at Orchestrator.Orchestrator.start(Orchestrator.java:78)
	at Orchestrator.OrchestratorTests.lambda$runOrchestratorInThread$0(OrchestratorTests.java:71)
	at java.base/java.lang.Thread.run(Thread.java:1583)
10:54:20.982 [Thread-1] ERROR Orchestrator.Orchestrator -- Event queue was interrupted
java.lang.InterruptedException: null
	at EventBus.EventQueue.take(EventQueue.java:58)
	at Orchestrator.Orchestrator.start(Orchestrator.java:78)
	at Orchestrator.OrchestratorTests.lambda$runOrchestratorInThread$0(OrchestratorTests.java:71)
	at java.base/java.lang.Thread.run(Thread.java:1583)
10:54:20.982 [Thread-1] ERROR Orchestrator.Orchestrator -- Event queue was interrupted
java.lang.InterruptedException: null
	at EventBus.EventQueue.take(EventQueue.java:58)
	at Orchestrator.Orchestrator.start(Orchestrator.java:78)
	at Orchestrator.OrchestratorTests.lambda$runOrchestratorInThread$0(OrchestratorTests.java:71)
	at java.base/java.lang.Thread.run(Thread.java:1583)
10:54:20.982 [Thread-1] ERROR Orchestrator.Orchestrator -- Event queue was interrupted
java.lang.InterruptedException: null
	at EventBus.EventQueue.take(EventQueue.java:58)
	at Orchestrator.Orchestrator.start(Orchestrator.java:78)
	at Orchestrator.OrchestratorTests.lambda$runOrchestratorInThread$0(OrchestratorTests.java:71)
	at java.base/java.lang.Thread.run(Thread.java:1583)
10:54:20.982 [Thread-1] ERROR Orchestrator.Orchestrator -- Event queue was interrupted
java.lang.InterruptedException: null
	at EventBus.EventQueue.take(EventQueue.java:58)
	at Orchestrator.Orchestrator.start(Orchestrator.java:78)
	at Orchestrator.OrchestratorTests.lambda$runOrchestratorInThread$0(OrchestratorTests.java:71)
	at java.base/java.lang.Thread.run(Thread.java:1583)
10:54:20.982 [Thread-1] ERROR Orchestrator.Orchestrator -- Event queue was interrupted
java.lang.InterruptedException: null
	at EventBus.EventQueue.take(EventQueue.java:58)
	at Orchestrator.Orchestrator.start(Orchestrator.java:78)
	at Orchestrator.OrchestratorTests.lambda$runOrchestratorInThread$0(OrchestratorTests.java:71)
	at java.base/java.lang.Thread.run(Thread.java:1583)
10:54:20.982 [Thread-1] ERROR Orchestrator.Orchestrator -- Event queue was interrupted
java.lang.InterruptedException: null
	at EventBus.EventQueue.take(EventQueue.java:58)
	at Orchestrator.Orchestrator.start(Orchestrator.java:78)
	at Orchestrator.OrchestratorTests.lambda$runOrchestratorInThread$0(OrchestratorTests.java:71)
	at java.base/java.lang.Thread.run(Thread.java:1583)
10:54:20.982 [Thread-2] ERROR Orchestrator.Orchestrator -- Event queue was interrupted
java.lang.InterruptedException: null
	at EventBus.EventQueue.take(EventQueue.java:58)
	at Orchestrator.Orchestrator.start(Orchestrator.java:78)
	at Orchestrator.OrchestratorTests.lambda$runOrchestratorInThread$0(OrchestratorTests.java:71)
	at java.base/java.lang.Thread.run(Thread.java:1583)
10:54:20.983 [Thread-2] ERROR Orchestrator.Orchestrator -- Event queue was interrupted
java.lang.InterruptedException: null
	at EventBus.EventQueue.take(EventQueue.java:58)
	at Orchestrator.Orchestrator.start(Orchestrator.java:78)
	at Orchestrator.OrchestratorTests.lambda$runOrchestratorInThread$0(OrchestratorTests.java:71)
	at java.base/java.lang.Thread.run(Thread.java:1583)
10:54:20.983 [Thread-2] ERROR Orchestrator.Orchestrator -- Event queue was interrupted
java.lang.InterruptedException: null
	at EventBus.EventQueue.take(EventQueue.java:58)
	at Orchestrator.Orchestrator.start(Orchestrator.java:78)
	at Orchestrator.OrchestratorTests.lambda$runOrchestratorInThread$0(OrchestratorTests.java:71)
	at java.base/java.lang.Thread.run(Thread.java:1583)
10:54:20.983 [Thread-2] ERROR Orchestrator.Orchestrator -- Event queue was interrupted
java.lang.InterruptedException: null
	at EventBus.EventQueue.take(EventQueue.java:58)
	at Orchestrator.Orchestrator.start(Orchestrator.java:78)
	at Orchestrator.OrchestratorTests.lambda$runOrchestratorInThread$0(OrchestratorTests.java:71)
	at java.base/java.lang.Thread.run(Thread.java:1583)
10:54:20.983 [Thread-2] ERROR Orchestrator.Orchestrator -- Event queue was interrupted
java.lang.InterruptedException: null
	at EventBus.EventQueue.take(EventQueue.java:58)
	at Orchestrator.Orchestrator.start(Orchestrator.java:78)
	at Orchestrator.OrchestratorTests.lambda$runOrchestratorInThread$0(OrchestratorTests.java:71)
	at java.base/java.lang.Thread.run(Thread.java:1583)
10:54:20.983 [Thread-2] ERROR Orchestrator.Orchestrator -- Event queue was interrupted
java.lang.InterruptedException: null
	at EventBus.EventQueue.take(EventQueue.java:58)
	at Orchestrator.Orchestrator.start(Orchestrator.java:78)
	at Orchestrator.OrchestratorTests.lambda$runOrchestratorInThread$0(OrchestratorTests.java:71)
	at java.base/java.lang.Thread.run(Thread.java:1583)
10:54:20.983 [Thread-2] ERROR Orchestrator.Orchestrator -- Event queue was interrupted
java.lang.InterruptedException: null
	at EventBus.EventQueue.take(EventQueue.java:58)
	at Orchestrator.Orchestrator.start(Orchestrator.java:78)
	at Orchestrator.OrchestratorTests.lambda$runOrchestratorInThread$0(OrchestratorTests.java:71)
	at java.base/java.lang.Thread.run(Thread.java:1583)
10:54:20.983 [Thread-2] ERROR Orchestrator.Orchestrator -- Event queue was interrupted
java.lang.InterruptedException: null
	at EventBus.EventQueue.take(EventQueue.java:58)
	at Orchestrator.Orchestrator.start(Orchestrator.java:78)
	at Orchestrator.OrchestratorTests.lambda$runOrchestratorInThread$0(OrchestratorTests.java:71)
	at java.base/java.lang.Thread.run(Thread.java:1583)
10:54:20.983 [Thread-2] ERROR Orchestrator.Orchestrator -- Event queue was interrupted
java.lang.InterruptedException: null
	at EventBus.EventQueue.take(EventQueue.java:58)
	at Orchestrator.Orchestrator.start(Orchestrator.java:78)
	at Orchestrator.OrchestratorTests.lambda$runOrchestratorInThread$0(OrchestratorTests.java:71)
	at java.base/java.lang.Thread.run(Thread.java:1583)
10:54:20.983 [Thread-2] ERROR Orchestrator.Orchestrator -- Event queue was interrupted
java.lang.InterruptedException: null
	at EventBus.EventQueue.take(EventQueue.java:58)
	at Orchestrator.Orchestrator.start(Orchestrator.java:78)
	at Orchestrator.OrchestratorTests.lambda$runOrchestratorInThread$0(OrchestratorTests.java:71)
	at java.base/java.lang.Thread.run(Thread.java:1583)
10:54:20.983 [Thread-2] ERROR Orchestrator.Orchestrator -- Event queue was interrupted
java.lang.InterruptedException: null
	at EventBus.EventQueue.take(EventQueue.java:58)
	at Orchestrator.Orchestrator.start(Orchestrator.java:78)
	at Orchestrator.OrchestratorTests.lambda$runOrchestratorInThread$0(OrchestratorTests.java:71)
	at java.base/java.lang.Thread.run(Thread.java:1583)
10:54:20.983 [Thread-2] ERROR Orchestrator.Orchestrator -- Event queue was interrupted
java.lang.InterruptedException: null
	at EventBus.EventQueue.take(EventQueue.java:58)
	at Orchestrator.Orchestrator.start(Orchestrator.java:78)
	at Orchestrator.OrchestratorTests.lambda$runOrchestratorInThread$0(OrchestratorTests.java:71)
	at java.base/java.lang.Thread.run(Thread.java:1583)
10:54:20.983 [Thread-2] ERROR Orchestrator.Orchestrator -- Event queue was interrupted
java.lang.InterruptedException: null
	at EventBus.EventQueue.take(EventQueue.java:58)
	at Orchestrator.Orchestrator.start(Orchestrator.java:78)
	at Orchestrator.OrchestratorTests.lambda$runOrchestratorInThread$0(OrchestratorTests.java:71)
	at java.base/java.lang.Thread.run(Thread.java:1583)
10:54:20.983 [Thread-2] ERROR Orchestrator.Orchestrator -- Event queue was interrupted
java.lang.InterruptedException: null
	at EventBus.EventQueue.take(EventQueue.java:58)
	at Orchestrator.Orchestrator.start(Orchestrator.java:78)
	at Orchestrator.OrchestratorTests.lambda$runOrchestratorInThread$0(OrchestratorTests.java:71)
	at java.base/java.lang.Thread.run(Thread.java:1583)
10:54:20.983 [Thread-2] ERROR Orchestrator.Orchestrator -- Event queue was interrupted
java.lang.InterruptedException: null
	at EventBus.EventQueue.take(EventQueue.java:58)
	at Orchestrator.Orchestrator.start(Orchestrator.java:78)
	at Orchestrator.OrchestratorTests.lambda$runOrchestratorInThread$0(OrchestratorTests.java:71)
	at java.base/java.lang.Thread.run(Thread.java:1583)
10:54:20.983 [Thread-2] ERROR Orchestrator.Orchestrator -- Event queue was interrupted
java.lang.InterruptedException: null
	at EventBus.EventQueue.take(EventQueue.java:58)
	at Orchestrator.Orchestrator.start(Orchestrator.java:78)
	at Orchestrator.OrchestratorTests.lambda$runOrchestratorInThread$0(OrchestratorTests.java:71)
	at java.base/java.lang.Thread.run(Thread.java:1583)
10:54:20.983 [Thread-2] ERROR Orchestrator.Orchestrator -- Event queue was interrupted
java.lang.InterruptedException: null
	at EventBus.EventQueue.take(EventQueue.java:58)
	at Orchestrator.Orchestrator.start(Orchestrator.java:78)
	at Orchestrator.OrchestratorTests.lambda$runOrchestratorInThread$0(OrchestratorTests.java:71)
	at java.base/java.lang.Thread.run(Thread.java:1583)
10:54:20.983 [Thread-2] ERROR Orchestrator.Orchestrator -- Event queue was interrupted
java.lang.InterruptedException: null
	at EventBus.EventQueue.take(EventQueue.java:58)
	at Orchestrator.Orchestrator.start(Orchestrator.java:78)
	at Orchestrator.OrchestratorTests.lambda$runOrchestratorInThread$0(OrchestratorTests.java:71)
	at java.base/java.lang.Thread.run(Thread.java:1583)
10:54:20.983 [Thread-2] ERROR Orchestrator.Orchestrator -- Event queue was interrupted
java.lang.InterruptedException: null
	at EventBus.EventQueue.take(EventQueue.java:58)
	at Orchestrator.Orchestrator.start(Orchestrator.java:78)
	at Orchestrator.OrchestratorTests.lambda$runOrchestratorInThread$0(OrchestratorTests.java:71)
	at java.base/java.lang.Thread.run(Thread.java:1583)
10:54:20.983 [Thread-2] ERROR Orchestrator.Orchestrator -- Event queue was interrupted
java.lang.InterruptedException: null
	at EventBus.EventQueue.take(EventQueue.java:58)
	at Orchestrator.Orchestrator.start(Orchestrator.java:78)
	at Orchestrator.OrchestratorTests.lambda$runOrchestratorInThread$0(OrchestratorTests.java:71)
	at java.base/java.lang.Thread.run(Thread.java:1583)
10:54:20.983 [Thread-2] ERROR Orchestrator.Orchestrator -- Event queue was interrupted
java.lang.InterruptedException: null
	at EventBus.EventQueue.take(EventQueue.java:58)
	at Orchestrator.Orchestrator.start(Orchestrator.java:78)
	at Orchestrator.OrchestratorTests.lambda$runOrchestratorInThread$0(OrchestratorTests.java:71)
	at java.base/java.lang.Thread.run(Thread.java:1583)
10:54:20.984 [Thread-2] ERROR Orchestrator.Orchestrator -- Event queue was interrupted
java.lang.InterruptedException: null
	at EventBus.EventQueue.take(EventQueue.java:58)
	at Orchestrator.Orchestrator.start(Orchestrator.java:78)
	at Orchestrator.OrchestratorTests.lambda$runOrchestratorInThread$0(OrchestratorTests.java:71)
	at java.base/java.lang.Thread.run(Thread.java:1583)
10:54:20.984 [Thread-2] ERROR Orchestrator.Orchestrator -- Event queue was interrupted
java.lang.InterruptedException: null
	at EventBus.EventQueue.take(EventQueue.java:58)
	at Orchestrator.Orchestrator.start(Orchestrator.java:78)
	at Orchestrator.OrchestratorTests.lambda$runOrchestratorInThread$0(OrchestratorTests.java:71)
	at java.base/java.lang.Thread.run(Thread.java:1583)
10:54:20.984 [Thread-2] ERROR Orchestrator.Orchestrator -- Event queue was interrupted
java.lang.InterruptedException: null
	at EventBus.EventQueue.take(EventQueue.java:58)
	at Orchestrator.Orchestrator.start(Orchestrator.java:78)
	at Orchestrator.OrchestratorTests.lambda$runOrchestratorInThread$0(OrchestratorTests.java:71)
	at java.base/java.lang.Thread.run(Thread.java:1583)
10:54:20.984 [Thread-2] ERROR Orchestrator.Orchestrator -- Event queue was interrupted
java.lang.InterruptedException: null
	at EventBus.EventQueue.take(EventQueue.java:58)
	at Orchestrator.Orchestrator.start(Orchestrator.java:78)
	at Orchestrator.OrchestratorTests.lambda$runOrchestratorInThread$0(OrchestratorTests.java:71)
	at java.base/java.lang.Thread.run(Thread.java:1583)
10:54:20.984 [Thread-2] ERROR Orchestrator.Orchestrator -- Event queue was interrupted
java.lang.InterruptedException: null
	at EventBus.EventQueue.take(EventQueue.java:58)
	at Orchestrator.Orchestrator.start(Orchestrator.java:78)
	at Orchestrator.OrchestratorTests.lambda$runOrchestratorInThread$0(OrchestratorTests.java:71)
	at java.base/java.lang.Thread.run(Thread.java:1583)
10:54:20.984 [Thread-2] ERROR Orchestrator.Orchestrator -- Event queue was interrupted
java.lang.InterruptedException: null
	at EventBus.EventQueue.take(EventQueue.java:58)
	at Orchestrator.Orchestrator.start(Orchestrator.java:78)
	at Orchestrator.OrchestratorTests.lambda$runOrchestratorInThread$0(OrchestratorTests.java:71)
	at java.base/java.lang.Thread.run(Thread.java:1583)
10:54:20.984 [Thread-2] ERROR Orchestrator.Orchestrator -- Event queue was interrupted
java.lang.InterruptedException: null
	at EventBus.EventQueue.take(EventQueue.java:58)
	at Orchestrator.Orchestrator.start(Orchestrator.java:78)
	at Orchestrator.OrchestratorTests.lambda$runOrchestratorInThread$0(OrchestratorTests.java:71)
	at java.base/java.lang.Thread.run(Thread.java:1583)
10:54:20.984 [Thread-2] ERROR Orchestrator.Orchestrator -- Event queue was interrupted
java.lang.InterruptedException: null
	at EventBus.EventQueue.take(EventQueue.java:58)
	at Orchestrator.Orchestrator.start(Orchestrator.java:78)
	at Orchestrator.OrchestratorTests.lambda$runOrchestratorInThread$0(OrchestratorTests.java:71)
	at java.base/java.lang.Thread.run(Thread.java:1583)
10:54:20.984 [Thread-2] ERROR Orchestrator.Orchestrator -- Event queue was interrupted
java.lang.InterruptedException: null
	at EventBus.EventQueue.take(EventQueue.java:58)
	at Orchestrator.Orchestrator.start(Orchestrator.java:78)
	at Orchestrator.OrchestratorTests.lambda$runOrchestratorInThread$0(OrchestratorTests.java:71)
	at java.base/java.lang.Thread.run(Thread.java:1583)
10:54:20.984 [Thread-2] ERROR Orchestrator.Orchestrator -- Event queue was interrupted
java.lang.InterruptedException: null
	at EventBus.EventQueue.take(EventQueue.java:58)
	at Orchestrator.Orchestrator.start(Orchestrator.java:78)
	at Orchestrator.OrchestratorTests.lambda$runOrchestratorInThread$0(OrchestratorTests.java:71)
	at java.base/java.lang.Thread.run(Thread.java:1583)
10:54:20.984 [Thread-2] ERROR Orchestrator.Orchestrator -- Event queue was interrupted
java.lang.InterruptedException: null
	at EventBus.EventQueue.take(EventQueue.java:58)
	at Orchestrator.Orchestrator.start(Orchestrator.java:78)
	at Orchestrator.OrchestratorTests.lambda$runOrchestratorInThread$0(OrchestratorTests.java:71)
	at java.base/java.lang.Thread.run(Thread.java:1583)
10:54:20.984 [Thread-2] ERROR Orchestrator.Orchestrator -- Event queue was interrupted
java.lang.InterruptedException: null
	at EventBus.EventQueue.take(EventQueue.java:58)
	at Orchestrator.Orchestrator.start(Orchestrator.java:78)
	at Orchestrator.OrchestratorTests.lambda$runOrchestratorInThread$0(OrchestratorTests.java:71)
	at java.base/java.lang.Thread.run(Thread.java:1583)
10:54:20.984 [Thread-2] ERROR Orchestrator.Orchestrator -- Event queue was interrupted
java.lang.InterruptedException: null
	at EventBus.EventQueue.take(EventQueue.java:58)
	at Orchestrator.Orchestrator.start(Orchestrator.java:78)
	at Orchestrator.OrchestratorTests.lambda$runOrchestratorInThread$0(OrchestratorTests.java:71)
	at java.base/java.lang.Thread.run(Thread.java:1583)
10:54:20.984 [Thread-2] ERROR Orchestrator.Orchestrator -- Event queue was interrupted
java.lang.InterruptedException: null
	at EventBus.EventQueue.take(EventQueue.java:58)
	at Orchestrator.Orchestrator.start(Orchestrator.java:78)
	at Orchestrator.OrchestratorTests.lambda$runOrchestratorInThread$0(OrchestratorTests.java:71)
	at java.base/java.lang.Thread.run(Thread.java:1583)
10:54:20.984 [Thread-2] ERROR Orchestrator.Orchestrator -- Event queue was interrupted
java.lang.InterruptedException: null
	at EventBus.EventQueue.take(EventQueue.java:58)
	at Orchestrator.Orchestrator.start(Orchestrator.java:78)
	at Orchestrator.OrchestratorTests.lambda$runOrchestratorInThread$0(OrchestratorTests.java:71)
	at java.base/java.lang.Thread.run(Thread.java:1583)
10:54:20.984 [Thread-2] ERROR Orchestrator.Orchestrator -- Event queue was interrupted
java.lang.InterruptedException: null
	at EventBus.EventQueue.take(EventQueue.java:58)
	at Orchestrator.Orchestrator.start(Orchestrator.java:78)
	at Orchestrator.OrchestratorTests.lambda$runOrchestratorInThread$0(OrchestratorTests.java:71)
	at java.base/java.lang.Thread.run(Thread.java:1583)
10:54:20.984 [Thread-2] ERROR Orchestrator.Orchestrator -- Event queue was interrupted
java.lang.InterruptedException: null
	at EventBus.EventQueue.take(EventQueue.java:58)
	at Orchestrator.Orchestrator.start(Orchestrator.java:78)
	at Orchestrator.OrchestratorTests.lambda$runOrchestratorInThread$0(OrchestratorTests.java:71)
	at java.base/java.lang.Thread.run(Thread.java:1583)
10:54:20.984 [Thread-2] ERROR Orchestrator.Orchestrator -- Event queue was interrupted
java.lang.InterruptedException: null
	at EventBus.EventQueue.take(EventQueue.java:58)
	at Orchestrator.Orchestrator.start(Orchestrator.java:78)
	at Orchestrator.OrchestratorTests.lambda$runOrchestratorInThread$0(OrchestratorTests.java:71)
	at java.base/java.lang.Thread.run(Thread.java:1583)
10:54:20.984 [Thread-2] ERROR Orchestrator.Orchestrator -- Event queue was interrupted
java.lang.InterruptedException: null
	at EventBus.EventQueue.take(EventQueue.java:58)
	at Orchestrator.Orchestrator.start(Orchestrator.java:78)
	at Orchestrator.OrchestratorTests.lambda$runOrchestratorInThread$0(OrchestratorTests.java:71)
	at java.base/java.lang.Thread.run(Thread.java:1583)
10:54:20.984 [Thread-2] ERROR Orchestrator.Orchestrator -- Event queue was interrupted
java.lang.InterruptedException: null
	at EventBus.EventQueue.take(EventQueue.java:58)
	at Orchestrator.Orchestrator.start(Orchestrator.java:78)
	at Orchestrator.OrchestratorTests.lambda$runOrchestratorInThread$0(OrchestratorTests.java:71)
	at java.base/java.lang.Thread.run(Thread.java:1583)
10:54:20.984 [Thread-2] ERROR Orchestrator.Orchestrator -- Event queue was interrupted
java.lang.InterruptedException: null
	at EventBus.EventQueue.take(EventQueue.java:58)
	at Orchestrator.Orchestrator.start(Orchestrator.java:78)
	at Orchestrator.OrchestratorTests.lambda$runOrchestratorInThread$0(OrchestratorTests.java:71)
	at java.base/java.lang.Thread.run(Thread.java:1583)
10:54:20.984 [Thread-2] ERROR Orchestrator.Orchestrator -- Event queue was interrupted
java.lang.InterruptedException: null
	at EventBus.EventQueue.take(EventQueue.java:58)
	at Orchestrator.Orchestrator.start(Orchestrator.java:78)
	at Orchestrator.OrchestratorTests.lambda$runOrchestratorInThread$0(OrchestratorTests.java:71)
	at java.base/java.lang.Thread.run(Thread.java:1583)
10:54:20.985 [Thread-2] ERROR Orchestrator.Orchestrator -- Event queue was interrupted
java.lang.InterruptedException: null
	at EventBus.EventQueue.take(EventQueue.java:58)
	at Orchestrator.Orchestrator.start(Orchestrator.java:78)
	at Orchestrator.OrchestratorTests.lambda$runOrchestratorInThread$0(OrchestratorTests.java:71)
	at java.base/java.lang.Thread.run(Thread.java:1583)
10:54:20.985 [Thread-2] ERROR Orchestrator.Orchestrator -- Event queue was interrupted
java.lang.InterruptedException: null
	at EventBus.EventQueue.take(EventQueue.java:58)
	at Orchestrator.Orchestrator.start(Orchestrator.java:78)
	at Orchestrator.OrchestratorTests.lambda$runOrchestratorInThread$0(OrchestratorTests.java:71)
	at java.base/java.lang.Thread.run(Thread.java:1583)
10:54:20.985 [Thread-2] ERROR Orchestrator.Orchestrator -- Event queue was interrupted
java.lang.InterruptedException: null
	at EventBus.EventQueue.take(EventQueue.java:58)
	at Orchestrator.Orchestrator.start(Orchestrator.java:78)
	at Orchestrator.OrchestratorTests.lambda$runOrchestratorInThread$0(OrchestratorTests.java:71)
	at java.base/java.lang.Thread.run(Thread.java:1583)
10:54:20.985 [Thread-2] ERROR Orchestrator.Orchestrator -- Event queue was interrupted
java.lang.InterruptedException: null
	at EventBus.EventQueue.take(EventQueue.java:58)
	at Orchestrator.Orchestrator.start(Orchestrator.java:78)
	at Orchestrator.OrchestratorTests.lambda$runOrchestratorInThread$0(OrchestratorTests.java:71)
	at java.base/java.lang.Thread.run(Thread.java:1583)
10:54:20.985 [Thread-2] ERROR Orchestrator.Orchestrator -- Event queue was interrupted
java.lang.InterruptedException: null
	at EventBus.EventQueue.take(EventQueue.java:58)
	at Orchestrator.Orchestrator.start(Orchestrator.java:78)
	at Orchestrator.OrchestratorTests.lambda$runOrchestratorInThread$0(OrchestratorTests.java:71)
	at java.base/java.lang.Thread.run(Thread.java:1583)
10:54:20.985 [Thread-2] ERROR Orchestrator.Orchestrator -- Event queue was interrupted
java.lang.InterruptedException: null
	at EventBus.EventQueue.take(EventQueue.java:58)
	at Orchestrator.Orchestrator.start(Orchestrator.java:78)
	at Orchestrator.OrchestratorTests.lambda$runOrchestratorInThread$0(OrchestratorTests.java:71)
	at java.base/java.lang.Thread.run(Thread.java:1583)
10:54:20.985 [Thread-2] ERROR Orchestrator.Orchestrator -- Event queue was interrupted
java.lang.InterruptedException: null
	at EventBus.EventQueue.take(EventQueue.java:58)
	at Orchestrator.Orchestrator.start(Orchestrator.java:78)
	at Orchestrator.OrchestratorTests.lambda$runOrchestratorInThread$0(OrchestratorTests.java:71)
	at java.base/java.lang.Thread.run(Thread.java:1583)
10:54:20.985 [Thread-2] ERROR Orchestrator.Orchestrator -- Event queue was interrupted
java.lang.InterruptedException: null
	at EventBus.EventQueue.take(EventQueue.java:58)
	at Orchestrator.Orchestrator.start(Orchestrator.java:78)
	at Orchestrator.OrchestratorTests.lambda$runOrchestratorInThread$0(OrchestratorTests.java:71)
	at java.base/java.lang.Thread.run(Thread.java:1583)
10:54:20.985 [Thread-2] ERROR Orchestrator.Orchestrator -- Event queue was interrupted
java.lang.InterruptedException: null
	at EventBus.EventQueue.take(EventQueue.java:58)
	at Orchestrator.Orchestrator.start(Orchestrator.java:78)
	at Orchestrator.OrchestratorTests.lambda$runOrchestratorInThread$0(OrchestratorTests.java:71)
	at java.base/java.lang.Thread.run(Thread.java:1583)
10:54:20.985 [Thread-2] ERROR Orchestrator.Orchestrator -- Event queue was interrupted
java.lang.InterruptedException: null
	at EventBus.EventQueue.take(EventQueue.java:58)
	at Orchestrator.Orchestrator.start(Orchestrator.java:78)
	at Orchestrator.OrchestratorTests.lambda$runOrchestratorInThread$0(OrchestratorTests.java:71)
	at java.base/java.lang.Thread.run(Thread.java:1583)
10:54:20.985 [Thread-2] ERROR Orchestrator.Orchestrator -- Event queue was interrupted
java.lang.InterruptedException: null
	at EventBus.EventQueue.take(EventQueue.java:58)
	at Orchestrator.Orchestrator.start(Orchestrator.java:78)
	at Orchestrator.OrchestratorTests.lambda$runOrchestratorInThread$0(OrchestratorTests.java:71)
	at java.base/java.lang.Thread.run(Thread.java:1583)
10:54:20.985 [Thread-2] ERROR Orchestrator.Orchestrator -- Event queue was interrupted
java.lang.InterruptedException: null
	at EventBus.EventQueue.take(EventQueue.java:58)
	at Orchestrator.Orchestrator.start(Orchestrator.java:78)
	at Orchestrator.OrchestratorTests.lambda$runOrchestratorInThread$0(OrchestratorTests.java:71)
	at java.base/java.lang.Thread.run(Thread.java:1583)
10:54:20.985 [Thread-2] ERROR Orchestrator.Orchestrator -- Event queue was interrupted
java.lang.InterruptedException: null
	at EventBus.EventQueue.take(EventQueue.java:58)
	at Orchestrator.Orchestrator.start(Orchestrator.java:78)
	at Orchestrator.OrchestratorTests.lambda$runOrchestratorInThread$0(OrchestratorTests.java:71)
	at java.base/java.lang.Thread.run(Thread.java:1583)
10:54:20.985 [Thread-2] ERROR Orchestrator.Orchestrator -- Event queue was interrupted
java.lang.InterruptedException: null
	at EventBus.EventQueue.take(EventQueue.java:58)
	at Orchestrator.Orchestrator.start(Orchestrator.java:78)
	at Orchestrator.OrchestratorTests.lambda$runOrchestratorInThread$0(OrchestratorTests.java:71)
	at java.base/java.lang.Thread.run(Thread.java:1583)
10:54:20.985 [Thread-2] ERROR Orchestrator.Orchestrator -- Event queue was interrupted
java.lang.InterruptedException: null
	at EventBus.EventQueue.take(EventQueue.java:58)
	at Orchestrator.Orchestrator.start(Orchestrator.java:78)
	at Orchestrator.OrchestratorTests.lambda$runOrchestratorInThread$0(OrchestratorTests.java:71)
	at java.base/java.lang.Thread.run(Thread.java:1583)
10:54:20.985 [Thread-2] ERROR Orchestrator.Orchestrator -- Event queue was interrupted
java.lang.InterruptedException: null
	at EventBus.EventQueue.take(EventQueue.java:58)
	at Orchestrator.Orchestrator.start(Orchestrator.java:78)
	at Orchestrator.OrchestratorTests.lambda$runOrchestratorInThread$0(OrchestratorTests.java:71)
	at java.base/java.lang.Thread.run(Thread.java:1583)
10:54:20.985 [Thread-2] ERROR Orchestrator.Orchestrator -- Event queue was interrupted
java.lang.InterruptedException: null
	at EventBus.EventQueue.take(EventQueue.java:58)
	at Orchestrator.Orchestrator.start(Orchestrator.java:78)
	at Orchestrator.OrchestratorTests.lambda$runOrchestratorInThread$0(OrchestratorTests.java:71)
	at java.base/java.lang.Thread.run(Thread.java:1583)
10:54:20.985 [Thread-2] ERROR Orchestrator.Orchestrator -- Event queue was interrupted
java.lang.InterruptedException: null
	at EventBus.EventQueue.take(EventQueue.java:58)
	at Orchestrator.Orchestrator.start(Orchestrator.java:78)
	at Orchestrator.OrchestratorTests.lambda$runOrchestratorInThread$0(OrchestratorTests.java:71)
	at java.base/java.lang.Thread.run(Thread.java:1583)
10:54:20.985 [Thread-2] ERROR Orchestrator.Orchestrator -- Event queue was interrupted
java.lang.InterruptedException: null
	at EventBus.EventQueue.take(EventQueue.java:58)
	at Orchestrator.Orchestrator.start(Orchestrator.java:78)
	at Orchestrator.OrchestratorTests.lambda$runOrchestratorInThread$0(OrchestratorTests.java:71)
	at java.base/java.lang.Thread.run(Thread.java:1583)
10:54:20.985 [Thread-2] ERROR Orchestrator.Orchestrator -- Event queue was interrupted
java.lang.InterruptedException: null
	at EventBus.EventQueue.take(EventQueue.java:58)
	at Orchestrator.Orchestrator.start(Orchestrator.java:78)
	at Orchestrator.OrchestratorTests.lambda$runOrchestratorInThread$0(OrchestratorTests.java:71)
	at java.base/java.lang.Thread.run(Thread.java:1583)
10:54:20.985 [Thread-2] ERROR Orchestrator.Orchestrator -- Event queue was interrupted
java.lang.InterruptedException: null
	at EventBus.EventQueue.take(EventQueue.java:58)
	at Orchestrator.Orchestrator.start(Orchestrator.java:78)
	at Orchestrator.OrchestratorTests.lambda$runOrchestratorInThread$0(OrchestratorTests.java:71)
	at java.base/java.lang.Thread.run(Thread.java:1583)
10:54:20.986 [Thread-2] ERROR Orchestrator.Orchestrator -- Event queue was interrupted
java.lang.InterruptedException: null
	at EventBus.EventQueue.take(EventQueue.java:58)
	at Orchestrator.Orchestrator.start(Orchestrator.java:78)
	at Orchestrator.OrchestratorTests.lambda$runOrchestratorInThread$0(OrchestratorTests.java:71)
	at java.base/java.lang.Thread.run(Thread.java:1583)
10:54:20.986 [Thread-2] ERROR Orchestrator.Orchestrator -- Event queue was interrupted
java.lang.InterruptedException: null
	at EventBus.EventQueue.take(EventQueue.java:58)
	at Orchestrator.Orchestrator.start(Orchestrator.java:78)
	at Orchestrator.OrchestratorTests.lambda$runOrchestratorInThread$0(OrchestratorTests.java:71)
	at java.base/java.lang.Thread.run(Thread.java:1583)
10:54:20.986 [Thread-2] ERROR Orchestrator.Orchestrator -- Event queue was interrupted
java.lang.InterruptedException: null
	at EventBus.EventQueue.take(EventQueue.java:58)
	at Orchestrator.Orchestrator.start(Orchestrator.java:78)
	at Orchestrator.OrchestratorTests.lambda$runOrchestratorInThread$0(OrchestratorTests.java:71)
	at java.base/java.lang.Thread.run(Thread.java:1583)
10:54:20.986 [Thread-2] ERROR Orchestrator.Orchestrator -- Event queue was interrupted
java.lang.InterruptedException: null
	at EventBus.EventQueue.take(EventQueue.java:58)
	at Orchestrator.Orchestrator.start(Orchestrator.java:78)
	at Orchestrator.OrchestratorTests.lambda$runOrchestratorInThread$0(OrchestratorTests.java:71)
	at java.base/java.lang.Thread.run(Thread.java:1583)
10:54:20.986 [Thread-2] ERROR Orchestrator.Orchestrator -- Event queue was interrupted
java.lang.InterruptedException: null
	at EventBus.EventQueue.take(EventQueue.java:58)
	at Orchestrator.Orchestrator.start(Orchestrator.java:78)
	at Orchestrator.OrchestratorTests.lambda$runOrchestratorInThread$0(OrchestratorTests.java:71)
	at java.base/java.lang.Thread.run(Thread.java:1583)
10:54:20.986 [Thread-2] ERROR Orchestrator.Orchestrator -- Event queue was interrupted
java.lang.InterruptedException: null
	at EventBus.EventQueue.take(EventQueue.java:58)
	at Orchestrator.Orchestrator.start(Orchestrator.java:78)
	at Orchestrator.OrchestratorTests.lambda$runOrchestratorInThread$0(OrchestratorTests.java:71)
	at java.base/java.lang.Thread.run(Thread.java:1583)
10:54:20.986 [Thread-2] ERROR Orchestrator.Orchestrator -- Event queue was interrupted
java.lang.InterruptedException: null
	at EventBus.EventQueue.take(EventQueue.java:58)
	at Orchestrator.Orchestrator.start(Orchestrator.java:78)
	at Orchestrator.OrchestratorTests.lambda$runOrchestratorInThread$0(OrchestratorTests.java:71)
	at java.base/java.lang.Thread.run(Thread.java:1583)
10:54:20.986 [Thread-2] ERROR Orchestrator.Orchestrator -- Event queue was interrupted
java.lang.InterruptedException: null
	at EventBus.EventQueue.take(EventQueue.java:58)
	at Orchestrator.Orchestrator.start(Orchestrator.java:78)
	at Orchestrator.OrchestratorTests.lambda$runOrchestratorInThread$0(OrchestratorTests.java:71)
	at java.base/java.lang.Thread.run(Thread.java:1583)
10:54:20.986 [Thread-2] ERROR Orchestrator.Orchestrator -- Event queue was interrupted
java.lang.InterruptedException: null
	at EventBus.EventQueue.take(EventQueue.java:58)
	at Orchestrator.Orchestrator.start(Orchestrator.java:78)
	at Orchestrator.OrchestratorTests.lambda$runOrchestratorInThread$0(OrchestratorTests.java:71)
	at java.base/java.lang.Thread.run(Thread.java:1583)
10:54:20.986 [Thread-2] ERROR Orchestrator.Orchestrator -- Event queue was interrupted
java.lang.InterruptedException: null
	at EventBus.EventQueue.take(EventQueue.java:58)
	at Orchestrator.Orchestrator.start(Orchestrator.java:78)
	at Orchestrator.OrchestratorTests.lambda$runOrchestratorInThread$0(OrchestratorTests.java:71)
	at java.base/java.lang.Thread.run(Thread.java:1583)
10:54:20.986 [Thread-2] ERROR Orchestrator.Orchestrator -- Event queue was interrupted
java.lang.InterruptedException: null
	at EventBus.EventQueue.take(EventQueue.java:58)
	at Orchestrator.Orchestrator.start(Orchestrator.java:78)
	at Orchestrator.OrchestratorTests.lambda$runOrchestratorInThread$0(OrchestratorTests.java:71)
	at java.base/java.lang.Thread.run(Thread.java:1583)
10:54:20.986 [Thread-2] ERROR Orchestrator.Orchestrator -- Event queue was interrupted
java.lang.InterruptedException: null
	at EventBus.EventQueue.take(EventQueue.java:58)
	at Orchestrator.Orchestrator.start(Orchestrator.java:78)
	at Orchestrator.OrchestratorTests.lambda$runOrchestratorInThread$0(OrchestratorTests.java:71)
	at java.base/java.lang.Thread.run(Thread.java:1583)
10:54:20.986 [Thread-2] ERROR Orchestrator.Orchestrator -- Event queue was interrupted
java.lang.InterruptedException: null
	at EventBus.EventQueue.take(EventQueue.java:58)
	at Orchestrator.Orchestrator.start(Orchestrator.java:78)
	at Orchestrator.OrchestratorTests.lambda$runOrchestratorInThread$0(OrchestratorTests.java:71)
	at java.base/java.lang.Thread.run(Thread.java:1583)
10:54:20.986 [Thread-2] ERROR Orchestrator.Orchestrator -- Event queue was interrupted
java.lang.InterruptedException: null
	at EventBus.EventQueue.take(EventQueue.java:58)
	at Orchestrator.Orchestrator.start(Orchestrator.java:78)
	at Orchestrator.OrchestratorTests.lambda$runOrchestratorInThread$0(OrchestratorTests.java:71)
	at java.base/java.lang.Thread.run(Thread.java:1583)
10:54:20.986 [Thread-2] ERROR Orchestrator.Orchestrator -- Event queue was interrupted
java.lang.InterruptedException: null
	at EventBus.EventQueue.take(EventQueue.java:58)
	at Orchestrator.Orchestrator.start(Orchestrator.java:78)
	at Orchestrator.OrchestratorTests.lambda$runOrchestratorInThread$0(OrchestratorTests.java:71)
	at java.base/java.lang.Thread.run(Thread.java:1583)
10:54:20.986 [Thread-2] ERROR Orchestrator.Orchestrator -- Event queue was interrupted
java.lang.InterruptedException: null
	at EventBus.EventQueue.take(EventQueue.java:58)
	at Orchestrator.Orchestrator.start(Orchestrator.java:78)
	at Orchestrator.OrchestratorTests.lambda$runOrchestratorInThread$0(OrchestratorTests.java:71)
	at java.base/java.lang.Thread.run(Thread.java:1583)
10:54:20.986 [Thread-2] ERROR Orchestrator.Orchestrator -- Event queue was interrupted
java.lang.InterruptedException: null
	at EventBus.EventQueue.take(EventQueue.java:58)
	at Orchestrator.Orchestrator.start(Orchestrator.java:78)
	at Orchestrator.OrchestratorTests.lambda$runOrchestratorInThread$0(OrchestratorTests.java:71)
	at java.base/java.lang.Thread.run(Thread.java:1583)
10:54:20.986 [Thread-2] ERROR Orchestrator.Orchestrator -- Event queue was interrupted
java.lang.InterruptedException: null
	at EventBus.EventQueue.take(EventQueue.java:58)
	at Orchestrator.Orchestrator.start(Orchestrator.java:78)
	at Orchestrator.OrchestratorTests.lambda$runOrchestratorInThread$0(OrchestratorTests.java:71)
	at java.base/java.lang.Thread.run(Thread.java:1583)
10:54:20.986 [Thread-2] ERROR Orchestrator.Orchestrator -- Event queue was interrupted
java.lang.InterruptedException: null
	at EventBus.EventQueue.take(EventQueue.java:58)
	at Orchestrator.Orchestrator.start(Orchestrator.java:78)
	at Orchestrator.OrchestratorTests.lambda$runOrchestratorInThread$0(OrchestratorTests.java:71)
	at java.base/java.lang.Thread.run(Thread.java:1583)
10:54:20.986 [Thread-2] ERROR Orchestrator.Orchestrator -- Event queue was interrupted
java.lang.InterruptedException: null
	at EventBus.EventQueue.take(EventQueue.java:58)
	at Orchestrator.Orchestrator.start(Orchestrator.java:78)
	at Orchestrator.OrchestratorTests.lambda$runOrchestratorInThread$0(OrchestratorTests.java:71)
	at java.base/java.lang.Thread.run(Thread.java:1583)
10:54:20.986 [Thread-1] ERROR Orchestrator.Orchestrator -- Event queue was interrupted
java.lang.InterruptedException: null
	at EventBus.EventQueue.take(EventQueue.java:58)
	at Orchestrator.Orchestrator.start(Orchestrator.java:78)
	at Orchestrator.OrchestratorTests.lambda$runOrchestratorInThread$0(OrchestratorTests.java:71)
	at java.base/java.lang.Thread.run(Thread.java:1583)
10:54:20.987 [Thread-1] ERROR Orchestrator.Orchestrator -- Event queue was interrupted
java.lang.InterruptedException: null
	at EventBus.EventQueue.take(EventQueue.java:58)
	at Orchestrator.Orchestrator.start(Orchestrator.java:78)
	at Orchestrator.OrchestratorTests.lambda$runOrchestratorInThread$0(OrchestratorTests.java:71)
	at java.base/java.lang.Thread.run(Thread.java:1583)
10:54:20.987 [Thread-1] ERROR Orchestrator.Orchestrator -- Event queue was interrupted
java.lang.InterruptedException: null
	at EventBus.EventQueue.take(EventQueue.java:58)
	at Orchestrator.Orchestrator.start(Orchestrator.java:78)
	at Orchestrator.OrchestratorTests.lambda$runOrchestratorInThread$0(OrchestratorTests.java:71)
	at java.base/java.lang.Thread.run(Thread.java:1583)
10:54:20.987 [Thread-1] ERROR Orchestrator.Orchestrator -- Event queue was interrupted
java.lang.InterruptedException: null
	at EventBus.EventQueue.take(EventQueue.java:58)
	at Orchestrator.Orchestrator.start(Orchestrator.java:78)
	at Orchestrator.OrchestratorTests.lambda$runOrchestratorInThread$0(OrchestratorTests.java:71)
	at java.base/java.lang.Thread.run(Thread.java:1583)
10:54:20.987 [Thread-1] ERROR Orchestrator.Orchestrator -- Event queue was interrupted
java.lang.InterruptedException: null
	at EventBus.EventQueue.take(EventQueue.java:58)
	at Orchestrator.Orchestrator.start(Orchestrator.java:78)
	at Orchestrator.OrchestratorTests.lambda$runOrchestratorInThread$0(OrchestratorTests.java:71)
	at java.base/java.lang.Thread.run(Thread.java:1583)
10:54:20.987 [Thread-1] ERROR Orchestrator.Orchestrator -- Event queue was interrupted
java.lang.InterruptedException: null
	at EventBus.EventQueue.take(EventQueue.java:58)
	at Orchestrator.Orchestrator.start(Orchestrator.java:78)
	at Orchestrator.OrchestratorTests.lambda$runOrchestratorInThread$0(OrchestratorTests.java:71)
	at java.base/java.lang.Thread.run(Thread.java:1583)
10:54:20.987 [Thread-1] ERROR Orchestrator.Orchestrator -- Event queue was interrupted
java.lang.InterruptedException: null
	at EventBus.EventQueue.take(EventQueue.java:58)
	at Orchestrator.Orchestrator.start(Orchestrator.java:78)
	at Orchestrator.OrchestratorTests.lambda$runOrchestratorInThread$0(OrchestratorTests.java:71)
	at java.base/java.lang.Thread.run(Thread.java:1583)
10:54:20.987 [Thread-1] ERROR Orchestrator.Orchestrator -- Event queue was interrupted
java.lang.InterruptedException: null
	at EventBus.EventQueue.take(EventQueue.java:58)
	at Orchestrator.Orchestrator.start(Orchestrator.java:78)
	at Orchestrator.OrchestratorTests.lambda$runOrchestratorInThread$0(OrchestratorTests.java:71)
	at java.base/java.lang.Thread.run(Thread.java:1583)
10:54:20.987 [Thread-1] ERROR Orchestrator.Orchestrator -- Event queue was interrupted
java.lang.InterruptedException: null
	at EventBus.EventQueue.take(EventQueue.java:58)
	at Orchestrator.Orchestrator.start(Orchestrator.java:78)
	at Orchestrator.OrchestratorTests.lambda$runOrchestratorInThread$0(OrchestratorTests.java:71)
	at java.base/java.lang.Thread.run(Thread.java:1583)
10:54:20.987 [Thread-1] ERROR Orchestrator.Orchestrator -- Event queue was interrupted
java.lang.InterruptedException: null
	at EventBus.EventQueue.take(EventQueue.java:58)
	at Orchestrator.Orchestrator.start(Orchestrator.java:78)
	at Orchestrator.OrchestratorTests.lambda$runOrchestratorInThread$0(OrchestratorTests.java:71)
	at java.base/java.lang.Thread.run(Thread.java:1583)
10:54:20.987 [Thread-1] ERROR Orchestrator.Orchestrator -- Event queue was interrupted
java.lang.InterruptedException: null
	at EventBus.EventQueue.take(EventQueue.java:58)
	at Orchestrator.Orchestrator.start(Orchestrator.java:78)
	at Orchestrator.OrchestratorTests.lambda$runOrchestratorInThread$0(OrchestratorTests.java:71)
	at java.base/java.lang.Thread.run(Thread.java:1583)
10:54:20.987 [Thread-1] ERROR Orchestrator.Orchestrator -- Event queue was interrupted
java.lang.InterruptedException: null
	at EventBus.EventQueue.take(EventQueue.java:58)
	at Orchestrator.Orchestrator.start(Orchestrator.java:78)
	at Orchestrator.OrchestratorTests.lambda$runOrchestratorInThread$0(OrchestratorTests.java:71)
	at java.base/java.lang.Thread.run(Thread.java:1583)
10:54:20.987 [Thread-1] ERROR Orchestrator.Orchestrator -- Event queue was interrupted
java.lang.InterruptedException: null
	at EventBus.EventQueue.take(EventQueue.java:58)
	at Orchestrator.Orchestrator.start(Orchestrator.java:78)
	at Orchestrator.OrchestratorTests.lambda$runOrchestratorInThread$0(OrchestratorTests.java:71)
	at java.base/java.lang.Thread.run(Thread.java:1583)
10:54:20.987 [Thread-1] ERROR Orchestrator.Orchestrator -- Event queue was interrupted
java.lang.InterruptedException: null
	at EventBus.EventQueue.take(EventQueue.java:58)
	at Orchestrator.Orchestrator.start(Orchestrator.java:78)
	at Orchestrator.OrchestratorTests.lambda$runOrchestratorInThread$0(OrchestratorTests.java:71)
	at java.base/java.lang.Thread.run(Thread.java:1583)
10:54:20.987 [Thread-1] ERROR Orchestrator.Orchestrator -- Event queue was interrupted
java.lang.InterruptedException: null
	at EventBus.EventQueue.take(EventQueue.java:58)
	at Orchestrator.Orchestrator.start(Orchestrator.java:78)
	at Orchestrator.OrchestratorTests.lambda$runOrchestratorInThread$0(OrchestratorTests.java:71)
	at java.base/java.lang.Thread.run(Thread.java:1583)
10:54:20.987 [Thread-1] ERROR Orchestrator.Orchestrator -- Event queue was interrupted
java.lang.InterruptedException: null
	at EventBus.EventQueue.take(EventQueue.java:58)
	at Orchestrator.Orchestrator.start(Orchestrator.java:78)
	at Orchestrator.OrchestratorTests.lambda$runOrchestratorInThread$0(OrchestratorTests.java:71)
	at java.base/java.lang.Thread.run(Thread.java:1583)
10:54:20.987 [Thread-1] ERROR Orchestrator.Orchestrator -- Event queue was interrupted
java.lang.InterruptedException: null
	at EventBus.EventQueue.take(EventQueue.java:58)
	at Orchestrator.Orchestrator.start(Orchestrator.java:78)
	at Orchestrator.OrchestratorTests.lambda$runOrchestratorInThread$0(OrchestratorTests.java:71)
	at java.base/java.lang.Thread.run(Thread.java:1583)
10:54:20.987 [Thread-1] ERROR Orchestrator.Orchestrator -- Event queue was interrupted
java.lang.InterruptedException: null
	at EventBus.EventQueue.take(EventQueue.java:58)
	at Orchestrator.Orchestrator.start(Orchestrator.java:78)
	at Orchestrator.OrchestratorTests.lambda$runOrchestratorInThread$0(OrchestratorTests.java:71)
	at java.base/java.lang.Thread.run(Thread.java:1583)
10:54:20.987 [Thread-1] ERROR Orchestrator.Orchestrator -- Event queue was interrupted
java.lang.InterruptedException: null
	at EventBus.EventQueue.take(EventQueue.java:58)
	at Orchestrator.Orchestrator.start(Orchestrator.java:78)
	at Orchestrator.OrchestratorTests.lambda$runOrchestratorInThread$0(OrchestratorTests.java:71)
	at java.base/java.lang.Thread.run(Thread.java:1583)
10:54:20.987 [Thread-1] ERROR Orchestrator.Orchestrator -- Event queue was interrupted
java.lang.InterruptedException: null
	at EventBus.EventQueue.take(EventQueue.java:58)
	at Orchestrator.Orchestrator.start(Orchestrator.java:78)
	at Orchestrator.OrchestratorTests.lambda$runOrchestratorInThread$0(OrchestratorTests.java:71)
	at java.base/java.lang.Thread.run(Thread.java:1583)
10:54:20.988 [Thread-1] ERROR Orchestrator.Orchestrator -- Event queue was interrupted
java.lang.InterruptedException: null
	at EventBus.EventQueue.take(EventQueue.java:58)
	at Orchestrator.Orchestrator.start(Orchestrator.java:78)
	at Orchestrator.OrchestratorTests.lambda$runOrchestratorInThread$0(OrchestratorTests.java:71)
	at java.base/java.lang.Thread.run(Thread.java:1583)
10:54:20.988 [Thread-1] ERROR Orchestrator.Orchestrator -- Event queue was interrupted
java.lang.InterruptedException: null
	at EventBus.EventQueue.take(EventQueue.java:58)
	at Orchestrator.Orchestrator.start(Orchestrator.java:78)
	at Orchestrator.OrchestratorTests.lambda$runOrchestratorInThread$0(OrchestratorTests.java:71)
	at java.base/java.lang.Thread.run(Thread.java:1583)
10:54:20.988 [Thread-1] ERROR Orchestrator.Orchestrator -- Event queue was interrupted
java.lang.InterruptedException: null
	at EventBus.EventQueue.take(EventQueue.java:58)
	at Orchestrator.Orchestrator.start(Orchestrator.java:78)
	at Orchestrator.OrchestratorTests.lambda$runOrchestratorInThread$0(OrchestratorTests.java:71)
	at java.base/java.lang.Thread.run(Thread.java:1583)
10:54:20.988 [Thread-1] ERROR Orchestrator.Orchestrator -- Event queue was interrupted
java.lang.InterruptedException: null
	at EventBus.EventQueue.take(EventQueue.java:58)
	at Orchestrator.Orchestrator.start(Orchestrator.java:78)
	at Orchestrator.OrchestratorTests.lambda$runOrchestratorInThread$0(OrchestratorTests.java:71)
	at java.base/java.lang.Thread.run(Thread.java:1583)
10:54:20.988 [Thread-1] ERROR Orchestrator.Orchestrator -- Event queue was interrupted
java.lang.InterruptedException: null
	at EventBus.EventQueue.take(EventQueue.java:58)
	at Orchestrator.Orchestrator.start(Orchestrator.java:78)
	at Orchestrator.OrchestratorTests.lambda$runOrchestratorInThread$0(OrchestratorTests.java:71)
	at java.base/java.lang.Thread.run(Thread.java:1583)
10:54:20.988 [Thread-1] ERROR Orchestrator.Orchestrator -- Event queue was interrupted
java.lang.InterruptedException: null
	at EventBus.EventQueue.take(EventQueue.java:58)
	at Orchestrator.Orchestrator.start(Orchestrator.java:78)
	at Orchestrator.OrchestratorTests.lambda$runOrchestratorInThread$0(OrchestratorTests.java:71)
	at java.base/java.lang.Thread.run(Thread.java:1583)
10:54:20.988 [Thread-1] ERROR Orchestrator.Orchestrator -- Event queue was interrupted
java.lang.InterruptedException: null
	at EventBus.EventQueue.take(EventQueue.java:58)
	at Orchestrator.Orchestrator.start(Orchestrator.java:78)
	at Orchestrator.OrchestratorTests.lambda$runOrchestratorInThread$0(OrchestratorTests.java:71)
	at java.base/java.lang.Thread.run(Thread.java:1583)
10:54:20.988 [Thread-1] ERROR Orchestrator.Orchestrator -- Event queue was interrupted
java.lang.InterruptedException: null
	at EventBus.EventQueue.take(EventQueue.java:58)
	at Orchestrator.Orchestrator.start(Orchestrator.java:78)
	at Orchestrator.OrchestratorTests.lambda$runOrchestratorInThread$0(OrchestratorTests.java:71)
	at java.base/java.lang.Thread.run(Thread.java:1583)
10:54:20.988 [Thread-1] ERROR Orchestrator.Orchestrator -- Event queue was interrupted
java.lang.InterruptedException: null
	at EventBus.EventQueue.take(EventQueue.java:58)
	at Orchestrator.Orchestrator.start(Orchestrator.java:78)
	at Orchestrator.OrchestratorTests.lambda$runOrchestratorInThread$0(OrchestratorTests.java:71)
	at java.base/java.lang.Thread.run(Thread.java:1583)
10:54:20.988 [Thread-1] ERROR Orchestrator.Orchestrator -- Event queue was interrupted
java.lang.InterruptedException: null
	at EventBus.EventQueue.take(EventQueue.java:58)
	at Orchestrator.Orchestrator.start(Orchestrator.java:78)
	at Orchestrator.OrchestratorTests.lambda$runOrchestratorInThread$0(OrchestratorTests.java:71)
	at java.base/java.lang.Thread.run(Thread.java:1583)
10:54:20.988 [Thread-1] ERROR Orchestrator.Orchestrator -- Event queue was interrupted
java.lang.InterruptedException: null
	at EventBus.EventQueue.take(EventQueue.java:58)
	at Orchestrator.Orchestrator.start(Orchestrator.java:78)
	at Orchestrator.OrchestratorTests.lambda$runOrchestratorInThread$0(OrchestratorTests.java:71)
	at java.base/java.lang.Thread.run(Thread.java:1583)
10:54:20.988 [Thread-1] ERROR Orchestrator.Orchestrator -- Event queue was interrupted
java.lang.InterruptedException: null
	at EventBus.EventQueue.take(EventQueue.java:58)
	at Orchestrator.Orchestrator.start(Orchestrator.java:78)
	at Orchestrator.OrchestratorTests.lambda$runOrchestratorInThread$0(OrchestratorTests.java:71)
	at java.base/java.lang.Thread.run(Thread.java:1583)
10:54:20.988 [Thread-2] ERROR Orchestrator.Orchestrator -- Event queue was interrupted
java.lang.InterruptedException: null
	at EventBus.EventQueue.take(EventQueue.java:58)
	at Orchestrator.Orchestrator.start(Orchestrator.java:78)
	at Orchestrator.OrchestratorTests.lambda$runOrchestratorInThread$0(OrchestratorTests.java:71)
	at java.base/java.lang.Thread.run(Thread.java:1583)
10:54:20.988 [Thread-2] ERROR Orchestrator.Orchestrator -- Event queue was interrupted
java.lang.InterruptedException: null
	at EventBus.EventQueue.take(EventQueue.java:58)
	at Orchestrator.Orchestrator.start(Orchestrator.java:78)
	at Orchestrator.OrchestratorTests.lambda$runOrchestratorInThread$0(OrchestratorTests.java:71)
	at java.base/java.lang.Thread.run(Thread.java:1583)
10:54:20.988 [Thread-2] ERROR Orchestrator.Orchestrator -- Event queue was interrupted
java.lang.InterruptedException: null
	at EventBus.EventQueue.take(EventQueue.java:58)
	at Orchestrator.Orchestrator.start(Orchestrator.java:78)
	at Orchestrator.OrchestratorTests.lambda$runOrchestratorInThread$0(OrchestratorTests.java:71)
	at java.base/java.lang.Thread.run(Thread.java:1583)
10:54:20.988 [Thread-2] ERROR Orchestrator.Orchestrator -- Event queue was interrupted
java.lang.InterruptedException: null
	at EventBus.EventQueue.take(EventQueue.java:58)
	at Orchestrator.Orchestrator.start(Orchestrator.java:78)
	at Orchestrator.OrchestratorTests.lambda$runOrchestratorInThread$0(OrchestratorTests.java:71)
	at java.base/java.lang.Thread.run(Thread.java:1583)
10:54:20.988 [Thread-2] ERROR Orchestrator.Orchestrator -- Event queue was interrupted
java.lang.InterruptedException: null
	at EventBus.EventQueue.take(EventQueue.java:58)
	at Orchestrator.Orchestrator.start(Orchestrator.java:78)
	at Orchestrator.OrchestratorTests.lambda$runOrchestratorInThread$0(OrchestratorTests.java:71)
	at java.base/java.lang.Thread.run(Thread.java:1583)
10:54:20.988 [Thread-2] ERROR Orchestrator.Orchestrator -- Event queue was interrupted
java.lang.InterruptedException: null
	at EventBus.EventQueue.take(EventQueue.java:58)
	at Orchestrator.Orchestrator.start(Orchestrator.java:78)
	at Orchestrator.OrchestratorTests.lambda$runOrchestratorInThread$0(OrchestratorTests.java:71)
	at java.base/java.lang.Thread.run(Thread.java:1583)
10:54:20.988 [Thread-2] ERROR Orchestrator.Orchestrator -- Event queue was interrupted
java.lang.InterruptedException: null
	at EventBus.EventQueue.take(EventQueue.java:58)
	at Orchestrator.Orchestrator.start(Orchestrator.java:78)
	at Orchestrator.OrchestratorTests.lambda$runOrchestratorInThread$0(OrchestratorTests.java:71)
	at java.base/java.lang.Thread.run(Thread.java:1583)
10:54:20.989 [Thread-2] ERROR Orchestrator.Orchestrator -- Event queue was interrupted
java.lang.InterruptedException: null
	at EventBus.EventQueue.take(EventQueue.java:58)
	at Orchestrator.Orchestrator.start(Orchestrator.java:78)
	at Orchestrator.OrchestratorTests.lambda$runOrchestratorInThread$0(OrchestratorTests.java:71)
	at java.base/java.lang.Thread.run(Thread.java:1583)
10:54:20.989 [Thread-2] ERROR Orchestrator.Orchestrator -- Event queue was interrupted
java.lang.InterruptedException: null
	at EventBus.EventQueue.take(EventQueue.java:58)
	at Orchestrator.Orchestrator.start(Orchestrator.java:78)
	at Orchestrator.OrchestratorTests.lambda$runOrchestratorInThread$0(OrchestratorTests.java:71)
	at java.base/java.lang.Thread.run(Thread.java:1583)
10:54:20.989 [Thread-2] ERROR Orchestrator.Orchestrator -- Event queue was interrupted
java.lang.InterruptedException: null
	at EventBus.EventQueue.take(EventQueue.java:58)
	at Orchestrator.Orchestrator.start(Orchestrator.java:78)
	at Orchestrator.OrchestratorTests.lambda$runOrchestratorInThread$0(OrchestratorTests.java:71)
	at java.base/java.lang.Thread.run(Thread.java:1583)
10:54:20.989 [Thread-2] ERROR Orchestrator.Orchestrator -- Event queue was interrupted
java.lang.InterruptedException: null
	at EventBus.EventQueue.take(EventQueue.java:58)
	at Orchestrator.Orchestrator.start(Orchestrator.java:78)
	at Orchestrator.OrchestratorTests.lambda$runOrchestratorInThread$0(OrchestratorTests.java:71)
	at java.base/java.lang.Thread.run(Thread.java:1583)
10:54:20.989 [Thread-2] ERROR Orchestrator.Orchestrator -- Event queue was interrupted
java.lang.InterruptedException: null
	at EventBus.EventQueue.take(EventQueue.java:58)
	at Orchestrator.Orchestrator.start(Orchestrator.java:78)
	at Orchestrator.OrchestratorTests.lambda$runOrchestratorInThread$0(OrchestratorTests.java:71)
	at java.base/java.lang.Thread.run(Thread.java:1583)
10:54:20.989 [Thread-2] ERROR Orchestrator.Orchestrator -- Event queue was interrupted
java.lang.InterruptedException: null
	at EventBus.EventQueue.take(EventQueue.java:58)
	at Orchestrator.Orchestrator.start(Orchestrator.java:78)
	at Orchestrator.OrchestratorTests.lambda$runOrchestratorInThread$0(OrchestratorTests.java:71)
	at java.base/java.lang.Thread.run(Thread.java:1583)
10:54:20.989 [Thread-2] ERROR Orchestrator.Orchestrator -- Event queue was interrupted
java.lang.InterruptedException: null
	at EventBus.EventQueue.take(EventQueue.java:58)
	at Orchestrator.Orchestrator.start(Orchestrator.java:78)
	at Orchestrator.OrchestratorTests.lambda$runOrchestratorInThread$0(OrchestratorTests.java:71)
	at java.base/java.lang.Thread.run(Thread.java:1583)
10:54:20.989 [Thread-2] ERROR Orchestrator.Orchestrator -- Event queue was interrupted
java.lang.InterruptedException: null
	at EventBus.EventQueue.take(EventQueue.java:58)
	at Orchestrator.Orchestrator.start(Orchestrator.java:78)
	at Orchestrator.OrchestratorTests.lambda$runOrchestratorInThread$0(OrchestratorTests.java:71)
	at java.base/java.lang.Thread.run(Thread.java:1583)
10:54:20.989 [Thread-2] ERROR Orchestrator.Orchestrator -- Event queue was interrupted
java.lang.InterruptedException: null
	at EventBus.EventQueue.take(EventQueue.java:58)
	at Orchestrator.Orchestrator.start(Orchestrator.java:78)
	at Orchestrator.OrchestratorTests.lambda$runOrchestratorInThread$0(OrchestratorTests.java:71)
	at java.base/java.lang.Thread.run(Thread.java:1583)
10:54:20.989 [Thread-2] ERROR Orchestrator.Orchestrator -- Event queue was interrupted
java.lang.InterruptedException: null
	at EventBus.EventQueue.take(EventQueue.java:58)
	at Orchestrator.Orchestrator.start(Orchestrator.java:78)
	at Orchestrator.OrchestratorTests.lambda$runOrchestratorInThread$0(OrchestratorTests.java:71)
	at java.base/java.lang.Thread.run(Thread.java:1583)
10:54:20.989 [Thread-2] ERROR Orchestrator.Orchestrator -- Event queue was interrupted
java.lang.InterruptedException: null
	at EventBus.EventQueue.take(EventQueue.java:58)
	at Orchestrator.Orchestrator.start(Orchestrator.java:78)
	at Orchestrator.OrchestratorTests.lambda$runOrchestratorInThread$0(OrchestratorTests.java:71)
	at java.base/java.lang.Thread.run(Thread.java:1583)
10:54:20.989 [Thread-2] ERROR Orchestrator.Orchestrator -- Event queue was interrupted
java.lang.InterruptedException: null
	at EventBus.EventQueue.take(EventQueue.java:58)
	at Orchestrator.Orchestrator.start(Orchestrator.java:78)
	at Orchestrator.OrchestratorTests.lambda$runOrchestratorInThread$0(OrchestratorTests.java:71)
	at java.base/java.lang.Thread.run(Thread.java:1583)
10:54:20.989 [Thread-2] ERROR Orchestrator.Orchestrator -- Event queue was interrupted
java.lang.InterruptedException: null
	at EventBus.EventQueue.take(EventQueue.java:58)
	at Orchestrator.Orchestrator.start(Orchestrator.java:78)
	at Orchestrator.OrchestratorTests.lambda$runOrchestratorInThread$0(OrchestratorTests.java:71)
	at java.base/java.lang.Thread.run(Thread.java:1583)
10:54:20.989 [Thread-2] ERROR Orchestrator.Orchestrator -- Event queue was interrupted
java.lang.InterruptedException: null
	at EventBus.EventQueue.take(EventQueue.java:58)
	at Orchestrator.Orchestrator.start(Orchestrator.java:78)
	at Orchestrator.OrchestratorTests.lambda$runOrchestratorInThread$0(OrchestratorTests.java:71)
	at java.base/java.lang.Thread.run(Thread.java:1583)
10:54:20.989 [Thread-2] ERROR Orchestrator.Orchestrator -- Event queue was interrupted
java.lang.InterruptedException: null
	at EventBus.EventQueue.take(EventQueue.java:58)
	at Orchestrator.Orchestrator.start(Orchestrator.java:78)
	at Orchestrator.OrchestratorTests.lambda$runOrchestratorInThread$0(OrchestratorTests.java:71)
	at java.base/java.lang.Thread.run(Thread.java:1583)
10:54:20.989 [Thread-2] ERROR Orchestrator.Orchestrator -- Event queue was interrupted
java.lang.InterruptedException: null
	at EventBus.EventQueue.take(EventQueue.java:58)
	at Orchestrator.Orchestrator.start(Orchestrator.java:78)
	at Orchestrator.OrchestratorTests.lambda$runOrchestratorInThread$0(OrchestratorTests.java:71)
	at java.base/java.lang.Thread.run(Thread.java:1583)
10:54:20.989 [Thread-2] ERROR Orchestrator.Orchestrator -- Event queue was interrupted
java.lang.InterruptedException: null
	at EventBus.EventQueue.take(EventQueue.java:58)
	at Orchestrator.Orchestrator.start(Orchestrator.java:78)
	at Orchestrator.OrchestratorTests.lambda$runOrchestratorInThread$0(OrchestratorTests.java:71)
	at java.base/java.lang.Thread.run(Thread.java:1583)
10:54:20.989 [Thread-2] ERROR Orchestrator.Orchestrator -- Event queue was interrupted
java.lang.InterruptedException: null
	at EventBus.EventQueue.take(EventQueue.java:58)
	at Orchestrator.Orchestrator.start(Orchestrator.java:78)
	at Orchestrator.OrchestratorTests.lambda$runOrchestratorInThread$0(OrchestratorTests.java:71)
	at java.base/java.lang.Thread.run(Thread.java:1583)
10:54:20.989 [Thread-2] ERROR Orchestrator.Orchestrator -- Event queue was interrupted
java.lang.InterruptedException: null
	at EventBus.EventQueue.take(EventQueue.java:58)
	at Orchestrator.Orchestrator.start(Orchestrator.java:78)
	at Orchestrator.OrchestratorTests.lambda$runOrchestratorInThread$0(OrchestratorTests.java:71)
	at java.base/java.lang.Thread.run(Thread.java:1583)
10:54:20.989 [Thread-2] ERROR Orchestrator.Orchestrator -- Event queue was interrupted
java.lang.InterruptedException: null
	at EventBus.EventQueue.take(EventQueue.java:58)
	at Orchestrator.Orchestrator.start(Orchestrator.java:78)
	at Orchestrator.OrchestratorTests.lambda$runOrchestratorInThread$0(OrchestratorTests.java:71)
	at java.base/java.lang.Thread.run(Thread.java:1583)
10:54:20.989 [Thread-2] ERROR Orchestrator.Orchestrator -- Event queue was interrupted
java.lang.InterruptedException: null
	at EventBus.EventQueue.take(EventQueue.java:58)
	at Orchestrator.Orchestrator.start(Orchestrator.java:78)
	at Orchestrator.OrchestratorTests.lambda$runOrchestratorInThread$0(OrchestratorTests.java:71)
	at java.base/java.lang.Thread.run(Thread.java:1583)
10:54:20.989 [Thread-2] ERROR Orchestrator.Orchestrator -- Event queue was interrupted
java.lang.InterruptedException: null
	at EventBus.EventQueue.take(EventQueue.java:58)
	at Orchestrator.Orchestrator.start(Orchestrator.java:78)
	at Orchestrator.OrchestratorTests.lambda$runOrchestratorInThread$0(OrchestratorTests.java:71)
	at java.base/java.lang.Thread.run(Thread.java:1583)
10:54:20.990 [Thread-2] ERROR Orchestrator.Orchestrator -- Event queue was interrupted
java.lang.InterruptedException: null
	at EventBus.EventQueue.take(EventQueue.java:58)
	at Orchestrator.Orchestrator.start(Orchestrator.java:78)
	at Orchestrator.OrchestratorTests.lambda$runOrchestratorInThread$0(OrchestratorTests.java:71)
	at java.base/java.lang.Thread.run(Thread.java:1583)
10:54:20.990 [Thread-2] ERROR Orchestrator.Orchestrator -- Event queue was interrupted
java.lang.InterruptedException: null
	at EventBus.EventQueue.take(EventQueue.java:58)
	at Orchestrator.Orchestrator.start(Orchestrator.java:78)
	at Orchestrator.OrchestratorTests.lambda$runOrchestratorInThread$0(OrchestratorTests.java:71)
	at java.base/java.lang.Thread.run(Thread.java:1583)
10:54:20.990 [Thread-2] ERROR Orchestrator.Orchestrator -- Event queue was interrupted
java.lang.InterruptedException: null
	at EventBus.EventQueue.take(EventQueue.java:58)
	at Orchestrator.Orchestrator.start(Orchestrator.java:78)
	at Orchestrator.OrchestratorTests.lambda$runOrchestratorInThread$0(OrchestratorTests.java:71)
	at java.base/java.lang.Thread.run(Thread.java:1583)
10:54:20.990 [Thread-2] ERROR Orchestrator.Orchestrator -- Event queue was interrupted
java.lang.InterruptedException: null
	at EventBus.EventQueue.take(EventQueue.java:58)
	at Orchestrator.Orchestrator.start(Orchestrator.java:78)
	at Orchestrator.OrchestratorTests.lambda$runOrchestratorInThread$0(OrchestratorTests.java:71)
	at java.base/java.lang.Thread.run(Thread.java:1583)
10:54:20.990 [Thread-2] ERROR Orchestrator.Orchestrator -- Event queue was interrupted
java.lang.InterruptedException: null
	at EventBus.EventQueue.take(EventQueue.java:58)
	at Orchestrator.Orchestrator.start(Orchestrator.java:78)
	at Orchestrator.OrchestratorTests.lambda$runOrchestratorInThread$0(OrchestratorTests.java:71)
	at java.base/java.lang.Thread.run(Thread.java:1583)
10:54:20.990 [Thread-2] ERROR Orchestrator.Orchestrator -- Event queue was interrupted
java.lang.InterruptedException: null
	at EventBus.EventQueue.take(EventQueue.java:58)
	at Orchestrator.Orchestrator.start(Orchestrator.java:78)
	at Orchestrator.OrchestratorTests.lambda$runOrchestratorInThread$0(OrchestratorTests.java:71)
	at java.base/java.lang.Thread.run(Thread.java:1583)
10:54:20.990 [Thread-2] ERROR Orchestrator.Orchestrator -- Event queue was interrupted
java.lang.InterruptedException: null
	at EventBus.EventQueue.take(EventQueue.java:58)
	at Orchestrator.Orchestrator.start(Orchestrator.java:78)
	at Orchestrator.OrchestratorTests.lambda$runOrchestratorInThread$0(OrchestratorTests.java:71)
	at java.base/java.lang.Thread.run(Thread.java:1583)
10:54:20.990 [Thread-2] ERROR Orchestrator.Orchestrator -- Event queue was interrupted
java.lang.InterruptedException: null
	at EventBus.EventQueue.take(EventQueue.java:58)
	at Orchestrator.Orchestrator.start(Orchestrator.java:78)
	at Orchestrator.OrchestratorTests.lambda$runOrchestratorInThread$0(OrchestratorTests.java:71)
	at java.base/java.lang.Thread.run(Thread.java:1583)
10:54:20.990 [Thread-2] ERROR Orchestrator.Orchestrator -- Event queue was interrupted
java.lang.InterruptedException: null
	at EventBus.EventQueue.take(EventQueue.java:58)
	at Orchestrator.Orchestrator.start(Orchestrator.java:78)
	at Orchestrator.OrchestratorTests.lambda$runOrchestratorInThread$0(OrchestratorTests.java:71)
	at java.base/java.lang.Thread.run(Thread.java:1583)
10:54:20.990 [Thread-2] ERROR Orchestrator.Orchestrator -- Event queue was interrupted
java.lang.InterruptedException: null
	at EventBus.EventQueue.take(EventQueue.java:58)
	at Orchestrator.Orchestrator.start(Orchestrator.java:78)
	at Orchestrator.OrchestratorTests.lambda$runOrchestratorInThread$0(OrchestratorTests.java:71)
	at java.base/java.lang.Thread.run(Thread.java:1583)
10:54:20.990 [Thread-2] ERROR Orchestrator.Orchestrator -- Event queue was interrupted
java.lang.InterruptedException: null
	at EventBus.EventQueue.take(EventQueue.java:58)
	at Orchestrator.Orchestrator.start(Orchestrator.java:78)
	at Orchestrator.OrchestratorTests.lambda$runOrchestratorInThread$0(OrchestratorTests.java:71)
	at java.base/java.lang.Thread.run(Thread.java:1583)
10:54:20.990 [Thread-2] ERROR Orchestrator.Orchestrator -- Event queue was interrupted
java.lang.InterruptedException: null
	at EventBus.EventQueue.take(EventQueue.java:58)
	at Orchestrator.Orchestrator.start(Orchestrator.java:78)
	at Orchestrator.OrchestratorTests.lambda$runOrchestratorInThread$0(OrchestratorTests.java:71)
	at java.base/java.lang.Thread.run(Thread.java:1583)
10:54:20.990 [Thread-2] ERROR Orchestrator.Orchestrator -- Event queue was interrupted
java.lang.InterruptedException: null
	at EventBus.EventQueue.take(EventQueue.java:58)
	at Orchestrator.Orchestrator.start(Orchestrator.java:78)
	at Orchestrator.OrchestratorTests.lambda$runOrchestratorInThread$0(OrchestratorTests.java:71)
	at java.base/java.lang.Thread.run(Thread.java:1583)
10:54:20.990 [Thread-2] ERROR Orchestrator.Orchestrator -- Event queue was interrupted
java.lang.InterruptedException: null
	at EventBus.EventQueue.take(EventQueue.java:58)
	at Orchestrator.Orchestrator.start(Orchestrator.java:78)
	at Orchestrator.OrchestratorTests.lambda$runOrchestratorInThread$0(OrchestratorTests.java:71)
	at java.base/java.lang.Thread.run(Thread.java:1583)
10:54:20.990 [Thread-2] ERROR Orchestrator.Orchestrator -- Event queue was interrupted
java.lang.InterruptedException: null
	at EventBus.EventQueue.take(EventQueue.java:58)
	at Orchestrator.Orchestrator.start(Orchestrator.java:78)
	at Orchestrator.OrchestratorTests.lambda$runOrchestratorInThread$0(OrchestratorTests.java:71)
	at java.base/java.lang.Thread.run(Thread.java:1583)
10:54:20.990 [Thread-2] ERROR Orchestrator.Orchestrator -- Event queue was interrupted
java.lang.InterruptedException: null
	at EventBus.EventQueue.take(EventQueue.java:58)
	at Orchestrator.Orchestrator.start(Orchestrator.java:78)
	at Orchestrator.OrchestratorTests.lambda$runOrchestratorInThread$0(OrchestratorTests.java:71)
	at java.base/java.lang.Thread.run(Thread.java:1583)
10:54:20.990 [Thread-2] ERROR Orchestrator.Orchestrator -- Event queue was interrupted
java.lang.InterruptedException: null
	at EventBus.EventQueue.take(EventQueue.java:58)
	at Orchestrator.Orchestrator.start(Orchestrator.java:78)
	at Orchestrator.OrchestratorTests.lambda$runOrchestratorInThread$0(OrchestratorTests.java:71)
	at java.base/java.lang.Thread.run(Thread.java:1583)
10:54:20.990 [Thread-2] ERROR Orchestrator.Orchestrator -- Event queue was interrupted
java.lang.InterruptedException: null
	at EventBus.EventQueue.take(EventQueue.java:58)
	at Orchestrator.Orchestrator.start(Orchestrator.java:78)
	at Orchestrator.OrchestratorTests.lambda$runOrchestratorInThread$0(OrchestratorTests.java:71)
	at java.base/java.lang.Thread.run(Thread.java:1583)
10:54:20.990 [Thread-2] ERROR Orchestrator.Orchestrator -- Event queue was interrupted
java.lang.InterruptedException: null
	at EventBus.EventQueue.take(EventQueue.java:58)
	at Orchestrator.Orchestrator.start(Orchestrator.java:78)
	at Orchestrator.OrchestratorTests.lambda$runOrchestratorInThread$0(OrchestratorTests.java:71)
	at java.base/java.lang.Thread.run(Thread.java:1583)
10:54:20.990 [Thread-2] ERROR Orchestrator.Orchestrator -- Event queue was interrupted
java.lang.InterruptedException: null
	at EventBus.EventQueue.take(EventQueue.java:58)
	at Orchestrator.Orchestrator.start(Orchestrator.java:78)
	at Orchestrator.OrchestratorTests.lambda$runOrchestratorInThread$0(OrchestratorTests.java:71)
	at java.base/java.lang.Thread.run(Thread.java:1583)
10:54:20.990 [Thread-2] ERROR Orchestrator.Orchestrator -- Event queue was interrupted
java.lang.InterruptedException: null
	at EventBus.EventQueue.take(EventQueue.java:58)
	at Orchestrator.Orchestrator.start(Orchestrator.java:78)
	at Orchestrator.OrchestratorTests.lambda$runOrchestratorInThread$0(OrchestratorTests.java:71)
	at java.base/java.lang.Thread.run(Thread.java:1583)
10:54:20.991 [Thread-1] ERROR Orchestrator.Orchestrator -- Event queue was interrupted
java.lang.InterruptedException: null
	at EventBus.EventQueue.take(EventQueue.java:58)
	at Orchestrator.Orchestrator.start(Orchestrator.java:78)
	at Orchestrator.OrchestratorTests.lambda$runOrchestratorInThread$0(OrchestratorTests.java:71)
	at java.base/java.lang.Thread.run(Thread.java:1583)
10:54:20.991 [Thread-1] ERROR Orchestrator.Orchestrator -- Event queue was interrupted
java.lang.InterruptedException: null
	at EventBus.EventQueue.take(EventQueue.java:58)
	at Orchestrator.Orchestrator.start(Orchestrator.java:78)
	at Orchestrator.OrchestratorTests.lambda$runOrchestratorInThread$0(OrchestratorTests.java:71)
	at java.base/java.lang.Thread.run(Thread.java:1583)
10:54:20.991 [Thread-1] ERROR Orchestrator.Orchestrator -- Event queue was interrupted
java.lang.InterruptedException: null
	at EventBus.EventQueue.take(EventQueue.java:58)
	at Orchestrator.Orchestrator.start(Orchestrator.java:78)
	at Orchestrator.OrchestratorTests.lambda$runOrchestratorInThread$0(OrchestratorTests.java:71)
	at java.base/java.lang.Thread.run(Thread.java:1583)
10:54:20.991 [Thread-1] ERROR Orchestrator.Orchestrator -- Event queue was interrupted
java.lang.InterruptedException: null
	at EventBus.EventQueue.take(EventQueue.java:58)
	at Orchestrator.Orchestrator.start(Orchestrator.java:78)
	at Orchestrator.OrchestratorTests.lambda$runOrchestratorInThread$0(OrchestratorTests.java:71)
	at java.base/java.lang.Thread.run(Thread.java:1583)
10:54:20.991 [Thread-1] ERROR Orchestrator.Orchestrator -- Event queue was interrupted
java.lang.InterruptedException: null
	at EventBus.EventQueue.take(EventQueue.java:58)
	at Orchestrator.Orchestrator.start(Orchestrator.java:78)
	at Orchestrator.OrchestratorTests.lambda$runOrchestratorInThread$0(OrchestratorTests.java:71)
	at java.base/java.lang.Thread.run(Thread.java:1583)
10:54:20.991 [Thread-1] ERROR Orchestrator.Orchestrator -- Event queue was interrupted
java.lang.InterruptedException: null
	at EventBus.EventQueue.take(EventQueue.java:58)
	at Orchestrator.Orchestrator.start(Orchestrator.java:78)
	at Orchestrator.OrchestratorTests.lambda$runOrchestratorInThread$0(OrchestratorTests.java:71)
	at java.base/java.lang.Thread.run(Thread.java:1583)
10:54:20.991 [Thread-1] ERROR Orchestrator.Orchestrator -- Event queue was interrupted
java.lang.InterruptedException: null
	at EventBus.EventQueue.take(EventQueue.java:58)
	at Orchestrator.Orchestrator.start(Orchestrator.java:78)
	at Orchestrator.OrchestratorTests.lambda$runOrchestratorInThread$0(OrchestratorTests.java:71)
	at java.base/java.lang.Thread.run(Thread.java:1583)
10:54:20.991 [Thread-1] ERROR Orchestrator.Orchestrator -- Event queue was interrupted
java.lang.InterruptedException: null
	at EventBus.EventQueue.take(EventQueue.java:58)
	at Orchestrator.Orchestrator.start(Orchestrator.java:78)
	at Orchestrator.OrchestratorTests.lambda$runOrchestratorInThread$0(OrchestratorTests.java:71)
	at java.base/java.lang.Thread.run(Thread.java:1583)
10:54:20.991 [Thread-1] ERROR Orchestrator.Orchestrator -- Event queue was interrupted
java.lang.InterruptedException: null
	at EventBus.EventQueue.take(EventQueue.java:58)
	at Orchestrator.Orchestrator.start(Orchestrator.java:78)
	at Orchestrator.OrchestratorTests.lambda$runOrchestratorInThread$0(OrchestratorTests.java:71)
	at java.base/java.lang.Thread.run(Thread.java:1583)
10:54:20.991 [Thread-1] ERROR Orchestrator.Orchestrator -- Event queue was interrupted
java.lang.InterruptedException: null
	at EventBus.EventQueue.take(EventQueue.java:58)
	at Orchestrator.Orchestrator.start(Orchestrator.java:78)
	at Orchestrator.OrchestratorTests.lambda$runOrchestratorInThread$0(OrchestratorTests.java:71)
	at java.base/java.lang.Thread.run(Thread.java:1583)
10:54:20.991 [Thread-1] ERROR Orchestrator.Orchestrator -- Event queue was interrupted
java.lang.InterruptedException: null
	at EventBus.EventQueue.take(EventQueue.java:58)
	at Orchestrator.Orchestrator.start(Orchestrator.java:78)
	at Orchestrator.OrchestratorTests.lambda$runOrchestratorInThread$0(OrchestratorTests.java:71)
	at java.base/java.lang.Thread.run(Thread.java:1583)
10:54:20.991 [Thread-1] ERROR Orchestrator.Orchestrator -- Event queue was interrupted
java.lang.InterruptedException: null
	at EventBus.EventQueue.take(EventQueue.java:58)
	at Orchestrator.Orchestrator.start(Orchestrator.java:78)
	at Orchestrator.OrchestratorTests.lambda$runOrchestratorInThread$0(OrchestratorTests.java:71)
	at java.base/java.lang.Thread.run(Thread.java:1583)
10:54:20.991 [Thread-1] ERROR Orchestrator.Orchestrator -- Event queue was interrupted
java.lang.InterruptedException: null
	at EventBus.EventQueue.take(EventQueue.java:58)
	at Orchestrator.Orchestrator.start(Orchestrator.java:78)
	at Orchestrator.OrchestratorTests.lambda$runOrchestratorInThread$0(OrchestratorTests.java:71)
	at java.base/java.lang.Thread.run(Thread.java:1583)
10:54:20.991 [Thread-1] ERROR Orchestrator.Orchestrator -- Event queue was interrupted
java.lang.InterruptedException: null
	at EventBus.EventQueue.take(EventQueue.java:58)
	at Orchestrator.Orchestrator.start(Orchestrator.java:78)
	at Orchestrator.OrchestratorTests.lambda$runOrchestratorInThread$0(OrchestratorTests.java:71)
	at java.base/java.lang.Thread.run(Thread.java:1583)
10:54:20.991 [Thread-1] ERROR Orchestrator.Orchestrator -- Event queue was interrupted
java.lang.InterruptedException: null
	at EventBus.EventQueue.take(EventQueue.java:58)
	at Orchestrator.Orchestrator.start(Orchestrator.java:78)
	at Orchestrator.OrchestratorTests.lambda$runOrchestratorInThread$0(OrchestratorTests.java:71)
	at java.base/java.lang.Thread.run(Thread.java:1583)
10:54:20.991 [Thread-1] ERROR Orchestrator.Orchestrator -- Event queue was interrupted
java.lang.InterruptedException: null
	at EventBus.EventQueue.take(EventQueue.java:58)
	at Orchestrator.Orchestrator.start(Orchestrator.java:78)
	at Orchestrator.OrchestratorTests.lambda$runOrchestratorInThread$0(OrchestratorTests.java:71)
	at java.base/java.lang.Thread.run(Thread.java:1583)
10:54:20.991 [Thread-1] ERROR Orchestrator.Orchestrator -- Event queue was interrupted
java.lang.InterruptedException: null
	at EventBus.EventQueue.take(EventQueue.java:58)
	at Orchestrator.Orchestrator.start(Orchestrator.java:78)
	at Orchestrator.OrchestratorTests.lambda$runOrchestratorInThread$0(OrchestratorTests.java:71)
	at java.base/java.lang.Thread.run(Thread.java:1583)
10:54:20.991 [Thread-1] ERROR Orchestrator.Orchestrator -- Event queue was interrupted
java.lang.InterruptedException: null
	at EventBus.EventQueue.take(EventQueue.java:58)
	at Orchestrator.Orchestrator.start(Orchestrator.java:78)
	at Orchestrator.OrchestratorTests.lambda$runOrchestratorInThread$0(OrchestratorTests.java:71)
	at java.base/java.lang.Thread.run(Thread.java:1583)
10:54:20.991 [Thread-1] ERROR Orchestrator.Orchestrator -- Event queue was interrupted
java.lang.InterruptedException: null
	at EventBus.EventQueue.take(EventQueue.java:58)
	at Orchestrator.Orchestrator.start(Orchestrator.java:78)
	at Orchestrator.OrchestratorTests.lambda$runOrchestratorInThread$0(OrchestratorTests.java:71)
	at java.base/java.lang.Thread.run(Thread.java:1583)
10:54:20.991 [Thread-1] ERROR Orchestrator.Orchestrator -- Event queue was interrupted
java.lang.InterruptedException: null
	at EventBus.EventQueue.take(EventQueue.java:58)
	at Orchestrator.Orchestrator.start(Orchestrator.java:78)
	at Orchestrator.OrchestratorTests.lambda$runOrchestratorInThread$0(OrchestratorTests.java:71)
	at java.base/java.lang.Thread.run(Thread.java:1583)
10:54:20.991 [Thread-1] ERROR Orchestrator.Orchestrator -- Event queue was interrupted
java.lang.InterruptedException: null
	at EventBus.EventQueue.take(EventQueue.java:58)
	at Orchestrator.Orchestrator.start(Orchestrator.java:78)
	at Orchestrator.OrchestratorTests.lambda$runOrchestratorInThread$0(OrchestratorTests.java:71)
	at java.base/java.lang.Thread.run(Thread.java:1583)
10:54:20.991 [Thread-1] ERROR Orchestrator.Orchestrator -- Event queue was interrupted
java.lang.InterruptedException: null
	at EventBus.EventQueue.take(EventQueue.java:58)
	at Orchestrator.Orchestrator.start(Orchestrator.java:78)
	at Orchestrator.OrchestratorTests.lambda$runOrchestratorInThread$0(OrchestratorTests.java:71)
	at java.base/java.lang.Thread.run(Thread.java:1583)
10:54:20.992 [Thread-1] ERROR Orchestrator.Orchestrator -- Event queue was interrupted
java.lang.InterruptedException: null
	at EventBus.EventQueue.take(EventQueue.java:58)
	at Orchestrator.Orchestrator.start(Orchestrator.java:78)
	at Orchestrator.OrchestratorTests.lambda$runOrchestratorInThread$0(OrchestratorTests.java:71)
	at java.base/java.lang.Thread.run(Thread.java:1583)
10:54:20.992 [Thread-1] ERROR Orchestrator.Orchestrator -- Event queue was interrupted
java.lang.InterruptedException: null
	at EventBus.EventQueue.take(EventQueue.java:58)
	at Orchestrator.Orchestrator.start(Orchestrator.java:78)
	at Orchestrator.OrchestratorTests.lambda$runOrchestratorInThread$0(OrchestratorTests.java:71)
	at java.base/java.lang.Thread.run(Thread.java:1583)
10:54:20.992 [Thread-1] ERROR Orchestrator.Orchestrator -- Event queue was interrupted
java.lang.InterruptedException: null
	at EventBus.EventQueue.take(EventQueue.java:58)
	at Orchestrator.Orchestrator.start(Orchestrator.java:78)
	at Orchestrator.OrchestratorTests.lambda$runOrchestratorInThread$0(OrchestratorTests.java:71)
	at java.base/java.lang.Thread.run(Thread.java:1583)
10:54:20.992 [Thread-1] ERROR Orchestrator.Orchestrator -- Event queue was interrupted
java.lang.InterruptedException: null
	at EventBus.EventQueue.take(EventQueue.java:58)
	at Orchestrator.Orchestrator.start(Orchestrator.java:78)
	at Orchestrator.OrchestratorTests.lambda$runOrchestratorInThread$0(OrchestratorTests.java:71)
	at java.base/java.lang.Thread.run(Thread.java:1583)
10:54:20.992 [Thread-1] ERROR Orchestrator.Orchestrator -- Event queue was interrupted
java.lang.InterruptedException: null
	at EventBus.EventQueue.take(EventQueue.java:58)
	at Orchestrator.Orchestrator.start(Orchestrator.java:78)
	at Orchestrator.OrchestratorTests.lambda$runOrchestratorInThread$0(OrchestratorTests.java:71)
	at java.base/java.lang.Thread.run(Thread.java:1583)
10:54:20.992 [Thread-1] ERROR Orchestrator.Orchestrator -- Event queue was interrupted
java.lang.InterruptedException: null
	at EventBus.EventQueue.take(EventQueue.java:58)
	at Orchestrator.Orchestrator.start(Orchestrator.java:78)
	at Orchestrator.OrchestratorTests.lambda$runOrchestratorInThread$0(OrchestratorTests.java:71)
	at java.base/java.lang.Thread.run(Thread.java:1583)
10:54:20.992 [Thread-1] ERROR Orchestrator.Orchestrator -- Event queue was interrupted
java.lang.InterruptedException: null
	at EventBus.EventQueue.take(EventQueue.java:58)
	at Orchestrator.Orchestrator.start(Orchestrator.java:78)
	at Orchestrator.OrchestratorTests.lambda$runOrchestratorInThread$0(OrchestratorTests.java:71)
	at java.base/java.lang.Thread.run(Thread.java:1583)
10:54:20.992 [Thread-1] ERROR Orchestrator.Orchestrator -- Event queue was interrupted
java.lang.InterruptedException: null
	at EventBus.EventQueue.take(EventQueue.java:58)
	at Orchestrator.Orchestrator.start(Orchestrator.java:78)
	at Orchestrator.OrchestratorTests.lambda$runOrchestratorInThread$0(OrchestratorTests.java:71)
	at java.base/java.lang.Thread.run(Thread.java:1583)
10:54:20.992 [Thread-1] ERROR Orchestrator.Orchestrator -- Event queue was interrupted
java.lang.InterruptedException: null
	at EventBus.EventQueue.take(EventQueue.java:58)
	at Orchestrator.Orchestrator.start(Orchestrator.java:78)
	at Orchestrator.OrchestratorTests.lambda$runOrchestratorInThread$0(OrchestratorTests.java:71)
	at java.base/java.lang.Thread.run(Thread.java:1583)
10:54:20.992 [Thread-1] ERROR Orchestrator.Orchestrator -- Event queue was interrupted
java.lang.InterruptedException: null
	at EventBus.EventQueue.take(EventQueue.java:58)
	at Orchestrator.Orchestrator.start(Orchestrator.java:78)
	at Orchestrator.OrchestratorTests.lambda$runOrchestratorInThread$0(OrchestratorTests.java:71)
	at java.base/java.lang.Thread.run(Thread.java:1583)
10:54:20.992 [Thread-1] ERROR Orchestrator.Orchestrator -- Event queue was interrupted
java.lang.InterruptedException: null
	at EventBus.EventQueue.take(EventQueue.java:58)
	at Orchestrator.Orchestrator.start(Orchestrator.java:78)
	at Orchestrator.OrchestratorTests.lambda$runOrchestratorInThread$0(OrchestratorTests.java:71)
	at java.base/java.lang.Thread.run(Thread.java:1583)
10:54:20.992 [Thread-1] ERROR Orchestrator.Orchestrator -- Event queue was interrupted
java.lang.InterruptedException: null
	at EventBus.EventQueue.take(EventQueue.java:58)
	at Orchestrator.Orchestrator.start(Orchestrator.java:78)
	at Orchestrator.OrchestratorTests.lambda$runOrchestratorInThread$0(OrchestratorTests.java:71)
	at java.base/java.lang.Thread.run(Thread.java:1583)
10:54:20.992 [Thread-1] ERROR Orchestrator.Orchestrator -- Event queue was interrupted
java.lang.InterruptedException: null
	at EventBus.EventQueue.take(EventQueue.java:58)
	at Orchestrator.Orchestrator.start(Orchestrator.java:78)
	at Orchestrator.OrchestratorTests.lambda$runOrchestratorInThread$0(OrchestratorTests.java:71)
	at java.base/java.lang.Thread.run(Thread.java:1583)
10:54:20.992 [Thread-1] ERROR Orchestrator.Orchestrator -- Event queue was interrupted
java.lang.InterruptedException: null
	at EventBus.EventQueue.take(EventQueue.java:58)
	at Orchestrator.Orchestrator.start(Orchestrator.java:78)
	at Orchestrator.OrchestratorTests.lambda$runOrchestratorInThread$0(OrchestratorTests.java:71)
	at java.base/java.lang.Thread.run(Thread.java:1583)
10:54:20.992 [Thread-1] ERROR Orchestrator.Orchestrator -- Event queue was interrupted
java.lang.InterruptedException: null
	at EventBus.EventQueue.take(EventQueue.java:58)
	at Orchestrator.Orchestrator.start(Orchestrator.java:78)
	at Orchestrator.OrchestratorTests.lambda$runOrchestratorInThread$0(OrchestratorTests.java:71)
	at java.base/java.lang.Thread.run(Thread.java:1583)
10:54:20.992 [Thread-1] ERROR Orchestrator.Orchestrator -- Event queue was interrupted
java.lang.InterruptedException: null
	at EventBus.EventQueue.take(EventQueue.java:58)
	at Orchestrator.Orchestrator.start(Orchestrator.java:78)
	at Orchestrator.OrchestratorTests.lambda$runOrchestratorInThread$0(OrchestratorTests.java:71)
	at java.base/java.lang.Thread.run(Thread.java:1583)
10:54:20.992 [Thread-1] ERROR Orchestrator.Orchestrator -- Event queue was interrupted
java.lang.InterruptedException: null
	at EventBus.EventQueue.take(EventQueue.java:58)
	at Orchestrator.Orchestrator.start(Orchestrator.java:78)
	at Orchestrator.OrchestratorTests.lambda$runOrchestratorInThread$0(OrchestratorTests.java:71)
	at java.base/java.lang.Thread.run(Thread.java:1583)
10:54:20.992 [Thread-1] ERROR Orchestrator.Orchestrator -- Event queue was interrupted
java.lang.InterruptedException: null
	at EventBus.EventQueue.take(EventQueue.java:58)
	at Orchestrator.Orchestrator.start(Orchestrator.java:78)
	at Orchestrator.OrchestratorTests.lambda$runOrchestratorInThread$0(OrchestratorTests.java:71)
	at java.base/java.lang.Thread.run(Thread.java:1583)
10:54:20.992 [Thread-1] ERROR Orchestrator.Orchestrator -- Event queue was interrupted
java.lang.InterruptedException: null
	at EventBus.EventQueue.take(EventQueue.java:58)
	at Orchestrator.Orchestrator.start(Orchestrator.java:78)
	at Orchestrator.OrchestratorTests.lambda$runOrchestratorInThread$0(OrchestratorTests.java:71)
	at java.base/java.lang.Thread.run(Thread.java:1583)
10:54:20.992 [Thread-1] ERROR Orchestrator.Orchestrator -- Event queue was interrupted
java.lang.InterruptedException: null
	at EventBus.EventQueue.take(EventQueue.java:58)
	at Orchestrator.Orchestrator.start(Orchestrator.java:78)
	at Orchestrator.OrchestratorTests.lambda$runOrchestratorInThread$0(OrchestratorTests.java:71)
	at java.base/java.lang.Thread.run(Thread.java:1583)
10:54:20.993 [Thread-1] ERROR Orchestrator.Orchestrator -- Event queue was interrupted
java.lang.InterruptedException: null
	at EventBus.EventQueue.take(EventQueue.java:58)
	at Orchestrator.Orchestrator.start(Orchestrator.java:78)
	at Orchestrator.OrchestratorTests.lambda$runOrchestratorInThread$0(OrchestratorTests.java:71)
	at java.base/java.lang.Thread.run(Thread.java:1583)
10:54:20.993 [Thread-1] ERROR Orchestrator.Orchestrator -- Event queue was interrupted
java.lang.InterruptedException: null
	at EventBus.EventQueue.take(EventQueue.java:58)
	at Orchestrator.Orchestrator.start(Orchestrator.java:78)
	at Orchestrator.OrchestratorTests.lambda$runOrchestratorInThread$0(OrchestratorTests.java:71)
	at java.base/java.lang.Thread.run(Thread.java:1583)
10:54:20.993 [Thread-1] ERROR Orchestrator.Orchestrator -- Event queue was interrupted
java.lang.InterruptedException: null
	at EventBus.EventQueue.take(EventQueue.java:58)
	at Orchestrator.Orchestrator.start(Orchestrator.java:78)
	at Orchestrator.OrchestratorTests.lambda$runOrchestratorInThread$0(OrchestratorTests.java:71)
	at java.base/java.lang.Thread.run(Thread.java:1583)
10:54:20.993 [Thread-1] ERROR Orchestrator.Orchestrator -- Event queue was interrupted
java.lang.InterruptedException: null
	at EventBus.EventQueue.take(EventQueue.java:58)
	at Orchestrator.Orchestrator.start(Orchestrator.java:78)
	at Orchestrator.OrchestratorTests.lambda$runOrchestratorInThread$0(OrchestratorTests.java:71)
	at java.base/java.lang.Thread.run(Thread.java:1583)
10:54:20.993 [Thread-1] ERROR Orchestrator.Orchestrator -- Event queue was interrupted
java.lang.InterruptedException: null
	at EventBus.EventQueue.take(EventQueue.java:58)
	at Orchestrator.Orchestrator.start(Orchestrator.java:78)
	at Orchestrator.OrchestratorTests.lambda$runOrchestratorInThread$0(OrchestratorTests.java:71)
	at java.base/java.lang.Thread.run(Thread.java:1583)
10:54:20.993 [Thread-1] ERROR Orchestrator.Orchestrator -- Event queue was interrupted
java.lang.InterruptedException: null
	at EventBus.EventQueue.take(EventQueue.java:58)
	at Orchestrator.Orchestrator.start(Orchestrator.java:78)
	at Orchestrator.OrchestratorTests.lambda$runOrchestratorInThread$0(OrchestratorTests.java:71)
	at java.base/java.lang.Thread.run(Thread.java:1583)
10:54:20.993 [Thread-1] ERROR Orchestrator.Orchestrator -- Event queue was interrupted
java.lang.InterruptedException: null
	at EventBus.EventQueue.take(EventQueue.java:58)
	at Orchestrator.Orchestrator.start(Orchestrator.java:78)
	at Orchestrator.OrchestratorTests.lambda$runOrchestratorInThread$0(OrchestratorTests.java:71)
	at java.base/java.lang.Thread.run(Thread.java:1583)
10:54:20.993 [Thread-1] ERROR Orchestrator.Orchestrator -- Event queue was interrupted
java.lang.InterruptedException: null
	at EventBus.EventQueue.take(EventQueue.java:58)
	at Orchestrator.Orchestrator.start(Orchestrator.java:78)
	at Orchestrator.OrchestratorTests.lambda$runOrchestratorInThread$0(OrchestratorTests.java:71)
	at java.base/java.lang.Thread.run(Thread.java:1583)
10:54:20.993 [Thread-1] ERROR Orchestrator.Orchestrator -- Event queue was interrupted
java.lang.InterruptedException: null
	at EventBus.EventQueue.take(EventQueue.java:58)
	at Orchestrator.Orchestrator.start(Orchestrator.java:78)
	at Orchestrator.OrchestratorTests.lambda$runOrchestratorInThread$0(OrchestratorTests.java:71)
	at java.base/java.lang.Thread.run(Thread.java:1583)
10:54:20.993 [Thread-1] ERROR Orchestrator.Orchestrator -- Event queue was interrupted
java.lang.InterruptedException: null
	at EventBus.EventQueue.take(EventQueue.java:58)
	at Orchestrator.Orchestrator.start(Orchestrator.java:78)
	at Orchestrator.OrchestratorTests.lambda$runOrchestratorInThread$0(OrchestratorTests.java:71)
	at java.base/java.lang.Thread.run(Thread.java:1583)
10:54:20.993 [Thread-1] ERROR Orchestrator.Orchestrator -- Event queue was interrupted
java.lang.InterruptedException: null
	at EventBus.EventQueue.take(EventQueue.java:58)
	at Orchestrator.Orchestrator.start(Orchestrator.java:78)
	at Orchestrator.OrchestratorTests.lambda$runOrchestratorInThread$0(OrchestratorTests.java:71)
	at java.base/java.lang.Thread.run(Thread.java:1583)
10:54:20.993 [Thread-1] ERROR Orchestrator.Orchestrator -- Event queue was interrupted
java.lang.InterruptedException: null
	at EventBus.EventQueue.take(EventQueue.java:58)
	at Orchestrator.Orchestrator.start(Orchestrator.java:78)
	at Orchestrator.OrchestratorTests.lambda$runOrchestratorInThread$0(OrchestratorTests.java:71)
	at java.base/java.lang.Thread.run(Thread.java:1583)
10:54:20.993 [Thread-1] ERROR Orchestrator.Orchestrator -- Event queue was interrupted
java.lang.InterruptedException: null
	at EventBus.EventQueue.take(EventQueue.java:58)
	at Orchestrator.Orchestrator.start(Orchestrator.java:78)
	at Orchestrator.OrchestratorTests.lambda$runOrchestratorInThread$0(OrchestratorTests.java:71)
	at java.base/java.lang.Thread.run(Thread.java:1583)
10:54:20.993 [Thread-1] ERROR Orchestrator.Orchestrator -- Event queue was interrupted
java.lang.InterruptedException: null
	at EventBus.EventQueue.take(EventQueue.java:58)
	at Orchestrator.Orchestrator.start(Orchestrator.java:78)
	at Orchestrator.OrchestratorTests.lambda$runOrchestratorInThread$0(OrchestratorTests.java:71)
	at java.base/java.lang.Thread.run(Thread.java:1583)
10:54:20.993 [Thread-1] ERROR Orchestrator.Orchestrator -- Event queue was interrupted
java.lang.InterruptedException: null
	at EventBus.EventQueue.take(EventQueue.java:58)
	at Orchestrator.Orchestrator.start(Orchestrator.java:78)
	at Orchestrator.OrchestratorTests.lambda$runOrchestratorInThread$0(OrchestratorTests.java:71)
	at java.base/java.lang.Thread.run(Thread.java:1583)
10:54:20.993 [Thread-1] ERROR Orchestrator.Orchestrator -- Event queue was interrupted
java.lang.InterruptedException: null
	at EventBus.EventQueue.take(EventQueue.java:58)
	at Orchestrator.Orchestrator.start(Orchestrator.java:78)
	at Orchestrator.OrchestratorTests.lambda$runOrchestratorInThread$0(OrchestratorTests.java:71)
	at java.base/java.lang.Thread.run(Thread.java:1583)
10:54:20.993 [Thread-1] ERROR Orchestrator.Orchestrator -- Event queue was interrupted
java.lang.InterruptedException: null
	at EventBus.EventQueue.take(EventQueue.java:58)
	at Orchestrator.Orchestrator.start(Orchestrator.java:78)
	at Orchestrator.OrchestratorTests.lambda$runOrchestratorInThread$0(OrchestratorTests.java:71)
	at java.base/java.lang.Thread.run(Thread.java:1583)
10:54:20.993 [Thread-1] ERROR Orchestrator.Orchestrator -- Event queue was interrupted
java.lang.InterruptedException: null
	at EventBus.EventQueue.take(EventQueue.java:58)
	at Orchestrator.Orchestrator.start(Orchestrator.java:78)
	at Orchestrator.OrchestratorTests.lambda$runOrchestratorInThread$0(OrchestratorTests.java:71)
	at java.base/java.lang.Thread.run(Thread.java:1583)
10:54:20.993 [Thread-1] ERROR Orchestrator.Orchestrator -- Event queue was interrupted
java.lang.InterruptedException: null
	at EventBus.EventQueue.take(EventQueue.java:58)
	at Orchestrator.Orchestrator.start(Orchestrator.java:78)
	at Orchestrator.OrchestratorTests.lambda$runOrchestratorInThread$0(OrchestratorTests.java:71)
	at java.base/java.lang.Thread.run(Thread.java:1583)
10:54:20.994 [Thread-1] ERROR Orchestrator.Orchestrator -- Event queue was interrupted
java.lang.InterruptedException: null
	at EventBus.EventQueue.take(EventQueue.java:58)
	at Orchestrator.Orchestrator.start(Orchestrator.java:78)
	at Orchestrator.OrchestratorTests.lambda$runOrchestratorInThread$0(OrchestratorTests.java:71)
	at java.base/java.lang.Thread.run(Thread.java:1583)
10:54:20.994 [Thread-1] ERROR Orchestrator.Orchestrator -- Event queue was interrupted
java.lang.InterruptedException: null
	at EventBus.EventQueue.take(EventQueue.java:58)
	at Orchestrator.Orchestrator.start(Orchestrator.java:78)
	at Orchestrator.OrchestratorTests.lambda$runOrchestratorInThread$0(OrchestratorTests.java:71)
	at java.base/java.lang.Thread.run(Thread.java:1583)
10:54:20.994 [Thread-1] ERROR Orchestrator.Orchestrator -- Event queue was interrupted
java.lang.InterruptedException: null
	at EventBus.EventQueue.take(EventQueue.java:58)
	at Orchestrator.Orchestrator.start(Orchestrator.java:78)
	at Orchestrator.OrchestratorTests.lambda$runOrchestratorInThread$0(OrchestratorTests.java:71)
	at java.base/java.lang.Thread.run(Thread.java:1583)
10:54:20.994 [Thread-1] ERROR Orchestrator.Orchestrator -- Event queue was interrupted
java.lang.InterruptedException: null
	at EventBus.EventQueue.take(EventQueue.java:58)
	at Orchestrator.Orchestrator.start(Orchestrator.java:78)
	at Orchestrator.OrchestratorTests.lambda$runOrchestratorInThread$0(OrchestratorTests.java:71)
	at java.base/java.lang.Thread.run(Thread.java:1583)
10:54:20.994 [Thread-1] ERROR Orchestrator.Orchestrator -- Event queue was interrupted
java.lang.InterruptedException: null
	at EventBus.EventQueue.take(EventQueue.java:58)
	at Orchestrator.Orchestrator.start(Orchestrator.java:78)
	at Orchestrator.OrchestratorTests.lambda$runOrchestratorInThread$0(OrchestratorTests.java:71)
	at java.base/java.lang.Thread.run(Thread.java:1583)
10:54:20.994 [Thread-1] ERROR Orchestrator.Orchestrator -- Event queue was interrupted
java.lang.InterruptedException: null
	at EventBus.EventQueue.take(EventQueue.java:58)
	at Orchestrator.Orchestrator.start(Orchestrator.java:78)
	at Orchestrator.OrchestratorTests.lambda$runOrchestratorInThread$0(OrchestratorTests.java:71)
	at java.base/java.lang.Thread.run(Thread.java:1583)
10:54:20.994 [Thread-1] ERROR Orchestrator.Orchestrator -- Event queue was interrupted
java.lang.InterruptedException: null
	at EventBus.EventQueue.take(EventQueue.java:58)
	at Orchestrator.Orchestrator.start(Orchestrator.java:78)
	at Orchestrator.OrchestratorTests.lambda$runOrchestratorInThread$0(OrchestratorTests.java:71)
	at java.base/java.lang.Thread.run(Thread.java:1583)
10:54:20.994 [Thread-1] ERROR Orchestrator.Orchestrator -- Event queue was interrupted
java.lang.InterruptedException: null
	at EventBus.EventQueue.take(EventQueue.java:58)
	at Orchestrator.Orchestrator.start(Orchestrator.java:78)
	at Orchestrator.OrchestratorTests.lambda$runOrchestratorInThread$0(OrchestratorTests.java:71)
	at java.base/java.lang.Thread.run(Thread.java:1583)
10:54:20.994 [Thread-1] ERROR Orchestrator.Orchestrator -- Event queue was interrupted
java.lang.InterruptedException: null
	at EventBus.EventQueue.take(EventQueue.java:58)
	at Orchestrator.Orchestrator.start(Orchestrator.java:78)
	at Orchestrator.OrchestratorTests.lambda$runOrchestratorInThread$0(OrchestratorTests.java:71)
	at java.base/java.lang.Thread.run(Thread.java:1583)
10:54:20.994 [Thread-1] ERROR Orchestrator.Orchestrator -- Event queue was interrupted
java.lang.InterruptedException: null
	at EventBus.EventQueue.take(EventQueue.java:58)
	at Orchestrator.Orchestrator.start(Orchestrator.java:78)
	at Orchestrator.OrchestratorTests.lambda$runOrchestratorInThread$0(OrchestratorTests.java:71)
	at java.base/java.lang.Thread.run(Thread.java:1583)
10:54:20.994 [Thread-1] ERROR Orchestrator.Orchestrator -- Event queue was interrupted
java.lang.InterruptedException: null
	at EventBus.EventQueue.take(EventQueue.java:58)
	at Orchestrator.Orchestrator.start(Orchestrator.java:78)
	at Orchestrator.OrchestratorTests.lambda$runOrchestratorInThread$0(OrchestratorTests.java:71)
	at java.base/java.lang.Thread.run(Thread.java:1583)
10:54:20.994 [Thread-1] ERROR Orchestrator.Orchestrator -- Event queue was interrupted
java.lang.InterruptedException: null
	at EventBus.EventQueue.take(EventQueue.java:58)
	at Orchestrator.Orchestrator.start(Orchestrator.java:78)
	at Orchestrator.OrchestratorTests.lambda$runOrchestratorInThread$0(OrchestratorTests.java:71)
	at java.base/java.lang.Thread.run(Thread.java:1583)
10:54:20.994 [Thread-1] ERROR Orchestrator.Orchestrator -- Event queue was interrupted
java.lang.InterruptedException: null
	at EventBus.EventQueue.take(EventQueue.java:58)
	at Orchestrator.Orchestrator.start(Orchestrator.java:78)
	at Orchestrator.OrchestratorTests.lambda$runOrchestratorInThread$0(OrchestratorTests.java:71)
	at java.base/java.lang.Thread.run(Thread.java:1583)
10:54:20.994 [Thread-1] ERROR Orchestrator.Orchestrator -- Event queue was interrupted
java.lang.InterruptedException: null
	at EventBus.EventQueue.take(EventQueue.java:58)
	at Orchestrator.Orchestrator.start(Orchestrator.java:78)
	at Orchestrator.OrchestratorTests.lambda$runOrchestratorInThread$0(OrchestratorTests.java:71)
	at java.base/java.lang.Thread.run(Thread.java:1583)
10:54:20.994 [Thread-1] ERROR Orchestrator.Orchestrator -- Event queue was interrupted
java.lang.InterruptedException: null
	at EventBus.EventQueue.take(EventQueue.java:58)
	at Orchestrator.Orchestrator.start(Orchestrator.java:78)
	at Orchestrator.OrchestratorTests.lambda$runOrchestratorInThread$0(OrchestratorTests.java:71)
	at java.base/java.lang.Thread.run(Thread.java:1583)
10:54:20.994 [Thread-1] ERROR Orchestrator.Orchestrator -- Event queue was interrupted
java.lang.InterruptedException: null
	at EventBus.EventQueue.take(EventQueue.java:58)
	at Orchestrator.Orchestrator.start(Orchestrator.java:78)
	at Orchestrator.OrchestratorTests.lambda$runOrchestratorInThread$0(OrchestratorTests.java:71)
	at java.base/java.lang.Thread.run(Thread.java:1583)
10:54:20.994 [Thread-1] ERROR Orchestrator.Orchestrator -- Event queue was interrupted
java.lang.InterruptedException: null
	at EventBus.EventQueue.take(EventQueue.java:58)
	at Orchestrator.Orchestrator.start(Orchestrator.java:78)
	at Orchestrator.OrchestratorTests.lambda$runOrchestratorInThread$0(OrchestratorTests.java:71)
	at java.base/java.lang.Thread.run(Thread.java:1583)
10:54:20.994 [Thread-1] ERROR Orchestrator.Orchestrator -- Event queue was interrupted
java.lang.InterruptedException: null
	at EventBus.EventQueue.take(EventQueue.java:58)
	at Orchestrator.Orchestrator.start(Orchestrator.java:78)
	at Orchestrator.OrchestratorTests.lambda$runOrchestratorInThread$0(OrchestratorTests.java:71)
	at java.base/java.lang.Thread.run(Thread.java:1583)
10:54:20.994 [Thread-1] ERROR Orchestrator.Orchestrator -- Event queue was interrupted
java.lang.InterruptedException: null
	at EventBus.EventQueue.take(EventQueue.java:58)
	at Orchestrator.Orchestrator.start(Orchestrator.java:78)
	at Orchestrator.OrchestratorTests.lambda$runOrchestratorInThread$0(OrchestratorTests.java:71)
	at java.base/java.lang.Thread.run(Thread.java:1583)
10:54:20.994 [Thread-2] ERROR Orchestrator.Orchestrator -- Event queue was interrupted
java.lang.InterruptedException: null
	at EventBus.EventQueue.take(EventQueue.java:58)
	at Orchestrator.Orchestrator.start(Orchestrator.java:78)
	at Orchestrator.OrchestratorTests.lambda$runOrchestratorInThread$0(OrchestratorTests.java:71)
	at java.base/java.lang.Thread.run(Thread.java:1583)
10:54:20.995 [Thread-2] ERROR Orchestrator.Orchestrator -- Event queue was interrupted
java.lang.InterruptedException: null
	at EventBus.EventQueue.take(EventQueue.java:58)
	at Orchestrator.Orchestrator.start(Orchestrator.java:78)
	at Orchestrator.OrchestratorTests.lambda$runOrchestratorInThread$0(OrchestratorTests.java:71)
	at java.base/java.lang.Thread.run(Thread.java:1583)
10:54:20.995 [Thread-2] ERROR Orchestrator.Orchestrator -- Event queue was interrupted
java.lang.InterruptedException: null
	at EventBus.EventQueue.take(EventQueue.java:58)
	at Orchestrator.Orchestrator.start(Orchestrator.java:78)
	at Orchestrator.OrchestratorTests.lambda$runOrchestratorInThread$0(OrchestratorTests.java:71)
	at java.base/java.lang.Thread.run(Thread.java:1583)
10:54:20.995 [Thread-2] ERROR Orchestrator.Orchestrator -- Event queue was interrupted
java.lang.InterruptedException: null
	at EventBus.EventQueue.take(EventQueue.java:58)
	at Orchestrator.Orchestrator.start(Orchestrator.java:78)
	at Orchestrator.OrchestratorTests.lambda$runOrchestratorInThread$0(OrchestratorTests.java:71)
	at java.base/java.lang.Thread.run(Thread.java:1583)
10:54:20.995 [Thread-2] ERROR Orchestrator.Orchestrator -- Event queue was interrupted
java.lang.InterruptedException: null
	at EventBus.EventQueue.take(EventQueue.java:58)
	at Orchestrator.Orchestrator.start(Orchestrator.java:78)
	at Orchestrator.OrchestratorTests.lambda$runOrchestratorInThread$0(OrchestratorTests.java:71)
	at java.base/java.lang.Thread.run(Thread.java:1583)
10:54:20.995 [Thread-2] ERROR Orchestrator.Orchestrator -- Event queue was interrupted
java.lang.InterruptedException: null
	at EventBus.EventQueue.take(EventQueue.java:58)
	at Orchestrator.Orchestrator.start(Orchestrator.java:78)
	at Orchestrator.OrchestratorTests.lambda$runOrchestratorInThread$0(OrchestratorTests.java:71)
	at java.base/java.lang.Thread.run(Thread.java:1583)
10:54:20.995 [Thread-2] ERROR Orchestrator.Orchestrator -- Event queue was interrupted
java.lang.InterruptedException: null
	at EventBus.EventQueue.take(EventQueue.java:58)
	at Orchestrator.Orchestrator.start(Orchestrator.java:78)
	at Orchestrator.OrchestratorTests.lambda$runOrchestratorInThread$0(OrchestratorTests.java:71)
	at java.base/java.lang.Thread.run(Thread.java:1583)
10:54:20.995 [Thread-2] ERROR Orchestrator.Orchestrator -- Event queue was interrupted
java.lang.InterruptedException: null
	at EventBus.EventQueue.take(EventQueue.java:58)
	at Orchestrator.Orchestrator.start(Orchestrator.java:78)
	at Orchestrator.OrchestratorTests.lambda$runOrchestratorInThread$0(OrchestratorTests.java:71)
	at java.base/java.lang.Thread.run(Thread.java:1583)
10:54:20.995 [Thread-2] ERROR Orchestrator.Orchestrator -- Event queue was interrupted
java.lang.InterruptedException: null
	at EventBus.EventQueue.take(EventQueue.java:58)
	at Orchestrator.Orchestrator.start(Orchestrator.java:78)
	at Orchestrator.OrchestratorTests.lambda$runOrchestratorInThread$0(OrchestratorTests.java:71)
	at java.base/java.lang.Thread.run(Thread.java:1583)
10:54:20.995 [Thread-2] ERROR Orchestrator.Orchestrator -- Event queue was interrupted
java.lang.InterruptedException: null
	at EventBus.EventQueue.take(EventQueue.java:58)
	at Orchestrator.Orchestrator.start(Orchestrator.java:78)
	at Orchestrator.OrchestratorTests.lambda$runOrchestratorInThread$0(OrchestratorTests.java:71)
	at java.base/java.lang.Thread.run(Thread.java:1583)
10:54:20.995 [Thread-2] ERROR Orchestrator.Orchestrator -- Event queue was interrupted
java.lang.InterruptedException: null
	at EventBus.EventQueue.take(EventQueue.java:58)
	at Orchestrator.Orchestrator.start(Orchestrator.java:78)
	at Orchestrator.OrchestratorTests.lambda$runOrchestratorInThread$0(OrchestratorTests.java:71)
	at java.base/java.lang.Thread.run(Thread.java:1583)
10:54:20.995 [Thread-2] ERROR Orchestrator.Orchestrator -- Event queue was interrupted
java.lang.InterruptedException: null
	at EventBus.EventQueue.take(EventQueue.java:58)
	at Orchestrator.Orchestrator.start(Orchestrator.java:78)
	at Orchestrator.OrchestratorTests.lambda$runOrchestratorInThread$0(OrchestratorTests.java:71)
	at java.base/java.lang.Thread.run(Thread.java:1583)
10:54:20.995 [Thread-2] ERROR Orchestrator.Orchestrator -- Event queue was interrupted
java.lang.InterruptedException: null
	at EventBus.EventQueue.take(EventQueue.java:58)
	at Orchestrator.Orchestrator.start(Orchestrator.java:78)
	at Orchestrator.OrchestratorTests.lambda$runOrchestratorInThread$0(OrchestratorTests.java:71)
	at java.base/java.lang.Thread.run(Thread.java:1583)
10:54:20.995 [Thread-2] ERROR Orchestrator.Orchestrator -- Event queue was interrupted
java.lang.InterruptedException: null
	at EventBus.EventQueue.take(EventQueue.java:58)
	at Orchestrator.Orchestrator.start(Orchestrator.java:78)
	at Orchestrator.OrchestratorTests.lambda$runOrchestratorInThread$0(OrchestratorTests.java:71)
	at java.base/java.lang.Thread.run(Thread.java:1583)
10:54:20.995 [Thread-2] ERROR Orchestrator.Orchestrator -- Event queue was interrupted
java.lang.InterruptedException: null
	at EventBus.EventQueue.take(EventQueue.java:58)
	at Orchestrator.Orchestrator.start(Orchestrator.java:78)
	at Orchestrator.OrchestratorTests.lambda$runOrchestratorInThread$0(OrchestratorTests.java:71)
	at java.base/java.lang.Thread.run(Thread.java:1583)
10:54:20.995 [Thread-2] ERROR Orchestrator.Orchestrator -- Event queue was interrupted
java.lang.InterruptedException: null
	at EventBus.EventQueue.take(EventQueue.java:58)
	at Orchestrator.Orchestrator.start(Orchestrator.java:78)
	at Orchestrator.OrchestratorTests.lambda$runOrchestratorInThread$0(OrchestratorTests.java:71)
	at java.base/java.lang.Thread.run(Thread.java:1583)
10:54:20.995 [Thread-2] ERROR Orchestrator.Orchestrator -- Event queue was interrupted
java.lang.InterruptedException: null
	at EventBus.EventQueue.take(EventQueue.java:58)
	at Orchestrator.Orchestrator.start(Orchestrator.java:78)
	at Orchestrator.OrchestratorTests.lambda$runOrchestratorInThread$0(OrchestratorTests.java:71)
	at java.base/java.lang.Thread.run(Thread.java:1583)
10:54:20.995 [Thread-2] ERROR Orchestrator.Orchestrator -- Event queue was interrupted
java.lang.InterruptedException: null
	at EventBus.EventQueue.take(EventQueue.java:58)
	at Orchestrator.Orchestrator.start(Orchestrator.java:78)
	at Orchestrator.OrchestratorTests.lambda$runOrchestratorInThread$0(OrchestratorTests.java:71)
	at java.base/java.lang.Thread.run(Thread.java:1583)
10:54:20.995 [Thread-2] ERROR Orchestrator.Orchestrator -- Event queue was interrupted
java.lang.InterruptedException: null
	at EventBus.EventQueue.take(EventQueue.java:58)
	at Orchestrator.Orchestrator.start(Orchestrator.java:78)
	at Orchestrator.OrchestratorTests.lambda$runOrchestratorInThread$0(OrchestratorTests.java:71)
	at java.base/java.lang.Thread.run(Thread.java:1583)
10:54:20.996 [Thread-2] ERROR Orchestrator.Orchestrator -- Event queue was interrupted
java.lang.InterruptedException: null
	at EventBus.EventQueue.take(EventQueue.java:58)
	at Orchestrator.Orchestrator.start(Orchestrator.java:78)
	at Orchestrator.OrchestratorTests.lambda$runOrchestratorInThread$0(OrchestratorTests.java:71)
	at java.base/java.lang.Thread.run(Thread.java:1583)
10:54:20.996 [Thread-2] ERROR Orchestrator.Orchestrator -- Event queue was interrupted
java.lang.InterruptedException: null
	at EventBus.EventQueue.take(EventQueue.java:58)
	at Orchestrator.Orchestrator.start(Orchestrator.java:78)
	at Orchestrator.OrchestratorTests.lambda$runOrchestratorInThread$0(OrchestratorTests.java:71)
	at java.base/java.lang.Thread.run(Thread.java:1583)
10:54:20.996 [Thread-2] ERROR Orchestrator.Orchestrator -- Event queue was interrupted
java.lang.InterruptedException: null
	at EventBus.EventQueue.take(EventQueue.java:58)
	at Orchestrator.Orchestrator.start(Orchestrator.java:78)
	at Orchestrator.OrchestratorTests.lambda$runOrchestratorInThread$0(OrchestratorTests.java:71)
	at java.base/java.lang.Thread.run(Thread.java:1583)
10:54:20.996 [Thread-2] ERROR Orchestrator.Orchestrator -- Event queue was interrupted
java.lang.InterruptedException: null
	at EventBus.EventQueue.take(EventQueue.java:58)
	at Orchestrator.Orchestrator.start(Orchestrator.java:78)
	at Orchestrator.OrchestratorTests.lambda$runOrchestratorInThread$0(OrchestratorTests.java:71)
	at java.base/java.lang.Thread.run(Thread.java:1583)
10:54:20.996 [Thread-2] ERROR Orchestrator.Orchestrator -- Event queue was interrupted
java.lang.InterruptedException: null
	at EventBus.EventQueue.take(EventQueue.java:58)
	at Orchestrator.Orchestrator.start(Orchestrator.java:78)
	at Orchestrator.OrchestratorTests.lambda$runOrchestratorInThread$0(OrchestratorTests.java:71)
	at java.base/java.lang.Thread.run(Thread.java:1583)
10:54:20.996 [Thread-2] ERROR Orchestrator.Orchestrator -- Event queue was interrupted
java.lang.InterruptedException: null
	at EventBus.EventQueue.take(EventQueue.java:58)
	at Orchestrator.Orchestrator.start(Orchestrator.java:78)
	at Orchestrator.OrchestratorTests.lambda$runOrchestratorInThread$0(OrchestratorTests.java:71)
	at java.base/java.lang.Thread.run(Thread.java:1583)
10:54:20.996 [Thread-2] ERROR Orchestrator.Orchestrator -- Event queue was interrupted
java.lang.InterruptedException: null
	at EventBus.EventQueue.take(EventQueue.java:58)
	at Orchestrator.Orchestrator.start(Orchestrator.java:78)
	at Orchestrator.OrchestratorTests.lambda$runOrchestratorInThread$0(OrchestratorTests.java:71)
	at java.base/java.lang.Thread.run(Thread.java:1583)
10:54:20.996 [Thread-2] ERROR Orchestrator.Orchestrator -- Event queue was interrupted
java.lang.InterruptedException: null
	at EventBus.EventQueue.take(EventQueue.java:58)
	at Orchestrator.Orchestrator.start(Orchestrator.java:78)
	at Orchestrator.OrchestratorTests.lambda$runOrchestratorInThread$0(OrchestratorTests.java:71)
	at java.base/java.lang.Thread.run(Thread.java:1583)
10:54:20.996 [Thread-2] ERROR Orchestrator.Orchestrator -- Event queue was interrupted
java.lang.InterruptedException: null
	at EventBus.EventQueue.take(EventQueue.java:58)
	at Orchestrator.Orchestrator.start(Orchestrator.java:78)
	at Orchestrator.OrchestratorTests.lambda$runOrchestratorInThread$0(OrchestratorTests.java:71)
	at java.base/java.lang.Thread.run(Thread.java:1583)
10:54:20.996 [Thread-2] ERROR Orchestrator.Orchestrator -- Event queue was interrupted
java.lang.InterruptedException: null
	at EventBus.EventQueue.take(EventQueue.java:58)
	at Orchestrator.Orchestrator.start(Orchestrator.java:78)
	at Orchestrator.OrchestratorTests.lambda$runOrchestratorInThread$0(OrchestratorTests.java:71)
	at java.base/java.lang.Thread.run(Thread.java:1583)
10:54:20.996 [Thread-2] ERROR Orchestrator.Orchestrator -- Event queue was interrupted
java.lang.InterruptedException: null
	at EventBus.EventQueue.take(EventQueue.java:58)
	at Orchestrator.Orchestrator.start(Orchestrator.java:78)
	at Orchestrator.OrchestratorTests.lambda$runOrchestratorInThread$0(OrchestratorTests.java:71)
	at java.base/java.lang.Thread.run(Thread.java:1583)
10:54:20.996 [Thread-2] ERROR Orchestrator.Orchestrator -- Event queue was interrupted
java.lang.InterruptedException: null
	at EventBus.EventQueue.take(EventQueue.java:58)
	at Orchestrator.Orchestrator.start(Orchestrator.java:78)
	at Orchestrator.OrchestratorTests.lambda$runOrchestratorInThread$0(OrchestratorTests.java:71)
	at java.base/java.lang.Thread.run(Thread.java:1583)
10:54:20.996 [Thread-2] ERROR Orchestrator.Orchestrator -- Event queue was interrupted
java.lang.InterruptedException: null
	at EventBus.EventQueue.take(EventQueue.java:58)
	at Orchestrator.Orchestrator.start(Orchestrator.java:78)
	at Orchestrator.OrchestratorTests.lambda$runOrchestratorInThread$0(OrchestratorTests.java:71)
	at java.base/java.lang.Thread.run(Thread.java:1583)
10:54:20.996 [Thread-2] ERROR Orchestrator.Orchestrator -- Event queue was interrupted
java.lang.InterruptedException: null
	at EventBus.EventQueue.take(EventQueue.java:58)
	at Orchestrator.Orchestrator.start(Orchestrator.java:78)
	at Orchestrator.OrchestratorTests.lambda$runOrchestratorInThread$0(OrchestratorTests.java:71)
	at java.base/java.lang.Thread.run(Thread.java:1583)
10:54:20.996 [Thread-2] ERROR Orchestrator.Orchestrator -- Event queue was interrupted
java.lang.InterruptedException: null
	at EventBus.EventQueue.take(EventQueue.java:58)
	at Orchestrator.Orchestrator.start(Orchestrator.java:78)
	at Orchestrator.OrchestratorTests.lambda$runOrchestratorInThread$0(OrchestratorTests.java:71)
	at java.base/java.lang.Thread.run(Thread.java:1583)
10:54:20.996 [Thread-2] ERROR Orchestrator.Orchestrator -- Event queue was interrupted
java.lang.InterruptedException: null
	at EventBus.EventQueue.take(EventQueue.java:58)
	at Orchestrator.Orchestrator.start(Orchestrator.java:78)
	at Orchestrator.OrchestratorTests.lambda$runOrchestratorInThread$0(OrchestratorTests.java:71)
	at java.base/java.lang.Thread.run(Thread.java:1583)
10:54:20.996 [Thread-2] ERROR Orchestrator.Orchestrator -- Event queue was interrupted
java.lang.InterruptedException: null
	at EventBus.EventQueue.take(EventQueue.java:58)
	at Orchestrator.Orchestrator.start(Orchestrator.java:78)
	at Orchestrator.OrchestratorTests.lambda$runOrchestratorInThread$0(OrchestratorTests.java:71)
	at java.base/java.lang.Thread.run(Thread.java:1583)
10:54:20.997 [Thread-2] ERROR Orchestrator.Orchestrator -- Event queue was interrupted
java.lang.InterruptedException: null
	at EventBus.EventQueue.take(EventQueue.java:58)
	at Orchestrator.Orchestrator.start(Orchestrator.java:78)
	at Orchestrator.OrchestratorTests.lambda$runOrchestratorInThread$0(OrchestratorTests.java:71)
	at java.base/java.lang.Thread.run(Thread.java:1583)
10:54:20.997 [Thread-2] ERROR Orchestrator.Orchestrator -- Event queue was interrupted
java.lang.InterruptedException: null
	at EventBus.EventQueue.take(EventQueue.java:58)
	at Orchestrator.Orchestrator.start(Orchestrator.java:78)
	at Orchestrator.OrchestratorTests.lambda$runOrchestratorInThread$0(OrchestratorTests.java:71)
	at java.base/java.lang.Thread.run(Thread.java:1583)
10:54:20.997 [Thread-2] ERROR Orchestrator.Orchestrator -- Event queue was interrupted
java.lang.InterruptedException: null
	at EventBus.EventQueue.take(EventQueue.java:58)
	at Orchestrator.Orchestrator.start(Orchestrator.java:78)
	at Orchestrator.OrchestratorTests.lambda$runOrchestratorInThread$0(OrchestratorTests.java:71)
	at java.base/java.lang.Thread.run(Thread.java:1583)
10:54:20.997 [Thread-2] ERROR Orchestrator.Orchestrator -- Event queue was interrupted
java.lang.InterruptedException: null
	at EventBus.EventQueue.take(EventQueue.java:58)
	at Orchestrator.Orchestrator.start(Orchestrator.java:78)
	at Orchestrator.OrchestratorTests.lambda$runOrchestratorInThread$0(OrchestratorTests.java:71)
	at java.base/java.lang.Thread.run(Thread.java:1583)
10:54:20.997 [Thread-2] ERROR Orchestrator.Orchestrator -- Event queue was interrupted
java.lang.InterruptedException: null
	at EventBus.EventQueue.take(EventQueue.java:58)
	at Orchestrator.Orchestrator.start(Orchestrator.java:78)
	at Orchestrator.OrchestratorTests.lambda$runOrchestratorInThread$0(OrchestratorTests.java:71)
	at java.base/java.lang.Thread.run(Thread.java:1583)
10:54:20.997 [Thread-2] ERROR Orchestrator.Orchestrator -- Event queue was interrupted
java.lang.InterruptedException: null
	at EventBus.EventQueue.take(EventQueue.java:58)
	at Orchestrator.Orchestrator.start(Orchestrator.java:78)
	at Orchestrator.OrchestratorTests.lambda$runOrchestratorInThread$0(OrchestratorTests.java:71)
	at java.base/java.lang.Thread.run(Thread.java:1583)
10:54:20.997 [Thread-2] ERROR Orchestrator.Orchestrator -- Event queue was interrupted
java.lang.InterruptedException: null
	at EventBus.EventQueue.take(EventQueue.java:58)
	at Orchestrator.Orchestrator.start(Orchestrator.java:78)
	at Orchestrator.OrchestratorTests.lambda$runOrchestratorInThread$0(OrchestratorTests.java:71)
	at java.base/java.lang.Thread.run(Thread.java:1583)
10:54:20.997 [Thread-2] ERROR Orchestrator.Orchestrator -- Event queue was interrupted
java.lang.InterruptedException: null
	at EventBus.EventQueue.take(EventQueue.java:58)
	at Orchestrator.Orchestrator.start(Orchestrator.java:78)
	at Orchestrator.OrchestratorTests.lambda$runOrchestratorInThread$0(OrchestratorTests.java:71)
	at java.base/java.lang.Thread.run(Thread.java:1583)
10:54:20.997 [Thread-2] ERROR Orchestrator.Orchestrator -- Event queue was interrupted
java.lang.InterruptedException: null
	at EventBus.EventQueue.take(EventQueue.java:58)
	at Orchestrator.Orchestrator.start(Orchestrator.java:78)
	at Orchestrator.OrchestratorTests.lambda$runOrchestratorInThread$0(OrchestratorTests.java:71)
	at java.base/java.lang.Thread.run(Thread.java:1583)
10:54:20.997 [Thread-2] ERROR Orchestrator.Orchestrator -- Event queue was interrupted
java.lang.InterruptedException: null
	at EventBus.EventQueue.take(EventQueue.java:58)
	at Orchestrator.Orchestrator.start(Orchestrator.java:78)
	at Orchestrator.OrchestratorTests.lambda$runOrchestratorInThread$0(OrchestratorTests.java:71)
	at java.base/java.lang.Thread.run(Thread.java:1583)
10:54:20.997 [Thread-2] ERROR Orchestrator.Orchestrator -- Event queue was interrupted
java.lang.InterruptedException: null
	at EventBus.EventQueue.take(EventQueue.java:58)
	at Orchestrator.Orchestrator.start(Orchestrator.java:78)
	at Orchestrator.OrchestratorTests.lambda$runOrchestratorInThread$0(OrchestratorTests.java:71)
	at java.base/java.lang.Thread.run(Thread.java:1583)
10:54:20.997 [Thread-2] ERROR Orchestrator.Orchestrator -- Event queue was interrupted
java.lang.InterruptedException: null
	at EventBus.EventQueue.take(EventQueue.java:58)
	at Orchestrator.Orchestrator.start(Orchestrator.java:78)
	at Orchestrator.OrchestratorTests.lambda$runOrchestratorInThread$0(OrchestratorTests.java:71)
	at java.base/java.lang.Thread.run(Thread.java:1583)
10:54:20.997 [Thread-2] ERROR Orchestrator.Orchestrator -- Event queue was interrupted
java.lang.InterruptedException: null
	at EventBus.EventQueue.take(EventQueue.java:58)
	at Orchestrator.Orchestrator.start(Orchestrator.java:78)
	at Orchestrator.OrchestratorTests.lambda$runOrchestratorInThread$0(OrchestratorTests.java:71)
	at java.base/java.lang.Thread.run(Thread.java:1583)
10:54:20.997 [Thread-2] ERROR Orchestrator.Orchestrator -- Event queue was interrupted
java.lang.InterruptedException: null
	at EventBus.EventQueue.take(EventQueue.java:58)
	at Orchestrator.Orchestrator.start(Orchestrator.java:78)
	at Orchestrator.OrchestratorTests.lambda$runOrchestratorInThread$0(OrchestratorTests.java:71)
	at java.base/java.lang.Thread.run(Thread.java:1583)
10:54:20.997 [Thread-2] ERROR Orchestrator.Orchestrator -- Event queue was interrupted
java.lang.InterruptedException: null
	at EventBus.EventQueue.take(EventQueue.java:58)
	at Orchestrator.Orchestrator.start(Orchestrator.java:78)
	at Orchestrator.OrchestratorTests.lambda$runOrchestratorInThread$0(OrchestratorTests.java:71)
	at java.base/java.lang.Thread.run(Thread.java:1583)
10:54:20.997 [Thread-2] ERROR Orchestrator.Orchestrator -- Event queue was interrupted
java.lang.InterruptedException: null
	at EventBus.EventQueue.take(EventQueue.java:58)
	at Orchestrator.Orchestrator.start(Orchestrator.java:78)
	at Orchestrator.OrchestratorTests.lambda$runOrchestratorInThread$0(OrchestratorTests.java:71)
	at java.base/java.lang.Thread.run(Thread.java:1583)
10:54:20.997 [Thread-2] ERROR Orchestrator.Orchestrator -- Event queue was interrupted
java.lang.InterruptedException: null
	at EventBus.EventQueue.take(EventQueue.java:58)
	at Orchestrator.Orchestrator.start(Orchestrator.java:78)
	at Orchestrator.OrchestratorTests.lambda$runOrchestratorInThread$0(OrchestratorTests.java:71)
	at java.base/java.lang.Thread.run(Thread.java:1583)
10:54:20.998 [Thread-2] ERROR Orchestrator.Orchestrator -- Event queue was interrupted
java.lang.InterruptedException: null
	at EventBus.EventQueue.take(EventQueue.java:58)
	at Orchestrator.Orchestrator.start(Orchestrator.java:78)
	at Orchestrator.OrchestratorTests.lambda$runOrchestratorInThread$0(OrchestratorTests.java:71)
	at java.base/java.lang.Thread.run(Thread.java:1583)
10:54:20.998 [Thread-2] ERROR Orchestrator.Orchestrator -- Event queue was interrupted
java.lang.InterruptedException: null
	at EventBus.EventQueue.take(EventQueue.java:58)
	at Orchestrator.Orchestrator.start(Orchestrator.java:78)
	at Orchestrator.OrchestratorTests.lambda$runOrchestratorInThread$0(OrchestratorTests.java:71)
	at java.base/java.lang.Thread.run(Thread.java:1583)
10:54:20.998 [Thread-2] ERROR Orchestrator.Orchestrator -- Event queue was interrupted
java.lang.InterruptedException: null
	at EventBus.EventQueue.take(EventQueue.java:58)
	at Orchestrator.Orchestrator.start(Orchestrator.java:78)
	at Orchestrator.OrchestratorTests.lambda$runOrchestratorInThread$0(OrchestratorTests.java:71)
	at java.base/java.lang.Thread.run(Thread.java:1583)
10:54:20.998 [Thread-2] ERROR Orchestrator.Orchestrator -- Event queue was interrupted
java.lang.InterruptedException: null
	at EventBus.EventQueue.take(EventQueue.java:58)
	at Orchestrator.Orchestrator.start(Orchestrator.java:78)
	at Orchestrator.OrchestratorTests.lambda$runOrchestratorInThread$0(OrchestratorTests.java:71)
	at java.base/java.lang.Thread.run(Thread.java:1583)
10:54:20.998 [Thread-2] ERROR Orchestrator.Orchestrator -- Event queue was interrupted
java.lang.InterruptedException: null
	at EventBus.EventQueue.take(EventQueue.java:58)
	at Orchestrator.Orchestrator.start(Orchestrator.java:78)
	at Orchestrator.OrchestratorTests.lambda$runOrchestratorInThread$0(OrchestratorTests.java:71)
	at java.base/java.lang.Thread.run(Thread.java:1583)
10:54:20.998 [Thread-2] ERROR Orchestrator.Orchestrator -- Event queue was interrupted
java.lang.InterruptedException: null
	at EventBus.EventQueue.take(EventQueue.java:58)
	at Orchestrator.Orchestrator.start(Orchestrator.java:78)
	at Orchestrator.OrchestratorTests.lambda$runOrchestratorInThread$0(OrchestratorTests.java:71)
	at java.base/java.lang.Thread.run(Thread.java:1583)
10:54:20.998 [Thread-2] ERROR Orchestrator.Orchestrator -- Event queue was interrupted
java.lang.InterruptedException: null
	at EventBus.EventQueue.take(EventQueue.java:58)
	at Orchestrator.Orchestrator.start(Orchestrator.java:78)
	at Orchestrator.OrchestratorTests.lambda$runOrchestratorInThread$0(OrchestratorTests.java:71)
	at java.base/java.lang.Thread.run(Thread.java:1583)
10:54:20.998 [Thread-2] ERROR Orchestrator.Orchestrator -- Event queue was interrupted
java.lang.InterruptedException: null
	at EventBus.EventQueue.take(EventQueue.java:58)
	at Orchestrator.Orchestrator.start(Orchestrator.java:78)
	at Orchestrator.OrchestratorTests.lambda$runOrchestratorInThread$0(OrchestratorTests.java:71)
	at java.base/java.lang.Thread.run(Thread.java:1583)
10:54:20.998 [Thread-2] ERROR Orchestrator.Orchestrator -- Event queue was interrupted
java.lang.InterruptedException: null
	at EventBus.EventQueue.take(EventQueue.java:58)
	at Orchestrator.Orchestrator.start(Orchestrator.java:78)
	at Orchestrator.OrchestratorTests.lambda$runOrchestratorInThread$0(OrchestratorTests.java:71)
	at java.base/java.lang.Thread.run(Thread.java:1583)
10:54:20.998 [Thread-2] ERROR Orchestrator.Orchestrator -- Event queue was interrupted
java.lang.InterruptedException: null
	at EventBus.EventQueue.take(EventQueue.java:58)
	at Orchestrator.Orchestrator.start(Orchestrator.java:78)
	at Orchestrator.OrchestratorTests.lambda$runOrchestratorInThread$0(OrchestratorTests.java:71)
	at java.base/java.lang.Thread.run(Thread.java:1583)
10:54:20.998 [Thread-1] ERROR Orchestrator.Orchestrator -- Event queue was interrupted
java.lang.InterruptedException: null
	at EventBus.EventQueue.take(EventQueue.java:58)
	at Orchestrator.Orchestrator.start(Orchestrator.java:78)
	at Orchestrator.OrchestratorTests.lambda$runOrchestratorInThread$0(OrchestratorTests.java:71)
	at java.base/java.lang.Thread.run(Thread.java:1583)
10:54:20.998 [Thread-2] ERROR Orchestrator.Orchestrator -- Event queue was interrupted
java.lang.InterruptedException: null
	at EventBus.EventQueue.take(EventQueue.java:58)
	at Orchestrator.Orchestrator.start(Orchestrator.java:78)
	at Orchestrator.OrchestratorTests.lambda$runOrchestratorInThread$0(OrchestratorTests.java:71)
	at java.base/java.lang.Thread.run(Thread.java:1583)
10:54:20.998 [Thread-1] ERROR Orchestrator.Orchestrator -- Event queue was interrupted
java.lang.InterruptedException: null
	at EventBus.EventQueue.take(EventQueue.java:58)
	at Orchestrator.Orchestrator.start(Orchestrator.java:78)
	at Orchestrator.OrchestratorTests.lambda$runOrchestratorInThread$0(OrchestratorTests.java:71)
	at java.base/java.lang.Thread.run(Thread.java:1583)
10:54:20.998 [Thread-2] ERROR Orchestrator.Orchestrator -- Event queue was interrupted
java.lang.InterruptedException: null
	at EventBus.EventQueue.take(EventQueue.java:58)
	at Orchestrator.Orchestrator.start(Orchestrator.java:78)
	at Orchestrator.OrchestratorTests.lambda$runOrchestratorInThread$0(OrchestratorTests.java:71)
	at java.base/java.lang.Thread.run(Thread.java:1583)
10:54:20.998 [Thread-1] ERROR Orchestrator.Orchestrator -- Event queue was interrupted
java.lang.InterruptedException: null
	at EventBus.EventQueue.take(EventQueue.java:58)
	at Orchestrator.Orchestrator.start(Orchestrator.java:78)
	at Orchestrator.OrchestratorTests.lambda$runOrchestratorInThread$0(OrchestratorTests.java:71)
	at java.base/java.lang.Thread.run(Thread.java:1583)
10:54:20.998 [Thread-2] ERROR Orchestrator.Orchestrator -- Event queue was interrupted
java.lang.InterruptedException: null
	at EventBus.EventQueue.take(EventQueue.java:58)
	at Orchestrator.Orchestrator.start(Orchestrator.java:78)
	at Orchestrator.OrchestratorTests.lambda$runOrchestratorInThread$0(OrchestratorTests.java:71)
	at java.base/java.lang.Thread.run(Thread.java:1583)
10:54:20.998 [Thread-1] ERROR Orchestrator.Orchestrator -- Event queue was interrupted
java.lang.InterruptedException: null
	at EventBus.EventQueue.take(EventQueue.java:58)
	at Orchestrator.Orchestrator.start(Orchestrator.java:78)
	at Orchestrator.OrchestratorTests.lambda$runOrchestratorInThread$0(OrchestratorTests.java:71)
	at java.base/java.lang.Thread.run(Thread.java:1583)
10:54:20.998 [Thread-2] ERROR Orchestrator.Orchestrator -- Event queue was interrupted
java.lang.InterruptedException: null
	at EventBus.EventQueue.take(EventQueue.java:58)
	at Orchestrator.Orchestrator.start(Orchestrator.java:78)
	at Orchestrator.OrchestratorTests.lambda$runOrchestratorInThread$0(OrchestratorTests.java:71)
	at java.base/java.lang.Thread.run(Thread.java:1583)
10:54:20.998 [Thread-1] ERROR Orchestrator.Orchestrator -- Event queue was interrupted
java.lang.InterruptedException: null
	at EventBus.EventQueue.take(EventQueue.java:58)
	at Orchestrator.Orchestrator.start(Orchestrator.java:78)
	at Orchestrator.OrchestratorTests.lambda$runOrchestratorInThread$0(OrchestratorTests.java:71)
	at java.base/java.lang.Thread.run(Thread.java:1583)
10:54:20.999 [Thread-1] ERROR Orchestrator.Orchestrator -- Event queue was interrupted
java.lang.InterruptedException: null
	at EventBus.EventQueue.take(EventQueue.java:58)
	at Orchestrator.Orchestrator.start(Orchestrator.java:78)
	at Orchestrator.OrchestratorTests.lambda$runOrchestratorInThread$0(OrchestratorTests.java:71)
	at java.base/java.lang.Thread.run(Thread.java:1583)
10:54:20.999 [Thread-2] ERROR Orchestrator.Orchestrator -- Event queue was interrupted
java.lang.InterruptedException: null
	at EventBus.EventQueue.take(EventQueue.java:58)
	at Orchestrator.Orchestrator.start(Orchestrator.java:78)
	at Orchestrator.OrchestratorTests.lambda$runOrchestratorInThread$0(OrchestratorTests.java:71)
	at java.base/java.lang.Thread.run(Thread.java:1583)
10:54:20.999 [Thread-1] ERROR Orchestrator.Orchestrator -- Event queue was interrupted
java.lang.InterruptedException: null
	at EventBus.EventQueue.take(EventQueue.java:58)
	at Orchestrator.Orchestrator.start(Orchestrator.java:78)
	at Orchestrator.OrchestratorTests.lambda$runOrchestratorInThread$0(OrchestratorTests.java:71)
	at java.base/java.lang.Thread.run(Thread.java:1583)
10:54:20.999 [Thread-2] ERROR Orchestrator.Orchestrator -- Event queue was interrupted
java.lang.InterruptedException: null
	at EventBus.EventQueue.take(EventQueue.java:58)
	at Orchestrator.Orchestrator.start(Orchestrator.java:78)
	at Orchestrator.OrchestratorTests.lambda$runOrchestratorInThread$0(OrchestratorTests.java:71)
	at java.base/java.lang.Thread.run(Thread.java:1583)
10:54:20.999 [Thread-1] ERROR Orchestrator.Orchestrator -- Event queue was interrupted
java.lang.InterruptedException: null
	at EventBus.EventQueue.take(EventQueue.java:58)
	at Orchestrator.Orchestrator.start(Orchestrator.java:78)
	at Orchestrator.OrchestratorTests.lambda$runOrchestratorInThread$0(OrchestratorTests.java:71)
	at java.base/java.lang.Thread.run(Thread.java:1583)
10:54:20.999 [Thread-2] ERROR Orchestrator.Orchestrator -- Event queue was interrupted
java.lang.InterruptedException: null
	at EventBus.EventQueue.take(EventQueue.java:58)
	at Orchestrator.Orchestrator.start(Orchestrator.java:78)
	at Orchestrator.OrchestratorTests.lambda$runOrchestratorInThread$0(OrchestratorTests.java:71)
	at java.base/java.lang.Thread.run(Thread.java:1583)
10:54:20.999 [Thread-1] ERROR Orchestrator.Orchestrator -- Event queue was interrupted
java.lang.InterruptedException: null
	at EventBus.EventQueue.take(EventQueue.java:58)
	at Orchestrator.Orchestrator.start(Orchestrator.java:78)
	at Orchestrator.OrchestratorTests.lambda$runOrchestratorInThread$0(OrchestratorTests.java:71)
	at java.base/java.lang.Thread.run(Thread.java:1583)
10:54:20.999 [Thread-2] ERROR Orchestrator.Orchestrator -- Event queue was interrupted
java.lang.InterruptedException: null
	at EventBus.EventQueue.take(EventQueue.java:58)
	at Orchestrator.Orchestrator.start(Orchestrator.java:78)
	at Orchestrator.OrchestratorTests.lambda$runOrchestratorInThread$0(OrchestratorTests.java:71)
	at java.base/java.lang.Thread.run(Thread.java:1583)
10:54:20.999 [Thread-1] ERROR Orchestrator.Orchestrator -- Event queue was interrupted
java.lang.InterruptedException: null
	at EventBus.EventQueue.take(EventQueue.java:58)
	at Orchestrator.Orchestrator.start(Orchestrator.java:78)
	at Orchestrator.OrchestratorTests.lambda$runOrchestratorInThread$0(OrchestratorTests.java:71)
	at java.base/java.lang.Thread.run(Thread.java:1583)
10:54:20.999 [Thread-2] ERROR Orchestrator.Orchestrator -- Event queue was interrupted
java.lang.InterruptedException: null
	at EventBus.EventQueue.take(EventQueue.java:58)
	at Orchestrator.Orchestrator.start(Orchestrator.java:78)
	at Orchestrator.OrchestratorTests.lambda$runOrchestratorInThread$0(OrchestratorTests.java:71)
	at java.base/java.lang.Thread.run(Thread.java:1583)
10:54:20.999 [Thread-1] ERROR Orchestrator.Orchestrator -- Event queue was interrupted
java.lang.InterruptedException: null
	at EventBus.EventQueue.take(EventQueue.java:58)
	at Orchestrator.Orchestrator.start(Orchestrator.java:78)
	at Orchestrator.OrchestratorTests.lambda$runOrchestratorInThread$0(OrchestratorTests.java:71)
	at java.base/java.lang.Thread.run(Thread.java:1583)
10:54:20.999 [Thread-2] ERROR Orchestrator.Orchestrator -- Event queue was interrupted
java.lang.InterruptedException: null
	at EventBus.EventQueue.take(EventQueue.java:58)
	at Orchestrator.Orchestrator.start(Orchestrator.java:78)
	at Orchestrator.OrchestratorTests.lambda$runOrchestratorInThread$0(OrchestratorTests.java:71)
	at java.base/java.lang.Thread.run(Thread.java:1583)
10:54:20.999 [Thread-1] ERROR Orchestrator.Orchestrator -- Event queue was interrupted
java.lang.InterruptedException: null
	at EventBus.EventQueue.take(EventQueue.java:58)
	at Orchestrator.Orchestrator.start(Orchestrator.java:78)
	at Orchestrator.OrchestratorTests.lambda$runOrchestratorInThread$0(OrchestratorTests.java:71)
	at java.base/java.lang.Thread.run(Thread.java:1583)
10:54:20.999 [Thread-2] ERROR Orchestrator.Orchestrator -- Event queue was interrupted
java.lang.InterruptedException: null
	at EventBus.EventQueue.take(EventQueue.java:58)
	at Orchestrator.Orchestrator.start(Orchestrator.java:78)
	at Orchestrator.OrchestratorTests.lambda$runOrchestratorInThread$0(OrchestratorTests.java:71)
	at java.base/java.lang.Thread.run(Thread.java:1583)
10:54:20.999 [Thread-2] ERROR Orchestrator.Orchestrator -- Event queue was interrupted
java.lang.InterruptedException: null
	at EventBus.EventQueue.take(EventQueue.java:58)
	at Orchestrator.Orchestrator.start(Orchestrator.java:78)
	at Orchestrator.OrchestratorTests.lambda$runOrchestratorInThread$0(OrchestratorTests.java:71)
	at java.base/java.lang.Thread.run(Thread.java:1583)
10:54:21.000 [Thread-2] ERROR Orchestrator.Orchestrator -- Event queue was interrupted
java.lang.InterruptedException: null
	at EventBus.EventQueue.take(EventQueue.java:58)
	at Orchestrator.Orchestrator.start(Orchestrator.java:78)
	at Orchestrator.OrchestratorTests.lambda$runOrchestratorInThread$0(OrchestratorTests.java:71)
	at java.base/java.lang.Thread.run(Thread.java:1583)
10:54:21.000 [Thread-2] ERROR Orchestrator.Orchestrator -- Event queue was interrupted
java.lang.InterruptedException: null
	at EventBus.EventQueue.take(EventQueue.java:58)
	at Orchestrator.Orchestrator.start(Orchestrator.java:78)
	at Orchestrator.OrchestratorTests.lambda$runOrchestratorInThread$0(OrchestratorTests.java:71)
	at java.base/java.lang.Thread.run(Thread.java:1583)
10:54:21.000 [Thread-2] ERROR Orchestrator.Orchestrator -- Event queue was interrupted
java.lang.InterruptedException: null
	at EventBus.EventQueue.take(EventQueue.java:58)
	at Orchestrator.Orchestrator.start(Orchestrator.java:78)
	at Orchestrator.OrchestratorTests.lambda$runOrchestratorInThread$0(OrchestratorTests.java:71)
	at java.base/java.lang.Thread.run(Thread.java:1583)
10:54:21.000 [Thread-2] ERROR Orchestrator.Orchestrator -- Event queue was interrupted
java.lang.InterruptedException: null
	at EventBus.EventQueue.take(EventQueue.java:58)
	at Orchestrator.Orchestrator.start(Orchestrator.java:78)
	at Orchestrator.OrchestratorTests.lambda$runOrchestratorInThread$0(OrchestratorTests.java:71)
	at java.base/java.lang.Thread.run(Thread.java:1583)
10:54:21.000 [Thread-2] ERROR Orchestrator.Orchestrator -- Event queue was interrupted
java.lang.InterruptedException: null
	at EventBus.EventQueue.take(EventQueue.java:58)
	at Orchestrator.Orchestrator.start(Orchestrator.java:78)
	at Orchestrator.OrchestratorTests.lambda$runOrchestratorInThread$0(OrchestratorTests.java:71)
	at java.base/java.lang.Thread.run(Thread.java:1583)
10:54:21.000 [Thread-2] ERROR Orchestrator.Orchestrator -- Event queue was interrupted
java.lang.InterruptedException: null
	at EventBus.EventQueue.take(EventQueue.java:58)
	at Orchestrator.Orchestrator.start(Orchestrator.java:78)
	at Orchestrator.OrchestratorTests.lambda$runOrchestratorInThread$0(OrchestratorTests.java:71)
	at java.base/java.lang.Thread.run(Thread.java:1583)
10:54:21.000 [Thread-2] ERROR Orchestrator.Orchestrator -- Event queue was interrupted
java.lang.InterruptedException: null
	at EventBus.EventQueue.take(EventQueue.java:58)
	at Orchestrator.Orchestrator.start(Orchestrator.java:78)
	at Orchestrator.OrchestratorTests.lambda$runOrchestratorInThread$0(OrchestratorTests.java:71)
	at java.base/java.lang.Thread.run(Thread.java:1583)
10:54:21.000 [Thread-2] ERROR Orchestrator.Orchestrator -- Event queue was interrupted
java.lang.InterruptedException: null
	at EventBus.EventQueue.take(EventQueue.java:58)
	at Orchestrator.Orchestrator.start(Orchestrator.java:78)
	at Orchestrator.OrchestratorTests.lambda$runOrchestratorInThread$0(OrchestratorTests.java:71)
	at java.base/java.lang.Thread.run(Thread.java:1583)
10:54:21.000 [Thread-2] ERROR Orchestrator.Orchestrator -- Event queue was interrupted
java.lang.InterruptedException: null
	at EventBus.EventQueue.take(EventQueue.java:58)
	at Orchestrator.Orchestrator.start(Orchestrator.java:78)
	at Orchestrator.OrchestratorTests.lambda$runOrchestratorInThread$0(OrchestratorTests.java:71)
	at java.base/java.lang.Thread.run(Thread.java:1583)
10:54:21.000 [Thread-2] ERROR Orchestrator.Orchestrator -- Event queue was interrupted
java.lang.InterruptedException: null
	at EventBus.EventQueue.take(EventQueue.java:58)
	at Orchestrator.Orchestrator.start(Orchestrator.java:78)
	at Orchestrator.OrchestratorTests.lambda$runOrchestratorInThread$0(OrchestratorTests.java:71)
	at java.base/java.lang.Thread.run(Thread.java:1583)
10:54:21.000 [Thread-2] ERROR Orchestrator.Orchestrator -- Event queue was interrupted
java.lang.InterruptedException: null
	at EventBus.EventQueue.take(EventQueue.java:58)
	at Orchestrator.Orchestrator.start(Orchestrator.java:78)
	at Orchestrator.OrchestratorTests.lambda$runOrchestratorInThread$0(OrchestratorTests.java:71)
	at java.base/java.lang.Thread.run(Thread.java:1583)
10:54:21.000 [Thread-2] ERROR Orchestrator.Orchestrator -- Event queue was interrupted
java.lang.InterruptedException: null
	at EventBus.EventQueue.take(EventQueue.java:58)
	at Orchestrator.Orchestrator.start(Orchestrator.java:78)
	at Orchestrator.OrchestratorTests.lambda$runOrchestratorInThread$0(OrchestratorTests.java:71)
	at java.base/java.lang.Thread.run(Thread.java:1583)
10:54:21.000 [Thread-2] ERROR Orchestrator.Orchestrator -- Event queue was interrupted
java.lang.InterruptedException: null
	at EventBus.EventQueue.take(EventQueue.java:58)
	at Orchestrator.Orchestrator.start(Orchestrator.java:78)
	at Orchestrator.OrchestratorTests.lambda$runOrchestratorInThread$0(OrchestratorTests.java:71)
	at java.base/java.lang.Thread.run(Thread.java:1583)
10:54:21.000 [Thread-2] ERROR Orchestrator.Orchestrator -- Event queue was interrupted
java.lang.InterruptedException: null
	at EventBus.EventQueue.take(EventQueue.java:58)
	at Orchestrator.Orchestrator.start(Orchestrator.java:78)
	at Orchestrator.OrchestratorTests.lambda$runOrchestratorInThread$0(OrchestratorTests.java:71)
	at java.base/java.lang.Thread.run(Thread.java:1583)
10:54:21.000 [Thread-2] ERROR Orchestrator.Orchestrator -- Event queue was interrupted
java.lang.InterruptedException: null
	at EventBus.EventQueue.take(EventQueue.java:58)
	at Orchestrator.Orchestrator.start(Orchestrator.java:78)
	at Orchestrator.OrchestratorTests.lambda$runOrchestratorInThread$0(OrchestratorTests.java:71)
	at java.base/java.lang.Thread.run(Thread.java:1583)
10:54:21.000 [Thread-2] ERROR Orchestrator.Orchestrator -- Event queue was interrupted
java.lang.InterruptedException: null
	at EventBus.EventQueue.take(EventQueue.java:58)
	at Orchestrator.Orchestrator.start(Orchestrator.java:78)
	at Orchestrator.OrchestratorTests.lambda$runOrchestratorInThread$0(OrchestratorTests.java:71)
	at java.base/java.lang.Thread.run(Thread.java:1583)
10:54:21.000 [Thread-2] ERROR Orchestrator.Orchestrator -- Event queue was interrupted
java.lang.InterruptedException: null
	at EventBus.EventQueue.take(EventQueue.java:58)
	at Orchestrator.Orchestrator.start(Orchestrator.java:78)
	at Orchestrator.OrchestratorTests.lambda$runOrchestratorInThread$0(OrchestratorTests.java:71)
	at java.base/java.lang.Thread.run(Thread.java:1583)
10:54:21.000 [Thread-2] ERROR Orchestrator.Orchestrator -- Event queue was interrupted
java.lang.InterruptedException: null
	at EventBus.EventQueue.take(EventQueue.java:58)
	at Orchestrator.Orchestrator.start(Orchestrator.java:78)
	at Orchestrator.OrchestratorTests.lambda$runOrchestratorInThread$0(OrchestratorTests.java:71)
	at java.base/java.lang.Thread.run(Thread.java:1583)
10:54:21.000 [Thread-2] ERROR Orchestrator.Orchestrator -- Event queue was interrupted
java.lang.InterruptedException: null
	at EventBus.EventQueue.take(EventQueue.java:58)
	at Orchestrator.Orchestrator.start(Orchestrator.java:78)
	at Orchestrator.OrchestratorTests.lambda$runOrchestratorInThread$0(OrchestratorTests.java:71)
	at java.base/java.lang.Thread.run(Thread.java:1583)
10:54:21.001 [Thread-2] ERROR Orchestrator.Orchestrator -- Event queue was interrupted
java.lang.InterruptedException: null
	at EventBus.EventQueue.take(EventQueue.java:58)
	at Orchestrator.Orchestrator.start(Orchestrator.java:78)
	at Orchestrator.OrchestratorTests.lambda$runOrchestratorInThread$0(OrchestratorTests.java:71)
	at java.base/java.lang.Thread.run(Thread.java:1583)
10:54:21.001 [Thread-2] ERROR Orchestrator.Orchestrator -- Event queue was interrupted
java.lang.InterruptedException: null
	at EventBus.EventQueue.take(EventQueue.java:58)
	at Orchestrator.Orchestrator.start(Orchestrator.java:78)
	at Orchestrator.OrchestratorTests.lambda$runOrchestratorInThread$0(OrchestratorTests.java:71)
	at java.base/java.lang.Thread.run(Thread.java:1583)
10:54:21.001 [Thread-2] ERROR Orchestrator.Orchestrator -- Event queue was interrupted
java.lang.InterruptedException: null
	at EventBus.EventQueue.take(EventQueue.java:58)
	at Orchestrator.Orchestrator.start(Orchestrator.java:78)
	at Orchestrator.OrchestratorTests.lambda$runOrchestratorInThread$0(OrchestratorTests.java:71)
	at java.base/java.lang.Thread.run(Thread.java:1583)
10:54:21.001 [Thread-2] ERROR Orchestrator.Orchestrator -- Event queue was interrupted
java.lang.InterruptedException: null
	at EventBus.EventQueue.take(EventQueue.java:58)
	at Orchestrator.Orchestrator.start(Orchestrator.java:78)
	at Orchestrator.OrchestratorTests.lambda$runOrchestratorInThread$0(OrchestratorTests.java:71)
	at java.base/java.lang.Thread.run(Thread.java:1583)
10:54:21.001 [Thread-2] ERROR Orchestrator.Orchestrator -- Event queue was interrupted
java.lang.InterruptedException: null
	at EventBus.EventQueue.take(EventQueue.java:58)
	at Orchestrator.Orchestrator.start(Orchestrator.java:78)
	at Orchestrator.OrchestratorTests.lambda$runOrchestratorInThread$0(OrchestratorTests.java:71)
	at java.base/java.lang.Thread.run(Thread.java:1583)
10:54:21.001 [Thread-2] ERROR Orchestrator.Orchestrator -- Event queue was interrupted
java.lang.InterruptedException: null
	at EventBus.EventQueue.take(EventQueue.java:58)
	at Orchestrator.Orchestrator.start(Orchestrator.java:78)
	at Orchestrator.OrchestratorTests.lambda$runOrchestratorInThread$0(OrchestratorTests.java:71)
	at java.base/java.lang.Thread.run(Thread.java:1583)
10:54:21.001 [Thread-2] ERROR Orchestrator.Orchestrator -- Event queue was interrupted
java.lang.InterruptedException: null
	at EventBus.EventQueue.take(EventQueue.java:58)
	at Orchestrator.Orchestrator.start(Orchestrator.java:78)
	at Orchestrator.OrchestratorTests.lambda$runOrchestratorInThread$0(OrchestratorTests.java:71)
	at java.base/java.lang.Thread.run(Thread.java:1583)
10:54:21.001 [Thread-2] ERROR Orchestrator.Orchestrator -- Event queue was interrupted
java.lang.InterruptedException: null
	at EventBus.EventQueue.take(EventQueue.java:58)
	at Orchestrator.Orchestrator.start(Orchestrator.java:78)
	at Orchestrator.OrchestratorTests.lambda$runOrchestratorInThread$0(OrchestratorTests.java:71)
	at java.base/java.lang.Thread.run(Thread.java:1583)
10:54:21.001 [Thread-2] ERROR Orchestrator.Orchestrator -- Event queue was interrupted
java.lang.InterruptedException: null
	at EventBus.EventQueue.take(EventQueue.java:58)
	at Orchestrator.Orchestrator.start(Orchestrator.java:78)
	at Orchestrator.OrchestratorTests.lambda$runOrchestratorInThread$0(OrchestratorTests.java:71)
	at java.base/java.lang.Thread.run(Thread.java:1583)
10:54:21.001 [Thread-2] ERROR Orchestrator.Orchestrator -- Event queue was interrupted
java.lang.InterruptedException: null
	at EventBus.EventQueue.take(EventQueue.java:58)
	at Orchestrator.Orchestrator.start(Orchestrator.java:78)
	at Orchestrator.OrchestratorTests.lambda$runOrchestratorInThread$0(OrchestratorTests.java:71)
	at java.base/java.lang.Thread.run(Thread.java:1583)
10:54:21.001 [Thread-2] ERROR Orchestrator.Orchestrator -- Event queue was interrupted
java.lang.InterruptedException: null
	at EventBus.EventQueue.take(EventQueue.java:58)
	at Orchestrator.Orchestrator.start(Orchestrator.java:78)
	at Orchestrator.OrchestratorTests.lambda$runOrchestratorInThread$0(OrchestratorTests.java:71)
	at java.base/java.lang.Thread.run(Thread.java:1583)
10:54:21.001 [Thread-2] ERROR Orchestrator.Orchestrator -- Event queue was interrupted
java.lang.InterruptedException: null
	at EventBus.EventQueue.take(EventQueue.java:58)
	at Orchestrator.Orchestrator.start(Orchestrator.java:78)
	at Orchestrator.OrchestratorTests.lambda$runOrchestratorInThread$0(OrchestratorTests.java:71)
	at java.base/java.lang.Thread.run(Thread.java:1583)
10:54:21.001 [Thread-2] ERROR Orchestrator.Orchestrator -- Event queue was interrupted
java.lang.InterruptedException: null
	at EventBus.EventQueue.take(EventQueue.java:58)
	at Orchestrator.Orchestrator.start(Orchestrator.java:78)
	at Orchestrator.OrchestratorTests.lambda$runOrchestratorInThread$0(OrchestratorTests.java:71)
	at java.base/java.lang.Thread.run(Thread.java:1583)
10:54:21.001 [Thread-2] ERROR Orchestrator.Orchestrator -- Event queue was interrupted
java.lang.InterruptedException: null
	at EventBus.EventQueue.take(EventQueue.java:58)
	at Orchestrator.Orchestrator.start(Orchestrator.java:78)
	at Orchestrator.OrchestratorTests.lambda$runOrchestratorInThread$0(OrchestratorTests.java:71)
	at java.base/java.lang.Thread.run(Thread.java:1583)
10:54:21.001 [Thread-2] ERROR Orchestrator.Orchestrator -- Event queue was interrupted
java.lang.InterruptedException: null
	at EventBus.EventQueue.take(EventQueue.java:58)
	at Orchestrator.Orchestrator.start(Orchestrator.java:78)
	at Orchestrator.OrchestratorTests.lambda$runOrchestratorInThread$0(OrchestratorTests.java:71)
	at java.base/java.lang.Thread.run(Thread.java:1583)
10:54:21.001 [Thread-2] ERROR Orchestrator.Orchestrator -- Event queue was interrupted
java.lang.InterruptedException: null
	at EventBus.EventQueue.take(EventQueue.java:58)
	at Orchestrator.Orchestrator.start(Orchestrator.java:78)
	at Orchestrator.OrchestratorTests.lambda$runOrchestratorInThread$0(OrchestratorTests.java:71)
	at java.base/java.lang.Thread.run(Thread.java:1583)
10:54:21.001 [Thread-2] ERROR Orchestrator.Orchestrator -- Event queue was interrupted
java.lang.InterruptedException: null
	at EventBus.EventQueue.take(EventQueue.java:58)
	at Orchestrator.Orchestrator.start(Orchestrator.java:78)
	at Orchestrator.OrchestratorTests.lambda$runOrchestratorInThread$0(OrchestratorTests.java:71)
	at java.base/java.lang.Thread.run(Thread.java:1583)
10:54:21.001 [Thread-2] ERROR Orchestrator.Orchestrator -- Event queue was interrupted
java.lang.InterruptedException: null
	at EventBus.EventQueue.take(EventQueue.java:58)
	at Orchestrator.Orchestrator.start(Orchestrator.java:78)
	at Orchestrator.OrchestratorTests.lambda$runOrchestratorInThread$0(OrchestratorTests.java:71)
	at java.base/java.lang.Thread.run(Thread.java:1583)
10:54:21.001 [Thread-2] ERROR Orchestrator.Orchestrator -- Event queue was interrupted
java.lang.InterruptedException: null
	at EventBus.EventQueue.take(EventQueue.java:58)
	at Orchestrator.Orchestrator.start(Orchestrator.java:78)
	at Orchestrator.OrchestratorTests.lambda$runOrchestratorInThread$0(OrchestratorTests.java:71)
	at java.base/java.lang.Thread.run(Thread.java:1583)
10:54:21.001 [Thread-2] ERROR Orchestrator.Orchestrator -- Event queue was interrupted
java.lang.InterruptedException: null
	at EventBus.EventQueue.take(EventQueue.java:58)
	at Orchestrator.Orchestrator.start(Orchestrator.java:78)
	at Orchestrator.OrchestratorTests.lambda$runOrchestratorInThread$0(OrchestratorTests.java:71)
	at java.base/java.lang.Thread.run(Thread.java:1583)
10:54:21.001 [Thread-2] ERROR Orchestrator.Orchestrator -- Event queue was interrupted
java.lang.InterruptedException: null
	at EventBus.EventQueue.take(EventQueue.java:58)
	at Orchestrator.Orchestrator.start(Orchestrator.java:78)
	at Orchestrator.OrchestratorTests.lambda$runOrchestratorInThread$0(OrchestratorTests.java:71)
	at java.base/java.lang.Thread.run(Thread.java:1583)
10:54:21.002 [Thread-2] ERROR Orchestrator.Orchestrator -- Event queue was interrupted
java.lang.InterruptedException: null
	at EventBus.EventQueue.take(EventQueue.java:58)
	at Orchestrator.Orchestrator.start(Orchestrator.java:78)
	at Orchestrator.OrchestratorTests.lambda$runOrchestratorInThread$0(OrchestratorTests.java:71)
	at java.base/java.lang.Thread.run(Thread.java:1583)
10:54:21.002 [Thread-2] ERROR Orchestrator.Orchestrator -- Event queue was interrupted
java.lang.InterruptedException: null
	at EventBus.EventQueue.take(EventQueue.java:58)
	at Orchestrator.Orchestrator.start(Orchestrator.java:78)
	at Orchestrator.OrchestratorTests.lambda$runOrchestratorInThread$0(OrchestratorTests.java:71)
	at java.base/java.lang.Thread.run(Thread.java:1583)
10:54:21.002 [Thread-2] ERROR Orchestrator.Orchestrator -- Event queue was interrupted
java.lang.InterruptedException: null
	at EventBus.EventQueue.take(EventQueue.java:58)
	at Orchestrator.Orchestrator.start(Orchestrator.java:78)
	at Orchestrator.OrchestratorTests.lambda$runOrchestratorInThread$0(OrchestratorTests.java:71)
	at java.base/java.lang.Thread.run(Thread.java:1583)
10:54:21.002 [Thread-2] ERROR Orchestrator.Orchestrator -- Event queue was interrupted
java.lang.InterruptedException: null
	at EventBus.EventQueue.take(EventQueue.java:58)
	at Orchestrator.Orchestrator.start(Orchestrator.java:78)
	at Orchestrator.OrchestratorTests.lambda$runOrchestratorInThread$0(OrchestratorTests.java:71)
	at java.base/java.lang.Thread.run(Thread.java:1583)
10:54:21.002 [Thread-2] ERROR Orchestrator.Orchestrator -- Event queue was interrupted
java.lang.InterruptedException: null
	at EventBus.EventQueue.take(EventQueue.java:58)
	at Orchestrator.Orchestrator.start(Orchestrator.java:78)
	at Orchestrator.OrchestratorTests.lambda$runOrchestratorInThread$0(OrchestratorTests.java:71)
	at java.base/java.lang.Thread.run(Thread.java:1583)
10:54:21.002 [Thread-2] ERROR Orchestrator.Orchestrator -- Event queue was interrupted
java.lang.InterruptedException: null
	at EventBus.EventQueue.take(EventQueue.java:58)
	at Orchestrator.Orchestrator.start(Orchestrator.java:78)
	at Orchestrator.OrchestratorTests.lambda$runOrchestratorInThread$0(OrchestratorTests.java:71)
	at java.base/java.lang.Thread.run(Thread.java:1583)
10:54:21.002 [Thread-2] ERROR Orchestrator.Orchestrator -- Event queue was interrupted
java.lang.InterruptedException: null
	at EventBus.EventQueue.take(EventQueue.java:58)
	at Orchestrator.Orchestrator.start(Orchestrator.java:78)
	at Orchestrator.OrchestratorTests.lambda$runOrchestratorInThread$0(OrchestratorTests.java:71)
	at java.base/java.lang.Thread.run(Thread.java:1583)
10:54:21.002 [Thread-2] ERROR Orchestrator.Orchestrator -- Event queue was interrupted
java.lang.InterruptedException: null
	at EventBus.EventQueue.take(EventQueue.java:58)
	at Orchestrator.Orchestrator.start(Orchestrator.java:78)
	at Orchestrator.OrchestratorTests.lambda$runOrchestratorInThread$0(OrchestratorTests.java:71)
	at java.base/java.lang.Thread.run(Thread.java:1583)
10:54:21.002 [Thread-2] ERROR Orchestrator.Orchestrator -- Event queue was interrupted
java.lang.InterruptedException: null
	at EventBus.EventQueue.take(EventQueue.java:58)
	at Orchestrator.Orchestrator.start(Orchestrator.java:78)
	at Orchestrator.OrchestratorTests.lambda$runOrchestratorInThread$0(OrchestratorTests.java:71)
	at java.base/java.lang.Thread.run(Thread.java:1583)
10:54:21.002 [Thread-2] ERROR Orchestrator.Orchestrator -- Event queue was interrupted
java.lang.InterruptedException: null
	at EventBus.EventQueue.take(EventQueue.java:58)
	at Orchestrator.Orchestrator.start(Orchestrator.java:78)
	at Orchestrator.OrchestratorTests.lambda$runOrchestratorInThread$0(OrchestratorTests.java:71)
	at java.base/java.lang.Thread.run(Thread.java:1583)
10:54:21.002 [Thread-2] ERROR Orchestrator.Orchestrator -- Event queue was interrupted
java.lang.InterruptedException: null
	at EventBus.EventQueue.take(EventQueue.java:58)
	at Orchestrator.Orchestrator.start(Orchestrator.java:78)
	at Orchestrator.OrchestratorTests.lambda$runOrchestratorInThread$0(OrchestratorTests.java:71)
	at java.base/java.lang.Thread.run(Thread.java:1583)
10:54:21.002 [Thread-2] ERROR Orchestrator.Orchestrator -- Event queue was interrupted
java.lang.InterruptedException: null
	at EventBus.EventQueue.take(EventQueue.java:58)
	at Orchestrator.Orchestrator.start(Orchestrator.java:78)
	at Orchestrator.OrchestratorTests.lambda$runOrchestratorInThread$0(OrchestratorTests.java:71)
	at java.base/java.lang.Thread.run(Thread.java:1583)
10:54:21.002 [Thread-2] ERROR Orchestrator.Orchestrator -- Event queue was interrupted
java.lang.InterruptedException: null
	at EventBus.EventQueue.take(EventQueue.java:58)
	at Orchestrator.Orchestrator.start(Orchestrator.java:78)
	at Orchestrator.OrchestratorTests.lambda$runOrchestratorInThread$0(OrchestratorTests.java:71)
	at java.base/java.lang.Thread.run(Thread.java:1583)
10:54:21.002 [Thread-2] ERROR Orchestrator.Orchestrator -- Event queue was interrupted
java.lang.InterruptedException: null
	at EventBus.EventQueue.take(EventQueue.java:58)
	at Orchestrator.Orchestrator.start(Orchestrator.java:78)
	at Orchestrator.OrchestratorTests.lambda$runOrchestratorInThread$0(OrchestratorTests.java:71)
	at java.base/java.lang.Thread.run(Thread.java:1583)
10:54:21.002 [Thread-2] ERROR Orchestrator.Orchestrator -- Event queue was interrupted
java.lang.InterruptedException: null
	at EventBus.EventQueue.take(EventQueue.java:58)
	at Orchestrator.Orchestrator.start(Orchestrator.java:78)
	at Orchestrator.OrchestratorTests.lambda$runOrchestratorInThread$0(OrchestratorTests.java:71)
	at java.base/java.lang.Thread.run(Thread.java:1583)
10:54:21.002 [Thread-2] ERROR Orchestrator.Orchestrator -- Event queue was interrupted
java.lang.InterruptedException: null
	at EventBus.EventQueue.take(EventQueue.java:58)
	at Orchestrator.Orchestrator.start(Orchestrator.java:78)
	at Orchestrator.OrchestratorTests.lambda$runOrchestratorInThread$0(OrchestratorTests.java:71)
	at java.base/java.lang.Thread.run(Thread.java:1583)
10:54:21.002 [Thread-2] ERROR Orchestrator.Orchestrator -- Event queue was interrupted
java.lang.InterruptedException: null
	at EventBus.EventQueue.take(EventQueue.java:58)
	at Orchestrator.Orchestrator.start(Orchestrator.java:78)
	at Orchestrator.OrchestratorTests.lambda$runOrchestratorInThread$0(OrchestratorTests.java:71)
	at java.base/java.lang.Thread.run(Thread.java:1583)
10:54:21.002 [Thread-2] ERROR Orchestrator.Orchestrator -- Event queue was interrupted
java.lang.InterruptedException: null
	at EventBus.EventQueue.take(EventQueue.java:58)
	at Orchestrator.Orchestrator.start(Orchestrator.java:78)
	at Orchestrator.OrchestratorTests.lambda$runOrchestratorInThread$0(OrchestratorTests.java:71)
	at java.base/java.lang.Thread.run(Thread.java:1583)
10:54:21.002 [Thread-2] ERROR Orchestrator.Orchestrator -- Event queue was interrupted
java.lang.InterruptedException: null
	at EventBus.EventQueue.take(EventQueue.java:58)
	at Orchestrator.Orchestrator.start(Orchestrator.java:78)
	at Orchestrator.OrchestratorTests.lambda$runOrchestratorInThread$0(OrchestratorTests.java:71)
	at java.base/java.lang.Thread.run(Thread.java:1583)
10:54:21.002 [Thread-2] ERROR Orchestrator.Orchestrator -- Event queue was interrupted
java.lang.InterruptedException: null
	at EventBus.EventQueue.take(EventQueue.java:58)
	at Orchestrator.Orchestrator.start(Orchestrator.java:78)
	at Orchestrator.OrchestratorTests.lambda$runOrchestratorInThread$0(OrchestratorTests.java:71)
	at java.base/java.lang.Thread.run(Thread.java:1583)
10:54:21.002 [Thread-2] ERROR Orchestrator.Orchestrator -- Event queue was interrupted
java.lang.InterruptedException: null
	at EventBus.EventQueue.take(EventQueue.java:58)
	at Orchestrator.Orchestrator.start(Orchestrator.java:78)
	at Orchestrator.OrchestratorTests.lambda$runOrchestratorInThread$0(OrchestratorTests.java:71)
	at java.base/java.lang.Thread.run(Thread.java:1583)
10:54:21.003 [Thread-1] ERROR Orchestrator.Orchestrator -- Event queue was interrupted
java.lang.InterruptedException: null
	at EventBus.EventQueue.take(EventQueue.java:58)
	at Orchestrator.Orchestrator.start(Orchestrator.java:78)
	at Orchestrator.OrchestratorTests.lambda$runOrchestratorInThread$0(OrchestratorTests.java:71)
	at java.base/java.lang.Thread.run(Thread.java:1583)
10:54:21.003 [Thread-2] ERROR Orchestrator.Orchestrator -- Event queue was interrupted
java.lang.InterruptedException: null
	at EventBus.EventQueue.take(EventQueue.java:58)
	at Orchestrator.Orchestrator.start(Orchestrator.java:78)
	at Orchestrator.OrchestratorTests.lambda$runOrchestratorInThread$0(OrchestratorTests.java:71)
	at java.base/java.lang.Thread.run(Thread.java:1583)
10:54:21.003 [Thread-1] ERROR Orchestrator.Orchestrator -- Event queue was interrupted
java.lang.InterruptedException: null
	at EventBus.EventQueue.take(EventQueue.java:58)
	at Orchestrator.Orchestrator.start(Orchestrator.java:78)
	at Orchestrator.OrchestratorTests.lambda$runOrchestratorInThread$0(OrchestratorTests.java:71)
	at java.base/java.lang.Thread.run(Thread.java:1583)
10:54:21.003 [Thread-2] ERROR Orchestrator.Orchestrator -- Event queue was interrupted
java.lang.InterruptedException: null
	at EventBus.EventQueue.take(EventQueue.java:58)
	at Orchestrator.Orchestrator.start(Orchestrator.java:78)
	at Orchestrator.OrchestratorTests.lambda$runOrchestratorInThread$0(OrchestratorTests.java:71)
	at java.base/java.lang.Thread.run(Thread.java:1583)
10:54:21.003 [Thread-1] ERROR Orchestrator.Orchestrator -- Event queue was interrupted
java.lang.InterruptedException: null
	at EventBus.EventQueue.take(EventQueue.java:58)
	at Orchestrator.Orchestrator.start(Orchestrator.java:78)
	at Orchestrator.OrchestratorTests.lambda$runOrchestratorInThread$0(OrchestratorTests.java:71)
	at java.base/java.lang.Thread.run(Thread.java:1583)
10:54:21.003 [Thread-2] ERROR Orchestrator.Orchestrator -- Event queue was interrupted
java.lang.InterruptedException: null
	at EventBus.EventQueue.take(EventQueue.java:58)
	at Orchestrator.Orchestrator.start(Orchestrator.java:78)
	at Orchestrator.OrchestratorTests.lambda$runOrchestratorInThread$0(OrchestratorTests.java:71)
	at java.base/java.lang.Thread.run(Thread.java:1583)
10:54:21.003 [Thread-1] ERROR Orchestrator.Orchestrator -- Event queue was interrupted
java.lang.InterruptedException: null
	at EventBus.EventQueue.take(EventQueue.java:58)
	at Orchestrator.Orchestrator.start(Orchestrator.java:78)
	at Orchestrator.OrchestratorTests.lambda$runOrchestratorInThread$0(OrchestratorTests.java:71)
	at java.base/java.lang.Thread.run(Thread.java:1583)
10:54:21.003 [Thread-2] ERROR Orchestrator.Orchestrator -- Event queue was interrupted
java.lang.InterruptedException: null
	at EventBus.EventQueue.take(EventQueue.java:58)
	at Orchestrator.Orchestrator.start(Orchestrator.java:78)
	at Orchestrator.OrchestratorTests.lambda$runOrchestratorInThread$0(OrchestratorTests.java:71)
	at java.base/java.lang.Thread.run(Thread.java:1583)
10:54:21.003 [Thread-1] ERROR Orchestrator.Orchestrator -- Event queue was interrupted
java.lang.InterruptedException: null
	at EventBus.EventQueue.take(EventQueue.java:58)
	at Orchestrator.Orchestrator.start(Orchestrator.java:78)
	at Orchestrator.OrchestratorTests.lambda$runOrchestratorInThread$0(OrchestratorTests.java:71)
	at java.base/java.lang.Thread.run(Thread.java:1583)
10:54:21.003 [Thread-2] ERROR Orchestrator.Orchestrator -- Event queue was interrupted
java.lang.InterruptedException: null
	at EventBus.EventQueue.take(EventQueue.java:58)
	at Orchestrator.Orchestrator.start(Orchestrator.java:78)
	at Orchestrator.OrchestratorTests.lambda$runOrchestratorInThread$0(OrchestratorTests.java:71)
	at java.base/java.lang.Thread.run(Thread.java:1583)
10:54:21.003 [Thread-1] ERROR Orchestrator.Orchestrator -- Event queue was interrupted
java.lang.InterruptedException: null
	at EventBus.EventQueue.take(EventQueue.java:58)
	at Orchestrator.Orchestrator.start(Orchestrator.java:78)
	at Orchestrator.OrchestratorTests.lambda$runOrchestratorInThread$0(OrchestratorTests.java:71)
	at java.base/java.lang.Thread.run(Thread.java:1583)
10:54:21.003 [Thread-2] ERROR Orchestrator.Orchestrator -- Event queue was interrupted
java.lang.InterruptedException: null
	at EventBus.EventQueue.take(EventQueue.java:58)
	at Orchestrator.Orchestrator.start(Orchestrator.java:78)
	at Orchestrator.OrchestratorTests.lambda$runOrchestratorInThread$0(OrchestratorTests.java:71)
	at java.base/java.lang.Thread.run(Thread.java:1583)
10:54:21.003 [Thread-1] ERROR Orchestrator.Orchestrator -- Event queue was interrupted
java.lang.InterruptedException: null
	at EventBus.EventQueue.take(EventQueue.java:58)
	at Orchestrator.Orchestrator.start(Orchestrator.java:78)
	at Orchestrator.OrchestratorTests.lambda$runOrchestratorInThread$0(OrchestratorTests.java:71)
	at java.base/java.lang.Thread.run(Thread.java:1583)
10:54:21.003 [Thread-1] ERROR Orchestrator.Orchestrator -- Event queue was interrupted
java.lang.InterruptedException: null
	at EventBus.EventQueue.take(EventQueue.java:58)
	at Orchestrator.Orchestrator.start(Orchestrator.java:78)
	at Orchestrator.OrchestratorTests.lambda$runOrchestratorInThread$0(OrchestratorTests.java:71)
	at java.base/java.lang.Thread.run(Thread.java:1583)
10:54:21.003 [Thread-2] ERROR Orchestrator.Orchestrator -- Event queue was interrupted
java.lang.InterruptedException: null
	at EventBus.EventQueue.take(EventQueue.java:58)
	at Orchestrator.Orchestrator.start(Orchestrator.java:78)
	at Orchestrator.OrchestratorTests.lambda$runOrchestratorInThread$0(OrchestratorTests.java:71)
	at java.base/java.lang.Thread.run(Thread.java:1583)
10:54:21.003 [Thread-1] ERROR Orchestrator.Orchestrator -- Event queue was interrupted
java.lang.InterruptedException: null
	at EventBus.EventQueue.take(EventQueue.java:58)
	at Orchestrator.Orchestrator.start(Orchestrator.java:78)
	at Orchestrator.OrchestratorTests.lambda$runOrchestratorInThread$0(OrchestratorTests.java:71)
	at java.base/java.lang.Thread.run(Thread.java:1583)
10:54:21.004 [Thread-1] ERROR Orchestrator.Orchestrator -- Event queue was interrupted
java.lang.InterruptedException: null
	at EventBus.EventQueue.take(EventQueue.java:58)
	at Orchestrator.Orchestrator.start(Orchestrator.java:78)
	at Orchestrator.OrchestratorTests.lambda$runOrchestratorInThread$0(OrchestratorTests.java:71)
	at java.base/java.lang.Thread.run(Thread.java:1583)
10:54:21.004 [Thread-1] ERROR Orchestrator.Orchestrator -- Event queue was interrupted
java.lang.InterruptedException: null
	at EventBus.EventQueue.take(EventQueue.java:58)
	at Orchestrator.Orchestrator.start(Orchestrator.java:78)
	at Orchestrator.OrchestratorTests.lambda$runOrchestratorInThread$0(OrchestratorTests.java:71)
	at java.base/java.lang.Thread.run(Thread.java:1583)
10:54:21.004 [Thread-1] ERROR Orchestrator.Orchestrator -- Event queue was interrupted
java.lang.InterruptedException: null
	at EventBus.EventQueue.take(EventQueue.java:58)
	at Orchestrator.Orchestrator.start(Orchestrator.java:78)
	at Orchestrator.OrchestratorTests.lambda$runOrchestratorInThread$0(OrchestratorTests.java:71)
	at java.base/java.lang.Thread.run(Thread.java:1583)
10:54:21.004 [Thread-1] ERROR Orchestrator.Orchestrator -- Event queue was interrupted
java.lang.InterruptedException: null
	at EventBus.EventQueue.take(EventQueue.java:58)
	at Orchestrator.Orchestrator.start(Orchestrator.java:78)
	at Orchestrator.OrchestratorTests.lambda$runOrchestratorInThread$0(OrchestratorTests.java:71)
	at java.base/java.lang.Thread.run(Thread.java:1583)
10:54:21.004 [Thread-1] ERROR Orchestrator.Orchestrator -- Event queue was interrupted
java.lang.InterruptedException: null
	at EventBus.EventQueue.take(EventQueue.java:58)
	at Orchestrator.Orchestrator.start(Orchestrator.java:78)
	at Orchestrator.OrchestratorTests.lambda$runOrchestratorInThread$0(OrchestratorTests.java:71)
	at java.base/java.lang.Thread.run(Thread.java:1583)
10:54:21.004 [Thread-1] ERROR Orchestrator.Orchestrator -- Event queue was interrupted
java.lang.InterruptedException: null
	at EventBus.EventQueue.take(EventQueue.java:58)
	at Orchestrator.Orchestrator.start(Orchestrator.java:78)
	at Orchestrator.OrchestratorTests.lambda$runOrchestratorInThread$0(OrchestratorTests.java:71)
	at java.base/java.lang.Thread.run(Thread.java:1583)
10:54:21.004 [Thread-1] ERROR Orchestrator.Orchestrator -- Event queue was interrupted
java.lang.InterruptedException: null
	at EventBus.EventQueue.take(EventQueue.java:58)
	at Orchestrator.Orchestrator.start(Orchestrator.java:78)
	at Orchestrator.OrchestratorTests.lambda$runOrchestratorInThread$0(OrchestratorTests.java:71)
	at java.base/java.lang.Thread.run(Thread.java:1583)
10:54:21.004 [Thread-1] ERROR Orchestrator.Orchestrator -- Event queue was interrupted
java.lang.InterruptedException: null
	at EventBus.EventQueue.take(EventQueue.java:58)
	at Orchestrator.Orchestrator.start(Orchestrator.java:78)
	at Orchestrator.OrchestratorTests.lambda$runOrchestratorInThread$0(OrchestratorTests.java:71)
	at java.base/java.lang.Thread.run(Thread.java:1583)
10:54:21.004 [Thread-1] ERROR Orchestrator.Orchestrator -- Event queue was interrupted
java.lang.InterruptedException: null
	at EventBus.EventQueue.take(EventQueue.java:58)
	at Orchestrator.Orchestrator.start(Orchestrator.java:78)
	at Orchestrator.OrchestratorTests.lambda$runOrchestratorInThread$0(OrchestratorTests.java:71)
	at java.base/java.lang.Thread.run(Thread.java:1583)
10:54:21.004 [Thread-1] ERROR Orchestrator.Orchestrator -- Event queue was interrupted
java.lang.InterruptedException: null
	at EventBus.EventQueue.take(EventQueue.java:58)
	at Orchestrator.Orchestrator.start(Orchestrator.java:78)
	at Orchestrator.OrchestratorTests.lambda$runOrchestratorInThread$0(OrchestratorTests.java:71)
	at java.base/java.lang.Thread.run(Thread.java:1583)
10:54:21.004 [Thread-1] ERROR Orchestrator.Orchestrator -- Event queue was interrupted
java.lang.InterruptedException: null
	at EventBus.EventQueue.take(EventQueue.java:58)
	at Orchestrator.Orchestrator.start(Orchestrator.java:78)
	at Orchestrator.OrchestratorTests.lambda$runOrchestratorInThread$0(OrchestratorTests.java:71)
	at java.base/java.lang.Thread.run(Thread.java:1583)
10:54:21.004 [Thread-1] ERROR Orchestrator.Orchestrator -- Event queue was interrupted
java.lang.InterruptedException: null
	at EventBus.EventQueue.take(EventQueue.java:58)
	at Orchestrator.Orchestrator.start(Orchestrator.java:78)
	at Orchestrator.OrchestratorTests.lambda$runOrchestratorInThread$0(OrchestratorTests.java:71)
	at java.base/java.lang.Thread.run(Thread.java:1583)
10:54:21.004 [Thread-1] ERROR Orchestrator.Orchestrator -- Event queue was interrupted
java.lang.InterruptedException: null
	at EventBus.EventQueue.take(EventQueue.java:58)
	at Orchestrator.Orchestrator.start(Orchestrator.java:78)
	at Orchestrator.OrchestratorTests.lambda$runOrchestratorInThread$0(OrchestratorTests.java:71)
	at java.base/java.lang.Thread.run(Thread.java:1583)
10:54:21.004 [Thread-1] ERROR Orchestrator.Orchestrator -- Event queue was interrupted
java.lang.InterruptedException: null
	at EventBus.EventQueue.take(EventQueue.java:58)
	at Orchestrator.Orchestrator.start(Orchestrator.java:78)
	at Orchestrator.OrchestratorTests.lambda$runOrchestratorInThread$0(OrchestratorTests.java:71)
	at java.base/java.lang.Thread.run(Thread.java:1583)
10:54:21.004 [Thread-1] ERROR Orchestrator.Orchestrator -- Event queue was interrupted
java.lang.InterruptedException: null
	at EventBus.EventQueue.take(EventQueue.java:58)
	at Orchestrator.Orchestrator.start(Orchestrator.java:78)
	at Orchestrator.OrchestratorTests.lambda$runOrchestratorInThread$0(OrchestratorTests.java:71)
	at java.base/java.lang.Thread.run(Thread.java:1583)
10:54:21.004 [Thread-1] ERROR Orchestrator.Orchestrator -- Event queue was interrupted
java.lang.InterruptedException: null
	at EventBus.EventQueue.take(EventQueue.java:58)
	at Orchestrator.Orchestrator.start(Orchestrator.java:78)
	at Orchestrator.OrchestratorTests.lambda$runOrchestratorInThread$0(OrchestratorTests.java:71)
	at java.base/java.lang.Thread.run(Thread.java:1583)
10:54:21.004 [Thread-1] ERROR Orchestrator.Orchestrator -- Event queue was interrupted
java.lang.InterruptedException: null
	at EventBus.EventQueue.take(EventQueue.java:58)
	at Orchestrator.Orchestrator.start(Orchestrator.java:78)
	at Orchestrator.OrchestratorTests.lambda$runOrchestratorInThread$0(OrchestratorTests.java:71)
	at java.base/java.lang.Thread.run(Thread.java:1583)
10:54:21.004 [Thread-1] ERROR Orchestrator.Orchestrator -- Event queue was interrupted
java.lang.InterruptedException: null
	at EventBus.EventQueue.take(EventQueue.java:58)
	at Orchestrator.Orchestrator.start(Orchestrator.java:78)
	at Orchestrator.OrchestratorTests.lambda$runOrchestratorInThread$0(OrchestratorTests.java:71)
	at java.base/java.lang.Thread.run(Thread.java:1583)
10:54:21.004 [Thread-1] ERROR Orchestrator.Orchestrator -- Event queue was interrupted
java.lang.InterruptedException: null
	at EventBus.EventQueue.take(EventQueue.java:58)
	at Orchestrator.Orchestrator.start(Orchestrator.java:78)
	at Orchestrator.OrchestratorTests.lambda$runOrchestratorInThread$0(OrchestratorTests.java:71)
	at java.base/java.lang.Thread.run(Thread.java:1583)
10:54:21.005 [Thread-1] ERROR Orchestrator.Orchestrator -- Event queue was interrupted
java.lang.InterruptedException: null
	at EventBus.EventQueue.take(EventQueue.java:58)
	at Orchestrator.Orchestrator.start(Orchestrator.java:78)
	at Orchestrator.OrchestratorTests.lambda$runOrchestratorInThread$0(OrchestratorTests.java:71)
	at java.base/java.lang.Thread.run(Thread.java:1583)
10:54:21.005 [Thread-1] ERROR Orchestrator.Orchestrator -- Event queue was interrupted
java.lang.InterruptedException: null
	at EventBus.EventQueue.take(EventQueue.java:58)
	at Orchestrator.Orchestrator.start(Orchestrator.java:78)
	at Orchestrator.OrchestratorTests.lambda$runOrchestratorInThread$0(OrchestratorTests.java:71)
	at java.base/java.lang.Thread.run(Thread.java:1583)
10:54:21.005 [Thread-1] ERROR Orchestrator.Orchestrator -- Event queue was interrupted
java.lang.InterruptedException: null
	at EventBus.EventQueue.take(EventQueue.java:58)
	at Orchestrator.Orchestrator.start(Orchestrator.java:78)
	at Orchestrator.OrchestratorTests.lambda$runOrchestratorInThread$0(OrchestratorTests.java:71)
	at java.base/java.lang.Thread.run(Thread.java:1583)
10:54:21.005 [Thread-1] ERROR Orchestrator.Orchestrator -- Event queue was interrupted
java.lang.InterruptedException: null
	at EventBus.EventQueue.take(EventQueue.java:58)
	at Orchestrator.Orchestrator.start(Orchestrator.java:78)
	at Orchestrator.OrchestratorTests.lambda$runOrchestratorInThread$0(OrchestratorTests.java:71)
	at java.base/java.lang.Thread.run(Thread.java:1583)
10:54:21.005 [Thread-1] ERROR Orchestrator.Orchestrator -- Event queue was interrupted
java.lang.InterruptedException: null
	at EventBus.EventQueue.take(EventQueue.java:58)
	at Orchestrator.Orchestrator.start(Orchestrator.java:78)
	at Orchestrator.OrchestratorTests.lambda$runOrchestratorInThread$0(OrchestratorTests.java:71)
	at java.base/java.lang.Thread.run(Thread.java:1583)
10:54:21.005 [Thread-1] ERROR Orchestrator.Orchestrator -- Event queue was interrupted
java.lang.InterruptedException: null
	at EventBus.EventQueue.take(EventQueue.java:58)
	at Orchestrator.Orchestrator.start(Orchestrator.java:78)
	at Orchestrator.OrchestratorTests.lambda$runOrchestratorInThread$0(OrchestratorTests.java:71)
	at java.base/java.lang.Thread.run(Thread.java:1583)
10:54:21.005 [Thread-1] ERROR Orchestrator.Orchestrator -- Event queue was interrupted
java.lang.InterruptedException: null
	at EventBus.EventQueue.take(EventQueue.java:58)
	at Orchestrator.Orchestrator.start(Orchestrator.java:78)
	at Orchestrator.OrchestratorTests.lambda$runOrchestratorInThread$0(OrchestratorTests.java:71)
	at java.base/java.lang.Thread.run(Thread.java:1583)
10:54:21.005 [Thread-1] ERROR Orchestrator.Orchestrator -- Event queue was interrupted
java.lang.InterruptedException: null
	at EventBus.EventQueue.take(EventQueue.java:58)
	at Orchestrator.Orchestrator.start(Orchestrator.java:78)
	at Orchestrator.OrchestratorTests.lambda$runOrchestratorInThread$0(OrchestratorTests.java:71)
	at java.base/java.lang.Thread.run(Thread.java:1583)
10:54:21.005 [Thread-1] ERROR Orchestrator.Orchestrator -- Event queue was interrupted
java.lang.InterruptedException: null
	at EventBus.EventQueue.take(EventQueue.java:58)
	at Orchestrator.Orchestrator.start(Orchestrator.java:78)
	at Orchestrator.OrchestratorTests.lambda$runOrchestratorInThread$0(OrchestratorTests.java:71)
	at java.base/java.lang.Thread.run(Thread.java:1583)
10:54:21.005 [Thread-1] ERROR Orchestrator.Orchestrator -- Event queue was interrupted
java.lang.InterruptedException: null
	at EventBus.EventQueue.take(EventQueue.java:58)
	at Orchestrator.Orchestrator.start(Orchestrator.java:78)
	at Orchestrator.OrchestratorTests.lambda$runOrchestratorInThread$0(OrchestratorTests.java:71)
	at java.base/java.lang.Thread.run(Thread.java:1583)
10:54:21.005 [Thread-1] ERROR Orchestrator.Orchestrator -- Event queue was interrupted
java.lang.InterruptedException: null
	at EventBus.EventQueue.take(EventQueue.java:58)
	at Orchestrator.Orchestrator.start(Orchestrator.java:78)
	at Orchestrator.OrchestratorTests.lambda$runOrchestratorInThread$0(OrchestratorTests.java:71)
	at java.base/java.lang.Thread.run(Thread.java:1583)
10:54:21.005 [Thread-1] ERROR Orchestrator.Orchestrator -- Event queue was interrupted
java.lang.InterruptedException: null
	at EventBus.EventQueue.take(EventQueue.java:58)
	at Orchestrator.Orchestrator.start(Orchestrator.java:78)
	at Orchestrator.OrchestratorTests.lambda$runOrchestratorInThread$0(OrchestratorTests.java:71)
	at java.base/java.lang.Thread.run(Thread.java:1583)
10:54:21.005 [Thread-1] ERROR Orchestrator.Orchestrator -- Event queue was interrupted
java.lang.InterruptedException: null
	at EventBus.EventQueue.take(EventQueue.java:58)
	at Orchestrator.Orchestrator.start(Orchestrator.java:78)
	at Orchestrator.OrchestratorTests.lambda$runOrchestratorInThread$0(OrchestratorTests.java:71)
	at java.base/java.lang.Thread.run(Thread.java:1583)
10:54:21.005 [Thread-1] ERROR Orchestrator.Orchestrator -- Event queue was interrupted
java.lang.InterruptedException: null
	at EventBus.EventQueue.take(EventQueue.java:58)
	at Orchestrator.Orchestrator.start(Orchestrator.java:78)
	at Orchestrator.OrchestratorTests.lambda$runOrchestratorInThread$0(OrchestratorTests.java:71)
	at java.base/java.lang.Thread.run(Thread.java:1583)
10:54:21.005 [Thread-1] ERROR Orchestrator.Orchestrator -- Event queue was interrupted
java.lang.InterruptedException: null
	at EventBus.EventQueue.take(EventQueue.java:58)
	at Orchestrator.Orchestrator.start(Orchestrator.java:78)
	at Orchestrator.OrchestratorTests.lambda$runOrchestratorInThread$0(OrchestratorTests.java:71)
	at java.base/java.lang.Thread.run(Thread.java:1583)
10:54:21.005 [Thread-1] ERROR Orchestrator.Orchestrator -- Event queue was interrupted
java.lang.InterruptedException: null
	at EventBus.EventQueue.take(EventQueue.java:58)
	at Orchestrator.Orchestrator.start(Orchestrator.java:78)
	at Orchestrator.OrchestratorTests.lambda$runOrchestratorInThread$0(OrchestratorTests.java:71)
	at java.base/java.lang.Thread.run(Thread.java:1583)
10:54:21.005 [Thread-1] ERROR Orchestrator.Orchestrator -- Event queue was interrupted
java.lang.InterruptedException: null
	at EventBus.EventQueue.take(EventQueue.java:58)
	at Orchestrator.Orchestrator.start(Orchestrator.java:78)
	at Orchestrator.OrchestratorTests.lambda$runOrchestratorInThread$0(OrchestratorTests.java:71)
	at java.base/java.lang.Thread.run(Thread.java:1583)
10:54:21.005 [Thread-1] ERROR Orchestrator.Orchestrator -- Event queue was interrupted
java.lang.InterruptedException: null
	at EventBus.EventQueue.take(EventQueue.java:58)
	at Orchestrator.Orchestrator.start(Orchestrator.java:78)
	at Orchestrator.OrchestratorTests.lambda$runOrchestratorInThread$0(OrchestratorTests.java:71)
	at java.base/java.lang.Thread.run(Thread.java:1583)
10:54:21.005 [Thread-1] ERROR Orchestrator.Orchestrator -- Event queue was interrupted
java.lang.InterruptedException: null
	at EventBus.EventQueue.take(EventQueue.java:58)
	at Orchestrator.Orchestrator.start(Orchestrator.java:78)
	at Orchestrator.OrchestratorTests.lambda$runOrchestratorInThread$0(OrchestratorTests.java:71)
	at java.base/java.lang.Thread.run(Thread.java:1583)
10:54:21.005 [Thread-1] ERROR Orchestrator.Orchestrator -- Event queue was interrupted
java.lang.InterruptedException: null
	at EventBus.EventQueue.take(EventQueue.java:58)
	at Orchestrator.Orchestrator.start(Orchestrator.java:78)
	at Orchestrator.OrchestratorTests.lambda$runOrchestratorInThread$0(OrchestratorTests.java:71)
	at java.base/java.lang.Thread.run(Thread.java:1583)
10:54:21.005 [Thread-1] ERROR Orchestrator.Orchestrator -- Event queue was interrupted
java.lang.InterruptedException: null
	at EventBus.EventQueue.take(EventQueue.java:58)
	at Orchestrator.Orchestrator.start(Orchestrator.java:78)
	at Orchestrator.OrchestratorTests.lambda$runOrchestratorInThread$0(OrchestratorTests.java:71)
	at java.base/java.lang.Thread.run(Thread.java:1583)
10:54:21.005 [Thread-1] ERROR Orchestrator.Orchestrator -- Event queue was interrupted
java.lang.InterruptedException: null
	at EventBus.EventQueue.take(EventQueue.java:58)
	at Orchestrator.Orchestrator.start(Orchestrator.java:78)
	at Orchestrator.OrchestratorTests.lambda$runOrchestratorInThread$0(OrchestratorTests.java:71)
	at java.base/java.lang.Thread.run(Thread.java:1583)
10:54:21.006 [Thread-1] ERROR Orchestrator.Orchestrator -- Event queue was interrupted
java.lang.InterruptedException: null
	at EventBus.EventQueue.take(EventQueue.java:58)
	at Orchestrator.Orchestrator.start(Orchestrator.java:78)
	at Orchestrator.OrchestratorTests.lambda$runOrchestratorInThread$0(OrchestratorTests.java:71)
	at java.base/java.lang.Thread.run(Thread.java:1583)
10:54:21.006 [Thread-1] ERROR Orchestrator.Orchestrator -- Event queue was interrupted
java.lang.InterruptedException: null
	at EventBus.EventQueue.take(EventQueue.java:58)
	at Orchestrator.Orchestrator.start(Orchestrator.java:78)
	at Orchestrator.OrchestratorTests.lambda$runOrchestratorInThread$0(OrchestratorTests.java:71)
	at java.base/java.lang.Thread.run(Thread.java:1583)
10:54:21.006 [Thread-1] ERROR Orchestrator.Orchestrator -- Event queue was interrupted
java.lang.InterruptedException: null
	at EventBus.EventQueue.take(EventQueue.java:58)
	at Orchestrator.Orchestrator.start(Orchestrator.java:78)
	at Orchestrator.OrchestratorTests.lambda$runOrchestratorInThread$0(OrchestratorTests.java:71)
	at java.base/java.lang.Thread.run(Thread.java:1583)
10:54:21.006 [Thread-1] ERROR Orchestrator.Orchestrator -- Event queue was interrupted
java.lang.InterruptedException: null
	at EventBus.EventQueue.take(EventQueue.java:58)
	at Orchestrator.Orchestrator.start(Orchestrator.java:78)
	at Orchestrator.OrchestratorTests.lambda$runOrchestratorInThread$0(OrchestratorTests.java:71)
	at java.base/java.lang.Thread.run(Thread.java:1583)
10:54:21.006 [Thread-1] ERROR Orchestrator.Orchestrator -- Event queue was interrupted
java.lang.InterruptedException: null
	at EventBus.EventQueue.take(EventQueue.java:58)
	at Orchestrator.Orchestrator.start(Orchestrator.java:78)
	at Orchestrator.OrchestratorTests.lambda$runOrchestratorInThread$0(OrchestratorTests.java:71)
	at java.base/java.lang.Thread.run(Thread.java:1583)
10:54:21.006 [Thread-1] ERROR Orchestrator.Orchestrator -- Event queue was interrupted
java.lang.InterruptedException: null
	at EventBus.EventQueue.take(EventQueue.java:58)
	at Orchestrator.Orchestrator.start(Orchestrator.java:78)
	at Orchestrator.OrchestratorTests.lambda$runOrchestratorInThread$0(OrchestratorTests.java:71)
	at java.base/java.lang.Thread.run(Thread.java:1583)
10:54:21.006 [Thread-1] ERROR Orchestrator.Orchestrator -- Event queue was interrupted
java.lang.InterruptedException: null
	at EventBus.EventQueue.take(EventQueue.java:58)
	at Orchestrator.Orchestrator.start(Orchestrator.java:78)
	at Orchestrator.OrchestratorTests.lambda$runOrchestratorInThread$0(OrchestratorTests.java:71)
	at java.base/java.lang.Thread.run(Thread.java:1583)
10:54:21.006 [Thread-1] ERROR Orchestrator.Orchestrator -- Event queue was interrupted
java.lang.InterruptedException: null
	at EventBus.EventQueue.take(EventQueue.java:58)
	at Orchestrator.Orchestrator.start(Orchestrator.java:78)
	at Orchestrator.OrchestratorTests.lambda$runOrchestratorInThread$0(OrchestratorTests.java:71)
	at java.base/java.lang.Thread.run(Thread.java:1583)
10:54:21.006 [Thread-1] ERROR Orchestrator.Orchestrator -- Event queue was interrupted
java.lang.InterruptedException: null
	at EventBus.EventQueue.take(EventQueue.java:58)
	at Orchestrator.Orchestrator.start(Orchestrator.java:78)
	at Orchestrator.OrchestratorTests.lambda$runOrchestratorInThread$0(OrchestratorTests.java:71)
	at java.base/java.lang.Thread.run(Thread.java:1583)
10:54:21.006 [Thread-1] ERROR Orchestrator.Orchestrator -- Event queue was interrupted
java.lang.InterruptedException: null
	at EventBus.EventQueue.take(EventQueue.java:58)
	at Orchestrator.Orchestrator.start(Orchestrator.java:78)
	at Orchestrator.OrchestratorTests.lambda$runOrchestratorInThread$0(OrchestratorTests.java:71)
	at java.base/java.lang.Thread.run(Thread.java:1583)
10:54:21.006 [Thread-1] ERROR Orchestrator.Orchestrator -- Event queue was interrupted
java.lang.InterruptedException: null
	at EventBus.EventQueue.take(EventQueue.java:58)
	at Orchestrator.Orchestrator.start(Orchestrator.java:78)
	at Orchestrator.OrchestratorTests.lambda$runOrchestratorInThread$0(OrchestratorTests.java:71)
	at java.base/java.lang.Thread.run(Thread.java:1583)
10:54:21.006 [Thread-1] ERROR Orchestrator.Orchestrator -- Event queue was interrupted
java.lang.InterruptedException: null
	at EventBus.EventQueue.take(EventQueue.java:58)
	at Orchestrator.Orchestrator.start(Orchestrator.java:78)
	at Orchestrator.OrchestratorTests.lambda$runOrchestratorInThread$0(OrchestratorTests.java:71)
	at java.base/java.lang.Thread.run(Thread.java:1583)
10:54:21.006 [Thread-1] ERROR Orchestrator.Orchestrator -- Event queue was interrupted
java.lang.InterruptedException: null
	at EventBus.EventQueue.take(EventQueue.java:58)
	at Orchestrator.Orchestrator.start(Orchestrator.java:78)
	at Orchestrator.OrchestratorTests.lambda$runOrchestratorInThread$0(OrchestratorTests.java:71)
	at java.base/java.lang.Thread.run(Thread.java:1583)
10:54:21.006 [Thread-1] ERROR Orchestrator.Orchestrator -- Event queue was interrupted
java.lang.InterruptedException: null
	at EventBus.EventQueue.take(EventQueue.java:58)
	at Orchestrator.Orchestrator.start(Orchestrator.java:78)
	at Orchestrator.OrchestratorTests.lambda$runOrchestratorInThread$0(OrchestratorTests.java:71)
	at java.base/java.lang.Thread.run(Thread.java:1583)
10:54:21.006 [Thread-1] ERROR Orchestrator.Orchestrator -- Event queue was interrupted
java.lang.InterruptedException: null
	at EventBus.EventQueue.take(EventQueue.java:58)
	at Orchestrator.Orchestrator.start(Orchestrator.java:78)
	at Orchestrator.OrchestratorTests.lambda$runOrchestratorInThread$0(OrchestratorTests.java:71)
	at java.base/java.lang.Thread.run(Thread.java:1583)
10:54:21.006 [Thread-1] ERROR Orchestrator.Orchestrator -- Event queue was interrupted
java.lang.InterruptedException: null
	at EventBus.EventQueue.take(EventQueue.java:58)
	at Orchestrator.Orchestrator.start(Orchestrator.java:78)
	at Orchestrator.OrchestratorTests.lambda$runOrchestratorInThread$0(OrchestratorTests.java:71)
	at java.base/java.lang.Thread.run(Thread.java:1583)
10:54:21.006 [Thread-1] ERROR Orchestrator.Orchestrator -- Event queue was interrupted
java.lang.InterruptedException: null
	at EventBus.EventQueue.take(EventQueue.java:58)
	at Orchestrator.Orchestrator.start(Orchestrator.java:78)
	at Orchestrator.OrchestratorTests.lambda$runOrchestratorInThread$0(OrchestratorTests.java:71)
	at java.base/java.lang.Thread.run(Thread.java:1583)
10:54:21.006 [Thread-1] ERROR Orchestrator.Orchestrator -- Event queue was interrupted
java.lang.InterruptedException: null
	at EventBus.EventQueue.take(EventQueue.java:58)
	at Orchestrator.Orchestrator.start(Orchestrator.java:78)
	at Orchestrator.OrchestratorTests.lambda$runOrchestratorInThread$0(OrchestratorTests.java:71)
	at java.base/java.lang.Thread.run(Thread.java:1583)
10:54:21.006 [Thread-1] ERROR Orchestrator.Orchestrator -- Event queue was interrupted
java.lang.InterruptedException: null
	at EventBus.EventQueue.take(EventQueue.java:58)
	at Orchestrator.Orchestrator.start(Orchestrator.java:78)
	at Orchestrator.OrchestratorTests.lambda$runOrchestratorInThread$0(OrchestratorTests.java:71)
	at java.base/java.lang.Thread.run(Thread.java:1583)
10:54:21.006 [Thread-1] ERROR Orchestrator.Orchestrator -- Event queue was interrupted
java.lang.InterruptedException: null
	at EventBus.EventQueue.take(EventQueue.java:58)
	at Orchestrator.Orchestrator.start(Orchestrator.java:78)
	at Orchestrator.OrchestratorTests.lambda$runOrchestratorInThread$0(OrchestratorTests.java:71)
	at java.base/java.lang.Thread.run(Thread.java:1583)
10:54:21.003 [Thread-2] ERROR Orchestrator.Orchestrator -- Event queue was interrupted
java.lang.InterruptedException: null
	at EventBus.EventQueue.take(EventQueue.java:58)
	at Orchestrator.Orchestrator.start(Orchestrator.java:78)
	at Orchestrator.OrchestratorTests.lambda$runOrchestratorInThread$0(OrchestratorTests.java:71)
	at java.base/java.lang.Thread.run(Thread.java:1583)
10:54:21.007 [Thread-1] ERROR Orchestrator.Orchestrator -- Event queue was interrupted
java.lang.InterruptedException: null
	at EventBus.EventQueue.take(EventQueue.java:58)
	at Orchestrator.Orchestrator.start(Orchestrator.java:78)
	at Orchestrator.OrchestratorTests.lambda$runOrchestratorInThread$0(OrchestratorTests.java:71)
	at java.base/java.lang.Thread.run(Thread.java:1583)
10:54:21.007 [Thread-2] ERROR Orchestrator.Orchestrator -- Event queue was interrupted
java.lang.InterruptedException: null
	at EventBus.EventQueue.take(EventQueue.java:58)
	at Orchestrator.Orchestrator.start(Orchestrator.java:78)
	at Orchestrator.OrchestratorTests.lambda$runOrchestratorInThread$0(OrchestratorTests.java:71)
	at java.base/java.lang.Thread.run(Thread.java:1583)
10:54:21.007 [Thread-1] ERROR Orchestrator.Orchestrator -- Event queue was interrupted
java.lang.InterruptedException: null
	at EventBus.EventQueue.take(EventQueue.java:58)
	at Orchestrator.Orchestrator.start(Orchestrator.java:78)
	at Orchestrator.OrchestratorTests.lambda$runOrchestratorInThread$0(OrchestratorTests.java:71)
	at java.base/java.lang.Thread.run(Thread.java:1583)
10:54:21.007 [Thread-1] ERROR Orchestrator.Orchestrator -- Event queue was interrupted
java.lang.InterruptedException: null
	at EventBus.EventQueue.take(EventQueue.java:58)
	at Orchestrator.Orchestrator.start(Orchestrator.java:78)
	at Orchestrator.OrchestratorTests.lambda$runOrchestratorInThread$0(OrchestratorTests.java:71)
	at java.base/java.lang.Thread.run(Thread.java:1583)
10:54:21.007 [Thread-2] ERROR Orchestrator.Orchestrator -- Event queue was interrupted
java.lang.InterruptedException: null
	at EventBus.EventQueue.take(EventQueue.java:58)
	at Orchestrator.Orchestrator.start(Orchestrator.java:78)
	at Orchestrator.OrchestratorTests.lambda$runOrchestratorInThread$0(OrchestratorTests.java:71)
	at java.base/java.lang.Thread.run(Thread.java:1583)
10:54:21.007 [Thread-1] ERROR Orchestrator.Orchestrator -- Event queue was interrupted
java.lang.InterruptedException: null
	at EventBus.EventQueue.take(EventQueue.java:58)
	at Orchestrator.Orchestrator.start(Orchestrator.java:78)
	at Orchestrator.OrchestratorTests.lambda$runOrchestratorInThread$0(OrchestratorTests.java:71)
	at java.base/java.lang.Thread.run(Thread.java:1583)
10:54:21.007 [Thread-2] ERROR Orchestrator.Orchestrator -- Event queue was interrupted
java.lang.InterruptedException: null
	at EventBus.EventQueue.take(EventQueue.java:58)
	at Orchestrator.Orchestrator.start(Orchestrator.java:78)
	at Orchestrator.OrchestratorTests.lambda$runOrchestratorInThread$0(OrchestratorTests.java:71)
	at java.base/java.lang.Thread.run(Thread.java:1583)
10:54:21.007 [Thread-1] ERROR Orchestrator.Orchestrator -- Event queue was interrupted
java.lang.InterruptedException: null
	at EventBus.EventQueue.take(EventQueue.java:58)
	at Orchestrator.Orchestrator.start(Orchestrator.java:78)
	at Orchestrator.OrchestratorTests.lambda$runOrchestratorInThread$0(OrchestratorTests.java:71)
	at java.base/java.lang.Thread.run(Thread.java:1583)
10:54:21.007 [Thread-1] ERROR Orchestrator.Orchestrator -- Event queue was interrupted
java.lang.InterruptedException: null
	at EventBus.EventQueue.take(EventQueue.java:58)
	at Orchestrator.Orchestrator.start(Orchestrator.java:78)
	at Orchestrator.OrchestratorTests.lambda$runOrchestratorInThread$0(OrchestratorTests.java:71)
	at java.base/java.lang.Thread.run(Thread.java:1583)
10:54:21.007 [Thread-2] ERROR Orchestrator.Orchestrator -- Event queue was interrupted
java.lang.InterruptedException: null
	at EventBus.EventQueue.take(EventQueue.java:58)
	at Orchestrator.Orchestrator.start(Orchestrator.java:78)
	at Orchestrator.OrchestratorTests.lambda$runOrchestratorInThread$0(OrchestratorTests.java:71)
	at java.base/java.lang.Thread.run(Thread.java:1583)
10:54:21.007 [Thread-1] ERROR Orchestrator.Orchestrator -- Event queue was interrupted
java.lang.InterruptedException: null
	at EventBus.EventQueue.take(EventQueue.java:58)
	at Orchestrator.Orchestrator.start(Orchestrator.java:78)
	at Orchestrator.OrchestratorTests.lambda$runOrchestratorInThread$0(OrchestratorTests.java:71)
	at java.base/java.lang.Thread.run(Thread.java:1583)
10:54:21.007 [Thread-2] ERROR Orchestrator.Orchestrator -- Event queue was interrupted
java.lang.InterruptedException: null
	at EventBus.EventQueue.take(EventQueue.java:58)
	at Orchestrator.Orchestrator.start(Orchestrator.java:78)
	at Orchestrator.OrchestratorTests.lambda$runOrchestratorInThread$0(OrchestratorTests.java:71)
	at java.base/java.lang.Thread.run(Thread.java:1583)
10:54:21.007 [Thread-1] ERROR Orchestrator.Orchestrator -- Event queue was interrupted
java.lang.InterruptedException: null
	at EventBus.EventQueue.take(EventQueue.java:58)
	at Orchestrator.Orchestrator.start(Orchestrator.java:78)
	at Orchestrator.OrchestratorTests.lambda$runOrchestratorInThread$0(OrchestratorTests.java:71)
	at java.base/java.lang.Thread.run(Thread.java:1583)
10:54:21.007 [Thread-2] ERROR Orchestrator.Orchestrator -- Event queue was interrupted
java.lang.InterruptedException: null
	at EventBus.EventQueue.take(EventQueue.java:58)
	at Orchestrator.Orchestrator.start(Orchestrator.java:78)
	at Orchestrator.OrchestratorTests.lambda$runOrchestratorInThread$0(OrchestratorTests.java:71)
	at java.base/java.lang.Thread.run(Thread.java:1583)
10:54:21.007 [Thread-1] ERROR Orchestrator.Orchestrator -- Event queue was interrupted
java.lang.InterruptedException: null
	at EventBus.EventQueue.take(EventQueue.java:58)
	at Orchestrator.Orchestrator.start(Orchestrator.java:78)
	at Orchestrator.OrchestratorTests.lambda$runOrchestratorInThread$0(OrchestratorTests.java:71)
	at java.base/java.lang.Thread.run(Thread.java:1583)
10:54:21.007 [Thread-1] ERROR Orchestrator.Orchestrator -- Event queue was interrupted
java.lang.InterruptedException: null
	at EventBus.EventQueue.take(EventQueue.java:58)
	at Orchestrator.Orchestrator.start(Orchestrator.java:78)
	at Orchestrator.OrchestratorTests.lambda$runOrchestratorInThread$0(OrchestratorTests.java:71)
	at java.base/java.lang.Thread.run(Thread.java:1583)
10:54:21.007 [Thread-2] ERROR Orchestrator.Orchestrator -- Event queue was interrupted
java.lang.InterruptedException: null
	at EventBus.EventQueue.take(EventQueue.java:58)
	at Orchestrator.Orchestrator.start(Orchestrator.java:78)
	at Orchestrator.OrchestratorTests.lambda$runOrchestratorInThread$0(OrchestratorTests.java:71)
	at java.base/java.lang.Thread.run(Thread.java:1583)
10:54:21.007 [Thread-1] ERROR Orchestrator.Orchestrator -- Event queue was interrupted
java.lang.InterruptedException: null
	at EventBus.EventQueue.take(EventQueue.java:58)
	at Orchestrator.Orchestrator.start(Orchestrator.java:78)
	at Orchestrator.OrchestratorTests.lambda$runOrchestratorInThread$0(OrchestratorTests.java:71)
	at java.base/java.lang.Thread.run(Thread.java:1583)
10:54:21.007 [Thread-2] ERROR Orchestrator.Orchestrator -- Event queue was interrupted
java.lang.InterruptedException: null
	at EventBus.EventQueue.take(EventQueue.java:58)
	at Orchestrator.Orchestrator.start(Orchestrator.java:78)
	at Orchestrator.OrchestratorTests.lambda$runOrchestratorInThread$0(OrchestratorTests.java:71)
	at java.base/java.lang.Thread.run(Thread.java:1583)
10:54:21.007 [Thread-1] ERROR Orchestrator.Orchestrator -- Event queue was interrupted
java.lang.InterruptedException: null
	at EventBus.EventQueue.take(EventQueue.java:58)
	at Orchestrator.Orchestrator.start(Orchestrator.java:78)
	at Orchestrator.OrchestratorTests.lambda$runOrchestratorInThread$0(OrchestratorTests.java:71)
	at java.base/java.lang.Thread.run(Thread.java:1583)
10:54:21.007 [Thread-1] ERROR Orchestrator.Orchestrator -- Event queue was interrupted
java.lang.InterruptedException: null
	at EventBus.EventQueue.take(EventQueue.java:58)
	at Orchestrator.Orchestrator.start(Orchestrator.java:78)
	at Orchestrator.OrchestratorTests.lambda$runOrchestratorInThread$0(OrchestratorTests.java:71)
	at java.base/java.lang.Thread.run(Thread.java:1583)
10:54:21.007 [Thread-2] ERROR Orchestrator.Orchestrator -- Event queue was interrupted
java.lang.InterruptedException: null
	at EventBus.EventQueue.take(EventQueue.java:58)
	at Orchestrator.Orchestrator.start(Orchestrator.java:78)
	at Orchestrator.OrchestratorTests.lambda$runOrchestratorInThread$0(OrchestratorTests.java:71)
	at java.base/java.lang.Thread.run(Thread.java:1583)
10:54:21.007 [Thread-1] ERROR Orchestrator.Orchestrator -- Event queue was interrupted
java.lang.InterruptedException: null
	at EventBus.EventQueue.take(EventQueue.java:58)
	at Orchestrator.Orchestrator.start(Orchestrator.java:78)
	at Orchestrator.OrchestratorTests.lambda$runOrchestratorInThread$0(OrchestratorTests.java:71)
	at java.base/java.lang.Thread.run(Thread.java:1583)
10:54:21.007 [Thread-2] ERROR Orchestrator.Orchestrator -- Event queue was interrupted
java.lang.InterruptedException: null
	at EventBus.EventQueue.take(EventQueue.java:58)
	at Orchestrator.Orchestrator.start(Orchestrator.java:78)
	at Orchestrator.OrchestratorTests.lambda$runOrchestratorInThread$0(OrchestratorTests.java:71)
	at java.base/java.lang.Thread.run(Thread.java:1583)
10:54:21.007 [Thread-1] ERROR Orchestrator.Orchestrator -- Event queue was interrupted
java.lang.InterruptedException: null
	at EventBus.EventQueue.take(EventQueue.java:58)
	at Orchestrator.Orchestrator.start(Orchestrator.java:78)
	at Orchestrator.OrchestratorTests.lambda$runOrchestratorInThread$0(OrchestratorTests.java:71)
	at java.base/java.lang.Thread.run(Thread.java:1583)
10:54:21.008 [Thread-2] ERROR Orchestrator.Orchestrator -- Event queue was interrupted
java.lang.InterruptedException: null
	at EventBus.EventQueue.take(EventQueue.java:58)
	at Orchestrator.Orchestrator.start(Orchestrator.java:78)
	at Orchestrator.OrchestratorTests.lambda$runOrchestratorInThread$0(OrchestratorTests.java:71)
	at java.base/java.lang.Thread.run(Thread.java:1583)
10:54:21.008 [Thread-1] ERROR Orchestrator.Orchestrator -- Event queue was interrupted
java.lang.InterruptedException: null
	at EventBus.EventQueue.take(EventQueue.java:58)
	at Orchestrator.Orchestrator.start(Orchestrator.java:78)
	at Orchestrator.OrchestratorTests.lambda$runOrchestratorInThread$0(OrchestratorTests.java:71)
	at java.base/java.lang.Thread.run(Thread.java:1583)
10:54:21.008 [Thread-2] ERROR Orchestrator.Orchestrator -- Event queue was interrupted
java.lang.InterruptedException: null
	at EventBus.EventQueue.take(EventQueue.java:58)
	at Orchestrator.Orchestrator.start(Orchestrator.java:78)
	at Orchestrator.OrchestratorTests.lambda$runOrchestratorInThread$0(OrchestratorTests.java:71)
	at java.base/java.lang.Thread.run(Thread.java:1583)
10:54:21.008 [Thread-2] ERROR Orchestrator.Orchestrator -- Event queue was interrupted
java.lang.InterruptedException: null
	at EventBus.EventQueue.take(EventQueue.java:58)
	at Orchestrator.Orchestrator.start(Orchestrator.java:78)
	at Orchestrator.OrchestratorTests.lambda$runOrchestratorInThread$0(OrchestratorTests.java:71)
	at java.base/java.lang.Thread.run(Thread.java:1583)
10:54:21.008 [Thread-2] ERROR Orchestrator.Orchestrator -- Event queue was interrupted
java.lang.InterruptedException: null
	at EventBus.EventQueue.take(EventQueue.java:58)
	at Orchestrator.Orchestrator.start(Orchestrator.java:78)
	at Orchestrator.OrchestratorTests.lambda$runOrchestratorInThread$0(OrchestratorTests.java:71)
	at java.base/java.lang.Thread.run(Thread.java:1583)
10:54:21.008 [Thread-2] ERROR Orchestrator.Orchestrator -- Event queue was interrupted
java.lang.InterruptedException: null
	at EventBus.EventQueue.take(EventQueue.java:58)
	at Orchestrator.Orchestrator.start(Orchestrator.java:78)
	at Orchestrator.OrchestratorTests.lambda$runOrchestratorInThread$0(OrchestratorTests.java:71)
	at java.base/java.lang.Thread.run(Thread.java:1583)
10:54:21.008 [Thread-2] ERROR Orchestrator.Orchestrator -- Event queue was interrupted
java.lang.InterruptedException: null
	at EventBus.EventQueue.take(EventQueue.java:58)
	at Orchestrator.Orchestrator.start(Orchestrator.java:78)
	at Orchestrator.OrchestratorTests.lambda$runOrchestratorInThread$0(OrchestratorTests.java:71)
	at java.base/java.lang.Thread.run(Thread.java:1583)
10:54:21.008 [Thread-2] ERROR Orchestrator.Orchestrator -- Event queue was interrupted
java.lang.InterruptedException: null
	at EventBus.EventQueue.take(EventQueue.java:58)
	at Orchestrator.Orchestrator.start(Orchestrator.java:78)
	at Orchestrator.OrchestratorTests.lambda$runOrchestratorInThread$0(OrchestratorTests.java:71)
	at java.base/java.lang.Thread.run(Thread.java:1583)
10:54:21.008 [Thread-2] ERROR Orchestrator.Orchestrator -- Event queue was interrupted
java.lang.InterruptedException: null
	at EventBus.EventQueue.take(EventQueue.java:58)
	at Orchestrator.Orchestrator.start(Orchestrator.java:78)
	at Orchestrator.OrchestratorTests.lambda$runOrchestratorInThread$0(OrchestratorTests.java:71)
	at java.base/java.lang.Thread.run(Thread.java:1583)
10:54:21.008 [Thread-2] ERROR Orchestrator.Orchestrator -- Event queue was interrupted
java.lang.InterruptedException: null
	at EventBus.EventQueue.take(EventQueue.java:58)
	at Orchestrator.Orchestrator.start(Orchestrator.java:78)
	at Orchestrator.OrchestratorTests.lambda$runOrchestratorInThread$0(OrchestratorTests.java:71)
	at java.base/java.lang.Thread.run(Thread.java:1583)
10:54:21.008 [Thread-2] ERROR Orchestrator.Orchestrator -- Event queue was interrupted
java.lang.InterruptedException: null
	at EventBus.EventQueue.take(EventQueue.java:58)
	at Orchestrator.Orchestrator.start(Orchestrator.java:78)
	at Orchestrator.OrchestratorTests.lambda$runOrchestratorInThread$0(OrchestratorTests.java:71)
	at java.base/java.lang.Thread.run(Thread.java:1583)
10:54:21.008 [Thread-2] ERROR Orchestrator.Orchestrator -- Event queue was interrupted
java.lang.InterruptedException: null
	at EventBus.EventQueue.take(EventQueue.java:58)
	at Orchestrator.Orchestrator.start(Orchestrator.java:78)
	at Orchestrator.OrchestratorTests.lambda$runOrchestratorInThread$0(OrchestratorTests.java:71)
	at java.base/java.lang.Thread.run(Thread.java:1583)
10:54:21.008 [Thread-2] ERROR Orchestrator.Orchestrator -- Event queue was interrupted
java.lang.InterruptedException: null
	at EventBus.EventQueue.take(EventQueue.java:58)
	at Orchestrator.Orchestrator.start(Orchestrator.java:78)
	at Orchestrator.OrchestratorTests.lambda$runOrchestratorInThread$0(OrchestratorTests.java:71)
	at java.base/java.lang.Thread.run(Thread.java:1583)
10:54:21.008 [Thread-2] ERROR Orchestrator.Orchestrator -- Event queue was interrupted
java.lang.InterruptedException: null
	at EventBus.EventQueue.take(EventQueue.java:58)
	at Orchestrator.Orchestrator.start(Orchestrator.java:78)
	at Orchestrator.OrchestratorTests.lambda$runOrchestratorInThread$0(OrchestratorTests.java:71)
	at java.base/java.lang.Thread.run(Thread.java:1583)
10:54:21.008 [Thread-2] ERROR Orchestrator.Orchestrator -- Event queue was interrupted
java.lang.InterruptedException: null
	at EventBus.EventQueue.take(EventQueue.java:58)
	at Orchestrator.Orchestrator.start(Orchestrator.java:78)
	at Orchestrator.OrchestratorTests.lambda$runOrchestratorInThread$0(OrchestratorTests.java:71)
	at java.base/java.lang.Thread.run(Thread.java:1583)
10:54:21.008 [Thread-2] ERROR Orchestrator.Orchestrator -- Event queue was interrupted
java.lang.InterruptedException: null
	at EventBus.EventQueue.take(EventQueue.java:58)
	at Orchestrator.Orchestrator.start(Orchestrator.java:78)
	at Orchestrator.OrchestratorTests.lambda$runOrchestratorInThread$0(OrchestratorTests.java:71)
	at java.base/java.lang.Thread.run(Thread.java:1583)
10:54:21.008 [Thread-2] ERROR Orchestrator.Orchestrator -- Event queue was interrupted
java.lang.InterruptedException: null
	at EventBus.EventQueue.take(EventQueue.java:58)
	at Orchestrator.Orchestrator.start(Orchestrator.java:78)
	at Orchestrator.OrchestratorTests.lambda$runOrchestratorInThread$0(OrchestratorTests.java:71)
	at java.base/java.lang.Thread.run(Thread.java:1583)
10:54:21.008 [Thread-2] ERROR Orchestrator.Orchestrator -- Event queue was interrupted
java.lang.InterruptedException: null
	at EventBus.EventQueue.take(EventQueue.java:58)
	at Orchestrator.Orchestrator.start(Orchestrator.java:78)
	at Orchestrator.OrchestratorTests.lambda$runOrchestratorInThread$0(OrchestratorTests.java:71)
	at java.base/java.lang.Thread.run(Thread.java:1583)
10:54:21.008 [Thread-2] ERROR Orchestrator.Orchestrator -- Event queue was interrupted
java.lang.InterruptedException: null
	at EventBus.EventQueue.take(EventQueue.java:58)
	at Orchestrator.Orchestrator.start(Orchestrator.java:78)
	at Orchestrator.OrchestratorTests.lambda$runOrchestratorInThread$0(OrchestratorTests.java:71)
	at java.base/java.lang.Thread.run(Thread.java:1583)
10:54:21.008 [Thread-2] ERROR Orchestrator.Orchestrator -- Event queue was interrupted
java.lang.InterruptedException: null
	at EventBus.EventQueue.take(EventQueue.java:58)
	at Orchestrator.Orchestrator.start(Orchestrator.java:78)
	at Orchestrator.OrchestratorTests.lambda$runOrchestratorInThread$0(OrchestratorTests.java:71)
	at java.base/java.lang.Thread.run(Thread.java:1583)
10:54:21.009 [Thread-2] ERROR Orchestrator.Orchestrator -- Event queue was interrupted
java.lang.InterruptedException: null
	at EventBus.EventQueue.take(EventQueue.java:58)
	at Orchestrator.Orchestrator.start(Orchestrator.java:78)
	at Orchestrator.OrchestratorTests.lambda$runOrchestratorInThread$0(OrchestratorTests.java:71)
	at java.base/java.lang.Thread.run(Thread.java:1583)
10:54:21.009 [Thread-2] ERROR Orchestrator.Orchestrator -- Event queue was interrupted
java.lang.InterruptedException: null
	at EventBus.EventQueue.take(EventQueue.java:58)
	at Orchestrator.Orchestrator.start(Orchestrator.java:78)
	at Orchestrator.OrchestratorTests.lambda$runOrchestratorInThread$0(OrchestratorTests.java:71)
	at java.base/java.lang.Thread.run(Thread.java:1583)
10:54:21.009 [Thread-2] ERROR Orchestrator.Orchestrator -- Event queue was interrupted
java.lang.InterruptedException: null
	at EventBus.EventQueue.take(EventQueue.java:58)
	at Orchestrator.Orchestrator.start(Orchestrator.java:78)
	at Orchestrator.OrchestratorTests.lambda$runOrchestratorInThread$0(OrchestratorTests.java:71)
	at java.base/java.lang.Thread.run(Thread.java:1583)
10:54:21.009 [Thread-2] ERROR Orchestrator.Orchestrator -- Event queue was interrupted
java.lang.InterruptedException: null
	at EventBus.EventQueue.take(EventQueue.java:58)
	at Orchestrator.Orchestrator.start(Orchestrator.java:78)
	at Orchestrator.OrchestratorTests.lambda$runOrchestratorInThread$0(OrchestratorTests.java:71)
	at java.base/java.lang.Thread.run(Thread.java:1583)
10:54:21.009 [Thread-2] ERROR Orchestrator.Orchestrator -- Event queue was interrupted
java.lang.InterruptedException: null
	at EventBus.EventQueue.take(EventQueue.java:58)
	at Orchestrator.Orchestrator.start(Orchestrator.java:78)
	at Orchestrator.OrchestratorTests.lambda$runOrchestratorInThread$0(OrchestratorTests.java:71)
	at java.base/java.lang.Thread.run(Thread.java:1583)
10:54:21.009 [Thread-2] ERROR Orchestrator.Orchestrator -- Event queue was interrupted
java.lang.InterruptedException: null
	at EventBus.EventQueue.take(EventQueue.java:58)
	at Orchestrator.Orchestrator.start(Orchestrator.java:78)
	at Orchestrator.OrchestratorTests.lambda$runOrchestratorInThread$0(OrchestratorTests.java:71)
	at java.base/java.lang.Thread.run(Thread.java:1583)
10:54:21.009 [Thread-2] ERROR Orchestrator.Orchestrator -- Event queue was interrupted
java.lang.InterruptedException: null
	at EventBus.EventQueue.take(EventQueue.java:58)
	at Orchestrator.Orchestrator.start(Orchestrator.java:78)
	at Orchestrator.OrchestratorTests.lambda$runOrchestratorInThread$0(OrchestratorTests.java:71)
	at java.base/java.lang.Thread.run(Thread.java:1583)
10:54:21.009 [Thread-2] ERROR Orchestrator.Orchestrator -- Event queue was interrupted
java.lang.InterruptedException: null
	at EventBus.EventQueue.take(EventQueue.java:58)
	at Orchestrator.Orchestrator.start(Orchestrator.java:78)
	at Orchestrator.OrchestratorTests.lambda$runOrchestratorInThread$0(OrchestratorTests.java:71)
	at java.base/java.lang.Thread.run(Thread.java:1583)
10:54:21.009 [Thread-2] ERROR Orchestrator.Orchestrator -- Event queue was interrupted
java.lang.InterruptedException: null
	at EventBus.EventQueue.take(EventQueue.java:58)
	at Orchestrator.Orchestrator.start(Orchestrator.java:78)
	at Orchestrator.OrchestratorTests.lambda$runOrchestratorInThread$0(OrchestratorTests.java:71)
	at java.base/java.lang.Thread.run(Thread.java:1583)
10:54:21.009 [Thread-2] ERROR Orchestrator.Orchestrator -- Event queue was interrupted
java.lang.InterruptedException: null
	at EventBus.EventQueue.take(EventQueue.java:58)
	at Orchestrator.Orchestrator.start(Orchestrator.java:78)
	at Orchestrator.OrchestratorTests.lambda$runOrchestratorInThread$0(OrchestratorTests.java:71)
	at java.base/java.lang.Thread.run(Thread.java:1583)
10:54:21.009 [Thread-2] ERROR Orchestrator.Orchestrator -- Event queue was interrupted
java.lang.InterruptedException: null
	at EventBus.EventQueue.take(EventQueue.java:58)
	at Orchestrator.Orchestrator.start(Orchestrator.java:78)
	at Orchestrator.OrchestratorTests.lambda$runOrchestratorInThread$0(OrchestratorTests.java:71)
	at java.base/java.lang.Thread.run(Thread.java:1583)
10:54:21.009 [Thread-2] ERROR Orchestrator.Orchestrator -- Event queue was interrupted
java.lang.InterruptedException: null
	at EventBus.EventQueue.take(EventQueue.java:58)
	at Orchestrator.Orchestrator.start(Orchestrator.java:78)
	at Orchestrator.OrchestratorTests.lambda$runOrchestratorInThread$0(OrchestratorTests.java:71)
	at java.base/java.lang.Thread.run(Thread.java:1583)
10:54:21.009 [Thread-2] ERROR Orchestrator.Orchestrator -- Event queue was interrupted
java.lang.InterruptedException: null
	at EventBus.EventQueue.take(EventQueue.java:58)
	at Orchestrator.Orchestrator.start(Orchestrator.java:78)
	at Orchestrator.OrchestratorTests.lambda$runOrchestratorInThread$0(OrchestratorTests.java:71)
	at java.base/java.lang.Thread.run(Thread.java:1583)
10:54:21.009 [Thread-2] ERROR Orchestrator.Orchestrator -- Event queue was interrupted
java.lang.InterruptedException: null
	at EventBus.EventQueue.take(EventQueue.java:58)
	at Orchestrator.Orchestrator.start(Orchestrator.java:78)
	at Orchestrator.OrchestratorTests.lambda$runOrchestratorInThread$0(OrchestratorTests.java:71)
	at java.base/java.lang.Thread.run(Thread.java:1583)
10:54:21.009 [Thread-2] ERROR Orchestrator.Orchestrator -- Event queue was interrupted
java.lang.InterruptedException: null
	at EventBus.EventQueue.take(EventQueue.java:58)
	at Orchestrator.Orchestrator.start(Orchestrator.java:78)
	at Orchestrator.OrchestratorTests.lambda$runOrchestratorInThread$0(OrchestratorTests.java:71)
	at java.base/java.lang.Thread.run(Thread.java:1583)
10:54:21.009 [Thread-2] ERROR Orchestrator.Orchestrator -- Event queue was interrupted
java.lang.InterruptedException: null
	at EventBus.EventQueue.take(EventQueue.java:58)
	at Orchestrator.Orchestrator.start(Orchestrator.java:78)
	at Orchestrator.OrchestratorTests.lambda$runOrchestratorInThread$0(OrchestratorTests.java:71)
	at java.base/java.lang.Thread.run(Thread.java:1583)
10:54:21.009 [Thread-2] ERROR Orchestrator.Orchestrator -- Event queue was interrupted
java.lang.InterruptedException: null
	at EventBus.EventQueue.take(EventQueue.java:58)
	at Orchestrator.Orchestrator.start(Orchestrator.java:78)
	at Orchestrator.OrchestratorTests.lambda$runOrchestratorInThread$0(OrchestratorTests.java:71)
	at java.base/java.lang.Thread.run(Thread.java:1583)
10:54:21.009 [Thread-2] ERROR Orchestrator.Orchestrator -- Event queue was interrupted
java.lang.InterruptedException: null
	at EventBus.EventQueue.take(EventQueue.java:58)
	at Orchestrator.Orchestrator.start(Orchestrator.java:78)
	at Orchestrator.OrchestratorTests.lambda$runOrchestratorInThread$0(OrchestratorTests.java:71)
	at java.base/java.lang.Thread.run(Thread.java:1583)
10:54:21.009 [Thread-2] ERROR Orchestrator.Orchestrator -- Event queue was interrupted
java.lang.InterruptedException: null
	at EventBus.EventQueue.take(EventQueue.java:58)
	at Orchestrator.Orchestrator.start(Orchestrator.java:78)
	at Orchestrator.OrchestratorTests.lambda$runOrchestratorInThread$0(OrchestratorTests.java:71)
	at java.base/java.lang.Thread.run(Thread.java:1583)
10:54:21.009 [Thread-2] ERROR Orchestrator.Orchestrator -- Event queue was interrupted
java.lang.InterruptedException: null
	at EventBus.EventQueue.take(EventQueue.java:58)
	at Orchestrator.Orchestrator.start(Orchestrator.java:78)
	at Orchestrator.OrchestratorTests.lambda$runOrchestratorInThread$0(OrchestratorTests.java:71)
	at java.base/java.lang.Thread.run(Thread.java:1583)
10:54:21.009 [Thread-2] ERROR Orchestrator.Orchestrator -- Event queue was interrupted
java.lang.InterruptedException: null
	at EventBus.EventQueue.take(EventQueue.java:58)
	at Orchestrator.Orchestrator.start(Orchestrator.java:78)
	at Orchestrator.OrchestratorTests.lambda$runOrchestratorInThread$0(OrchestratorTests.java:71)
	at java.base/java.lang.Thread.run(Thread.java:1583)
10:54:21.009 [Thread-2] ERROR Orchestrator.Orchestrator -- Event queue was interrupted
java.lang.InterruptedException: null
	at EventBus.EventQueue.take(EventQueue.java:58)
	at Orchestrator.Orchestrator.start(Orchestrator.java:78)
	at Orchestrator.OrchestratorTests.lambda$runOrchestratorInThread$0(OrchestratorTests.java:71)
	at java.base/java.lang.Thread.run(Thread.java:1583)
10:54:21.010 [Thread-2] ERROR Orchestrator.Orchestrator -- Event queue was interrupted
java.lang.InterruptedException: null
	at EventBus.EventQueue.take(EventQueue.java:58)
	at Orchestrator.Orchestrator.start(Orchestrator.java:78)
	at Orchestrator.OrchestratorTests.lambda$runOrchestratorInThread$0(OrchestratorTests.java:71)
	at java.base/java.lang.Thread.run(Thread.java:1583)
10:54:21.010 [Thread-2] ERROR Orchestrator.Orchestrator -- Event queue was interrupted
java.lang.InterruptedException: null
	at EventBus.EventQueue.take(EventQueue.java:58)
	at Orchestrator.Orchestrator.start(Orchestrator.java:78)
	at Orchestrator.OrchestratorTests.lambda$runOrchestratorInThread$0(OrchestratorTests.java:71)
	at java.base/java.lang.Thread.run(Thread.java:1583)
10:54:21.010 [Thread-2] ERROR Orchestrator.Orchestrator -- Event queue was interrupted
java.lang.InterruptedException: null
	at EventBus.EventQueue.take(EventQueue.java:58)
	at Orchestrator.Orchestrator.start(Orchestrator.java:78)
	at Orchestrator.OrchestratorTests.lambda$runOrchestratorInThread$0(OrchestratorTests.java:71)
	at java.base/java.lang.Thread.run(Thread.java:1583)
10:54:21.010 [Thread-2] ERROR Orchestrator.Orchestrator -- Event queue was interrupted
java.lang.InterruptedException: null
	at EventBus.EventQueue.take(EventQueue.java:58)
	at Orchestrator.Orchestrator.start(Orchestrator.java:78)
	at Orchestrator.OrchestratorTests.lambda$runOrchestratorInThread$0(OrchestratorTests.java:71)
	at java.base/java.lang.Thread.run(Thread.java:1583)
10:54:21.010 [Thread-2] ERROR Orchestrator.Orchestrator -- Event queue was interrupted
java.lang.InterruptedException: null
	at EventBus.EventQueue.take(EventQueue.java:58)
	at Orchestrator.Orchestrator.start(Orchestrator.java:78)
	at Orchestrator.OrchestratorTests.lambda$runOrchestratorInThread$0(OrchestratorTests.java:71)
	at java.base/java.lang.Thread.run(Thread.java:1583)
10:54:21.010 [Thread-2] ERROR Orchestrator.Orchestrator -- Event queue was interrupted
java.lang.InterruptedException: null
	at EventBus.EventQueue.take(EventQueue.java:58)
	at Orchestrator.Orchestrator.start(Orchestrator.java:78)
	at Orchestrator.OrchestratorTests.lambda$runOrchestratorInThread$0(OrchestratorTests.java:71)
	at java.base/java.lang.Thread.run(Thread.java:1583)
10:54:21.010 [Thread-2] ERROR Orchestrator.Orchestrator -- Event queue was interrupted
java.lang.InterruptedException: null
	at EventBus.EventQueue.take(EventQueue.java:58)
	at Orchestrator.Orchestrator.start(Orchestrator.java:78)
	at Orchestrator.OrchestratorTests.lambda$runOrchestratorInThread$0(OrchestratorTests.java:71)
	at java.base/java.lang.Thread.run(Thread.java:1583)
10:54:21.010 [Thread-2] ERROR Orchestrator.Orchestrator -- Event queue was interrupted
java.lang.InterruptedException: null
	at EventBus.EventQueue.take(EventQueue.java:58)
	at Orchestrator.Orchestrator.start(Orchestrator.java:78)
	at Orchestrator.OrchestratorTests.lambda$runOrchestratorInThread$0(OrchestratorTests.java:71)
	at java.base/java.lang.Thread.run(Thread.java:1583)
10:54:21.010 [Thread-2] ERROR Orchestrator.Orchestrator -- Event queue was interrupted
java.lang.InterruptedException: null
	at EventBus.EventQueue.take(EventQueue.java:58)
	at Orchestrator.Orchestrator.start(Orchestrator.java:78)
	at Orchestrator.OrchestratorTests.lambda$runOrchestratorInThread$0(OrchestratorTests.java:71)
	at java.base/java.lang.Thread.run(Thread.java:1583)
10:54:21.010 [Thread-2] ERROR Orchestrator.Orchestrator -- Event queue was interrupted
java.lang.InterruptedException: null
	at EventBus.EventQueue.take(EventQueue.java:58)
	at Orchestrator.Orchestrator.start(Orchestrator.java:78)
	at Orchestrator.OrchestratorTests.lambda$runOrchestratorInThread$0(OrchestratorTests.java:71)
	at java.base/java.lang.Thread.run(Thread.java:1583)
10:54:21.010 [Thread-2] ERROR Orchestrator.Orchestrator -- Event queue was interrupted
java.lang.InterruptedException: null
	at EventBus.EventQueue.take(EventQueue.java:58)
	at Orchestrator.Orchestrator.start(Orchestrator.java:78)
	at Orchestrator.OrchestratorTests.lambda$runOrchestratorInThread$0(OrchestratorTests.java:71)
	at java.base/java.lang.Thread.run(Thread.java:1583)
10:54:21.010 [Thread-2] ERROR Orchestrator.Orchestrator -- Event queue was interrupted
java.lang.InterruptedException: null
	at EventBus.EventQueue.take(EventQueue.java:58)
	at Orchestrator.Orchestrator.start(Orchestrator.java:78)
	at Orchestrator.OrchestratorTests.lambda$runOrchestratorInThread$0(OrchestratorTests.java:71)
	at java.base/java.lang.Thread.run(Thread.java:1583)
10:54:21.010 [Thread-2] ERROR Orchestrator.Orchestrator -- Event queue was interrupted
java.lang.InterruptedException: null
	at EventBus.EventQueue.take(EventQueue.java:58)
	at Orchestrator.Orchestrator.start(Orchestrator.java:78)
	at Orchestrator.OrchestratorTests.lambda$runOrchestratorInThread$0(OrchestratorTests.java:71)
	at java.base/java.lang.Thread.run(Thread.java:1583)
10:54:21.010 [Thread-2] ERROR Orchestrator.Orchestrator -- Event queue was interrupted
java.lang.InterruptedException: null
	at EventBus.EventQueue.take(EventQueue.java:58)
	at Orchestrator.Orchestrator.start(Orchestrator.java:78)
	at Orchestrator.OrchestratorTests.lambda$runOrchestratorInThread$0(OrchestratorTests.java:71)
	at java.base/java.lang.Thread.run(Thread.java:1583)
10:54:21.010 [Thread-2] ERROR Orchestrator.Orchestrator -- Event queue was interrupted
java.lang.InterruptedException: null
	at EventBus.EventQueue.take(EventQueue.java:58)
	at Orchestrator.Orchestrator.start(Orchestrator.java:78)
	at Orchestrator.OrchestratorTests.lambda$runOrchestratorInThread$0(OrchestratorTests.java:71)
	at java.base/java.lang.Thread.run(Thread.java:1583)
10:54:21.010 [Thread-2] ERROR Orchestrator.Orchestrator -- Event queue was interrupted
java.lang.InterruptedException: null
	at EventBus.EventQueue.take(EventQueue.java:58)
	at Orchestrator.Orchestrator.start(Orchestrator.java:78)
	at Orchestrator.OrchestratorTests.lambda$runOrchestratorInThread$0(OrchestratorTests.java:71)
	at java.base/java.lang.Thread.run(Thread.java:1583)
10:54:21.010 [Thread-2] ERROR Orchestrator.Orchestrator -- Event queue was interrupted
java.lang.InterruptedException: null
	at EventBus.EventQueue.take(EventQueue.java:58)
	at Orchestrator.Orchestrator.start(Orchestrator.java:78)
	at Orchestrator.OrchestratorTests.lambda$runOrchestratorInThread$0(OrchestratorTests.java:71)
	at java.base/java.lang.Thread.run(Thread.java:1583)
10:54:21.010 [Thread-2] ERROR Orchestrator.Orchestrator -- Event queue was interrupted
java.lang.InterruptedException: null
	at EventBus.EventQueue.take(EventQueue.java:58)
	at Orchestrator.Orchestrator.start(Orchestrator.java:78)
	at Orchestrator.OrchestratorTests.lambda$runOrchestratorInThread$0(OrchestratorTests.java:71)
	at java.base/java.lang.Thread.run(Thread.java:1583)
10:54:21.010 [Thread-2] ERROR Orchestrator.Orchestrator -- Event queue was interrupted
java.lang.InterruptedException: null
	at EventBus.EventQueue.take(EventQueue.java:58)
	at Orchestrator.Orchestrator.start(Orchestrator.java:78)
	at Orchestrator.OrchestratorTests.lambda$runOrchestratorInThread$0(OrchestratorTests.java:71)
	at java.base/java.lang.Thread.run(Thread.java:1583)
10:54:21.008 [Thread-1] ERROR Orchestrator.Orchestrator -- Event queue was interrupted
java.lang.InterruptedException: null
	at EventBus.EventQueue.take(EventQueue.java:58)
	at Orchestrator.Orchestrator.start(Orchestrator.java:78)
	at Orchestrator.OrchestratorTests.lambda$runOrchestratorInThread$0(OrchestratorTests.java:71)
	at java.base/java.lang.Thread.run(Thread.java:1583)
10:54:21.011 [Thread-2] ERROR Orchestrator.Orchestrator -- Event queue was interrupted
java.lang.InterruptedException: null
	at EventBus.EventQueue.take(EventQueue.java:58)
	at Orchestrator.Orchestrator.start(Orchestrator.java:78)
	at Orchestrator.OrchestratorTests.lambda$runOrchestratorInThread$0(OrchestratorTests.java:71)
	at java.base/java.lang.Thread.run(Thread.java:1583)
10:54:21.011 [Thread-1] ERROR Orchestrator.Orchestrator -- Event queue was interrupted
java.lang.InterruptedException: null
	at EventBus.EventQueue.take(EventQueue.java:58)
	at Orchestrator.Orchestrator.start(Orchestrator.java:78)
	at Orchestrator.OrchestratorTests.lambda$runOrchestratorInThread$0(OrchestratorTests.java:71)
	at java.base/java.lang.Thread.run(Thread.java:1583)
10:54:21.011 [Thread-2] ERROR Orchestrator.Orchestrator -- Event queue was interrupted
java.lang.InterruptedException: null
	at EventBus.EventQueue.take(EventQueue.java:58)
	at Orchestrator.Orchestrator.start(Orchestrator.java:78)
	at Orchestrator.OrchestratorTests.lambda$runOrchestratorInThread$0(OrchestratorTests.java:71)
	at java.base/java.lang.Thread.run(Thread.java:1583)
10:54:21.011 [Thread-1] ERROR Orchestrator.Orchestrator -- Event queue was interrupted
java.lang.InterruptedException: null
	at EventBus.EventQueue.take(EventQueue.java:58)
	at Orchestrator.Orchestrator.start(Orchestrator.java:78)
	at Orchestrator.OrchestratorTests.lambda$runOrchestratorInThread$0(OrchestratorTests.java:71)
	at java.base/java.lang.Thread.run(Thread.java:1583)
10:54:21.011 [Thread-2] ERROR Orchestrator.Orchestrator -- Event queue was interrupted
java.lang.InterruptedException: null
	at EventBus.EventQueue.take(EventQueue.java:58)
	at Orchestrator.Orchestrator.start(Orchestrator.java:78)
	at Orchestrator.OrchestratorTests.lambda$runOrchestratorInThread$0(OrchestratorTests.java:71)
	at java.base/java.lang.Thread.run(Thread.java:1583)
10:54:21.011 [Thread-1] ERROR Orchestrator.Orchestrator -- Event queue was interrupted
java.lang.InterruptedException: null
	at EventBus.EventQueue.take(EventQueue.java:58)
	at Orchestrator.Orchestrator.start(Orchestrator.java:78)
	at Orchestrator.OrchestratorTests.lambda$runOrchestratorInThread$0(OrchestratorTests.java:71)
	at java.base/java.lang.Thread.run(Thread.java:1583)
10:54:21.011 [Thread-2] ERROR Orchestrator.Orchestrator -- Event queue was interrupted
java.lang.InterruptedException: null
	at EventBus.EventQueue.take(EventQueue.java:58)
	at Orchestrator.Orchestrator.start(Orchestrator.java:78)
	at Orchestrator.OrchestratorTests.lambda$runOrchestratorInThread$0(OrchestratorTests.java:71)
	at java.base/java.lang.Thread.run(Thread.java:1583)
10:54:21.011 [Thread-1] ERROR Orchestrator.Orchestrator -- Event queue was interrupted
java.lang.InterruptedException: null
	at EventBus.EventQueue.take(EventQueue.java:58)
	at Orchestrator.Orchestrator.start(Orchestrator.java:78)
	at Orchestrator.OrchestratorTests.lambda$runOrchestratorInThread$0(OrchestratorTests.java:71)
	at java.base/java.lang.Thread.run(Thread.java:1583)
10:54:21.011 [Thread-2] ERROR Orchestrator.Orchestrator -- Event queue was interrupted
java.lang.InterruptedException: null
	at EventBus.EventQueue.take(EventQueue.java:58)
	at Orchestrator.Orchestrator.start(Orchestrator.java:78)
	at Orchestrator.OrchestratorTests.lambda$runOrchestratorInThread$0(OrchestratorTests.java:71)
	at java.base/java.lang.Thread.run(Thread.java:1583)
10:54:21.011 [Thread-1] ERROR Orchestrator.Orchestrator -- Event queue was interrupted
java.lang.InterruptedException: null
	at EventBus.EventQueue.take(EventQueue.java:58)
	at Orchestrator.Orchestrator.start(Orchestrator.java:78)
	at Orchestrator.OrchestratorTests.lambda$runOrchestratorInThread$0(OrchestratorTests.java:71)
	at java.base/java.lang.Thread.run(Thread.java:1583)
10:54:21.011 [Thread-2] ERROR Orchestrator.Orchestrator -- Event queue was interrupted
java.lang.InterruptedException: null
	at EventBus.EventQueue.take(EventQueue.java:58)
	at Orchestrator.Orchestrator.start(Orchestrator.java:78)
	at Orchestrator.OrchestratorTests.lambda$runOrchestratorInThread$0(OrchestratorTests.java:71)
	at java.base/java.lang.Thread.run(Thread.java:1583)
10:54:21.011 [Thread-1] ERROR Orchestrator.Orchestrator -- Event queue was interrupted
java.lang.InterruptedException: null
	at EventBus.EventQueue.take(EventQueue.java:58)
	at Orchestrator.Orchestrator.start(Orchestrator.java:78)
	at Orchestrator.OrchestratorTests.lambda$runOrchestratorInThread$0(OrchestratorTests.java:71)
	at java.base/java.lang.Thread.run(Thread.java:1583)
10:54:21.011 [Thread-2] ERROR Orchestrator.Orchestrator -- Event queue was interrupted
java.lang.InterruptedException: null
	at EventBus.EventQueue.take(EventQueue.java:58)
	at Orchestrator.Orchestrator.start(Orchestrator.java:78)
	at Orchestrator.OrchestratorTests.lambda$runOrchestratorInThread$0(OrchestratorTests.java:71)
	at java.base/java.lang.Thread.run(Thread.java:1583)
10:54:21.011 [Thread-1] ERROR Orchestrator.Orchestrator -- Event queue was interrupted
java.lang.InterruptedException: null
	at EventBus.EventQueue.take(EventQueue.java:58)
	at Orchestrator.Orchestrator.start(Orchestrator.java:78)
	at Orchestrator.OrchestratorTests.lambda$runOrchestratorInThread$0(OrchestratorTests.java:71)
	at java.base/java.lang.Thread.run(Thread.java:1583)
10:54:21.011 [Thread-2] ERROR Orchestrator.Orchestrator -- Event queue was interrupted
java.lang.InterruptedException: null
	at EventBus.EventQueue.take(EventQueue.java:58)
	at Orchestrator.Orchestrator.start(Orchestrator.java:78)
	at Orchestrator.OrchestratorTests.lambda$runOrchestratorInThread$0(OrchestratorTests.java:71)
	at java.base/java.lang.Thread.run(Thread.java:1583)
10:54:21.011 [Thread-1] ERROR Orchestrator.Orchestrator -- Event queue was interrupted
java.lang.InterruptedException: null
	at EventBus.EventQueue.take(EventQueue.java:58)
	at Orchestrator.Orchestrator.start(Orchestrator.java:78)
	at Orchestrator.OrchestratorTests.lambda$runOrchestratorInThread$0(OrchestratorTests.java:71)
	at java.base/java.lang.Thread.run(Thread.java:1583)
10:54:21.011 [Thread-2] ERROR Orchestrator.Orchestrator -- Event queue was interrupted
java.lang.InterruptedException: null
	at EventBus.EventQueue.take(EventQueue.java:58)
	at Orchestrator.Orchestrator.start(Orchestrator.java:78)
	at Orchestrator.OrchestratorTests.lambda$runOrchestratorInThread$0(OrchestratorTests.java:71)
	at java.base/java.lang.Thread.run(Thread.java:1583)
10:54:21.011 [Thread-1] ERROR Orchestrator.Orchestrator -- Event queue was interrupted
java.lang.InterruptedException: null
	at EventBus.EventQueue.take(EventQueue.java:58)
	at Orchestrator.Orchestrator.start(Orchestrator.java:78)
	at Orchestrator.OrchestratorTests.lambda$runOrchestratorInThread$0(OrchestratorTests.java:71)
	at java.base/java.lang.Thread.run(Thread.java:1583)
10:54:21.011 [Thread-2] ERROR Orchestrator.Orchestrator -- Event queue was interrupted
java.lang.InterruptedException: null
	at EventBus.EventQueue.take(EventQueue.java:58)
	at Orchestrator.Orchestrator.start(Orchestrator.java:78)
	at Orchestrator.OrchestratorTests.lambda$runOrchestratorInThread$0(OrchestratorTests.java:71)
	at java.base/java.lang.Thread.run(Thread.java:1583)
10:54:21.011 [Thread-1] ERROR Orchestrator.Orchestrator -- Event queue was interrupted
java.lang.InterruptedException: null
	at EventBus.EventQueue.take(EventQueue.java:58)
	at Orchestrator.Orchestrator.start(Orchestrator.java:78)
	at Orchestrator.OrchestratorTests.lambda$runOrchestratorInThread$0(OrchestratorTests.java:71)
	at java.base/java.lang.Thread.run(Thread.java:1583)
10:54:21.011 [Thread-2] ERROR Orchestrator.Orchestrator -- Event queue was interrupted
java.lang.InterruptedException: null
	at EventBus.EventQueue.take(EventQueue.java:58)
	at Orchestrator.Orchestrator.start(Orchestrator.java:78)
	at Orchestrator.OrchestratorTests.lambda$runOrchestratorInThread$0(OrchestratorTests.java:71)
	at java.base/java.lang.Thread.run(Thread.java:1583)
10:54:21.011 [Thread-1] ERROR Orchestrator.Orchestrator -- Event queue was interrupted
java.lang.InterruptedException: null
	at EventBus.EventQueue.take(EventQueue.java:58)
	at Orchestrator.Orchestrator.start(Orchestrator.java:78)
	at Orchestrator.OrchestratorTests.lambda$runOrchestratorInThread$0(OrchestratorTests.java:71)
	at java.base/java.lang.Thread.run(Thread.java:1583)
10:54:21.012 [Thread-2] ERROR Orchestrator.Orchestrator -- Event queue was interrupted
java.lang.InterruptedException: null
	at EventBus.EventQueue.take(EventQueue.java:58)
	at Orchestrator.Orchestrator.start(Orchestrator.java:78)
	at Orchestrator.OrchestratorTests.lambda$runOrchestratorInThread$0(OrchestratorTests.java:71)
	at java.base/java.lang.Thread.run(Thread.java:1583)
10:54:21.012 [Thread-1] ERROR Orchestrator.Orchestrator -- Event queue was interrupted
java.lang.InterruptedException: null
	at EventBus.EventQueue.take(EventQueue.java:58)
	at Orchestrator.Orchestrator.start(Orchestrator.java:78)
	at Orchestrator.OrchestratorTests.lambda$runOrchestratorInThread$0(OrchestratorTests.java:71)
	at java.base/java.lang.Thread.run(Thread.java:1583)
10:54:21.012 [Thread-2] ERROR Orchestrator.Orchestrator -- Event queue was interrupted
java.lang.InterruptedException: null
	at EventBus.EventQueue.take(EventQueue.java:58)
	at Orchestrator.Orchestrator.start(Orchestrator.java:78)
	at Orchestrator.OrchestratorTests.lambda$runOrchestratorInThread$0(OrchestratorTests.java:71)
	at java.base/java.lang.Thread.run(Thread.java:1583)
10:54:21.012 [Thread-1] ERROR Orchestrator.Orchestrator -- Event queue was interrupted
java.lang.InterruptedException: null
	at EventBus.EventQueue.take(EventQueue.java:58)
	at Orchestrator.Orchestrator.start(Orchestrator.java:78)
	at Orchestrator.OrchestratorTests.lambda$runOrchestratorInThread$0(OrchestratorTests.java:71)
	at java.base/java.lang.Thread.run(Thread.java:1583)
10:54:21.012 [Thread-2] ERROR Orchestrator.Orchestrator -- Event queue was interrupted
java.lang.InterruptedException: null
	at EventBus.EventQueue.take(EventQueue.java:58)
	at Orchestrator.Orchestrator.start(Orchestrator.java:78)
	at Orchestrator.OrchestratorTests.lambda$runOrchestratorInThread$0(OrchestratorTests.java:71)
	at java.base/java.lang.Thread.run(Thread.java:1583)
10:54:21.012 [Thread-1] ERROR Orchestrator.Orchestrator -- Event queue was interrupted
java.lang.InterruptedException: null
	at EventBus.EventQueue.take(EventQueue.java:58)
	at Orchestrator.Orchestrator.start(Orchestrator.java:78)
	at Orchestrator.OrchestratorTests.lambda$runOrchestratorInThread$0(OrchestratorTests.java:71)
	at java.base/java.lang.Thread.run(Thread.java:1583)
10:54:21.012 [Thread-2] ERROR Orchestrator.Orchestrator -- Event queue was interrupted
java.lang.InterruptedException: null
	at EventBus.EventQueue.take(EventQueue.java:58)
	at Orchestrator.Orchestrator.start(Orchestrator.java:78)
	at Orchestrator.OrchestratorTests.lambda$runOrchestratorInThread$0(OrchestratorTests.java:71)
	at java.base/java.lang.Thread.run(Thread.java:1583)
10:54:21.012 [Thread-1] ERROR Orchestrator.Orchestrator -- Event queue was interrupted
java.lang.InterruptedException: null
	at EventBus.EventQueue.take(EventQueue.java:58)
	at Orchestrator.Orchestrator.start(Orchestrator.java:78)
	at Orchestrator.OrchestratorTests.lambda$runOrchestratorInThread$0(OrchestratorTests.java:71)
	at java.base/java.lang.Thread.run(Thread.java:1583)
10:54:21.012 [Thread-2] ERROR Orchestrator.Orchestrator -- Event queue was interrupted
java.lang.InterruptedException: null
	at EventBus.EventQueue.take(EventQueue.java:58)
	at Orchestrator.Orchestrator.start(Orchestrator.java:78)
	at Orchestrator.OrchestratorTests.lambda$runOrchestratorInThread$0(OrchestratorTests.java:71)
	at java.base/java.lang.Thread.run(Thread.java:1583)
10:54:21.012 [Thread-1] ERROR Orchestrator.Orchestrator -- Event queue was interrupted
java.lang.InterruptedException: null
	at EventBus.EventQueue.take(EventQueue.java:58)
	at Orchestrator.Orchestrator.start(Orchestrator.java:78)
	at Orchestrator.OrchestratorTests.lambda$runOrchestratorInThread$0(OrchestratorTests.java:71)
	at java.base/java.lang.Thread.run(Thread.java:1583)
10:54:21.012 [Thread-2] ERROR Orchestrator.Orchestrator -- Event queue was interrupted
java.lang.InterruptedException: null
	at EventBus.EventQueue.take(EventQueue.java:58)
	at Orchestrator.Orchestrator.start(Orchestrator.java:78)
	at Orchestrator.OrchestratorTests.lambda$runOrchestratorInThread$0(OrchestratorTests.java:71)
	at java.base/java.lang.Thread.run(Thread.java:1583)
10:54:21.012 [Thread-1] ERROR Orchestrator.Orchestrator -- Event queue was interrupted
java.lang.InterruptedException: null
	at EventBus.EventQueue.take(EventQueue.java:58)
	at Orchestrator.Orchestrator.start(Orchestrator.java:78)
	at Orchestrator.OrchestratorTests.lambda$runOrchestratorInThread$0(OrchestratorTests.java:71)
	at java.base/java.lang.Thread.run(Thread.java:1583)
10:54:21.012 [Thread-2] ERROR Orchestrator.Orchestrator -- Event queue was interrupted
java.lang.InterruptedException: null
	at EventBus.EventQueue.take(EventQueue.java:58)
	at Orchestrator.Orchestrator.start(Orchestrator.java:78)
	at Orchestrator.OrchestratorTests.lambda$runOrchestratorInThread$0(OrchestratorTests.java:71)
	at java.base/java.lang.Thread.run(Thread.java:1583)
10:54:21.012 [Thread-1] ERROR Orchestrator.Orchestrator -- Event queue was interrupted
java.lang.InterruptedException: null
	at EventBus.EventQueue.take(EventQueue.java:58)
	at Orchestrator.Orchestrator.start(Orchestrator.java:78)
	at Orchestrator.OrchestratorTests.lambda$runOrchestratorInThread$0(OrchestratorTests.java:71)
	at java.base/java.lang.Thread.run(Thread.java:1583)
10:54:21.012 [Thread-2] ERROR Orchestrator.Orchestrator -- Event queue was interrupted
java.lang.InterruptedException: null
	at EventBus.EventQueue.take(EventQueue.java:58)
	at Orchestrator.Orchestrator.start(Orchestrator.java:78)
	at Orchestrator.OrchestratorTests.lambda$runOrchestratorInThread$0(OrchestratorTests.java:71)
	at java.base/java.lang.Thread.run(Thread.java:1583)
10:54:21.012 [Thread-1] ERROR Orchestrator.Orchestrator -- Event queue was interrupted
java.lang.InterruptedException: null
	at EventBus.EventQueue.take(EventQueue.java:58)
	at Orchestrator.Orchestrator.start(Orchestrator.java:78)
	at Orchestrator.OrchestratorTests.lambda$runOrchestratorInThread$0(OrchestratorTests.java:71)
	at java.base/java.lang.Thread.run(Thread.java:1583)
10:54:21.012 [Thread-2] ERROR Orchestrator.Orchestrator -- Event queue was interrupted
java.lang.InterruptedException: null
	at EventBus.EventQueue.take(EventQueue.java:58)
	at Orchestrator.Orchestrator.start(Orchestrator.java:78)
	at Orchestrator.OrchestratorTests.lambda$runOrchestratorInThread$0(OrchestratorTests.java:71)
	at java.base/java.lang.Thread.run(Thread.java:1583)
10:54:21.012 [Thread-1] ERROR Orchestrator.Orchestrator -- Event queue was interrupted
java.lang.InterruptedException: null
	at EventBus.EventQueue.take(EventQueue.java:58)
	at Orchestrator.Orchestrator.start(Orchestrator.java:78)
	at Orchestrator.OrchestratorTests.lambda$runOrchestratorInThread$0(OrchestratorTests.java:71)
	at java.base/java.lang.Thread.run(Thread.java:1583)
10:54:21.013 [Thread-1] ERROR Orchestrator.Orchestrator -- Event queue was interrupted
java.lang.InterruptedException: null
	at EventBus.EventQueue.take(EventQueue.java:58)
	at Orchestrator.Orchestrator.start(Orchestrator.java:78)
	at Orchestrator.OrchestratorTests.lambda$runOrchestratorInThread$0(OrchestratorTests.java:71)
	at java.base/java.lang.Thread.run(Thread.java:1583)
10:54:21.013 [Thread-2] ERROR Orchestrator.Orchestrator -- Event queue was interrupted
java.lang.InterruptedException: null
	at EventBus.EventQueue.take(EventQueue.java:58)
	at Orchestrator.Orchestrator.start(Orchestrator.java:78)
	at Orchestrator.OrchestratorTests.lambda$runOrchestratorInThread$0(OrchestratorTests.java:71)
	at java.base/java.lang.Thread.run(Thread.java:1583)
10:54:21.013 [Thread-1] ERROR Orchestrator.Orchestrator -- Event queue was interrupted
java.lang.InterruptedException: null
	at EventBus.EventQueue.take(EventQueue.java:58)
	at Orchestrator.Orchestrator.start(Orchestrator.java:78)
	at Orchestrator.OrchestratorTests.lambda$runOrchestratorInThread$0(OrchestratorTests.java:71)
	at java.base/java.lang.Thread.run(Thread.java:1583)
10:54:21.013 [Thread-2] ERROR Orchestrator.Orchestrator -- Event queue was interrupted
java.lang.InterruptedException: null
	at EventBus.EventQueue.take(EventQueue.java:58)
	at Orchestrator.Orchestrator.start(Orchestrator.java:78)
	at Orchestrator.OrchestratorTests.lambda$runOrchestratorInThread$0(OrchestratorTests.java:71)
	at java.base/java.lang.Thread.run(Thread.java:1583)
10:54:21.013 [Thread-1] ERROR Orchestrator.Orchestrator -- Event queue was interrupted
java.lang.InterruptedException: null
	at EventBus.EventQueue.take(EventQueue.java:58)
	at Orchestrator.Orchestrator.start(Orchestrator.java:78)
	at Orchestrator.OrchestratorTests.lambda$runOrchestratorInThread$0(OrchestratorTests.java:71)
	at java.base/java.lang.Thread.run(Thread.java:1583)
10:54:21.013 [Thread-1] ERROR Orchestrator.Orchestrator -- Event queue was interrupted
java.lang.InterruptedException: null
	at EventBus.EventQueue.take(EventQueue.java:58)
	at Orchestrator.Orchestrator.start(Orchestrator.java:78)
	at Orchestrator.OrchestratorTests.lambda$runOrchestratorInThread$0(OrchestratorTests.java:71)
	at java.base/java.lang.Thread.run(Thread.java:1583)
10:54:21.013 [Thread-2] ERROR Orchestrator.Orchestrator -- Event queue was interrupted
java.lang.InterruptedException: null
	at EventBus.EventQueue.take(EventQueue.java:58)
	at Orchestrator.Orchestrator.start(Orchestrator.java:78)
	at Orchestrator.OrchestratorTests.lambda$runOrchestratorInThread$0(OrchestratorTests.java:71)
	at java.base/java.lang.Thread.run(Thread.java:1583)
10:54:21.013 [Thread-1] ERROR Orchestrator.Orchestrator -- Event queue was interrupted
java.lang.InterruptedException: null
	at EventBus.EventQueue.take(EventQueue.java:58)
	at Orchestrator.Orchestrator.start(Orchestrator.java:78)
	at Orchestrator.OrchestratorTests.lambda$runOrchestratorInThread$0(OrchestratorTests.java:71)
	at java.base/java.lang.Thread.run(Thread.java:1583)
10:54:21.013 [Thread-2] ERROR Orchestrator.Orchestrator -- Event queue was interrupted
java.lang.InterruptedException: null
	at EventBus.EventQueue.take(EventQueue.java:58)
	at Orchestrator.Orchestrator.start(Orchestrator.java:78)
	at Orchestrator.OrchestratorTests.lambda$runOrchestratorInThread$0(OrchestratorTests.java:71)
	at java.base/java.lang.Thread.run(Thread.java:1583)
10:54:21.013 [Thread-1] ERROR Orchestrator.Orchestrator -- Event queue was interrupted
java.lang.InterruptedException: null
	at EventBus.EventQueue.take(EventQueue.java:58)
	at Orchestrator.Orchestrator.start(Orchestrator.java:78)
	at Orchestrator.OrchestratorTests.lambda$runOrchestratorInThread$0(OrchestratorTests.java:71)
	at java.base/java.lang.Thread.run(Thread.java:1583)
10:54:21.013 [Thread-2] ERROR Orchestrator.Orchestrator -- Event queue was interrupted
java.lang.InterruptedException: null
	at EventBus.EventQueue.take(EventQueue.java:58)
	at Orchestrator.Orchestrator.start(Orchestrator.java:78)
	at Orchestrator.OrchestratorTests.lambda$runOrchestratorInThread$0(OrchestratorTests.java:71)
	at java.base/java.lang.Thread.run(Thread.java:1583)
10:54:21.013 [Thread-1] ERROR Orchestrator.Orchestrator -- Event queue was interrupted
java.lang.InterruptedException: null
	at EventBus.EventQueue.take(EventQueue.java:58)
	at Orchestrator.Orchestrator.start(Orchestrator.java:78)
	at Orchestrator.OrchestratorTests.lambda$runOrchestratorInThread$0(OrchestratorTests.java:71)
	at java.base/java.lang.Thread.run(Thread.java:1583)
10:54:21.013 [Thread-2] ERROR Orchestrator.Orchestrator -- Event queue was interrupted
java.lang.InterruptedException: null
	at EventBus.EventQueue.take(EventQueue.java:58)
	at Orchestrator.Orchestrator.start(Orchestrator.java:78)
	at Orchestrator.OrchestratorTests.lambda$runOrchestratorInThread$0(OrchestratorTests.java:71)
	at java.base/java.lang.Thread.run(Thread.java:1583)
10:54:21.013 [Thread-1] ERROR Orchestrator.Orchestrator -- Event queue was interrupted
java.lang.InterruptedException: null
	at EventBus.EventQueue.take(EventQueue.java:58)
	at Orchestrator.Orchestrator.start(Orchestrator.java:78)
	at Orchestrator.OrchestratorTests.lambda$runOrchestratorInThread$0(OrchestratorTests.java:71)
	at java.base/java.lang.Thread.run(Thread.java:1583)
10:54:21.013 [Thread-2] ERROR Orchestrator.Orchestrator -- Event queue was interrupted
java.lang.InterruptedException: null
	at EventBus.EventQueue.take(EventQueue.java:58)
	at Orchestrator.Orchestrator.start(Orchestrator.java:78)
	at Orchestrator.OrchestratorTests.lambda$runOrchestratorInThread$0(OrchestratorTests.java:71)
	at java.base/java.lang.Thread.run(Thread.java:1583)
10:54:21.013 [Thread-1] ERROR Orchestrator.Orchestrator -- Event queue was interrupted
java.lang.InterruptedException: null
	at EventBus.EventQueue.take(EventQueue.java:58)
	at Orchestrator.Orchestrator.start(Orchestrator.java:78)
	at Orchestrator.OrchestratorTests.lambda$runOrchestratorInThread$0(OrchestratorTests.java:71)
	at java.base/java.lang.Thread.run(Thread.java:1583)
10:54:21.013 [Thread-2] ERROR Orchestrator.Orchestrator -- Event queue was interrupted
java.lang.InterruptedException: null
	at EventBus.EventQueue.take(EventQueue.java:58)
	at Orchestrator.Orchestrator.start(Orchestrator.java:78)
	at Orchestrator.OrchestratorTests.lambda$runOrchestratorInThread$0(OrchestratorTests.java:71)
	at java.base/java.lang.Thread.run(Thread.java:1583)
10:54:21.013 [Thread-1] ERROR Orchestrator.Orchestrator -- Event queue was interrupted
java.lang.InterruptedException: null
	at EventBus.EventQueue.take(EventQueue.java:58)
	at Orchestrator.Orchestrator.start(Orchestrator.java:78)
	at Orchestrator.OrchestratorTests.lambda$runOrchestratorInThread$0(OrchestratorTests.java:71)
	at java.base/java.lang.Thread.run(Thread.java:1583)
10:54:21.013 [Thread-2] ERROR Orchestrator.Orchestrator -- Event queue was interrupted
java.lang.InterruptedException: null
	at EventBus.EventQueue.take(EventQueue.java:58)
	at Orchestrator.Orchestrator.start(Orchestrator.java:78)
	at Orchestrator.OrchestratorTests.lambda$runOrchestratorInThread$0(OrchestratorTests.java:71)
	at java.base/java.lang.Thread.run(Thread.java:1583)
10:54:21.013 [Thread-1] ERROR Orchestrator.Orchestrator -- Event queue was interrupted
java.lang.InterruptedException: null
	at EventBus.EventQueue.take(EventQueue.java:58)
	at Orchestrator.Orchestrator.start(Orchestrator.java:78)
	at Orchestrator.OrchestratorTests.lambda$runOrchestratorInThread$0(OrchestratorTests.java:71)
	at java.base/java.lang.Thread.run(Thread.java:1583)
10:54:21.013 [Thread-2] ERROR Orchestrator.Orchestrator -- Event queue was interrupted
java.lang.InterruptedException: null
	at EventBus.EventQueue.take(EventQueue.java:58)
	at Orchestrator.Orchestrator.start(Orchestrator.java:78)
	at Orchestrator.OrchestratorTests.lambda$runOrchestratorInThread$0(OrchestratorTests.java:71)
	at java.base/java.lang.Thread.run(Thread.java:1583)
10:54:21.013 [Thread-1] ERROR Orchestrator.Orchestrator -- Event queue was interrupted
java.lang.InterruptedException: null
	at EventBus.EventQueue.take(EventQueue.java:58)
	at Orchestrator.Orchestrator.start(Orchestrator.java:78)
	at Orchestrator.OrchestratorTests.lambda$runOrchestratorInThread$0(OrchestratorTests.java:71)
	at java.base/java.lang.Thread.run(Thread.java:1583)
10:54:21.014 [Thread-2] ERROR Orchestrator.Orchestrator -- Event queue was interrupted
java.lang.InterruptedException: null
	at EventBus.EventQueue.take(EventQueue.java:58)
	at Orchestrator.Orchestrator.start(Orchestrator.java:78)
	at Orchestrator.OrchestratorTests.lambda$runOrchestratorInThread$0(OrchestratorTests.java:71)
	at java.base/java.lang.Thread.run(Thread.java:1583)
10:54:21.014 [Thread-1] ERROR Orchestrator.Orchestrator -- Event queue was interrupted
java.lang.InterruptedException: null
	at EventBus.EventQueue.take(EventQueue.java:58)
	at Orchestrator.Orchestrator.start(Orchestrator.java:78)
	at Orchestrator.OrchestratorTests.lambda$runOrchestratorInThread$0(OrchestratorTests.java:71)
	at java.base/java.lang.Thread.run(Thread.java:1583)
10:54:21.014 [Thread-2] ERROR Orchestrator.Orchestrator -- Event queue was interrupted
java.lang.InterruptedException: null
	at EventBus.EventQueue.take(EventQueue.java:58)
	at Orchestrator.Orchestrator.start(Orchestrator.java:78)
	at Orchestrator.OrchestratorTests.lambda$runOrchestratorInThread$0(OrchestratorTests.java:71)
	at java.base/java.lang.Thread.run(Thread.java:1583)
10:54:21.014 [Thread-1] ERROR Orchestrator.Orchestrator -- Event queue was interrupted
java.lang.InterruptedException: null
	at EventBus.EventQueue.take(EventQueue.java:58)
	at Orchestrator.Orchestrator.start(Orchestrator.java:78)
	at Orchestrator.OrchestratorTests.lambda$runOrchestratorInThread$0(OrchestratorTests.java:71)
	at java.base/java.lang.Thread.run(Thread.java:1583)
10:54:21.014 [Thread-2] ERROR Orchestrator.Orchestrator -- Event queue was interrupted
java.lang.InterruptedException: null
	at EventBus.EventQueue.take(EventQueue.java:58)
	at Orchestrator.Orchestrator.start(Orchestrator.java:78)
	at Orchestrator.OrchestratorTests.lambda$runOrchestratorInThread$0(OrchestratorTests.java:71)
	at java.base/java.lang.Thread.run(Thread.java:1583)
10:54:21.014 [Thread-2] ERROR Orchestrator.Orchestrator -- Event queue was interrupted
java.lang.InterruptedException: null
	at EventBus.EventQueue.take(EventQueue.java:58)
	at Orchestrator.Orchestrator.start(Orchestrator.java:78)
	at Orchestrator.OrchestratorTests.lambda$runOrchestratorInThread$0(OrchestratorTests.java:71)
	at java.base/java.lang.Thread.run(Thread.java:1583)
10:54:21.014 [Thread-2] ERROR Orchestrator.Orchestrator -- Event queue was interrupted
java.lang.InterruptedException: null
	at EventBus.EventQueue.take(EventQueue.java:58)
	at Orchestrator.Orchestrator.start(Orchestrator.java:78)
	at Orchestrator.OrchestratorTests.lambda$runOrchestratorInThread$0(OrchestratorTests.java:71)
	at java.base/java.lang.Thread.run(Thread.java:1583)
10:54:21.014 [Thread-2] ERROR Orchestrator.Orchestrator -- Event queue was interrupted
java.lang.InterruptedException: null
	at EventBus.EventQueue.take(EventQueue.java:58)
	at Orchestrator.Orchestrator.start(Orchestrator.java:78)
	at Orchestrator.OrchestratorTests.lambda$runOrchestratorInThread$0(OrchestratorTests.java:71)
	at java.base/java.lang.Thread.run(Thread.java:1583)
10:54:21.014 [Thread-2] ERROR Orchestrator.Orchestrator -- Event queue was interrupted
java.lang.InterruptedException: null
	at EventBus.EventQueue.take(EventQueue.java:58)
	at Orchestrator.Orchestrator.start(Orchestrator.java:78)
	at Orchestrator.OrchestratorTests.lambda$runOrchestratorInThread$0(OrchestratorTests.java:71)
	at java.base/java.lang.Thread.run(Thread.java:1583)
10:54:21.014 [Thread-2] ERROR Orchestrator.Orchestrator -- Event queue was interrupted
java.lang.InterruptedException: null
	at EventBus.EventQueue.take(EventQueue.java:58)
	at Orchestrator.Orchestrator.start(Orchestrator.java:78)
	at Orchestrator.OrchestratorTests.lambda$runOrchestratorInThread$0(OrchestratorTests.java:71)
	at java.base/java.lang.Thread.run(Thread.java:1583)
10:54:21.014 [Thread-2] ERROR Orchestrator.Orchestrator -- Event queue was interrupted
java.lang.InterruptedException: null
	at EventBus.EventQueue.take(EventQueue.java:58)
	at Orchestrator.Orchestrator.start(Orchestrator.java:78)
	at Orchestrator.OrchestratorTests.lambda$runOrchestratorInThread$0(OrchestratorTests.java:71)
	at java.base/java.lang.Thread.run(Thread.java:1583)
10:54:21.014 [Thread-2] ERROR Orchestrator.Orchestrator -- Event queue was interrupted
java.lang.InterruptedException: null
	at EventBus.EventQueue.take(EventQueue.java:58)
	at Orchestrator.Orchestrator.start(Orchestrator.java:78)
	at Orchestrator.OrchestratorTests.lambda$runOrchestratorInThread$0(OrchestratorTests.java:71)
	at java.base/java.lang.Thread.run(Thread.java:1583)
10:54:21.014 [Thread-2] ERROR Orchestrator.Orchestrator -- Event queue was interrupted
java.lang.InterruptedException: null
	at EventBus.EventQueue.take(EventQueue.java:58)
	at Orchestrator.Orchestrator.start(Orchestrator.java:78)
	at Orchestrator.OrchestratorTests.lambda$runOrchestratorInThread$0(OrchestratorTests.java:71)
	at java.base/java.lang.Thread.run(Thread.java:1583)
10:54:21.014 [Thread-2] ERROR Orchestrator.Orchestrator -- Event queue was interrupted
java.lang.InterruptedException: null
	at EventBus.EventQueue.take(EventQueue.java:58)
	at Orchestrator.Orchestrator.start(Orchestrator.java:78)
	at Orchestrator.OrchestratorTests.lambda$runOrchestratorInThread$0(OrchestratorTests.java:71)
	at java.base/java.lang.Thread.run(Thread.java:1583)
10:54:21.014 [Thread-2] ERROR Orchestrator.Orchestrator -- Event queue was interrupted
java.lang.InterruptedException: null
	at EventBus.EventQueue.take(EventQueue.java:58)
	at Orchestrator.Orchestrator.start(Orchestrator.java:78)
	at Orchestrator.OrchestratorTests.lambda$runOrchestratorInThread$0(OrchestratorTests.java:71)
	at java.base/java.lang.Thread.run(Thread.java:1583)
10:54:21.014 [Thread-2] ERROR Orchestrator.Orchestrator -- Event queue was interrupted
java.lang.InterruptedException: null
	at EventBus.EventQueue.take(EventQueue.java:58)
	at Orchestrator.Orchestrator.start(Orchestrator.java:78)
	at Orchestrator.OrchestratorTests.lambda$runOrchestratorInThread$0(OrchestratorTests.java:71)
	at java.base/java.lang.Thread.run(Thread.java:1583)
10:54:21.014 [Thread-2] ERROR Orchestrator.Orchestrator -- Event queue was interrupted
java.lang.InterruptedException: null
	at EventBus.EventQueue.take(EventQueue.java:58)
	at Orchestrator.Orchestrator.start(Orchestrator.java:78)
	at Orchestrator.OrchestratorTests.lambda$runOrchestratorInThread$0(OrchestratorTests.java:71)
	at java.base/java.lang.Thread.run(Thread.java:1583)
10:54:21.014 [Thread-2] ERROR Orchestrator.Orchestrator -- Event queue was interrupted
java.lang.InterruptedException: null
	at EventBus.EventQueue.take(EventQueue.java:58)
	at Orchestrator.Orchestrator.start(Orchestrator.java:78)
	at Orchestrator.OrchestratorTests.lambda$runOrchestratorInThread$0(OrchestratorTests.java:71)
	at java.base/java.lang.Thread.run(Thread.java:1583)
10:54:21.014 [Thread-2] ERROR Orchestrator.Orchestrator -- Event queue was interrupted
java.lang.InterruptedException: null
	at EventBus.EventQueue.take(EventQueue.java:58)
	at Orchestrator.Orchestrator.start(Orchestrator.java:78)
	at Orchestrator.OrchestratorTests.lambda$runOrchestratorInThread$0(OrchestratorTests.java:71)
	at java.base/java.lang.Thread.run(Thread.java:1583)
10:54:21.014 [Thread-2] ERROR Orchestrator.Orchestrator -- Event queue was interrupted
java.lang.InterruptedException: null
	at EventBus.EventQueue.take(EventQueue.java:58)
	at Orchestrator.Orchestrator.start(Orchestrator.java:78)
	at Orchestrator.OrchestratorTests.lambda$runOrchestratorInThread$0(OrchestratorTests.java:71)
	at java.base/java.lang.Thread.run(Thread.java:1583)
10:54:21.015 [Thread-2] ERROR Orchestrator.Orchestrator -- Event queue was interrupted
java.lang.InterruptedException: null
	at EventBus.EventQueue.take(EventQueue.java:58)
	at Orchestrator.Orchestrator.start(Orchestrator.java:78)
	at Orchestrator.OrchestratorTests.lambda$runOrchestratorInThread$0(OrchestratorTests.java:71)
	at java.base/java.lang.Thread.run(Thread.java:1583)
10:54:21.015 [Thread-2] ERROR Orchestrator.Orchestrator -- Event queue was interrupted
java.lang.InterruptedException: null
	at EventBus.EventQueue.take(EventQueue.java:58)
	at Orchestrator.Orchestrator.start(Orchestrator.java:78)
	at Orchestrator.OrchestratorTests.lambda$runOrchestratorInThread$0(OrchestratorTests.java:71)
	at java.base/java.lang.Thread.run(Thread.java:1583)
10:54:21.015 [Thread-2] ERROR Orchestrator.Orchestrator -- Event queue was interrupted
java.lang.InterruptedException: null
	at EventBus.EventQueue.take(EventQueue.java:58)
	at Orchestrator.Orchestrator.start(Orchestrator.java:78)
	at Orchestrator.OrchestratorTests.lambda$runOrchestratorInThread$0(OrchestratorTests.java:71)
	at java.base/java.lang.Thread.run(Thread.java:1583)
10:54:21.015 [Thread-2] ERROR Orchestrator.Orchestrator -- Event queue was interrupted
java.lang.InterruptedException: null
	at EventBus.EventQueue.take(EventQueue.java:58)
	at Orchestrator.Orchestrator.start(Orchestrator.java:78)
	at Orchestrator.OrchestratorTests.lambda$runOrchestratorInThread$0(OrchestratorTests.java:71)
	at java.base/java.lang.Thread.run(Thread.java:1583)
10:54:21.015 [Thread-2] ERROR Orchestrator.Orchestrator -- Event queue was interrupted
java.lang.InterruptedException: null
	at EventBus.EventQueue.take(EventQueue.java:58)
	at Orchestrator.Orchestrator.start(Orchestrator.java:78)
	at Orchestrator.OrchestratorTests.lambda$runOrchestratorInThread$0(OrchestratorTests.java:71)
	at java.base/java.lang.Thread.run(Thread.java:1583)
10:54:21.015 [Thread-2] ERROR Orchestrator.Orchestrator -- Event queue was interrupted
java.lang.InterruptedException: null
	at EventBus.EventQueue.take(EventQueue.java:58)
	at Orchestrator.Orchestrator.start(Orchestrator.java:78)
	at Orchestrator.OrchestratorTests.lambda$runOrchestratorInThread$0(OrchestratorTests.java:71)
	at java.base/java.lang.Thread.run(Thread.java:1583)
10:54:21.015 [Thread-2] ERROR Orchestrator.Orchestrator -- Event queue was interrupted
java.lang.InterruptedException: null
	at EventBus.EventQueue.take(EventQueue.java:58)
	at Orchestrator.Orchestrator.start(Orchestrator.java:78)
	at Orchestrator.OrchestratorTests.lambda$runOrchestratorInThread$0(OrchestratorTests.java:71)
	at java.base/java.lang.Thread.run(Thread.java:1583)
10:54:21.015 [Thread-2] ERROR Orchestrator.Orchestrator -- Event queue was interrupted
java.lang.InterruptedException: null
	at EventBus.EventQueue.take(EventQueue.java:58)
	at Orchestrator.Orchestrator.start(Orchestrator.java:78)
	at Orchestrator.OrchestratorTests.lambda$runOrchestratorInThread$0(OrchestratorTests.java:71)
	at java.base/java.lang.Thread.run(Thread.java:1583)
10:54:21.015 [Thread-2] ERROR Orchestrator.Orchestrator -- Event queue was interrupted
java.lang.InterruptedException: null
	at EventBus.EventQueue.take(EventQueue.java:58)
	at Orchestrator.Orchestrator.start(Orchestrator.java:78)
	at Orchestrator.OrchestratorTests.lambda$runOrchestratorInThread$0(OrchestratorTests.java:71)
	at java.base/java.lang.Thread.run(Thread.java:1583)
10:54:21.015 [Thread-2] ERROR Orchestrator.Orchestrator -- Event queue was interrupted
java.lang.InterruptedException: null
	at EventBus.EventQueue.take(EventQueue.java:58)
	at Orchestrator.Orchestrator.start(Orchestrator.java:78)
	at Orchestrator.OrchestratorTests.lambda$runOrchestratorInThread$0(OrchestratorTests.java:71)
	at java.base/java.lang.Thread.run(Thread.java:1583)
10:54:21.015 [Thread-2] ERROR Orchestrator.Orchestrator -- Event queue was interrupted
java.lang.InterruptedException: null
	at EventBus.EventQueue.take(EventQueue.java:58)
	at Orchestrator.Orchestrator.start(Orchestrator.java:78)
	at Orchestrator.OrchestratorTests.lambda$runOrchestratorInThread$0(OrchestratorTests.java:71)
	at java.base/java.lang.Thread.run(Thread.java:1583)
10:54:21.015 [Thread-2] ERROR Orchestrator.Orchestrator -- Event queue was interrupted
java.lang.InterruptedException: null
	at EventBus.EventQueue.take(EventQueue.java:58)
	at Orchestrator.Orchestrator.start(Orchestrator.java:78)
	at Orchestrator.OrchestratorTests.lambda$runOrchestratorInThread$0(OrchestratorTests.java:71)
	at java.base/java.lang.Thread.run(Thread.java:1583)
10:54:21.015 [Thread-2] ERROR Orchestrator.Orchestrator -- Event queue was interrupted
java.lang.InterruptedException: null
	at EventBus.EventQueue.take(EventQueue.java:58)
	at Orchestrator.Orchestrator.start(Orchestrator.java:78)
	at Orchestrator.OrchestratorTests.lambda$runOrchestratorInThread$0(OrchestratorTests.java:71)
	at java.base/java.lang.Thread.run(Thread.java:1583)
10:54:21.015 [Thread-2] ERROR Orchestrator.Orchestrator -- Event queue was interrupted
java.lang.InterruptedException: null
	at EventBus.EventQueue.take(EventQueue.java:58)
	at Orchestrator.Orchestrator.start(Orchestrator.java:78)
	at Orchestrator.OrchestratorTests.lambda$runOrchestratorInThread$0(OrchestratorTests.java:71)
	at java.base/java.lang.Thread.run(Thread.java:1583)
10:54:21.015 [Thread-2] ERROR Orchestrator.Orchestrator -- Event queue was interrupted
java.lang.InterruptedException: null
	at EventBus.EventQueue.take(EventQueue.java:58)
	at Orchestrator.Orchestrator.start(Orchestrator.java:78)
	at Orchestrator.OrchestratorTests.lambda$runOrchestratorInThread$0(OrchestratorTests.java:71)
	at java.base/java.lang.Thread.run(Thread.java:1583)
10:54:21.015 [Thread-2] ERROR Orchestrator.Orchestrator -- Event queue was interrupted
java.lang.InterruptedException: null
	at EventBus.EventQueue.take(EventQueue.java:58)
	at Orchestrator.Orchestrator.start(Orchestrator.java:78)
	at Orchestrator.OrchestratorTests.lambda$runOrchestratorInThread$0(OrchestratorTests.java:71)
	at java.base/java.lang.Thread.run(Thread.java:1583)
10:54:21.015 [Thread-2] ERROR Orchestrator.Orchestrator -- Event queue was interrupted
java.lang.InterruptedException: null
	at EventBus.EventQueue.take(EventQueue.java:58)
	at Orchestrator.Orchestrator.start(Orchestrator.java:78)
	at Orchestrator.OrchestratorTests.lambda$runOrchestratorInThread$0(OrchestratorTests.java:71)
	at java.base/java.lang.Thread.run(Thread.java:1583)
10:54:21.015 [Thread-2] ERROR Orchestrator.Orchestrator -- Event queue was interrupted
java.lang.InterruptedException: null
	at EventBus.EventQueue.take(EventQueue.java:58)
	at Orchestrator.Orchestrator.start(Orchestrator.java:78)
	at Orchestrator.OrchestratorTests.lambda$runOrchestratorInThread$0(OrchestratorTests.java:71)
	at java.base/java.lang.Thread.run(Thread.java:1583)
10:54:21.015 [Thread-2] ERROR Orchestrator.Orchestrator -- Event queue was interrupted
java.lang.InterruptedException: null
	at EventBus.EventQueue.take(EventQueue.java:58)
	at Orchestrator.Orchestrator.start(Orchestrator.java:78)
	at Orchestrator.OrchestratorTests.lambda$runOrchestratorInThread$0(OrchestratorTests.java:71)
	at java.base/java.lang.Thread.run(Thread.java:1583)
10:54:21.015 [Thread-2] ERROR Orchestrator.Orchestrator -- Event queue was interrupted
java.lang.InterruptedException: null
	at EventBus.EventQueue.take(EventQueue.java:58)
	at Orchestrator.Orchestrator.start(Orchestrator.java:78)
	at Orchestrator.OrchestratorTests.lambda$runOrchestratorInThread$0(OrchestratorTests.java:71)
	at java.base/java.lang.Thread.run(Thread.java:1583)
10:54:21.015 [Thread-2] ERROR Orchestrator.Orchestrator -- Event queue was interrupted
java.lang.InterruptedException: null
	at EventBus.EventQueue.take(EventQueue.java:58)
	at Orchestrator.Orchestrator.start(Orchestrator.java:78)
	at Orchestrator.OrchestratorTests.lambda$runOrchestratorInThread$0(OrchestratorTests.java:71)
	at java.base/java.lang.Thread.run(Thread.java:1583)
10:54:21.016 [Thread-2] ERROR Orchestrator.Orchestrator -- Event queue was interrupted
java.lang.InterruptedException: null
	at EventBus.EventQueue.take(EventQueue.java:58)
	at Orchestrator.Orchestrator.start(Orchestrator.java:78)
	at Orchestrator.OrchestratorTests.lambda$runOrchestratorInThread$0(OrchestratorTests.java:71)
	at java.base/java.lang.Thread.run(Thread.java:1583)
10:54:21.016 [Thread-2] ERROR Orchestrator.Orchestrator -- Event queue was interrupted
java.lang.InterruptedException: null
	at EventBus.EventQueue.take(EventQueue.java:58)
	at Orchestrator.Orchestrator.start(Orchestrator.java:78)
	at Orchestrator.OrchestratorTests.lambda$runOrchestratorInThread$0(OrchestratorTests.java:71)
	at java.base/java.lang.Thread.run(Thread.java:1583)
10:54:21.016 [Thread-2] ERROR Orchestrator.Orchestrator -- Event queue was interrupted
java.lang.InterruptedException: null
	at EventBus.EventQueue.take(EventQueue.java:58)
	at Orchestrator.Orchestrator.start(Orchestrator.java:78)
	at Orchestrator.OrchestratorTests.lambda$runOrchestratorInThread$0(OrchestratorTests.java:71)
	at java.base/java.lang.Thread.run(Thread.java:1583)
10:54:21.016 [Thread-2] ERROR Orchestrator.Orchestrator -- Event queue was interrupted
java.lang.InterruptedException: null
	at EventBus.EventQueue.take(EventQueue.java:58)
	at Orchestrator.Orchestrator.start(Orchestrator.java:78)
	at Orchestrator.OrchestratorTests.lambda$runOrchestratorInThread$0(OrchestratorTests.java:71)
	at java.base/java.lang.Thread.run(Thread.java:1583)
10:54:21.016 [Thread-2] ERROR Orchestrator.Orchestrator -- Event queue was interrupted
java.lang.InterruptedException: null
	at EventBus.EventQueue.take(EventQueue.java:58)
	at Orchestrator.Orchestrator.start(Orchestrator.java:78)
	at Orchestrator.OrchestratorTests.lambda$runOrchestratorInThread$0(OrchestratorTests.java:71)
	at java.base/java.lang.Thread.run(Thread.java:1583)
10:54:21.016 [Thread-2] ERROR Orchestrator.Orchestrator -- Event queue was interrupted
java.lang.InterruptedException: null
	at EventBus.EventQueue.take(EventQueue.java:58)
	at Orchestrator.Orchestrator.start(Orchestrator.java:78)
	at Orchestrator.OrchestratorTests.lambda$runOrchestratorInThread$0(OrchestratorTests.java:71)
	at java.base/java.lang.Thread.run(Thread.java:1583)
10:54:21.016 [Thread-2] ERROR Orchestrator.Orchestrator -- Event queue was interrupted
java.lang.InterruptedException: null
	at EventBus.EventQueue.take(EventQueue.java:58)
	at Orchestrator.Orchestrator.start(Orchestrator.java:78)
	at Orchestrator.OrchestratorTests.lambda$runOrchestratorInThread$0(OrchestratorTests.java:71)
	at java.base/java.lang.Thread.run(Thread.java:1583)
10:54:21.016 [Thread-2] ERROR Orchestrator.Orchestrator -- Event queue was interrupted
java.lang.InterruptedException: null
	at EventBus.EventQueue.take(EventQueue.java:58)
	at Orchestrator.Orchestrator.start(Orchestrator.java:78)
	at Orchestrator.OrchestratorTests.lambda$runOrchestratorInThread$0(OrchestratorTests.java:71)
	at java.base/java.lang.Thread.run(Thread.java:1583)
10:54:21.016 [Thread-2] ERROR Orchestrator.Orchestrator -- Event queue was interrupted
java.lang.InterruptedException: null
	at EventBus.EventQueue.take(EventQueue.java:58)
	at Orchestrator.Orchestrator.start(Orchestrator.java:78)
	at Orchestrator.OrchestratorTests.lambda$runOrchestratorInThread$0(OrchestratorTests.java:71)
	at java.base/java.lang.Thread.run(Thread.java:1583)
10:54:21.016 [Thread-2] ERROR Orchestrator.Orchestrator -- Event queue was interrupted
java.lang.InterruptedException: null
	at EventBus.EventQueue.take(EventQueue.java:58)
	at Orchestrator.Orchestrator.start(Orchestrator.java:78)
	at Orchestrator.OrchestratorTests.lambda$runOrchestratorInThread$0(OrchestratorTests.java:71)
	at java.base/java.lang.Thread.run(Thread.java:1583)
10:54:21.016 [Thread-2] ERROR Orchestrator.Orchestrator -- Event queue was interrupted
java.lang.InterruptedException: null
	at EventBus.EventQueue.take(EventQueue.java:58)
	at Orchestrator.Orchestrator.start(Orchestrator.java:78)
	at Orchestrator.OrchestratorTests.lambda$runOrchestratorInThread$0(OrchestratorTests.java:71)
	at java.base/java.lang.Thread.run(Thread.java:1583)
10:54:21.016 [Thread-2] ERROR Orchestrator.Orchestrator -- Event queue was interrupted
java.lang.InterruptedException: null
	at EventBus.EventQueue.take(EventQueue.java:58)
	at Orchestrator.Orchestrator.start(Orchestrator.java:78)
	at Orchestrator.OrchestratorTests.lambda$runOrchestratorInThread$0(OrchestratorTests.java:71)
	at java.base/java.lang.Thread.run(Thread.java:1583)
10:54:21.016 [Thread-2] ERROR Orchestrator.Orchestrator -- Event queue was interrupted
java.lang.InterruptedException: null
	at EventBus.EventQueue.take(EventQueue.java:58)
	at Orchestrator.Orchestrator.start(Orchestrator.java:78)
	at Orchestrator.OrchestratorTests.lambda$runOrchestratorInThread$0(OrchestratorTests.java:71)
	at java.base/java.lang.Thread.run(Thread.java:1583)
10:54:21.016 [Thread-2] ERROR Orchestrator.Orchestrator -- Event queue was interrupted
java.lang.InterruptedException: null
	at EventBus.EventQueue.take(EventQueue.java:58)
	at Orchestrator.Orchestrator.start(Orchestrator.java:78)
	at Orchestrator.OrchestratorTests.lambda$runOrchestratorInThread$0(OrchestratorTests.java:71)
	at java.base/java.lang.Thread.run(Thread.java:1583)
10:54:21.016 [Thread-2] ERROR Orchestrator.Orchestrator -- Event queue was interrupted
java.lang.InterruptedException: null
	at EventBus.EventQueue.take(EventQueue.java:58)
	at Orchestrator.Orchestrator.start(Orchestrator.java:78)
	at Orchestrator.OrchestratorTests.lambda$runOrchestratorInThread$0(OrchestratorTests.java:71)
	at java.base/java.lang.Thread.run(Thread.java:1583)
10:54:21.017 [Thread-2] ERROR Orchestrator.Orchestrator -- Event queue was interrupted
java.lang.InterruptedException: null
	at EventBus.EventQueue.take(EventQueue.java:58)
	at Orchestrator.Orchestrator.start(Orchestrator.java:78)
	at Orchestrator.OrchestratorTests.lambda$runOrchestratorInThread$0(OrchestratorTests.java:71)
	at java.base/java.lang.Thread.run(Thread.java:1583)
10:54:21.017 [Thread-2] ERROR Orchestrator.Orchestrator -- Event queue was interrupted
java.lang.InterruptedException: null
	at EventBus.EventQueue.take(EventQueue.java:58)
	at Orchestrator.Orchestrator.start(Orchestrator.java:78)
	at Orchestrator.OrchestratorTests.lambda$runOrchestratorInThread$0(OrchestratorTests.java:71)
	at java.base/java.lang.Thread.run(Thread.java:1583)
10:54:21.017 [Thread-2] ERROR Orchestrator.Orchestrator -- Event queue was interrupted
java.lang.InterruptedException: null
	at EventBus.EventQueue.take(EventQueue.java:58)
	at Orchestrator.Orchestrator.start(Orchestrator.java:78)
	at Orchestrator.OrchestratorTests.lambda$runOrchestratorInThread$0(OrchestratorTests.java:71)
	at java.base/java.lang.Thread.run(Thread.java:1583)
10:54:21.017 [Thread-2] ERROR Orchestrator.Orchestrator -- Event queue was interrupted
java.lang.InterruptedException: null
	at EventBus.EventQueue.take(EventQueue.java:58)
	at Orchestrator.Orchestrator.start(Orchestrator.java:78)
	at Orchestrator.OrchestratorTests.lambda$runOrchestratorInThread$0(OrchestratorTests.java:71)
	at java.base/java.lang.Thread.run(Thread.java:1583)
10:54:21.017 [Thread-2] ERROR Orchestrator.Orchestrator -- Event queue was interrupted
java.lang.InterruptedException: null
	at EventBus.EventQueue.take(EventQueue.java:58)
	at Orchestrator.Orchestrator.start(Orchestrator.java:78)
	at Orchestrator.OrchestratorTests.lambda$runOrchestratorInThread$0(OrchestratorTests.java:71)
	at java.base/java.lang.Thread.run(Thread.java:1583)
10:54:21.017 [Thread-2] ERROR Orchestrator.Orchestrator -- Event queue was interrupted
java.lang.InterruptedException: null
	at EventBus.EventQueue.take(EventQueue.java:58)
	at Orchestrator.Orchestrator.start(Orchestrator.java:78)
	at Orchestrator.OrchestratorTests.lambda$runOrchestratorInThread$0(OrchestratorTests.java:71)
	at java.base/java.lang.Thread.run(Thread.java:1583)
10:54:21.017 [Thread-2] ERROR Orchestrator.Orchestrator -- Event queue was interrupted
java.lang.InterruptedException: null
	at EventBus.EventQueue.take(EventQueue.java:58)
	at Orchestrator.Orchestrator.start(Orchestrator.java:78)
	at Orchestrator.OrchestratorTests.lambda$runOrchestratorInThread$0(OrchestratorTests.java:71)
	at java.base/java.lang.Thread.run(Thread.java:1583)
10:54:21.017 [Thread-2] ERROR Orchestrator.Orchestrator -- Event queue was interrupted
java.lang.InterruptedException: null
	at EventBus.EventQueue.take(EventQueue.java:58)
	at Orchestrator.Orchestrator.start(Orchestrator.java:78)
	at Orchestrator.OrchestratorTests.lambda$runOrchestratorInThread$0(OrchestratorTests.java:71)
	at java.base/java.lang.Thread.run(Thread.java:1583)
10:54:21.017 [Thread-2] ERROR Orchestrator.Orchestrator -- Event queue was interrupted
java.lang.InterruptedException: null
	at EventBus.EventQueue.take(EventQueue.java:58)
	at Orchestrator.Orchestrator.start(Orchestrator.java:78)
	at Orchestrator.OrchestratorTests.lambda$runOrchestratorInThread$0(OrchestratorTests.java:71)
	at java.base/java.lang.Thread.run(Thread.java:1583)
10:54:21.017 [Thread-2] ERROR Orchestrator.Orchestrator -- Event queue was interrupted
java.lang.InterruptedException: null
	at EventBus.EventQueue.take(EventQueue.java:58)
	at Orchestrator.Orchestrator.start(Orchestrator.java:78)
	at Orchestrator.OrchestratorTests.lambda$runOrchestratorInThread$0(OrchestratorTests.java:71)
	at java.base/java.lang.Thread.run(Thread.java:1583)
10:54:21.017 [Thread-2] ERROR Orchestrator.Orchestrator -- Event queue was interrupted
java.lang.InterruptedException: null
	at EventBus.EventQueue.take(EventQueue.java:58)
	at Orchestrator.Orchestrator.start(Orchestrator.java:78)
	at Orchestrator.OrchestratorTests.lambda$runOrchestratorInThread$0(OrchestratorTests.java:71)
	at java.base/java.lang.Thread.run(Thread.java:1583)
10:54:21.017 [Thread-2] ERROR Orchestrator.Orchestrator -- Event queue was interrupted
java.lang.InterruptedException: null
	at EventBus.EventQueue.take(EventQueue.java:58)
	at Orchestrator.Orchestrator.start(Orchestrator.java:78)
	at Orchestrator.OrchestratorTests.lambda$runOrchestratorInThread$0(OrchestratorTests.java:71)
	at java.base/java.lang.Thread.run(Thread.java:1583)
10:54:21.017 [Thread-2] ERROR Orchestrator.Orchestrator -- Event queue was interrupted
java.lang.InterruptedException: null
	at EventBus.EventQueue.take(EventQueue.java:58)
	at Orchestrator.Orchestrator.start(Orchestrator.java:78)
	at Orchestrator.OrchestratorTests.lambda$runOrchestratorInThread$0(OrchestratorTests.java:71)
	at java.base/java.lang.Thread.run(Thread.java:1583)
10:54:21.017 [Thread-2] ERROR Orchestrator.Orchestrator -- Event queue was interrupted
java.lang.InterruptedException: null
	at EventBus.EventQueue.take(EventQueue.java:58)
	at Orchestrator.Orchestrator.start(Orchestrator.java:78)
	at Orchestrator.OrchestratorTests.lambda$runOrchestratorInThread$0(OrchestratorTests.java:71)
	at java.base/java.lang.Thread.run(Thread.java:1583)
10:54:21.017 [Thread-2] ERROR Orchestrator.Orchestrator -- Event queue was interrupted
java.lang.InterruptedException: null
	at EventBus.EventQueue.take(EventQueue.java:58)
	at Orchestrator.Orchestrator.start(Orchestrator.java:78)
	at Orchestrator.OrchestratorTests.lambda$runOrchestratorInThread$0(OrchestratorTests.java:71)
	at java.base/java.lang.Thread.run(Thread.java:1583)
10:54:21.018 [Thread-2] ERROR Orchestrator.Orchestrator -- Event queue was interrupted
java.lang.InterruptedException: null
	at EventBus.EventQueue.take(EventQueue.java:58)
	at Orchestrator.Orchestrator.start(Orchestrator.java:78)
	at Orchestrator.OrchestratorTests.lambda$runOrchestratorInThread$0(OrchestratorTests.java:71)
	at java.base/java.lang.Thread.run(Thread.java:1583)
10:54:21.018 [Thread-2] ERROR Orchestrator.Orchestrator -- Event queue was interrupted
java.lang.InterruptedException: null
	at EventBus.EventQueue.take(EventQueue.java:58)
	at Orchestrator.Orchestrator.start(Orchestrator.java:78)
	at Orchestrator.OrchestratorTests.lambda$runOrchestratorInThread$0(OrchestratorTests.java:71)
	at java.base/java.lang.Thread.run(Thread.java:1583)
10:54:21.018 [Thread-2] ERROR Orchestrator.Orchestrator -- Event queue was interrupted
java.lang.InterruptedException: null
	at EventBus.EventQueue.take(EventQueue.java:58)
	at Orchestrator.Orchestrator.start(Orchestrator.java:78)
	at Orchestrator.OrchestratorTests.lambda$runOrchestratorInThread$0(OrchestratorTests.java:71)
	at java.base/java.lang.Thread.run(Thread.java:1583)
10:54:21.018 [Thread-2] ERROR Orchestrator.Orchestrator -- Event queue was interrupted
java.lang.InterruptedException: null
	at EventBus.EventQueue.take(EventQueue.java:58)
	at Orchestrator.Orchestrator.start(Orchestrator.java:78)
	at Orchestrator.OrchestratorTests.lambda$runOrchestratorInThread$0(OrchestratorTests.java:71)
	at java.base/java.lang.Thread.run(Thread.java:1583)
10:54:21.018 [Thread-2] ERROR Orchestrator.Orchestrator -- Event queue was interrupted
java.lang.InterruptedException: null
	at EventBus.EventQueue.take(EventQueue.java:58)
	at Orchestrator.Orchestrator.start(Orchestrator.java:78)
	at Orchestrator.OrchestratorTests.lambda$runOrchestratorInThread$0(OrchestratorTests.java:71)
	at java.base/java.lang.Thread.run(Thread.java:1583)
10:54:21.018 [Thread-2] ERROR Orchestrator.Orchestrator -- Event queue was interrupted
java.lang.InterruptedException: null
	at EventBus.EventQueue.take(EventQueue.java:58)
	at Orchestrator.Orchestrator.start(Orchestrator.java:78)
	at Orchestrator.OrchestratorTests.lambda$runOrchestratorInThread$0(OrchestratorTests.java:71)
	at java.base/java.lang.Thread.run(Thread.java:1583)
10:54:21.018 [Thread-2] ERROR Orchestrator.Orchestrator -- Event queue was interrupted
java.lang.InterruptedException: null
	at EventBus.EventQueue.take(EventQueue.java:58)
	at Orchestrator.Orchestrator.start(Orchestrator.java:78)
	at Orchestrator.OrchestratorTests.lambda$runOrchestratorInThread$0(OrchestratorTests.java:71)
	at java.base/java.lang.Thread.run(Thread.java:1583)
10:54:21.018 [Thread-2] ERROR Orchestrator.Orchestrator -- Event queue was interrupted
java.lang.InterruptedException: null
	at EventBus.EventQueue.take(EventQueue.java:58)
	at Orchestrator.Orchestrator.start(Orchestrator.java:78)
	at Orchestrator.OrchestratorTests.lambda$runOrchestratorInThread$0(OrchestratorTests.java:71)
	at java.base/java.lang.Thread.run(Thread.java:1583)
10:54:21.018 [Thread-2] ERROR Orchestrator.Orchestrator -- Event queue was interrupted
java.lang.InterruptedException: null
	at EventBus.EventQueue.take(EventQueue.java:58)
	at Orchestrator.Orchestrator.start(Orchestrator.java:78)
	at Orchestrator.OrchestratorTests.lambda$runOrchestratorInThread$0(OrchestratorTests.java:71)
	at java.base/java.lang.Thread.run(Thread.java:1583)
10:54:21.018 [Thread-2] ERROR Orchestrator.Orchestrator -- Event queue was interrupted
java.lang.InterruptedException: null
	at EventBus.EventQueue.take(EventQueue.java:58)
	at Orchestrator.Orchestrator.start(Orchestrator.java:78)
	at Orchestrator.OrchestratorTests.lambda$runOrchestratorInThread$0(OrchestratorTests.java:71)
	at java.base/java.lang.Thread.run(Thread.java:1583)
10:54:21.018 [Thread-2] ERROR Orchestrator.Orchestrator -- Event queue was interrupted
java.lang.InterruptedException: null
	at EventBus.EventQueue.take(EventQueue.java:58)
	at Orchestrator.Orchestrator.start(Orchestrator.java:78)
	at Orchestrator.OrchestratorTests.lambda$runOrchestratorInThread$0(OrchestratorTests.java:71)
	at java.base/java.lang.Thread.run(Thread.java:1583)
10:54:21.018 [Thread-2] ERROR Orchestrator.Orchestrator -- Event queue was interrupted
java.lang.InterruptedException: null
	at EventBus.EventQueue.take(EventQueue.java:58)
	at Orchestrator.Orchestrator.start(Orchestrator.java:78)
	at Orchestrator.OrchestratorTests.lambda$runOrchestratorInThread$0(OrchestratorTests.java:71)
	at java.base/java.lang.Thread.run(Thread.java:1583)
10:54:21.018 [Thread-2] ERROR Orchestrator.Orchestrator -- Event queue was interrupted
java.lang.InterruptedException: null
	at EventBus.EventQueue.take(EventQueue.java:58)
	at Orchestrator.Orchestrator.start(Orchestrator.java:78)
	at Orchestrator.OrchestratorTests.lambda$runOrchestratorInThread$0(OrchestratorTests.java:71)
	at java.base/java.lang.Thread.run(Thread.java:1583)
10:54:21.018 [Thread-2] ERROR Orchestrator.Orchestrator -- Event queue was interrupted
java.lang.InterruptedException: null
	at EventBus.EventQueue.take(EventQueue.java:58)
	at Orchestrator.Orchestrator.start(Orchestrator.java:78)
	at Orchestrator.OrchestratorTests.lambda$runOrchestratorInThread$0(OrchestratorTests.java:71)
	at java.base/java.lang.Thread.run(Thread.java:1583)
10:54:21.018 [Thread-2] ERROR Orchestrator.Orchestrator -- Event queue was interrupted
java.lang.InterruptedException: null
	at EventBus.EventQueue.take(EventQueue.java:58)
	at Orchestrator.Orchestrator.start(Orchestrator.java:78)
	at Orchestrator.OrchestratorTests.lambda$runOrchestratorInThread$0(OrchestratorTests.java:71)
	at java.base/java.lang.Thread.run(Thread.java:1583)
10:54:21.014 [Thread-1] ERROR Orchestrator.Orchestrator -- Event queue was interrupted
java.lang.InterruptedException: null
	at EventBus.EventQueue.take(EventQueue.java:58)
	at Orchestrator.Orchestrator.start(Orchestrator.java:78)
	at Orchestrator.OrchestratorTests.lambda$runOrchestratorInThread$0(OrchestratorTests.java:71)
	at java.base/java.lang.Thread.run(Thread.java:1583)
10:54:21.018 [Thread-2] ERROR Orchestrator.Orchestrator -- Event queue was interrupted
java.lang.InterruptedException: null
	at EventBus.EventQueue.take(EventQueue.java:58)
	at Orchestrator.Orchestrator.start(Orchestrator.java:78)
	at Orchestrator.OrchestratorTests.lambda$runOrchestratorInThread$0(OrchestratorTests.java:71)
	at java.base/java.lang.Thread.run(Thread.java:1583)
10:54:21.019 [Thread-1] ERROR Orchestrator.Orchestrator -- Event queue was interrupted
java.lang.InterruptedException: null
	at EventBus.EventQueue.take(EventQueue.java:58)
	at Orchestrator.Orchestrator.start(Orchestrator.java:78)
	at Orchestrator.OrchestratorTests.lambda$runOrchestratorInThread$0(OrchestratorTests.java:71)
	at java.base/java.lang.Thread.run(Thread.java:1583)
10:54:21.019 [Thread-1] ERROR Orchestrator.Orchestrator -- Event queue was interrupted
java.lang.InterruptedException: null
	at EventBus.EventQueue.take(EventQueue.java:58)
	at Orchestrator.Orchestrator.start(Orchestrator.java:78)
	at Orchestrator.OrchestratorTests.lambda$runOrchestratorInThread$0(OrchestratorTests.java:71)
	at java.base/java.lang.Thread.run(Thread.java:1583)
10:54:21.019 [Thread-1] ERROR Orchestrator.Orchestrator -- Event queue was interrupted
java.lang.InterruptedException: null
	at EventBus.EventQueue.take(EventQueue.java:58)
	at Orchestrator.Orchestrator.start(Orchestrator.java:78)
	at Orchestrator.OrchestratorTests.lambda$runOrchestratorInThread$0(OrchestratorTests.java:71)
	at java.base/java.lang.Thread.run(Thread.java:1583)
10:54:21.019 [Thread-1] ERROR Orchestrator.Orchestrator -- Event queue was interrupted
java.lang.InterruptedException: null
	at EventBus.EventQueue.take(EventQueue.java:58)
	at Orchestrator.Orchestrator.start(Orchestrator.java:78)
	at Orchestrator.OrchestratorTests.lambda$runOrchestratorInThread$0(OrchestratorTests.java:71)
	at java.base/java.lang.Thread.run(Thread.java:1583)
10:54:21.019 [Thread-1] ERROR Orchestrator.Orchestrator -- Event queue was interrupted
java.lang.InterruptedException: null
	at EventBus.EventQueue.take(EventQueue.java:58)
	at Orchestrator.Orchestrator.start(Orchestrator.java:78)
	at Orchestrator.OrchestratorTests.lambda$runOrchestratorInThread$0(OrchestratorTests.java:71)
	at java.base/java.lang.Thread.run(Thread.java:1583)
10:54:21.019 [Thread-1] ERROR Orchestrator.Orchestrator -- Event queue was interrupted
java.lang.InterruptedException: null
	at EventBus.EventQueue.take(EventQueue.java:58)
	at Orchestrator.Orchestrator.start(Orchestrator.java:78)
	at Orchestrator.OrchestratorTests.lambda$runOrchestratorInThread$0(OrchestratorTests.java:71)
	at java.base/java.lang.Thread.run(Thread.java:1583)
10:54:21.019 [Thread-1] ERROR Orchestrator.Orchestrator -- Event queue was interrupted
java.lang.InterruptedException: null
	at EventBus.EventQueue.take(EventQueue.java:58)
	at Orchestrator.Orchestrator.start(Orchestrator.java:78)
	at Orchestrator.OrchestratorTests.lambda$runOrchestratorInThread$0(OrchestratorTests.java:71)
	at java.base/java.lang.Thread.run(Thread.java:1583)
10:54:21.019 [Thread-1] ERROR Orchestrator.Orchestrator -- Event queue was interrupted
java.lang.InterruptedException: null
	at EventBus.EventQueue.take(EventQueue.java:58)
	at Orchestrator.Orchestrator.start(Orchestrator.java:78)
	at Orchestrator.OrchestratorTests.lambda$runOrchestratorInThread$0(OrchestratorTests.java:71)
	at java.base/java.lang.Thread.run(Thread.java:1583)
10:54:21.019 [Thread-1] ERROR Orchestrator.Orchestrator -- Event queue was interrupted
java.lang.InterruptedException: null
	at EventBus.EventQueue.take(EventQueue.java:58)
	at Orchestrator.Orchestrator.start(Orchestrator.java:78)
	at Orchestrator.OrchestratorTests.lambda$runOrchestratorInThread$0(OrchestratorTests.java:71)
	at java.base/java.lang.Thread.run(Thread.java:1583)
10:54:21.019 [Thread-1] ERROR Orchestrator.Orchestrator -- Event queue was interrupted
java.lang.InterruptedException: null
	at EventBus.EventQueue.take(EventQueue.java:58)
	at Orchestrator.Orchestrator.start(Orchestrator.java:78)
	at Orchestrator.OrchestratorTests.lambda$runOrchestratorInThread$0(OrchestratorTests.java:71)
	at java.base/java.lang.Thread.run(Thread.java:1583)
10:54:21.019 [Thread-1] ERROR Orchestrator.Orchestrator -- Event queue was interrupted
java.lang.InterruptedException: null
	at EventBus.EventQueue.take(EventQueue.java:58)
	at Orchestrator.Orchestrator.start(Orchestrator.java:78)
	at Orchestrator.OrchestratorTests.lambda$runOrchestratorInThread$0(OrchestratorTests.java:71)
	at java.base/java.lang.Thread.run(Thread.java:1583)
10:54:21.019 [Thread-1] ERROR Orchestrator.Orchestrator -- Event queue was interrupted
java.lang.InterruptedException: null
	at EventBus.EventQueue.take(EventQueue.java:58)
	at Orchestrator.Orchestrator.start(Orchestrator.java:78)
	at Orchestrator.OrchestratorTests.lambda$runOrchestratorInThread$0(OrchestratorTests.java:71)
	at java.base/java.lang.Thread.run(Thread.java:1583)
10:54:21.019 [Thread-1] ERROR Orchestrator.Orchestrator -- Event queue was interrupted
java.lang.InterruptedException: null
	at EventBus.EventQueue.take(EventQueue.java:58)
	at Orchestrator.Orchestrator.start(Orchestrator.java:78)
	at Orchestrator.OrchestratorTests.lambda$runOrchestratorInThread$0(OrchestratorTests.java:71)
	at java.base/java.lang.Thread.run(Thread.java:1583)
10:54:21.019 [Thread-1] ERROR Orchestrator.Orchestrator -- Event queue was interrupted
java.lang.InterruptedException: null
	at EventBus.EventQueue.take(EventQueue.java:58)
	at Orchestrator.Orchestrator.start(Orchestrator.java:78)
	at Orchestrator.OrchestratorTests.lambda$runOrchestratorInThread$0(OrchestratorTests.java:71)
	at java.base/java.lang.Thread.run(Thread.java:1583)
10:54:21.019 [Thread-1] ERROR Orchestrator.Orchestrator -- Event queue was interrupted
java.lang.InterruptedException: null
	at EventBus.EventQueue.take(EventQueue.java:58)
	at Orchestrator.Orchestrator.start(Orchestrator.java:78)
	at Orchestrator.OrchestratorTests.lambda$runOrchestratorInThread$0(OrchestratorTests.java:71)
	at java.base/java.lang.Thread.run(Thread.java:1583)
10:54:21.020 [Thread-1] ERROR Orchestrator.Orchestrator -- Event queue was interrupted
java.lang.InterruptedException: null
	at EventBus.EventQueue.take(EventQueue.java:58)
	at Orchestrator.Orchestrator.start(Orchestrator.java:78)
	at Orchestrator.OrchestratorTests.lambda$runOrchestratorInThread$0(OrchestratorTests.java:71)
	at java.base/java.lang.Thread.run(Thread.java:1583)
10:54:21.020 [Thread-1] ERROR Orchestrator.Orchestrator -- Event queue was interrupted
java.lang.InterruptedException: null
	at EventBus.EventQueue.take(EventQueue.java:58)
	at Orchestrator.Orchestrator.start(Orchestrator.java:78)
	at Orchestrator.OrchestratorTests.lambda$runOrchestratorInThread$0(OrchestratorTests.java:71)
	at java.base/java.lang.Thread.run(Thread.java:1583)
10:54:21.020 [Thread-1] ERROR Orchestrator.Orchestrator -- Event queue was interrupted
java.lang.InterruptedException: null
	at EventBus.EventQueue.take(EventQueue.java:58)
	at Orchestrator.Orchestrator.start(Orchestrator.java:78)
	at Orchestrator.OrchestratorTests.lambda$runOrchestratorInThread$0(OrchestratorTests.java:71)
	at java.base/java.lang.Thread.run(Thread.java:1583)
10:54:21.020 [Thread-1] ERROR Orchestrator.Orchestrator -- Event queue was interrupted
java.lang.InterruptedException: null
	at EventBus.EventQueue.take(EventQueue.java:58)
	at Orchestrator.Orchestrator.start(Orchestrator.java:78)
	at Orchestrator.OrchestratorTests.lambda$runOrchestratorInThread$0(OrchestratorTests.java:71)
	at java.base/java.lang.Thread.run(Thread.java:1583)
10:54:21.020 [Thread-1] ERROR Orchestrator.Orchestrator -- Event queue was interrupted
java.lang.InterruptedException: null
	at EventBus.EventQueue.take(EventQueue.java:58)
	at Orchestrator.Orchestrator.start(Orchestrator.java:78)
	at Orchestrator.OrchestratorTests.lambda$runOrchestratorInThread$0(OrchestratorTests.java:71)
	at java.base/java.lang.Thread.run(Thread.java:1583)
10:54:21.020 [Thread-1] ERROR Orchestrator.Orchestrator -- Event queue was interrupted
java.lang.InterruptedException: null
	at EventBus.EventQueue.take(EventQueue.java:58)
	at Orchestrator.Orchestrator.start(Orchestrator.java:78)
	at Orchestrator.OrchestratorTests.lambda$runOrchestratorInThread$0(OrchestratorTests.java:71)
	at java.base/java.lang.Thread.run(Thread.java:1583)
10:54:21.020 [Thread-1] ERROR Orchestrator.Orchestrator -- Event queue was interrupted
java.lang.InterruptedException: null
	at EventBus.EventQueue.take(EventQueue.java:58)
	at Orchestrator.Orchestrator.start(Orchestrator.java:78)
	at Orchestrator.OrchestratorTests.lambda$runOrchestratorInThread$0(OrchestratorTests.java:71)
	at java.base/java.lang.Thread.run(Thread.java:1583)
10:54:21.020 [Thread-1] ERROR Orchestrator.Orchestrator -- Event queue was interrupted
java.lang.InterruptedException: null
	at EventBus.EventQueue.take(EventQueue.java:58)
	at Orchestrator.Orchestrator.start(Orchestrator.java:78)
	at Orchestrator.OrchestratorTests.lambda$runOrchestratorInThread$0(OrchestratorTests.java:71)
	at java.base/java.lang.Thread.run(Thread.java:1583)
10:54:21.020 [Thread-1] ERROR Orchestrator.Orchestrator -- Event queue was interrupted
java.lang.InterruptedException: null
	at EventBus.EventQueue.take(EventQueue.java:58)
	at Orchestrator.Orchestrator.start(Orchestrator.java:78)
	at Orchestrator.OrchestratorTests.lambda$runOrchestratorInThread$0(OrchestratorTests.java:71)
	at java.base/java.lang.Thread.run(Thread.java:1583)
10:54:21.020 [Thread-1] ERROR Orchestrator.Orchestrator -- Event queue was interrupted
java.lang.InterruptedException: null
	at EventBus.EventQueue.take(EventQueue.java:58)
	at Orchestrator.Orchestrator.start(Orchestrator.java:78)
	at Orchestrator.OrchestratorTests.lambda$runOrchestratorInThread$0(OrchestratorTests.java:71)
	at java.base/java.lang.Thread.run(Thread.java:1583)
10:54:21.020 [Thread-1] ERROR Orchestrator.Orchestrator -- Event queue was interrupted
java.lang.InterruptedException: null
	at EventBus.EventQueue.take(EventQueue.java:58)
	at Orchestrator.Orchestrator.start(Orchestrator.java:78)
	at Orchestrator.OrchestratorTests.lambda$runOrchestratorInThread$0(OrchestratorTests.java:71)
	at java.base/java.lang.Thread.run(Thread.java:1583)
10:54:21.020 [Thread-1] ERROR Orchestrator.Orchestrator -- Event queue was interrupted
java.lang.InterruptedException: null
	at EventBus.EventQueue.take(EventQueue.java:58)
	at Orchestrator.Orchestrator.start(Orchestrator.java:78)
	at Orchestrator.OrchestratorTests.lambda$runOrchestratorInThread$0(OrchestratorTests.java:71)
	at java.base/java.lang.Thread.run(Thread.java:1583)
10:54:21.020 [Thread-1] ERROR Orchestrator.Orchestrator -- Event queue was interrupted
java.lang.InterruptedException: null
	at EventBus.EventQueue.take(EventQueue.java:58)
	at Orchestrator.Orchestrator.start(Orchestrator.java:78)
	at Orchestrator.OrchestratorTests.lambda$runOrchestratorInThread$0(OrchestratorTests.java:71)
	at java.base/java.lang.Thread.run(Thread.java:1583)
10:54:21.020 [Thread-1] ERROR Orchestrator.Orchestrator -- Event queue was interrupted
java.lang.InterruptedException: null
	at EventBus.EventQueue.take(EventQueue.java:58)
	at Orchestrator.Orchestrator.start(Orchestrator.java:78)
	at Orchestrator.OrchestratorTests.lambda$runOrchestratorInThread$0(OrchestratorTests.java:71)
	at java.base/java.lang.Thread.run(Thread.java:1583)
10:54:21.020 [Thread-1] ERROR Orchestrator.Orchestrator -- Event queue was interrupted
java.lang.InterruptedException: null
	at EventBus.EventQueue.take(EventQueue.java:58)
	at Orchestrator.Orchestrator.start(Orchestrator.java:78)
	at Orchestrator.OrchestratorTests.lambda$runOrchestratorInThread$0(OrchestratorTests.java:71)
	at java.base/java.lang.Thread.run(Thread.java:1583)
10:54:21.020 [Thread-1] ERROR Orchestrator.Orchestrator -- Event queue was interrupted
java.lang.InterruptedException: null
	at EventBus.EventQueue.take(EventQueue.java:58)
	at Orchestrator.Orchestrator.start(Orchestrator.java:78)
	at Orchestrator.OrchestratorTests.lambda$runOrchestratorInThread$0(OrchestratorTests.java:71)
	at java.base/java.lang.Thread.run(Thread.java:1583)
10:54:21.020 [Thread-1] ERROR Orchestrator.Orchestrator -- Event queue was interrupted
java.lang.InterruptedException: null
	at EventBus.EventQueue.take(EventQueue.java:58)
	at Orchestrator.Orchestrator.start(Orchestrator.java:78)
	at Orchestrator.OrchestratorTests.lambda$runOrchestratorInThread$0(OrchestratorTests.java:71)
	at java.base/java.lang.Thread.run(Thread.java:1583)
10:54:21.020 [Thread-1] ERROR Orchestrator.Orchestrator -- Event queue was interrupted
java.lang.InterruptedException: null
	at EventBus.EventQueue.take(EventQueue.java:58)
	at Orchestrator.Orchestrator.start(Orchestrator.java:78)
	at Orchestrator.OrchestratorTests.lambda$runOrchestratorInThread$0(OrchestratorTests.java:71)
	at java.base/java.lang.Thread.run(Thread.java:1583)
10:54:21.020 [Thread-1] ERROR Orchestrator.Orchestrator -- Event queue was interrupted
java.lang.InterruptedException: null
	at EventBus.EventQueue.take(EventQueue.java:58)
	at Orchestrator.Orchestrator.start(Orchestrator.java:78)
	at Orchestrator.OrchestratorTests.lambda$runOrchestratorInThread$0(OrchestratorTests.java:71)
	at java.base/java.lang.Thread.run(Thread.java:1583)
10:54:21.020 [Thread-1] ERROR Orchestrator.Orchestrator -- Event queue was interrupted
java.lang.InterruptedException: null
	at EventBus.EventQueue.take(EventQueue.java:58)
	at Orchestrator.Orchestrator.start(Orchestrator.java:78)
	at Orchestrator.OrchestratorTests.lambda$runOrchestratorInThread$0(OrchestratorTests.java:71)
	at java.base/java.lang.Thread.run(Thread.java:1583)
10:54:21.021 [Thread-1] ERROR Orchestrator.Orchestrator -- Event queue was interrupted
java.lang.InterruptedException: null
	at EventBus.EventQueue.take(EventQueue.java:58)
	at Orchestrator.Orchestrator.start(Orchestrator.java:78)
	at Orchestrator.OrchestratorTests.lambda$runOrchestratorInThread$0(OrchestratorTests.java:71)
	at java.base/java.lang.Thread.run(Thread.java:1583)
10:54:21.021 [Thread-2] ERROR Orchestrator.Orchestrator -- Event queue was interrupted
java.lang.InterruptedException: null
	at EventBus.EventQueue.take(EventQueue.java:58)
	at Orchestrator.Orchestrator.start(Orchestrator.java:78)
	at Orchestrator.OrchestratorTests.lambda$runOrchestratorInThread$0(OrchestratorTests.java:71)
	at java.base/java.lang.Thread.run(Thread.java:1583)
10:54:21.021 [Thread-1] ERROR Orchestrator.Orchestrator -- Event queue was interrupted
java.lang.InterruptedException: null
	at EventBus.EventQueue.take(EventQueue.java:58)
	at Orchestrator.Orchestrator.start(Orchestrator.java:78)
	at Orchestrator.OrchestratorTests.lambda$runOrchestratorInThread$0(OrchestratorTests.java:71)
	at java.base/java.lang.Thread.run(Thread.java:1583)
10:54:21.021 [Thread-1] ERROR Orchestrator.Orchestrator -- Event queue was interrupted
java.lang.InterruptedException: null
	at EventBus.EventQueue.take(EventQueue.java:58)
	at Orchestrator.Orchestrator.start(Orchestrator.java:78)
	at Orchestrator.OrchestratorTests.lambda$runOrchestratorInThread$0(OrchestratorTests.java:71)
	at java.base/java.lang.Thread.run(Thread.java:1583)
10:54:21.021 [Thread-2] ERROR Orchestrator.Orchestrator -- Event queue was interrupted
java.lang.InterruptedException: null
	at EventBus.EventQueue.take(EventQueue.java:58)
	at Orchestrator.Orchestrator.start(Orchestrator.java:78)
	at Orchestrator.OrchestratorTests.lambda$runOrchestratorInThread$0(OrchestratorTests.java:71)
	at java.base/java.lang.Thread.run(Thread.java:1583)
10:54:21.021 [Thread-1] ERROR Orchestrator.Orchestrator -- Event queue was interrupted
java.lang.InterruptedException: null
	at EventBus.EventQueue.take(EventQueue.java:58)
	at Orchestrator.Orchestrator.start(Orchestrator.java:78)
	at Orchestrator.OrchestratorTests.lambda$runOrchestratorInThread$0(OrchestratorTests.java:71)
	at java.base/java.lang.Thread.run(Thread.java:1583)
10:54:21.021 [Thread-2] ERROR Orchestrator.Orchestrator -- Event queue was interrupted
java.lang.InterruptedException: null
	at EventBus.EventQueue.take(EventQueue.java:58)
	at Orchestrator.Orchestrator.start(Orchestrator.java:78)
	at Orchestrator.OrchestratorTests.lambda$runOrchestratorInThread$0(OrchestratorTests.java:71)
	at java.base/java.lang.Thread.run(Thread.java:1583)
10:54:21.021 [Thread-1] ERROR Orchestrator.Orchestrator -- Event queue was interrupted
java.lang.InterruptedException: null
	at EventBus.EventQueue.take(EventQueue.java:58)
	at Orchestrator.Orchestrator.start(Orchestrator.java:78)
	at Orchestrator.OrchestratorTests.lambda$runOrchestratorInThread$0(OrchestratorTests.java:71)
	at java.base/java.lang.Thread.run(Thread.java:1583)
10:54:21.021 [Thread-2] ERROR Orchestrator.Orchestrator -- Event queue was interrupted
java.lang.InterruptedException: null
	at EventBus.EventQueue.take(EventQueue.java:58)
	at Orchestrator.Orchestrator.start(Orchestrator.java:78)
	at Orchestrator.OrchestratorTests.lambda$runOrchestratorInThread$0(OrchestratorTests.java:71)
	at java.base/java.lang.Thread.run(Thread.java:1583)
10:54:21.021 [Thread-1] ERROR Orchestrator.Orchestrator -- Event queue was interrupted
java.lang.InterruptedException: null
	at EventBus.EventQueue.take(EventQueue.java:58)
	at Orchestrator.Orchestrator.start(Orchestrator.java:78)
	at Orchestrator.OrchestratorTests.lambda$runOrchestratorInThread$0(OrchestratorTests.java:71)
	at java.base/java.lang.Thread.run(Thread.java:1583)
10:54:21.021 [Thread-1] ERROR Orchestrator.Orchestrator -- Event queue was interrupted
java.lang.InterruptedException: null
	at EventBus.EventQueue.take(EventQueue.java:58)
	at Orchestrator.Orchestrator.start(Orchestrator.java:78)
	at Orchestrator.OrchestratorTests.lambda$runOrchestratorInThread$0(OrchestratorTests.java:71)
	at java.base/java.lang.Thread.run(Thread.java:1583)
10:54:21.021 [Thread-2] ERROR Orchestrator.Orchestrator -- Event queue was interrupted
java.lang.InterruptedException: null
	at EventBus.EventQueue.take(EventQueue.java:58)
	at Orchestrator.Orchestrator.start(Orchestrator.java:78)
	at Orchestrator.OrchestratorTests.lambda$runOrchestratorInThread$0(OrchestratorTests.java:71)
	at java.base/java.lang.Thread.run(Thread.java:1583)
10:54:21.021 [Thread-1] ERROR Orchestrator.Orchestrator -- Event queue was interrupted
java.lang.InterruptedException: null
	at EventBus.EventQueue.take(EventQueue.java:58)
	at Orchestrator.Orchestrator.start(Orchestrator.java:78)
	at Orchestrator.OrchestratorTests.lambda$runOrchestratorInThread$0(OrchestratorTests.java:71)
	at java.base/java.lang.Thread.run(Thread.java:1583)
10:54:21.021 [Thread-2] ERROR Orchestrator.Orchestrator -- Event queue was interrupted
java.lang.InterruptedException: null
	at EventBus.EventQueue.take(EventQueue.java:58)
	at Orchestrator.Orchestrator.start(Orchestrator.java:78)
	at Orchestrator.OrchestratorTests.lambda$runOrchestratorInThread$0(OrchestratorTests.java:71)
	at java.base/java.lang.Thread.run(Thread.java:1583)
10:54:21.021 [Thread-1] ERROR Orchestrator.Orchestrator -- Event queue was interrupted
java.lang.InterruptedException: null
	at EventBus.EventQueue.take(EventQueue.java:58)
	at Orchestrator.Orchestrator.start(Orchestrator.java:78)
	at Orchestrator.OrchestratorTests.lambda$runOrchestratorInThread$0(OrchestratorTests.java:71)
	at java.base/java.lang.Thread.run(Thread.java:1583)
10:54:21.021 [Thread-1] ERROR Orchestrator.Orchestrator -- Event queue was interrupted
java.lang.InterruptedException: null
	at EventBus.EventQueue.take(EventQueue.java:58)
	at Orchestrator.Orchestrator.start(Orchestrator.java:78)
	at Orchestrator.OrchestratorTests.lambda$runOrchestratorInThread$0(OrchestratorTests.java:71)
	at java.base/java.lang.Thread.run(Thread.java:1583)
10:54:21.021 [Thread-2] ERROR Orchestrator.Orchestrator -- Event queue was interrupted
java.lang.InterruptedException: null
	at EventBus.EventQueue.take(EventQueue.java:58)
	at Orchestrator.Orchestrator.start(Orchestrator.java:78)
	at Orchestrator.OrchestratorTests.lambda$runOrchestratorInThread$0(OrchestratorTests.java:71)
	at java.base/java.lang.Thread.run(Thread.java:1583)
10:54:21.021 [Thread-1] ERROR Orchestrator.Orchestrator -- Event queue was interrupted
java.lang.InterruptedException: null
	at EventBus.EventQueue.take(EventQueue.java:58)
	at Orchestrator.Orchestrator.start(Orchestrator.java:78)
	at Orchestrator.OrchestratorTests.lambda$runOrchestratorInThread$0(OrchestratorTests.java:71)
	at java.base/java.lang.Thread.run(Thread.java:1583)
10:54:21.021 [Thread-2] ERROR Orchestrator.Orchestrator -- Event queue was interrupted
java.lang.InterruptedException: null
	at EventBus.EventQueue.take(EventQueue.java:58)
	at Orchestrator.Orchestrator.start(Orchestrator.java:78)
	at Orchestrator.OrchestratorTests.lambda$runOrchestratorInThread$0(OrchestratorTests.java:71)
	at java.base/java.lang.Thread.run(Thread.java:1583)
10:54:21.021 [Thread-1] ERROR Orchestrator.Orchestrator -- Event queue was interrupted
java.lang.InterruptedException: null
	at EventBus.EventQueue.take(EventQueue.java:58)
	at Orchestrator.Orchestrator.start(Orchestrator.java:78)
	at Orchestrator.OrchestratorTests.lambda$runOrchestratorInThread$0(OrchestratorTests.java:71)
	at java.base/java.lang.Thread.run(Thread.java:1583)
10:54:21.021 [Thread-2] ERROR Orchestrator.Orchestrator -- Event queue was interrupted
java.lang.InterruptedException: null
	at EventBus.EventQueue.take(EventQueue.java:58)
	at Orchestrator.Orchestrator.start(Orchestrator.java:78)
	at Orchestrator.OrchestratorTests.lambda$runOrchestratorInThread$0(OrchestratorTests.java:71)
	at java.base/java.lang.Thread.run(Thread.java:1583)
10:54:21.021 [Thread-1] ERROR Orchestrator.Orchestrator -- Event queue was interrupted
java.lang.InterruptedException: null
	at EventBus.EventQueue.take(EventQueue.java:58)
	at Orchestrator.Orchestrator.start(Orchestrator.java:78)
	at Orchestrator.OrchestratorTests.lambda$runOrchestratorInThread$0(OrchestratorTests.java:71)
	at java.base/java.lang.Thread.run(Thread.java:1583)
10:54:21.022 [Thread-1] ERROR Orchestrator.Orchestrator -- Event queue was interrupted
java.lang.InterruptedException: null
	at EventBus.EventQueue.take(EventQueue.java:58)
	at Orchestrator.Orchestrator.start(Orchestrator.java:78)
	at Orchestrator.OrchestratorTests.lambda$runOrchestratorInThread$0(OrchestratorTests.java:71)
	at java.base/java.lang.Thread.run(Thread.java:1583)
10:54:21.022 [Thread-2] ERROR Orchestrator.Orchestrator -- Event queue was interrupted
java.lang.InterruptedException: null
	at EventBus.EventQueue.take(EventQueue.java:58)
	at Orchestrator.Orchestrator.start(Orchestrator.java:78)
	at Orchestrator.OrchestratorTests.lambda$runOrchestratorInThread$0(OrchestratorTests.java:71)
	at java.base/java.lang.Thread.run(Thread.java:1583)
10:54:21.022 [Thread-1] ERROR Orchestrator.Orchestrator -- Event queue was interrupted
java.lang.InterruptedException: null
	at EventBus.EventQueue.take(EventQueue.java:58)
	at Orchestrator.Orchestrator.start(Orchestrator.java:78)
	at Orchestrator.OrchestratorTests.lambda$runOrchestratorInThread$0(OrchestratorTests.java:71)
	at java.base/java.lang.Thread.run(Thread.java:1583)
10:54:21.022 [Thread-2] ERROR Orchestrator.Orchestrator -- Event queue was interrupted
java.lang.InterruptedException: null
	at EventBus.EventQueue.take(EventQueue.java:58)
	at Orchestrator.Orchestrator.start(Orchestrator.java:78)
	at Orchestrator.OrchestratorTests.lambda$runOrchestratorInThread$0(OrchestratorTests.java:71)
	at java.base/java.lang.Thread.run(Thread.java:1583)
10:54:21.022 [Thread-1] ERROR Orchestrator.Orchestrator -- Event queue was interrupted
java.lang.InterruptedException: null
	at EventBus.EventQueue.take(EventQueue.java:58)
	at Orchestrator.Orchestrator.start(Orchestrator.java:78)
	at Orchestrator.OrchestratorTests.lambda$runOrchestratorInThread$0(OrchestratorTests.java:71)
	at java.base/java.lang.Thread.run(Thread.java:1583)
10:54:21.022 [Thread-1] ERROR Orchestrator.Orchestrator -- Event queue was interrupted
java.lang.InterruptedException: null
	at EventBus.EventQueue.take(EventQueue.java:58)
	at Orchestrator.Orchestrator.start(Orchestrator.java:78)
	at Orchestrator.OrchestratorTests.lambda$runOrchestratorInThread$0(OrchestratorTests.java:71)
	at java.base/java.lang.Thread.run(Thread.java:1583)
10:54:21.022 [Thread-2] ERROR Orchestrator.Orchestrator -- Event queue was interrupted
java.lang.InterruptedException: null
	at EventBus.EventQueue.take(EventQueue.java:58)
	at Orchestrator.Orchestrator.start(Orchestrator.java:78)
	at Orchestrator.OrchestratorTests.lambda$runOrchestratorInThread$0(OrchestratorTests.java:71)
	at java.base/java.lang.Thread.run(Thread.java:1583)
10:54:21.022 [Thread-1] ERROR Orchestrator.Orchestrator -- Event queue was interrupted
java.lang.InterruptedException: null
	at EventBus.EventQueue.take(EventQueue.java:58)
	at Orchestrator.Orchestrator.start(Orchestrator.java:78)
	at Orchestrator.OrchestratorTests.lambda$runOrchestratorInThread$0(OrchestratorTests.java:71)
	at java.base/java.lang.Thread.run(Thread.java:1583)
10:54:21.022 [Thread-2] ERROR Orchestrator.Orchestrator -- Event queue was interrupted
java.lang.InterruptedException: null
	at EventBus.EventQueue.take(EventQueue.java:58)
	at Orchestrator.Orchestrator.start(Orchestrator.java:78)
	at Orchestrator.OrchestratorTests.lambda$runOrchestratorInThread$0(OrchestratorTests.java:71)
	at java.base/java.lang.Thread.run(Thread.java:1583)
10:54:21.022 [Thread-1] ERROR Orchestrator.Orchestrator -- Event queue was interrupted
java.lang.InterruptedException: null
	at EventBus.EventQueue.take(EventQueue.java:58)
	at Orchestrator.Orchestrator.start(Orchestrator.java:78)
	at Orchestrator.OrchestratorTests.lambda$runOrchestratorInThread$0(OrchestratorTests.java:71)
	at java.base/java.lang.Thread.run(Thread.java:1583)
10:54:21.022 [Thread-2] ERROR Orchestrator.Orchestrator -- Event queue was interrupted
java.lang.InterruptedException: null
	at EventBus.EventQueue.take(EventQueue.java:58)
	at Orchestrator.Orchestrator.start(Orchestrator.java:78)
	at Orchestrator.OrchestratorTests.lambda$runOrchestratorInThread$0(OrchestratorTests.java:71)
	at java.base/java.lang.Thread.run(Thread.java:1583)
10:54:21.022 [Thread-1] ERROR Orchestrator.Orchestrator -- Event queue was interrupted
java.lang.InterruptedException: null
	at EventBus.EventQueue.take(EventQueue.java:58)
	at Orchestrator.Orchestrator.start(Orchestrator.java:78)
	at Orchestrator.OrchestratorTests.lambda$runOrchestratorInThread$0(OrchestratorTests.java:71)
	at java.base/java.lang.Thread.run(Thread.java:1583)
10:54:21.022 [Thread-2] ERROR Orchestrator.Orchestrator -- Event queue was interrupted
java.lang.InterruptedException: null
	at EventBus.EventQueue.take(EventQueue.java:58)
	at Orchestrator.Orchestrator.start(Orchestrator.java:78)
	at Orchestrator.OrchestratorTests.lambda$runOrchestratorInThread$0(OrchestratorTests.java:71)
	at java.base/java.lang.Thread.run(Thread.java:1583)
10:54:21.022 [Thread-1] ERROR Orchestrator.Orchestrator -- Event queue was interrupted
java.lang.InterruptedException: null
	at EventBus.EventQueue.take(EventQueue.java:58)
	at Orchestrator.Orchestrator.start(Orchestrator.java:78)
	at Orchestrator.OrchestratorTests.lambda$runOrchestratorInThread$0(OrchestratorTests.java:71)
	at java.base/java.lang.Thread.run(Thread.java:1583)
10:54:21.022 [Thread-2] ERROR Orchestrator.Orchestrator -- Event queue was interrupted
java.lang.InterruptedException: null
	at EventBus.EventQueue.take(EventQueue.java:58)
	at Orchestrator.Orchestrator.start(Orchestrator.java:78)
	at Orchestrator.OrchestratorTests.lambda$runOrchestratorInThread$0(OrchestratorTests.java:71)
	at java.base/java.lang.Thread.run(Thread.java:1583)
10:54:21.022 [Thread-1] ERROR Orchestrator.Orchestrator -- Event queue was interrupted
java.lang.InterruptedException: null
	at EventBus.EventQueue.take(EventQueue.java:58)
	at Orchestrator.Orchestrator.start(Orchestrator.java:78)
	at Orchestrator.OrchestratorTests.lambda$runOrchestratorInThread$0(OrchestratorTests.java:71)
	at java.base/java.lang.Thread.run(Thread.java:1583)
10:54:21.022 [Thread-2] ERROR Orchestrator.Orchestrator -- Event queue was interrupted
java.lang.InterruptedException: null
	at EventBus.EventQueue.take(EventQueue.java:58)
	at Orchestrator.Orchestrator.start(Orchestrator.java:78)
	at Orchestrator.OrchestratorTests.lambda$runOrchestratorInThread$0(OrchestratorTests.java:71)
	at java.base/java.lang.Thread.run(Thread.java:1583)
10:54:21.022 [Thread-1] ERROR Orchestrator.Orchestrator -- Event queue was interrupted
java.lang.InterruptedException: null
	at EventBus.EventQueue.take(EventQueue.java:58)
	at Orchestrator.Orchestrator.start(Orchestrator.java:78)
	at Orchestrator.OrchestratorTests.lambda$runOrchestratorInThread$0(OrchestratorTests.java:71)
	at java.base/java.lang.Thread.run(Thread.java:1583)
10:54:21.022 [Thread-2] ERROR Orchestrator.Orchestrator -- Event queue was interrupted
java.lang.InterruptedException: null
	at EventBus.EventQueue.take(EventQueue.java:58)
	at Orchestrator.Orchestrator.start(Orchestrator.java:78)
	at Orchestrator.OrchestratorTests.lambda$runOrchestratorInThread$0(OrchestratorTests.java:71)
	at java.base/java.lang.Thread.run(Thread.java:1583)
10:54:21.022 [Thread-1] ERROR Orchestrator.Orchestrator -- Event queue was interrupted
java.lang.InterruptedException: null
	at EventBus.EventQueue.take(EventQueue.java:58)
	at Orchestrator.Orchestrator.start(Orchestrator.java:78)
	at Orchestrator.OrchestratorTests.lambda$runOrchestratorInThread$0(OrchestratorTests.java:71)
	at java.base/java.lang.Thread.run(Thread.java:1583)
10:54:21.023 [Thread-1] ERROR Orchestrator.Orchestrator -- Event queue was interrupted
java.lang.InterruptedException: null
	at EventBus.EventQueue.take(EventQueue.java:58)
	at Orchestrator.Orchestrator.start(Orchestrator.java:78)
	at Orchestrator.OrchestratorTests.lambda$runOrchestratorInThread$0(OrchestratorTests.java:71)
	at java.base/java.lang.Thread.run(Thread.java:1583)
10:54:21.023 [Thread-2] ERROR Orchestrator.Orchestrator -- Event queue was interrupted
java.lang.InterruptedException: null
	at EventBus.EventQueue.take(EventQueue.java:58)
	at Orchestrator.Orchestrator.start(Orchestrator.java:78)
	at Orchestrator.OrchestratorTests.lambda$runOrchestratorInThread$0(OrchestratorTests.java:71)
	at java.base/java.lang.Thread.run(Thread.java:1583)
10:54:21.023 [Thread-1] ERROR Orchestrator.Orchestrator -- Event queue was interrupted
java.lang.InterruptedException: null
	at EventBus.EventQueue.take(EventQueue.java:58)
	at Orchestrator.Orchestrator.start(Orchestrator.java:78)
	at Orchestrator.OrchestratorTests.lambda$runOrchestratorInThread$0(OrchestratorTests.java:71)
	at java.base/java.lang.Thread.run(Thread.java:1583)
10:54:21.023 [Thread-2] ERROR Orchestrator.Orchestrator -- Event queue was interrupted
java.lang.InterruptedException: null
	at EventBus.EventQueue.take(EventQueue.java:58)
	at Orchestrator.Orchestrator.start(Orchestrator.java:78)
	at Orchestrator.OrchestratorTests.lambda$runOrchestratorInThread$0(OrchestratorTests.java:71)
	at java.base/java.lang.Thread.run(Thread.java:1583)
10:54:21.023 [Thread-1] ERROR Orchestrator.Orchestrator -- Event queue was interrupted
java.lang.InterruptedException: null
	at EventBus.EventQueue.take(EventQueue.java:58)
	at Orchestrator.Orchestrator.start(Orchestrator.java:78)
	at Orchestrator.OrchestratorTests.lambda$runOrchestratorInThread$0(OrchestratorTests.java:71)
	at java.base/java.lang.Thread.run(Thread.java:1583)
10:54:21.023 [Thread-2] ERROR Orchestrator.Orchestrator -- Event queue was interrupted
java.lang.InterruptedException: null
	at EventBus.EventQueue.take(EventQueue.java:58)
	at Orchestrator.Orchestrator.start(Orchestrator.java:78)
	at Orchestrator.OrchestratorTests.lambda$runOrchestratorInThread$0(OrchestratorTests.java:71)
	at java.base/java.lang.Thread.run(Thread.java:1583)
10:54:21.023 [Thread-1] ERROR Orchestrator.Orchestrator -- Event queue was interrupted
java.lang.InterruptedException: null
	at EventBus.EventQueue.take(EventQueue.java:58)
	at Orchestrator.Orchestrator.start(Orchestrator.java:78)
	at Orchestrator.OrchestratorTests.lambda$runOrchestratorInThread$0(OrchestratorTests.java:71)
	at java.base/java.lang.Thread.run(Thread.java:1583)
10:54:21.023 [Thread-1] ERROR Orchestrator.Orchestrator -- Event queue was interrupted
java.lang.InterruptedException: null
	at EventBus.EventQueue.take(EventQueue.java:58)
	at Orchestrator.Orchestrator.start(Orchestrator.java:78)
	at Orchestrator.OrchestratorTests.lambda$runOrchestratorInThread$0(OrchestratorTests.java:71)
	at java.base/java.lang.Thread.run(Thread.java:1583)
10:54:21.023 [Thread-2] ERROR Orchestrator.Orchestrator -- Event queue was interrupted
java.lang.InterruptedException: null
	at EventBus.EventQueue.take(EventQueue.java:58)
	at Orchestrator.Orchestrator.start(Orchestrator.java:78)
	at Orchestrator.OrchestratorTests.lambda$runOrchestratorInThread$0(OrchestratorTests.java:71)
	at java.base/java.lang.Thread.run(Thread.java:1583)
10:54:21.023 [Thread-1] ERROR Orchestrator.Orchestrator -- Event queue was interrupted
java.lang.InterruptedException: null
	at EventBus.EventQueue.take(EventQueue.java:58)
	at Orchestrator.Orchestrator.start(Orchestrator.java:78)
	at Orchestrator.OrchestratorTests.lambda$runOrchestratorInThread$0(OrchestratorTests.java:71)
	at java.base/java.lang.Thread.run(Thread.java:1583)
10:54:21.023 [Thread-2] ERROR Orchestrator.Orchestrator -- Event queue was interrupted
java.lang.InterruptedException: null
	at EventBus.EventQueue.take(EventQueue.java:58)
	at Orchestrator.Orchestrator.start(Orchestrator.java:78)
	at Orchestrator.OrchestratorTests.lambda$runOrchestratorInThread$0(OrchestratorTests.java:71)
	at java.base/java.lang.Thread.run(Thread.java:1583)
10:54:21.023 [Thread-1] ERROR Orchestrator.Orchestrator -- Event queue was interrupted
java.lang.InterruptedException: null
	at EventBus.EventQueue.take(EventQueue.java:58)
	at Orchestrator.Orchestrator.start(Orchestrator.java:78)
	at Orchestrator.OrchestratorTests.lambda$runOrchestratorInThread$0(OrchestratorTests.java:71)
	at java.base/java.lang.Thread.run(Thread.java:1583)
10:54:21.023 [Thread-2] ERROR Orchestrator.Orchestrator -- Event queue was interrupted
java.lang.InterruptedException: null
	at EventBus.EventQueue.take(EventQueue.java:58)
	at Orchestrator.Orchestrator.start(Orchestrator.java:78)
	at Orchestrator.OrchestratorTests.lambda$runOrchestratorInThread$0(OrchestratorTests.java:71)
	at java.base/java.lang.Thread.run(Thread.java:1583)
10:54:21.023 [Thread-1] ERROR Orchestrator.Orchestrator -- Event queue was interrupted
java.lang.InterruptedException: null
	at EventBus.EventQueue.take(EventQueue.java:58)
	at Orchestrator.Orchestrator.start(Orchestrator.java:78)
	at Orchestrator.OrchestratorTests.lambda$runOrchestratorInThread$0(OrchestratorTests.java:71)
	at java.base/java.lang.Thread.run(Thread.java:1583)
10:54:21.023 [Thread-1] ERROR Orchestrator.Orchestrator -- Event queue was interrupted
java.lang.InterruptedException: null
	at EventBus.EventQueue.take(EventQueue.java:58)
	at Orchestrator.Orchestrator.start(Orchestrator.java:78)
	at Orchestrator.OrchestratorTests.lambda$runOrchestratorInThread$0(OrchestratorTests.java:71)
	at java.base/java.lang.Thread.run(Thread.java:1583)
10:54:21.023 [Thread-2] ERROR Orchestrator.Orchestrator -- Event queue was interrupted
java.lang.InterruptedException: null
	at EventBus.EventQueue.take(EventQueue.java:58)
	at Orchestrator.Orchestrator.start(Orchestrator.java:78)
	at Orchestrator.OrchestratorTests.lambda$runOrchestratorInThread$0(OrchestratorTests.java:71)
	at java.base/java.lang.Thread.run(Thread.java:1583)
10:54:21.023 [Thread-1] ERROR Orchestrator.Orchestrator -- Event queue was interrupted
java.lang.InterruptedException: null
	at EventBus.EventQueue.take(EventQueue.java:58)
	at Orchestrator.Orchestrator.start(Orchestrator.java:78)
	at Orchestrator.OrchestratorTests.lambda$runOrchestratorInThread$0(OrchestratorTests.java:71)
	at java.base/java.lang.Thread.run(Thread.java:1583)
10:54:21.023 [Thread-2] ERROR Orchestrator.Orchestrator -- Event queue was interrupted
java.lang.InterruptedException: null
	at EventBus.EventQueue.take(EventQueue.java:58)
	at Orchestrator.Orchestrator.start(Orchestrator.java:78)
	at Orchestrator.OrchestratorTests.lambda$runOrchestratorInThread$0(OrchestratorTests.java:71)
	at java.base/java.lang.Thread.run(Thread.java:1583)
10:54:21.023 [Thread-1] ERROR Orchestrator.Orchestrator -- Event queue was interrupted
java.lang.InterruptedException: null
	at EventBus.EventQueue.take(EventQueue.java:58)
	at Orchestrator.Orchestrator.start(Orchestrator.java:78)
	at Orchestrator.OrchestratorTests.lambda$runOrchestratorInThread$0(OrchestratorTests.java:71)
	at java.base/java.lang.Thread.run(Thread.java:1583)
10:54:21.023 [Thread-1] ERROR Orchestrator.Orchestrator -- Event queue was interrupted
java.lang.InterruptedException: null
	at EventBus.EventQueue.take(EventQueue.java:58)
	at Orchestrator.Orchestrator.start(Orchestrator.java:78)
	at Orchestrator.OrchestratorTests.lambda$runOrchestratorInThread$0(OrchestratorTests.java:71)
	at java.base/java.lang.Thread.run(Thread.java:1583)
10:54:21.023 [Thread-2] ERROR Orchestrator.Orchestrator -- Event queue was interrupted
java.lang.InterruptedException: null
	at EventBus.EventQueue.take(EventQueue.java:58)
	at Orchestrator.Orchestrator.start(Orchestrator.java:78)
	at Orchestrator.OrchestratorTests.lambda$runOrchestratorInThread$0(OrchestratorTests.java:71)
	at java.base/java.lang.Thread.run(Thread.java:1583)
10:54:21.023 [Thread-1] ERROR Orchestrator.Orchestrator -- Event queue was interrupted
java.lang.InterruptedException: null
	at EventBus.EventQueue.take(EventQueue.java:58)
	at Orchestrator.Orchestrator.start(Orchestrator.java:78)
	at Orchestrator.OrchestratorTests.lambda$runOrchestratorInThread$0(OrchestratorTests.java:71)
	at java.base/java.lang.Thread.run(Thread.java:1583)
10:54:21.023 [Thread-2] ERROR Orchestrator.Orchestrator -- Event queue was interrupted
java.lang.InterruptedException: null
	at EventBus.EventQueue.take(EventQueue.java:58)
	at Orchestrator.Orchestrator.start(Orchestrator.java:78)
	at Orchestrator.OrchestratorTests.lambda$runOrchestratorInThread$0(OrchestratorTests.java:71)
	at java.base/java.lang.Thread.run(Thread.java:1583)
10:54:21.023 [Thread-1] ERROR Orchestrator.Orchestrator -- Event queue was interrupted
java.lang.InterruptedException: null
	at EventBus.EventQueue.take(EventQueue.java:58)
	at Orchestrator.Orchestrator.start(Orchestrator.java:78)
	at Orchestrator.OrchestratorTests.lambda$runOrchestratorInThread$0(OrchestratorTests.java:71)
	at java.base/java.lang.Thread.run(Thread.java:1583)
10:54:21.024 [Thread-2] ERROR Orchestrator.Orchestrator -- Event queue was interrupted
java.lang.InterruptedException: null
	at EventBus.EventQueue.take(EventQueue.java:58)
	at Orchestrator.Orchestrator.start(Orchestrator.java:78)
	at Orchestrator.OrchestratorTests.lambda$runOrchestratorInThread$0(OrchestratorTests.java:71)
	at java.base/java.lang.Thread.run(Thread.java:1583)
10:54:21.024 [Thread-2] ERROR Orchestrator.Orchestrator -- Event queue was interrupted
java.lang.InterruptedException: null
	at EventBus.EventQueue.take(EventQueue.java:58)
	at Orchestrator.Orchestrator.start(Orchestrator.java:78)
	at Orchestrator.OrchestratorTests.lambda$runOrchestratorInThread$0(OrchestratorTests.java:71)
	at java.base/java.lang.Thread.run(Thread.java:1583)
10:54:21.024 [Thread-2] ERROR Orchestrator.Orchestrator -- Event queue was interrupted
java.lang.InterruptedException: null
	at EventBus.EventQueue.take(EventQueue.java:58)
	at Orchestrator.Orchestrator.start(Orchestrator.java:78)
	at Orchestrator.OrchestratorTests.lambda$runOrchestratorInThread$0(OrchestratorTests.java:71)
	at java.base/java.lang.Thread.run(Thread.java:1583)
10:54:21.024 [Thread-2] ERROR Orchestrator.Orchestrator -- Event queue was interrupted
java.lang.InterruptedException: null
	at EventBus.EventQueue.take(EventQueue.java:58)
	at Orchestrator.Orchestrator.start(Orchestrator.java:78)
	at Orchestrator.OrchestratorTests.lambda$runOrchestratorInThread$0(OrchestratorTests.java:71)
	at java.base/java.lang.Thread.run(Thread.java:1583)
10:54:21.024 [Thread-2] ERROR Orchestrator.Orchestrator -- Event queue was interrupted
java.lang.InterruptedException: null
	at EventBus.EventQueue.take(EventQueue.java:58)
	at Orchestrator.Orchestrator.start(Orchestrator.java:78)
	at Orchestrator.OrchestratorTests.lambda$runOrchestratorInThread$0(OrchestratorTests.java:71)
	at java.base/java.lang.Thread.run(Thread.java:1583)
10:54:21.024 [Thread-2] ERROR Orchestrator.Orchestrator -- Event queue was interrupted
java.lang.InterruptedException: null
	at EventBus.EventQueue.take(EventQueue.java:58)
	at Orchestrator.Orchestrator.start(Orchestrator.java:78)
	at Orchestrator.OrchestratorTests.lambda$runOrchestratorInThread$0(OrchestratorTests.java:71)
	at java.base/java.lang.Thread.run(Thread.java:1583)
10:54:21.024 [Thread-2] ERROR Orchestrator.Orchestrator -- Event queue was interrupted
java.lang.InterruptedException: null
	at EventBus.EventQueue.take(EventQueue.java:58)
	at Orchestrator.Orchestrator.start(Orchestrator.java:78)
	at Orchestrator.OrchestratorTests.lambda$runOrchestratorInThread$0(OrchestratorTests.java:71)
	at java.base/java.lang.Thread.run(Thread.java:1583)
10:54:21.024 [Thread-2] ERROR Orchestrator.Orchestrator -- Event queue was interrupted
java.lang.InterruptedException: null
	at EventBus.EventQueue.take(EventQueue.java:58)
	at Orchestrator.Orchestrator.start(Orchestrator.java:78)
	at Orchestrator.OrchestratorTests.lambda$runOrchestratorInThread$0(OrchestratorTests.java:71)
	at java.base/java.lang.Thread.run(Thread.java:1583)
10:54:21.024 [Thread-2] ERROR Orchestrator.Orchestrator -- Event queue was interrupted
java.lang.InterruptedException: null
	at EventBus.EventQueue.take(EventQueue.java:58)
	at Orchestrator.Orchestrator.start(Orchestrator.java:78)
	at Orchestrator.OrchestratorTests.lambda$runOrchestratorInThread$0(OrchestratorTests.java:71)
	at java.base/java.lang.Thread.run(Thread.java:1583)
10:54:21.024 [Thread-2] ERROR Orchestrator.Orchestrator -- Event queue was interrupted
java.lang.InterruptedException: null
	at EventBus.EventQueue.take(EventQueue.java:58)
	at Orchestrator.Orchestrator.start(Orchestrator.java:78)
	at Orchestrator.OrchestratorTests.lambda$runOrchestratorInThread$0(OrchestratorTests.java:71)
	at java.base/java.lang.Thread.run(Thread.java:1583)
10:54:21.024 [Thread-2] ERROR Orchestrator.Orchestrator -- Event queue was interrupted
java.lang.InterruptedException: null
	at EventBus.EventQueue.take(EventQueue.java:58)
	at Orchestrator.Orchestrator.start(Orchestrator.java:78)
	at Orchestrator.OrchestratorTests.lambda$runOrchestratorInThread$0(OrchestratorTests.java:71)
	at java.base/java.lang.Thread.run(Thread.java:1583)
10:54:21.024 [Thread-2] ERROR Orchestrator.Orchestrator -- Event queue was interrupted
java.lang.InterruptedException: null
	at EventBus.EventQueue.take(EventQueue.java:58)
	at Orchestrator.Orchestrator.start(Orchestrator.java:78)
	at Orchestrator.OrchestratorTests.lambda$runOrchestratorInThread$0(OrchestratorTests.java:71)
	at java.base/java.lang.Thread.run(Thread.java:1583)
10:54:21.024 [Thread-2] ERROR Orchestrator.Orchestrator -- Event queue was interrupted
java.lang.InterruptedException: null
	at EventBus.EventQueue.take(EventQueue.java:58)
	at Orchestrator.Orchestrator.start(Orchestrator.java:78)
	at Orchestrator.OrchestratorTests.lambda$runOrchestratorInThread$0(OrchestratorTests.java:71)
	at java.base/java.lang.Thread.run(Thread.java:1583)
10:54:21.024 [Thread-2] ERROR Orchestrator.Orchestrator -- Event queue was interrupted
java.lang.InterruptedException: null
	at EventBus.EventQueue.take(EventQueue.java:58)
	at Orchestrator.Orchestrator.start(Orchestrator.java:78)
	at Orchestrator.OrchestratorTests.lambda$runOrchestratorInThread$0(OrchestratorTests.java:71)
	at java.base/java.lang.Thread.run(Thread.java:1583)
10:54:21.024 [Thread-2] ERROR Orchestrator.Orchestrator -- Event queue was interrupted
java.lang.InterruptedException: null
	at EventBus.EventQueue.take(EventQueue.java:58)
	at Orchestrator.Orchestrator.start(Orchestrator.java:78)
	at Orchestrator.OrchestratorTests.lambda$runOrchestratorInThread$0(OrchestratorTests.java:71)
	at java.base/java.lang.Thread.run(Thread.java:1583)
10:54:21.024 [Thread-2] ERROR Orchestrator.Orchestrator -- Event queue was interrupted
java.lang.InterruptedException: null
	at EventBus.EventQueue.take(EventQueue.java:58)
	at Orchestrator.Orchestrator.start(Orchestrator.java:78)
	at Orchestrator.OrchestratorTests.lambda$runOrchestratorInThread$0(OrchestratorTests.java:71)
	at java.base/java.lang.Thread.run(Thread.java:1583)
10:54:21.024 [Thread-2] ERROR Orchestrator.Orchestrator -- Event queue was interrupted
java.lang.InterruptedException: null
	at EventBus.EventQueue.take(EventQueue.java:58)
	at Orchestrator.Orchestrator.start(Orchestrator.java:78)
	at Orchestrator.OrchestratorTests.lambda$runOrchestratorInThread$0(OrchestratorTests.java:71)
	at java.base/java.lang.Thread.run(Thread.java:1583)
10:54:21.024 [Thread-2] ERROR Orchestrator.Orchestrator -- Event queue was interrupted
java.lang.InterruptedException: null
	at EventBus.EventQueue.take(EventQueue.java:58)
	at Orchestrator.Orchestrator.start(Orchestrator.java:78)
	at Orchestrator.OrchestratorTests.lambda$runOrchestratorInThread$0(OrchestratorTests.java:71)
	at java.base/java.lang.Thread.run(Thread.java:1583)
10:54:21.024 [Thread-2] ERROR Orchestrator.Orchestrator -- Event queue was interrupted
java.lang.InterruptedException: null
	at EventBus.EventQueue.take(EventQueue.java:58)
	at Orchestrator.Orchestrator.start(Orchestrator.java:78)
	at Orchestrator.OrchestratorTests.lambda$runOrchestratorInThread$0(OrchestratorTests.java:71)
	at java.base/java.lang.Thread.run(Thread.java:1583)
10:54:21.024 [Thread-2] ERROR Orchestrator.Orchestrator -- Event queue was interrupted
java.lang.InterruptedException: null
	at EventBus.EventQueue.take(EventQueue.java:58)
	at Orchestrator.Orchestrator.start(Orchestrator.java:78)
	at Orchestrator.OrchestratorTests.lambda$runOrchestratorInThread$0(OrchestratorTests.java:71)
	at java.base/java.lang.Thread.run(Thread.java:1583)
10:54:21.024 [Thread-2] ERROR Orchestrator.Orchestrator -- Event queue was interrupted
java.lang.InterruptedException: null
	at EventBus.EventQueue.take(EventQueue.java:58)
	at Orchestrator.Orchestrator.start(Orchestrator.java:78)
	at Orchestrator.OrchestratorTests.lambda$runOrchestratorInThread$0(OrchestratorTests.java:71)
	at java.base/java.lang.Thread.run(Thread.java:1583)
10:54:21.025 [Thread-2] ERROR Orchestrator.Orchestrator -- Event queue was interrupted
java.lang.InterruptedException: null
	at EventBus.EventQueue.take(EventQueue.java:58)
	at Orchestrator.Orchestrator.start(Orchestrator.java:78)
	at Orchestrator.OrchestratorTests.lambda$runOrchestratorInThread$0(OrchestratorTests.java:71)
	at java.base/java.lang.Thread.run(Thread.java:1583)
10:54:21.025 [Thread-2] ERROR Orchestrator.Orchestrator -- Event queue was interrupted
java.lang.InterruptedException: null
	at EventBus.EventQueue.take(EventQueue.java:58)
	at Orchestrator.Orchestrator.start(Orchestrator.java:78)
	at Orchestrator.OrchestratorTests.lambda$runOrchestratorInThread$0(OrchestratorTests.java:71)
	at java.base/java.lang.Thread.run(Thread.java:1583)
10:54:21.025 [Thread-2] ERROR Orchestrator.Orchestrator -- Event queue was interrupted
java.lang.InterruptedException: null
	at EventBus.EventQueue.take(EventQueue.java:58)
	at Orchestrator.Orchestrator.start(Orchestrator.java:78)
	at Orchestrator.OrchestratorTests.lambda$runOrchestratorInThread$0(OrchestratorTests.java:71)
	at java.base/java.lang.Thread.run(Thread.java:1583)
10:54:21.025 [Thread-2] ERROR Orchestrator.Orchestrator -- Event queue was interrupted
java.lang.InterruptedException: null
	at EventBus.EventQueue.take(EventQueue.java:58)
	at Orchestrator.Orchestrator.start(Orchestrator.java:78)
	at Orchestrator.OrchestratorTests.lambda$runOrchestratorInThread$0(OrchestratorTests.java:71)
	at java.base/java.lang.Thread.run(Thread.java:1583)
10:54:21.025 [Thread-2] ERROR Orchestrator.Orchestrator -- Event queue was interrupted
java.lang.InterruptedException: null
	at EventBus.EventQueue.take(EventQueue.java:58)
	at Orchestrator.Orchestrator.start(Orchestrator.java:78)
	at Orchestrator.OrchestratorTests.lambda$runOrchestratorInThread$0(OrchestratorTests.java:71)
	at java.base/java.lang.Thread.run(Thread.java:1583)
10:54:21.025 [Thread-2] ERROR Orchestrator.Orchestrator -- Event queue was interrupted
java.lang.InterruptedException: null
	at EventBus.EventQueue.take(EventQueue.java:58)
	at Orchestrator.Orchestrator.start(Orchestrator.java:78)
	at Orchestrator.OrchestratorTests.lambda$runOrchestratorInThread$0(OrchestratorTests.java:71)
	at java.base/java.lang.Thread.run(Thread.java:1583)
10:54:21.025 [Thread-2] ERROR Orchestrator.Orchestrator -- Event queue was interrupted
java.lang.InterruptedException: null
	at EventBus.EventQueue.take(EventQueue.java:58)
	at Orchestrator.Orchestrator.start(Orchestrator.java:78)
	at Orchestrator.OrchestratorTests.lambda$runOrchestratorInThread$0(OrchestratorTests.java:71)
	at java.base/java.lang.Thread.run(Thread.java:1583)
10:54:21.025 [Thread-2] ERROR Orchestrator.Orchestrator -- Event queue was interrupted
java.lang.InterruptedException: null
	at EventBus.EventQueue.take(EventQueue.java:58)
	at Orchestrator.Orchestrator.start(Orchestrator.java:78)
	at Orchestrator.OrchestratorTests.lambda$runOrchestratorInThread$0(OrchestratorTests.java:71)
	at java.base/java.lang.Thread.run(Thread.java:1583)
10:54:21.025 [Thread-2] ERROR Orchestrator.Orchestrator -- Event queue was interrupted
java.lang.InterruptedException: null
	at EventBus.EventQueue.take(EventQueue.java:58)
	at Orchestrator.Orchestrator.start(Orchestrator.java:78)
	at Orchestrator.OrchestratorTests.lambda$runOrchestratorInThread$0(OrchestratorTests.java:71)
	at java.base/java.lang.Thread.run(Thread.java:1583)
10:54:21.025 [Thread-2] ERROR Orchestrator.Orchestrator -- Event queue was interrupted
java.lang.InterruptedException: null
	at EventBus.EventQueue.take(EventQueue.java:58)
	at Orchestrator.Orchestrator.start(Orchestrator.java:78)
	at Orchestrator.OrchestratorTests.lambda$runOrchestratorInThread$0(OrchestratorTests.java:71)
	at java.base/java.lang.Thread.run(Thread.java:1583)
10:54:21.025 [Thread-2] ERROR Orchestrator.Orchestrator -- Event queue was interrupted
java.lang.InterruptedException: null
	at EventBus.EventQueue.take(EventQueue.java:58)
	at Orchestrator.Orchestrator.start(Orchestrator.java:78)
	at Orchestrator.OrchestratorTests.lambda$runOrchestratorInThread$0(OrchestratorTests.java:71)
	at java.base/java.lang.Thread.run(Thread.java:1583)
10:54:21.025 [Thread-2] ERROR Orchestrator.Orchestrator -- Event queue was interrupted
java.lang.InterruptedException: null
	at EventBus.EventQueue.take(EventQueue.java:58)
	at Orchestrator.Orchestrator.start(Orchestrator.java:78)
	at Orchestrator.OrchestratorTests.lambda$runOrchestratorInThread$0(OrchestratorTests.java:71)
	at java.base/java.lang.Thread.run(Thread.java:1583)
10:54:21.025 [Thread-2] ERROR Orchestrator.Orchestrator -- Event queue was interrupted
java.lang.InterruptedException: null
	at EventBus.EventQueue.take(EventQueue.java:58)
	at Orchestrator.Orchestrator.start(Orchestrator.java:78)
	at Orchestrator.OrchestratorTests.lambda$runOrchestratorInThread$0(OrchestratorTests.java:71)
	at java.base/java.lang.Thread.run(Thread.java:1583)
10:54:21.025 [Thread-2] ERROR Orchestrator.Orchestrator -- Event queue was interrupted
java.lang.InterruptedException: null
	at EventBus.EventQueue.take(EventQueue.java:58)
	at Orchestrator.Orchestrator.start(Orchestrator.java:78)
	at Orchestrator.OrchestratorTests.lambda$runOrchestratorInThread$0(OrchestratorTests.java:71)
	at java.base/java.lang.Thread.run(Thread.java:1583)
10:54:21.025 [Thread-2] ERROR Orchestrator.Orchestrator -- Event queue was interrupted
java.lang.InterruptedException: null
	at EventBus.EventQueue.take(EventQueue.java:58)
	at Orchestrator.Orchestrator.start(Orchestrator.java:78)
	at Orchestrator.OrchestratorTests.lambda$runOrchestratorInThread$0(OrchestratorTests.java:71)
	at java.base/java.lang.Thread.run(Thread.java:1583)
10:54:21.025 [Thread-2] ERROR Orchestrator.Orchestrator -- Event queue was interrupted
java.lang.InterruptedException: null
	at EventBus.EventQueue.take(EventQueue.java:58)
	at Orchestrator.Orchestrator.start(Orchestrator.java:78)
	at Orchestrator.OrchestratorTests.lambda$runOrchestratorInThread$0(OrchestratorTests.java:71)
	at java.base/java.lang.Thread.run(Thread.java:1583)
10:54:21.025 [Thread-2] ERROR Orchestrator.Orchestrator -- Event queue was interrupted
java.lang.InterruptedException: null
	at EventBus.EventQueue.take(EventQueue.java:58)
	at Orchestrator.Orchestrator.start(Orchestrator.java:78)
	at Orchestrator.OrchestratorTests.lambda$runOrchestratorInThread$0(OrchestratorTests.java:71)
	at java.base/java.lang.Thread.run(Thread.java:1583)
10:54:21.025 [Thread-2] ERROR Orchestrator.Orchestrator -- Event queue was interrupted
java.lang.InterruptedException: null
	at EventBus.EventQueue.take(EventQueue.java:58)
	at Orchestrator.Orchestrator.start(Orchestrator.java:78)
	at Orchestrator.OrchestratorTests.lambda$runOrchestratorInThread$0(OrchestratorTests.java:71)
	at java.base/java.lang.Thread.run(Thread.java:1583)
10:54:21.025 [Thread-2] ERROR Orchestrator.Orchestrator -- Event queue was interrupted
java.lang.InterruptedException: null
	at EventBus.EventQueue.take(EventQueue.java:58)
	at Orchestrator.Orchestrator.start(Orchestrator.java:78)
	at Orchestrator.OrchestratorTests.lambda$runOrchestratorInThread$0(OrchestratorTests.java:71)
	at java.base/java.lang.Thread.run(Thread.java:1583)
10:54:21.025 [Thread-2] ERROR Orchestrator.Orchestrator -- Event queue was interrupted
java.lang.InterruptedException: null
	at EventBus.EventQueue.take(EventQueue.java:58)
	at Orchestrator.Orchestrator.start(Orchestrator.java:78)
	at Orchestrator.OrchestratorTests.lambda$runOrchestratorInThread$0(OrchestratorTests.java:71)
	at java.base/java.lang.Thread.run(Thread.java:1583)
10:54:21.026 [Thread-2] ERROR Orchestrator.Orchestrator -- Event queue was interrupted
java.lang.InterruptedException: null
	at EventBus.EventQueue.take(EventQueue.java:58)
	at Orchestrator.Orchestrator.start(Orchestrator.java:78)
	at Orchestrator.OrchestratorTests.lambda$runOrchestratorInThread$0(OrchestratorTests.java:71)
	at java.base/java.lang.Thread.run(Thread.java:1583)
10:54:21.026 [Thread-2] ERROR Orchestrator.Orchestrator -- Event queue was interrupted
java.lang.InterruptedException: null
	at EventBus.EventQueue.take(EventQueue.java:58)
	at Orchestrator.Orchestrator.start(Orchestrator.java:78)
	at Orchestrator.OrchestratorTests.lambda$runOrchestratorInThread$0(OrchestratorTests.java:71)
	at java.base/java.lang.Thread.run(Thread.java:1583)
10:54:21.026 [Thread-2] ERROR Orchestrator.Orchestrator -- Event queue was interrupted
java.lang.InterruptedException: null
	at EventBus.EventQueue.take(EventQueue.java:58)
	at Orchestrator.Orchestrator.start(Orchestrator.java:78)
	at Orchestrator.OrchestratorTests.lambda$runOrchestratorInThread$0(OrchestratorTests.java:71)
	at java.base/java.lang.Thread.run(Thread.java:1583)
10:54:21.026 [Thread-2] ERROR Orchestrator.Orchestrator -- Event queue was interrupted
java.lang.InterruptedException: null
	at EventBus.EventQueue.take(EventQueue.java:58)
	at Orchestrator.Orchestrator.start(Orchestrator.java:78)
	at Orchestrator.OrchestratorTests.lambda$runOrchestratorInThread$0(OrchestratorTests.java:71)
	at java.base/java.lang.Thread.run(Thread.java:1583)
10:54:21.026 [Thread-2] ERROR Orchestrator.Orchestrator -- Event queue was interrupted
java.lang.InterruptedException: null
	at EventBus.EventQueue.take(EventQueue.java:58)
	at Orchestrator.Orchestrator.start(Orchestrator.java:78)
	at Orchestrator.OrchestratorTests.lambda$runOrchestratorInThread$0(OrchestratorTests.java:71)
	at java.base/java.lang.Thread.run(Thread.java:1583)
10:54:21.026 [Thread-2] ERROR Orchestrator.Orchestrator -- Event queue was interrupted
java.lang.InterruptedException: null
	at EventBus.EventQueue.take(EventQueue.java:58)
	at Orchestrator.Orchestrator.start(Orchestrator.java:78)
	at Orchestrator.OrchestratorTests.lambda$runOrchestratorInThread$0(OrchestratorTests.java:71)
	at java.base/java.lang.Thread.run(Thread.java:1583)
10:54:21.026 [Thread-2] ERROR Orchestrator.Orchestrator -- Event queue was interrupted
java.lang.InterruptedException: null
	at EventBus.EventQueue.take(EventQueue.java:58)
	at Orchestrator.Orchestrator.start(Orchestrator.java:78)
	at Orchestrator.OrchestratorTests.lambda$runOrchestratorInThread$0(OrchestratorTests.java:71)
	at java.base/java.lang.Thread.run(Thread.java:1583)
10:54:21.026 [Thread-2] ERROR Orchestrator.Orchestrator -- Event queue was interrupted
java.lang.InterruptedException: null
	at EventBus.EventQueue.take(EventQueue.java:58)
	at Orchestrator.Orchestrator.start(Orchestrator.java:78)
	at Orchestrator.OrchestratorTests.lambda$runOrchestratorInThread$0(OrchestratorTests.java:71)
	at java.base/java.lang.Thread.run(Thread.java:1583)
10:54:21.026 [Thread-2] ERROR Orchestrator.Orchestrator -- Event queue was interrupted
java.lang.InterruptedException: null
	at EventBus.EventQueue.take(EventQueue.java:58)
	at Orchestrator.Orchestrator.start(Orchestrator.java:78)
	at Orchestrator.OrchestratorTests.lambda$runOrchestratorInThread$0(OrchestratorTests.java:71)
	at java.base/java.lang.Thread.run(Thread.java:1583)
10:54:21.026 [Thread-2] ERROR Orchestrator.Orchestrator -- Event queue was interrupted
java.lang.InterruptedException: null
	at EventBus.EventQueue.take(EventQueue.java:58)
	at Orchestrator.Orchestrator.start(Orchestrator.java:78)
	at Orchestrator.OrchestratorTests.lambda$runOrchestratorInThread$0(OrchestratorTests.java:71)
	at java.base/java.lang.Thread.run(Thread.java:1583)
10:54:21.026 [Thread-2] ERROR Orchestrator.Orchestrator -- Event queue was interrupted
java.lang.InterruptedException: null
	at EventBus.EventQueue.take(EventQueue.java:58)
	at Orchestrator.Orchestrator.start(Orchestrator.java:78)
	at Orchestrator.OrchestratorTests.lambda$runOrchestratorInThread$0(OrchestratorTests.java:71)
	at java.base/java.lang.Thread.run(Thread.java:1583)
10:54:21.026 [Thread-2] ERROR Orchestrator.Orchestrator -- Event queue was interrupted
java.lang.InterruptedException: null
	at EventBus.EventQueue.take(EventQueue.java:58)
	at Orchestrator.Orchestrator.start(Orchestrator.java:78)
	at Orchestrator.OrchestratorTests.lambda$runOrchestratorInThread$0(OrchestratorTests.java:71)
	at java.base/java.lang.Thread.run(Thread.java:1583)
10:54:21.026 [Thread-2] ERROR Orchestrator.Orchestrator -- Event queue was interrupted
java.lang.InterruptedException: null
	at EventBus.EventQueue.take(EventQueue.java:58)
	at Orchestrator.Orchestrator.start(Orchestrator.java:78)
	at Orchestrator.OrchestratorTests.lambda$runOrchestratorInThread$0(OrchestratorTests.java:71)
	at java.base/java.lang.Thread.run(Thread.java:1583)
10:54:21.026 [Thread-2] ERROR Orchestrator.Orchestrator -- Event queue was interrupted
java.lang.InterruptedException: null
	at EventBus.EventQueue.take(EventQueue.java:58)
	at Orchestrator.Orchestrator.start(Orchestrator.java:78)
	at Orchestrator.OrchestratorTests.lambda$runOrchestratorInThread$0(OrchestratorTests.java:71)
	at java.base/java.lang.Thread.run(Thread.java:1583)
10:54:21.026 [Thread-2] ERROR Orchestrator.Orchestrator -- Event queue was interrupted
java.lang.InterruptedException: null
	at EventBus.EventQueue.take(EventQueue.java:58)
	at Orchestrator.Orchestrator.start(Orchestrator.java:78)
	at Orchestrator.OrchestratorTests.lambda$runOrchestratorInThread$0(OrchestratorTests.java:71)
	at java.base/java.lang.Thread.run(Thread.java:1583)
10:54:21.026 [Thread-2] ERROR Orchestrator.Orchestrator -- Event queue was interrupted
java.lang.InterruptedException: null
	at EventBus.EventQueue.take(EventQueue.java:58)
	at Orchestrator.Orchestrator.start(Orchestrator.java:78)
	at Orchestrator.OrchestratorTests.lambda$runOrchestratorInThread$0(OrchestratorTests.java:71)
	at java.base/java.lang.Thread.run(Thread.java:1583)
10:54:21.026 [Thread-2] ERROR Orchestrator.Orchestrator -- Event queue was interrupted
java.lang.InterruptedException: null
	at EventBus.EventQueue.take(EventQueue.java:58)
	at Orchestrator.Orchestrator.start(Orchestrator.java:78)
	at Orchestrator.OrchestratorTests.lambda$runOrchestratorInThread$0(OrchestratorTests.java:71)
	at java.base/java.lang.Thread.run(Thread.java:1583)
10:54:21.026 [Thread-2] ERROR Orchestrator.Orchestrator -- Event queue was interrupted
java.lang.InterruptedException: null
	at EventBus.EventQueue.take(EventQueue.java:58)
	at Orchestrator.Orchestrator.start(Orchestrator.java:78)
	at Orchestrator.OrchestratorTests.lambda$runOrchestratorInThread$0(OrchestratorTests.java:71)
	at java.base/java.lang.Thread.run(Thread.java:1583)
10:54:21.026 [Thread-2] ERROR Orchestrator.Orchestrator -- Event queue was interrupted
java.lang.InterruptedException: null
	at EventBus.EventQueue.take(EventQueue.java:58)
	at Orchestrator.Orchestrator.start(Orchestrator.java:78)
	at Orchestrator.OrchestratorTests.lambda$runOrchestratorInThread$0(OrchestratorTests.java:71)
	at java.base/java.lang.Thread.run(Thread.java:1583)
10:54:21.026 [Thread-2] ERROR Orchestrator.Orchestrator -- Event queue was interrupted
java.lang.InterruptedException: null
	at EventBus.EventQueue.take(EventQueue.java:58)
	at Orchestrator.Orchestrator.start(Orchestrator.java:78)
	at Orchestrator.OrchestratorTests.lambda$runOrchestratorInThread$0(OrchestratorTests.java:71)
	at java.base/java.lang.Thread.run(Thread.java:1583)
10:54:21.026 [Thread-2] ERROR Orchestrator.Orchestrator -- Event queue was interrupted
java.lang.InterruptedException: null
	at EventBus.EventQueue.take(EventQueue.java:58)
	at Orchestrator.Orchestrator.start(Orchestrator.java:78)
	at Orchestrator.OrchestratorTests.lambda$runOrchestratorInThread$0(OrchestratorTests.java:71)
	at java.base/java.lang.Thread.run(Thread.java:1583)
10:54:21.024 [Thread-1] ERROR Orchestrator.Orchestrator -- Event queue was interrupted
java.lang.InterruptedException: null
	at EventBus.EventQueue.take(EventQueue.java:58)
	at Orchestrator.Orchestrator.start(Orchestrator.java:78)
	at Orchestrator.OrchestratorTests.lambda$runOrchestratorInThread$0(OrchestratorTests.java:71)
	at java.base/java.lang.Thread.run(Thread.java:1583)
10:54:21.027 [Thread-2] ERROR Orchestrator.Orchestrator -- Event queue was interrupted
java.lang.InterruptedException: null
	at EventBus.EventQueue.take(EventQueue.java:58)
	at Orchestrator.Orchestrator.start(Orchestrator.java:78)
	at Orchestrator.OrchestratorTests.lambda$runOrchestratorInThread$0(OrchestratorTests.java:71)
	at java.base/java.lang.Thread.run(Thread.java:1583)
10:54:21.027 [Thread-1] ERROR Orchestrator.Orchestrator -- Event queue was interrupted
java.lang.InterruptedException: null
	at EventBus.EventQueue.take(EventQueue.java:58)
	at Orchestrator.Orchestrator.start(Orchestrator.java:78)
	at Orchestrator.OrchestratorTests.lambda$runOrchestratorInThread$0(OrchestratorTests.java:71)
	at java.base/java.lang.Thread.run(Thread.java:1583)
10:54:21.027 [Thread-2] ERROR Orchestrator.Orchestrator -- Event queue was interrupted
java.lang.InterruptedException: null
	at EventBus.EventQueue.take(EventQueue.java:58)
	at Orchestrator.Orchestrator.start(Orchestrator.java:78)
	at Orchestrator.OrchestratorTests.lambda$runOrchestratorInThread$0(OrchestratorTests.java:71)
	at java.base/java.lang.Thread.run(Thread.java:1583)
10:54:21.027 [Thread-1] ERROR Orchestrator.Orchestrator -- Event queue was interrupted
java.lang.InterruptedException: null
	at EventBus.EventQueue.take(EventQueue.java:58)
	at Orchestrator.Orchestrator.start(Orchestrator.java:78)
	at Orchestrator.OrchestratorTests.lambda$runOrchestratorInThread$0(OrchestratorTests.java:71)
	at java.base/java.lang.Thread.run(Thread.java:1583)
10:54:21.027 [Thread-2] ERROR Orchestrator.Orchestrator -- Event queue was interrupted
java.lang.InterruptedException: null
	at EventBus.EventQueue.take(EventQueue.java:58)
	at Orchestrator.Orchestrator.start(Orchestrator.java:78)
	at Orchestrator.OrchestratorTests.lambda$runOrchestratorInThread$0(OrchestratorTests.java:71)
	at java.base/java.lang.Thread.run(Thread.java:1583)
10:54:21.027 [Thread-1] ERROR Orchestrator.Orchestrator -- Event queue was interrupted
java.lang.InterruptedException: null
	at EventBus.EventQueue.take(EventQueue.java:58)
	at Orchestrator.Orchestrator.start(Orchestrator.java:78)
	at Orchestrator.OrchestratorTests.lambda$runOrchestratorInThread$0(OrchestratorTests.java:71)
	at java.base/java.lang.Thread.run(Thread.java:1583)
10:54:21.027 [Thread-2] ERROR Orchestrator.Orchestrator -- Event queue was interrupted
java.lang.InterruptedException: null
	at EventBus.EventQueue.take(EventQueue.java:58)
	at Orchestrator.Orchestrator.start(Orchestrator.java:78)
	at Orchestrator.OrchestratorTests.lambda$runOrchestratorInThread$0(OrchestratorTests.java:71)
	at java.base/java.lang.Thread.run(Thread.java:1583)
10:54:21.027 [Thread-1] ERROR Orchestrator.Orchestrator -- Event queue was interrupted
java.lang.InterruptedException: null
	at EventBus.EventQueue.take(EventQueue.java:58)
	at Orchestrator.Orchestrator.start(Orchestrator.java:78)
	at Orchestrator.OrchestratorTests.lambda$runOrchestratorInThread$0(OrchestratorTests.java:71)
	at java.base/java.lang.Thread.run(Thread.java:1583)
10:54:21.027 [Thread-1] ERROR Orchestrator.Orchestrator -- Event queue was interrupted
java.lang.InterruptedException: null
	at EventBus.EventQueue.take(EventQueue.java:58)
	at Orchestrator.Orchestrator.start(Orchestrator.java:78)
	at Orchestrator.OrchestratorTests.lambda$runOrchestratorInThread$0(OrchestratorTests.java:71)
	at java.base/java.lang.Thread.run(Thread.java:1583)
10:54:21.027 [Thread-2] ERROR Orchestrator.Orchestrator -- Event queue was interrupted
java.lang.InterruptedException: null
	at EventBus.EventQueue.take(EventQueue.java:58)
	at Orchestrator.Orchestrator.start(Orchestrator.java:78)
	at Orchestrator.OrchestratorTests.lambda$runOrchestratorInThread$0(OrchestratorTests.java:71)
	at java.base/java.lang.Thread.run(Thread.java:1583)
10:54:21.027 [Thread-1] ERROR Orchestrator.Orchestrator -- Event queue was interrupted
java.lang.InterruptedException: null
	at EventBus.EventQueue.take(EventQueue.java:58)
	at Orchestrator.Orchestrator.start(Orchestrator.java:78)
	at Orchestrator.OrchestratorTests.lambda$runOrchestratorInThread$0(OrchestratorTests.java:71)
	at java.base/java.lang.Thread.run(Thread.java:1583)
10:54:21.027 [Thread-2] ERROR Orchestrator.Orchestrator -- Event queue was interrupted
java.lang.InterruptedException: null
	at EventBus.EventQueue.take(EventQueue.java:58)
	at Orchestrator.Orchestrator.start(Orchestrator.java:78)
	at Orchestrator.OrchestratorTests.lambda$runOrchestratorInThread$0(OrchestratorTests.java:71)
	at java.base/java.lang.Thread.run(Thread.java:1583)
10:54:21.027 [Thread-1] ERROR Orchestrator.Orchestrator -- Event queue was interrupted
java.lang.InterruptedException: null
	at EventBus.EventQueue.take(EventQueue.java:58)
	at Orchestrator.Orchestrator.start(Orchestrator.java:78)
	at Orchestrator.OrchestratorTests.lambda$runOrchestratorInThread$0(OrchestratorTests.java:71)
	at java.base/java.lang.Thread.run(Thread.java:1583)
10:54:21.027 [Thread-2] ERROR Orchestrator.Orchestrator -- Event queue was interrupted
java.lang.InterruptedException: null
	at EventBus.EventQueue.take(EventQueue.java:58)
	at Orchestrator.Orchestrator.start(Orchestrator.java:78)
	at Orchestrator.OrchestratorTests.lambda$runOrchestratorInThread$0(OrchestratorTests.java:71)
	at java.base/java.lang.Thread.run(Thread.java:1583)
10:54:21.027 [Thread-1] ERROR Orchestrator.Orchestrator -- Event queue was interrupted
java.lang.InterruptedException: null
	at EventBus.EventQueue.take(EventQueue.java:58)
	at Orchestrator.Orchestrator.start(Orchestrator.java:78)
	at Orchestrator.OrchestratorTests.lambda$runOrchestratorInThread$0(OrchestratorTests.java:71)
	at java.base/java.lang.Thread.run(Thread.java:1583)
10:54:21.027 [Thread-1] ERROR Orchestrator.Orchestrator -- Event queue was interrupted
java.lang.InterruptedException: null
	at EventBus.EventQueue.take(EventQueue.java:58)
	at Orchestrator.Orchestrator.start(Orchestrator.java:78)
	at Orchestrator.OrchestratorTests.lambda$runOrchestratorInThread$0(OrchestratorTests.java:71)
	at java.base/java.lang.Thread.run(Thread.java:1583)
10:54:21.027 [Thread-2] ERROR Orchestrator.Orchestrator -- Event queue was interrupted
java.lang.InterruptedException: null
	at EventBus.EventQueue.take(EventQueue.java:58)
	at Orchestrator.Orchestrator.start(Orchestrator.java:78)
	at Orchestrator.OrchestratorTests.lambda$runOrchestratorInThread$0(OrchestratorTests.java:71)
	at java.base/java.lang.Thread.run(Thread.java:1583)
10:54:21.027 [Thread-1] ERROR Orchestrator.Orchestrator -- Event queue was interrupted
java.lang.InterruptedException: null
	at EventBus.EventQueue.take(EventQueue.java:58)
	at Orchestrator.Orchestrator.start(Orchestrator.java:78)
	at Orchestrator.OrchestratorTests.lambda$runOrchestratorInThread$0(OrchestratorTests.java:71)
	at java.base/java.lang.Thread.run(Thread.java:1583)
10:54:21.027 [Thread-2] ERROR Orchestrator.Orchestrator -- Event queue was interrupted
java.lang.InterruptedException: null
	at EventBus.EventQueue.take(EventQueue.java:58)
	at Orchestrator.Orchestrator.start(Orchestrator.java:78)
	at Orchestrator.OrchestratorTests.lambda$runOrchestratorInThread$0(OrchestratorTests.java:71)
	at java.base/java.lang.Thread.run(Thread.java:1583)
10:54:21.027 [Thread-1] ERROR Orchestrator.Orchestrator -- Event queue was interrupted
java.lang.InterruptedException: null
	at EventBus.EventQueue.take(EventQueue.java:58)
	at Orchestrator.Orchestrator.start(Orchestrator.java:78)
	at Orchestrator.OrchestratorTests.lambda$runOrchestratorInThread$0(OrchestratorTests.java:71)
	at java.base/java.lang.Thread.run(Thread.java:1583)
10:54:21.027 [Thread-2] ERROR Orchestrator.Orchestrator -- Event queue was interrupted
java.lang.InterruptedException: null
	at EventBus.EventQueue.take(EventQueue.java:58)
	at Orchestrator.Orchestrator.start(Orchestrator.java:78)
	at Orchestrator.OrchestratorTests.lambda$runOrchestratorInThread$0(OrchestratorTests.java:71)
	at java.base/java.lang.Thread.run(Thread.java:1583)
10:54:21.027 [Thread-1] ERROR Orchestrator.Orchestrator -- Event queue was interrupted
java.lang.InterruptedException: null
	at EventBus.EventQueue.take(EventQueue.java:58)
	at Orchestrator.Orchestrator.start(Orchestrator.java:78)
	at Orchestrator.OrchestratorTests.lambda$runOrchestratorInThread$0(OrchestratorTests.java:71)
	at java.base/java.lang.Thread.run(Thread.java:1583)
10:54:21.027 [Thread-2] ERROR Orchestrator.Orchestrator -- Event queue was interrupted
java.lang.InterruptedException: null
	at EventBus.EventQueue.take(EventQueue.java:58)
	at Orchestrator.Orchestrator.start(Orchestrator.java:78)
	at Orchestrator.OrchestratorTests.lambda$runOrchestratorInThread$0(OrchestratorTests.java:71)
	at java.base/java.lang.Thread.run(Thread.java:1583)
10:54:21.027 [Thread-1] ERROR Orchestrator.Orchestrator -- Event queue was interrupted
java.lang.InterruptedException: null
	at EventBus.EventQueue.take(EventQueue.java:58)
	at Orchestrator.Orchestrator.start(Orchestrator.java:78)
	at Orchestrator.OrchestratorTests.lambda$runOrchestratorInThread$0(OrchestratorTests.java:71)
	at java.base/java.lang.Thread.run(Thread.java:1583)
10:54:21.028 [Thread-1] ERROR Orchestrator.Orchestrator -- Event queue was interrupted
java.lang.InterruptedException: null
	at EventBus.EventQueue.take(EventQueue.java:58)
	at Orchestrator.Orchestrator.start(Orchestrator.java:78)
	at Orchestrator.OrchestratorTests.lambda$runOrchestratorInThread$0(OrchestratorTests.java:71)
	at java.base/java.lang.Thread.run(Thread.java:1583)
10:54:21.028 [Thread-1] ERROR Orchestrator.Orchestrator -- Event queue was interrupted
java.lang.InterruptedException: null
	at EventBus.EventQueue.take(EventQueue.java:58)
	at Orchestrator.Orchestrator.start(Orchestrator.java:78)
	at Orchestrator.OrchestratorTests.lambda$runOrchestratorInThread$0(OrchestratorTests.java:71)
	at java.base/java.lang.Thread.run(Thread.java:1583)
10:54:21.028 [Thread-1] ERROR Orchestrator.Orchestrator -- Event queue was interrupted
java.lang.InterruptedException: null
	at EventBus.EventQueue.take(EventQueue.java:58)
	at Orchestrator.Orchestrator.start(Orchestrator.java:78)
	at Orchestrator.OrchestratorTests.lambda$runOrchestratorInThread$0(OrchestratorTests.java:71)
	at java.base/java.lang.Thread.run(Thread.java:1583)
10:54:21.028 [Thread-1] ERROR Orchestrator.Orchestrator -- Event queue was interrupted
java.lang.InterruptedException: null
	at EventBus.EventQueue.take(EventQueue.java:58)
	at Orchestrator.Orchestrator.start(Orchestrator.java:78)
	at Orchestrator.OrchestratorTests.lambda$runOrchestratorInThread$0(OrchestratorTests.java:71)
	at java.base/java.lang.Thread.run(Thread.java:1583)
10:54:21.028 [Thread-1] ERROR Orchestrator.Orchestrator -- Event queue was interrupted
java.lang.InterruptedException: null
	at EventBus.EventQueue.take(EventQueue.java:58)
	at Orchestrator.Orchestrator.start(Orchestrator.java:78)
	at Orchestrator.OrchestratorTests.lambda$runOrchestratorInThread$0(OrchestratorTests.java:71)
	at java.base/java.lang.Thread.run(Thread.java:1583)
10:54:21.028 [Thread-1] ERROR Orchestrator.Orchestrator -- Event queue was interrupted
java.lang.InterruptedException: null
	at EventBus.EventQueue.take(EventQueue.java:58)
	at Orchestrator.Orchestrator.start(Orchestrator.java:78)
	at Orchestrator.OrchestratorTests.lambda$runOrchestratorInThread$0(OrchestratorTests.java:71)
	at java.base/java.lang.Thread.run(Thread.java:1583)
10:54:21.028 [Thread-1] ERROR Orchestrator.Orchestrator -- Event queue was interrupted
java.lang.InterruptedException: null
	at EventBus.EventQueue.take(EventQueue.java:58)
	at Orchestrator.Orchestrator.start(Orchestrator.java:78)
	at Orchestrator.OrchestratorTests.lambda$runOrchestratorInThread$0(OrchestratorTests.java:71)
	at java.base/java.lang.Thread.run(Thread.java:1583)
10:54:21.028 [Thread-1] ERROR Orchestrator.Orchestrator -- Event queue was interrupted
java.lang.InterruptedException: null
	at EventBus.EventQueue.take(EventQueue.java:58)
	at Orchestrator.Orchestrator.start(Orchestrator.java:78)
	at Orchestrator.OrchestratorTests.lambda$runOrchestratorInThread$0(OrchestratorTests.java:71)
	at java.base/java.lang.Thread.run(Thread.java:1583)
10:54:21.028 [Thread-1] ERROR Orchestrator.Orchestrator -- Event queue was interrupted
java.lang.InterruptedException: null
	at EventBus.EventQueue.take(EventQueue.java:58)
	at Orchestrator.Orchestrator.start(Orchestrator.java:78)
	at Orchestrator.OrchestratorTests.lambda$runOrchestratorInThread$0(OrchestratorTests.java:71)
	at java.base/java.lang.Thread.run(Thread.java:1583)
10:54:21.028 [Thread-1] ERROR Orchestrator.Orchestrator -- Event queue was interrupted
java.lang.InterruptedException: null
	at EventBus.EventQueue.take(EventQueue.java:58)
	at Orchestrator.Orchestrator.start(Orchestrator.java:78)
	at Orchestrator.OrchestratorTests.lambda$runOrchestratorInThread$0(OrchestratorTests.java:71)
	at java.base/java.lang.Thread.run(Thread.java:1583)
10:54:21.028 [Thread-1] ERROR Orchestrator.Orchestrator -- Event queue was interrupted
java.lang.InterruptedException: null
	at EventBus.EventQueue.take(EventQueue.java:58)
	at Orchestrator.Orchestrator.start(Orchestrator.java:78)
	at Orchestrator.OrchestratorTests.lambda$runOrchestratorInThread$0(OrchestratorTests.java:71)
	at java.base/java.lang.Thread.run(Thread.java:1583)
10:54:21.028 [Thread-1] ERROR Orchestrator.Orchestrator -- Event queue was interrupted
java.lang.InterruptedException: null
	at EventBus.EventQueue.take(EventQueue.java:58)
	at Orchestrator.Orchestrator.start(Orchestrator.java:78)
	at Orchestrator.OrchestratorTests.lambda$runOrchestratorInThread$0(OrchestratorTests.java:71)
	at java.base/java.lang.Thread.run(Thread.java:1583)
10:54:21.028 [Thread-1] ERROR Orchestrator.Orchestrator -- Event queue was interrupted
java.lang.InterruptedException: null
	at EventBus.EventQueue.take(EventQueue.java:58)
	at Orchestrator.Orchestrator.start(Orchestrator.java:78)
	at Orchestrator.OrchestratorTests.lambda$runOrchestratorInThread$0(OrchestratorTests.java:71)
	at java.base/java.lang.Thread.run(Thread.java:1583)
10:54:21.028 [Thread-1] ERROR Orchestrator.Orchestrator -- Event queue was interrupted
java.lang.InterruptedException: null
	at EventBus.EventQueue.take(EventQueue.java:58)
	at Orchestrator.Orchestrator.start(Orchestrator.java:78)
	at Orchestrator.OrchestratorTests.lambda$runOrchestratorInThread$0(OrchestratorTests.java:71)
	at java.base/java.lang.Thread.run(Thread.java:1583)
10:54:21.028 [Thread-1] ERROR Orchestrator.Orchestrator -- Event queue was interrupted
java.lang.InterruptedException: null
	at EventBus.EventQueue.take(EventQueue.java:58)
	at Orchestrator.Orchestrator.start(Orchestrator.java:78)
	at Orchestrator.OrchestratorTests.lambda$runOrchestratorInThread$0(OrchestratorTests.java:71)
	at java.base/java.lang.Thread.run(Thread.java:1583)
10:54:21.028 [Thread-1] ERROR Orchestrator.Orchestrator -- Event queue was interrupted
java.lang.InterruptedException: null
	at EventBus.EventQueue.take(EventQueue.java:58)
	at Orchestrator.Orchestrator.start(Orchestrator.java:78)
	at Orchestrator.OrchestratorTests.lambda$runOrchestratorInThread$0(OrchestratorTests.java:71)
	at java.base/java.lang.Thread.run(Thread.java:1583)
10:54:21.028 [Thread-1] ERROR Orchestrator.Orchestrator -- Event queue was interrupted
java.lang.InterruptedException: null
	at EventBus.EventQueue.take(EventQueue.java:58)
	at Orchestrator.Orchestrator.start(Orchestrator.java:78)
	at Orchestrator.OrchestratorTests.lambda$runOrchestratorInThread$0(OrchestratorTests.java:71)
	at java.base/java.lang.Thread.run(Thread.java:1583)
10:54:21.028 [Thread-1] ERROR Orchestrator.Orchestrator -- Event queue was interrupted
java.lang.InterruptedException: null
	at EventBus.EventQueue.take(EventQueue.java:58)
	at Orchestrator.Orchestrator.start(Orchestrator.java:78)
	at Orchestrator.OrchestratorTests.lambda$runOrchestratorInThread$0(OrchestratorTests.java:71)
	at java.base/java.lang.Thread.run(Thread.java:1583)
10:54:21.028 [Thread-1] ERROR Orchestrator.Orchestrator -- Event queue was interrupted
java.lang.InterruptedException: null
	at EventBus.EventQueue.take(EventQueue.java:58)
	at Orchestrator.Orchestrator.start(Orchestrator.java:78)
	at Orchestrator.OrchestratorTests.lambda$runOrchestratorInThread$0(OrchestratorTests.java:71)
	at java.base/java.lang.Thread.run(Thread.java:1583)
10:54:21.028 [Thread-1] ERROR Orchestrator.Orchestrator -- Event queue was interrupted
java.lang.InterruptedException: null
	at EventBus.EventQueue.take(EventQueue.java:58)
	at Orchestrator.Orchestrator.start(Orchestrator.java:78)
	at Orchestrator.OrchestratorTests.lambda$runOrchestratorInThread$0(OrchestratorTests.java:71)
	at java.base/java.lang.Thread.run(Thread.java:1583)
10:54:21.029 [Thread-1] ERROR Orchestrator.Orchestrator -- Event queue was interrupted
java.lang.InterruptedException: null
	at EventBus.EventQueue.take(EventQueue.java:58)
	at Orchestrator.Orchestrator.start(Orchestrator.java:78)
	at Orchestrator.OrchestratorTests.lambda$runOrchestratorInThread$0(OrchestratorTests.java:71)
	at java.base/java.lang.Thread.run(Thread.java:1583)
10:54:21.029 [Thread-1] ERROR Orchestrator.Orchestrator -- Event queue was interrupted
java.lang.InterruptedException: null
	at EventBus.EventQueue.take(EventQueue.java:58)
	at Orchestrator.Orchestrator.start(Orchestrator.java:78)
	at Orchestrator.OrchestratorTests.lambda$runOrchestratorInThread$0(OrchestratorTests.java:71)
	at java.base/java.lang.Thread.run(Thread.java:1583)
10:54:21.029 [Thread-1] ERROR Orchestrator.Orchestrator -- Event queue was interrupted
java.lang.InterruptedException: null
	at EventBus.EventQueue.take(EventQueue.java:58)
	at Orchestrator.Orchestrator.start(Orchestrator.java:78)
	at Orchestrator.OrchestratorTests.lambda$runOrchestratorInThread$0(OrchestratorTests.java:71)
	at java.base/java.lang.Thread.run(Thread.java:1583)
10:54:21.029 [Thread-1] ERROR Orchestrator.Orchestrator -- Event queue was interrupted
java.lang.InterruptedException: null
	at EventBus.EventQueue.take(EventQueue.java:58)
	at Orchestrator.Orchestrator.start(Orchestrator.java:78)
	at Orchestrator.OrchestratorTests.lambda$runOrchestratorInThread$0(OrchestratorTests.java:71)
	at java.base/java.lang.Thread.run(Thread.java:1583)
10:54:21.029 [Thread-1] ERROR Orchestrator.Orchestrator -- Event queue was interrupted
java.lang.InterruptedException: null
	at EventBus.EventQueue.take(EventQueue.java:58)
	at Orchestrator.Orchestrator.start(Orchestrator.java:78)
	at Orchestrator.OrchestratorTests.lambda$runOrchestratorInThread$0(OrchestratorTests.java:71)
	at java.base/java.lang.Thread.run(Thread.java:1583)
10:54:21.029 [Thread-1] ERROR Orchestrator.Orchestrator -- Event queue was interrupted
java.lang.InterruptedException: null
	at EventBus.EventQueue.take(EventQueue.java:58)
	at Orchestrator.Orchestrator.start(Orchestrator.java:78)
	at Orchestrator.OrchestratorTests.lambda$runOrchestratorInThread$0(OrchestratorTests.java:71)
	at java.base/java.lang.Thread.run(Thread.java:1583)
10:54:21.029 [Thread-1] ERROR Orchestrator.Orchestrator -- Event queue was interrupted
java.lang.InterruptedException: null
	at EventBus.EventQueue.take(EventQueue.java:58)
	at Orchestrator.Orchestrator.start(Orchestrator.java:78)
	at Orchestrator.OrchestratorTests.lambda$runOrchestratorInThread$0(OrchestratorTests.java:71)
	at java.base/java.lang.Thread.run(Thread.java:1583)
10:54:21.029 [Thread-1] ERROR Orchestrator.Orchestrator -- Event queue was interrupted
java.lang.InterruptedException: null
	at EventBus.EventQueue.take(EventQueue.java:58)
	at Orchestrator.Orchestrator.start(Orchestrator.java:78)
	at Orchestrator.OrchestratorTests.lambda$runOrchestratorInThread$0(OrchestratorTests.java:71)
	at java.base/java.lang.Thread.run(Thread.java:1583)
10:54:21.029 [Thread-1] ERROR Orchestrator.Orchestrator -- Event queue was interrupted
java.lang.InterruptedException: null
	at EventBus.EventQueue.take(EventQueue.java:58)
	at Orchestrator.Orchestrator.start(Orchestrator.java:78)
	at Orchestrator.OrchestratorTests.lambda$runOrchestratorInThread$0(OrchestratorTests.java:71)
	at java.base/java.lang.Thread.run(Thread.java:1583)
10:54:21.029 [Thread-1] ERROR Orchestrator.Orchestrator -- Event queue was interrupted
java.lang.InterruptedException: null
	at EventBus.EventQueue.take(EventQueue.java:58)
	at Orchestrator.Orchestrator.start(Orchestrator.java:78)
	at Orchestrator.OrchestratorTests.lambda$runOrchestratorInThread$0(OrchestratorTests.java:71)
	at java.base/java.lang.Thread.run(Thread.java:1583)
10:54:21.029 [Thread-1] ERROR Orchestrator.Orchestrator -- Event queue was interrupted
java.lang.InterruptedException: null
	at EventBus.EventQueue.take(EventQueue.java:58)
	at Orchestrator.Orchestrator.start(Orchestrator.java:78)
	at Orchestrator.OrchestratorTests.lambda$runOrchestratorInThread$0(OrchestratorTests.java:71)
	at java.base/java.lang.Thread.run(Thread.java:1583)
10:54:21.029 [Thread-1] ERROR Orchestrator.Orchestrator -- Event queue was interrupted
java.lang.InterruptedException: null
	at EventBus.EventQueue.take(EventQueue.java:58)
	at Orchestrator.Orchestrator.start(Orchestrator.java:78)
	at Orchestrator.OrchestratorTests.lambda$runOrchestratorInThread$0(OrchestratorTests.java:71)
	at java.base/java.lang.Thread.run(Thread.java:1583)
10:54:21.029 [Thread-1] ERROR Orchestrator.Orchestrator -- Event queue was interrupted
java.lang.InterruptedException: null
	at EventBus.EventQueue.take(EventQueue.java:58)
	at Orchestrator.Orchestrator.start(Orchestrator.java:78)
	at Orchestrator.OrchestratorTests.lambda$runOrchestratorInThread$0(OrchestratorTests.java:71)
	at java.base/java.lang.Thread.run(Thread.java:1583)
10:54:21.029 [Thread-1] ERROR Orchestrator.Orchestrator -- Event queue was interrupted
java.lang.InterruptedException: null
	at EventBus.EventQueue.take(EventQueue.java:58)
	at Orchestrator.Orchestrator.start(Orchestrator.java:78)
	at Orchestrator.OrchestratorTests.lambda$runOrchestratorInThread$0(OrchestratorTests.java:71)
	at java.base/java.lang.Thread.run(Thread.java:1583)
10:54:21.029 [Thread-1] ERROR Orchestrator.Orchestrator -- Event queue was interrupted
java.lang.InterruptedException: null
	at EventBus.EventQueue.take(EventQueue.java:58)
	at Orchestrator.Orchestrator.start(Orchestrator.java:78)
	at Orchestrator.OrchestratorTests.lambda$runOrchestratorInThread$0(OrchestratorTests.java:71)
	at java.base/java.lang.Thread.run(Thread.java:1583)
10:54:21.029 [Thread-1] ERROR Orchestrator.Orchestrator -- Event queue was interrupted
java.lang.InterruptedException: null
	at EventBus.EventQueue.take(EventQueue.java:58)
	at Orchestrator.Orchestrator.start(Orchestrator.java:78)
	at Orchestrator.OrchestratorTests.lambda$runOrchestratorInThread$0(OrchestratorTests.java:71)
	at java.base/java.lang.Thread.run(Thread.java:1583)
10:54:21.029 [Thread-1] ERROR Orchestrator.Orchestrator -- Event queue was interrupted
java.lang.InterruptedException: null
	at EventBus.EventQueue.take(EventQueue.java:58)
	at Orchestrator.Orchestrator.start(Orchestrator.java:78)
	at Orchestrator.OrchestratorTests.lambda$runOrchestratorInThread$0(OrchestratorTests.java:71)
	at java.base/java.lang.Thread.run(Thread.java:1583)
10:54:21.029 [Thread-1] ERROR Orchestrator.Orchestrator -- Event queue was interrupted
java.lang.InterruptedException: null
	at EventBus.EventQueue.take(EventQueue.java:58)
	at Orchestrator.Orchestrator.start(Orchestrator.java:78)
	at Orchestrator.OrchestratorTests.lambda$runOrchestratorInThread$0(OrchestratorTests.java:71)
	at java.base/java.lang.Thread.run(Thread.java:1583)
10:54:21.029 [Thread-1] ERROR Orchestrator.Orchestrator -- Event queue was interrupted
java.lang.InterruptedException: null
	at EventBus.EventQueue.take(EventQueue.java:58)
	at Orchestrator.Orchestrator.start(Orchestrator.java:78)
	at Orchestrator.OrchestratorTests.lambda$runOrchestratorInThread$0(OrchestratorTests.java:71)
	at java.base/java.lang.Thread.run(Thread.java:1583)
10:54:21.029 [Thread-1] ERROR Orchestrator.Orchestrator -- Event queue was interrupted
java.lang.InterruptedException: null
	at EventBus.EventQueue.take(EventQueue.java:58)
	at Orchestrator.Orchestrator.start(Orchestrator.java:78)
	at Orchestrator.OrchestratorTests.lambda$runOrchestratorInThread$0(OrchestratorTests.java:71)
	at java.base/java.lang.Thread.run(Thread.java:1583)
10:54:21.029 [Thread-1] ERROR Orchestrator.Orchestrator -- Event queue was interrupted
java.lang.InterruptedException: null
	at EventBus.EventQueue.take(EventQueue.java:58)
	at Orchestrator.Orchestrator.start(Orchestrator.java:78)
	at Orchestrator.OrchestratorTests.lambda$runOrchestratorInThread$0(OrchestratorTests.java:71)
	at java.base/java.lang.Thread.run(Thread.java:1583)
10:54:21.030 [Thread-1] ERROR Orchestrator.Orchestrator -- Event queue was interrupted
java.lang.InterruptedException: null
	at EventBus.EventQueue.take(EventQueue.java:58)
	at Orchestrator.Orchestrator.start(Orchestrator.java:78)
	at Orchestrator.OrchestratorTests.lambda$runOrchestratorInThread$0(OrchestratorTests.java:71)
	at java.base/java.lang.Thread.run(Thread.java:1583)
10:54:21.030 [Thread-1] ERROR Orchestrator.Orchestrator -- Event queue was interrupted
java.lang.InterruptedException: null
	at EventBus.EventQueue.take(EventQueue.java:58)
	at Orchestrator.Orchestrator.start(Orchestrator.java:78)
	at Orchestrator.OrchestratorTests.lambda$runOrchestratorInThread$0(OrchestratorTests.java:71)
	at java.base/java.lang.Thread.run(Thread.java:1583)
10:54:21.030 [Thread-1] ERROR Orchestrator.Orchestrator -- Event queue was interrupted
java.lang.InterruptedException: null
	at EventBus.EventQueue.take(EventQueue.java:58)
	at Orchestrator.Orchestrator.start(Orchestrator.java:78)
	at Orchestrator.OrchestratorTests.lambda$runOrchestratorInThread$0(OrchestratorTests.java:71)
	at java.base/java.lang.Thread.run(Thread.java:1583)
10:54:21.030 [Thread-1] ERROR Orchestrator.Orchestrator -- Event queue was interrupted
java.lang.InterruptedException: null
	at EventBus.EventQueue.take(EventQueue.java:58)
	at Orchestrator.Orchestrator.start(Orchestrator.java:78)
	at Orchestrator.OrchestratorTests.lambda$runOrchestratorInThread$0(OrchestratorTests.java:71)
	at java.base/java.lang.Thread.run(Thread.java:1583)
10:54:21.030 [Thread-1] ERROR Orchestrator.Orchestrator -- Event queue was interrupted
java.lang.InterruptedException: null
	at EventBus.EventQueue.take(EventQueue.java:58)
	at Orchestrator.Orchestrator.start(Orchestrator.java:78)
	at Orchestrator.OrchestratorTests.lambda$runOrchestratorInThread$0(OrchestratorTests.java:71)
	at java.base/java.lang.Thread.run(Thread.java:1583)
10:54:21.030 [Thread-1] ERROR Orchestrator.Orchestrator -- Event queue was interrupted
java.lang.InterruptedException: null
	at EventBus.EventQueue.take(EventQueue.java:58)
	at Orchestrator.Orchestrator.start(Orchestrator.java:78)
	at Orchestrator.OrchestratorTests.lambda$runOrchestratorInThread$0(OrchestratorTests.java:71)
	at java.base/java.lang.Thread.run(Thread.java:1583)
10:54:21.030 [Thread-1] ERROR Orchestrator.Orchestrator -- Event queue was interrupted
java.lang.InterruptedException: null
	at EventBus.EventQueue.take(EventQueue.java:58)
	at Orchestrator.Orchestrator.start(Orchestrator.java:78)
	at Orchestrator.OrchestratorTests.lambda$runOrchestratorInThread$0(OrchestratorTests.java:71)
	at java.base/java.lang.Thread.run(Thread.java:1583)
10:54:21.030 [Thread-1] ERROR Orchestrator.Orchestrator -- Event queue was interrupted
java.lang.InterruptedException: null
	at EventBus.EventQueue.take(EventQueue.java:58)
	at Orchestrator.Orchestrator.start(Orchestrator.java:78)
	at Orchestrator.OrchestratorTests.lambda$runOrchestratorInThread$0(OrchestratorTests.java:71)
	at java.base/java.lang.Thread.run(Thread.java:1583)
10:54:21.030 [Thread-1] ERROR Orchestrator.Orchestrator -- Event queue was interrupted
java.lang.InterruptedException: null
	at EventBus.EventQueue.take(EventQueue.java:58)
	at Orchestrator.Orchestrator.start(Orchestrator.java:78)
	at Orchestrator.OrchestratorTests.lambda$runOrchestratorInThread$0(OrchestratorTests.java:71)
	at java.base/java.lang.Thread.run(Thread.java:1583)
10:54:21.030 [Thread-1] ERROR Orchestrator.Orchestrator -- Event queue was interrupted
java.lang.InterruptedException: null
	at EventBus.EventQueue.take(EventQueue.java:58)
	at Orchestrator.Orchestrator.start(Orchestrator.java:78)
	at Orchestrator.OrchestratorTests.lambda$runOrchestratorInThread$0(OrchestratorTests.java:71)
	at java.base/java.lang.Thread.run(Thread.java:1583)
10:54:21.030 [Thread-1] ERROR Orchestrator.Orchestrator -- Event queue was interrupted
java.lang.InterruptedException: null
	at EventBus.EventQueue.take(EventQueue.java:58)
	at Orchestrator.Orchestrator.start(Orchestrator.java:78)
	at Orchestrator.OrchestratorTests.lambda$runOrchestratorInThread$0(OrchestratorTests.java:71)
	at java.base/java.lang.Thread.run(Thread.java:1583)
10:54:21.030 [Thread-1] ERROR Orchestrator.Orchestrator -- Event queue was interrupted
java.lang.InterruptedException: null
	at EventBus.EventQueue.take(EventQueue.java:58)
	at Orchestrator.Orchestrator.start(Orchestrator.java:78)
	at Orchestrator.OrchestratorTests.lambda$runOrchestratorInThread$0(OrchestratorTests.java:71)
	at java.base/java.lang.Thread.run(Thread.java:1583)
10:54:21.030 [Thread-1] ERROR Orchestrator.Orchestrator -- Event queue was interrupted
java.lang.InterruptedException: null
	at EventBus.EventQueue.take(EventQueue.java:58)
	at Orchestrator.Orchestrator.start(Orchestrator.java:78)
	at Orchestrator.OrchestratorTests.lambda$runOrchestratorInThread$0(OrchestratorTests.java:71)
	at java.base/java.lang.Thread.run(Thread.java:1583)
10:54:21.030 [Thread-1] ERROR Orchestrator.Orchestrator -- Event queue was interrupted
java.lang.InterruptedException: null
	at EventBus.EventQueue.take(EventQueue.java:58)
	at Orchestrator.Orchestrator.start(Orchestrator.java:78)
	at Orchestrator.OrchestratorTests.lambda$runOrchestratorInThread$0(OrchestratorTests.java:71)
	at java.base/java.lang.Thread.run(Thread.java:1583)
10:54:21.030 [Thread-1] ERROR Orchestrator.Orchestrator -- Event queue was interrupted
java.lang.InterruptedException: null
	at EventBus.EventQueue.take(EventQueue.java:58)
	at Orchestrator.Orchestrator.start(Orchestrator.java:78)
	at Orchestrator.OrchestratorTests.lambda$runOrchestratorInThread$0(OrchestratorTests.java:71)
	at java.base/java.lang.Thread.run(Thread.java:1583)
10:54:21.030 [Thread-1] ERROR Orchestrator.Orchestrator -- Event queue was interrupted
java.lang.InterruptedException: null
	at EventBus.EventQueue.take(EventQueue.java:58)
	at Orchestrator.Orchestrator.start(Orchestrator.java:78)
	at Orchestrator.OrchestratorTests.lambda$runOrchestratorInThread$0(OrchestratorTests.java:71)
	at java.base/java.lang.Thread.run(Thread.java:1583)
10:54:21.030 [Thread-1] ERROR Orchestrator.Orchestrator -- Event queue was interrupted
java.lang.InterruptedException: null
	at EventBus.EventQueue.take(EventQueue.java:58)
	at Orchestrator.Orchestrator.start(Orchestrator.java:78)
	at Orchestrator.OrchestratorTests.lambda$runOrchestratorInThread$0(OrchestratorTests.java:71)
	at java.base/java.lang.Thread.run(Thread.java:1583)
10:54:21.030 [Thread-1] ERROR Orchestrator.Orchestrator -- Event queue was interrupted
java.lang.InterruptedException: null
	at EventBus.EventQueue.take(EventQueue.java:58)
	at Orchestrator.Orchestrator.start(Orchestrator.java:78)
	at Orchestrator.OrchestratorTests.lambda$runOrchestratorInThread$0(OrchestratorTests.java:71)
	at java.base/java.lang.Thread.run(Thread.java:1583)
10:54:21.030 [Thread-1] ERROR Orchestrator.Orchestrator -- Event queue was interrupted
java.lang.InterruptedException: null
	at EventBus.EventQueue.take(EventQueue.java:58)
	at Orchestrator.Orchestrator.start(Orchestrator.java:78)
	at Orchestrator.OrchestratorTests.lambda$runOrchestratorInThread$0(OrchestratorTests.java:71)
	at java.base/java.lang.Thread.run(Thread.java:1583)
10:54:21.028 [Thread-2] ERROR Orchestrator.Orchestrator -- Event queue was interrupted
java.lang.InterruptedException: null
	at EventBus.EventQueue.take(EventQueue.java:58)
	at Orchestrator.Orchestrator.start(Orchestrator.java:78)
	at Orchestrator.OrchestratorTests.lambda$runOrchestratorInThread$0(OrchestratorTests.java:71)
	at java.base/java.lang.Thread.run(Thread.java:1583)
10:54:21.031 [Thread-2] ERROR Orchestrator.Orchestrator -- Event queue was interrupted
java.lang.InterruptedException: null
	at EventBus.EventQueue.take(EventQueue.java:58)
	at Orchestrator.Orchestrator.start(Orchestrator.java:78)
	at Orchestrator.OrchestratorTests.lambda$runOrchestratorInThread$0(OrchestratorTests.java:71)
	at java.base/java.lang.Thread.run(Thread.java:1583)
10:54:21.031 [Thread-2] ERROR Orchestrator.Orchestrator -- Event queue was interrupted
java.lang.InterruptedException: null
	at EventBus.EventQueue.take(EventQueue.java:58)
	at Orchestrator.Orchestrator.start(Orchestrator.java:78)
	at Orchestrator.OrchestratorTests.lambda$runOrchestratorInThread$0(OrchestratorTests.java:71)
	at java.base/java.lang.Thread.run(Thread.java:1583)
10:54:21.031 [Thread-2] ERROR Orchestrator.Orchestrator -- Event queue was interrupted
java.lang.InterruptedException: null
	at EventBus.EventQueue.take(EventQueue.java:58)
	at Orchestrator.Orchestrator.start(Orchestrator.java:78)
	at Orchestrator.OrchestratorTests.lambda$runOrchestratorInThread$0(OrchestratorTests.java:71)
	at java.base/java.lang.Thread.run(Thread.java:1583)
10:54:21.031 [Thread-2] ERROR Orchestrator.Orchestrator -- Event queue was interrupted
java.lang.InterruptedException: null
	at EventBus.EventQueue.take(EventQueue.java:58)
	at Orchestrator.Orchestrator.start(Orchestrator.java:78)
	at Orchestrator.OrchestratorTests.lambda$runOrchestratorInThread$0(OrchestratorTests.java:71)
	at java.base/java.lang.Thread.run(Thread.java:1583)
10:54:21.031 [Thread-2] ERROR Orchestrator.Orchestrator -- Event queue was interrupted
java.lang.InterruptedException: null
	at EventBus.EventQueue.take(EventQueue.java:58)
	at Orchestrator.Orchestrator.start(Orchestrator.java:78)
	at Orchestrator.OrchestratorTests.lambda$runOrchestratorInThread$0(OrchestratorTests.java:71)
	at java.base/java.lang.Thread.run(Thread.java:1583)
10:54:21.031 [Thread-2] ERROR Orchestrator.Orchestrator -- Event queue was interrupted
java.lang.InterruptedException: null
	at EventBus.EventQueue.take(EventQueue.java:58)
	at Orchestrator.Orchestrator.start(Orchestrator.java:78)
	at Orchestrator.OrchestratorTests.lambda$runOrchestratorInThread$0(OrchestratorTests.java:71)
	at java.base/java.lang.Thread.run(Thread.java:1583)
10:54:21.031 [Thread-2] ERROR Orchestrator.Orchestrator -- Event queue was interrupted
java.lang.InterruptedException: null
	at EventBus.EventQueue.take(EventQueue.java:58)
	at Orchestrator.Orchestrator.start(Orchestrator.java:78)
	at Orchestrator.OrchestratorTests.lambda$runOrchestratorInThread$0(OrchestratorTests.java:71)
	at java.base/java.lang.Thread.run(Thread.java:1583)
10:54:21.031 [Thread-2] ERROR Orchestrator.Orchestrator -- Event queue was interrupted
java.lang.InterruptedException: null
	at EventBus.EventQueue.take(EventQueue.java:58)
	at Orchestrator.Orchestrator.start(Orchestrator.java:78)
	at Orchestrator.OrchestratorTests.lambda$runOrchestratorInThread$0(OrchestratorTests.java:71)
	at java.base/java.lang.Thread.run(Thread.java:1583)
10:54:21.031 [Thread-2] ERROR Orchestrator.Orchestrator -- Event queue was interrupted
java.lang.InterruptedException: null
	at EventBus.EventQueue.take(EventQueue.java:58)
	at Orchestrator.Orchestrator.start(Orchestrator.java:78)
	at Orchestrator.OrchestratorTests.lambda$runOrchestratorInThread$0(OrchestratorTests.java:71)
	at java.base/java.lang.Thread.run(Thread.java:1583)
10:54:21.031 [Thread-2] ERROR Orchestrator.Orchestrator -- Event queue was interrupted
java.lang.InterruptedException: null
	at EventBus.EventQueue.take(EventQueue.java:58)
	at Orchestrator.Orchestrator.start(Orchestrator.java:78)
	at Orchestrator.OrchestratorTests.lambda$runOrchestratorInThread$0(OrchestratorTests.java:71)
	at java.base/java.lang.Thread.run(Thread.java:1583)
10:54:21.031 [Thread-2] ERROR Orchestrator.Orchestrator -- Event queue was interrupted
java.lang.InterruptedException: null
	at EventBus.EventQueue.take(EventQueue.java:58)
	at Orchestrator.Orchestrator.start(Orchestrator.java:78)
	at Orchestrator.OrchestratorTests.lambda$runOrchestratorInThread$0(OrchestratorTests.java:71)
	at java.base/java.lang.Thread.run(Thread.java:1583)
10:54:21.031 [Thread-2] ERROR Orchestrator.Orchestrator -- Event queue was interrupted
java.lang.InterruptedException: null
	at EventBus.EventQueue.take(EventQueue.java:58)
	at Orchestrator.Orchestrator.start(Orchestrator.java:78)
	at Orchestrator.OrchestratorTests.lambda$runOrchestratorInThread$0(OrchestratorTests.java:71)
	at java.base/java.lang.Thread.run(Thread.java:1583)
10:54:21.031 [Thread-2] ERROR Orchestrator.Orchestrator -- Event queue was interrupted
java.lang.InterruptedException: null
	at EventBus.EventQueue.take(EventQueue.java:58)
	at Orchestrator.Orchestrator.start(Orchestrator.java:78)
	at Orchestrator.OrchestratorTests.lambda$runOrchestratorInThread$0(OrchestratorTests.java:71)
	at java.base/java.lang.Thread.run(Thread.java:1583)
10:54:21.031 [Thread-2] ERROR Orchestrator.Orchestrator -- Event queue was interrupted
java.lang.InterruptedException: null
	at EventBus.EventQueue.take(EventQueue.java:58)
	at Orchestrator.Orchestrator.start(Orchestrator.java:78)
	at Orchestrator.OrchestratorTests.lambda$runOrchestratorInThread$0(OrchestratorTests.java:71)
	at java.base/java.lang.Thread.run(Thread.java:1583)
10:54:21.031 [Thread-2] ERROR Orchestrator.Orchestrator -- Event queue was interrupted
java.lang.InterruptedException: null
	at EventBus.EventQueue.take(EventQueue.java:58)
	at Orchestrator.Orchestrator.start(Orchestrator.java:78)
	at Orchestrator.OrchestratorTests.lambda$runOrchestratorInThread$0(OrchestratorTests.java:71)
	at java.base/java.lang.Thread.run(Thread.java:1583)
10:54:21.031 [Thread-2] ERROR Orchestrator.Orchestrator -- Event queue was interrupted
java.lang.InterruptedException: null
	at EventBus.EventQueue.take(EventQueue.java:58)
	at Orchestrator.Orchestrator.start(Orchestrator.java:78)
	at Orchestrator.OrchestratorTests.lambda$runOrchestratorInThread$0(OrchestratorTests.java:71)
	at java.base/java.lang.Thread.run(Thread.java:1583)
10:54:21.031 [Thread-2] ERROR Orchestrator.Orchestrator -- Event queue was interrupted
java.lang.InterruptedException: null
	at EventBus.EventQueue.take(EventQueue.java:58)
	at Orchestrator.Orchestrator.start(Orchestrator.java:78)
	at Orchestrator.OrchestratorTests.lambda$runOrchestratorInThread$0(OrchestratorTests.java:71)
	at java.base/java.lang.Thread.run(Thread.java:1583)
10:54:21.031 [Thread-2] ERROR Orchestrator.Orchestrator -- Event queue was interrupted
java.lang.InterruptedException: null
	at EventBus.EventQueue.take(EventQueue.java:58)
	at Orchestrator.Orchestrator.start(Orchestrator.java:78)
	at Orchestrator.OrchestratorTests.lambda$runOrchestratorInThread$0(OrchestratorTests.java:71)
	at java.base/java.lang.Thread.run(Thread.java:1583)
10:54:21.031 [Thread-2] ERROR Orchestrator.Orchestrator -- Event queue was interrupted
java.lang.InterruptedException: null
	at EventBus.EventQueue.take(EventQueue.java:58)
	at Orchestrator.Orchestrator.start(Orchestrator.java:78)
	at Orchestrator.OrchestratorTests.lambda$runOrchestratorInThread$0(OrchestratorTests.java:71)
	at java.base/java.lang.Thread.run(Thread.java:1583)
10:54:21.031 [Thread-2] ERROR Orchestrator.Orchestrator -- Event queue was interrupted
java.lang.InterruptedException: null
	at EventBus.EventQueue.take(EventQueue.java:58)
	at Orchestrator.Orchestrator.start(Orchestrator.java:78)
	at Orchestrator.OrchestratorTests.lambda$runOrchestratorInThread$0(OrchestratorTests.java:71)
	at java.base/java.lang.Thread.run(Thread.java:1583)
10:54:21.032 [Thread-2] ERROR Orchestrator.Orchestrator -- Event queue was interrupted
java.lang.InterruptedException: null
	at EventBus.EventQueue.take(EventQueue.java:58)
	at Orchestrator.Orchestrator.start(Orchestrator.java:78)
	at Orchestrator.OrchestratorTests.lambda$runOrchestratorInThread$0(OrchestratorTests.java:71)
	at java.base/java.lang.Thread.run(Thread.java:1583)
10:54:21.032 [Thread-2] ERROR Orchestrator.Orchestrator -- Event queue was interrupted
java.lang.InterruptedException: null
	at EventBus.EventQueue.take(EventQueue.java:58)
	at Orchestrator.Orchestrator.start(Orchestrator.java:78)
	at Orchestrator.OrchestratorTests.lambda$runOrchestratorInThread$0(OrchestratorTests.java:71)
	at java.base/java.lang.Thread.run(Thread.java:1583)
10:54:21.032 [Thread-2] ERROR Orchestrator.Orchestrator -- Event queue was interrupted
java.lang.InterruptedException: null
	at EventBus.EventQueue.take(EventQueue.java:58)
	at Orchestrator.Orchestrator.start(Orchestrator.java:78)
	at Orchestrator.OrchestratorTests.lambda$runOrchestratorInThread$0(OrchestratorTests.java:71)
	at java.base/java.lang.Thread.run(Thread.java:1583)
10:54:21.032 [Thread-2] ERROR Orchestrator.Orchestrator -- Event queue was interrupted
java.lang.InterruptedException: null
	at EventBus.EventQueue.take(EventQueue.java:58)
	at Orchestrator.Orchestrator.start(Orchestrator.java:78)
	at Orchestrator.OrchestratorTests.lambda$runOrchestratorInThread$0(OrchestratorTests.java:71)
	at java.base/java.lang.Thread.run(Thread.java:1583)
10:54:21.032 [Thread-2] ERROR Orchestrator.Orchestrator -- Event queue was interrupted
java.lang.InterruptedException: null
	at EventBus.EventQueue.take(EventQueue.java:58)
	at Orchestrator.Orchestrator.start(Orchestrator.java:78)
	at Orchestrator.OrchestratorTests.lambda$runOrchestratorInThread$0(OrchestratorTests.java:71)
	at java.base/java.lang.Thread.run(Thread.java:1583)
10:54:21.032 [Thread-2] ERROR Orchestrator.Orchestrator -- Event queue was interrupted
java.lang.InterruptedException: null
	at EventBus.EventQueue.take(EventQueue.java:58)
	at Orchestrator.Orchestrator.start(Orchestrator.java:78)
	at Orchestrator.OrchestratorTests.lambda$runOrchestratorInThread$0(OrchestratorTests.java:71)
	at java.base/java.lang.Thread.run(Thread.java:1583)
10:54:21.032 [Thread-2] ERROR Orchestrator.Orchestrator -- Event queue was interrupted
java.lang.InterruptedException: null
	at EventBus.EventQueue.take(EventQueue.java:58)
	at Orchestrator.Orchestrator.start(Orchestrator.java:78)
	at Orchestrator.OrchestratorTests.lambda$runOrchestratorInThread$0(OrchestratorTests.java:71)
	at java.base/java.lang.Thread.run(Thread.java:1583)
10:54:21.032 [Thread-2] ERROR Orchestrator.Orchestrator -- Event queue was interrupted
java.lang.InterruptedException: null
	at EventBus.EventQueue.take(EventQueue.java:58)
	at Orchestrator.Orchestrator.start(Orchestrator.java:78)
	at Orchestrator.OrchestratorTests.lambda$runOrchestratorInThread$0(OrchestratorTests.java:71)
	at java.base/java.lang.Thread.run(Thread.java:1583)
10:54:21.032 [Thread-2] ERROR Orchestrator.Orchestrator -- Event queue was interrupted
java.lang.InterruptedException: null
	at EventBus.EventQueue.take(EventQueue.java:58)
	at Orchestrator.Orchestrator.start(Orchestrator.java:78)
	at Orchestrator.OrchestratorTests.lambda$runOrchestratorInThread$0(OrchestratorTests.java:71)
	at java.base/java.lang.Thread.run(Thread.java:1583)
10:54:21.032 [Thread-2] ERROR Orchestrator.Orchestrator -- Event queue was interrupted
java.lang.InterruptedException: null
	at EventBus.EventQueue.take(EventQueue.java:58)
	at Orchestrator.Orchestrator.start(Orchestrator.java:78)
	at Orchestrator.OrchestratorTests.lambda$runOrchestratorInThread$0(OrchestratorTests.java:71)
	at java.base/java.lang.Thread.run(Thread.java:1583)
10:54:21.032 [Thread-2] ERROR Orchestrator.Orchestrator -- Event queue was interrupted
java.lang.InterruptedException: null
	at EventBus.EventQueue.take(EventQueue.java:58)
	at Orchestrator.Orchestrator.start(Orchestrator.java:78)
	at Orchestrator.OrchestratorTests.lambda$runOrchestratorInThread$0(OrchestratorTests.java:71)
	at java.base/java.lang.Thread.run(Thread.java:1583)
10:54:21.032 [Thread-2] ERROR Orchestrator.Orchestrator -- Event queue was interrupted
java.lang.InterruptedException: null
	at EventBus.EventQueue.take(EventQueue.java:58)
	at Orchestrator.Orchestrator.start(Orchestrator.java:78)
	at Orchestrator.OrchestratorTests.lambda$runOrchestratorInThread$0(OrchestratorTests.java:71)
	at java.base/java.lang.Thread.run(Thread.java:1583)
10:54:21.032 [Thread-2] ERROR Orchestrator.Orchestrator -- Event queue was interrupted
java.lang.InterruptedException: null
	at EventBus.EventQueue.take(EventQueue.java:58)
	at Orchestrator.Orchestrator.start(Orchestrator.java:78)
	at Orchestrator.OrchestratorTests.lambda$runOrchestratorInThread$0(OrchestratorTests.java:71)
	at java.base/java.lang.Thread.run(Thread.java:1583)
10:54:21.032 [Thread-2] ERROR Orchestrator.Orchestrator -- Event queue was interrupted
java.lang.InterruptedException: null
	at EventBus.EventQueue.take(EventQueue.java:58)
	at Orchestrator.Orchestrator.start(Orchestrator.java:78)
	at Orchestrator.OrchestratorTests.lambda$runOrchestratorInThread$0(OrchestratorTests.java:71)
	at java.base/java.lang.Thread.run(Thread.java:1583)
10:54:21.032 [Thread-2] ERROR Orchestrator.Orchestrator -- Event queue was interrupted
java.lang.InterruptedException: null
	at EventBus.EventQueue.take(EventQueue.java:58)
	at Orchestrator.Orchestrator.start(Orchestrator.java:78)
	at Orchestrator.OrchestratorTests.lambda$runOrchestratorInThread$0(OrchestratorTests.java:71)
	at java.base/java.lang.Thread.run(Thread.java:1583)
10:54:21.032 [Thread-2] ERROR Orchestrator.Orchestrator -- Event queue was interrupted
java.lang.InterruptedException: null
	at EventBus.EventQueue.take(EventQueue.java:58)
	at Orchestrator.Orchestrator.start(Orchestrator.java:78)
	at Orchestrator.OrchestratorTests.lambda$runOrchestratorInThread$0(OrchestratorTests.java:71)
	at java.base/java.lang.Thread.run(Thread.java:1583)
10:54:21.032 [Thread-2] ERROR Orchestrator.Orchestrator -- Event queue was interrupted
java.lang.InterruptedException: null
	at EventBus.EventQueue.take(EventQueue.java:58)
	at Orchestrator.Orchestrator.start(Orchestrator.java:78)
	at Orchestrator.OrchestratorTests.lambda$runOrchestratorInThread$0(OrchestratorTests.java:71)
	at java.base/java.lang.Thread.run(Thread.java:1583)
10:54:21.032 [Thread-2] ERROR Orchestrator.Orchestrator -- Event queue was interrupted
java.lang.InterruptedException: null
	at EventBus.EventQueue.take(EventQueue.java:58)
	at Orchestrator.Orchestrator.start(Orchestrator.java:78)
	at Orchestrator.OrchestratorTests.lambda$runOrchestratorInThread$0(OrchestratorTests.java:71)
	at java.base/java.lang.Thread.run(Thread.java:1583)
10:54:21.032 [Thread-2] ERROR Orchestrator.Orchestrator -- Event queue was interrupted
java.lang.InterruptedException: null
	at EventBus.EventQueue.take(EventQueue.java:58)
	at Orchestrator.Orchestrator.start(Orchestrator.java:78)
	at Orchestrator.OrchestratorTests.lambda$runOrchestratorInThread$0(OrchestratorTests.java:71)
	at java.base/java.lang.Thread.run(Thread.java:1583)
10:54:21.033 [Thread-2] ERROR Orchestrator.Orchestrator -- Event queue was interrupted
java.lang.InterruptedException: null
	at EventBus.EventQueue.take(EventQueue.java:58)
	at Orchestrator.Orchestrator.start(Orchestrator.java:78)
	at Orchestrator.OrchestratorTests.lambda$runOrchestratorInThread$0(OrchestratorTests.java:71)
	at java.base/java.lang.Thread.run(Thread.java:1583)
10:54:21.033 [Thread-2] ERROR Orchestrator.Orchestrator -- Event queue was interrupted
java.lang.InterruptedException: null
	at EventBus.EventQueue.take(EventQueue.java:58)
	at Orchestrator.Orchestrator.start(Orchestrator.java:78)
	at Orchestrator.OrchestratorTests.lambda$runOrchestratorInThread$0(OrchestratorTests.java:71)
	at java.base/java.lang.Thread.run(Thread.java:1583)
10:54:21.033 [Thread-2] ERROR Orchestrator.Orchestrator -- Event queue was interrupted
java.lang.InterruptedException: null
	at EventBus.EventQueue.take(EventQueue.java:58)
	at Orchestrator.Orchestrator.start(Orchestrator.java:78)
	at Orchestrator.OrchestratorTests.lambda$runOrchestratorInThread$0(OrchestratorTests.java:71)
	at java.base/java.lang.Thread.run(Thread.java:1583)
10:54:21.033 [Thread-2] ERROR Orchestrator.Orchestrator -- Event queue was interrupted
java.lang.InterruptedException: null
	at EventBus.EventQueue.take(EventQueue.java:58)
	at Orchestrator.Orchestrator.start(Orchestrator.java:78)
	at Orchestrator.OrchestratorTests.lambda$runOrchestratorInThread$0(OrchestratorTests.java:71)
	at java.base/java.lang.Thread.run(Thread.java:1583)
10:54:21.033 [Thread-2] ERROR Orchestrator.Orchestrator -- Event queue was interrupted
java.lang.InterruptedException: null
	at EventBus.EventQueue.take(EventQueue.java:58)
	at Orchestrator.Orchestrator.start(Orchestrator.java:78)
	at Orchestrator.OrchestratorTests.lambda$runOrchestratorInThread$0(OrchestratorTests.java:71)
	at java.base/java.lang.Thread.run(Thread.java:1583)
10:54:21.033 [Thread-2] ERROR Orchestrator.Orchestrator -- Event queue was interrupted
java.lang.InterruptedException: null
	at EventBus.EventQueue.take(EventQueue.java:58)
	at Orchestrator.Orchestrator.start(Orchestrator.java:78)
	at Orchestrator.OrchestratorTests.lambda$runOrchestratorInThread$0(OrchestratorTests.java:71)
	at java.base/java.lang.Thread.run(Thread.java:1583)
10:54:21.033 [Thread-2] ERROR Orchestrator.Orchestrator -- Event queue was interrupted
java.lang.InterruptedException: null
	at EventBus.EventQueue.take(EventQueue.java:58)
	at Orchestrator.Orchestrator.start(Orchestrator.java:78)
	at Orchestrator.OrchestratorTests.lambda$runOrchestratorInThread$0(OrchestratorTests.java:71)
	at java.base/java.lang.Thread.run(Thread.java:1583)
10:54:21.033 [Thread-2] ERROR Orchestrator.Orchestrator -- Event queue was interrupted
java.lang.InterruptedException: null
	at EventBus.EventQueue.take(EventQueue.java:58)
	at Orchestrator.Orchestrator.start(Orchestrator.java:78)
	at Orchestrator.OrchestratorTests.lambda$runOrchestratorInThread$0(OrchestratorTests.java:71)
	at java.base/java.lang.Thread.run(Thread.java:1583)
10:54:21.033 [Thread-2] ERROR Orchestrator.Orchestrator -- Event queue was interrupted
java.lang.InterruptedException: null
	at EventBus.EventQueue.take(EventQueue.java:58)
	at Orchestrator.Orchestrator.start(Orchestrator.java:78)
	at Orchestrator.OrchestratorTests.lambda$runOrchestratorInThread$0(OrchestratorTests.java:71)
	at java.base/java.lang.Thread.run(Thread.java:1583)
10:54:21.033 [Thread-2] ERROR Orchestrator.Orchestrator -- Event queue was interrupted
java.lang.InterruptedException: null
	at EventBus.EventQueue.take(EventQueue.java:58)
	at Orchestrator.Orchestrator.start(Orchestrator.java:78)
	at Orchestrator.OrchestratorTests.lambda$runOrchestratorInThread$0(OrchestratorTests.java:71)
	at java.base/java.lang.Thread.run(Thread.java:1583)
10:54:21.033 [Thread-2] ERROR Orchestrator.Orchestrator -- Event queue was interrupted
java.lang.InterruptedException: null
	at EventBus.EventQueue.take(EventQueue.java:58)
	at Orchestrator.Orchestrator.start(Orchestrator.java:78)
	at Orchestrator.OrchestratorTests.lambda$runOrchestratorInThread$0(OrchestratorTests.java:71)
	at java.base/java.lang.Thread.run(Thread.java:1583)
10:54:21.033 [Thread-2] ERROR Orchestrator.Orchestrator -- Event queue was interrupted
java.lang.InterruptedException: null
	at EventBus.EventQueue.take(EventQueue.java:58)
	at Orchestrator.Orchestrator.start(Orchestrator.java:78)
	at Orchestrator.OrchestratorTests.lambda$runOrchestratorInThread$0(OrchestratorTests.java:71)
	at java.base/java.lang.Thread.run(Thread.java:1583)
10:54:21.033 [Thread-2] ERROR Orchestrator.Orchestrator -- Event queue was interrupted
java.lang.InterruptedException: null
	at EventBus.EventQueue.take(EventQueue.java:58)
	at Orchestrator.Orchestrator.start(Orchestrator.java:78)
	at Orchestrator.OrchestratorTests.lambda$runOrchestratorInThread$0(OrchestratorTests.java:71)
	at java.base/java.lang.Thread.run(Thread.java:1583)
10:54:21.033 [Thread-2] ERROR Orchestrator.Orchestrator -- Event queue was interrupted
java.lang.InterruptedException: null
	at EventBus.EventQueue.take(EventQueue.java:58)
	at Orchestrator.Orchestrator.start(Orchestrator.java:78)
	at Orchestrator.OrchestratorTests.lambda$runOrchestratorInThread$0(OrchestratorTests.java:71)
	at java.base/java.lang.Thread.run(Thread.java:1583)
10:54:21.033 [Thread-2] ERROR Orchestrator.Orchestrator -- Event queue was interrupted
java.lang.InterruptedException: null
	at EventBus.EventQueue.take(EventQueue.java:58)
	at Orchestrator.Orchestrator.start(Orchestrator.java:78)
	at Orchestrator.OrchestratorTests.lambda$runOrchestratorInThread$0(OrchestratorTests.java:71)
	at java.base/java.lang.Thread.run(Thread.java:1583)
10:54:21.033 [Thread-2] ERROR Orchestrator.Orchestrator -- Event queue was interrupted
java.lang.InterruptedException: null
	at EventBus.EventQueue.take(EventQueue.java:58)
	at Orchestrator.Orchestrator.start(Orchestrator.java:78)
	at Orchestrator.OrchestratorTests.lambda$runOrchestratorInThread$0(OrchestratorTests.java:71)
	at java.base/java.lang.Thread.run(Thread.java:1583)
10:54:21.033 [Thread-2] ERROR Orchestrator.Orchestrator -- Event queue was interrupted
java.lang.InterruptedException: null
	at EventBus.EventQueue.take(EventQueue.java:58)
	at Orchestrator.Orchestrator.start(Orchestrator.java:78)
	at Orchestrator.OrchestratorTests.lambda$runOrchestratorInThread$0(OrchestratorTests.java:71)
	at java.base/java.lang.Thread.run(Thread.java:1583)
10:54:21.033 [Thread-2] ERROR Orchestrator.Orchestrator -- Event queue was interrupted
java.lang.InterruptedException: null
	at EventBus.EventQueue.take(EventQueue.java:58)
	at Orchestrator.Orchestrator.start(Orchestrator.java:78)
	at Orchestrator.OrchestratorTests.lambda$runOrchestratorInThread$0(OrchestratorTests.java:71)
	at java.base/java.lang.Thread.run(Thread.java:1583)
10:54:21.033 [Thread-2] ERROR Orchestrator.Orchestrator -- Event queue was interrupted
java.lang.InterruptedException: null
	at EventBus.EventQueue.take(EventQueue.java:58)
	at Orchestrator.Orchestrator.start(Orchestrator.java:78)
	at Orchestrator.OrchestratorTests.lambda$runOrchestratorInThread$0(OrchestratorTests.java:71)
	at java.base/java.lang.Thread.run(Thread.java:1583)
10:54:21.033 [Thread-2] ERROR Orchestrator.Orchestrator -- Event queue was interrupted
java.lang.InterruptedException: null
	at EventBus.EventQueue.take(EventQueue.java:58)
	at Orchestrator.Orchestrator.start(Orchestrator.java:78)
	at Orchestrator.OrchestratorTests.lambda$runOrchestratorInThread$0(OrchestratorTests.java:71)
	at java.base/java.lang.Thread.run(Thread.java:1583)
10:54:21.033 [Thread-2] ERROR Orchestrator.Orchestrator -- Event queue was interrupted
java.lang.InterruptedException: null
	at EventBus.EventQueue.take(EventQueue.java:58)
	at Orchestrator.Orchestrator.start(Orchestrator.java:78)
	at Orchestrator.OrchestratorTests.lambda$runOrchestratorInThread$0(OrchestratorTests.java:71)
	at java.base/java.lang.Thread.run(Thread.java:1583)
10:54:21.033 [Thread-2] ERROR Orchestrator.Orchestrator -- Event queue was interrupted
java.lang.InterruptedException: null
	at EventBus.EventQueue.take(EventQueue.java:58)
	at Orchestrator.Orchestrator.start(Orchestrator.java:78)
	at Orchestrator.OrchestratorTests.lambda$runOrchestratorInThread$0(OrchestratorTests.java:71)
	at java.base/java.lang.Thread.run(Thread.java:1583)
10:54:21.034 [Thread-2] ERROR Orchestrator.Orchestrator -- Event queue was interrupted
java.lang.InterruptedException: null
	at EventBus.EventQueue.take(EventQueue.java:58)
	at Orchestrator.Orchestrator.start(Orchestrator.java:78)
	at Orchestrator.OrchestratorTests.lambda$runOrchestratorInThread$0(OrchestratorTests.java:71)
	at java.base/java.lang.Thread.run(Thread.java:1583)
10:54:21.034 [Thread-2] ERROR Orchestrator.Orchestrator -- Event queue was interrupted
java.lang.InterruptedException: null
	at EventBus.EventQueue.take(EventQueue.java:58)
	at Orchestrator.Orchestrator.start(Orchestrator.java:78)
	at Orchestrator.OrchestratorTests.lambda$runOrchestratorInThread$0(OrchestratorTests.java:71)
	at java.base/java.lang.Thread.run(Thread.java:1583)
10:54:21.034 [Thread-2] ERROR Orchestrator.Orchestrator -- Event queue was interrupted
java.lang.InterruptedException: null
	at EventBus.EventQueue.take(EventQueue.java:58)
	at Orchestrator.Orchestrator.start(Orchestrator.java:78)
	at Orchestrator.OrchestratorTests.lambda$runOrchestratorInThread$0(OrchestratorTests.java:71)
	at java.base/java.lang.Thread.run(Thread.java:1583)
10:54:21.034 [Thread-2] ERROR Orchestrator.Orchestrator -- Event queue was interrupted
java.lang.InterruptedException: null
	at EventBus.EventQueue.take(EventQueue.java:58)
	at Orchestrator.Orchestrator.start(Orchestrator.java:78)
	at Orchestrator.OrchestratorTests.lambda$runOrchestratorInThread$0(OrchestratorTests.java:71)
	at java.base/java.lang.Thread.run(Thread.java:1583)
10:54:21.034 [Thread-2] ERROR Orchestrator.Orchestrator -- Event queue was interrupted
java.lang.InterruptedException: null
	at EventBus.EventQueue.take(EventQueue.java:58)
	at Orchestrator.Orchestrator.start(Orchestrator.java:78)
	at Orchestrator.OrchestratorTests.lambda$runOrchestratorInThread$0(OrchestratorTests.java:71)
	at java.base/java.lang.Thread.run(Thread.java:1583)
10:54:21.034 [Thread-2] ERROR Orchestrator.Orchestrator -- Event queue was interrupted
java.lang.InterruptedException: null
	at EventBus.EventQueue.take(EventQueue.java:58)
	at Orchestrator.Orchestrator.start(Orchestrator.java:78)
	at Orchestrator.OrchestratorTests.lambda$runOrchestratorInThread$0(OrchestratorTests.java:71)
	at java.base/java.lang.Thread.run(Thread.java:1583)
10:54:21.034 [Thread-2] ERROR Orchestrator.Orchestrator -- Event queue was interrupted
java.lang.InterruptedException: null
	at EventBus.EventQueue.take(EventQueue.java:58)
	at Orchestrator.Orchestrator.start(Orchestrator.java:78)
	at Orchestrator.OrchestratorTests.lambda$runOrchestratorInThread$0(OrchestratorTests.java:71)
	at java.base/java.lang.Thread.run(Thread.java:1583)
10:54:21.034 [Thread-2] ERROR Orchestrator.Orchestrator -- Event queue was interrupted
java.lang.InterruptedException: null
	at EventBus.EventQueue.take(EventQueue.java:58)
	at Orchestrator.Orchestrator.start(Orchestrator.java:78)
	at Orchestrator.OrchestratorTests.lambda$runOrchestratorInThread$0(OrchestratorTests.java:71)
	at java.base/java.lang.Thread.run(Thread.java:1583)
10:54:21.034 [Thread-2] ERROR Orchestrator.Orchestrator -- Event queue was interrupted
java.lang.InterruptedException: null
	at EventBus.EventQueue.take(EventQueue.java:58)
	at Orchestrator.Orchestrator.start(Orchestrator.java:78)
	at Orchestrator.OrchestratorTests.lambda$runOrchestratorInThread$0(OrchestratorTests.java:71)
	at java.base/java.lang.Thread.run(Thread.java:1583)
10:54:21.034 [Thread-2] ERROR Orchestrator.Orchestrator -- Event queue was interrupted
java.lang.InterruptedException: null
	at EventBus.EventQueue.take(EventQueue.java:58)
	at Orchestrator.Orchestrator.start(Orchestrator.java:78)
	at Orchestrator.OrchestratorTests.lambda$runOrchestratorInThread$0(OrchestratorTests.java:71)
	at java.base/java.lang.Thread.run(Thread.java:1583)
10:54:21.034 [Thread-2] ERROR Orchestrator.Orchestrator -- Event queue was interrupted
java.lang.InterruptedException: null
	at EventBus.EventQueue.take(EventQueue.java:58)
	at Orchestrator.Orchestrator.start(Orchestrator.java:78)
	at Orchestrator.OrchestratorTests.lambda$runOrchestratorInThread$0(OrchestratorTests.java:71)
	at java.base/java.lang.Thread.run(Thread.java:1583)
10:54:21.034 [Thread-2] ERROR Orchestrator.Orchestrator -- Event queue was interrupted
java.lang.InterruptedException: null
	at EventBus.EventQueue.take(EventQueue.java:58)
	at Orchestrator.Orchestrator.start(Orchestrator.java:78)
	at Orchestrator.OrchestratorTests.lambda$runOrchestratorInThread$0(OrchestratorTests.java:71)
	at java.base/java.lang.Thread.run(Thread.java:1583)
10:54:21.034 [Thread-2] ERROR Orchestrator.Orchestrator -- Event queue was interrupted
java.lang.InterruptedException: null
	at EventBus.EventQueue.take(EventQueue.java:58)
	at Orchestrator.Orchestrator.start(Orchestrator.java:78)
	at Orchestrator.OrchestratorTests.lambda$runOrchestratorInThread$0(OrchestratorTests.java:71)
	at java.base/java.lang.Thread.run(Thread.java:1583)
10:54:21.034 [Thread-2] ERROR Orchestrator.Orchestrator -- Event queue was interrupted
java.lang.InterruptedException: null
	at EventBus.EventQueue.take(EventQueue.java:58)
	at Orchestrator.Orchestrator.start(Orchestrator.java:78)
	at Orchestrator.OrchestratorTests.lambda$runOrchestratorInThread$0(OrchestratorTests.java:71)
	at java.base/java.lang.Thread.run(Thread.java:1583)
10:54:21.034 [Thread-2] ERROR Orchestrator.Orchestrator -- Event queue was interrupted
java.lang.InterruptedException: null
	at EventBus.EventQueue.take(EventQueue.java:58)
	at Orchestrator.Orchestrator.start(Orchestrator.java:78)
	at Orchestrator.OrchestratorTests.lambda$runOrchestratorInThread$0(OrchestratorTests.java:71)
	at java.base/java.lang.Thread.run(Thread.java:1583)
10:54:21.034 [Thread-2] ERROR Orchestrator.Orchestrator -- Event queue was interrupted
java.lang.InterruptedException: null
	at EventBus.EventQueue.take(EventQueue.java:58)
	at Orchestrator.Orchestrator.start(Orchestrator.java:78)
	at Orchestrator.OrchestratorTests.lambda$runOrchestratorInThread$0(OrchestratorTests.java:71)
	at java.base/java.lang.Thread.run(Thread.java:1583)
10:54:21.034 [Thread-2] ERROR Orchestrator.Orchestrator -- Event queue was interrupted
java.lang.InterruptedException: null
	at EventBus.EventQueue.take(EventQueue.java:58)
	at Orchestrator.Orchestrator.start(Orchestrator.java:78)
	at Orchestrator.OrchestratorTests.lambda$runOrchestratorInThread$0(OrchestratorTests.java:71)
	at java.base/java.lang.Thread.run(Thread.java:1583)
10:54:21.034 [Thread-2] ERROR Orchestrator.Orchestrator -- Event queue was interrupted
java.lang.InterruptedException: null
	at EventBus.EventQueue.take(EventQueue.java:58)
	at Orchestrator.Orchestrator.start(Orchestrator.java:78)
	at Orchestrator.OrchestratorTests.lambda$runOrchestratorInThread$0(OrchestratorTests.java:71)
	at java.base/java.lang.Thread.run(Thread.java:1583)
10:54:21.034 [Thread-2] ERROR Orchestrator.Orchestrator -- Event queue was interrupted
java.lang.InterruptedException: null
	at EventBus.EventQueue.take(EventQueue.java:58)
	at Orchestrator.Orchestrator.start(Orchestrator.java:78)
	at Orchestrator.OrchestratorTests.lambda$runOrchestratorInThread$0(OrchestratorTests.java:71)
	at java.base/java.lang.Thread.run(Thread.java:1583)
10:54:21.034 [Thread-2] ERROR Orchestrator.Orchestrator -- Event queue was interrupted
java.lang.InterruptedException: null
	at EventBus.EventQueue.take(EventQueue.java:58)
	at Orchestrator.Orchestrator.start(Orchestrator.java:78)
	at Orchestrator.OrchestratorTests.lambda$runOrchestratorInThread$0(OrchestratorTests.java:71)
	at java.base/java.lang.Thread.run(Thread.java:1583)
10:54:21.034 [Thread-2] ERROR Orchestrator.Orchestrator -- Event queue was interrupted
java.lang.InterruptedException: null
	at EventBus.EventQueue.take(EventQueue.java:58)
	at Orchestrator.Orchestrator.start(Orchestrator.java:78)
	at Orchestrator.OrchestratorTests.lambda$runOrchestratorInThread$0(OrchestratorTests.java:71)
	at java.base/java.lang.Thread.run(Thread.java:1583)
10:54:21.034 [Thread-1] ERROR Orchestrator.Orchestrator -- Event queue was interrupted
java.lang.InterruptedException: null
	at EventBus.EventQueue.take(EventQueue.java:58)
	at Orchestrator.Orchestrator.start(Orchestrator.java:78)
	at Orchestrator.OrchestratorTests.lambda$runOrchestratorInThread$0(OrchestratorTests.java:71)
	at java.base/java.lang.Thread.run(Thread.java:1583)
10:54:21.035 [Thread-1] ERROR Orchestrator.Orchestrator -- Event queue was interrupted
java.lang.InterruptedException: null
	at EventBus.EventQueue.take(EventQueue.java:58)
	at Orchestrator.Orchestrator.start(Orchestrator.java:78)
	at Orchestrator.OrchestratorTests.lambda$runOrchestratorInThread$0(OrchestratorTests.java:71)
	at java.base/java.lang.Thread.run(Thread.java:1583)
10:54:21.035 [Thread-1] ERROR Orchestrator.Orchestrator -- Event queue was interrupted
java.lang.InterruptedException: null
	at EventBus.EventQueue.take(EventQueue.java:58)
	at Orchestrator.Orchestrator.start(Orchestrator.java:78)
	at Orchestrator.OrchestratorTests.lambda$runOrchestratorInThread$0(OrchestratorTests.java:71)
	at java.base/java.lang.Thread.run(Thread.java:1583)
10:54:21.035 [Thread-1] ERROR Orchestrator.Orchestrator -- Event queue was interrupted
java.lang.InterruptedException: null
	at EventBus.EventQueue.take(EventQueue.java:58)
	at Orchestrator.Orchestrator.start(Orchestrator.java:78)
	at Orchestrator.OrchestratorTests.lambda$runOrchestratorInThread$0(OrchestratorTests.java:71)
	at java.base/java.lang.Thread.run(Thread.java:1583)
10:54:21.035 [Thread-1] ERROR Orchestrator.Orchestrator -- Event queue was interrupted
java.lang.InterruptedException: null
	at EventBus.EventQueue.take(EventQueue.java:58)
	at Orchestrator.Orchestrator.start(Orchestrator.java:78)
	at Orchestrator.OrchestratorTests.lambda$runOrchestratorInThread$0(OrchestratorTests.java:71)
	at java.base/java.lang.Thread.run(Thread.java:1583)
10:54:21.035 [Thread-1] ERROR Orchestrator.Orchestrator -- Event queue was interrupted
java.lang.InterruptedException: null
	at EventBus.EventQueue.take(EventQueue.java:58)
	at Orchestrator.Orchestrator.start(Orchestrator.java:78)
	at Orchestrator.OrchestratorTests.lambda$runOrchestratorInThread$0(OrchestratorTests.java:71)
	at java.base/java.lang.Thread.run(Thread.java:1583)
10:54:21.035 [Thread-1] ERROR Orchestrator.Orchestrator -- Event queue was interrupted
java.lang.InterruptedException: null
	at EventBus.EventQueue.take(EventQueue.java:58)
	at Orchestrator.Orchestrator.start(Orchestrator.java:78)
	at Orchestrator.OrchestratorTests.lambda$runOrchestratorInThread$0(OrchestratorTests.java:71)
	at java.base/java.lang.Thread.run(Thread.java:1583)
10:54:21.035 [Thread-1] ERROR Orchestrator.Orchestrator -- Event queue was interrupted
java.lang.InterruptedException: null
	at EventBus.EventQueue.take(EventQueue.java:58)
	at Orchestrator.Orchestrator.start(Orchestrator.java:78)
	at Orchestrator.OrchestratorTests.lambda$runOrchestratorInThread$0(OrchestratorTests.java:71)
	at java.base/java.lang.Thread.run(Thread.java:1583)
10:54:21.035 [Thread-1] ERROR Orchestrator.Orchestrator -- Event queue was interrupted
java.lang.InterruptedException: null
	at EventBus.EventQueue.take(EventQueue.java:58)
	at Orchestrator.Orchestrator.start(Orchestrator.java:78)
	at Orchestrator.OrchestratorTests.lambda$runOrchestratorInThread$0(OrchestratorTests.java:71)
	at java.base/java.lang.Thread.run(Thread.java:1583)
10:54:21.035 [Thread-1] ERROR Orchestrator.Orchestrator -- Event queue was interrupted
java.lang.InterruptedException: null
	at EventBus.EventQueue.take(EventQueue.java:58)
	at Orchestrator.Orchestrator.start(Orchestrator.java:78)
	at Orchestrator.OrchestratorTests.lambda$runOrchestratorInThread$0(OrchestratorTests.java:71)
	at java.base/java.lang.Thread.run(Thread.java:1583)
10:54:21.035 [Thread-1] ERROR Orchestrator.Orchestrator -- Event queue was interrupted
java.lang.InterruptedException: null
	at EventBus.EventQueue.take(EventQueue.java:58)
	at Orchestrator.Orchestrator.start(Orchestrator.java:78)
	at Orchestrator.OrchestratorTests.lambda$runOrchestratorInThread$0(OrchestratorTests.java:71)
	at java.base/java.lang.Thread.run(Thread.java:1583)
10:54:21.035 [Thread-1] ERROR Orchestrator.Orchestrator -- Event queue was interrupted
java.lang.InterruptedException: null
	at EventBus.EventQueue.take(EventQueue.java:58)
	at Orchestrator.Orchestrator.start(Orchestrator.java:78)
	at Orchestrator.OrchestratorTests.lambda$runOrchestratorInThread$0(OrchestratorTests.java:71)
	at java.base/java.lang.Thread.run(Thread.java:1583)
10:54:21.035 [Thread-1] ERROR Orchestrator.Orchestrator -- Event queue was interrupted
java.lang.InterruptedException: null
	at EventBus.EventQueue.take(EventQueue.java:58)
	at Orchestrator.Orchestrator.start(Orchestrator.java:78)
	at Orchestrator.OrchestratorTests.lambda$runOrchestratorInThread$0(OrchestratorTests.java:71)
	at java.base/java.lang.Thread.run(Thread.java:1583)
10:54:21.035 [Thread-1] ERROR Orchestrator.Orchestrator -- Event queue was interrupted
java.lang.InterruptedException: null
	at EventBus.EventQueue.take(EventQueue.java:58)
	at Orchestrator.Orchestrator.start(Orchestrator.java:78)
	at Orchestrator.OrchestratorTests.lambda$runOrchestratorInThread$0(OrchestratorTests.java:71)
	at java.base/java.lang.Thread.run(Thread.java:1583)
10:54:21.035 [Thread-1] ERROR Orchestrator.Orchestrator -- Event queue was interrupted
java.lang.InterruptedException: null
	at EventBus.EventQueue.take(EventQueue.java:58)
	at Orchestrator.Orchestrator.start(Orchestrator.java:78)
	at Orchestrator.OrchestratorTests.lambda$runOrchestratorInThread$0(OrchestratorTests.java:71)
	at java.base/java.lang.Thread.run(Thread.java:1583)
10:54:21.035 [Thread-1] ERROR Orchestrator.Orchestrator -- Event queue was interrupted
java.lang.InterruptedException: null
	at EventBus.EventQueue.take(EventQueue.java:58)
	at Orchestrator.Orchestrator.start(Orchestrator.java:78)
	at Orchestrator.OrchestratorTests.lambda$runOrchestratorInThread$0(OrchestratorTests.java:71)
	at java.base/java.lang.Thread.run(Thread.java:1583)
10:54:21.035 [Thread-1] ERROR Orchestrator.Orchestrator -- Event queue was interrupted
java.lang.InterruptedException: null
	at EventBus.EventQueue.take(EventQueue.java:58)
	at Orchestrator.Orchestrator.start(Orchestrator.java:78)
	at Orchestrator.OrchestratorTests.lambda$runOrchestratorInThread$0(OrchestratorTests.java:71)
	at java.base/java.lang.Thread.run(Thread.java:1583)
10:54:21.035 [Thread-1] ERROR Orchestrator.Orchestrator -- Event queue was interrupted
java.lang.InterruptedException: null
	at EventBus.EventQueue.take(EventQueue.java:58)
	at Orchestrator.Orchestrator.start(Orchestrator.java:78)
	at Orchestrator.OrchestratorTests.lambda$runOrchestratorInThread$0(OrchestratorTests.java:71)
	at java.base/java.lang.Thread.run(Thread.java:1583)
10:54:21.035 [Thread-1] ERROR Orchestrator.Orchestrator -- Event queue was interrupted
java.lang.InterruptedException: null
	at EventBus.EventQueue.take(EventQueue.java:58)
	at Orchestrator.Orchestrator.start(Orchestrator.java:78)
	at Orchestrator.OrchestratorTests.lambda$runOrchestratorInThread$0(OrchestratorTests.java:71)
	at java.base/java.lang.Thread.run(Thread.java:1583)
10:54:21.035 [Thread-1] ERROR Orchestrator.Orchestrator -- Event queue was interrupted
java.lang.InterruptedException: null
	at EventBus.EventQueue.take(EventQueue.java:58)
	at Orchestrator.Orchestrator.start(Orchestrator.java:78)
	at Orchestrator.OrchestratorTests.lambda$runOrchestratorInThread$0(OrchestratorTests.java:71)
	at java.base/java.lang.Thread.run(Thread.java:1583)
10:54:21.035 [Thread-1] ERROR Orchestrator.Orchestrator -- Event queue was interrupted
java.lang.InterruptedException: null
	at EventBus.EventQueue.take(EventQueue.java:58)
	at Orchestrator.Orchestrator.start(Orchestrator.java:78)
	at Orchestrator.OrchestratorTests.lambda$runOrchestratorInThread$0(OrchestratorTests.java:71)
	at java.base/java.lang.Thread.run(Thread.java:1583)
10:54:21.036 [Thread-1] ERROR Orchestrator.Orchestrator -- Event queue was interrupted
java.lang.InterruptedException: null
	at EventBus.EventQueue.take(EventQueue.java:58)
	at Orchestrator.Orchestrator.start(Orchestrator.java:78)
	at Orchestrator.OrchestratorTests.lambda$runOrchestratorInThread$0(OrchestratorTests.java:71)
	at java.base/java.lang.Thread.run(Thread.java:1583)
10:54:21.036 [Thread-1] ERROR Orchestrator.Orchestrator -- Event queue was interrupted
java.lang.InterruptedException: null
	at EventBus.EventQueue.take(EventQueue.java:58)
	at Orchestrator.Orchestrator.start(Orchestrator.java:78)
	at Orchestrator.OrchestratorTests.lambda$runOrchestratorInThread$0(OrchestratorTests.java:71)
	at java.base/java.lang.Thread.run(Thread.java:1583)
10:54:21.036 [Thread-1] ERROR Orchestrator.Orchestrator -- Event queue was interrupted
java.lang.InterruptedException: null
	at EventBus.EventQueue.take(EventQueue.java:58)
	at Orchestrator.Orchestrator.start(Orchestrator.java:78)
	at Orchestrator.OrchestratorTests.lambda$runOrchestratorInThread$0(OrchestratorTests.java:71)
	at java.base/java.lang.Thread.run(Thread.java:1583)
10:54:21.036 [Thread-1] ERROR Orchestrator.Orchestrator -- Event queue was interrupted
java.lang.InterruptedException: null
	at EventBus.EventQueue.take(EventQueue.java:58)
	at Orchestrator.Orchestrator.start(Orchestrator.java:78)
	at Orchestrator.OrchestratorTests.lambda$runOrchestratorInThread$0(OrchestratorTests.java:71)
	at java.base/java.lang.Thread.run(Thread.java:1583)
10:54:21.036 [Thread-1] ERROR Orchestrator.Orchestrator -- Event queue was interrupted
java.lang.InterruptedException: null
	at EventBus.EventQueue.take(EventQueue.java:58)
	at Orchestrator.Orchestrator.start(Orchestrator.java:78)
	at Orchestrator.OrchestratorTests.lambda$runOrchestratorInThread$0(OrchestratorTests.java:71)
	at java.base/java.lang.Thread.run(Thread.java:1583)
10:54:21.036 [Thread-1] ERROR Orchestrator.Orchestrator -- Event queue was interrupted
java.lang.InterruptedException: null
	at EventBus.EventQueue.take(EventQueue.java:58)
	at Orchestrator.Orchestrator.start(Orchestrator.java:78)
	at Orchestrator.OrchestratorTests.lambda$runOrchestratorInThread$0(OrchestratorTests.java:71)
	at java.base/java.lang.Thread.run(Thread.java:1583)
10:54:21.036 [Thread-1] ERROR Orchestrator.Orchestrator -- Event queue was interrupted
java.lang.InterruptedException: null
	at EventBus.EventQueue.take(EventQueue.java:58)
	at Orchestrator.Orchestrator.start(Orchestrator.java:78)
	at Orchestrator.OrchestratorTests.lambda$runOrchestratorInThread$0(OrchestratorTests.java:71)
	at java.base/java.lang.Thread.run(Thread.java:1583)
10:54:21.036 [Thread-1] ERROR Orchestrator.Orchestrator -- Event queue was interrupted
java.lang.InterruptedException: null
	at EventBus.EventQueue.take(EventQueue.java:58)
	at Orchestrator.Orchestrator.start(Orchestrator.java:78)
	at Orchestrator.OrchestratorTests.lambda$runOrchestratorInThread$0(OrchestratorTests.java:71)
	at java.base/java.lang.Thread.run(Thread.java:1583)
10:54:21.036 [Thread-1] ERROR Orchestrator.Orchestrator -- Event queue was interrupted
java.lang.InterruptedException: null
	at EventBus.EventQueue.take(EventQueue.java:58)
	at Orchestrator.Orchestrator.start(Orchestrator.java:78)
	at Orchestrator.OrchestratorTests.lambda$runOrchestratorInThread$0(OrchestratorTests.java:71)
	at java.base/java.lang.Thread.run(Thread.java:1583)
10:54:21.036 [Thread-1] ERROR Orchestrator.Orchestrator -- Event queue was interrupted
java.lang.InterruptedException: null
	at EventBus.EventQueue.take(EventQueue.java:58)
	at Orchestrator.Orchestrator.start(Orchestrator.java:78)
	at Orchestrator.OrchestratorTests.lambda$runOrchestratorInThread$0(OrchestratorTests.java:71)
	at java.base/java.lang.Thread.run(Thread.java:1583)
10:54:21.036 [Thread-1] ERROR Orchestrator.Orchestrator -- Event queue was interrupted
java.lang.InterruptedException: null
	at EventBus.EventQueue.take(EventQueue.java:58)
	at Orchestrator.Orchestrator.start(Orchestrator.java:78)
	at Orchestrator.OrchestratorTests.lambda$runOrchestratorInThread$0(OrchestratorTests.java:71)
	at java.base/java.lang.Thread.run(Thread.java:1583)
10:54:21.036 [Thread-1] ERROR Orchestrator.Orchestrator -- Event queue was interrupted
java.lang.InterruptedException: null
	at EventBus.EventQueue.take(EventQueue.java:58)
	at Orchestrator.Orchestrator.start(Orchestrator.java:78)
	at Orchestrator.OrchestratorTests.lambda$runOrchestratorInThread$0(OrchestratorTests.java:71)
	at java.base/java.lang.Thread.run(Thread.java:1583)
10:54:21.036 [Thread-1] ERROR Orchestrator.Orchestrator -- Event queue was interrupted
java.lang.InterruptedException: null
	at EventBus.EventQueue.take(EventQueue.java:58)
	at Orchestrator.Orchestrator.start(Orchestrator.java:78)
	at Orchestrator.OrchestratorTests.lambda$runOrchestratorInThread$0(OrchestratorTests.java:71)
	at java.base/java.lang.Thread.run(Thread.java:1583)
10:54:21.036 [Thread-1] ERROR Orchestrator.Orchestrator -- Event queue was interrupted
java.lang.InterruptedException: null
	at EventBus.EventQueue.take(EventQueue.java:58)
	at Orchestrator.Orchestrator.start(Orchestrator.java:78)
	at Orchestrator.OrchestratorTests.lambda$runOrchestratorInThread$0(OrchestratorTests.java:71)
	at java.base/java.lang.Thread.run(Thread.java:1583)
10:54:21.036 [Thread-1] ERROR Orchestrator.Orchestrator -- Event queue was interrupted
java.lang.InterruptedException: null
	at EventBus.EventQueue.take(EventQueue.java:58)
	at Orchestrator.Orchestrator.start(Orchestrator.java:78)
	at Orchestrator.OrchestratorTests.lambda$runOrchestratorInThread$0(OrchestratorTests.java:71)
	at java.base/java.lang.Thread.run(Thread.java:1583)
10:54:21.036 [Thread-1] ERROR Orchestrator.Orchestrator -- Event queue was interrupted
java.lang.InterruptedException: null
	at EventBus.EventQueue.take(EventQueue.java:58)
	at Orchestrator.Orchestrator.start(Orchestrator.java:78)
	at Orchestrator.OrchestratorTests.lambda$runOrchestratorInThread$0(OrchestratorTests.java:71)
	at java.base/java.lang.Thread.run(Thread.java:1583)
10:54:21.036 [Thread-2] ERROR Orchestrator.Orchestrator -- Event queue was interrupted
java.lang.InterruptedException: null
	at EventBus.EventQueue.take(EventQueue.java:58)
	at Orchestrator.Orchestrator.start(Orchestrator.java:78)
	at Orchestrator.OrchestratorTests.lambda$runOrchestratorInThread$0(OrchestratorTests.java:71)
	at java.base/java.lang.Thread.run(Thread.java:1583)
10:54:21.036 [Thread-1] ERROR Orchestrator.Orchestrator -- Event queue was interrupted
java.lang.InterruptedException: null
	at EventBus.EventQueue.take(EventQueue.java:58)
	at Orchestrator.Orchestrator.start(Orchestrator.java:78)
	at Orchestrator.OrchestratorTests.lambda$runOrchestratorInThread$0(OrchestratorTests.java:71)
	at java.base/java.lang.Thread.run(Thread.java:1583)
10:54:21.036 [Thread-1] ERROR Orchestrator.Orchestrator -- Event queue was interrupted
java.lang.InterruptedException: null
	at EventBus.EventQueue.take(EventQueue.java:58)
	at Orchestrator.Orchestrator.start(Orchestrator.java:78)
	at Orchestrator.OrchestratorTests.lambda$runOrchestratorInThread$0(OrchestratorTests.java:71)
	at java.base/java.lang.Thread.run(Thread.java:1583)
10:54:21.036 [Thread-2] ERROR Orchestrator.Orchestrator -- Event queue was interrupted
java.lang.InterruptedException: null
	at EventBus.EventQueue.take(EventQueue.java:58)
	at Orchestrator.Orchestrator.start(Orchestrator.java:78)
	at Orchestrator.OrchestratorTests.lambda$runOrchestratorInThread$0(OrchestratorTests.java:71)
	at java.base/java.lang.Thread.run(Thread.java:1583)
10:54:21.036 [Thread-1] ERROR Orchestrator.Orchestrator -- Event queue was interrupted
java.lang.InterruptedException: null
	at EventBus.EventQueue.take(EventQueue.java:58)
	at Orchestrator.Orchestrator.start(Orchestrator.java:78)
	at Orchestrator.OrchestratorTests.lambda$runOrchestratorInThread$0(OrchestratorTests.java:71)
	at java.base/java.lang.Thread.run(Thread.java:1583)
10:54:21.036 [Thread-1] ERROR Orchestrator.Orchestrator -- Event queue was interrupted
java.lang.InterruptedException: null
	at EventBus.EventQueue.take(EventQueue.java:58)
	at Orchestrator.Orchestrator.start(Orchestrator.java:78)
	at Orchestrator.OrchestratorTests.lambda$runOrchestratorInThread$0(OrchestratorTests.java:71)
	at java.base/java.lang.Thread.run(Thread.java:1583)
10:54:21.036 [Thread-2] ERROR Orchestrator.Orchestrator -- Event queue was interrupted
java.lang.InterruptedException: null
	at EventBus.EventQueue.take(EventQueue.java:58)
	at Orchestrator.Orchestrator.start(Orchestrator.java:78)
	at Orchestrator.OrchestratorTests.lambda$runOrchestratorInThread$0(OrchestratorTests.java:71)
	at java.base/java.lang.Thread.run(Thread.java:1583)
10:54:21.036 [Thread-1] ERROR Orchestrator.Orchestrator -- Event queue was interrupted
java.lang.InterruptedException: null
	at EventBus.EventQueue.take(EventQueue.java:58)
	at Orchestrator.Orchestrator.start(Orchestrator.java:78)
	at Orchestrator.OrchestratorTests.lambda$runOrchestratorInThread$0(OrchestratorTests.java:71)
	at java.base/java.lang.Thread.run(Thread.java:1583)
10:54:21.037 [Thread-2] ERROR Orchestrator.Orchestrator -- Event queue was interrupted
java.lang.InterruptedException: null
	at EventBus.EventQueue.take(EventQueue.java:58)
	at Orchestrator.Orchestrator.start(Orchestrator.java:78)
	at Orchestrator.OrchestratorTests.lambda$runOrchestratorInThread$0(OrchestratorTests.java:71)
	at java.base/java.lang.Thread.run(Thread.java:1583)
10:54:21.037 [Thread-1] ERROR Orchestrator.Orchestrator -- Event queue was interrupted
java.lang.InterruptedException: null
	at EventBus.EventQueue.take(EventQueue.java:58)
	at Orchestrator.Orchestrator.start(Orchestrator.java:78)
	at Orchestrator.OrchestratorTests.lambda$runOrchestratorInThread$0(OrchestratorTests.java:71)
	at java.base/java.lang.Thread.run(Thread.java:1583)
10:54:21.037 [Thread-2] ERROR Orchestrator.Orchestrator -- Event queue was interrupted
java.lang.InterruptedException: null
	at EventBus.EventQueue.take(EventQueue.java:58)
	at Orchestrator.Orchestrator.start(Orchestrator.java:78)
	at Orchestrator.OrchestratorTests.lambda$runOrchestratorInThread$0(OrchestratorTests.java:71)
	at java.base/java.lang.Thread.run(Thread.java:1583)
10:54:21.037 [Thread-1] ERROR Orchestrator.Orchestrator -- Event queue was interrupted
java.lang.InterruptedException: null
	at EventBus.EventQueue.take(EventQueue.java:58)
	at Orchestrator.Orchestrator.start(Orchestrator.java:78)
	at Orchestrator.OrchestratorTests.lambda$runOrchestratorInThread$0(OrchestratorTests.java:71)
	at java.base/java.lang.Thread.run(Thread.java:1583)
10:54:21.037 [Thread-2] ERROR Orchestrator.Orchestrator -- Event queue was interrupted
java.lang.InterruptedException: null
	at EventBus.EventQueue.take(EventQueue.java:58)
	at Orchestrator.Orchestrator.start(Orchestrator.java:78)
	at Orchestrator.OrchestratorTests.lambda$runOrchestratorInThread$0(OrchestratorTests.java:71)
	at java.base/java.lang.Thread.run(Thread.java:1583)
10:54:21.037 [Thread-1] ERROR Orchestrator.Orchestrator -- Event queue was interrupted
java.lang.InterruptedException: null
	at EventBus.EventQueue.take(EventQueue.java:58)
	at Orchestrator.Orchestrator.start(Orchestrator.java:78)
	at Orchestrator.OrchestratorTests.lambda$runOrchestratorInThread$0(OrchestratorTests.java:71)
	at java.base/java.lang.Thread.run(Thread.java:1583)
10:54:21.037 [Thread-2] ERROR Orchestrator.Orchestrator -- Event queue was interrupted
java.lang.InterruptedException: null
	at EventBus.EventQueue.take(EventQueue.java:58)
	at Orchestrator.Orchestrator.start(Orchestrator.java:78)
	at Orchestrator.OrchestratorTests.lambda$runOrchestratorInThread$0(OrchestratorTests.java:71)
	at java.base/java.lang.Thread.run(Thread.java:1583)
10:54:21.037 [Thread-1] ERROR Orchestrator.Orchestrator -- Event queue was interrupted
java.lang.InterruptedException: null
	at EventBus.EventQueue.take(EventQueue.java:58)
	at Orchestrator.Orchestrator.start(Orchestrator.java:78)
	at Orchestrator.OrchestratorTests.lambda$runOrchestratorInThread$0(OrchestratorTests.java:71)
	at java.base/java.lang.Thread.run(Thread.java:1583)
10:54:21.037 [Thread-1] ERROR Orchestrator.Orchestrator -- Event queue was interrupted
java.lang.InterruptedException: null
	at EventBus.EventQueue.take(EventQueue.java:58)
	at Orchestrator.Orchestrator.start(Orchestrator.java:78)
	at Orchestrator.OrchestratorTests.lambda$runOrchestratorInThread$0(OrchestratorTests.java:71)
	at java.base/java.lang.Thread.run(Thread.java:1583)
10:54:21.037 [Thread-2] ERROR Orchestrator.Orchestrator -- Event queue was interrupted
java.lang.InterruptedException: null
	at EventBus.EventQueue.take(EventQueue.java:58)
	at Orchestrator.Orchestrator.start(Orchestrator.java:78)
	at Orchestrator.OrchestratorTests.lambda$runOrchestratorInThread$0(OrchestratorTests.java:71)
	at java.base/java.lang.Thread.run(Thread.java:1583)
10:54:21.037 [Thread-1] ERROR Orchestrator.Orchestrator -- Event queue was interrupted
java.lang.InterruptedException: null
	at EventBus.EventQueue.take(EventQueue.java:58)
	at Orchestrator.Orchestrator.start(Orchestrator.java:78)
	at Orchestrator.OrchestratorTests.lambda$runOrchestratorInThread$0(OrchestratorTests.java:71)
	at java.base/java.lang.Thread.run(Thread.java:1583)
10:54:21.037 [Thread-2] ERROR Orchestrator.Orchestrator -- Event queue was interrupted
java.lang.InterruptedException: null
	at EventBus.EventQueue.take(EventQueue.java:58)
	at Orchestrator.Orchestrator.start(Orchestrator.java:78)
	at Orchestrator.OrchestratorTests.lambda$runOrchestratorInThread$0(OrchestratorTests.java:71)
	at java.base/java.lang.Thread.run(Thread.java:1583)
10:54:21.037 [Thread-1] ERROR Orchestrator.Orchestrator -- Event queue was interrupted
java.lang.InterruptedException: null
	at EventBus.EventQueue.take(EventQueue.java:58)
	at Orchestrator.Orchestrator.start(Orchestrator.java:78)
	at Orchestrator.OrchestratorTests.lambda$runOrchestratorInThread$0(OrchestratorTests.java:71)
	at java.base/java.lang.Thread.run(Thread.java:1583)
10:54:21.037 [Thread-2] ERROR Orchestrator.Orchestrator -- Event queue was interrupted
java.lang.InterruptedException: null
	at EventBus.EventQueue.take(EventQueue.java:58)
	at Orchestrator.Orchestrator.start(Orchestrator.java:78)
	at Orchestrator.OrchestratorTests.lambda$runOrchestratorInThread$0(OrchestratorTests.java:71)
	at java.base/java.lang.Thread.run(Thread.java:1583)
10:54:21.037 [Thread-1] ERROR Orchestrator.Orchestrator -- Event queue was interrupted
java.lang.InterruptedException: null
	at EventBus.EventQueue.take(EventQueue.java:58)
	at Orchestrator.Orchestrator.start(Orchestrator.java:78)
	at Orchestrator.OrchestratorTests.lambda$runOrchestratorInThread$0(OrchestratorTests.java:71)
	at java.base/java.lang.Thread.run(Thread.java:1583)
10:54:21.037 [Thread-1] ERROR Orchestrator.Orchestrator -- Event queue was interrupted
java.lang.InterruptedException: null
	at EventBus.EventQueue.take(EventQueue.java:58)
	at Orchestrator.Orchestrator.start(Orchestrator.java:78)
	at Orchestrator.OrchestratorTests.lambda$runOrchestratorInThread$0(OrchestratorTests.java:71)
	at java.base/java.lang.Thread.run(Thread.java:1583)
10:54:21.037 [Thread-2] ERROR Orchestrator.Orchestrator -- Event queue was interrupted
java.lang.InterruptedException: null
	at EventBus.EventQueue.take(EventQueue.java:58)
	at Orchestrator.Orchestrator.start(Orchestrator.java:78)
	at Orchestrator.OrchestratorTests.lambda$runOrchestratorInThread$0(OrchestratorTests.java:71)
	at java.base/java.lang.Thread.run(Thread.java:1583)
10:54:21.037 [Thread-1] ERROR Orchestrator.Orchestrator -- Event queue was interrupted
java.lang.InterruptedException: null
	at EventBus.EventQueue.take(EventQueue.java:58)
	at Orchestrator.Orchestrator.start(Orchestrator.java:78)
	at Orchestrator.OrchestratorTests.lambda$runOrchestratorInThread$0(OrchestratorTests.java:71)
	at java.base/java.lang.Thread.run(Thread.java:1583)
10:54:21.037 [Thread-2] ERROR Orchestrator.Orchestrator -- Event queue was interrupted
java.lang.InterruptedException: null
	at EventBus.EventQueue.take(EventQueue.java:58)
	at Orchestrator.Orchestrator.start(Orchestrator.java:78)
	at Orchestrator.OrchestratorTests.lambda$runOrchestratorInThread$0(OrchestratorTests.java:71)
	at java.base/java.lang.Thread.run(Thread.java:1583)
10:54:21.037 [Thread-1] ERROR Orchestrator.Orchestrator -- Event queue was interrupted
java.lang.InterruptedException: null
	at EventBus.EventQueue.take(EventQueue.java:58)
	at Orchestrator.Orchestrator.start(Orchestrator.java:78)
	at Orchestrator.OrchestratorTests.lambda$runOrchestratorInThread$0(OrchestratorTests.java:71)
	at java.base/java.lang.Thread.run(Thread.java:1583)
10:54:21.037 [Thread-1] ERROR Orchestrator.Orchestrator -- Event queue was interrupted
java.lang.InterruptedException: null
	at EventBus.EventQueue.take(EventQueue.java:58)
	at Orchestrator.Orchestrator.start(Orchestrator.java:78)
	at Orchestrator.OrchestratorTests.lambda$runOrchestratorInThread$0(OrchestratorTests.java:71)
	at java.base/java.lang.Thread.run(Thread.java:1583)
10:54:21.037 [Thread-2] ERROR Orchestrator.Orchestrator -- Event queue was interrupted
java.lang.InterruptedException: null
	at EventBus.EventQueue.take(EventQueue.java:58)
	at Orchestrator.Orchestrator.start(Orchestrator.java:78)
	at Orchestrator.OrchestratorTests.lambda$runOrchestratorInThread$0(OrchestratorTests.java:71)
	at java.base/java.lang.Thread.run(Thread.java:1583)
10:54:21.037 [Thread-1] ERROR Orchestrator.Orchestrator -- Event queue was interrupted
java.lang.InterruptedException: null
	at EventBus.EventQueue.take(EventQueue.java:58)
	at Orchestrator.Orchestrator.start(Orchestrator.java:78)
	at Orchestrator.OrchestratorTests.lambda$runOrchestratorInThread$0(OrchestratorTests.java:71)
	at java.base/java.lang.Thread.run(Thread.java:1583)
10:54:21.037 [Thread-2] ERROR Orchestrator.Orchestrator -- Event queue was interrupted
java.lang.InterruptedException: null
	at EventBus.EventQueue.take(EventQueue.java:58)
	at Orchestrator.Orchestrator.start(Orchestrator.java:78)
	at Orchestrator.OrchestratorTests.lambda$runOrchestratorInThread$0(OrchestratorTests.java:71)
	at java.base/java.lang.Thread.run(Thread.java:1583)
10:54:21.037 [Thread-1] ERROR Orchestrator.Orchestrator -- Event queue was interrupted
java.lang.InterruptedException: null
	at EventBus.EventQueue.take(EventQueue.java:58)
	at Orchestrator.Orchestrator.start(Orchestrator.java:78)
	at Orchestrator.OrchestratorTests.lambda$runOrchestratorInThread$0(OrchestratorTests.java:71)
	at java.base/java.lang.Thread.run(Thread.java:1583)
10:54:21.038 [Thread-2] ERROR Orchestrator.Orchestrator -- Event queue was interrupted
java.lang.InterruptedException: null
	at EventBus.EventQueue.take(EventQueue.java:58)
	at Orchestrator.Orchestrator.start(Orchestrator.java:78)
	at Orchestrator.OrchestratorTests.lambda$runOrchestratorInThread$0(OrchestratorTests.java:71)
	at java.base/java.lang.Thread.run(Thread.java:1583)
10:54:21.038 [Thread-2] ERROR Orchestrator.Orchestrator -- Event queue was interrupted
java.lang.InterruptedException: null
	at EventBus.EventQueue.take(EventQueue.java:58)
	at Orchestrator.Orchestrator.start(Orchestrator.java:78)
	at Orchestrator.OrchestratorTests.lambda$runOrchestratorInThread$0(OrchestratorTests.java:71)
	at java.base/java.lang.Thread.run(Thread.java:1583)
10:54:21.038 [Thread-2] ERROR Orchestrator.Orchestrator -- Event queue was interrupted
java.lang.InterruptedException: null
	at EventBus.EventQueue.take(EventQueue.java:58)
	at Orchestrator.Orchestrator.start(Orchestrator.java:78)
	at Orchestrator.OrchestratorTests.lambda$runOrchestratorInThread$0(OrchestratorTests.java:71)
	at java.base/java.lang.Thread.run(Thread.java:1583)
10:54:21.038 [Thread-2] ERROR Orchestrator.Orchestrator -- Event queue was interrupted
java.lang.InterruptedException: null
	at EventBus.EventQueue.take(EventQueue.java:58)
	at Orchestrator.Orchestrator.start(Orchestrator.java:78)
	at Orchestrator.OrchestratorTests.lambda$runOrchestratorInThread$0(OrchestratorTests.java:71)
	at java.base/java.lang.Thread.run(Thread.java:1583)
10:54:21.038 [Thread-2] ERROR Orchestrator.Orchestrator -- Event queue was interrupted
java.lang.InterruptedException: null
	at EventBus.EventQueue.take(EventQueue.java:58)
	at Orchestrator.Orchestrator.start(Orchestrator.java:78)
	at Orchestrator.OrchestratorTests.lambda$runOrchestratorInThread$0(OrchestratorTests.java:71)
	at java.base/java.lang.Thread.run(Thread.java:1583)
10:54:21.038 [Thread-2] ERROR Orchestrator.Orchestrator -- Event queue was interrupted
java.lang.InterruptedException: null
	at EventBus.EventQueue.take(EventQueue.java:58)
	at Orchestrator.Orchestrator.start(Orchestrator.java:78)
	at Orchestrator.OrchestratorTests.lambda$runOrchestratorInThread$0(OrchestratorTests.java:71)
	at java.base/java.lang.Thread.run(Thread.java:1583)
10:54:21.038 [Thread-2] ERROR Orchestrator.Orchestrator -- Event queue was interrupted
java.lang.InterruptedException: null
	at EventBus.EventQueue.take(EventQueue.java:58)
	at Orchestrator.Orchestrator.start(Orchestrator.java:78)
	at Orchestrator.OrchestratorTests.lambda$runOrchestratorInThread$0(OrchestratorTests.java:71)
	at java.base/java.lang.Thread.run(Thread.java:1583)
10:54:21.038 [Thread-2] ERROR Orchestrator.Orchestrator -- Event queue was interrupted
java.lang.InterruptedException: null
	at EventBus.EventQueue.take(EventQueue.java:58)
	at Orchestrator.Orchestrator.start(Orchestrator.java:78)
	at Orchestrator.OrchestratorTests.lambda$runOrchestratorInThread$0(OrchestratorTests.java:71)
	at java.base/java.lang.Thread.run(Thread.java:1583)
10:54:21.038 [Thread-2] ERROR Orchestrator.Orchestrator -- Event queue was interrupted
java.lang.InterruptedException: null
	at EventBus.EventQueue.take(EventQueue.java:58)
	at Orchestrator.Orchestrator.start(Orchestrator.java:78)
	at Orchestrator.OrchestratorTests.lambda$runOrchestratorInThread$0(OrchestratorTests.java:71)
	at java.base/java.lang.Thread.run(Thread.java:1583)
10:54:21.038 [Thread-2] ERROR Orchestrator.Orchestrator -- Event queue was interrupted
java.lang.InterruptedException: null
	at EventBus.EventQueue.take(EventQueue.java:58)
	at Orchestrator.Orchestrator.start(Orchestrator.java:78)
	at Orchestrator.OrchestratorTests.lambda$runOrchestratorInThread$0(OrchestratorTests.java:71)
	at java.base/java.lang.Thread.run(Thread.java:1583)
10:54:21.038 [Thread-2] ERROR Orchestrator.Orchestrator -- Event queue was interrupted
java.lang.InterruptedException: null
	at EventBus.EventQueue.take(EventQueue.java:58)
	at Orchestrator.Orchestrator.start(Orchestrator.java:78)
	at Orchestrator.OrchestratorTests.lambda$runOrchestratorInThread$0(OrchestratorTests.java:71)
	at java.base/java.lang.Thread.run(Thread.java:1583)
10:54:21.038 [Thread-2] ERROR Orchestrator.Orchestrator -- Event queue was interrupted
java.lang.InterruptedException: null
	at EventBus.EventQueue.take(EventQueue.java:58)
	at Orchestrator.Orchestrator.start(Orchestrator.java:78)
	at Orchestrator.OrchestratorTests.lambda$runOrchestratorInThread$0(OrchestratorTests.java:71)
	at java.base/java.lang.Thread.run(Thread.java:1583)
10:54:21.038 [Thread-2] ERROR Orchestrator.Orchestrator -- Event queue was interrupted
java.lang.InterruptedException: null
	at EventBus.EventQueue.take(EventQueue.java:58)
	at Orchestrator.Orchestrator.start(Orchestrator.java:78)
	at Orchestrator.OrchestratorTests.lambda$runOrchestratorInThread$0(OrchestratorTests.java:71)
	at java.base/java.lang.Thread.run(Thread.java:1583)
10:54:21.038 [Thread-2] ERROR Orchestrator.Orchestrator -- Event queue was interrupted
java.lang.InterruptedException: null
	at EventBus.EventQueue.take(EventQueue.java:58)
	at Orchestrator.Orchestrator.start(Orchestrator.java:78)
	at Orchestrator.OrchestratorTests.lambda$runOrchestratorInThread$0(OrchestratorTests.java:71)
	at java.base/java.lang.Thread.run(Thread.java:1583)
10:54:21.038 [Thread-2] ERROR Orchestrator.Orchestrator -- Event queue was interrupted
java.lang.InterruptedException: null
	at EventBus.EventQueue.take(EventQueue.java:58)
	at Orchestrator.Orchestrator.start(Orchestrator.java:78)
	at Orchestrator.OrchestratorTests.lambda$runOrchestratorInThread$0(OrchestratorTests.java:71)
	at java.base/java.lang.Thread.run(Thread.java:1583)
10:54:21.038 [Thread-2] ERROR Orchestrator.Orchestrator -- Event queue was interrupted
java.lang.InterruptedException: null
	at EventBus.EventQueue.take(EventQueue.java:58)
	at Orchestrator.Orchestrator.start(Orchestrator.java:78)
	at Orchestrator.OrchestratorTests.lambda$runOrchestratorInThread$0(OrchestratorTests.java:71)
	at java.base/java.lang.Thread.run(Thread.java:1583)
10:54:21.038 [Thread-2] ERROR Orchestrator.Orchestrator -- Event queue was interrupted
java.lang.InterruptedException: null
	at EventBus.EventQueue.take(EventQueue.java:58)
	at Orchestrator.Orchestrator.start(Orchestrator.java:78)
	at Orchestrator.OrchestratorTests.lambda$runOrchestratorInThread$0(OrchestratorTests.java:71)
	at java.base/java.lang.Thread.run(Thread.java:1583)
10:54:21.038 [Thread-2] ERROR Orchestrator.Orchestrator -- Event queue was interrupted
java.lang.InterruptedException: null
	at EventBus.EventQueue.take(EventQueue.java:58)
	at Orchestrator.Orchestrator.start(Orchestrator.java:78)
	at Orchestrator.OrchestratorTests.lambda$runOrchestratorInThread$0(OrchestratorTests.java:71)
	at java.base/java.lang.Thread.run(Thread.java:1583)
10:54:21.038 [Thread-2] ERROR Orchestrator.Orchestrator -- Event queue was interrupted
java.lang.InterruptedException: null
	at EventBus.EventQueue.take(EventQueue.java:58)
	at Orchestrator.Orchestrator.start(Orchestrator.java:78)
	at Orchestrator.OrchestratorTests.lambda$runOrchestratorInThread$0(OrchestratorTests.java:71)
	at java.base/java.lang.Thread.run(Thread.java:1583)
10:54:21.039 [Thread-2] ERROR Orchestrator.Orchestrator -- Event queue was interrupted
java.lang.InterruptedException: null
	at EventBus.EventQueue.take(EventQueue.java:58)
	at Orchestrator.Orchestrator.start(Orchestrator.java:78)
	at Orchestrator.OrchestratorTests.lambda$runOrchestratorInThread$0(OrchestratorTests.java:71)
	at java.base/java.lang.Thread.run(Thread.java:1583)
10:54:21.039 [Thread-2] ERROR Orchestrator.Orchestrator -- Event queue was interrupted
java.lang.InterruptedException: null
	at EventBus.EventQueue.take(EventQueue.java:58)
	at Orchestrator.Orchestrator.start(Orchestrator.java:78)
	at Orchestrator.OrchestratorTests.lambda$runOrchestratorInThread$0(OrchestratorTests.java:71)
	at java.base/java.lang.Thread.run(Thread.java:1583)
10:54:21.039 [Thread-2] ERROR Orchestrator.Orchestrator -- Event queue was interrupted
java.lang.InterruptedException: null
	at EventBus.EventQueue.take(EventQueue.java:58)
	at Orchestrator.Orchestrator.start(Orchestrator.java:78)
	at Orchestrator.OrchestratorTests.lambda$runOrchestratorInThread$0(OrchestratorTests.java:71)
	at java.base/java.lang.Thread.run(Thread.java:1583)
10:54:21.039 [Thread-2] ERROR Orchestrator.Orchestrator -- Event queue was interrupted
java.lang.InterruptedException: null
	at EventBus.EventQueue.take(EventQueue.java:58)
	at Orchestrator.Orchestrator.start(Orchestrator.java:78)
	at Orchestrator.OrchestratorTests.lambda$runOrchestratorInThread$0(OrchestratorTests.java:71)
	at java.base/java.lang.Thread.run(Thread.java:1583)
10:54:21.039 [Thread-2] ERROR Orchestrator.Orchestrator -- Event queue was interrupted
java.lang.InterruptedException: null
	at EventBus.EventQueue.take(EventQueue.java:58)
	at Orchestrator.Orchestrator.start(Orchestrator.java:78)
	at Orchestrator.OrchestratorTests.lambda$runOrchestratorInThread$0(OrchestratorTests.java:71)
	at java.base/java.lang.Thread.run(Thread.java:1583)
10:54:21.039 [Thread-2] ERROR Orchestrator.Orchestrator -- Event queue was interrupted
java.lang.InterruptedException: null
	at EventBus.EventQueue.take(EventQueue.java:58)
	at Orchestrator.Orchestrator.start(Orchestrator.java:78)
	at Orchestrator.OrchestratorTests.lambda$runOrchestratorInThread$0(OrchestratorTests.java:71)
	at java.base/java.lang.Thread.run(Thread.java:1583)
10:54:21.039 [Thread-2] ERROR Orchestrator.Orchestrator -- Event queue was interrupted
java.lang.InterruptedException: null
	at EventBus.EventQueue.take(EventQueue.java:58)
	at Orchestrator.Orchestrator.start(Orchestrator.java:78)
	at Orchestrator.OrchestratorTests.lambda$runOrchestratorInThread$0(OrchestratorTests.java:71)
	at java.base/java.lang.Thread.run(Thread.java:1583)
10:54:21.039 [Thread-2] ERROR Orchestrator.Orchestrator -- Event queue was interrupted
java.lang.InterruptedException: null
	at EventBus.EventQueue.take(EventQueue.java:58)
	at Orchestrator.Orchestrator.start(Orchestrator.java:78)
	at Orchestrator.OrchestratorTests.lambda$runOrchestratorInThread$0(OrchestratorTests.java:71)
	at java.base/java.lang.Thread.run(Thread.java:1583)
10:54:21.039 [Thread-2] ERROR Orchestrator.Orchestrator -- Event queue was interrupted
java.lang.InterruptedException: null
	at EventBus.EventQueue.take(EventQueue.java:58)
	at Orchestrator.Orchestrator.start(Orchestrator.java:78)
	at Orchestrator.OrchestratorTests.lambda$runOrchestratorInThread$0(OrchestratorTests.java:71)
	at java.base/java.lang.Thread.run(Thread.java:1583)
10:54:21.039 [Thread-2] ERROR Orchestrator.Orchestrator -- Event queue was interrupted
java.lang.InterruptedException: null
	at EventBus.EventQueue.take(EventQueue.java:58)
	at Orchestrator.Orchestrator.start(Orchestrator.java:78)
	at Orchestrator.OrchestratorTests.lambda$runOrchestratorInThread$0(OrchestratorTests.java:71)
	at java.base/java.lang.Thread.run(Thread.java:1583)
10:54:21.039 [Thread-2] ERROR Orchestrator.Orchestrator -- Event queue was interrupted
java.lang.InterruptedException: null
	at EventBus.EventQueue.take(EventQueue.java:58)
	at Orchestrator.Orchestrator.start(Orchestrator.java:78)
	at Orchestrator.OrchestratorTests.lambda$runOrchestratorInThread$0(OrchestratorTests.java:71)
	at java.base/java.lang.Thread.run(Thread.java:1583)
10:54:21.039 [Thread-2] ERROR Orchestrator.Orchestrator -- Event queue was interrupted
java.lang.InterruptedException: null
	at EventBus.EventQueue.take(EventQueue.java:58)
	at Orchestrator.Orchestrator.start(Orchestrator.java:78)
	at Orchestrator.OrchestratorTests.lambda$runOrchestratorInThread$0(OrchestratorTests.java:71)
	at java.base/java.lang.Thread.run(Thread.java:1583)
10:54:21.039 [Thread-2] ERROR Orchestrator.Orchestrator -- Event queue was interrupted
java.lang.InterruptedException: null
	at EventBus.EventQueue.take(EventQueue.java:58)
	at Orchestrator.Orchestrator.start(Orchestrator.java:78)
	at Orchestrator.OrchestratorTests.lambda$runOrchestratorInThread$0(OrchestratorTests.java:71)
	at java.base/java.lang.Thread.run(Thread.java:1583)
10:54:21.040 [Thread-2] ERROR Orchestrator.Orchestrator -- Event queue was interrupted
java.lang.InterruptedException: null
	at EventBus.EventQueue.take(EventQueue.java:58)
	at Orchestrator.Orchestrator.start(Orchestrator.java:78)
	at Orchestrator.OrchestratorTests.lambda$runOrchestratorInThread$0(OrchestratorTests.java:71)
	at java.base/java.lang.Thread.run(Thread.java:1583)
10:54:21.040 [Thread-2] ERROR Orchestrator.Orchestrator -- Event queue was interrupted
java.lang.InterruptedException: null
	at EventBus.EventQueue.take(EventQueue.java:58)
	at Orchestrator.Orchestrator.start(Orchestrator.java:78)
	at Orchestrator.OrchestratorTests.lambda$runOrchestratorInThread$0(OrchestratorTests.java:71)
	at java.base/java.lang.Thread.run(Thread.java:1583)
10:54:21.040 [Thread-2] ERROR Orchestrator.Orchestrator -- Event queue was interrupted
java.lang.InterruptedException: null
	at EventBus.EventQueue.take(EventQueue.java:58)
	at Orchestrator.Orchestrator.start(Orchestrator.java:78)
	at Orchestrator.OrchestratorTests.lambda$runOrchestratorInThread$0(OrchestratorTests.java:71)
	at java.base/java.lang.Thread.run(Thread.java:1583)
10:54:21.040 [Thread-2] ERROR Orchestrator.Orchestrator -- Event queue was interrupted
java.lang.InterruptedException: null
	at EventBus.EventQueue.take(EventQueue.java:58)
	at Orchestrator.Orchestrator.start(Orchestrator.java:78)
	at Orchestrator.OrchestratorTests.lambda$runOrchestratorInThread$0(OrchestratorTests.java:71)
	at java.base/java.lang.Thread.run(Thread.java:1583)
10:54:21.040 [Thread-2] ERROR Orchestrator.Orchestrator -- Event queue was interrupted
java.lang.InterruptedException: null
	at EventBus.EventQueue.take(EventQueue.java:58)
	at Orchestrator.Orchestrator.start(Orchestrator.java:78)
	at Orchestrator.OrchestratorTests.lambda$runOrchestratorInThread$0(OrchestratorTests.java:71)
	at java.base/java.lang.Thread.run(Thread.java:1583)
10:54:21.040 [Thread-2] ERROR Orchestrator.Orchestrator -- Event queue was interrupted
java.lang.InterruptedException: null
	at EventBus.EventQueue.take(EventQueue.java:58)
	at Orchestrator.Orchestrator.start(Orchestrator.java:78)
	at Orchestrator.OrchestratorTests.lambda$runOrchestratorInThread$0(OrchestratorTests.java:71)
	at java.base/java.lang.Thread.run(Thread.java:1583)
10:54:21.040 [Thread-2] ERROR Orchestrator.Orchestrator -- Event queue was interrupted
java.lang.InterruptedException: null
	at EventBus.EventQueue.take(EventQueue.java:58)
	at Orchestrator.Orchestrator.start(Orchestrator.java:78)
	at Orchestrator.OrchestratorTests.lambda$runOrchestratorInThread$0(OrchestratorTests.java:71)
	at java.base/java.lang.Thread.run(Thread.java:1583)
10:54:21.040 [Thread-2] ERROR Orchestrator.Orchestrator -- Event queue was interrupted
java.lang.InterruptedException: null
	at EventBus.EventQueue.take(EventQueue.java:58)
	at Orchestrator.Orchestrator.start(Orchestrator.java:78)
	at Orchestrator.OrchestratorTests.lambda$runOrchestratorInThread$0(OrchestratorTests.java:71)
	at java.base/java.lang.Thread.run(Thread.java:1583)
10:54:21.040 [Thread-2] ERROR Orchestrator.Orchestrator -- Event queue was interrupted
java.lang.InterruptedException: null
	at EventBus.EventQueue.take(EventQueue.java:58)
	at Orchestrator.Orchestrator.start(Orchestrator.java:78)
	at Orchestrator.OrchestratorTests.lambda$runOrchestratorInThread$0(OrchestratorTests.java:71)
	at java.base/java.lang.Thread.run(Thread.java:1583)
]]></system-out>
  </testcase>
</testsuite>