<?xml version="1.0" encoding="UTF-8"?>
<testsuite xmlns:xsi="http://www.w3.org/2001/XMLSchema-instance" xsi:noNamespaceSchemaLocation="https://maven.apache.org/surefire/maven-surefire-plugin/xsd/surefire-test-report.xsd" version="3.0.2" name="Personality.Desires.DesireServiceTest" time="2.043" tests="5" errors="0" skipped="0" failures="0">
  <properties>
    <property name="java.specification.version" value="21"/>
    <property name="sun.jnu.encoding" value="UTF-8"/>
    <property name="java.class.path" value="/app/ARCOS/target/test-classes:/app/ARCOS/target/classes:/home/jules/.m2/repository/io/github/givimad/whisper-jni/1.7.1/whisper-jni-1.7.1.jar:/home/jules/.m2/repository/com/squareup/okhttp3/okhttp/4.12.0/okhttp-4.12.0.jar:/home/jules/.m2/repository/com/squareup/okio/okio/3.6.0/okio-3.6.0.jar:/home/jules/.m2/repository/com/squareup/okio/okio-jvm/3.6.0/okio-jvm-3.6.0.jar:/home/jules/.m2/repository/org/jetbrains/kotlin/kotlin-stdlib-common/1.9.25/kotlin-stdlib-common-1.9.25.jar:/home/jules/.m2/repository/org/jetbrains/kotlin/kotlin-stdlib-jdk8/1.9.25/kotlin-stdlib-jdk8-1.9.25.jar:/home/jules/.m2/repository/org/jetbrains/kotlin/kotlin-stdlib/1.9.25/kotlin-stdlib-1.9.25.jar:/home/jules/.m2/repository/org/jetbrains/annotations/13.0/annotations-13.0.jar:/home/jules/.m2/repository/org/jetbrains/kotlin/kotlin-stdlib-jdk7/1.9.25/kotlin-stdlib-jdk7-1.9.25.jar:/home/jules/.m2/repository/com/fasterxml/jackson/core/jackson-core/2.19.2/jackson-core-2.19.2.jar:/home/jules/.m2/repository/com/fasterxml/jackson/core/jackson-databind/2.19.2/jackson-databind-2.19.2.jar:/home/jules/.m2/repository/com/fasterxml/jackson/core/jackson-annotations/2.19.1/jackson-annotations-2.19.1.jar:/home/jules/.m2/repository/ai/picovoice/porcupine-java/3.0.5/porcupine-java-3.0.5.jar:/home/jules/.m2/repository/org/springframework/boot/spring-boot-starter/3.5.3/spring-boot-starter-3.5.3.jar:/home/jules/.m2/repository/org/springframework/boot/spring-boot/3.5.3/spring-boot-3.5.3.jar:/home/jules/.m2/repository/org/springframework/spring-context/6.2.8/spring-context-6.2.8.jar:/home/jules/.m2/repository/org/springframework/spring-aop/6.2.8/spring-aop-6.2.8.jar:/home/jules/.m2/repository/org/springframework/spring-expression/6.2.8/spring-expression-6.2.8.jar:/home/jules/.m2/repository/org/springframework/boot/spring-boot-autoconfigure/3.5.3/spring-boot-autoconfigure-3.5.3.jar:/home/jules/.m2/repository/org/springframework/boot/spring-boot-starter-logging/3.5.3/spring-boot-starter-logging-3.5.3.jar:/home/jules/.m2/repository/ch/qos/logback/logback-classic/1.5.18/logback-classic-1.5.18.jar:/home/jules/.m2/repository/ch/qos/logback/logback-core/1.5.18/logback-core-1.5.18.jar:/home/jules/.m2/repository/org/apache/logging/log4j/log4j-to-slf4j/2.24.3/log4j-to-slf4j-2.24.3.jar:/home/jules/.m2/repository/org/apache/logging/log4j/log4j-api/2.24.3/log4j-api-2.24.3.jar:/home/jules/.m2/repository/org/slf4j/jul-to-slf4j/2.0.17/jul-to-slf4j-2.0.17.jar:/home/jules/.m2/repository/jakarta/annotation/jakarta.annotation-api/2.1.1/jakarta.annotation-api-2.1.1.jar:/home/jules/.m2/repository/org/springframework/spring-core/6.2.8/spring-core-6.2.8.jar:/home/jules/.m2/repository/org/springframework/spring-jcl/6.2.8/spring-jcl-6.2.8.jar:/home/jules/.m2/repository/org/yaml/snakeyaml/2.4/snakeyaml-2.4.jar:/home/jules/.m2/repository/org/springframework/boot/spring-boot-devtools/3.5.3/spring-boot-devtools-3.5.3.jar:/home/jules/.m2/repository/org/springframework/boot/spring-boot-starter-test/3.5.3/spring-boot-starter-test-3.5.3.jar:/home/jules/.m2/repository/org/springframework/boot/spring-boot-test/3.5.3/spring-boot-test-3.5.3.jar:/home/jules/.m2/repository/org/springframework/boot/spring-boot-test-autoconfigure/3.5.3/spring-boot-test-autoconfigure-3.5.3.jar:/home/jules/.m2/repository/com/jayway/jsonpath/json-path/2.9.0/json-path-2.9.0.jar:/home/jules/.m2/repository/jakarta/xml/bind/jakarta.xml.bind-api/4.0.2/jakarta.xml.bind-api-4.0.2.jar:/home/jules/.m2/repository/jakarta/activation/jakarta.activation-api/2.1.3/jakarta.activation-api-2.1.3.jar:/home/jules/.m2/repository/net/minidev/json-smart/2.5.2/json-smart-2.5.2.jar:/home/jules/.m2/repository/net/minidev/accessors-smart/2.5.2/accessors-smart-2.5.2.jar:/home/jules/.m2/repository/org/ow2/asm/asm/9.7.1/asm-9.7.1.jar:/home/jules/.m2/repository/org/assertj/assertj-core/3.27.3/assertj-core-3.27.3.jar:/home/jules/.m2/repository/net/bytebuddy/byte-buddy/1.17.6/byte-buddy-1.17.6.jar:/home/jules/.m2/repository/org/awaitility/awaitility/4.2.2/awaitility-4.2.2.jar:/home/jules/.m2/repository/org/hamcrest/hamcrest/3.0/hamcrest-3.0.jar:/home/jules/.m2/repository/org/junit/jupiter/junit-jupiter/5.12.2/junit-jupiter-5.12.2.jar:/home/jules/.m2/repository/org/junit/jupiter/junit-jupiter-api/5.12.2/junit-jupiter-api-5.12.2.jar:/home/jules/.m2/repository/org/opentest4j/opentest4j/1.3.0/opentest4j-1.3.0.jar:/home/jules/.m2/repository/org/junit/platform/junit-platform-commons/1.12.2/junit-platform-commons-1.12.2.jar:/home/jules/.m2/repository/org/apiguardian/apiguardian-api/1.1.2/apiguardian-api-1.1.2.jar:/home/jules/.m2/repository/org/junit/jupiter/junit-jupiter-params/5.12.2/junit-jupiter-params-5.12.2.jar:/home/jules/.m2/repository/org/junit/jupiter/junit-jupiter-engine/5.12.2/junit-jupiter-engine-5.12.2.jar:/home/jules/.m2/repository/org/junit/platform/junit-platform-engine/1.12.2/junit-platform-engine-1.12.2.jar:/home/jules/.m2/repository/org/mockito/mockito-core/5.17.0/mockito-core-5.17.0.jar:/home/jules/.m2/repository/net/bytebuddy/byte-buddy-agent/1.17.6/byte-buddy-agent-1.17.6.jar:/home/jules/.m2/repository/org/objenesis/objenesis/3.3/objenesis-3.3.jar:/home/jules/.m2/repository/org/mockito/mockito-junit-jupiter/5.17.0/mockito-junit-jupiter-5.17.0.jar:/home/jules/.m2/repository/org/skyscreamer/jsonassert/1.5.3/jsonassert-1.5.3.jar:/home/jules/.m2/repository/com/vaadin/external/google/android-json/0.0.20131108.vaadin1/android-json-0.0.20131108.vaadin1.jar:/home/jules/.m2/repository/org/springframework/spring-test/6.2.8/spring-test-6.2.8.jar:/home/jules/.m2/repository/org/xmlunit/xmlunit-core/2.10.2/xmlunit-core-2.10.2.jar:/home/jules/.m2/repository/org/springframework/ai/spring-ai-starter-model-mistral-ai/1.0.0/spring-ai-starter-model-mistral-ai-1.0.0.jar:/home/jules/.m2/repository/org/springframework/ai/spring-ai-autoconfigure-model-mistral-ai/1.0.0/spring-ai-autoconfigure-model-mistral-ai-1.0.0.jar:/home/jules/.m2/repository/org/springframework/ai/spring-ai-autoconfigure-model-tool/1.0.0/spring-ai-autoconfigure-model-tool-1.0.0.jar:/home/jules/.m2/repository/org/springframework/ai/spring-ai-autoconfigure-retry/1.0.0/spring-ai-autoconfigure-retry-1.0.0.jar:/home/jules/.m2/repository/org/springframework/ai/spring-ai-autoconfigure-model-chat-observation/1.0.0/spring-ai-autoconfigure-model-chat-observation-1.0.0.jar:/home/jules/.m2/repository/org/springframework/ai/spring-ai-autoconfigure-model-embedding-observation/1.0.0/spring-ai-autoconfigure-model-embedding-observation-1.0.0.jar:/home/jules/.m2/repository/org/springframework/ai/spring-ai-autoconfigure-model-image-observation/1.0.0/spring-ai-autoconfigure-model-image-observation-1.0.0.jar:/home/jules/.m2/repository/org/springframework/ai/spring-ai-mistral-ai/1.0.0/spring-ai-mistral-ai-1.0.0.jar:/home/jules/.m2/repository/org/springframework/ai/spring-ai-model/1.0.0/spring-ai-model-1.0.0.jar:/home/jules/.m2/repository/org/springframework/ai/spring-ai-commons/1.0.0/spring-ai-commons-1.0.0.jar:/home/jules/.m2/repository/io/micrometer/micrometer-core/1.15.1/micrometer-core-1.15.1.jar:/home/jules/.m2/repository/org/hdrhistogram/HdrHistogram/2.2.2/HdrHistogram-2.2.2.jar:/home/jules/.m2/repository/org/latencyutils/LatencyUtils/2.0.3/LatencyUtils-2.0.3.jar:/home/jules/.m2/repository/io/micrometer/context-propagation/1.1.3/context-propagation-1.1.3.jar:/home/jules/.m2/repository/org/springframework/ai/spring-ai-template-st/1.0.0/spring-ai-template-st-1.0.0.jar:/home/jules/.m2/repository/org/antlr/ST4/4.3.4/ST4-4.3.4.jar:/home/jules/.m2/repository/org/antlr/antlr-runtime/3.5.3/antlr-runtime-3.5.3.jar:/home/jules/.m2/repository/org/springframework/spring-messaging/6.2.8/spring-messaging-6.2.8.jar:/home/jules/.m2/repository/org/antlr/antlr4-runtime/4.13.1/antlr4-runtime-4.13.1.jar:/home/jules/.m2/repository/com/github/victools/jsonschema-generator/4.37.0/jsonschema-generator-4.37.0.jar:/home/jules/.m2/repository/com/fasterxml/classmate/1.7.0/classmate-1.7.0.jar:/home/jules/.m2/repository/com/github/victools/jsonschema-module-jackson/4.37.0/jsonschema-module-jackson-4.37.0.jar:/home/jules/.m2/repository/com/github/victools/jsonschema-module-swagger-2/4.37.0/jsonschema-module-swagger-2-4.37.0.jar:/home/jules/.m2/repository/io/swagger/core/v3/swagger-annotations/2.2.25/swagger-annotations-2.2.25.jar:/home/jules/.m2/repository/org/springframework/ai/spring-ai-retry/1.0.0/spring-ai-retry-1.0.0.jar:/home/jules/.m2/repository/org/springframework/retry/spring-retry/2.0.12/spring-retry-2.0.12.jar:/home/jules/.m2/repository/org/springframework/spring-context-support/6.2.8/spring-context-support-6.2.8.jar:/home/jules/.m2/repository/org/springframework/ai/spring-ai-autoconfigure-model-chat-client/1.0.0/spring-ai-autoconfigure-model-chat-client-1.0.0.jar:/home/jules/.m2/repository/org/springframework/ai/spring-ai-client-chat/1.0.0/spring-ai-client-chat-1.0.0.jar:/home/jules/.m2/repository/com/fasterxml/jackson/module/jackson-module-jsonSchema/2.19.1/jackson-module-jsonSchema-2.19.1.jar:/home/jules/.m2/repository/javax/validation/validation-api/1.1.0.Final/validation-api-1.1.0.Final.jar:/home/jules/.m2/repository/com/knuddels/jtokkit/1.1.0/jtokkit-1.1.0.jar:/home/jules/.m2/repository/org/springframework/ai/spring-ai-autoconfigure-model-chat-memory/1.0.0/spring-ai-autoconfigure-model-chat-memory-1.0.0.jar:/home/jules/.m2/repository/org/projectlombok/lombok/1.18.38/lombok-1.18.38.jar:/home/jules/.m2/repository/com/google/cloud/google-cloud-bigquery/2.38.0/google-cloud-bigquery-2.38.0.jar:/home/jules/.m2/repository/com/google/cloud/google-cloud-core/2.33.0/google-cloud-core-2.33.0.jar:/home/jules/.m2/repository/com/google/protobuf/protobuf-java-util/3.25.2/protobuf-java-util-3.25.2.jar:/home/jules/.m2/repository/com/google/api/grpc/proto-google-common-protos/2.34.0/proto-google-common-protos-2.34.0.jar:/home/jules/.m2/repository/com/google/api/grpc/proto-google-iam-v1/1.29.0/proto-google-iam-v1-1.29.0.jar:/home/jules/.m2/repository/com/google/cloud/google-cloud-core-http/2.33.0/google-cloud-core-http-2.33.0.jar:/home/jules/.m2/repository/com/google/api-client/google-api-client/2.3.0/google-api-client-2.3.0.jar:/home/jules/.m2/repository/com/google/oauth-client/google-oauth-client/1.35.0/google-oauth-client-1.35.0.jar:/home/jules/.m2/repository/com/google/http-client/google-http-client-apache-v2/1.44.1/google-http-client-apache-v2-1.44.1.jar:/home/jules/.m2/repository/com/google/http-client/google-http-client-appengine/1.44.1/google-http-client-appengine-1.44.1.jar:/home/jules/.m2/repository/com/google/api/gax-httpjson/2.43.0/gax-httpjson-2.43.0.jar:/home/jules/.m2/repository/io/opencensus/opencensus-api/0.31.1/opencensus-api-0.31.1.jar:/home/jules/.m2/repository/io/opencensus/opencensus-contrib-http-util/0.31.1/opencensus-contrib-http-util-0.31.1.jar:/home/jules/.m2/repository/com/google/http-client/google-http-client-gson/1.44.1/google-http-client-gson-1.44.1.jar:/home/jules/.m2/repository/com/google/http-client/google-http-client/1.44.1/google-http-client-1.44.1.jar:/home/jules/.m2/repository/org/apache/httpcomponents/httpclient/4.5.14/httpclient-4.5.14.jar:/home/jules/.m2/repository/org/apache/httpcomponents/httpcore/4.4.16/httpcore-4.4.16.jar:/home/jules/.m2/repository/com/google/j2objc/j2objc-annotations/2.8/j2objc-annotations-2.8.jar:/home/jules/.m2/repository/io/grpc/grpc-context/1.61.1/grpc-context-1.61.1.jar:/home/jules/.m2/repository/org/checkerframework/checker-compat-qual/2.5.6/checker-compat-qual-2.5.6.jar:/home/jules/.m2/repository/org/checkerframework/checker-qual/3.42.0/checker-qual-3.42.0.jar:/home/jules/.m2/repository/com/google/auth/google-auth-library-credentials/1.23.0/google-auth-library-credentials-1.23.0.jar:/home/jules/.m2/repository/com/google/auth/google-auth-library-oauth2-http/1.23.0/google-auth-library-oauth2-http-1.23.0.jar:/home/jules/.m2/repository/com/google/code/findbugs/jsr305/3.0.2/jsr305-3.0.2.jar:/home/jules/.m2/repository/com/google/apis/google-api-services-bigquery/v2-rev20240211-2.0.0/google-api-services-bigquery-v2-rev20240211-2.0.0.jar:/home/jules/.m2/repository/com/google/api/api-common/2.26.0/api-common-2.26.0.jar:/home/jules/.m2/repository/javax/annotation/javax.annotation-api/1.3.2/javax.annotation-api-1.3.2.jar:/home/jules/.m2/repository/com/google/guava/guava/32.1.3-jre/guava-32.1.3-jre.jar:/home/jules/.m2/repository/com/google/guava/failureaccess/1.0.1/failureaccess-1.0.1.jar:/home/jules/.m2/repository/com/google/guava/listenablefuture/9999.0-empty-to-avoid-conflict-with-guava/listenablefuture-9999.0-empty-to-avoid-conflict-with-guava.jar:/home/jules/.m2/repository/com/google/api/gax/2.43.0/gax-2.43.0.jar:/home/jules/.m2/repository/org/threeten/threetenbp/1.6.8/threetenbp-1.6.8.jar:/home/jules/.m2/repository/com/google/code/gson/gson/2.13.1/gson-2.13.1.jar:/home/jules/.m2/repository/org/threeten/threeten-extra/1.7.2/threeten-extra-1.7.2.jar:/home/jules/.m2/repository/com/google/protobuf/protobuf-java/3.25.2/protobuf-java-3.25.2.jar:/home/jules/.m2/repository/com/google/cloud/google-cloud-bigquerystorage/3.2.0/google-cloud-bigquerystorage-3.2.0.jar:/home/jules/.m2/repository/io/grpc/grpc-api/1.61.1/grpc-api-1.61.1.jar:/home/jules/.m2/repository/io/grpc/grpc-stub/1.61.1/grpc-stub-1.61.1.jar:/home/jules/.m2/repository/io/grpc/grpc-protobuf/1.61.1/grpc-protobuf-1.61.1.jar:/home/jules/.m2/repository/io/grpc/grpc-protobuf-lite/1.61.1/grpc-protobuf-lite-1.61.1.jar:/home/jules/.m2/repository/io/grpc/grpc-util/1.61.1/grpc-util-1.61.1.jar:/home/jules/.m2/repository/io/grpc/grpc-core/1.61.1/grpc-core-1.61.1.jar:/home/jules/.m2/repository/com/google/android/annotations/4.1.1.4/annotations-4.1.1.4.jar:/home/jules/.m2/repository/io/perfmark/perfmark-api/0.27.0/perfmark-api-0.27.0.jar:/home/jules/.m2/repository/org/codehaus/mojo/animal-sniffer-annotations/1.23/animal-sniffer-annotations-1.23.jar:/home/jules/.m2/repository/com/google/auto/value/auto-value/1.10.4/auto-value-1.10.4.jar:/home/jules/.m2/repository/com/google/api/grpc/proto-google-cloud-bigquerystorage-v1beta1/0.174.0/proto-google-cloud-bigquerystorage-v1beta1-0.174.0.jar:/home/jules/.m2/repository/com/google/api/grpc/proto-google-cloud-bigquerystorage-v1beta2/0.174.0/proto-google-cloud-bigquerystorage-v1beta2-0.174.0.jar:/home/jules/.m2/repository/com/google/api/gax-grpc/2.43.0/gax-grpc-2.43.0.jar:/home/jules/.m2/repository/io/grpc/grpc-inprocess/1.61.1/grpc-inprocess-1.61.1.jar:/home/jules/.m2/repository/io/grpc/grpc-alts/1.61.1/grpc-alts-1.61.1.jar:/home/jules/.m2/repository/io/grpc/grpc-grpclb/1.61.1/grpc-grpclb-1.61.1.jar:/home/jules/.m2/repository/org/conscrypt/conscrypt-openjdk-uber/2.5.2/conscrypt-openjdk-uber-2.5.2.jar:/home/jules/.m2/repository/io/grpc/grpc-auth/1.61.1/grpc-auth-1.61.1.jar:/home/jules/.m2/repository/io/grpc/grpc-netty-shaded/1.61.1/grpc-netty-shaded-1.61.1.jar:/home/jules/.m2/repository/io/grpc/grpc-googleapis/1.61.1/grpc-googleapis-1.61.1.jar:/home/jules/.m2/repository/org/json/json/20240205/json-20240205.jar:/home/jules/.m2/repository/commons-codec/commons-codec/1.18.0/commons-codec-1.18.0.jar:/home/jules/.m2/repository/com/google/api/grpc/grpc-google-cloud-bigquerystorage-v1beta1/0.174.0/grpc-google-cloud-bigquerystorage-v1beta1-0.174.0.jar:/home/jules/.m2/repository/com/google/api/grpc/grpc-google-cloud-bigquerystorage-v1beta2/0.174.0/grpc-google-cloud-bigquerystorage-v1beta2-0.174.0.jar:/home/jules/.m2/repository/com/google/api/grpc/grpc-google-cloud-bigquerystorage-v1/3.2.0/grpc-google-cloud-bigquerystorage-v1-3.2.0.jar:/home/jules/.m2/repository/com/google/api/grpc/proto-google-cloud-bigquerystorage-v1/3.2.0/proto-google-cloud-bigquerystorage-v1-3.2.0.jar:/home/jules/.m2/repository/org/apache/arrow/arrow-vector/15.0.0/arrow-vector-15.0.0.jar:/home/jules/.m2/repository/org/apache/arrow/arrow-format/15.0.0/arrow-format-15.0.0.jar:/home/jules/.m2/repository/com/fasterxml/jackson/datatype/jackson-datatype-jsr310/2.19.1/jackson-datatype-jsr310-2.19.1.jar:/home/jules/.m2/repository/com/google/flatbuffers/flatbuffers-java/23.5.26/flatbuffers-java-23.5.26.jar:/home/jules/.m2/repository/org/slf4j/slf4j-api/2.0.17/slf4j-api-2.0.17.jar:/home/jules/.m2/repository/org/eclipse/collections/eclipse-collections/11.1.0/eclipse-collections-11.1.0.jar:/home/jules/.m2/repository/org/eclipse/collections/eclipse-collections-api/11.1.0/eclipse-collections-api-11.1.0.jar:/home/jules/.m2/repository/org/apache/arrow/arrow-memory-core/15.0.0/arrow-memory-core-15.0.0.jar:/home/jules/.m2/repository/org/apache/arrow/arrow-memory-netty/15.0.0/arrow-memory-netty-15.0.0.jar:/home/jules/.m2/repository/io/netty/netty-buffer/4.1.122.Final/netty-buffer-4.1.122.Final.jar:/home/jules/.m2/repository/io/netty/netty-common/4.1.122.Final/netty-common-4.1.122.Final.jar:/home/jules/.m2/repository/com/google/errorprone/error_prone_annotations/2.24.1/error_prone_annotations-2.24.1.jar:/home/jules/.m2/repository/org/springframework/boot/spring-boot-starter-webflux/3.5.3/spring-boot-starter-webflux-3.5.3.jar:/home/jules/.m2/repository/org/springframework/boot/spring-boot-starter-json/3.5.3/spring-boot-starter-json-3.5.3.jar:/home/jules/.m2/repository/com/fasterxml/jackson/datatype/jackson-datatype-jdk8/2.19.1/jackson-datatype-jdk8-2.19.1.jar:/home/jules/.m2/repository/com/fasterxml/jackson/module/jackson-module-parameter-names/2.19.1/jackson-module-parameter-names-2.19.1.jar:/home/jules/.m2/repository/org/springframework/boot/spring-boot-starter-reactor-netty/3.5.3/spring-boot-starter-reactor-netty-3.5.3.jar:/home/jules/.m2/repository/io/projectreactor/netty/reactor-netty-http/1.2.7/reactor-netty-http-1.2.7.jar:/home/jules/.m2/repository/io/netty/netty-codec-http/4.1.122.Final/netty-codec-http-4.1.122.Final.jar:/home/jules/.m2/repository/io/netty/netty-transport/4.1.122.Final/netty-transport-4.1.122.Final.jar:/home/jules/.m2/repository/io/netty/netty-codec/4.1.122.Final/netty-codec-4.1.122.Final.jar:/home/jules/.m2/repository/io/netty/netty-handler/4.1.122.Final/netty-handler-4.1.122.Final.jar:/home/jules/.m2/repository/io/netty/netty-codec-http2/4.1.122.Final/netty-codec-http2-4.1.122.Final.jar:/home/jules/.m2/repository/io/netty/netty-resolver-dns/4.1.122.Final/netty-resolver-dns-4.1.122.Final.jar:/home/jules/.m2/repository/io/netty/netty-resolver/4.1.122.Final/netty-resolver-4.1.122.Final.jar:/home/jules/.m2/repository/io/netty/netty-codec-dns/4.1.122.Final/netty-codec-dns-4.1.122.Final.jar:/home/jules/.m2/repository/io/netty/netty-resolver-dns-native-macos/4.1.122.Final/netty-resolver-dns-native-macos-4.1.122.Final-osx-x86_64.jar:/home/jules/.m2/repository/io/netty/netty-resolver-dns-classes-macos/4.1.122.Final/netty-resolver-dns-classes-macos-4.1.122.Final.jar:/home/jules/.m2/repository/io/netty/netty-transport-native-epoll/4.1.122.Final/netty-transport-native-epoll-4.1.122.Final-linux-x86_64.jar:/home/jules/.m2/repository/io/netty/netty-transport-native-unix-common/4.1.122.Final/netty-transport-native-unix-common-4.1.122.Final.jar:/home/jules/.m2/repository/io/netty/netty-transport-classes-epoll/4.1.122.Final/netty-transport-classes-epoll-4.1.122.Final.jar:/home/jules/.m2/repository/io/projectreactor/netty/reactor-netty-core/1.2.7/reactor-netty-core-1.2.7.jar:/home/jules/.m2/repository/io/netty/netty-handler-proxy/4.1.122.Final/netty-handler-proxy-4.1.122.Final.jar:/home/jules/.m2/repository/io/netty/netty-codec-socks/4.1.122.Final/netty-codec-socks-4.1.122.Final.jar:/home/jules/.m2/repository/org/springframework/spring-web/6.2.8/spring-web-6.2.8.jar:/home/jules/.m2/repository/org/springframework/spring-beans/6.2.8/spring-beans-6.2.8.jar:/home/jules/.m2/repository/io/micrometer/micrometer-observation/1.15.1/micrometer-observation-1.15.1.jar:/home/jules/.m2/repository/io/micrometer/micrometer-commons/1.15.1/micrometer-commons-1.15.1.jar:/home/jules/.m2/repository/org/springframework/spring-webflux/6.2.8/spring-webflux-6.2.8.jar:/home/jules/.m2/repository/io/projectreactor/reactor-test/3.7.7/reactor-test-3.7.7.jar:/home/jules/.m2/repository/io/projectreactor/reactor-core/3.7.7/reactor-core-3.7.7.jar:/home/jules/.m2/repository/org/reactivestreams/reactive-streams/1.0.4/reactive-streams-1.0.4.jar:"/>
    <property name="java.vm.vendor" value="Ubuntu"/>
    <property name="sun.arch.data.model" value="64"/>
    <property name="java.vendor.url" value="https://ubuntu.com/"/>
    <property name="user.timezone" value="Etc/UTC"/>
    <property name="os.name" value="Linux"/>
    <property name="java.vm.specification.version" value="21"/>
    <property name="sun.java.launcher" value="SUN_STANDARD"/>
    <property name="sun.boot.library.path" value="/usr/lib/jvm/java-21-openjdk-amd64/lib"/>
    <property name="sun.java.command" value="/app/ARCOS/target/surefire/surefirebooter-20250901094946599_3.jar /app/ARCOS/target/surefire 2025-09-01T09-49-46_470-jvmRun1 surefire-20250901094946599_1tmp surefire_0-20250901094946599_2tmp"/>
    <property name="jdk.debug" value="release"/>
    <property name="surefire.test.class.path" value="/app/ARCOS/target/test-classes:/app/ARCOS/target/classes:/home/jules/.m2/repository/io/github/givimad/whisper-jni/1.7.1/whisper-jni-1.7.1.jar:/home/jules/.m2/repository/com/squareup/okhttp3/okhttp/4.12.0/okhttp-4.12.0.jar:/home/jules/.m2/repository/com/squareup/okio/okio/3.6.0/okio-3.6.0.jar:/home/jules/.m2/repository/com/squareup/okio/okio-jvm/3.6.0/okio-jvm-3.6.0.jar:/home/jules/.m2/repository/org/jetbrains/kotlin/kotlin-stdlib-common/1.9.25/kotlin-stdlib-common-1.9.25.jar:/home/jules/.m2/repository/org/jetbrains/kotlin/kotlin-stdlib-jdk8/1.9.25/kotlin-stdlib-jdk8-1.9.25.jar:/home/jules/.m2/repository/org/jetbrains/kotlin/kotlin-stdlib/1.9.25/kotlin-stdlib-1.9.25.jar:/home/jules/.m2/repository/org/jetbrains/annotations/13.0/annotations-13.0.jar:/home/jules/.m2/repository/org/jetbrains/kotlin/kotlin-stdlib-jdk7/1.9.25/kotlin-stdlib-jdk7-1.9.25.jar:/home/jules/.m2/repository/com/fasterxml/jackson/core/jackson-core/2.19.2/jackson-core-2.19.2.jar:/home/jules/.m2/repository/com/fasterxml/jackson/core/jackson-databind/2.19.2/jackson-databind-2.19.2.jar:/home/jules/.m2/repository/com/fasterxml/jackson/core/jackson-annotations/2.19.1/jackson-annotations-2.19.1.jar:/home/jules/.m2/repository/ai/picovoice/porcupine-java/3.0.5/porcupine-java-3.0.5.jar:/home/jules/.m2/repository/org/springframework/boot/spring-boot-starter/3.5.3/spring-boot-starter-3.5.3.jar:/home/jules/.m2/repository/org/springframework/boot/spring-boot/3.5.3/spring-boot-3.5.3.jar:/home/jules/.m2/repository/org/springframework/spring-context/6.2.8/spring-context-6.2.8.jar:/home/jules/.m2/repository/org/springframework/spring-aop/6.2.8/spring-aop-6.2.8.jar:/home/jules/.m2/repository/org/springframework/spring-expression/6.2.8/spring-expression-6.2.8.jar:/home/jules/.m2/repository/org/springframework/boot/spring-boot-autoconfigure/3.5.3/spring-boot-autoconfigure-3.5.3.jar:/home/jules/.m2/repository/org/springframework/boot/spring-boot-starter-logging/3.5.3/spring-boot-starter-logging-3.5.3.jar:/home/jules/.m2/repository/ch/qos/logback/logback-classic/1.5.18/logback-classic-1.5.18.jar:/home/jules/.m2/repository/ch/qos/logback/logback-core/1.5.18/logback-core-1.5.18.jar:/home/jules/.m2/repository/org/apache/logging/log4j/log4j-to-slf4j/2.24.3/log4j-to-slf4j-2.24.3.jar:/home/jules/.m2/repository/org/apache/logging/log4j/log4j-api/2.24.3/log4j-api-2.24.3.jar:/home/jules/.m2/repository/org/slf4j/jul-to-slf4j/2.0.17/jul-to-slf4j-2.0.17.jar:/home/jules/.m2/repository/jakarta/annotation/jakarta.annotation-api/2.1.1/jakarta.annotation-api-2.1.1.jar:/home/jules/.m2/repository/org/springframework/spring-core/6.2.8/spring-core-6.2.8.jar:/home/jules/.m2/repository/org/springframework/spring-jcl/6.2.8/spring-jcl-6.2.8.jar:/home/jules/.m2/repository/org/yaml/snakeyaml/2.4/snakeyaml-2.4.jar:/home/jules/.m2/repository/org/springframework/boot/spring-boot-devtools/3.5.3/spring-boot-devtools-3.5.3.jar:/home/jules/.m2/repository/org/springframework/boot/spring-boot-starter-test/3.5.3/spring-boot-starter-test-3.5.3.jar:/home/jules/.m2/repository/org/springframework/boot/spring-boot-test/3.5.3/spring-boot-test-3.5.3.jar:/home/jules/.m2/repository/org/springframework/boot/spring-boot-test-autoconfigure/3.5.3/spring-boot-test-autoconfigure-3.5.3.jar:/home/jules/.m2/repository/com/jayway/jsonpath/json-path/2.9.0/json-path-2.9.0.jar:/home/jules/.m2/repository/jakarta/xml/bind/jakarta.xml.bind-api/4.0.2/jakarta.xml.bind-api-4.0.2.jar:/home/jules/.m2/repository/jakarta/activation/jakarta.activation-api/2.1.3/jakarta.activation-api-2.1.3.jar:/home/jules/.m2/repository/net/minidev/json-smart/2.5.2/json-smart-2.5.2.jar:/home/jules/.m2/repository/net/minidev/accessors-smart/2.5.2/accessors-smart-2.5.2.jar:/home/jules/.m2/repository/org/ow2/asm/asm/9.7.1/asm-9.7.1.jar:/home/jules/.m2/repository/org/assertj/assertj-core/3.27.3/assertj-core-3.27.3.jar:/home/jules/.m2/repository/net/bytebuddy/byte-buddy/1.17.6/byte-buddy-1.17.6.jar:/home/jules/.m2/repository/org/awaitility/awaitility/4.2.2/awaitility-4.2.2.jar:/home/jules/.m2/repository/org/hamcrest/hamcrest/3.0/hamcrest-3.0.jar:/home/jules/.m2/repository/org/junit/jupiter/junit-jupiter/5.12.2/junit-jupiter-5.12.2.jar:/home/jules/.m2/repository/org/junit/jupiter/junit-jupiter-api/5.12.2/junit-jupiter-api-5.12.2.jar:/home/jules/.m2/repository/org/opentest4j/opentest4j/1.3.0/opentest4j-1.3.0.jar:/home/jules/.m2/repository/org/junit/platform/junit-platform-commons/1.12.2/junit-platform-commons-1.12.2.jar:/home/jules/.m2/repository/org/apiguardian/apiguardian-api/1.1.2/apiguardian-api-1.1.2.jar:/home/jules/.m2/repository/org/junit/jupiter/junit-jupiter-params/5.12.2/junit-jupiter-params-5.12.2.jar:/home/jules/.m2/repository/org/junit/jupiter/junit-jupiter-engine/5.12.2/junit-jupiter-engine-5.12.2.jar:/home/jules/.m2/repository/org/junit/platform/junit-platform-engine/1.12.2/junit-platform-engine-1.12.2.jar:/home/jules/.m2/repository/org/mockito/mockito-core/5.17.0/mockito-core-5.17.0.jar:/home/jules/.m2/repository/net/bytebuddy/byte-buddy-agent/1.17.6/byte-buddy-agent-1.17.6.jar:/home/jules/.m2/repository/org/objenesis/objenesis/3.3/objenesis-3.3.jar:/home/jules/.m2/repository/org/mockito/mockito-junit-jupiter/5.17.0/mockito-junit-jupiter-5.17.0.jar:/home/jules/.m2/repository/org/skyscreamer/jsonassert/1.5.3/jsonassert-1.5.3.jar:/home/jules/.m2/repository/com/vaadin/external/google/android-json/0.0.20131108.vaadin1/android-json-0.0.20131108.vaadin1.jar:/home/jules/.m2/repository/org/springframework/spring-test/6.2.8/spring-test-6.2.8.jar:/home/jules/.m2/repository/org/xmlunit/xmlunit-core/2.10.2/xmlunit-core-2.10.2.jar:/home/jules/.m2/repository/org/springframework/ai/spring-ai-starter-model-mistral-ai/1.0.0/spring-ai-starter-model-mistral-ai-1.0.0.jar:/home/jules/.m2/repository/org/springframework/ai/spring-ai-autoconfigure-model-mistral-ai/1.0.0/spring-ai-autoconfigure-model-mistral-ai-1.0.0.jar:/home/jules/.m2/repository/org/springframework/ai/spring-ai-autoconfigure-model-tool/1.0.0/spring-ai-autoconfigure-model-tool-1.0.0.jar:/home/jules/.m2/repository/org/springframework/ai/spring-ai-autoconfigure-retry/1.0.0/spring-ai-autoconfigure-retry-1.0.0.jar:/home/jules/.m2/repository/org/springframework/ai/spring-ai-autoconfigure-model-chat-observation/1.0.0/spring-ai-autoconfigure-model-chat-observation-1.0.0.jar:/home/jules/.m2/repository/org/springframework/ai/spring-ai-autoconfigure-model-embedding-observation/1.0.0/spring-ai-autoconfigure-model-embedding-observation-1.0.0.jar:/home/jules/.m2/repository/org/springframework/ai/spring-ai-autoconfigure-model-image-observation/1.0.0/spring-ai-autoconfigure-model-image-observation-1.0.0.jar:/home/jules/.m2/repository/org/springframework/ai/spring-ai-mistral-ai/1.0.0/spring-ai-mistral-ai-1.0.0.jar:/home/jules/.m2/repository/org/springframework/ai/spring-ai-model/1.0.0/spring-ai-model-1.0.0.jar:/home/jules/.m2/repository/org/springframework/ai/spring-ai-commons/1.0.0/spring-ai-commons-1.0.0.jar:/home/jules/.m2/repository/io/micrometer/micrometer-core/1.15.1/micrometer-core-1.15.1.jar:/home/jules/.m2/repository/org/hdrhistogram/HdrHistogram/2.2.2/HdrHistogram-2.2.2.jar:/home/jules/.m2/repository/org/latencyutils/LatencyUtils/2.0.3/LatencyUtils-2.0.3.jar:/home/jules/.m2/repository/io/micrometer/context-propagation/1.1.3/context-propagation-1.1.3.jar:/home/jules/.m2/repository/org/springframework/ai/spring-ai-template-st/1.0.0/spring-ai-template-st-1.0.0.jar:/home/jules/.m2/repository/org/antlr/ST4/4.3.4/ST4-4.3.4.jar:/home/jules/.m2/repository/org/antlr/antlr-runtime/3.5.3/antlr-runtime-3.5.3.jar:/home/jules/.m2/repository/org/springframework/spring-messaging/6.2.8/spring-messaging-6.2.8.jar:/home/jules/.m2/repository/org/antlr/antlr4-runtime/4.13.1/antlr4-runtime-4.13.1.jar:/home/jules/.m2/repository/com/github/victools/jsonschema-generator/4.37.0/jsonschema-generator-4.37.0.jar:/home/jules/.m2/repository/com/fasterxml/classmate/1.7.0/classmate-1.7.0.jar:/home/jules/.m2/repository/com/github/victools/jsonschema-module-jackson/4.37.0/jsonschema-module-jackson-4.37.0.jar:/home/jules/.m2/repository/com/github/victools/jsonschema-module-swagger-2/4.37.0/jsonschema-module-swagger-2-4.37.0.jar:/home/jules/.m2/repository/io/swagger/core/v3/swagger-annotations/2.2.25/swagger-annotations-2.2.25.jar:/home/jules/.m2/repository/org/springframework/ai/spring-ai-retry/1.0.0/spring-ai-retry-1.0.0.jar:/home/jules/.m2/repository/org/springframework/retry/spring-retry/2.0.12/spring-retry-2.0.12.jar:/home/jules/.m2/repository/org/springframework/spring-context-support/6.2.8/spring-context-support-6.2.8.jar:/home/jules/.m2/repository/org/springframework/ai/spring-ai-autoconfigure-model-chat-client/1.0.0/spring-ai-autoconfigure-model-chat-client-1.0.0.jar:/home/jules/.m2/repository/org/springframework/ai/spring-ai-client-chat/1.0.0/spring-ai-client-chat-1.0.0.jar:/home/jules/.m2/repository/com/fasterxml/jackson/module/jackson-module-jsonSchema/2.19.1/jackson-module-jsonSchema-2.19.1.jar:/home/jules/.m2/repository/javax/validation/validation-api/1.1.0.Final/validation-api-1.1.0.Final.jar:/home/jules/.m2/repository/com/knuddels/jtokkit/1.1.0/jtokkit-1.1.0.jar:/home/jules/.m2/repository/org/springframework/ai/spring-ai-autoconfigure-model-chat-memory/1.0.0/spring-ai-autoconfigure-model-chat-memory-1.0.0.jar:/home/jules/.m2/repository/org/projectlombok/lombok/1.18.38/lombok-1.18.38.jar:/home/jules/.m2/repository/com/google/cloud/google-cloud-bigquery/2.38.0/google-cloud-bigquery-2.38.0.jar:/home/jules/.m2/repository/com/google/cloud/google-cloud-core/2.33.0/google-cloud-core-2.33.0.jar:/home/jules/.m2/repository/com/google/protobuf/protobuf-java-util/3.25.2/protobuf-java-util-3.25.2.jar:/home/jules/.m2/repository/com/google/api/grpc/proto-google-common-protos/2.34.0/proto-google-common-protos-2.34.0.jar:/home/jules/.m2/repository/com/google/api/grpc/proto-google-iam-v1/1.29.0/proto-google-iam-v1-1.29.0.jar:/home/jules/.m2/repository/com/google/cloud/google-cloud-core-http/2.33.0/google-cloud-core-http-2.33.0.jar:/home/jules/.m2/repository/com/google/api-client/google-api-client/2.3.0/google-api-client-2.3.0.jar:/home/jules/.m2/repository/com/google/oauth-client/google-oauth-client/1.35.0/google-oauth-client-1.35.0.jar:/home/jules/.m2/repository/com/google/http-client/google-http-client-apache-v2/1.44.1/google-http-client-apache-v2-1.44.1.jar:/home/jules/.m2/repository/com/google/http-client/google-http-client-appengine/1.44.1/google-http-client-appengine-1.44.1.jar:/home/jules/.m2/repository/com/google/api/gax-httpjson/2.43.0/gax-httpjson-2.43.0.jar:/home/jules/.m2/repository/io/opencensus/opencensus-api/0.31.1/opencensus-api-0.31.1.jar:/home/jules/.m2/repository/io/opencensus/opencensus-contrib-http-util/0.31.1/opencensus-contrib-http-util-0.31.1.jar:/home/jules/.m2/repository/com/google/http-client/google-http-client-gson/1.44.1/google-http-client-gson-1.44.1.jar:/home/jules/.m2/repository/com/google/http-client/google-http-client/1.44.1/google-http-client-1.44.1.jar:/home/jules/.m2/repository/org/apache/httpcomponents/httpclient/4.5.14/httpclient-4.5.14.jar:/home/jules/.m2/repository/org/apache/httpcomponents/httpcore/4.4.16/httpcore-4.4.16.jar:/home/jules/.m2/repository/com/google/j2objc/j2objc-annotations/2.8/j2objc-annotations-2.8.jar:/home/jules/.m2/repository/io/grpc/grpc-context/1.61.1/grpc-context-1.61.1.jar:/home/jules/.m2/repository/org/checkerframework/checker-compat-qual/2.5.6/checker-compat-qual-2.5.6.jar:/home/jules/.m2/repository/org/checkerframework/checker-qual/3.42.0/checker-qual-3.42.0.jar:/home/jules/.m2/repository/com/google/auth/google-auth-library-credentials/1.23.0/google-auth-library-credentials-1.23.0.jar:/home/jules/.m2/repository/com/google/auth/google-auth-library-oauth2-http/1.23.0/google-auth-library-oauth2-http-1.23.0.jar:/home/jules/.m2/repository/com/google/code/findbugs/jsr305/3.0.2/jsr305-3.0.2.jar:/home/jules/.m2/repository/com/google/apis/google-api-services-bigquery/v2-rev20240211-2.0.0/google-api-services-bigquery-v2-rev20240211-2.0.0.jar:/home/jules/.m2/repository/com/google/api/api-common/2.26.0/api-common-2.26.0.jar:/home/jules/.m2/repository/javax/annotation/javax.annotation-api/1.3.2/javax.annotation-api-1.3.2.jar:/home/jules/.m2/repository/com/google/guava/guava/32.1.3-jre/guava-32.1.3-jre.jar:/home/jules/.m2/repository/com/google/guava/failureaccess/1.0.1/failureaccess-1.0.1.jar:/home/jules/.m2/repository/com/google/guava/listenablefuture/9999.0-empty-to-avoid-conflict-with-guava/listenablefuture-9999.0-empty-to-avoid-conflict-with-guava.jar:/home/jules/.m2/repository/com/google/api/gax/2.43.0/gax-2.43.0.jar:/home/jules/.m2/repository/org/threeten/threetenbp/1.6.8/threetenbp-1.6.8.jar:/home/jules/.m2/repository/com/google/code/gson/gson/2.13.1/gson-2.13.1.jar:/home/jules/.m2/repository/org/threeten/threeten-extra/1.7.2/threeten-extra-1.7.2.jar:/home/jules/.m2/repository/com/google/protobuf/protobuf-java/3.25.2/protobuf-java-3.25.2.jar:/home/jules/.m2/repository/com/google/cloud/google-cloud-bigquerystorage/3.2.0/google-cloud-bigquerystorage-3.2.0.jar:/home/jules/.m2/repository/io/grpc/grpc-api/1.61.1/grpc-api-1.61.1.jar:/home/jules/.m2/repository/io/grpc/grpc-stub/1.61.1/grpc-stub-1.61.1.jar:/home/jules/.m2/repository/io/grpc/grpc-protobuf/1.61.1/grpc-protobuf-1.61.1.jar:/home/jules/.m2/repository/io/grpc/grpc-protobuf-lite/1.61.1/grpc-protobuf-lite-1.61.1.jar:/home/jules/.m2/repository/io/grpc/grpc-util/1.61.1/grpc-util-1.61.1.jar:/home/jules/.m2/repository/io/grpc/grpc-core/1.61.1/grpc-core-1.61.1.jar:/home/jules/.m2/repository/com/google/android/annotations/4.1.1.4/annotations-4.1.1.4.jar:/home/jules/.m2/repository/io/perfmark/perfmark-api/0.27.0/perfmark-api-0.27.0.jar:/home/jules/.m2/repository/org/codehaus/mojo/animal-sniffer-annotations/1.23/animal-sniffer-annotations-1.23.jar:/home/jules/.m2/repository/com/google/auto/value/auto-value/1.10.4/auto-value-1.10.4.jar:/home/jules/.m2/repository/com/google/api/grpc/proto-google-cloud-bigquerystorage-v1beta1/0.174.0/proto-google-cloud-bigquerystorage-v1beta1-0.174.0.jar:/home/jules/.m2/repository/com/google/api/grpc/proto-google-cloud-bigquerystorage-v1beta2/0.174.0/proto-google-cloud-bigquerystorage-v1beta2-0.174.0.jar:/home/jules/.m2/repository/com/google/api/gax-grpc/2.43.0/gax-grpc-2.43.0.jar:/home/jules/.m2/repository/io/grpc/grpc-inprocess/1.61.1/grpc-inprocess-1.61.1.jar:/home/jules/.m2/repository/io/grpc/grpc-alts/1.61.1/grpc-alts-1.61.1.jar:/home/jules/.m2/repository/io/grpc/grpc-grpclb/1.61.1/grpc-grpclb-1.61.1.jar:/home/jules/.m2/repository/org/conscrypt/conscrypt-openjdk-uber/2.5.2/conscrypt-openjdk-uber-2.5.2.jar:/home/jules/.m2/repository/io/grpc/grpc-auth/1.61.1/grpc-auth-1.61.1.jar:/home/jules/.m2/repository/io/grpc/grpc-netty-shaded/1.61.1/grpc-netty-shaded-1.61.1.jar:/home/jules/.m2/repository/io/grpc/grpc-googleapis/1.61.1/grpc-googleapis-1.61.1.jar:/home/jules/.m2/repository/org/json/json/20240205/json-20240205.jar:/home/jules/.m2/repository/commons-codec/commons-codec/1.18.0/commons-codec-1.18.0.jar:/home/jules/.m2/repository/com/google/api/grpc/grpc-google-cloud-bigquerystorage-v1beta1/0.174.0/grpc-google-cloud-bigquerystorage-v1beta1-0.174.0.jar:/home/jules/.m2/repository/com/google/api/grpc/grpc-google-cloud-bigquerystorage-v1beta2/0.174.0/grpc-google-cloud-bigquerystorage-v1beta2-0.174.0.jar:/home/jules/.m2/repository/com/google/api/grpc/grpc-google-cloud-bigquerystorage-v1/3.2.0/grpc-google-cloud-bigquerystorage-v1-3.2.0.jar:/home/jules/.m2/repository/com/google/api/grpc/proto-google-cloud-bigquerystorage-v1/3.2.0/proto-google-cloud-bigquerystorage-v1-3.2.0.jar:/home/jules/.m2/repository/org/apache/arrow/arrow-vector/15.0.0/arrow-vector-15.0.0.jar:/home/jules/.m2/repository/org/apache/arrow/arrow-format/15.0.0/arrow-format-15.0.0.jar:/home/jules/.m2/repository/com/fasterxml/jackson/datatype/jackson-datatype-jsr310/2.19.1/jackson-datatype-jsr310-2.19.1.jar:/home/jules/.m2/repository/com/google/flatbuffers/flatbuffers-java/23.5.26/flatbuffers-java-23.5.26.jar:/home/jules/.m2/repository/org/slf4j/slf4j-api/2.0.17/slf4j-api-2.0.17.jar:/home/jules/.m2/repository/org/eclipse/collections/eclipse-collections/11.1.0/eclipse-collections-11.1.0.jar:/home/jules/.m2/repository/org/eclipse/collections/eclipse-collections-api/11.1.0/eclipse-collections-api-11.1.0.jar:/home/jules/.m2/repository/org/apache/arrow/arrow-memory-core/15.0.0/arrow-memory-core-15.0.0.jar:/home/jules/.m2/repository/org/apache/arrow/arrow-memory-netty/15.0.0/arrow-memory-netty-15.0.0.jar:/home/jules/.m2/repository/io/netty/netty-buffer/4.1.122.Final/netty-buffer-4.1.122.Final.jar:/home/jules/.m2/repository/io/netty/netty-common/4.1.122.Final/netty-common-4.1.122.Final.jar:/home/jules/.m2/repository/com/google/errorprone/error_prone_annotations/2.24.1/error_prone_annotations-2.24.1.jar:/home/jules/.m2/repository/org/springframework/boot/spring-boot-starter-webflux/3.5.3/spring-boot-starter-webflux-3.5.3.jar:/home/jules/.m2/repository/org/springframework/boot/spring-boot-starter-json/3.5.3/spring-boot-starter-json-3.5.3.jar:/home/jules/.m2/repository/com/fasterxml/jackson/datatype/jackson-datatype-jdk8/2.19.1/jackson-datatype-jdk8-2.19.1.jar:/home/jules/.m2/repository/com/fasterxml/jackson/module/jackson-module-parameter-names/2.19.1/jackson-module-parameter-names-2.19.1.jar:/home/jules/.m2/repository/org/springframework/boot/spring-boot-starter-reactor-netty/3.5.3/spring-boot-starter-reactor-netty-3.5.3.jar:/home/jules/.m2/repository/io/projectreactor/netty/reactor-netty-http/1.2.7/reactor-netty-http-1.2.7.jar:/home/jules/.m2/repository/io/netty/netty-codec-http/4.1.122.Final/netty-codec-http-4.1.122.Final.jar:/home/jules/.m2/repository/io/netty/netty-transport/4.1.122.Final/netty-transport-4.1.122.Final.jar:/home/jules/.m2/repository/io/netty/netty-codec/4.1.122.Final/netty-codec-4.1.122.Final.jar:/home/jules/.m2/repository/io/netty/netty-handler/4.1.122.Final/netty-handler-4.1.122.Final.jar:/home/jules/.m2/repository/io/netty/netty-codec-http2/4.1.122.Final/netty-codec-http2-4.1.122.Final.jar:/home/jules/.m2/repository/io/netty/netty-resolver-dns/4.1.122.Final/netty-resolver-dns-4.1.122.Final.jar:/home/jules/.m2/repository/io/netty/netty-resolver/4.1.122.Final/netty-resolver-4.1.122.Final.jar:/home/jules/.m2/repository/io/netty/netty-codec-dns/4.1.122.Final/netty-codec-dns-4.1.122.Final.jar:/home/jules/.m2/repository/io/netty/netty-resolver-dns-native-macos/4.1.122.Final/netty-resolver-dns-native-macos-4.1.122.Final-osx-x86_64.jar:/home/jules/.m2/repository/io/netty/netty-resolver-dns-classes-macos/4.1.122.Final/netty-resolver-dns-classes-macos-4.1.122.Final.jar:/home/jules/.m2/repository/io/netty/netty-transport-native-epoll/4.1.122.Final/netty-transport-native-epoll-4.1.122.Final-linux-x86_64.jar:/home/jules/.m2/repository/io/netty/netty-transport-native-unix-common/4.1.122.Final/netty-transport-native-unix-common-4.1.122.Final.jar:/home/jules/.m2/repository/io/netty/netty-transport-classes-epoll/4.1.122.Final/netty-transport-classes-epoll-4.1.122.Final.jar:/home/jules/.m2/repository/io/projectreactor/netty/reactor-netty-core/1.2.7/reactor-netty-core-1.2.7.jar:/home/jules/.m2/repository/io/netty/netty-handler-proxy/4.1.122.Final/netty-handler-proxy-4.1.122.Final.jar:/home/jules/.m2/repository/io/netty/netty-codec-socks/4.1.122.Final/netty-codec-socks-4.1.122.Final.jar:/home/jules/.m2/repository/org/springframework/spring-web/6.2.8/spring-web-6.2.8.jar:/home/jules/.m2/repository/org/springframework/spring-beans/6.2.8/spring-beans-6.2.8.jar:/home/jules/.m2/repository/io/micrometer/micrometer-observation/1.15.1/micrometer-observation-1.15.1.jar:/home/jules/.m2/repository/io/micrometer/micrometer-commons/1.15.1/micrometer-commons-1.15.1.jar:/home/jules/.m2/repository/org/springframework/spring-webflux/6.2.8/spring-webflux-6.2.8.jar:/home/jules/.m2/repository/io/projectreactor/reactor-test/3.7.7/reactor-test-3.7.7.jar:/home/jules/.m2/repository/io/projectreactor/reactor-core/3.7.7/reactor-core-3.7.7.jar:/home/jules/.m2/repository/org/reactivestreams/reactive-streams/1.0.4/reactive-streams-1.0.4.jar:"/>
    <property name="sun.cpu.endian" value="little"/>
    <property name="user.home" value="/home/jules"/>
    <property name="user.language" value="en"/>
    <property name="java.specification.vendor" value="Oracle Corporation"/>
    <property name="java.version.date" value="2025-07-15"/>
    <property name="java.home" value="/usr/lib/jvm/java-21-openjdk-amd64"/>
    <property name="file.separator" value="/"/>
    <property name="basedir" value="/app/ARCOS"/>
    <property name="java.vm.compressedOopsMode" value="32-bit"/>
    <property name="line.separator" value="&#10;"/>
    <property name="java.vm.specification.vendor" value="Oracle Corporation"/>
    <property name="java.specification.name" value="Java Platform API Specification"/>
    <property name="surefire.real.class.path" value="/app/ARCOS/target/surefire/surefirebooter-20250901094946599_3.jar"/>
    <property name="sun.management.compiler" value="HotSpot 64-Bit Tiered Compilers"/>
    <property name="java.runtime.version" value="21.0.8+9-Ubuntu-0ubuntu124.04.1"/>
    <property name="user.name" value="jules"/>
    <property name="stdout.encoding" value="UTF-8"/>
    <property name="path.separator" value=":"/>
    <property name="os.version" value="6.8.0"/>
    <property name="java.runtime.name" value="OpenJDK Runtime Environment"/>
    <property name="file.encoding" value="UTF-8"/>
    <property name="java.vm.name" value="OpenJDK 64-Bit Server VM"/>
    <property name="localRepository" value="/home/jules/.m2/repository"/>
    <property name="java.vendor.url.bug" value="https://bugs.launchpad.net/ubuntu/+source/openjdk-21"/>
    <property name="java.io.tmpdir" value="/tmp"/>
    <property name="java.version" value="21.0.8"/>
    <property name="user.dir" value="/app/ARCOS"/>
    <property name="os.arch" value="amd64"/>
    <property name="java.vm.specification.name" value="Java Virtual Machine Specification"/>
    <property name="native.encoding" value="UTF-8"/>
    <property name="java.library.path" value="/usr/java/packages/lib:/usr/lib/x86_64-linux-gnu/jni:/lib/x86_64-linux-gnu:/usr/lib/x86_64-linux-gnu:/usr/lib/jni:/lib:/usr/lib"/>
    <property name="stderr.encoding" value="UTF-8"/>
    <property name="java.vm.info" value="mixed mode, sharing"/>
    <property name="java.vendor" value="Ubuntu"/>
    <property name="java.vm.version" value="21.0.8+9-Ubuntu-0ubuntu124.04.1"/>
    <property name="sun.io.unicode.encoding" value="UnicodeLittle"/>
    <property name="java.class.version" value="65.0"/>
  </properties>
  <testcase name="testProcessOpinion_createDesire_intensityTooLow" classname="Personality.Desires.DesireServiceTest" time="1.942">
    <system-err><![CDATA[Mockito is currently self-attaching to enable the inline-mock-maker. This will no longer work in future releases of the JDK. Please add Mockito as an agent to your build as described in Mockito's documentation: https://javadoc.io/doc/org.mockito/mockito-core/latest/org.mockito/org/mockito/Mockito.html#0.3
WARNING: A Java agent has been loaded dynamically (/home/jules/.m2/repository/net/bytebuddy/byte-buddy-agent/1.17.6/byte-buddy-agent-1.17.6.jar)
WARNING: If a serviceability tool is in use, please run with -XX:+EnableDynamicAgentLoading to hide this warning
WARNING: If a serviceability tool is not in use, please run with -Djdk.instrument.traceUsage for more information
WARNING: Dynamic loading of agents will be disallowed by default in a future release
]]></system-err>
  </testcase>
  <testcase name="testProcessOpinion_llmParsingException" classname="Personality.Desires.DesireServiceTest" time="0.03">
    <system-out><![CDATA[parsing failed
parsing failed
parsing failed
]]></system-out>
  </testcase>
  <testcase name="testProcessOpinion_updateDesire_initiativeNotTriggered" classname="Personality.Desires.DesireServiceTest" time="0.013"/>
  <testcase name="testProcessOpinion_updateDesire_initiativeTriggered" classname="Personality.Desires.DesireServiceTest" time="0.012"/>
  <testcase name="testProcessOpinion_createDesire" classname="Personality.Desires.DesireServiceTest" time="0.01"/>
</testsuite>